[2024-06-06T01:15:44.218+0000] {processor.py:161} INFO - Started process (PID=21039) to work on /home/ubuntu/endtoend_venv/lib/python3.12/site-packages/airflow/example_dags/plugins/event_listener.py
[2024-06-06T01:15:44.219+0000] {processor.py:830} INFO - Processing file /home/ubuntu/endtoend_venv/lib/python3.12/site-packages/airflow/example_dags/plugins/event_listener.py for tasks to queue
[2024-06-06T01:15:44.221+0000] {logging_mixin.py:188} INFO - [2024-06-06T01:15:44.220+0000] {dagbag.py:545} INFO - Filling up the DagBag from /home/ubuntu/endtoend_venv/lib/python3.12/site-packages/airflow/example_dags/plugins/event_listener.py
[2024-06-06T01:15:44.223+0000] {processor.py:842} WARNING - No viable dags retrieved from /home/ubuntu/endtoend_venv/lib/python3.12/site-packages/airflow/example_dags/plugins/event_listener.py
[2024-06-06T01:15:44.234+0000] {processor.py:183} INFO - Processing /home/ubuntu/endtoend_venv/lib/python3.12/site-packages/airflow/example_dags/plugins/event_listener.py took 0.021 seconds
[2024-06-06T01:16:35.606+0000] {processor.py:161} INFO - Started process (PID=21092) to work on /home/ubuntu/endtoend_venv/lib/python3.12/site-packages/airflow/example_dags/plugins/event_listener.py
[2024-06-06T01:16:35.608+0000] {processor.py:830} INFO - Processing file /home/ubuntu/endtoend_venv/lib/python3.12/site-packages/airflow/example_dags/plugins/event_listener.py for tasks to queue
[2024-06-06T01:16:35.610+0000] {logging_mixin.py:188} INFO - [2024-06-06T01:16:35.609+0000] {dagbag.py:545} INFO - Filling up the DagBag from /home/ubuntu/endtoend_venv/lib/python3.12/site-packages/airflow/example_dags/plugins/event_listener.py
[2024-06-06T01:16:35.612+0000] {processor.py:842} WARNING - No viable dags retrieved from /home/ubuntu/endtoend_venv/lib/python3.12/site-packages/airflow/example_dags/plugins/event_listener.py
[2024-06-06T01:16:35.623+0000] {processor.py:183} INFO - Processing /home/ubuntu/endtoend_venv/lib/python3.12/site-packages/airflow/example_dags/plugins/event_listener.py took 0.022 seconds
[2024-06-06T01:17:19.423+0000] {processor.py:161} INFO - Started process (PID=21140) to work on /home/ubuntu/endtoend_venv/lib/python3.12/site-packages/airflow/example_dags/plugins/event_listener.py
[2024-06-06T01:17:19.425+0000] {processor.py:830} INFO - Processing file /home/ubuntu/endtoend_venv/lib/python3.12/site-packages/airflow/example_dags/plugins/event_listener.py for tasks to queue
[2024-06-06T01:17:19.426+0000] {logging_mixin.py:188} INFO - [2024-06-06T01:17:19.426+0000] {dagbag.py:545} INFO - Filling up the DagBag from /home/ubuntu/endtoend_venv/lib/python3.12/site-packages/airflow/example_dags/plugins/event_listener.py
[2024-06-06T01:17:19.429+0000] {processor.py:842} WARNING - No viable dags retrieved from /home/ubuntu/endtoend_venv/lib/python3.12/site-packages/airflow/example_dags/plugins/event_listener.py
[2024-06-06T01:17:19.440+0000] {processor.py:183} INFO - Processing /home/ubuntu/endtoend_venv/lib/python3.12/site-packages/airflow/example_dags/plugins/event_listener.py took 0.024 seconds
[2024-06-06T01:18:01.050+0000] {processor.py:161} INFO - Started process (PID=21182) to work on /home/ubuntu/endtoend_venv/lib/python3.12/site-packages/airflow/example_dags/plugins/event_listener.py
[2024-06-06T01:18:01.052+0000] {processor.py:830} INFO - Processing file /home/ubuntu/endtoend_venv/lib/python3.12/site-packages/airflow/example_dags/plugins/event_listener.py for tasks to queue
[2024-06-06T01:18:01.053+0000] {logging_mixin.py:188} INFO - [2024-06-06T01:18:01.053+0000] {dagbag.py:545} INFO - Filling up the DagBag from /home/ubuntu/endtoend_venv/lib/python3.12/site-packages/airflow/example_dags/plugins/event_listener.py
[2024-06-06T01:18:01.056+0000] {processor.py:842} WARNING - No viable dags retrieved from /home/ubuntu/endtoend_venv/lib/python3.12/site-packages/airflow/example_dags/plugins/event_listener.py
[2024-06-06T01:18:01.067+0000] {processor.py:183} INFO - Processing /home/ubuntu/endtoend_venv/lib/python3.12/site-packages/airflow/example_dags/plugins/event_listener.py took 0.023 seconds
[2024-06-06T01:18:44.537+0000] {processor.py:161} INFO - Started process (PID=21253) to work on /home/ubuntu/endtoend_venv/lib/python3.12/site-packages/airflow/example_dags/plugins/event_listener.py
[2024-06-06T01:18:44.538+0000] {processor.py:830} INFO - Processing file /home/ubuntu/endtoend_venv/lib/python3.12/site-packages/airflow/example_dags/plugins/event_listener.py for tasks to queue
[2024-06-06T01:18:44.540+0000] {logging_mixin.py:188} INFO - [2024-06-06T01:18:44.540+0000] {dagbag.py:545} INFO - Filling up the DagBag from /home/ubuntu/endtoend_venv/lib/python3.12/site-packages/airflow/example_dags/plugins/event_listener.py
[2024-06-06T01:18:44.542+0000] {processor.py:842} WARNING - No viable dags retrieved from /home/ubuntu/endtoend_venv/lib/python3.12/site-packages/airflow/example_dags/plugins/event_listener.py
[2024-06-06T01:18:44.553+0000] {processor.py:183} INFO - Processing /home/ubuntu/endtoend_venv/lib/python3.12/site-packages/airflow/example_dags/plugins/event_listener.py took 0.023 seconds
[2024-06-06T01:19:26.158+0000] {processor.py:161} INFO - Started process (PID=21295) to work on /home/ubuntu/endtoend_venv/lib/python3.12/site-packages/airflow/example_dags/plugins/event_listener.py
[2024-06-06T01:19:26.159+0000] {processor.py:830} INFO - Processing file /home/ubuntu/endtoend_venv/lib/python3.12/site-packages/airflow/example_dags/plugins/event_listener.py for tasks to queue
[2024-06-06T01:19:26.161+0000] {logging_mixin.py:188} INFO - [2024-06-06T01:19:26.161+0000] {dagbag.py:545} INFO - Filling up the DagBag from /home/ubuntu/endtoend_venv/lib/python3.12/site-packages/airflow/example_dags/plugins/event_listener.py
[2024-06-06T01:19:26.164+0000] {processor.py:842} WARNING - No viable dags retrieved from /home/ubuntu/endtoend_venv/lib/python3.12/site-packages/airflow/example_dags/plugins/event_listener.py
[2024-06-06T01:19:26.175+0000] {processor.py:183} INFO - Processing /home/ubuntu/endtoend_venv/lib/python3.12/site-packages/airflow/example_dags/plugins/event_listener.py took 0.023 seconds
[2024-06-06T01:20:08.877+0000] {processor.py:161} INFO - Started process (PID=21390) to work on /home/ubuntu/endtoend_venv/lib/python3.12/site-packages/airflow/example_dags/plugins/event_listener.py
[2024-06-06T01:20:08.878+0000] {processor.py:830} INFO - Processing file /home/ubuntu/endtoend_venv/lib/python3.12/site-packages/airflow/example_dags/plugins/event_listener.py for tasks to queue
[2024-06-06T01:20:08.880+0000] {logging_mixin.py:188} INFO - [2024-06-06T01:20:08.879+0000] {dagbag.py:545} INFO - Filling up the DagBag from /home/ubuntu/endtoend_venv/lib/python3.12/site-packages/airflow/example_dags/plugins/event_listener.py
[2024-06-06T01:20:08.882+0000] {processor.py:842} WARNING - No viable dags retrieved from /home/ubuntu/endtoend_venv/lib/python3.12/site-packages/airflow/example_dags/plugins/event_listener.py
[2024-06-06T01:20:08.894+0000] {processor.py:183} INFO - Processing /home/ubuntu/endtoend_venv/lib/python3.12/site-packages/airflow/example_dags/plugins/event_listener.py took 0.023 seconds
[2024-06-06T01:20:50.514+0000] {processor.py:161} INFO - Started process (PID=21433) to work on /home/ubuntu/endtoend_venv/lib/python3.12/site-packages/airflow/example_dags/plugins/event_listener.py
[2024-06-06T01:20:50.516+0000] {processor.py:830} INFO - Processing file /home/ubuntu/endtoend_venv/lib/python3.12/site-packages/airflow/example_dags/plugins/event_listener.py for tasks to queue
[2024-06-06T01:20:50.518+0000] {logging_mixin.py:188} INFO - [2024-06-06T01:20:50.517+0000] {dagbag.py:545} INFO - Filling up the DagBag from /home/ubuntu/endtoend_venv/lib/python3.12/site-packages/airflow/example_dags/plugins/event_listener.py
[2024-06-06T01:20:50.520+0000] {processor.py:842} WARNING - No viable dags retrieved from /home/ubuntu/endtoend_venv/lib/python3.12/site-packages/airflow/example_dags/plugins/event_listener.py
[2024-06-06T01:20:50.532+0000] {processor.py:183} INFO - Processing /home/ubuntu/endtoend_venv/lib/python3.12/site-packages/airflow/example_dags/plugins/event_listener.py took 0.024 seconds
