[2024-06-06T01:15:43.081+0000] {processor.py:161} INFO - Started process (PID=21037) to work on /home/ubuntu/endtoend_venv/lib/python3.12/site-packages/airflow/example_dags/plugins/workday.py
[2024-06-06T01:15:43.082+0000] {processor.py:830} INFO - Processing file /home/ubuntu/endtoend_venv/lib/python3.12/site-packages/airflow/example_dags/plugins/workday.py for tasks to queue
[2024-06-06T01:15:43.084+0000] {logging_mixin.py:188} INFO - [2024-06-06T01:15:43.083+0000] {dagbag.py:545} INFO - Filling up the DagBag from /home/ubuntu/endtoend_venv/lib/python3.12/site-packages/airflow/example_dags/plugins/workday.py
[2024-06-06T01:15:43.087+0000] {logging_mixin.py:188} INFO - [2024-06-06T01:15:43.086+0000] {workday.py:41} WARNING - Could not import pandas. Holidays will not be considered.
[2024-06-06T01:15:43.087+0000] {processor.py:842} WARNING - No viable dags retrieved from /home/ubuntu/endtoend_venv/lib/python3.12/site-packages/airflow/example_dags/plugins/workday.py
[2024-06-06T01:15:43.098+0000] {processor.py:183} INFO - Processing /home/ubuntu/endtoend_venv/lib/python3.12/site-packages/airflow/example_dags/plugins/workday.py took 0.022 seconds
[2024-06-06T01:16:34.470+0000] {processor.py:161} INFO - Started process (PID=21091) to work on /home/ubuntu/endtoend_venv/lib/python3.12/site-packages/airflow/example_dags/plugins/workday.py
[2024-06-06T01:16:34.472+0000] {processor.py:830} INFO - Processing file /home/ubuntu/endtoend_venv/lib/python3.12/site-packages/airflow/example_dags/plugins/workday.py for tasks to queue
[2024-06-06T01:16:34.473+0000] {logging_mixin.py:188} INFO - [2024-06-06T01:16:34.473+0000] {dagbag.py:545} INFO - Filling up the DagBag from /home/ubuntu/endtoend_venv/lib/python3.12/site-packages/airflow/example_dags/plugins/workday.py
[2024-06-06T01:16:34.476+0000] {logging_mixin.py:188} INFO - [2024-06-06T01:16:34.476+0000] {workday.py:41} WARNING - Could not import pandas. Holidays will not be considered.
[2024-06-06T01:16:34.477+0000] {processor.py:842} WARNING - No viable dags retrieved from /home/ubuntu/endtoend_venv/lib/python3.12/site-packages/airflow/example_dags/plugins/workday.py
[2024-06-06T01:16:34.488+0000] {processor.py:183} INFO - Processing /home/ubuntu/endtoend_venv/lib/python3.12/site-packages/airflow/example_dags/plugins/workday.py took 0.024 seconds
[2024-06-06T01:17:18.286+0000] {processor.py:161} INFO - Started process (PID=21139) to work on /home/ubuntu/endtoend_venv/lib/python3.12/site-packages/airflow/example_dags/plugins/workday.py
[2024-06-06T01:17:18.288+0000] {processor.py:830} INFO - Processing file /home/ubuntu/endtoend_venv/lib/python3.12/site-packages/airflow/example_dags/plugins/workday.py for tasks to queue
[2024-06-06T01:17:18.290+0000] {logging_mixin.py:188} INFO - [2024-06-06T01:17:18.289+0000] {dagbag.py:545} INFO - Filling up the DagBag from /home/ubuntu/endtoend_venv/lib/python3.12/site-packages/airflow/example_dags/plugins/workday.py
[2024-06-06T01:17:18.293+0000] {logging_mixin.py:188} INFO - [2024-06-06T01:17:18.292+0000] {workday.py:41} WARNING - Could not import pandas. Holidays will not be considered.
[2024-06-06T01:17:18.293+0000] {processor.py:842} WARNING - No viable dags retrieved from /home/ubuntu/endtoend_venv/lib/python3.12/site-packages/airflow/example_dags/plugins/workday.py
[2024-06-06T01:17:18.304+0000] {processor.py:183} INFO - Processing /home/ubuntu/endtoend_venv/lib/python3.12/site-packages/airflow/example_dags/plugins/workday.py took 0.024 seconds
[2024-06-06T01:18:00.445+0000] {processor.py:161} INFO - Started process (PID=21181) to work on /home/ubuntu/endtoend_venv/lib/python3.12/site-packages/airflow/example_dags/plugins/workday.py
[2024-06-06T01:18:00.446+0000] {processor.py:830} INFO - Processing file /home/ubuntu/endtoend_venv/lib/python3.12/site-packages/airflow/example_dags/plugins/workday.py for tasks to queue
[2024-06-06T01:18:00.448+0000] {logging_mixin.py:188} INFO - [2024-06-06T01:18:00.448+0000] {dagbag.py:545} INFO - Filling up the DagBag from /home/ubuntu/endtoend_venv/lib/python3.12/site-packages/airflow/example_dags/plugins/workday.py
[2024-06-06T01:18:00.451+0000] {logging_mixin.py:188} INFO - [2024-06-06T01:18:00.451+0000] {workday.py:41} WARNING - Could not import pandas. Holidays will not be considered.
[2024-06-06T01:18:00.452+0000] {processor.py:842} WARNING - No viable dags retrieved from /home/ubuntu/endtoend_venv/lib/python3.12/site-packages/airflow/example_dags/plugins/workday.py
[2024-06-06T01:18:00.463+0000] {processor.py:183} INFO - Processing /home/ubuntu/endtoend_venv/lib/python3.12/site-packages/airflow/example_dags/plugins/workday.py took 0.025 seconds
[2024-06-06T01:18:43.587+0000] {processor.py:161} INFO - Started process (PID=21252) to work on /home/ubuntu/endtoend_venv/lib/python3.12/site-packages/airflow/example_dags/plugins/workday.py
[2024-06-06T01:18:43.589+0000] {processor.py:830} INFO - Processing file /home/ubuntu/endtoend_venv/lib/python3.12/site-packages/airflow/example_dags/plugins/workday.py for tasks to queue
[2024-06-06T01:18:43.590+0000] {logging_mixin.py:188} INFO - [2024-06-06T01:18:43.590+0000] {dagbag.py:545} INFO - Filling up the DagBag from /home/ubuntu/endtoend_venv/lib/python3.12/site-packages/airflow/example_dags/plugins/workday.py
[2024-06-06T01:18:43.593+0000] {logging_mixin.py:188} INFO - [2024-06-06T01:18:43.593+0000] {workday.py:41} WARNING - Could not import pandas. Holidays will not be considered.
[2024-06-06T01:18:43.594+0000] {processor.py:842} WARNING - No viable dags retrieved from /home/ubuntu/endtoend_venv/lib/python3.12/site-packages/airflow/example_dags/plugins/workday.py
[2024-06-06T01:18:43.605+0000] {processor.py:183} INFO - Processing /home/ubuntu/endtoend_venv/lib/python3.12/site-packages/airflow/example_dags/plugins/workday.py took 0.024 seconds
[2024-06-06T01:19:25.019+0000] {processor.py:161} INFO - Started process (PID=21294) to work on /home/ubuntu/endtoend_venv/lib/python3.12/site-packages/airflow/example_dags/plugins/workday.py
[2024-06-06T01:19:25.020+0000] {processor.py:830} INFO - Processing file /home/ubuntu/endtoend_venv/lib/python3.12/site-packages/airflow/example_dags/plugins/workday.py for tasks to queue
[2024-06-06T01:19:25.022+0000] {logging_mixin.py:188} INFO - [2024-06-06T01:19:25.022+0000] {dagbag.py:545} INFO - Filling up the DagBag from /home/ubuntu/endtoend_venv/lib/python3.12/site-packages/airflow/example_dags/plugins/workday.py
[2024-06-06T01:19:25.025+0000] {logging_mixin.py:188} INFO - [2024-06-06T01:19:25.025+0000] {workday.py:41} WARNING - Could not import pandas. Holidays will not be considered.
[2024-06-06T01:19:25.025+0000] {processor.py:842} WARNING - No viable dags retrieved from /home/ubuntu/endtoend_venv/lib/python3.12/site-packages/airflow/example_dags/plugins/workday.py
[2024-06-06T01:19:25.036+0000] {processor.py:183} INFO - Processing /home/ubuntu/endtoend_venv/lib/python3.12/site-packages/airflow/example_dags/plugins/workday.py took 0.023 seconds
[2024-06-06T01:20:07.740+0000] {processor.py:161} INFO - Started process (PID=21389) to work on /home/ubuntu/endtoend_venv/lib/python3.12/site-packages/airflow/example_dags/plugins/workday.py
[2024-06-06T01:20:07.741+0000] {processor.py:830} INFO - Processing file /home/ubuntu/endtoend_venv/lib/python3.12/site-packages/airflow/example_dags/plugins/workday.py for tasks to queue
[2024-06-06T01:20:07.743+0000] {logging_mixin.py:188} INFO - [2024-06-06T01:20:07.742+0000] {dagbag.py:545} INFO - Filling up the DagBag from /home/ubuntu/endtoend_venv/lib/python3.12/site-packages/airflow/example_dags/plugins/workday.py
[2024-06-06T01:20:07.746+0000] {logging_mixin.py:188} INFO - [2024-06-06T01:20:07.745+0000] {workday.py:41} WARNING - Could not import pandas. Holidays will not be considered.
[2024-06-06T01:20:07.746+0000] {processor.py:842} WARNING - No viable dags retrieved from /home/ubuntu/endtoend_venv/lib/python3.12/site-packages/airflow/example_dags/plugins/workday.py
[2024-06-06T01:20:07.757+0000] {processor.py:183} INFO - Processing /home/ubuntu/endtoend_venv/lib/python3.12/site-packages/airflow/example_dags/plugins/workday.py took 0.024 seconds
[2024-06-06T01:20:49.377+0000] {processor.py:161} INFO - Started process (PID=21432) to work on /home/ubuntu/endtoend_venv/lib/python3.12/site-packages/airflow/example_dags/plugins/workday.py
[2024-06-06T01:20:49.378+0000] {processor.py:830} INFO - Processing file /home/ubuntu/endtoend_venv/lib/python3.12/site-packages/airflow/example_dags/plugins/workday.py for tasks to queue
[2024-06-06T01:20:49.380+0000] {logging_mixin.py:188} INFO - [2024-06-06T01:20:49.379+0000] {dagbag.py:545} INFO - Filling up the DagBag from /home/ubuntu/endtoend_venv/lib/python3.12/site-packages/airflow/example_dags/plugins/workday.py
[2024-06-06T01:20:49.383+0000] {logging_mixin.py:188} INFO - [2024-06-06T01:20:49.383+0000] {workday.py:41} WARNING - Could not import pandas. Holidays will not be considered.
[2024-06-06T01:20:49.383+0000] {processor.py:842} WARNING - No viable dags retrieved from /home/ubuntu/endtoend_venv/lib/python3.12/site-packages/airflow/example_dags/plugins/workday.py
[2024-06-06T01:20:49.395+0000] {processor.py:183} INFO - Processing /home/ubuntu/endtoend_venv/lib/python3.12/site-packages/airflow/example_dags/plugins/workday.py took 0.024 seconds
