[2024-06-05T02:18:13.178+0000] {processor.py:161} INFO - Started process (PID=14911) to work on /home/ubuntu/endtoend_venv/lib/python3.12/site-packages/airflow/example_dags/example_xcomargs.py
[2024-06-05T02:18:13.179+0000] {processor.py:830} INFO - Processing file /home/ubuntu/endtoend_venv/lib/python3.12/site-packages/airflow/example_dags/example_xcomargs.py for tasks to queue
[2024-06-05T02:18:13.180+0000] {logging_mixin.py:188} INFO - [2024-06-05T02:18:13.180+0000] {dagbag.py:545} INFO - Filling up the DagBag from /home/ubuntu/endtoend_venv/lib/python3.12/site-packages/airflow/example_dags/example_xcomargs.py
[2024-06-05T02:18:13.192+0000] {processor.py:840} INFO - DAG(s) 'example_xcom_args', 'example_xcom_args_with_operators' retrieved from /home/ubuntu/endtoend_venv/lib/python3.12/site-packages/airflow/example_dags/example_xcomargs.py
[2024-06-05T02:18:13.314+0000] {logging_mixin.py:188} INFO - [2024-06-05T02:18:13.313+0000] {override.py:1829} INFO - Created Permission View: can read on DAG:example_xcom_args
[2024-06-05T02:18:13.327+0000] {logging_mixin.py:188} INFO - [2024-06-05T02:18:13.327+0000] {override.py:1829} INFO - Created Permission View: can delete on DAG:example_xcom_args
[2024-06-05T02:18:13.337+0000] {logging_mixin.py:188} INFO - [2024-06-05T02:18:13.337+0000] {override.py:1829} INFO - Created Permission View: can edit on DAG:example_xcom_args
[2024-06-05T02:18:13.360+0000] {logging_mixin.py:188} INFO - [2024-06-05T02:18:13.359+0000] {override.py:1829} INFO - Created Permission View: can read on DAG:example_xcom_args_with_operators
[2024-06-05T02:18:13.370+0000] {logging_mixin.py:188} INFO - [2024-06-05T02:18:13.369+0000] {override.py:1829} INFO - Created Permission View: can delete on DAG:example_xcom_args_with_operators
[2024-06-05T02:18:13.379+0000] {logging_mixin.py:188} INFO - [2024-06-05T02:18:13.379+0000] {override.py:1829} INFO - Created Permission View: can edit on DAG:example_xcom_args_with_operators
[2024-06-05T02:18:13.380+0000] {logging_mixin.py:188} INFO - [2024-06-05T02:18:13.379+0000] {dag.py:3096} INFO - Sync 2 DAGs
[2024-06-05T02:18:13.390+0000] {logging_mixin.py:188} INFO - [2024-06-05T02:18:13.390+0000] {dag.py:3118} INFO - Creating ORM DAG for example_xcom_args
[2024-06-05T02:18:13.391+0000] {logging_mixin.py:188} INFO - [2024-06-05T02:18:13.391+0000] {dag.py:3118} INFO - Creating ORM DAG for example_xcom_args_with_operators
[2024-06-05T02:18:13.392+0000] {logging_mixin.py:188} INFO - [2024-06-05T02:18:13.391+0000] {dag.py:3954} INFO - Setting next_dagrun for example_xcom_args to None, run_after=None
[2024-06-05T02:18:13.392+0000] {logging_mixin.py:188} INFO - [2024-06-05T02:18:13.392+0000] {dag.py:3954} INFO - Setting next_dagrun for example_xcom_args_with_operators to None, run_after=None
[2024-06-05T02:18:13.415+0000] {processor.py:183} INFO - Processing /home/ubuntu/endtoend_venv/lib/python3.12/site-packages/airflow/example_dags/example_xcomargs.py took 0.243 seconds
[2024-06-05T02:19:09.482+0000] {processor.py:161} INFO - Started process (PID=14962) to work on /home/ubuntu/endtoend_venv/lib/python3.12/site-packages/airflow/example_dags/example_xcomargs.py
[2024-06-05T02:19:09.483+0000] {processor.py:830} INFO - Processing file /home/ubuntu/endtoend_venv/lib/python3.12/site-packages/airflow/example_dags/example_xcomargs.py for tasks to queue
[2024-06-05T02:19:09.485+0000] {logging_mixin.py:188} INFO - [2024-06-05T02:19:09.484+0000] {dagbag.py:545} INFO - Filling up the DagBag from /home/ubuntu/endtoend_venv/lib/python3.12/site-packages/airflow/example_dags/example_xcomargs.py
[2024-06-05T02:19:09.494+0000] {processor.py:840} INFO - DAG(s) 'example_xcom_args', 'example_xcom_args_with_operators' retrieved from /home/ubuntu/endtoend_venv/lib/python3.12/site-packages/airflow/example_dags/example_xcomargs.py
[2024-06-05T02:19:09.513+0000] {logging_mixin.py:188} INFO - [2024-06-05T02:19:09.513+0000] {dag.py:3096} INFO - Sync 2 DAGs
[2024-06-05T02:19:09.526+0000] {logging_mixin.py:188} INFO - [2024-06-05T02:19:09.526+0000] {dag.py:3954} INFO - Setting next_dagrun for example_xcom_args to None, run_after=None
[2024-06-05T02:19:09.529+0000] {logging_mixin.py:188} INFO - [2024-06-05T02:19:09.529+0000] {dag.py:3954} INFO - Setting next_dagrun for example_xcom_args_with_operators to None, run_after=None
[2024-06-05T02:19:09.551+0000] {processor.py:183} INFO - Processing /home/ubuntu/endtoend_venv/lib/python3.12/site-packages/airflow/example_dags/example_xcomargs.py took 0.075 seconds
[2024-06-05T02:19:54.869+0000] {processor.py:161} INFO - Started process (PID=15008) to work on /home/ubuntu/endtoend_venv/lib/python3.12/site-packages/airflow/example_dags/example_xcomargs.py
[2024-06-05T02:19:54.870+0000] {processor.py:830} INFO - Processing file /home/ubuntu/endtoend_venv/lib/python3.12/site-packages/airflow/example_dags/example_xcomargs.py for tasks to queue
[2024-06-05T02:19:54.872+0000] {logging_mixin.py:188} INFO - [2024-06-05T02:19:54.872+0000] {dagbag.py:545} INFO - Filling up the DagBag from /home/ubuntu/endtoend_venv/lib/python3.12/site-packages/airflow/example_dags/example_xcomargs.py
[2024-06-05T02:19:54.881+0000] {processor.py:840} INFO - DAG(s) 'example_xcom_args_with_operators', 'example_xcom_args' retrieved from /home/ubuntu/endtoend_venv/lib/python3.12/site-packages/airflow/example_dags/example_xcomargs.py
[2024-06-05T02:19:54.901+0000] {logging_mixin.py:188} INFO - [2024-06-05T02:19:54.900+0000] {dag.py:3096} INFO - Sync 2 DAGs
[2024-06-05T02:19:54.913+0000] {logging_mixin.py:188} INFO - [2024-06-05T02:19:54.913+0000] {dag.py:3954} INFO - Setting next_dagrun for example_xcom_args to None, run_after=None
[2024-06-05T02:19:54.917+0000] {logging_mixin.py:188} INFO - [2024-06-05T02:19:54.917+0000] {dag.py:3954} INFO - Setting next_dagrun for example_xcom_args_with_operators to None, run_after=None
[2024-06-05T02:19:54.937+0000] {processor.py:183} INFO - Processing /home/ubuntu/endtoend_venv/lib/python3.12/site-packages/airflow/example_dags/example_xcomargs.py took 0.074 seconds
[2024-06-05T02:20:35.687+0000] {processor.py:161} INFO - Started process (PID=15056) to work on /home/ubuntu/endtoend_venv/lib/python3.12/site-packages/airflow/example_dags/example_xcomargs.py
[2024-06-05T02:20:35.688+0000] {processor.py:830} INFO - Processing file /home/ubuntu/endtoend_venv/lib/python3.12/site-packages/airflow/example_dags/example_xcomargs.py for tasks to queue
[2024-06-05T02:20:35.690+0000] {logging_mixin.py:188} INFO - [2024-06-05T02:20:35.690+0000] {dagbag.py:545} INFO - Filling up the DagBag from /home/ubuntu/endtoend_venv/lib/python3.12/site-packages/airflow/example_dags/example_xcomargs.py
[2024-06-05T02:20:35.699+0000] {processor.py:840} INFO - DAG(s) 'example_xcom_args', 'example_xcom_args_with_operators' retrieved from /home/ubuntu/endtoend_venv/lib/python3.12/site-packages/airflow/example_dags/example_xcomargs.py
[2024-06-05T02:20:35.718+0000] {logging_mixin.py:188} INFO - [2024-06-05T02:20:35.718+0000] {dag.py:3096} INFO - Sync 2 DAGs
[2024-06-05T02:20:35.731+0000] {logging_mixin.py:188} INFO - [2024-06-05T02:20:35.731+0000] {dag.py:3954} INFO - Setting next_dagrun for example_xcom_args to None, run_after=None
[2024-06-05T02:20:35.734+0000] {logging_mixin.py:188} INFO - [2024-06-05T02:20:35.734+0000] {dag.py:3954} INFO - Setting next_dagrun for example_xcom_args_with_operators to None, run_after=None
[2024-06-05T02:20:35.755+0000] {processor.py:183} INFO - Processing /home/ubuntu/endtoend_venv/lib/python3.12/site-packages/airflow/example_dags/example_xcomargs.py took 0.074 seconds
[2024-06-05T02:21:15.963+0000] {processor.py:161} INFO - Started process (PID=15099) to work on /home/ubuntu/endtoend_venv/lib/python3.12/site-packages/airflow/example_dags/example_xcomargs.py
[2024-06-05T02:21:15.965+0000] {processor.py:830} INFO - Processing file /home/ubuntu/endtoend_venv/lib/python3.12/site-packages/airflow/example_dags/example_xcomargs.py for tasks to queue
[2024-06-05T02:21:15.967+0000] {logging_mixin.py:188} INFO - [2024-06-05T02:21:15.966+0000] {dagbag.py:545} INFO - Filling up the DagBag from /home/ubuntu/endtoend_venv/lib/python3.12/site-packages/airflow/example_dags/example_xcomargs.py
[2024-06-05T02:21:15.976+0000] {processor.py:840} INFO - DAG(s) 'example_xcom_args', 'example_xcom_args_with_operators' retrieved from /home/ubuntu/endtoend_venv/lib/python3.12/site-packages/airflow/example_dags/example_xcomargs.py
[2024-06-05T02:21:15.996+0000] {logging_mixin.py:188} INFO - [2024-06-05T02:21:15.995+0000] {dag.py:3096} INFO - Sync 2 DAGs
[2024-06-05T02:21:16.009+0000] {logging_mixin.py:188} INFO - [2024-06-05T02:21:16.008+0000] {dag.py:3954} INFO - Setting next_dagrun for example_xcom_args to None, run_after=None
[2024-06-05T02:21:16.012+0000] {logging_mixin.py:188} INFO - [2024-06-05T02:21:16.012+0000] {dag.py:3954} INFO - Setting next_dagrun for example_xcom_args_with_operators to None, run_after=None
[2024-06-05T02:21:16.033+0000] {processor.py:183} INFO - Processing /home/ubuntu/endtoend_venv/lib/python3.12/site-packages/airflow/example_dags/example_xcomargs.py took 0.075 seconds
[2024-06-05T02:21:54.454+0000] {processor.py:161} INFO - Started process (PID=15139) to work on /home/ubuntu/endtoend_venv/lib/python3.12/site-packages/airflow/example_dags/example_xcomargs.py
[2024-06-05T02:21:54.456+0000] {processor.py:830} INFO - Processing file /home/ubuntu/endtoend_venv/lib/python3.12/site-packages/airflow/example_dags/example_xcomargs.py for tasks to queue
[2024-06-05T02:21:54.457+0000] {logging_mixin.py:188} INFO - [2024-06-05T02:21:54.457+0000] {dagbag.py:545} INFO - Filling up the DagBag from /home/ubuntu/endtoend_venv/lib/python3.12/site-packages/airflow/example_dags/example_xcomargs.py
[2024-06-05T02:21:54.466+0000] {processor.py:840} INFO - DAG(s) 'example_xcom_args_with_operators', 'example_xcom_args' retrieved from /home/ubuntu/endtoend_venv/lib/python3.12/site-packages/airflow/example_dags/example_xcomargs.py
[2024-06-05T02:21:54.485+0000] {logging_mixin.py:188} INFO - [2024-06-05T02:21:54.485+0000] {dag.py:3096} INFO - Sync 2 DAGs
[2024-06-05T02:21:54.498+0000] {logging_mixin.py:188} INFO - [2024-06-05T02:21:54.497+0000] {dag.py:3954} INFO - Setting next_dagrun for example_xcom_args to None, run_after=None
[2024-06-05T02:21:54.501+0000] {logging_mixin.py:188} INFO - [2024-06-05T02:21:54.501+0000] {dag.py:3954} INFO - Setting next_dagrun for example_xcom_args_with_operators to None, run_after=None
[2024-06-05T02:21:54.521+0000] {processor.py:183} INFO - Processing /home/ubuntu/endtoend_venv/lib/python3.12/site-packages/airflow/example_dags/example_xcomargs.py took 0.073 seconds
[2024-06-05T02:22:43.738+0000] {processor.py:161} INFO - Started process (PID=15190) to work on /home/ubuntu/endtoend_venv/lib/python3.12/site-packages/airflow/example_dags/example_xcomargs.py
[2024-06-05T02:22:43.739+0000] {processor.py:830} INFO - Processing file /home/ubuntu/endtoend_venv/lib/python3.12/site-packages/airflow/example_dags/example_xcomargs.py for tasks to queue
[2024-06-05T02:22:43.741+0000] {logging_mixin.py:188} INFO - [2024-06-05T02:22:43.740+0000] {dagbag.py:545} INFO - Filling up the DagBag from /home/ubuntu/endtoend_venv/lib/python3.12/site-packages/airflow/example_dags/example_xcomargs.py
[2024-06-05T02:22:43.750+0000] {processor.py:840} INFO - DAG(s) 'example_xcom_args_with_operators', 'example_xcom_args' retrieved from /home/ubuntu/endtoend_venv/lib/python3.12/site-packages/airflow/example_dags/example_xcomargs.py
[2024-06-05T02:22:43.769+0000] {logging_mixin.py:188} INFO - [2024-06-05T02:22:43.769+0000] {dag.py:3096} INFO - Sync 2 DAGs
[2024-06-05T02:22:43.782+0000] {logging_mixin.py:188} INFO - [2024-06-05T02:22:43.781+0000] {dag.py:3954} INFO - Setting next_dagrun for example_xcom_args to None, run_after=None
[2024-06-05T02:22:43.785+0000] {logging_mixin.py:188} INFO - [2024-06-05T02:22:43.785+0000] {dag.py:3954} INFO - Setting next_dagrun for example_xcom_args_with_operators to None, run_after=None
[2024-06-05T02:22:43.805+0000] {processor.py:183} INFO - Processing /home/ubuntu/endtoend_venv/lib/python3.12/site-packages/airflow/example_dags/example_xcomargs.py took 0.073 seconds
[2024-06-05T02:23:21.905+0000] {processor.py:161} INFO - Started process (PID=15230) to work on /home/ubuntu/endtoend_venv/lib/python3.12/site-packages/airflow/example_dags/example_xcomargs.py
[2024-06-05T02:23:21.907+0000] {processor.py:830} INFO - Processing file /home/ubuntu/endtoend_venv/lib/python3.12/site-packages/airflow/example_dags/example_xcomargs.py for tasks to queue
[2024-06-05T02:23:21.908+0000] {logging_mixin.py:188} INFO - [2024-06-05T02:23:21.908+0000] {dagbag.py:545} INFO - Filling up the DagBag from /home/ubuntu/endtoend_venv/lib/python3.12/site-packages/airflow/example_dags/example_xcomargs.py
[2024-06-05T02:23:21.918+0000] {processor.py:840} INFO - DAG(s) 'example_xcom_args', 'example_xcom_args_with_operators' retrieved from /home/ubuntu/endtoend_venv/lib/python3.12/site-packages/airflow/example_dags/example_xcomargs.py
[2024-06-05T02:23:21.937+0000] {logging_mixin.py:188} INFO - [2024-06-05T02:23:21.937+0000] {dag.py:3096} INFO - Sync 2 DAGs
[2024-06-05T02:23:21.950+0000] {logging_mixin.py:188} INFO - [2024-06-05T02:23:21.950+0000] {dag.py:3954} INFO - Setting next_dagrun for example_xcom_args to None, run_after=None
[2024-06-05T02:23:21.953+0000] {logging_mixin.py:188} INFO - [2024-06-05T02:23:21.953+0000] {dag.py:3954} INFO - Setting next_dagrun for example_xcom_args_with_operators to None, run_after=None
[2024-06-05T02:23:21.973+0000] {processor.py:183} INFO - Processing /home/ubuntu/endtoend_venv/lib/python3.12/site-packages/airflow/example_dags/example_xcomargs.py took 0.074 seconds
[2024-06-05T02:25:23.281+0000] {processor.py:161} INFO - Started process (PID=15328) to work on /home/ubuntu/endtoend_venv/lib/python3.12/site-packages/airflow/example_dags/example_xcomargs.py
[2024-06-05T02:25:23.282+0000] {processor.py:830} INFO - Processing file /home/ubuntu/endtoend_venv/lib/python3.12/site-packages/airflow/example_dags/example_xcomargs.py for tasks to queue
[2024-06-05T02:25:23.284+0000] {logging_mixin.py:188} INFO - [2024-06-05T02:25:23.284+0000] {dagbag.py:545} INFO - Filling up the DagBag from /home/ubuntu/endtoend_venv/lib/python3.12/site-packages/airflow/example_dags/example_xcomargs.py
[2024-06-05T02:25:23.296+0000] {processor.py:840} INFO - DAG(s) 'example_xcom_args', 'example_xcom_args_with_operators' retrieved from /home/ubuntu/endtoend_venv/lib/python3.12/site-packages/airflow/example_dags/example_xcomargs.py
[2024-06-05T02:25:23.304+0000] {logging_mixin.py:188} INFO - [2024-06-05T02:25:23.304+0000] {dag.py:3096} INFO - Sync 2 DAGs
[2024-06-05T02:25:23.317+0000] {logging_mixin.py:188} INFO - [2024-06-05T02:25:23.317+0000] {dag.py:3954} INFO - Setting next_dagrun for example_xcom_args to None, run_after=None
[2024-06-05T02:25:23.320+0000] {logging_mixin.py:188} INFO - [2024-06-05T02:25:23.320+0000] {dag.py:3954} INFO - Setting next_dagrun for example_xcom_args_with_operators to None, run_after=None
[2024-06-05T02:25:23.341+0000] {processor.py:183} INFO - Processing /home/ubuntu/endtoend_venv/lib/python3.12/site-packages/airflow/example_dags/example_xcomargs.py took 0.066 seconds
[2024-06-05T02:26:13.931+0000] {processor.py:161} INFO - Started process (PID=15380) to work on /home/ubuntu/endtoend_venv/lib/python3.12/site-packages/airflow/example_dags/example_xcomargs.py
[2024-06-05T02:26:13.933+0000] {processor.py:830} INFO - Processing file /home/ubuntu/endtoend_venv/lib/python3.12/site-packages/airflow/example_dags/example_xcomargs.py for tasks to queue
[2024-06-05T02:26:13.934+0000] {logging_mixin.py:188} INFO - [2024-06-05T02:26:13.934+0000] {dagbag.py:545} INFO - Filling up the DagBag from /home/ubuntu/endtoend_venv/lib/python3.12/site-packages/airflow/example_dags/example_xcomargs.py
[2024-06-05T02:26:13.944+0000] {processor.py:840} INFO - DAG(s) 'example_xcom_args_with_operators', 'example_xcom_args' retrieved from /home/ubuntu/endtoend_venv/lib/python3.12/site-packages/airflow/example_dags/example_xcomargs.py
[2024-06-05T02:26:14.054+0000] {logging_mixin.py:188} INFO - [2024-06-05T02:26:14.054+0000] {dag.py:3096} INFO - Sync 2 DAGs
[2024-06-05T02:26:14.064+0000] {logging_mixin.py:188} INFO - [2024-06-05T02:26:14.063+0000] {dag.py:3954} INFO - Setting next_dagrun for example_xcom_args to None, run_after=None
[2024-06-05T02:26:14.066+0000] {logging_mixin.py:188} INFO - [2024-06-05T02:26:14.066+0000] {dag.py:3954} INFO - Setting next_dagrun for example_xcom_args_with_operators to None, run_after=None
[2024-06-05T02:26:14.087+0000] {processor.py:183} INFO - Processing /home/ubuntu/endtoend_venv/lib/python3.12/site-packages/airflow/example_dags/example_xcomargs.py took 0.161 seconds
[2024-06-05T02:27:01.921+0000] {processor.py:161} INFO - Started process (PID=15426) to work on /home/ubuntu/endtoend_venv/lib/python3.12/site-packages/airflow/example_dags/example_xcomargs.py
[2024-06-05T02:27:01.922+0000] {processor.py:830} INFO - Processing file /home/ubuntu/endtoend_venv/lib/python3.12/site-packages/airflow/example_dags/example_xcomargs.py for tasks to queue
[2024-06-05T02:27:01.924+0000] {logging_mixin.py:188} INFO - [2024-06-05T02:27:01.923+0000] {dagbag.py:545} INFO - Filling up the DagBag from /home/ubuntu/endtoend_venv/lib/python3.12/site-packages/airflow/example_dags/example_xcomargs.py
[2024-06-05T02:27:01.933+0000] {processor.py:840} INFO - DAG(s) 'example_xcom_args', 'example_xcom_args_with_operators' retrieved from /home/ubuntu/endtoend_venv/lib/python3.12/site-packages/airflow/example_dags/example_xcomargs.py
[2024-06-05T02:27:01.952+0000] {logging_mixin.py:188} INFO - [2024-06-05T02:27:01.952+0000] {dag.py:3096} INFO - Sync 2 DAGs
[2024-06-05T02:27:01.965+0000] {logging_mixin.py:188} INFO - [2024-06-05T02:27:01.965+0000] {dag.py:3954} INFO - Setting next_dagrun for example_xcom_args to None, run_after=None
[2024-06-05T02:27:01.969+0000] {logging_mixin.py:188} INFO - [2024-06-05T02:27:01.968+0000] {dag.py:3954} INFO - Setting next_dagrun for example_xcom_args_with_operators to None, run_after=None
[2024-06-05T02:27:01.989+0000] {processor.py:183} INFO - Processing /home/ubuntu/endtoend_venv/lib/python3.12/site-packages/airflow/example_dags/example_xcomargs.py took 0.075 seconds
[2024-06-05T02:27:40.816+0000] {processor.py:161} INFO - Started process (PID=15468) to work on /home/ubuntu/endtoend_venv/lib/python3.12/site-packages/airflow/example_dags/example_xcomargs.py
[2024-06-05T02:27:40.819+0000] {processor.py:830} INFO - Processing file /home/ubuntu/endtoend_venv/lib/python3.12/site-packages/airflow/example_dags/example_xcomargs.py for tasks to queue
[2024-06-05T02:27:40.820+0000] {logging_mixin.py:188} INFO - [2024-06-05T02:27:40.820+0000] {dagbag.py:545} INFO - Filling up the DagBag from /home/ubuntu/endtoend_venv/lib/python3.12/site-packages/airflow/example_dags/example_xcomargs.py
[2024-06-05T02:27:40.830+0000] {processor.py:840} INFO - DAG(s) 'example_xcom_args_with_operators', 'example_xcom_args' retrieved from /home/ubuntu/endtoend_venv/lib/python3.12/site-packages/airflow/example_dags/example_xcomargs.py
[2024-06-05T02:27:40.850+0000] {logging_mixin.py:188} INFO - [2024-06-05T02:27:40.849+0000] {dag.py:3096} INFO - Sync 2 DAGs
[2024-06-05T02:27:40.863+0000] {logging_mixin.py:188} INFO - [2024-06-05T02:27:40.862+0000] {dag.py:3954} INFO - Setting next_dagrun for example_xcom_args to None, run_after=None
[2024-06-05T02:27:40.866+0000] {logging_mixin.py:188} INFO - [2024-06-05T02:27:40.866+0000] {dag.py:3954} INFO - Setting next_dagrun for example_xcom_args_with_operators to None, run_after=None
[2024-06-05T02:27:40.887+0000] {processor.py:183} INFO - Processing /home/ubuntu/endtoend_venv/lib/python3.12/site-packages/airflow/example_dags/example_xcomargs.py took 0.076 seconds
[2024-06-05T02:28:21.559+0000] {processor.py:161} INFO - Started process (PID=15509) to work on /home/ubuntu/endtoend_venv/lib/python3.12/site-packages/airflow/example_dags/example_xcomargs.py
[2024-06-05T02:28:21.560+0000] {processor.py:830} INFO - Processing file /home/ubuntu/endtoend_venv/lib/python3.12/site-packages/airflow/example_dags/example_xcomargs.py for tasks to queue
[2024-06-05T02:28:21.562+0000] {logging_mixin.py:188} INFO - [2024-06-05T02:28:21.562+0000] {dagbag.py:545} INFO - Filling up the DagBag from /home/ubuntu/endtoend_venv/lib/python3.12/site-packages/airflow/example_dags/example_xcomargs.py
[2024-06-05T02:28:21.571+0000] {processor.py:840} INFO - DAG(s) 'example_xcom_args', 'example_xcom_args_with_operators' retrieved from /home/ubuntu/endtoend_venv/lib/python3.12/site-packages/airflow/example_dags/example_xcomargs.py
[2024-06-05T02:28:21.590+0000] {logging_mixin.py:188} INFO - [2024-06-05T02:28:21.590+0000] {dag.py:3096} INFO - Sync 2 DAGs
[2024-06-05T02:28:21.602+0000] {logging_mixin.py:188} INFO - [2024-06-05T02:28:21.602+0000] {dag.py:3954} INFO - Setting next_dagrun for example_xcom_args to None, run_after=None
[2024-06-05T02:28:21.605+0000] {logging_mixin.py:188} INFO - [2024-06-05T02:28:21.605+0000] {dag.py:3954} INFO - Setting next_dagrun for example_xcom_args_with_operators to None, run_after=None
[2024-06-05T02:28:21.625+0000] {processor.py:183} INFO - Processing /home/ubuntu/endtoend_venv/lib/python3.12/site-packages/airflow/example_dags/example_xcomargs.py took 0.072 seconds
[2024-06-05T02:29:03.565+0000] {processor.py:161} INFO - Started process (PID=15552) to work on /home/ubuntu/endtoend_venv/lib/python3.12/site-packages/airflow/example_dags/example_xcomargs.py
[2024-06-05T02:29:03.567+0000] {processor.py:830} INFO - Processing file /home/ubuntu/endtoend_venv/lib/python3.12/site-packages/airflow/example_dags/example_xcomargs.py for tasks to queue
[2024-06-05T02:29:03.568+0000] {logging_mixin.py:188} INFO - [2024-06-05T02:29:03.568+0000] {dagbag.py:545} INFO - Filling up the DagBag from /home/ubuntu/endtoend_venv/lib/python3.12/site-packages/airflow/example_dags/example_xcomargs.py
[2024-06-05T02:29:03.578+0000] {processor.py:840} INFO - DAG(s) 'example_xcom_args_with_operators', 'example_xcom_args' retrieved from /home/ubuntu/endtoend_venv/lib/python3.12/site-packages/airflow/example_dags/example_xcomargs.py
[2024-06-05T02:29:03.597+0000] {logging_mixin.py:188} INFO - [2024-06-05T02:29:03.597+0000] {dag.py:3096} INFO - Sync 2 DAGs
[2024-06-05T02:29:03.610+0000] {logging_mixin.py:188} INFO - [2024-06-05T02:29:03.610+0000] {dag.py:3954} INFO - Setting next_dagrun for example_xcom_args to None, run_after=None
[2024-06-05T02:29:03.614+0000] {logging_mixin.py:188} INFO - [2024-06-05T02:29:03.613+0000] {dag.py:3954} INFO - Setting next_dagrun for example_xcom_args_with_operators to None, run_after=None
[2024-06-05T02:29:03.634+0000] {processor.py:183} INFO - Processing /home/ubuntu/endtoend_venv/lib/python3.12/site-packages/airflow/example_dags/example_xcomargs.py took 0.075 seconds
[2024-06-05T02:29:46.284+0000] {processor.py:161} INFO - Started process (PID=15600) to work on /home/ubuntu/endtoend_venv/lib/python3.12/site-packages/airflow/example_dags/example_xcomargs.py
[2024-06-05T02:29:46.286+0000] {processor.py:830} INFO - Processing file /home/ubuntu/endtoend_venv/lib/python3.12/site-packages/airflow/example_dags/example_xcomargs.py for tasks to queue
[2024-06-05T02:29:46.287+0000] {logging_mixin.py:188} INFO - [2024-06-05T02:29:46.287+0000] {dagbag.py:545} INFO - Filling up the DagBag from /home/ubuntu/endtoend_venv/lib/python3.12/site-packages/airflow/example_dags/example_xcomargs.py
[2024-06-05T02:29:46.297+0000] {processor.py:840} INFO - DAG(s) 'example_xcom_args_with_operators', 'example_xcom_args' retrieved from /home/ubuntu/endtoend_venv/lib/python3.12/site-packages/airflow/example_dags/example_xcomargs.py
[2024-06-05T02:29:46.315+0000] {logging_mixin.py:188} INFO - [2024-06-05T02:29:46.315+0000] {dag.py:3096} INFO - Sync 2 DAGs
[2024-06-05T02:29:46.327+0000] {logging_mixin.py:188} INFO - [2024-06-05T02:29:46.327+0000] {dag.py:3954} INFO - Setting next_dagrun for example_xcom_args to None, run_after=None
[2024-06-05T02:29:46.331+0000] {logging_mixin.py:188} INFO - [2024-06-05T02:29:46.331+0000] {dag.py:3954} INFO - Setting next_dagrun for example_xcom_args_with_operators to None, run_after=None
[2024-06-05T02:29:46.351+0000] {processor.py:183} INFO - Processing /home/ubuntu/endtoend_venv/lib/python3.12/site-packages/airflow/example_dags/example_xcomargs.py took 0.072 seconds
[2024-06-05T02:30:27.660+0000] {processor.py:161} INFO - Started process (PID=15647) to work on /home/ubuntu/endtoend_venv/lib/python3.12/site-packages/airflow/example_dags/example_xcomargs.py
[2024-06-05T02:30:27.662+0000] {processor.py:830} INFO - Processing file /home/ubuntu/endtoend_venv/lib/python3.12/site-packages/airflow/example_dags/example_xcomargs.py for tasks to queue
[2024-06-05T02:30:27.663+0000] {logging_mixin.py:188} INFO - [2024-06-05T02:30:27.663+0000] {dagbag.py:545} INFO - Filling up the DagBag from /home/ubuntu/endtoend_venv/lib/python3.12/site-packages/airflow/example_dags/example_xcomargs.py
[2024-06-05T02:30:27.673+0000] {processor.py:840} INFO - DAG(s) 'example_xcom_args_with_operators', 'example_xcom_args' retrieved from /home/ubuntu/endtoend_venv/lib/python3.12/site-packages/airflow/example_dags/example_xcomargs.py
[2024-06-05T02:30:27.692+0000] {logging_mixin.py:188} INFO - [2024-06-05T02:30:27.691+0000] {dag.py:3096} INFO - Sync 2 DAGs
[2024-06-05T02:30:27.704+0000] {logging_mixin.py:188} INFO - [2024-06-05T02:30:27.704+0000] {dag.py:3954} INFO - Setting next_dagrun for example_xcom_args to None, run_after=None
[2024-06-05T02:30:27.707+0000] {logging_mixin.py:188} INFO - [2024-06-05T02:30:27.707+0000] {dag.py:3954} INFO - Setting next_dagrun for example_xcom_args_with_operators to None, run_after=None
[2024-06-05T02:30:27.728+0000] {processor.py:183} INFO - Processing /home/ubuntu/endtoend_venv/lib/python3.12/site-packages/airflow/example_dags/example_xcomargs.py took 0.073 seconds
[2024-06-05T02:31:09.935+0000] {processor.py:161} INFO - Started process (PID=15690) to work on /home/ubuntu/endtoend_venv/lib/python3.12/site-packages/airflow/example_dags/example_xcomargs.py
[2024-06-05T02:31:09.937+0000] {processor.py:830} INFO - Processing file /home/ubuntu/endtoend_venv/lib/python3.12/site-packages/airflow/example_dags/example_xcomargs.py for tasks to queue
[2024-06-05T02:31:09.939+0000] {logging_mixin.py:188} INFO - [2024-06-05T02:31:09.938+0000] {dagbag.py:545} INFO - Filling up the DagBag from /home/ubuntu/endtoend_venv/lib/python3.12/site-packages/airflow/example_dags/example_xcomargs.py
[2024-06-05T02:31:09.948+0000] {processor.py:840} INFO - DAG(s) 'example_xcom_args', 'example_xcom_args_with_operators' retrieved from /home/ubuntu/endtoend_venv/lib/python3.12/site-packages/airflow/example_dags/example_xcomargs.py
[2024-06-05T02:31:09.967+0000] {logging_mixin.py:188} INFO - [2024-06-05T02:31:09.966+0000] {dag.py:3096} INFO - Sync 2 DAGs
[2024-06-05T02:31:09.979+0000] {logging_mixin.py:188} INFO - [2024-06-05T02:31:09.979+0000] {dag.py:3954} INFO - Setting next_dagrun for example_xcom_args to None, run_after=None
[2024-06-05T02:31:09.983+0000] {logging_mixin.py:188} INFO - [2024-06-05T02:31:09.983+0000] {dag.py:3954} INFO - Setting next_dagrun for example_xcom_args_with_operators to None, run_after=None
[2024-06-05T02:31:10.004+0000] {processor.py:183} INFO - Processing /home/ubuntu/endtoend_venv/lib/python3.12/site-packages/airflow/example_dags/example_xcomargs.py took 0.074 seconds
[2024-06-05T02:31:52.631+0000] {processor.py:161} INFO - Started process (PID=15733) to work on /home/ubuntu/endtoend_venv/lib/python3.12/site-packages/airflow/example_dags/example_xcomargs.py
[2024-06-05T02:31:52.633+0000] {processor.py:830} INFO - Processing file /home/ubuntu/endtoend_venv/lib/python3.12/site-packages/airflow/example_dags/example_xcomargs.py for tasks to queue
[2024-06-05T02:31:52.635+0000] {logging_mixin.py:188} INFO - [2024-06-05T02:31:52.634+0000] {dagbag.py:545} INFO - Filling up the DagBag from /home/ubuntu/endtoend_venv/lib/python3.12/site-packages/airflow/example_dags/example_xcomargs.py
[2024-06-05T02:31:52.644+0000] {processor.py:840} INFO - DAG(s) 'example_xcom_args_with_operators', 'example_xcom_args' retrieved from /home/ubuntu/endtoend_venv/lib/python3.12/site-packages/airflow/example_dags/example_xcomargs.py
[2024-06-05T02:31:52.663+0000] {logging_mixin.py:188} INFO - [2024-06-05T02:31:52.662+0000] {dag.py:3096} INFO - Sync 2 DAGs
[2024-06-05T02:31:52.675+0000] {logging_mixin.py:188} INFO - [2024-06-05T02:31:52.675+0000] {dag.py:3954} INFO - Setting next_dagrun for example_xcom_args to None, run_after=None
[2024-06-05T02:31:52.679+0000] {logging_mixin.py:188} INFO - [2024-06-05T02:31:52.678+0000] {dag.py:3954} INFO - Setting next_dagrun for example_xcom_args_with_operators to None, run_after=None
[2024-06-05T02:31:52.700+0000] {processor.py:183} INFO - Processing /home/ubuntu/endtoend_venv/lib/python3.12/site-packages/airflow/example_dags/example_xcomargs.py took 0.074 seconds
[2024-06-05T02:32:35.213+0000] {processor.py:161} INFO - Started process (PID=15776) to work on /home/ubuntu/endtoend_venv/lib/python3.12/site-packages/airflow/example_dags/example_xcomargs.py
[2024-06-05T02:32:35.215+0000] {processor.py:830} INFO - Processing file /home/ubuntu/endtoend_venv/lib/python3.12/site-packages/airflow/example_dags/example_xcomargs.py for tasks to queue
[2024-06-05T02:32:35.217+0000] {logging_mixin.py:188} INFO - [2024-06-05T02:32:35.216+0000] {dagbag.py:545} INFO - Filling up the DagBag from /home/ubuntu/endtoend_venv/lib/python3.12/site-packages/airflow/example_dags/example_xcomargs.py
[2024-06-05T02:32:35.226+0000] {processor.py:840} INFO - DAG(s) 'example_xcom_args_with_operators', 'example_xcom_args' retrieved from /home/ubuntu/endtoend_venv/lib/python3.12/site-packages/airflow/example_dags/example_xcomargs.py
[2024-06-05T02:32:35.245+0000] {logging_mixin.py:188} INFO - [2024-06-05T02:32:35.245+0000] {dag.py:3096} INFO - Sync 2 DAGs
[2024-06-05T02:32:35.258+0000] {logging_mixin.py:188} INFO - [2024-06-05T02:32:35.257+0000] {dag.py:3954} INFO - Setting next_dagrun for example_xcom_args to None, run_after=None
[2024-06-05T02:32:35.261+0000] {logging_mixin.py:188} INFO - [2024-06-05T02:32:35.261+0000] {dag.py:3954} INFO - Setting next_dagrun for example_xcom_args_with_operators to None, run_after=None
[2024-06-05T02:32:35.281+0000] {processor.py:183} INFO - Processing /home/ubuntu/endtoend_venv/lib/python3.12/site-packages/airflow/example_dags/example_xcomargs.py took 0.074 seconds
[2024-06-05T02:33:17.079+0000] {processor.py:161} INFO - Started process (PID=15818) to work on /home/ubuntu/endtoend_venv/lib/python3.12/site-packages/airflow/example_dags/example_xcomargs.py
[2024-06-05T02:33:17.080+0000] {processor.py:830} INFO - Processing file /home/ubuntu/endtoend_venv/lib/python3.12/site-packages/airflow/example_dags/example_xcomargs.py for tasks to queue
[2024-06-05T02:33:17.082+0000] {logging_mixin.py:188} INFO - [2024-06-05T02:33:17.081+0000] {dagbag.py:545} INFO - Filling up the DagBag from /home/ubuntu/endtoend_venv/lib/python3.12/site-packages/airflow/example_dags/example_xcomargs.py
[2024-06-05T02:33:17.091+0000] {processor.py:840} INFO - DAG(s) 'example_xcom_args', 'example_xcom_args_with_operators' retrieved from /home/ubuntu/endtoend_venv/lib/python3.12/site-packages/airflow/example_dags/example_xcomargs.py
[2024-06-05T02:33:17.110+0000] {logging_mixin.py:188} INFO - [2024-06-05T02:33:17.109+0000] {dag.py:3096} INFO - Sync 2 DAGs
[2024-06-05T02:33:17.122+0000] {logging_mixin.py:188} INFO - [2024-06-05T02:33:17.122+0000] {dag.py:3954} INFO - Setting next_dagrun for example_xcom_args to None, run_after=None
[2024-06-05T02:33:17.126+0000] {logging_mixin.py:188} INFO - [2024-06-05T02:33:17.126+0000] {dag.py:3954} INFO - Setting next_dagrun for example_xcom_args_with_operators to None, run_after=None
[2024-06-05T02:33:17.146+0000] {processor.py:183} INFO - Processing /home/ubuntu/endtoend_venv/lib/python3.12/site-packages/airflow/example_dags/example_xcomargs.py took 0.073 seconds
[2024-06-05T02:34:01.084+0000] {processor.py:161} INFO - Started process (PID=15862) to work on /home/ubuntu/endtoend_venv/lib/python3.12/site-packages/airflow/example_dags/example_xcomargs.py
[2024-06-05T02:34:01.086+0000] {processor.py:830} INFO - Processing file /home/ubuntu/endtoend_venv/lib/python3.12/site-packages/airflow/example_dags/example_xcomargs.py for tasks to queue
[2024-06-05T02:34:01.088+0000] {logging_mixin.py:188} INFO - [2024-06-05T02:34:01.087+0000] {dagbag.py:545} INFO - Filling up the DagBag from /home/ubuntu/endtoend_venv/lib/python3.12/site-packages/airflow/example_dags/example_xcomargs.py
[2024-06-05T02:34:01.097+0000] {processor.py:840} INFO - DAG(s) 'example_xcom_args_with_operators', 'example_xcom_args' retrieved from /home/ubuntu/endtoend_venv/lib/python3.12/site-packages/airflow/example_dags/example_xcomargs.py
[2024-06-05T02:34:01.116+0000] {logging_mixin.py:188} INFO - [2024-06-05T02:34:01.116+0000] {dag.py:3096} INFO - Sync 2 DAGs
[2024-06-05T02:34:01.129+0000] {logging_mixin.py:188} INFO - [2024-06-05T02:34:01.128+0000] {dag.py:3954} INFO - Setting next_dagrun for example_xcom_args to None, run_after=None
[2024-06-05T02:34:01.132+0000] {logging_mixin.py:188} INFO - [2024-06-05T02:34:01.132+0000] {dag.py:3954} INFO - Setting next_dagrun for example_xcom_args_with_operators to None, run_after=None
[2024-06-05T02:34:01.152+0000] {processor.py:183} INFO - Processing /home/ubuntu/endtoend_venv/lib/python3.12/site-packages/airflow/example_dags/example_xcomargs.py took 0.074 seconds
[2024-06-05T02:34:39.955+0000] {processor.py:161} INFO - Started process (PID=15904) to work on /home/ubuntu/endtoend_venv/lib/python3.12/site-packages/airflow/example_dags/example_xcomargs.py
[2024-06-05T02:34:39.956+0000] {processor.py:830} INFO - Processing file /home/ubuntu/endtoend_venv/lib/python3.12/site-packages/airflow/example_dags/example_xcomargs.py for tasks to queue
[2024-06-05T02:34:39.958+0000] {logging_mixin.py:188} INFO - [2024-06-05T02:34:39.958+0000] {dagbag.py:545} INFO - Filling up the DagBag from /home/ubuntu/endtoend_venv/lib/python3.12/site-packages/airflow/example_dags/example_xcomargs.py
[2024-06-05T02:34:39.967+0000] {processor.py:840} INFO - DAG(s) 'example_xcom_args', 'example_xcom_args_with_operators' retrieved from /home/ubuntu/endtoend_venv/lib/python3.12/site-packages/airflow/example_dags/example_xcomargs.py
[2024-06-05T02:34:39.986+0000] {logging_mixin.py:188} INFO - [2024-06-05T02:34:39.986+0000] {dag.py:3096} INFO - Sync 2 DAGs
[2024-06-05T02:34:39.998+0000] {logging_mixin.py:188} INFO - [2024-06-05T02:34:39.998+0000] {dag.py:3954} INFO - Setting next_dagrun for example_xcom_args to None, run_after=None
[2024-06-05T02:34:40.002+0000] {logging_mixin.py:188} INFO - [2024-06-05T02:34:40.002+0000] {dag.py:3954} INFO - Setting next_dagrun for example_xcom_args_with_operators to None, run_after=None
[2024-06-05T02:34:40.024+0000] {processor.py:183} INFO - Processing /home/ubuntu/endtoend_venv/lib/python3.12/site-packages/airflow/example_dags/example_xcomargs.py took 0.075 seconds
