[2024-06-05T02:18:30.237+0000] {processor.py:161} INFO - Started process (PID=14926) to work on /home/ubuntu/endtoend_venv/lib/python3.12/site-packages/airflow/example_dags/example_sensors.py
[2024-06-05T02:18:30.238+0000] {processor.py:830} INFO - Processing file /home/ubuntu/endtoend_venv/lib/python3.12/site-packages/airflow/example_dags/example_sensors.py for tasks to queue
[2024-06-05T02:18:30.240+0000] {logging_mixin.py:188} INFO - [2024-06-05T02:18:30.239+0000] {dagbag.py:545} INFO - Filling up the DagBag from /home/ubuntu/endtoend_venv/lib/python3.12/site-packages/airflow/example_dags/example_sensors.py
[2024-06-05T02:18:30.250+0000] {processor.py:840} INFO - DAG(s) 'example_sensors' retrieved from /home/ubuntu/endtoend_venv/lib/python3.12/site-packages/airflow/example_dags/example_sensors.py
[2024-06-05T02:18:30.377+0000] {logging_mixin.py:188} INFO - [2024-06-05T02:18:30.376+0000] {override.py:1829} INFO - Created Permission View: can read on DAG:example_sensors
[2024-06-05T02:18:30.390+0000] {logging_mixin.py:188} INFO - [2024-06-05T02:18:30.389+0000] {override.py:1829} INFO - Created Permission View: can delete on DAG:example_sensors
[2024-06-05T02:18:30.399+0000] {logging_mixin.py:188} INFO - [2024-06-05T02:18:30.399+0000] {override.py:1829} INFO - Created Permission View: can edit on DAG:example_sensors
[2024-06-05T02:18:30.400+0000] {logging_mixin.py:188} INFO - [2024-06-05T02:18:30.400+0000] {dag.py:3096} INFO - Sync 1 DAGs
[2024-06-05T02:18:30.411+0000] {logging_mixin.py:188} INFO - [2024-06-05T02:18:30.410+0000] {dag.py:3118} INFO - Creating ORM DAG for example_sensors
[2024-06-05T02:18:30.411+0000] {logging_mixin.py:188} INFO - [2024-06-05T02:18:30.411+0000] {dag.py:3954} INFO - Setting next_dagrun for example_sensors to None, run_after=None
[2024-06-05T02:18:30.432+0000] {processor.py:183} INFO - Processing /home/ubuntu/endtoend_venv/lib/python3.12/site-packages/airflow/example_dags/example_sensors.py took 0.201 seconds
[2024-06-05T02:19:23.789+0000] {processor.py:161} INFO - Started process (PID=14977) to work on /home/ubuntu/endtoend_venv/lib/python3.12/site-packages/airflow/example_dags/example_sensors.py
[2024-06-05T02:19:23.791+0000] {processor.py:830} INFO - Processing file /home/ubuntu/endtoend_venv/lib/python3.12/site-packages/airflow/example_dags/example_sensors.py for tasks to queue
[2024-06-05T02:19:23.792+0000] {logging_mixin.py:188} INFO - [2024-06-05T02:19:23.792+0000] {dagbag.py:545} INFO - Filling up the DagBag from /home/ubuntu/endtoend_venv/lib/python3.12/site-packages/airflow/example_dags/example_sensors.py
[2024-06-05T02:19:23.802+0000] {processor.py:840} INFO - DAG(s) 'example_sensors' retrieved from /home/ubuntu/endtoend_venv/lib/python3.12/site-packages/airflow/example_dags/example_sensors.py
[2024-06-05T02:19:23.824+0000] {logging_mixin.py:188} INFO - [2024-06-05T02:19:23.824+0000] {dag.py:3096} INFO - Sync 1 DAGs
[2024-06-05T02:19:23.837+0000] {logging_mixin.py:188} INFO - [2024-06-05T02:19:23.837+0000] {dag.py:3954} INFO - Setting next_dagrun for example_sensors to None, run_after=None
[2024-06-05T02:19:23.860+0000] {processor.py:183} INFO - Processing /home/ubuntu/endtoend_venv/lib/python3.12/site-packages/airflow/example_dags/example_sensors.py took 0.077 seconds
[2024-06-05T02:20:14.135+0000] {processor.py:161} INFO - Started process (PID=15034) to work on /home/ubuntu/endtoend_venv/lib/python3.12/site-packages/airflow/example_dags/example_sensors.py
[2024-06-05T02:20:14.137+0000] {processor.py:830} INFO - Processing file /home/ubuntu/endtoend_venv/lib/python3.12/site-packages/airflow/example_dags/example_sensors.py for tasks to queue
[2024-06-05T02:20:14.138+0000] {logging_mixin.py:188} INFO - [2024-06-05T02:20:14.138+0000] {dagbag.py:545} INFO - Filling up the DagBag from /home/ubuntu/endtoend_venv/lib/python3.12/site-packages/airflow/example_dags/example_sensors.py
[2024-06-05T02:20:14.148+0000] {processor.py:840} INFO - DAG(s) 'example_sensors' retrieved from /home/ubuntu/endtoend_venv/lib/python3.12/site-packages/airflow/example_dags/example_sensors.py
[2024-06-05T02:20:14.171+0000] {logging_mixin.py:188} INFO - [2024-06-05T02:20:14.170+0000] {dag.py:3096} INFO - Sync 1 DAGs
[2024-06-05T02:20:14.183+0000] {logging_mixin.py:188} INFO - [2024-06-05T02:20:14.183+0000] {dag.py:3954} INFO - Setting next_dagrun for example_sensors to None, run_after=None
[2024-06-05T02:20:14.207+0000] {processor.py:183} INFO - Processing /home/ubuntu/endtoend_venv/lib/python3.12/site-packages/airflow/example_dags/example_sensors.py took 0.077 seconds
[2024-06-05T02:20:59.578+0000] {processor.py:161} INFO - Started process (PID=15081) to work on /home/ubuntu/endtoend_venv/lib/python3.12/site-packages/airflow/example_dags/example_sensors.py
[2024-06-05T02:20:59.580+0000] {processor.py:830} INFO - Processing file /home/ubuntu/endtoend_venv/lib/python3.12/site-packages/airflow/example_dags/example_sensors.py for tasks to queue
[2024-06-05T02:20:59.581+0000] {logging_mixin.py:188} INFO - [2024-06-05T02:20:59.581+0000] {dagbag.py:545} INFO - Filling up the DagBag from /home/ubuntu/endtoend_venv/lib/python3.12/site-packages/airflow/example_dags/example_sensors.py
[2024-06-05T02:20:59.591+0000] {processor.py:840} INFO - DAG(s) 'example_sensors' retrieved from /home/ubuntu/endtoend_venv/lib/python3.12/site-packages/airflow/example_dags/example_sensors.py
[2024-06-05T02:20:59.613+0000] {logging_mixin.py:188} INFO - [2024-06-05T02:20:59.613+0000] {dag.py:3096} INFO - Sync 1 DAGs
[2024-06-05T02:20:59.626+0000] {logging_mixin.py:188} INFO - [2024-06-05T02:20:59.625+0000] {dag.py:3954} INFO - Setting next_dagrun for example_sensors to None, run_after=None
[2024-06-05T02:20:59.648+0000] {processor.py:183} INFO - Processing /home/ubuntu/endtoend_venv/lib/python3.12/site-packages/airflow/example_dags/example_sensors.py took 0.076 seconds
[2024-06-05T02:21:55.590+0000] {processor.py:161} INFO - Started process (PID=15140) to work on /home/ubuntu/endtoend_venv/lib/python3.12/site-packages/airflow/example_dags/example_sensors.py
[2024-06-05T02:21:55.592+0000] {processor.py:830} INFO - Processing file /home/ubuntu/endtoend_venv/lib/python3.12/site-packages/airflow/example_dags/example_sensors.py for tasks to queue
[2024-06-05T02:21:55.593+0000] {logging_mixin.py:188} INFO - [2024-06-05T02:21:55.593+0000] {dagbag.py:545} INFO - Filling up the DagBag from /home/ubuntu/endtoend_venv/lib/python3.12/site-packages/airflow/example_dags/example_sensors.py
[2024-06-05T02:21:55.603+0000] {processor.py:840} INFO - DAG(s) 'example_sensors' retrieved from /home/ubuntu/endtoend_venv/lib/python3.12/site-packages/airflow/example_dags/example_sensors.py
[2024-06-05T02:21:55.625+0000] {logging_mixin.py:188} INFO - [2024-06-05T02:21:55.625+0000] {dag.py:3096} INFO - Sync 1 DAGs
[2024-06-05T02:21:55.637+0000] {logging_mixin.py:188} INFO - [2024-06-05T02:21:55.637+0000] {dag.py:3954} INFO - Setting next_dagrun for example_sensors to None, run_after=None
[2024-06-05T02:21:55.660+0000] {processor.py:183} INFO - Processing /home/ubuntu/endtoend_venv/lib/python3.12/site-packages/airflow/example_dags/example_sensors.py took 0.076 seconds
[2024-06-05T02:22:51.907+0000] {processor.py:161} INFO - Started process (PID=15199) to work on /home/ubuntu/endtoend_venv/lib/python3.12/site-packages/airflow/example_dags/example_sensors.py
[2024-06-05T02:22:51.908+0000] {processor.py:830} INFO - Processing file /home/ubuntu/endtoend_venv/lib/python3.12/site-packages/airflow/example_dags/example_sensors.py for tasks to queue
[2024-06-05T02:22:51.910+0000] {logging_mixin.py:188} INFO - [2024-06-05T02:22:51.910+0000] {dagbag.py:545} INFO - Filling up the DagBag from /home/ubuntu/endtoend_venv/lib/python3.12/site-packages/airflow/example_dags/example_sensors.py
[2024-06-05T02:22:51.919+0000] {processor.py:840} INFO - DAG(s) 'example_sensors' retrieved from /home/ubuntu/endtoend_venv/lib/python3.12/site-packages/airflow/example_dags/example_sensors.py
[2024-06-05T02:22:51.941+0000] {logging_mixin.py:188} INFO - [2024-06-05T02:22:51.941+0000] {dag.py:3096} INFO - Sync 1 DAGs
[2024-06-05T02:22:51.953+0000] {logging_mixin.py:188} INFO - [2024-06-05T02:22:51.953+0000] {dag.py:3954} INFO - Setting next_dagrun for example_sensors to None, run_after=None
[2024-06-05T02:22:51.977+0000] {processor.py:183} INFO - Processing /home/ubuntu/endtoend_venv/lib/python3.12/site-packages/airflow/example_dags/example_sensors.py took 0.076 seconds
[2024-06-05T02:25:36.344+0000] {processor.py:161} INFO - Started process (PID=15343) to work on /home/ubuntu/endtoend_venv/lib/python3.12/site-packages/airflow/example_dags/example_sensors.py
[2024-06-05T02:25:36.346+0000] {processor.py:830} INFO - Processing file /home/ubuntu/endtoend_venv/lib/python3.12/site-packages/airflow/example_dags/example_sensors.py for tasks to queue
[2024-06-05T02:25:36.348+0000] {logging_mixin.py:188} INFO - [2024-06-05T02:25:36.347+0000] {dagbag.py:545} INFO - Filling up the DagBag from /home/ubuntu/endtoend_venv/lib/python3.12/site-packages/airflow/example_dags/example_sensors.py
[2024-06-05T02:25:36.358+0000] {processor.py:840} INFO - DAG(s) 'example_sensors' retrieved from /home/ubuntu/endtoend_venv/lib/python3.12/site-packages/airflow/example_dags/example_sensors.py
[2024-06-05T02:25:36.375+0000] {logging_mixin.py:188} INFO - [2024-06-05T02:25:36.374+0000] {dag.py:3096} INFO - Sync 1 DAGs
[2024-06-05T02:25:36.388+0000] {logging_mixin.py:188} INFO - [2024-06-05T02:25:36.388+0000] {dag.py:3954} INFO - Setting next_dagrun for example_sensors to None, run_after=None
[2024-06-05T02:25:36.412+0000] {processor.py:183} INFO - Processing /home/ubuntu/endtoend_venv/lib/python3.12/site-packages/airflow/example_dags/example_sensors.py took 0.074 seconds
[2024-06-05T02:26:29.677+0000] {processor.py:161} INFO - Started process (PID=15395) to work on /home/ubuntu/endtoend_venv/lib/python3.12/site-packages/airflow/example_dags/example_sensors.py
[2024-06-05T02:26:29.678+0000] {processor.py:830} INFO - Processing file /home/ubuntu/endtoend_venv/lib/python3.12/site-packages/airflow/example_dags/example_sensors.py for tasks to queue
[2024-06-05T02:26:29.680+0000] {logging_mixin.py:188} INFO - [2024-06-05T02:26:29.680+0000] {dagbag.py:545} INFO - Filling up the DagBag from /home/ubuntu/endtoend_venv/lib/python3.12/site-packages/airflow/example_dags/example_sensors.py
[2024-06-05T02:26:29.690+0000] {processor.py:840} INFO - DAG(s) 'example_sensors' retrieved from /home/ubuntu/endtoend_venv/lib/python3.12/site-packages/airflow/example_dags/example_sensors.py
[2024-06-05T02:26:29.803+0000] {logging_mixin.py:188} INFO - [2024-06-05T02:26:29.803+0000] {dag.py:3096} INFO - Sync 1 DAGs
[2024-06-05T02:26:29.813+0000] {logging_mixin.py:188} INFO - [2024-06-05T02:26:29.813+0000] {dag.py:3954} INFO - Setting next_dagrun for example_sensors to None, run_after=None
[2024-06-05T02:26:29.836+0000] {processor.py:183} INFO - Processing /home/ubuntu/endtoend_venv/lib/python3.12/site-packages/airflow/example_dags/example_sensors.py took 0.166 seconds
[2024-06-05T02:27:18.781+0000] {processor.py:161} INFO - Started process (PID=15446) to work on /home/ubuntu/endtoend_venv/lib/python3.12/site-packages/airflow/example_dags/example_sensors.py
[2024-06-05T02:27:18.782+0000] {processor.py:830} INFO - Processing file /home/ubuntu/endtoend_venv/lib/python3.12/site-packages/airflow/example_dags/example_sensors.py for tasks to queue
[2024-06-05T02:27:18.784+0000] {logging_mixin.py:188} INFO - [2024-06-05T02:27:18.784+0000] {dagbag.py:545} INFO - Filling up the DagBag from /home/ubuntu/endtoend_venv/lib/python3.12/site-packages/airflow/example_dags/example_sensors.py
[2024-06-05T02:27:18.794+0000] {processor.py:840} INFO - DAG(s) 'example_sensors' retrieved from /home/ubuntu/endtoend_venv/lib/python3.12/site-packages/airflow/example_dags/example_sensors.py
[2024-06-05T02:27:18.816+0000] {logging_mixin.py:188} INFO - [2024-06-05T02:27:18.816+0000] {dag.py:3096} INFO - Sync 1 DAGs
[2024-06-05T02:27:18.829+0000] {logging_mixin.py:188} INFO - [2024-06-05T02:27:18.829+0000] {dag.py:3954} INFO - Setting next_dagrun for example_sensors to None, run_after=None
[2024-06-05T02:27:18.853+0000] {processor.py:183} INFO - Processing /home/ubuntu/endtoend_venv/lib/python3.12/site-packages/airflow/example_dags/example_sensors.py took 0.078 seconds
[2024-06-05T02:28:05.279+0000] {processor.py:161} INFO - Started process (PID=15492) to work on /home/ubuntu/endtoend_venv/lib/python3.12/site-packages/airflow/example_dags/example_sensors.py
[2024-06-05T02:28:05.281+0000] {processor.py:830} INFO - Processing file /home/ubuntu/endtoend_venv/lib/python3.12/site-packages/airflow/example_dags/example_sensors.py for tasks to queue
[2024-06-05T02:28:05.282+0000] {logging_mixin.py:188} INFO - [2024-06-05T02:28:05.282+0000] {dagbag.py:545} INFO - Filling up the DagBag from /home/ubuntu/endtoend_venv/lib/python3.12/site-packages/airflow/example_dags/example_sensors.py
[2024-06-05T02:28:05.292+0000] {processor.py:840} INFO - DAG(s) 'example_sensors' retrieved from /home/ubuntu/endtoend_venv/lib/python3.12/site-packages/airflow/example_dags/example_sensors.py
[2024-06-05T02:28:05.314+0000] {logging_mixin.py:188} INFO - [2024-06-05T02:28:05.314+0000] {dag.py:3096} INFO - Sync 1 DAGs
[2024-06-05T02:28:05.326+0000] {logging_mixin.py:188} INFO - [2024-06-05T02:28:05.326+0000] {dag.py:3954} INFO - Setting next_dagrun for example_sensors to None, run_after=None
[2024-06-05T02:28:05.349+0000] {processor.py:183} INFO - Processing /home/ubuntu/endtoend_venv/lib/python3.12/site-packages/airflow/example_dags/example_sensors.py took 0.076 seconds
[2024-06-05T02:28:48.423+0000] {processor.py:161} INFO - Started process (PID=15537) to work on /home/ubuntu/endtoend_venv/lib/python3.12/site-packages/airflow/example_dags/example_sensors.py
[2024-06-05T02:28:48.424+0000] {processor.py:830} INFO - Processing file /home/ubuntu/endtoend_venv/lib/python3.12/site-packages/airflow/example_dags/example_sensors.py for tasks to queue
[2024-06-05T02:28:48.426+0000] {logging_mixin.py:188} INFO - [2024-06-05T02:28:48.426+0000] {dagbag.py:545} INFO - Filling up the DagBag from /home/ubuntu/endtoend_venv/lib/python3.12/site-packages/airflow/example_dags/example_sensors.py
[2024-06-05T02:28:48.435+0000] {processor.py:840} INFO - DAG(s) 'example_sensors' retrieved from /home/ubuntu/endtoend_venv/lib/python3.12/site-packages/airflow/example_dags/example_sensors.py
[2024-06-05T02:28:48.458+0000] {logging_mixin.py:188} INFO - [2024-06-05T02:28:48.457+0000] {dag.py:3096} INFO - Sync 1 DAGs
[2024-06-05T02:28:48.470+0000] {logging_mixin.py:188} INFO - [2024-06-05T02:28:48.470+0000] {dag.py:3954} INFO - Setting next_dagrun for example_sensors to None, run_after=None
[2024-06-05T02:28:48.493+0000] {processor.py:183} INFO - Processing /home/ubuntu/endtoend_venv/lib/python3.12/site-packages/airflow/example_dags/example_sensors.py took 0.076 seconds
[2024-06-05T02:29:48.993+0000] {processor.py:161} INFO - Started process (PID=15603) to work on /home/ubuntu/endtoend_venv/lib/python3.12/site-packages/airflow/example_dags/example_sensors.py
[2024-06-05T02:29:48.994+0000] {processor.py:830} INFO - Processing file /home/ubuntu/endtoend_venv/lib/python3.12/site-packages/airflow/example_dags/example_sensors.py for tasks to queue
[2024-06-05T02:29:48.996+0000] {logging_mixin.py:188} INFO - [2024-06-05T02:29:48.995+0000] {dagbag.py:545} INFO - Filling up the DagBag from /home/ubuntu/endtoend_venv/lib/python3.12/site-packages/airflow/example_dags/example_sensors.py
[2024-06-05T02:29:49.005+0000] {processor.py:840} INFO - DAG(s) 'example_sensors' retrieved from /home/ubuntu/endtoend_venv/lib/python3.12/site-packages/airflow/example_dags/example_sensors.py
[2024-06-05T02:29:49.028+0000] {logging_mixin.py:188} INFO - [2024-06-05T02:29:49.028+0000] {dag.py:3096} INFO - Sync 1 DAGs
[2024-06-05T02:29:49.040+0000] {logging_mixin.py:188} INFO - [2024-06-05T02:29:49.040+0000] {dag.py:3954} INFO - Setting next_dagrun for example_sensors to None, run_after=None
[2024-06-05T02:29:49.064+0000] {processor.py:183} INFO - Processing /home/ubuntu/endtoend_venv/lib/python3.12/site-packages/airflow/example_dags/example_sensors.py took 0.077 seconds
[2024-06-05T02:30:30.525+0000] {processor.py:161} INFO - Started process (PID=15650) to work on /home/ubuntu/endtoend_venv/lib/python3.12/site-packages/airflow/example_dags/example_sensors.py
[2024-06-05T02:30:30.526+0000] {processor.py:830} INFO - Processing file /home/ubuntu/endtoend_venv/lib/python3.12/site-packages/airflow/example_dags/example_sensors.py for tasks to queue
[2024-06-05T02:30:30.528+0000] {logging_mixin.py:188} INFO - [2024-06-05T02:30:30.528+0000] {dagbag.py:545} INFO - Filling up the DagBag from /home/ubuntu/endtoend_venv/lib/python3.12/site-packages/airflow/example_dags/example_sensors.py
[2024-06-05T02:30:30.538+0000] {processor.py:840} INFO - DAG(s) 'example_sensors' retrieved from /home/ubuntu/endtoend_venv/lib/python3.12/site-packages/airflow/example_dags/example_sensors.py
[2024-06-05T02:30:30.561+0000] {logging_mixin.py:188} INFO - [2024-06-05T02:30:30.561+0000] {dag.py:3096} INFO - Sync 1 DAGs
[2024-06-05T02:30:30.573+0000] {logging_mixin.py:188} INFO - [2024-06-05T02:30:30.573+0000] {dag.py:3954} INFO - Setting next_dagrun for example_sensors to None, run_after=None
[2024-06-05T02:30:30.597+0000] {processor.py:183} INFO - Processing /home/ubuntu/endtoend_venv/lib/python3.12/site-packages/airflow/example_dags/example_sensors.py took 0.078 seconds
[2024-06-05T02:31:12.832+0000] {processor.py:161} INFO - Started process (PID=15693) to work on /home/ubuntu/endtoend_venv/lib/python3.12/site-packages/airflow/example_dags/example_sensors.py
[2024-06-05T02:31:12.834+0000] {processor.py:830} INFO - Processing file /home/ubuntu/endtoend_venv/lib/python3.12/site-packages/airflow/example_dags/example_sensors.py for tasks to queue
[2024-06-05T02:31:12.836+0000] {logging_mixin.py:188} INFO - [2024-06-05T02:31:12.835+0000] {dagbag.py:545} INFO - Filling up the DagBag from /home/ubuntu/endtoend_venv/lib/python3.12/site-packages/airflow/example_dags/example_sensors.py
[2024-06-05T02:31:12.845+0000] {processor.py:840} INFO - DAG(s) 'example_sensors' retrieved from /home/ubuntu/endtoend_venv/lib/python3.12/site-packages/airflow/example_dags/example_sensors.py
[2024-06-05T02:31:12.867+0000] {logging_mixin.py:188} INFO - [2024-06-05T02:31:12.867+0000] {dag.py:3096} INFO - Sync 1 DAGs
[2024-06-05T02:31:12.880+0000] {logging_mixin.py:188} INFO - [2024-06-05T02:31:12.879+0000] {dag.py:3954} INFO - Setting next_dagrun for example_sensors to None, run_after=None
[2024-06-05T02:31:12.902+0000] {processor.py:183} INFO - Processing /home/ubuntu/endtoend_venv/lib/python3.12/site-packages/airflow/example_dags/example_sensors.py took 0.076 seconds
[2024-06-05T02:31:55.069+0000] {processor.py:161} INFO - Started process (PID=15736) to work on /home/ubuntu/endtoend_venv/lib/python3.12/site-packages/airflow/example_dags/example_sensors.py
[2024-06-05T02:31:55.070+0000] {processor.py:830} INFO - Processing file /home/ubuntu/endtoend_venv/lib/python3.12/site-packages/airflow/example_dags/example_sensors.py for tasks to queue
[2024-06-05T02:31:55.072+0000] {logging_mixin.py:188} INFO - [2024-06-05T02:31:55.071+0000] {dagbag.py:545} INFO - Filling up the DagBag from /home/ubuntu/endtoend_venv/lib/python3.12/site-packages/airflow/example_dags/example_sensors.py
[2024-06-05T02:31:55.081+0000] {processor.py:840} INFO - DAG(s) 'example_sensors' retrieved from /home/ubuntu/endtoend_venv/lib/python3.12/site-packages/airflow/example_dags/example_sensors.py
[2024-06-05T02:31:55.104+0000] {logging_mixin.py:188} INFO - [2024-06-05T02:31:55.103+0000] {dag.py:3096} INFO - Sync 1 DAGs
[2024-06-05T02:31:55.116+0000] {logging_mixin.py:188} INFO - [2024-06-05T02:31:55.116+0000] {dag.py:3954} INFO - Setting next_dagrun for example_sensors to None, run_after=None
[2024-06-05T02:31:55.139+0000] {processor.py:183} INFO - Processing /home/ubuntu/endtoend_venv/lib/python3.12/site-packages/airflow/example_dags/example_sensors.py took 0.076 seconds
[2024-06-05T02:32:37.912+0000] {processor.py:161} INFO - Started process (PID=15779) to work on /home/ubuntu/endtoend_venv/lib/python3.12/site-packages/airflow/example_dags/example_sensors.py
[2024-06-05T02:32:37.914+0000] {processor.py:830} INFO - Processing file /home/ubuntu/endtoend_venv/lib/python3.12/site-packages/airflow/example_dags/example_sensors.py for tasks to queue
[2024-06-05T02:32:37.916+0000] {logging_mixin.py:188} INFO - [2024-06-05T02:32:37.915+0000] {dagbag.py:545} INFO - Filling up the DagBag from /home/ubuntu/endtoend_venv/lib/python3.12/site-packages/airflow/example_dags/example_sensors.py
[2024-06-05T02:32:37.925+0000] {processor.py:840} INFO - DAG(s) 'example_sensors' retrieved from /home/ubuntu/endtoend_venv/lib/python3.12/site-packages/airflow/example_dags/example_sensors.py
[2024-06-05T02:32:37.949+0000] {logging_mixin.py:188} INFO - [2024-06-05T02:32:37.948+0000] {dag.py:3096} INFO - Sync 1 DAGs
[2024-06-05T02:32:37.961+0000] {logging_mixin.py:188} INFO - [2024-06-05T02:32:37.961+0000] {dag.py:3954} INFO - Setting next_dagrun for example_sensors to None, run_after=None
[2024-06-05T02:32:37.986+0000] {processor.py:183} INFO - Processing /home/ubuntu/endtoend_venv/lib/python3.12/site-packages/airflow/example_dags/example_sensors.py took 0.079 seconds
[2024-06-05T02:33:20.938+0000] {processor.py:161} INFO - Started process (PID=15822) to work on /home/ubuntu/endtoend_venv/lib/python3.12/site-packages/airflow/example_dags/example_sensors.py
[2024-06-05T02:33:20.940+0000] {processor.py:830} INFO - Processing file /home/ubuntu/endtoend_venv/lib/python3.12/site-packages/airflow/example_dags/example_sensors.py for tasks to queue
[2024-06-05T02:33:20.941+0000] {logging_mixin.py:188} INFO - [2024-06-05T02:33:20.941+0000] {dagbag.py:545} INFO - Filling up the DagBag from /home/ubuntu/endtoend_venv/lib/python3.12/site-packages/airflow/example_dags/example_sensors.py
[2024-06-05T02:33:20.951+0000] {processor.py:840} INFO - DAG(s) 'example_sensors' retrieved from /home/ubuntu/endtoend_venv/lib/python3.12/site-packages/airflow/example_dags/example_sensors.py
[2024-06-05T02:33:20.973+0000] {logging_mixin.py:188} INFO - [2024-06-05T02:33:20.973+0000] {dag.py:3096} INFO - Sync 1 DAGs
[2024-06-05T02:33:20.985+0000] {logging_mixin.py:188} INFO - [2024-06-05T02:33:20.985+0000] {dag.py:3954} INFO - Setting next_dagrun for example_sensors to None, run_after=None
[2024-06-05T02:33:21.009+0000] {processor.py:183} INFO - Processing /home/ubuntu/endtoend_venv/lib/python3.12/site-packages/airflow/example_dags/example_sensors.py took 0.076 seconds
[2024-06-05T02:34:04.439+0000] {processor.py:161} INFO - Started process (PID=15866) to work on /home/ubuntu/endtoend_venv/lib/python3.12/site-packages/airflow/example_dags/example_sensors.py
[2024-06-05T02:34:04.440+0000] {processor.py:830} INFO - Processing file /home/ubuntu/endtoend_venv/lib/python3.12/site-packages/airflow/example_dags/example_sensors.py for tasks to queue
[2024-06-05T02:34:04.442+0000] {logging_mixin.py:188} INFO - [2024-06-05T02:34:04.442+0000] {dagbag.py:545} INFO - Filling up the DagBag from /home/ubuntu/endtoend_venv/lib/python3.12/site-packages/airflow/example_dags/example_sensors.py
[2024-06-05T02:34:04.452+0000] {processor.py:840} INFO - DAG(s) 'example_sensors' retrieved from /home/ubuntu/endtoend_venv/lib/python3.12/site-packages/airflow/example_dags/example_sensors.py
[2024-06-05T02:34:04.475+0000] {logging_mixin.py:188} INFO - [2024-06-05T02:34:04.475+0000] {dag.py:3096} INFO - Sync 1 DAGs
[2024-06-05T02:34:04.488+0000] {logging_mixin.py:188} INFO - [2024-06-05T02:34:04.488+0000] {dag.py:3954} INFO - Setting next_dagrun for example_sensors to None, run_after=None
[2024-06-05T02:34:04.511+0000] {processor.py:183} INFO - Processing /home/ubuntu/endtoend_venv/lib/python3.12/site-packages/airflow/example_dags/example_sensors.py took 0.079 seconds
