[2024-06-05T02:18:20.883+0000] {processor.py:161} INFO - Started process (PID=14918) to work on /home/ubuntu/endtoend_venv/lib/python3.12/site-packages/airflow/example_dags/example_xcom.py
[2024-06-05T02:18:20.884+0000] {processor.py:830} INFO - Processing file /home/ubuntu/endtoend_venv/lib/python3.12/site-packages/airflow/example_dags/example_xcom.py for tasks to queue
[2024-06-05T02:18:20.886+0000] {logging_mixin.py:188} INFO - [2024-06-05T02:18:20.885+0000] {dagbag.py:545} INFO - Filling up the DagBag from /home/ubuntu/endtoend_venv/lib/python3.12/site-packages/airflow/example_dags/example_xcom.py
[2024-06-05T02:18:20.896+0000] {processor.py:840} INFO - DAG(s) 'example_xcom' retrieved from /home/ubuntu/endtoend_venv/lib/python3.12/site-packages/airflow/example_dags/example_xcom.py
[2024-06-05T02:18:21.019+0000] {logging_mixin.py:188} INFO - [2024-06-05T02:18:21.018+0000] {override.py:1829} INFO - Created Permission View: can read on DAG:example_xcom
[2024-06-05T02:18:21.032+0000] {logging_mixin.py:188} INFO - [2024-06-05T02:18:21.031+0000] {override.py:1829} INFO - Created Permission View: can delete on DAG:example_xcom
[2024-06-05T02:18:21.042+0000] {logging_mixin.py:188} INFO - [2024-06-05T02:18:21.041+0000] {override.py:1829} INFO - Created Permission View: can edit on DAG:example_xcom
[2024-06-05T02:18:21.042+0000] {logging_mixin.py:188} INFO - [2024-06-05T02:18:21.042+0000] {dag.py:3096} INFO - Sync 1 DAGs
[2024-06-05T02:18:21.053+0000] {logging_mixin.py:188} INFO - [2024-06-05T02:18:21.053+0000] {dag.py:3118} INFO - Creating ORM DAG for example_xcom
[2024-06-05T02:18:21.062+0000] {logging_mixin.py:188} INFO - [2024-06-05T02:18:21.061+0000] {dag.py:3954} INFO - Setting next_dagrun for example_xcom to 2021-01-01 00:00:00+00:00, run_after=2021-01-01 00:00:00+00:00
[2024-06-05T02:18:21.083+0000] {processor.py:183} INFO - Processing /home/ubuntu/endtoend_venv/lib/python3.12/site-packages/airflow/example_dags/example_xcom.py took 0.206 seconds
[2024-06-05T02:19:15.923+0000] {processor.py:161} INFO - Started process (PID=14969) to work on /home/ubuntu/endtoend_venv/lib/python3.12/site-packages/airflow/example_dags/example_xcom.py
[2024-06-05T02:19:15.925+0000] {processor.py:830} INFO - Processing file /home/ubuntu/endtoend_venv/lib/python3.12/site-packages/airflow/example_dags/example_xcom.py for tasks to queue
[2024-06-05T02:19:15.926+0000] {logging_mixin.py:188} INFO - [2024-06-05T02:19:15.926+0000] {dagbag.py:545} INFO - Filling up the DagBag from /home/ubuntu/endtoend_venv/lib/python3.12/site-packages/airflow/example_dags/example_xcom.py
[2024-06-05T02:19:15.935+0000] {processor.py:840} INFO - DAG(s) 'example_xcom' retrieved from /home/ubuntu/endtoend_venv/lib/python3.12/site-packages/airflow/example_dags/example_xcom.py
[2024-06-05T02:19:15.952+0000] {logging_mixin.py:188} INFO - [2024-06-05T02:19:15.952+0000] {dag.py:3096} INFO - Sync 1 DAGs
[2024-06-05T02:19:15.973+0000] {logging_mixin.py:188} INFO - [2024-06-05T02:19:15.973+0000] {dag.py:3954} INFO - Setting next_dagrun for example_xcom to 2021-01-01 00:00:00+00:00, run_after=2021-01-01 00:00:00+00:00
[2024-06-05T02:19:15.996+0000] {processor.py:183} INFO - Processing /home/ubuntu/endtoend_venv/lib/python3.12/site-packages/airflow/example_dags/example_xcom.py took 0.078 seconds
[2024-06-05T02:20:02.167+0000] {processor.py:161} INFO - Started process (PID=15017) to work on /home/ubuntu/endtoend_venv/lib/python3.12/site-packages/airflow/example_dags/example_xcom.py
[2024-06-05T02:20:02.168+0000] {processor.py:830} INFO - Processing file /home/ubuntu/endtoend_venv/lib/python3.12/site-packages/airflow/example_dags/example_xcom.py for tasks to queue
[2024-06-05T02:20:02.170+0000] {logging_mixin.py:188} INFO - [2024-06-05T02:20:02.170+0000] {dagbag.py:545} INFO - Filling up the DagBag from /home/ubuntu/endtoend_venv/lib/python3.12/site-packages/airflow/example_dags/example_xcom.py
[2024-06-05T02:20:02.179+0000] {processor.py:840} INFO - DAG(s) 'example_xcom' retrieved from /home/ubuntu/endtoend_venv/lib/python3.12/site-packages/airflow/example_dags/example_xcom.py
[2024-06-05T02:20:02.197+0000] {logging_mixin.py:188} INFO - [2024-06-05T02:20:02.197+0000] {dag.py:3096} INFO - Sync 1 DAGs
[2024-06-05T02:20:02.217+0000] {logging_mixin.py:188} INFO - [2024-06-05T02:20:02.217+0000] {dag.py:3954} INFO - Setting next_dagrun for example_xcom to 2021-01-01 00:00:00+00:00, run_after=2021-01-01 00:00:00+00:00
[2024-06-05T02:20:02.240+0000] {processor.py:183} INFO - Processing /home/ubuntu/endtoend_venv/lib/python3.12/site-packages/airflow/example_dags/example_xcom.py took 0.080 seconds
[2024-06-05T02:20:50.829+0000] {processor.py:161} INFO - Started process (PID=15072) to work on /home/ubuntu/endtoend_venv/lib/python3.12/site-packages/airflow/example_dags/example_xcom.py
[2024-06-05T02:20:50.830+0000] {processor.py:830} INFO - Processing file /home/ubuntu/endtoend_venv/lib/python3.12/site-packages/airflow/example_dags/example_xcom.py for tasks to queue
[2024-06-05T02:20:50.832+0000] {logging_mixin.py:188} INFO - [2024-06-05T02:20:50.832+0000] {dagbag.py:545} INFO - Filling up the DagBag from /home/ubuntu/endtoend_venv/lib/python3.12/site-packages/airflow/example_dags/example_xcom.py
[2024-06-05T02:20:50.840+0000] {processor.py:840} INFO - DAG(s) 'example_xcom' retrieved from /home/ubuntu/endtoend_venv/lib/python3.12/site-packages/airflow/example_dags/example_xcom.py
[2024-06-05T02:20:50.858+0000] {logging_mixin.py:188} INFO - [2024-06-05T02:20:50.857+0000] {dag.py:3096} INFO - Sync 1 DAGs
[2024-06-05T02:20:50.877+0000] {logging_mixin.py:188} INFO - [2024-06-05T02:20:50.877+0000] {dag.py:3954} INFO - Setting next_dagrun for example_xcom to 2021-01-01 00:00:00+00:00, run_after=2021-01-01 00:00:00+00:00
[2024-06-05T02:20:50.900+0000] {processor.py:183} INFO - Processing /home/ubuntu/endtoend_venv/lib/python3.12/site-packages/airflow/example_dags/example_xcom.py took 0.077 seconds
[2024-06-05T02:21:31.384+0000] {processor.py:161} INFO - Started process (PID=15115) to work on /home/ubuntu/endtoend_venv/lib/python3.12/site-packages/airflow/example_dags/example_xcom.py
[2024-06-05T02:21:31.386+0000] {processor.py:830} INFO - Processing file /home/ubuntu/endtoend_venv/lib/python3.12/site-packages/airflow/example_dags/example_xcom.py for tasks to queue
[2024-06-05T02:21:31.387+0000] {logging_mixin.py:188} INFO - [2024-06-05T02:21:31.387+0000] {dagbag.py:545} INFO - Filling up the DagBag from /home/ubuntu/endtoend_venv/lib/python3.12/site-packages/airflow/example_dags/example_xcom.py
[2024-06-05T02:21:31.396+0000] {processor.py:840} INFO - DAG(s) 'example_xcom' retrieved from /home/ubuntu/endtoend_venv/lib/python3.12/site-packages/airflow/example_dags/example_xcom.py
[2024-06-05T02:21:31.413+0000] {logging_mixin.py:188} INFO - [2024-06-05T02:21:31.413+0000] {dag.py:3096} INFO - Sync 1 DAGs
[2024-06-05T02:21:31.432+0000] {logging_mixin.py:188} INFO - [2024-06-05T02:21:31.432+0000] {dag.py:3954} INFO - Setting next_dagrun for example_xcom to 2021-01-01 00:00:00+00:00, run_after=2021-01-01 00:00:00+00:00
[2024-06-05T02:21:31.455+0000] {processor.py:183} INFO - Processing /home/ubuntu/endtoend_venv/lib/python3.12/site-packages/airflow/example_dags/example_xcom.py took 0.076 seconds
[2024-06-05T02:22:11.680+0000] {processor.py:161} INFO - Started process (PID=15157) to work on /home/ubuntu/endtoend_venv/lib/python3.12/site-packages/airflow/example_dags/example_xcom.py
[2024-06-05T02:22:11.681+0000] {processor.py:830} INFO - Processing file /home/ubuntu/endtoend_venv/lib/python3.12/site-packages/airflow/example_dags/example_xcom.py for tasks to queue
[2024-06-05T02:22:11.683+0000] {logging_mixin.py:188} INFO - [2024-06-05T02:22:11.683+0000] {dagbag.py:545} INFO - Filling up the DagBag from /home/ubuntu/endtoend_venv/lib/python3.12/site-packages/airflow/example_dags/example_xcom.py
[2024-06-05T02:22:11.691+0000] {processor.py:840} INFO - DAG(s) 'example_xcom' retrieved from /home/ubuntu/endtoend_venv/lib/python3.12/site-packages/airflow/example_dags/example_xcom.py
[2024-06-05T02:22:11.709+0000] {logging_mixin.py:188} INFO - [2024-06-05T02:22:11.709+0000] {dag.py:3096} INFO - Sync 1 DAGs
[2024-06-05T02:22:11.729+0000] {logging_mixin.py:188} INFO - [2024-06-05T02:22:11.729+0000] {dag.py:3954} INFO - Setting next_dagrun for example_xcom to 2021-01-01 00:00:00+00:00, run_after=2021-01-01 00:00:00+00:00
[2024-06-05T02:22:11.754+0000] {processor.py:183} INFO - Processing /home/ubuntu/endtoend_venv/lib/python3.12/site-packages/airflow/example_dags/example_xcom.py took 0.080 seconds
[2024-06-05T02:22:50.029+0000] {processor.py:161} INFO - Started process (PID=15197) to work on /home/ubuntu/endtoend_venv/lib/python3.12/site-packages/airflow/example_dags/example_xcom.py
[2024-06-05T02:22:50.030+0000] {processor.py:830} INFO - Processing file /home/ubuntu/endtoend_venv/lib/python3.12/site-packages/airflow/example_dags/example_xcom.py for tasks to queue
[2024-06-05T02:22:50.032+0000] {logging_mixin.py:188} INFO - [2024-06-05T02:22:50.032+0000] {dagbag.py:545} INFO - Filling up the DagBag from /home/ubuntu/endtoend_venv/lib/python3.12/site-packages/airflow/example_dags/example_xcom.py
[2024-06-05T02:22:50.041+0000] {processor.py:840} INFO - DAG(s) 'example_xcom' retrieved from /home/ubuntu/endtoend_venv/lib/python3.12/site-packages/airflow/example_dags/example_xcom.py
[2024-06-05T02:22:50.058+0000] {logging_mixin.py:188} INFO - [2024-06-05T02:22:50.058+0000] {dag.py:3096} INFO - Sync 1 DAGs
[2024-06-05T02:22:50.078+0000] {logging_mixin.py:188} INFO - [2024-06-05T02:22:50.078+0000] {dag.py:3954} INFO - Setting next_dagrun for example_xcom to 2021-01-01 00:00:00+00:00, run_after=2021-01-01 00:00:00+00:00
[2024-06-05T02:22:50.102+0000] {processor.py:183} INFO - Processing /home/ubuntu/endtoend_venv/lib/python3.12/site-packages/airflow/example_dags/example_xcom.py took 0.079 seconds
[2024-06-05T02:23:28.185+0000] {processor.py:161} INFO - Started process (PID=15237) to work on /home/ubuntu/endtoend_venv/lib/python3.12/site-packages/airflow/example_dags/example_xcom.py
[2024-06-05T02:23:28.187+0000] {processor.py:830} INFO - Processing file /home/ubuntu/endtoend_venv/lib/python3.12/site-packages/airflow/example_dags/example_xcom.py for tasks to queue
[2024-06-05T02:23:28.188+0000] {logging_mixin.py:188} INFO - [2024-06-05T02:23:28.188+0000] {dagbag.py:545} INFO - Filling up the DagBag from /home/ubuntu/endtoend_venv/lib/python3.12/site-packages/airflow/example_dags/example_xcom.py
[2024-06-05T02:23:28.197+0000] {processor.py:840} INFO - DAG(s) 'example_xcom' retrieved from /home/ubuntu/endtoend_venv/lib/python3.12/site-packages/airflow/example_dags/example_xcom.py
[2024-06-05T02:23:28.215+0000] {logging_mixin.py:188} INFO - [2024-06-05T02:23:28.215+0000] {dag.py:3096} INFO - Sync 1 DAGs
[2024-06-05T02:23:28.235+0000] {logging_mixin.py:188} INFO - [2024-06-05T02:23:28.235+0000] {dag.py:3954} INFO - Setting next_dagrun for example_xcom to 2021-01-01 00:00:00+00:00, run_after=2021-01-01 00:00:00+00:00
[2024-06-05T02:23:28.259+0000] {processor.py:183} INFO - Processing /home/ubuntu/endtoend_venv/lib/python3.12/site-packages/airflow/example_dags/example_xcom.py took 0.080 seconds
[2024-06-05T02:25:30.602+0000] {processor.py:161} INFO - Started process (PID=15335) to work on /home/ubuntu/endtoend_venv/lib/python3.12/site-packages/airflow/example_dags/example_xcom.py
[2024-06-05T02:25:30.603+0000] {processor.py:830} INFO - Processing file /home/ubuntu/endtoend_venv/lib/python3.12/site-packages/airflow/example_dags/example_xcom.py for tasks to queue
[2024-06-05T02:25:30.605+0000] {logging_mixin.py:188} INFO - [2024-06-05T02:25:30.604+0000] {dagbag.py:545} INFO - Filling up the DagBag from /home/ubuntu/endtoend_venv/lib/python3.12/site-packages/airflow/example_dags/example_xcom.py
[2024-06-05T02:25:30.616+0000] {processor.py:840} INFO - DAG(s) 'example_xcom' retrieved from /home/ubuntu/endtoend_venv/lib/python3.12/site-packages/airflow/example_dags/example_xcom.py
[2024-06-05T02:25:30.624+0000] {logging_mixin.py:188} INFO - [2024-06-05T02:25:30.624+0000] {dag.py:3096} INFO - Sync 1 DAGs
[2024-06-05T02:25:30.648+0000] {logging_mixin.py:188} INFO - [2024-06-05T02:25:30.647+0000] {dag.py:3954} INFO - Setting next_dagrun for example_xcom to 2021-01-01 00:00:00+00:00, run_after=2021-01-01 00:00:00+00:00
[2024-06-05T02:25:30.671+0000] {processor.py:183} INFO - Processing /home/ubuntu/endtoend_venv/lib/python3.12/site-packages/airflow/example_dags/example_xcom.py took 0.076 seconds
[2024-06-05T02:26:21.655+0000] {processor.py:161} INFO - Started process (PID=15387) to work on /home/ubuntu/endtoend_venv/lib/python3.12/site-packages/airflow/example_dags/example_xcom.py
[2024-06-05T02:26:21.657+0000] {processor.py:830} INFO - Processing file /home/ubuntu/endtoend_venv/lib/python3.12/site-packages/airflow/example_dags/example_xcom.py for tasks to queue
[2024-06-05T02:26:21.659+0000] {logging_mixin.py:188} INFO - [2024-06-05T02:26:21.658+0000] {dagbag.py:545} INFO - Filling up the DagBag from /home/ubuntu/endtoend_venv/lib/python3.12/site-packages/airflow/example_dags/example_xcom.py
[2024-06-05T02:26:21.667+0000] {processor.py:840} INFO - DAG(s) 'example_xcom' retrieved from /home/ubuntu/endtoend_venv/lib/python3.12/site-packages/airflow/example_dags/example_xcom.py
[2024-06-05T02:26:21.780+0000] {logging_mixin.py:188} INFO - [2024-06-05T02:26:21.780+0000] {dag.py:3096} INFO - Sync 1 DAGs
[2024-06-05T02:26:21.797+0000] {logging_mixin.py:188} INFO - [2024-06-05T02:26:21.797+0000] {dag.py:3954} INFO - Setting next_dagrun for example_xcom to 2021-01-01 00:00:00+00:00, run_after=2021-01-01 00:00:00+00:00
[2024-06-05T02:26:21.820+0000] {processor.py:183} INFO - Processing /home/ubuntu/endtoend_venv/lib/python3.12/site-packages/airflow/example_dags/example_xcom.py took 0.170 seconds
[2024-06-05T02:27:07.503+0000] {processor.py:161} INFO - Started process (PID=15433) to work on /home/ubuntu/endtoend_venv/lib/python3.12/site-packages/airflow/example_dags/example_xcom.py
[2024-06-05T02:27:07.505+0000] {processor.py:830} INFO - Processing file /home/ubuntu/endtoend_venv/lib/python3.12/site-packages/airflow/example_dags/example_xcom.py for tasks to queue
[2024-06-05T02:27:07.506+0000] {logging_mixin.py:188} INFO - [2024-06-05T02:27:07.506+0000] {dagbag.py:545} INFO - Filling up the DagBag from /home/ubuntu/endtoend_venv/lib/python3.12/site-packages/airflow/example_dags/example_xcom.py
[2024-06-05T02:27:07.515+0000] {processor.py:840} INFO - DAG(s) 'example_xcom' retrieved from /home/ubuntu/endtoend_venv/lib/python3.12/site-packages/airflow/example_dags/example_xcom.py
[2024-06-05T02:27:07.532+0000] {logging_mixin.py:188} INFO - [2024-06-05T02:27:07.532+0000] {dag.py:3096} INFO - Sync 1 DAGs
[2024-06-05T02:27:07.551+0000] {logging_mixin.py:188} INFO - [2024-06-05T02:27:07.551+0000] {dag.py:3954} INFO - Setting next_dagrun for example_xcom to 2021-01-01 00:00:00+00:00, run_after=2021-01-01 00:00:00+00:00
[2024-06-05T02:27:07.574+0000] {processor.py:183} INFO - Processing /home/ubuntu/endtoend_venv/lib/python3.12/site-packages/airflow/example_dags/example_xcom.py took 0.076 seconds
[2024-06-05T02:27:57.404+0000] {processor.py:161} INFO - Started process (PID=15484) to work on /home/ubuntu/endtoend_venv/lib/python3.12/site-packages/airflow/example_dags/example_xcom.py
[2024-06-05T02:27:57.406+0000] {processor.py:830} INFO - Processing file /home/ubuntu/endtoend_venv/lib/python3.12/site-packages/airflow/example_dags/example_xcom.py for tasks to queue
[2024-06-05T02:27:57.407+0000] {logging_mixin.py:188} INFO - [2024-06-05T02:27:57.407+0000] {dagbag.py:545} INFO - Filling up the DagBag from /home/ubuntu/endtoend_venv/lib/python3.12/site-packages/airflow/example_dags/example_xcom.py
[2024-06-05T02:27:57.416+0000] {processor.py:840} INFO - DAG(s) 'example_xcom' retrieved from /home/ubuntu/endtoend_venv/lib/python3.12/site-packages/airflow/example_dags/example_xcom.py
[2024-06-05T02:27:57.433+0000] {logging_mixin.py:188} INFO - [2024-06-05T02:27:57.433+0000] {dag.py:3096} INFO - Sync 1 DAGs
[2024-06-05T02:27:57.452+0000] {logging_mixin.py:188} INFO - [2024-06-05T02:27:57.451+0000] {dag.py:3954} INFO - Setting next_dagrun for example_xcom to 2021-01-01 00:00:00+00:00, run_after=2021-01-01 00:00:00+00:00
[2024-06-05T02:27:57.474+0000] {processor.py:183} INFO - Processing /home/ubuntu/endtoend_venv/lib/python3.12/site-packages/airflow/example_dags/example_xcom.py took 0.076 seconds
[2024-06-05T02:28:40.698+0000] {processor.py:161} INFO - Started process (PID=15529) to work on /home/ubuntu/endtoend_venv/lib/python3.12/site-packages/airflow/example_dags/example_xcom.py
[2024-06-05T02:28:40.700+0000] {processor.py:830} INFO - Processing file /home/ubuntu/endtoend_venv/lib/python3.12/site-packages/airflow/example_dags/example_xcom.py for tasks to queue
[2024-06-05T02:28:40.701+0000] {logging_mixin.py:188} INFO - [2024-06-05T02:28:40.701+0000] {dagbag.py:545} INFO - Filling up the DagBag from /home/ubuntu/endtoend_venv/lib/python3.12/site-packages/airflow/example_dags/example_xcom.py
[2024-06-05T02:28:40.709+0000] {processor.py:840} INFO - DAG(s) 'example_xcom' retrieved from /home/ubuntu/endtoend_venv/lib/python3.12/site-packages/airflow/example_dags/example_xcom.py
[2024-06-05T02:28:40.727+0000] {logging_mixin.py:188} INFO - [2024-06-05T02:28:40.726+0000] {dag.py:3096} INFO - Sync 1 DAGs
[2024-06-05T02:28:40.746+0000] {logging_mixin.py:188} INFO - [2024-06-05T02:28:40.746+0000] {dag.py:3954} INFO - Setting next_dagrun for example_xcom to 2021-01-01 00:00:00+00:00, run_after=2021-01-01 00:00:00+00:00
[2024-06-05T02:28:40.769+0000] {processor.py:183} INFO - Processing /home/ubuntu/endtoend_venv/lib/python3.12/site-packages/airflow/example_dags/example_xcom.py took 0.076 seconds
[2024-06-05T02:29:22.123+0000] {processor.py:161} INFO - Started process (PID=15576) to work on /home/ubuntu/endtoend_venv/lib/python3.12/site-packages/airflow/example_dags/example_xcom.py
[2024-06-05T02:29:22.124+0000] {processor.py:830} INFO - Processing file /home/ubuntu/endtoend_venv/lib/python3.12/site-packages/airflow/example_dags/example_xcom.py for tasks to queue
[2024-06-05T02:29:22.126+0000] {logging_mixin.py:188} INFO - [2024-06-05T02:29:22.125+0000] {dagbag.py:545} INFO - Filling up the DagBag from /home/ubuntu/endtoend_venv/lib/python3.12/site-packages/airflow/example_dags/example_xcom.py
[2024-06-05T02:29:22.134+0000] {processor.py:840} INFO - DAG(s) 'example_xcom' retrieved from /home/ubuntu/endtoend_venv/lib/python3.12/site-packages/airflow/example_dags/example_xcom.py
[2024-06-05T02:29:22.151+0000] {logging_mixin.py:188} INFO - [2024-06-05T02:29:22.151+0000] {dag.py:3096} INFO - Sync 1 DAGs
[2024-06-05T02:29:22.170+0000] {logging_mixin.py:188} INFO - [2024-06-05T02:29:22.170+0000] {dag.py:3954} INFO - Setting next_dagrun for example_xcom to 2021-01-01 00:00:00+00:00, run_after=2021-01-01 00:00:00+00:00
[2024-06-05T02:29:22.192+0000] {processor.py:183} INFO - Processing /home/ubuntu/endtoend_venv/lib/python3.12/site-packages/airflow/example_dags/example_xcom.py took 0.075 seconds
[2024-06-05T02:30:04.135+0000] {processor.py:161} INFO - Started process (PID=15618) to work on /home/ubuntu/endtoend_venv/lib/python3.12/site-packages/airflow/example_dags/example_xcom.py
[2024-06-05T02:30:04.137+0000] {processor.py:830} INFO - Processing file /home/ubuntu/endtoend_venv/lib/python3.12/site-packages/airflow/example_dags/example_xcom.py for tasks to queue
[2024-06-05T02:30:04.138+0000] {logging_mixin.py:188} INFO - [2024-06-05T02:30:04.138+0000] {dagbag.py:545} INFO - Filling up the DagBag from /home/ubuntu/endtoend_venv/lib/python3.12/site-packages/airflow/example_dags/example_xcom.py
[2024-06-05T02:30:04.147+0000] {processor.py:840} INFO - DAG(s) 'example_xcom' retrieved from /home/ubuntu/endtoend_venv/lib/python3.12/site-packages/airflow/example_dags/example_xcom.py
[2024-06-05T02:30:04.165+0000] {logging_mixin.py:188} INFO - [2024-06-05T02:30:04.164+0000] {dag.py:3096} INFO - Sync 1 DAGs
[2024-06-05T02:30:04.185+0000] {logging_mixin.py:188} INFO - [2024-06-05T02:30:04.184+0000] {dag.py:3954} INFO - Setting next_dagrun for example_xcom to 2021-01-01 00:00:00+00:00, run_after=2021-01-01 00:00:00+00:00
[2024-06-05T02:30:04.208+0000] {processor.py:183} INFO - Processing /home/ubuntu/endtoend_venv/lib/python3.12/site-packages/airflow/example_dags/example_xcom.py took 0.079 seconds
[2024-06-05T02:30:45.845+0000] {processor.py:161} INFO - Started process (PID=15665) to work on /home/ubuntu/endtoend_venv/lib/python3.12/site-packages/airflow/example_dags/example_xcom.py
[2024-06-05T02:30:45.847+0000] {processor.py:830} INFO - Processing file /home/ubuntu/endtoend_venv/lib/python3.12/site-packages/airflow/example_dags/example_xcom.py for tasks to queue
[2024-06-05T02:30:45.849+0000] {logging_mixin.py:188} INFO - [2024-06-05T02:30:45.848+0000] {dagbag.py:545} INFO - Filling up the DagBag from /home/ubuntu/endtoend_venv/lib/python3.12/site-packages/airflow/example_dags/example_xcom.py
[2024-06-05T02:30:45.857+0000] {processor.py:840} INFO - DAG(s) 'example_xcom' retrieved from /home/ubuntu/endtoend_venv/lib/python3.12/site-packages/airflow/example_dags/example_xcom.py
[2024-06-05T02:30:45.874+0000] {logging_mixin.py:188} INFO - [2024-06-05T02:30:45.874+0000] {dag.py:3096} INFO - Sync 1 DAGs
[2024-06-05T02:30:45.894+0000] {logging_mixin.py:188} INFO - [2024-06-05T02:30:45.893+0000] {dag.py:3954} INFO - Setting next_dagrun for example_xcom to 2021-01-01 00:00:00+00:00, run_after=2021-01-01 00:00:00+00:00
[2024-06-05T02:30:45.917+0000] {processor.py:183} INFO - Processing /home/ubuntu/endtoend_venv/lib/python3.12/site-packages/airflow/example_dags/example_xcom.py took 0.078 seconds
[2024-06-05T02:31:28.235+0000] {processor.py:161} INFO - Started process (PID=15708) to work on /home/ubuntu/endtoend_venv/lib/python3.12/site-packages/airflow/example_dags/example_xcom.py
[2024-06-05T02:31:28.237+0000] {processor.py:830} INFO - Processing file /home/ubuntu/endtoend_venv/lib/python3.12/site-packages/airflow/example_dags/example_xcom.py for tasks to queue
[2024-06-05T02:31:28.239+0000] {logging_mixin.py:188} INFO - [2024-06-05T02:31:28.238+0000] {dagbag.py:545} INFO - Filling up the DagBag from /home/ubuntu/endtoend_venv/lib/python3.12/site-packages/airflow/example_dags/example_xcom.py
[2024-06-05T02:31:28.247+0000] {processor.py:840} INFO - DAG(s) 'example_xcom' retrieved from /home/ubuntu/endtoend_venv/lib/python3.12/site-packages/airflow/example_dags/example_xcom.py
[2024-06-05T02:31:28.265+0000] {logging_mixin.py:188} INFO - [2024-06-05T02:31:28.264+0000] {dag.py:3096} INFO - Sync 1 DAGs
[2024-06-05T02:31:28.284+0000] {logging_mixin.py:188} INFO - [2024-06-05T02:31:28.284+0000] {dag.py:3954} INFO - Setting next_dagrun for example_xcom to 2021-01-01 00:00:00+00:00, run_after=2021-01-01 00:00:00+00:00
[2024-06-05T02:31:28.307+0000] {processor.py:183} INFO - Processing /home/ubuntu/endtoend_venv/lib/python3.12/site-packages/airflow/example_dags/example_xcom.py took 0.077 seconds
[2024-06-05T02:32:12.880+0000] {processor.py:161} INFO - Started process (PID=15753) to work on /home/ubuntu/endtoend_venv/lib/python3.12/site-packages/airflow/example_dags/example_xcom.py
[2024-06-05T02:32:12.881+0000] {processor.py:830} INFO - Processing file /home/ubuntu/endtoend_venv/lib/python3.12/site-packages/airflow/example_dags/example_xcom.py for tasks to queue
[2024-06-05T02:32:12.883+0000] {logging_mixin.py:188} INFO - [2024-06-05T02:32:12.883+0000] {dagbag.py:545} INFO - Filling up the DagBag from /home/ubuntu/endtoend_venv/lib/python3.12/site-packages/airflow/example_dags/example_xcom.py
[2024-06-05T02:32:12.892+0000] {processor.py:840} INFO - DAG(s) 'example_xcom' retrieved from /home/ubuntu/endtoend_venv/lib/python3.12/site-packages/airflow/example_dags/example_xcom.py
[2024-06-05T02:32:12.909+0000] {logging_mixin.py:188} INFO - [2024-06-05T02:32:12.909+0000] {dag.py:3096} INFO - Sync 1 DAGs
[2024-06-05T02:32:12.929+0000] {logging_mixin.py:188} INFO - [2024-06-05T02:32:12.928+0000] {dag.py:3954} INFO - Setting next_dagrun for example_xcom to 2021-01-01 00:00:00+00:00, run_after=2021-01-01 00:00:00+00:00
[2024-06-05T02:32:12.953+0000] {processor.py:183} INFO - Processing /home/ubuntu/endtoend_venv/lib/python3.12/site-packages/airflow/example_dags/example_xcom.py took 0.078 seconds
[2024-06-05T02:32:53.435+0000] {processor.py:161} INFO - Started process (PID=15795) to work on /home/ubuntu/endtoend_venv/lib/python3.12/site-packages/airflow/example_dags/example_xcom.py
[2024-06-05T02:32:53.437+0000] {processor.py:830} INFO - Processing file /home/ubuntu/endtoend_venv/lib/python3.12/site-packages/airflow/example_dags/example_xcom.py for tasks to queue
[2024-06-05T02:32:53.439+0000] {logging_mixin.py:188} INFO - [2024-06-05T02:32:53.438+0000] {dagbag.py:545} INFO - Filling up the DagBag from /home/ubuntu/endtoend_venv/lib/python3.12/site-packages/airflow/example_dags/example_xcom.py
[2024-06-05T02:32:53.447+0000] {processor.py:840} INFO - DAG(s) 'example_xcom' retrieved from /home/ubuntu/endtoend_venv/lib/python3.12/site-packages/airflow/example_dags/example_xcom.py
[2024-06-05T02:32:53.465+0000] {logging_mixin.py:188} INFO - [2024-06-05T02:32:53.465+0000] {dag.py:3096} INFO - Sync 1 DAGs
[2024-06-05T02:32:53.485+0000] {logging_mixin.py:188} INFO - [2024-06-05T02:32:53.485+0000] {dag.py:3954} INFO - Setting next_dagrun for example_xcom to 2021-01-01 00:00:00+00:00, run_after=2021-01-01 00:00:00+00:00
[2024-06-05T02:32:53.507+0000] {processor.py:183} INFO - Processing /home/ubuntu/endtoend_venv/lib/python3.12/site-packages/airflow/example_dags/example_xcom.py took 0.078 seconds
[2024-06-05T02:33:35.936+0000] {processor.py:161} INFO - Started process (PID=15837) to work on /home/ubuntu/endtoend_venv/lib/python3.12/site-packages/airflow/example_dags/example_xcom.py
[2024-06-05T02:33:35.937+0000] {processor.py:830} INFO - Processing file /home/ubuntu/endtoend_venv/lib/python3.12/site-packages/airflow/example_dags/example_xcom.py for tasks to queue
[2024-06-05T02:33:35.939+0000] {logging_mixin.py:188} INFO - [2024-06-05T02:33:35.939+0000] {dagbag.py:545} INFO - Filling up the DagBag from /home/ubuntu/endtoend_venv/lib/python3.12/site-packages/airflow/example_dags/example_xcom.py
[2024-06-05T02:33:35.948+0000] {processor.py:840} INFO - DAG(s) 'example_xcom' retrieved from /home/ubuntu/endtoend_venv/lib/python3.12/site-packages/airflow/example_dags/example_xcom.py
[2024-06-05T02:33:35.966+0000] {logging_mixin.py:188} INFO - [2024-06-05T02:33:35.965+0000] {dag.py:3096} INFO - Sync 1 DAGs
[2024-06-05T02:33:35.986+0000] {logging_mixin.py:188} INFO - [2024-06-05T02:33:35.986+0000] {dag.py:3954} INFO - Setting next_dagrun for example_xcom to 2021-01-01 00:00:00+00:00, run_after=2021-01-01 00:00:00+00:00
[2024-06-05T02:33:36.009+0000] {processor.py:183} INFO - Processing /home/ubuntu/endtoend_venv/lib/python3.12/site-packages/airflow/example_dags/example_xcom.py took 0.079 seconds
[2024-06-05T02:34:17.126+0000] {processor.py:161} INFO - Started process (PID=15881) to work on /home/ubuntu/endtoend_venv/lib/python3.12/site-packages/airflow/example_dags/example_xcom.py
[2024-06-05T02:34:17.128+0000] {processor.py:830} INFO - Processing file /home/ubuntu/endtoend_venv/lib/python3.12/site-packages/airflow/example_dags/example_xcom.py for tasks to queue
[2024-06-05T02:34:17.130+0000] {logging_mixin.py:188} INFO - [2024-06-05T02:34:17.129+0000] {dagbag.py:545} INFO - Filling up the DagBag from /home/ubuntu/endtoend_venv/lib/python3.12/site-packages/airflow/example_dags/example_xcom.py
[2024-06-05T02:34:17.138+0000] {processor.py:840} INFO - DAG(s) 'example_xcom' retrieved from /home/ubuntu/endtoend_venv/lib/python3.12/site-packages/airflow/example_dags/example_xcom.py
[2024-06-05T02:34:17.156+0000] {logging_mixin.py:188} INFO - [2024-06-05T02:34:17.156+0000] {dag.py:3096} INFO - Sync 1 DAGs
[2024-06-05T02:34:17.176+0000] {logging_mixin.py:188} INFO - [2024-06-05T02:34:17.175+0000] {dag.py:3954} INFO - Setting next_dagrun for example_xcom to 2021-01-01 00:00:00+00:00, run_after=2021-01-01 00:00:00+00:00
[2024-06-05T02:34:17.199+0000] {processor.py:183} INFO - Processing /home/ubuntu/endtoend_venv/lib/python3.12/site-packages/airflow/example_dags/example_xcom.py took 0.079 seconds
[2024-06-05T02:34:56.441+0000] {processor.py:161} INFO - Started process (PID=15921) to work on /home/ubuntu/endtoend_venv/lib/python3.12/site-packages/airflow/example_dags/example_xcom.py
[2024-06-05T02:34:56.442+0000] {processor.py:830} INFO - Processing file /home/ubuntu/endtoend_venv/lib/python3.12/site-packages/airflow/example_dags/example_xcom.py for tasks to queue
[2024-06-05T02:34:56.444+0000] {logging_mixin.py:188} INFO - [2024-06-05T02:34:56.443+0000] {dagbag.py:545} INFO - Filling up the DagBag from /home/ubuntu/endtoend_venv/lib/python3.12/site-packages/airflow/example_dags/example_xcom.py
[2024-06-05T02:34:56.452+0000] {processor.py:840} INFO - DAG(s) 'example_xcom' retrieved from /home/ubuntu/endtoend_venv/lib/python3.12/site-packages/airflow/example_dags/example_xcom.py
[2024-06-05T02:34:56.471+0000] {logging_mixin.py:188} INFO - [2024-06-05T02:34:56.470+0000] {dag.py:3096} INFO - Sync 1 DAGs
[2024-06-05T02:34:56.491+0000] {logging_mixin.py:188} INFO - [2024-06-05T02:34:56.491+0000] {dag.py:3954} INFO - Setting next_dagrun for example_xcom to 2021-01-01 00:00:00+00:00, run_after=2021-01-01 00:00:00+00:00
[2024-06-05T02:34:56.515+0000] {processor.py:183} INFO - Processing /home/ubuntu/endtoend_venv/lib/python3.12/site-packages/airflow/example_dags/example_xcom.py took 0.080 seconds
