[2024-06-05T02:18:23.464+0000] {processor.py:161} INFO - Started process (PID=14920) to work on /home/ubuntu/endtoend_venv/lib/python3.12/site-packages/airflow/example_dags/example_short_circuit_operator.py
[2024-06-05T02:18:23.465+0000] {processor.py:830} INFO - Processing file /home/ubuntu/endtoend_venv/lib/python3.12/site-packages/airflow/example_dags/example_short_circuit_operator.py for tasks to queue
[2024-06-05T02:18:23.467+0000] {logging_mixin.py:188} INFO - [2024-06-05T02:18:23.466+0000] {dagbag.py:545} INFO - Filling up the DagBag from /home/ubuntu/endtoend_venv/lib/python3.12/site-packages/airflow/example_dags/example_short_circuit_operator.py
[2024-06-05T02:18:23.476+0000] {processor.py:840} INFO - DAG(s) 'example_short_circuit_operator' retrieved from /home/ubuntu/endtoend_venv/lib/python3.12/site-packages/airflow/example_dags/example_short_circuit_operator.py
[2024-06-05T02:18:23.597+0000] {logging_mixin.py:188} INFO - [2024-06-05T02:18:23.597+0000] {override.py:1829} INFO - Created Permission View: can read on DAG:example_short_circuit_operator
[2024-06-05T02:18:23.610+0000] {logging_mixin.py:188} INFO - [2024-06-05T02:18:23.610+0000] {override.py:1829} INFO - Created Permission View: can delete on DAG:example_short_circuit_operator
[2024-06-05T02:18:23.623+0000] {logging_mixin.py:188} INFO - [2024-06-05T02:18:23.622+0000] {override.py:1829} INFO - Created Permission View: can edit on DAG:example_short_circuit_operator
[2024-06-05T02:18:23.623+0000] {logging_mixin.py:188} INFO - [2024-06-05T02:18:23.623+0000] {dag.py:3096} INFO - Sync 1 DAGs
[2024-06-05T02:18:23.633+0000] {logging_mixin.py:188} INFO - [2024-06-05T02:18:23.633+0000] {dag.py:3118} INFO - Creating ORM DAG for example_short_circuit_operator
[2024-06-05T02:18:23.643+0000] {logging_mixin.py:188} INFO - [2024-06-05T02:18:23.642+0000] {dag.py:3954} INFO - Setting next_dagrun for example_short_circuit_operator to 2024-06-04 00:00:00+00:00, run_after=2024-06-05 00:00:00+00:00
[2024-06-05T02:18:23.664+0000] {processor.py:183} INFO - Processing /home/ubuntu/endtoend_venv/lib/python3.12/site-packages/airflow/example_dags/example_short_circuit_operator.py took 0.206 seconds
[2024-06-05T02:19:17.492+0000] {processor.py:161} INFO - Started process (PID=14971) to work on /home/ubuntu/endtoend_venv/lib/python3.12/site-packages/airflow/example_dags/example_short_circuit_operator.py
[2024-06-05T02:19:17.494+0000] {processor.py:830} INFO - Processing file /home/ubuntu/endtoend_venv/lib/python3.12/site-packages/airflow/example_dags/example_short_circuit_operator.py for tasks to queue
[2024-06-05T02:19:17.496+0000] {logging_mixin.py:188} INFO - [2024-06-05T02:19:17.495+0000] {dagbag.py:545} INFO - Filling up the DagBag from /home/ubuntu/endtoend_venv/lib/python3.12/site-packages/airflow/example_dags/example_short_circuit_operator.py
[2024-06-05T02:19:17.504+0000] {processor.py:840} INFO - DAG(s) 'example_short_circuit_operator' retrieved from /home/ubuntu/endtoend_venv/lib/python3.12/site-packages/airflow/example_dags/example_short_circuit_operator.py
[2024-06-05T02:19:17.524+0000] {logging_mixin.py:188} INFO - [2024-06-05T02:19:17.523+0000] {dag.py:3096} INFO - Sync 1 DAGs
[2024-06-05T02:19:17.545+0000] {logging_mixin.py:188} INFO - [2024-06-05T02:19:17.545+0000] {dag.py:3954} INFO - Setting next_dagrun for example_short_circuit_operator to 2024-06-04 00:00:00+00:00, run_after=2024-06-05 00:00:00+00:00
[2024-06-05T02:19:17.568+0000] {processor.py:183} INFO - Processing /home/ubuntu/endtoend_venv/lib/python3.12/site-packages/airflow/example_dags/example_short_circuit_operator.py took 0.081 seconds
[2024-06-05T02:20:03.894+0000] {processor.py:161} INFO - Started process (PID=15019) to work on /home/ubuntu/endtoend_venv/lib/python3.12/site-packages/airflow/example_dags/example_short_circuit_operator.py
[2024-06-05T02:20:03.895+0000] {processor.py:830} INFO - Processing file /home/ubuntu/endtoend_venv/lib/python3.12/site-packages/airflow/example_dags/example_short_circuit_operator.py for tasks to queue
[2024-06-05T02:20:03.897+0000] {logging_mixin.py:188} INFO - [2024-06-05T02:20:03.897+0000] {dagbag.py:545} INFO - Filling up the DagBag from /home/ubuntu/endtoend_venv/lib/python3.12/site-packages/airflow/example_dags/example_short_circuit_operator.py
[2024-06-05T02:20:03.905+0000] {processor.py:840} INFO - DAG(s) 'example_short_circuit_operator' retrieved from /home/ubuntu/endtoend_venv/lib/python3.12/site-packages/airflow/example_dags/example_short_circuit_operator.py
[2024-06-05T02:20:03.925+0000] {logging_mixin.py:188} INFO - [2024-06-05T02:20:03.925+0000] {dag.py:3096} INFO - Sync 1 DAGs
[2024-06-05T02:20:03.945+0000] {logging_mixin.py:188} INFO - [2024-06-05T02:20:03.945+0000] {dag.py:3954} INFO - Setting next_dagrun for example_short_circuit_operator to 2024-06-04 00:00:00+00:00, run_after=2024-06-05 00:00:00+00:00
[2024-06-05T02:20:03.969+0000] {processor.py:183} INFO - Processing /home/ubuntu/endtoend_venv/lib/python3.12/site-packages/airflow/example_dags/example_short_circuit_operator.py took 0.081 seconds
[2024-06-05T02:20:53.102+0000] {processor.py:161} INFO - Started process (PID=15074) to work on /home/ubuntu/endtoend_venv/lib/python3.12/site-packages/airflow/example_dags/example_short_circuit_operator.py
[2024-06-05T02:20:53.104+0000] {processor.py:830} INFO - Processing file /home/ubuntu/endtoend_venv/lib/python3.12/site-packages/airflow/example_dags/example_short_circuit_operator.py for tasks to queue
[2024-06-05T02:20:53.105+0000] {logging_mixin.py:188} INFO - [2024-06-05T02:20:53.105+0000] {dagbag.py:545} INFO - Filling up the DagBag from /home/ubuntu/endtoend_venv/lib/python3.12/site-packages/airflow/example_dags/example_short_circuit_operator.py
[2024-06-05T02:20:53.113+0000] {processor.py:840} INFO - DAG(s) 'example_short_circuit_operator' retrieved from /home/ubuntu/endtoend_venv/lib/python3.12/site-packages/airflow/example_dags/example_short_circuit_operator.py
[2024-06-05T02:20:53.133+0000] {logging_mixin.py:188} INFO - [2024-06-05T02:20:53.133+0000] {dag.py:3096} INFO - Sync 1 DAGs
[2024-06-05T02:20:53.153+0000] {logging_mixin.py:188} INFO - [2024-06-05T02:20:53.153+0000] {dag.py:3954} INFO - Setting next_dagrun for example_short_circuit_operator to 2024-06-04 00:00:00+00:00, run_after=2024-06-05 00:00:00+00:00
[2024-06-05T02:20:53.175+0000] {processor.py:183} INFO - Processing /home/ubuntu/endtoend_venv/lib/python3.12/site-packages/airflow/example_dags/example_short_circuit_operator.py took 0.079 seconds
[2024-06-05T02:21:33.666+0000] {processor.py:161} INFO - Started process (PID=15117) to work on /home/ubuntu/endtoend_venv/lib/python3.12/site-packages/airflow/example_dags/example_short_circuit_operator.py
[2024-06-05T02:21:33.667+0000] {processor.py:830} INFO - Processing file /home/ubuntu/endtoend_venv/lib/python3.12/site-packages/airflow/example_dags/example_short_circuit_operator.py for tasks to queue
[2024-06-05T02:21:33.669+0000] {logging_mixin.py:188} INFO - [2024-06-05T02:21:33.668+0000] {dagbag.py:545} INFO - Filling up the DagBag from /home/ubuntu/endtoend_venv/lib/python3.12/site-packages/airflow/example_dags/example_short_circuit_operator.py
[2024-06-05T02:21:33.677+0000] {processor.py:840} INFO - DAG(s) 'example_short_circuit_operator' retrieved from /home/ubuntu/endtoend_venv/lib/python3.12/site-packages/airflow/example_dags/example_short_circuit_operator.py
[2024-06-05T02:21:33.696+0000] {logging_mixin.py:188} INFO - [2024-06-05T02:21:33.696+0000] {dag.py:3096} INFO - Sync 1 DAGs
[2024-06-05T02:21:33.716+0000] {logging_mixin.py:188} INFO - [2024-06-05T02:21:33.716+0000] {dag.py:3954} INFO - Setting next_dagrun for example_short_circuit_operator to 2024-06-04 00:00:00+00:00, run_after=2024-06-05 00:00:00+00:00
[2024-06-05T02:21:33.739+0000] {processor.py:183} INFO - Processing /home/ubuntu/endtoend_venv/lib/python3.12/site-packages/airflow/example_dags/example_short_circuit_operator.py took 0.079 seconds
[2024-06-05T02:22:13.902+0000] {processor.py:161} INFO - Started process (PID=15159) to work on /home/ubuntu/endtoend_venv/lib/python3.12/site-packages/airflow/example_dags/example_short_circuit_operator.py
[2024-06-05T02:22:13.903+0000] {processor.py:830} INFO - Processing file /home/ubuntu/endtoend_venv/lib/python3.12/site-packages/airflow/example_dags/example_short_circuit_operator.py for tasks to queue
[2024-06-05T02:22:13.905+0000] {logging_mixin.py:188} INFO - [2024-06-05T02:22:13.904+0000] {dagbag.py:545} INFO - Filling up the DagBag from /home/ubuntu/endtoend_venv/lib/python3.12/site-packages/airflow/example_dags/example_short_circuit_operator.py
[2024-06-05T02:22:13.913+0000] {processor.py:840} INFO - DAG(s) 'example_short_circuit_operator' retrieved from /home/ubuntu/endtoend_venv/lib/python3.12/site-packages/airflow/example_dags/example_short_circuit_operator.py
[2024-06-05T02:22:13.932+0000] {logging_mixin.py:188} INFO - [2024-06-05T02:22:13.932+0000] {dag.py:3096} INFO - Sync 1 DAGs
[2024-06-05T02:22:13.952+0000] {logging_mixin.py:188} INFO - [2024-06-05T02:22:13.952+0000] {dag.py:3954} INFO - Setting next_dagrun for example_short_circuit_operator to 2024-06-04 00:00:00+00:00, run_after=2024-06-05 00:00:00+00:00
[2024-06-05T02:22:13.974+0000] {processor.py:183} INFO - Processing /home/ubuntu/endtoend_venv/lib/python3.12/site-packages/airflow/example_dags/example_short_circuit_operator.py took 0.078 seconds
[2024-06-05T02:23:09.015+0000] {processor.py:161} INFO - Started process (PID=15217) to work on /home/ubuntu/endtoend_venv/lib/python3.12/site-packages/airflow/example_dags/example_short_circuit_operator.py
[2024-06-05T02:23:09.017+0000] {processor.py:830} INFO - Processing file /home/ubuntu/endtoend_venv/lib/python3.12/site-packages/airflow/example_dags/example_short_circuit_operator.py for tasks to queue
[2024-06-05T02:23:09.019+0000] {logging_mixin.py:188} INFO - [2024-06-05T02:23:09.018+0000] {dagbag.py:545} INFO - Filling up the DagBag from /home/ubuntu/endtoend_venv/lib/python3.12/site-packages/airflow/example_dags/example_short_circuit_operator.py
[2024-06-05T02:23:09.027+0000] {processor.py:840} INFO - DAG(s) 'example_short_circuit_operator' retrieved from /home/ubuntu/endtoend_venv/lib/python3.12/site-packages/airflow/example_dags/example_short_circuit_operator.py
[2024-06-05T02:23:09.046+0000] {logging_mixin.py:188} INFO - [2024-06-05T02:23:09.046+0000] {dag.py:3096} INFO - Sync 1 DAGs
[2024-06-05T02:23:09.067+0000] {logging_mixin.py:188} INFO - [2024-06-05T02:23:09.067+0000] {dag.py:3954} INFO - Setting next_dagrun for example_short_circuit_operator to 2024-06-04 00:00:00+00:00, run_after=2024-06-05 00:00:00+00:00
[2024-06-05T02:23:09.089+0000] {processor.py:183} INFO - Processing /home/ubuntu/endtoend_venv/lib/python3.12/site-packages/airflow/example_dags/example_short_circuit_operator.py took 0.080 seconds
[2024-06-05T02:25:31.191+0000] {processor.py:161} INFO - Started process (PID=15337) to work on /home/ubuntu/endtoend_venv/lib/python3.12/site-packages/airflow/example_dags/example_short_circuit_operator.py
[2024-06-05T02:25:31.193+0000] {processor.py:830} INFO - Processing file /home/ubuntu/endtoend_venv/lib/python3.12/site-packages/airflow/example_dags/example_short_circuit_operator.py for tasks to queue
[2024-06-05T02:25:31.195+0000] {logging_mixin.py:188} INFO - [2024-06-05T02:25:31.194+0000] {dagbag.py:545} INFO - Filling up the DagBag from /home/ubuntu/endtoend_venv/lib/python3.12/site-packages/airflow/example_dags/example_short_circuit_operator.py
[2024-06-05T02:25:31.207+0000] {processor.py:840} INFO - DAG(s) 'example_short_circuit_operator' retrieved from /home/ubuntu/endtoend_venv/lib/python3.12/site-packages/airflow/example_dags/example_short_circuit_operator.py
[2024-06-05T02:25:31.215+0000] {logging_mixin.py:188} INFO - [2024-06-05T02:25:31.215+0000] {dag.py:3096} INFO - Sync 1 DAGs
[2024-06-05T02:25:31.236+0000] {logging_mixin.py:188} INFO - [2024-06-05T02:25:31.236+0000] {dag.py:3954} INFO - Setting next_dagrun for example_short_circuit_operator to 2024-06-04 00:00:00+00:00, run_after=2024-06-05 00:00:00+00:00
[2024-06-05T02:25:31.259+0000] {processor.py:183} INFO - Processing /home/ubuntu/endtoend_venv/lib/python3.12/site-packages/airflow/example_dags/example_short_circuit_operator.py took 0.074 seconds
[2024-06-05T02:26:23.183+0000] {processor.py:161} INFO - Started process (PID=15389) to work on /home/ubuntu/endtoend_venv/lib/python3.12/site-packages/airflow/example_dags/example_short_circuit_operator.py
[2024-06-05T02:26:23.185+0000] {processor.py:830} INFO - Processing file /home/ubuntu/endtoend_venv/lib/python3.12/site-packages/airflow/example_dags/example_short_circuit_operator.py for tasks to queue
[2024-06-05T02:26:23.186+0000] {logging_mixin.py:188} INFO - [2024-06-05T02:26:23.186+0000] {dagbag.py:545} INFO - Filling up the DagBag from /home/ubuntu/endtoend_venv/lib/python3.12/site-packages/airflow/example_dags/example_short_circuit_operator.py
[2024-06-05T02:26:23.194+0000] {processor.py:840} INFO - DAG(s) 'example_short_circuit_operator' retrieved from /home/ubuntu/endtoend_venv/lib/python3.12/site-packages/airflow/example_dags/example_short_circuit_operator.py
[2024-06-05T02:26:23.300+0000] {logging_mixin.py:188} INFO - [2024-06-05T02:26:23.300+0000] {dag.py:3096} INFO - Sync 1 DAGs
[2024-06-05T02:26:23.317+0000] {logging_mixin.py:188} INFO - [2024-06-05T02:26:23.317+0000] {dag.py:3954} INFO - Setting next_dagrun for example_short_circuit_operator to 2024-06-04 00:00:00+00:00, run_after=2024-06-05 00:00:00+00:00
[2024-06-05T02:26:23.340+0000] {processor.py:183} INFO - Processing /home/ubuntu/endtoend_venv/lib/python3.12/site-packages/airflow/example_dags/example_short_circuit_operator.py took 0.162 seconds
[2024-06-05T02:27:09.778+0000] {processor.py:161} INFO - Started process (PID=15435) to work on /home/ubuntu/endtoend_venv/lib/python3.12/site-packages/airflow/example_dags/example_short_circuit_operator.py
[2024-06-05T02:27:09.779+0000] {processor.py:830} INFO - Processing file /home/ubuntu/endtoend_venv/lib/python3.12/site-packages/airflow/example_dags/example_short_circuit_operator.py for tasks to queue
[2024-06-05T02:27:09.781+0000] {logging_mixin.py:188} INFO - [2024-06-05T02:27:09.781+0000] {dagbag.py:545} INFO - Filling up the DagBag from /home/ubuntu/endtoend_venv/lib/python3.12/site-packages/airflow/example_dags/example_short_circuit_operator.py
[2024-06-05T02:27:09.789+0000] {processor.py:840} INFO - DAG(s) 'example_short_circuit_operator' retrieved from /home/ubuntu/endtoend_venv/lib/python3.12/site-packages/airflow/example_dags/example_short_circuit_operator.py
[2024-06-05T02:27:09.809+0000] {logging_mixin.py:188} INFO - [2024-06-05T02:27:09.808+0000] {dag.py:3096} INFO - Sync 1 DAGs
[2024-06-05T02:27:09.828+0000] {logging_mixin.py:188} INFO - [2024-06-05T02:27:09.828+0000] {dag.py:3954} INFO - Setting next_dagrun for example_short_circuit_operator to 2024-06-04 00:00:00+00:00, run_after=2024-06-05 00:00:00+00:00
[2024-06-05T02:27:09.851+0000] {processor.py:183} INFO - Processing /home/ubuntu/endtoend_venv/lib/python3.12/site-packages/airflow/example_dags/example_short_circuit_operator.py took 0.079 seconds
[2024-06-05T02:27:59.145+0000] {processor.py:161} INFO - Started process (PID=15486) to work on /home/ubuntu/endtoend_venv/lib/python3.12/site-packages/airflow/example_dags/example_short_circuit_operator.py
[2024-06-05T02:27:59.147+0000] {processor.py:830} INFO - Processing file /home/ubuntu/endtoend_venv/lib/python3.12/site-packages/airflow/example_dags/example_short_circuit_operator.py for tasks to queue
[2024-06-05T02:27:59.148+0000] {logging_mixin.py:188} INFO - [2024-06-05T02:27:59.148+0000] {dagbag.py:545} INFO - Filling up the DagBag from /home/ubuntu/endtoend_venv/lib/python3.12/site-packages/airflow/example_dags/example_short_circuit_operator.py
[2024-06-05T02:27:59.156+0000] {processor.py:840} INFO - DAG(s) 'example_short_circuit_operator' retrieved from /home/ubuntu/endtoend_venv/lib/python3.12/site-packages/airflow/example_dags/example_short_circuit_operator.py
[2024-06-05T02:27:59.176+0000] {logging_mixin.py:188} INFO - [2024-06-05T02:27:59.176+0000] {dag.py:3096} INFO - Sync 1 DAGs
[2024-06-05T02:27:59.197+0000] {logging_mixin.py:188} INFO - [2024-06-05T02:27:59.197+0000] {dag.py:3954} INFO - Setting next_dagrun for example_short_circuit_operator to 2024-06-04 00:00:00+00:00, run_after=2024-06-05 00:00:00+00:00
[2024-06-05T02:27:59.220+0000] {processor.py:183} INFO - Processing /home/ubuntu/endtoend_venv/lib/python3.12/site-packages/airflow/example_dags/example_short_circuit_operator.py took 0.081 seconds
[2024-06-05T02:28:42.432+0000] {processor.py:161} INFO - Started process (PID=15531) to work on /home/ubuntu/endtoend_venv/lib/python3.12/site-packages/airflow/example_dags/example_short_circuit_operator.py
[2024-06-05T02:28:42.434+0000] {processor.py:830} INFO - Processing file /home/ubuntu/endtoend_venv/lib/python3.12/site-packages/airflow/example_dags/example_short_circuit_operator.py for tasks to queue
[2024-06-05T02:28:42.436+0000] {logging_mixin.py:188} INFO - [2024-06-05T02:28:42.435+0000] {dagbag.py:545} INFO - Filling up the DagBag from /home/ubuntu/endtoend_venv/lib/python3.12/site-packages/airflow/example_dags/example_short_circuit_operator.py
[2024-06-05T02:28:42.444+0000] {processor.py:840} INFO - DAG(s) 'example_short_circuit_operator' retrieved from /home/ubuntu/endtoend_venv/lib/python3.12/site-packages/airflow/example_dags/example_short_circuit_operator.py
[2024-06-05T02:28:42.463+0000] {logging_mixin.py:188} INFO - [2024-06-05T02:28:42.463+0000] {dag.py:3096} INFO - Sync 1 DAGs
[2024-06-05T02:28:42.483+0000] {logging_mixin.py:188} INFO - [2024-06-05T02:28:42.483+0000] {dag.py:3954} INFO - Setting next_dagrun for example_short_circuit_operator to 2024-06-04 00:00:00+00:00, run_after=2024-06-05 00:00:00+00:00
[2024-06-05T02:28:42.508+0000] {processor.py:183} INFO - Processing /home/ubuntu/endtoend_venv/lib/python3.12/site-packages/airflow/example_dags/example_short_circuit_operator.py took 0.081 seconds
[2024-06-05T02:29:23.556+0000] {processor.py:161} INFO - Started process (PID=15578) to work on /home/ubuntu/endtoend_venv/lib/python3.12/site-packages/airflow/example_dags/example_short_circuit_operator.py
[2024-06-05T02:29:23.557+0000] {processor.py:830} INFO - Processing file /home/ubuntu/endtoend_venv/lib/python3.12/site-packages/airflow/example_dags/example_short_circuit_operator.py for tasks to queue
[2024-06-05T02:29:23.559+0000] {logging_mixin.py:188} INFO - [2024-06-05T02:29:23.559+0000] {dagbag.py:545} INFO - Filling up the DagBag from /home/ubuntu/endtoend_venv/lib/python3.12/site-packages/airflow/example_dags/example_short_circuit_operator.py
[2024-06-05T02:29:23.567+0000] {processor.py:840} INFO - DAG(s) 'example_short_circuit_operator' retrieved from /home/ubuntu/endtoend_venv/lib/python3.12/site-packages/airflow/example_dags/example_short_circuit_operator.py
[2024-06-05T02:29:23.586+0000] {logging_mixin.py:188} INFO - [2024-06-05T02:29:23.586+0000] {dag.py:3096} INFO - Sync 1 DAGs
[2024-06-05T02:29:23.606+0000] {logging_mixin.py:188} INFO - [2024-06-05T02:29:23.606+0000] {dag.py:3954} INFO - Setting next_dagrun for example_short_circuit_operator to 2024-06-04 00:00:00+00:00, run_after=2024-06-05 00:00:00+00:00
[2024-06-05T02:29:23.630+0000] {processor.py:183} INFO - Processing /home/ubuntu/endtoend_venv/lib/python3.12/site-packages/airflow/example_dags/example_short_circuit_operator.py took 0.080 seconds
[2024-06-05T02:30:05.938+0000] {processor.py:161} INFO - Started process (PID=15624) to work on /home/ubuntu/endtoend_venv/lib/python3.12/site-packages/airflow/example_dags/example_short_circuit_operator.py
[2024-06-05T02:30:05.940+0000] {processor.py:830} INFO - Processing file /home/ubuntu/endtoend_venv/lib/python3.12/site-packages/airflow/example_dags/example_short_circuit_operator.py for tasks to queue
[2024-06-05T02:30:05.941+0000] {logging_mixin.py:188} INFO - [2024-06-05T02:30:05.941+0000] {dagbag.py:545} INFO - Filling up the DagBag from /home/ubuntu/endtoend_venv/lib/python3.12/site-packages/airflow/example_dags/example_short_circuit_operator.py
[2024-06-05T02:30:05.949+0000] {processor.py:840} INFO - DAG(s) 'example_short_circuit_operator' retrieved from /home/ubuntu/endtoend_venv/lib/python3.12/site-packages/airflow/example_dags/example_short_circuit_operator.py
[2024-06-05T02:30:05.969+0000] {logging_mixin.py:188} INFO - [2024-06-05T02:30:05.968+0000] {dag.py:3096} INFO - Sync 1 DAGs
[2024-06-05T02:30:05.989+0000] {logging_mixin.py:188} INFO - [2024-06-05T02:30:05.988+0000] {dag.py:3954} INFO - Setting next_dagrun for example_short_circuit_operator to 2024-06-04 00:00:00+00:00, run_after=2024-06-05 00:00:00+00:00
[2024-06-05T02:30:06.012+0000] {processor.py:183} INFO - Processing /home/ubuntu/endtoend_venv/lib/python3.12/site-packages/airflow/example_dags/example_short_circuit_operator.py took 0.080 seconds
[2024-06-05T02:30:48.128+0000] {processor.py:161} INFO - Started process (PID=15667) to work on /home/ubuntu/endtoend_venv/lib/python3.12/site-packages/airflow/example_dags/example_short_circuit_operator.py
[2024-06-05T02:30:48.130+0000] {processor.py:830} INFO - Processing file /home/ubuntu/endtoend_venv/lib/python3.12/site-packages/airflow/example_dags/example_short_circuit_operator.py for tasks to queue
[2024-06-05T02:30:48.131+0000] {logging_mixin.py:188} INFO - [2024-06-05T02:30:48.131+0000] {dagbag.py:545} INFO - Filling up the DagBag from /home/ubuntu/endtoend_venv/lib/python3.12/site-packages/airflow/example_dags/example_short_circuit_operator.py
[2024-06-05T02:30:48.139+0000] {processor.py:840} INFO - DAG(s) 'example_short_circuit_operator' retrieved from /home/ubuntu/endtoend_venv/lib/python3.12/site-packages/airflow/example_dags/example_short_circuit_operator.py
[2024-06-05T02:30:48.159+0000] {logging_mixin.py:188} INFO - [2024-06-05T02:30:48.159+0000] {dag.py:3096} INFO - Sync 1 DAGs
[2024-06-05T02:30:48.179+0000] {logging_mixin.py:188} INFO - [2024-06-05T02:30:48.179+0000] {dag.py:3954} INFO - Setting next_dagrun for example_short_circuit_operator to 2024-06-04 00:00:00+00:00, run_after=2024-06-05 00:00:00+00:00
[2024-06-05T02:30:48.204+0000] {processor.py:183} INFO - Processing /home/ubuntu/endtoend_venv/lib/python3.12/site-packages/airflow/example_dags/example_short_circuit_operator.py took 0.081 seconds
[2024-06-05T02:31:30.078+0000] {processor.py:161} INFO - Started process (PID=15710) to work on /home/ubuntu/endtoend_venv/lib/python3.12/site-packages/airflow/example_dags/example_short_circuit_operator.py
[2024-06-05T02:31:30.079+0000] {processor.py:830} INFO - Processing file /home/ubuntu/endtoend_venv/lib/python3.12/site-packages/airflow/example_dags/example_short_circuit_operator.py for tasks to queue
[2024-06-05T02:31:30.081+0000] {logging_mixin.py:188} INFO - [2024-06-05T02:31:30.081+0000] {dagbag.py:545} INFO - Filling up the DagBag from /home/ubuntu/endtoend_venv/lib/python3.12/site-packages/airflow/example_dags/example_short_circuit_operator.py
[2024-06-05T02:31:30.089+0000] {processor.py:840} INFO - DAG(s) 'example_short_circuit_operator' retrieved from /home/ubuntu/endtoend_venv/lib/python3.12/site-packages/airflow/example_dags/example_short_circuit_operator.py
[2024-06-05T02:31:30.109+0000] {logging_mixin.py:188} INFO - [2024-06-05T02:31:30.108+0000] {dag.py:3096} INFO - Sync 1 DAGs
[2024-06-05T02:31:30.129+0000] {logging_mixin.py:188} INFO - [2024-06-05T02:31:30.129+0000] {dag.py:3954} INFO - Setting next_dagrun for example_short_circuit_operator to 2024-06-04 00:00:00+00:00, run_after=2024-06-05 00:00:00+00:00
[2024-06-05T02:31:30.155+0000] {processor.py:183} INFO - Processing /home/ubuntu/endtoend_venv/lib/python3.12/site-packages/airflow/example_dags/example_short_circuit_operator.py took 0.083 seconds
[2024-06-05T02:32:14.615+0000] {processor.py:161} INFO - Started process (PID=15755) to work on /home/ubuntu/endtoend_venv/lib/python3.12/site-packages/airflow/example_dags/example_short_circuit_operator.py
[2024-06-05T02:32:14.616+0000] {processor.py:830} INFO - Processing file /home/ubuntu/endtoend_venv/lib/python3.12/site-packages/airflow/example_dags/example_short_circuit_operator.py for tasks to queue
[2024-06-05T02:32:14.618+0000] {logging_mixin.py:188} INFO - [2024-06-05T02:32:14.618+0000] {dagbag.py:545} INFO - Filling up the DagBag from /home/ubuntu/endtoend_venv/lib/python3.12/site-packages/airflow/example_dags/example_short_circuit_operator.py
[2024-06-05T02:32:14.626+0000] {processor.py:840} INFO - DAG(s) 'example_short_circuit_operator' retrieved from /home/ubuntu/endtoend_venv/lib/python3.12/site-packages/airflow/example_dags/example_short_circuit_operator.py
[2024-06-05T02:32:14.645+0000] {logging_mixin.py:188} INFO - [2024-06-05T02:32:14.645+0000] {dag.py:3096} INFO - Sync 1 DAGs
[2024-06-05T02:32:14.665+0000] {logging_mixin.py:188} INFO - [2024-06-05T02:32:14.665+0000] {dag.py:3954} INFO - Setting next_dagrun for example_short_circuit_operator to 2024-06-04 00:00:00+00:00, run_after=2024-06-05 00:00:00+00:00
[2024-06-05T02:32:14.689+0000] {processor.py:183} INFO - Processing /home/ubuntu/endtoend_venv/lib/python3.12/site-packages/airflow/example_dags/example_short_circuit_operator.py took 0.080 seconds
[2024-06-05T02:32:55.719+0000] {processor.py:161} INFO - Started process (PID=15797) to work on /home/ubuntu/endtoend_venv/lib/python3.12/site-packages/airflow/example_dags/example_short_circuit_operator.py
[2024-06-05T02:32:55.721+0000] {processor.py:830} INFO - Processing file /home/ubuntu/endtoend_venv/lib/python3.12/site-packages/airflow/example_dags/example_short_circuit_operator.py for tasks to queue
[2024-06-05T02:32:55.722+0000] {logging_mixin.py:188} INFO - [2024-06-05T02:32:55.722+0000] {dagbag.py:545} INFO - Filling up the DagBag from /home/ubuntu/endtoend_venv/lib/python3.12/site-packages/airflow/example_dags/example_short_circuit_operator.py
[2024-06-05T02:32:55.730+0000] {processor.py:840} INFO - DAG(s) 'example_short_circuit_operator' retrieved from /home/ubuntu/endtoend_venv/lib/python3.12/site-packages/airflow/example_dags/example_short_circuit_operator.py
[2024-06-05T02:32:55.750+0000] {logging_mixin.py:188} INFO - [2024-06-05T02:32:55.750+0000] {dag.py:3096} INFO - Sync 1 DAGs
[2024-06-05T02:32:55.770+0000] {logging_mixin.py:188} INFO - [2024-06-05T02:32:55.770+0000] {dag.py:3954} INFO - Setting next_dagrun for example_short_circuit_operator to 2024-06-04 00:00:00+00:00, run_after=2024-06-05 00:00:00+00:00
[2024-06-05T02:32:55.793+0000] {processor.py:183} INFO - Processing /home/ubuntu/endtoend_venv/lib/python3.12/site-packages/airflow/example_dags/example_short_circuit_operator.py took 0.080 seconds
[2024-06-05T02:33:38.222+0000] {processor.py:161} INFO - Started process (PID=15839) to work on /home/ubuntu/endtoend_venv/lib/python3.12/site-packages/airflow/example_dags/example_short_circuit_operator.py
[2024-06-05T02:33:38.224+0000] {processor.py:830} INFO - Processing file /home/ubuntu/endtoend_venv/lib/python3.12/site-packages/airflow/example_dags/example_short_circuit_operator.py for tasks to queue
[2024-06-05T02:33:38.225+0000] {logging_mixin.py:188} INFO - [2024-06-05T02:33:38.225+0000] {dagbag.py:545} INFO - Filling up the DagBag from /home/ubuntu/endtoend_venv/lib/python3.12/site-packages/airflow/example_dags/example_short_circuit_operator.py
[2024-06-05T02:33:38.233+0000] {processor.py:840} INFO - DAG(s) 'example_short_circuit_operator' retrieved from /home/ubuntu/endtoend_venv/lib/python3.12/site-packages/airflow/example_dags/example_short_circuit_operator.py
[2024-06-05T02:33:38.253+0000] {logging_mixin.py:188} INFO - [2024-06-05T02:33:38.253+0000] {dag.py:3096} INFO - Sync 1 DAGs
[2024-06-05T02:33:38.274+0000] {logging_mixin.py:188} INFO - [2024-06-05T02:33:38.274+0000] {dag.py:3954} INFO - Setting next_dagrun for example_short_circuit_operator to 2024-06-04 00:00:00+00:00, run_after=2024-06-05 00:00:00+00:00
[2024-06-05T02:33:38.298+0000] {processor.py:183} INFO - Processing /home/ubuntu/endtoend_venv/lib/python3.12/site-packages/airflow/example_dags/example_short_circuit_operator.py took 0.081 seconds
[2024-06-05T02:34:19.413+0000] {processor.py:161} INFO - Started process (PID=15883) to work on /home/ubuntu/endtoend_venv/lib/python3.12/site-packages/airflow/example_dags/example_short_circuit_operator.py
[2024-06-05T02:34:19.415+0000] {processor.py:830} INFO - Processing file /home/ubuntu/endtoend_venv/lib/python3.12/site-packages/airflow/example_dags/example_short_circuit_operator.py for tasks to queue
[2024-06-05T02:34:19.417+0000] {logging_mixin.py:188} INFO - [2024-06-05T02:34:19.416+0000] {dagbag.py:545} INFO - Filling up the DagBag from /home/ubuntu/endtoend_venv/lib/python3.12/site-packages/airflow/example_dags/example_short_circuit_operator.py
[2024-06-05T02:34:19.424+0000] {processor.py:840} INFO - DAG(s) 'example_short_circuit_operator' retrieved from /home/ubuntu/endtoend_venv/lib/python3.12/site-packages/airflow/example_dags/example_short_circuit_operator.py
[2024-06-05T02:34:19.444+0000] {logging_mixin.py:188} INFO - [2024-06-05T02:34:19.444+0000] {dag.py:3096} INFO - Sync 1 DAGs
[2024-06-05T02:34:19.464+0000] {logging_mixin.py:188} INFO - [2024-06-05T02:34:19.464+0000] {dag.py:3954} INFO - Setting next_dagrun for example_short_circuit_operator to 2024-06-04 00:00:00+00:00, run_after=2024-06-05 00:00:00+00:00
[2024-06-05T02:34:19.487+0000] {processor.py:183} INFO - Processing /home/ubuntu/endtoend_venv/lib/python3.12/site-packages/airflow/example_dags/example_short_circuit_operator.py took 0.079 seconds
[2024-06-05T02:34:58.168+0000] {processor.py:161} INFO - Started process (PID=15923) to work on /home/ubuntu/endtoend_venv/lib/python3.12/site-packages/airflow/example_dags/example_short_circuit_operator.py
[2024-06-05T02:34:58.169+0000] {processor.py:830} INFO - Processing file /home/ubuntu/endtoend_venv/lib/python3.12/site-packages/airflow/example_dags/example_short_circuit_operator.py for tasks to queue
[2024-06-05T02:34:58.171+0000] {logging_mixin.py:188} INFO - [2024-06-05T02:34:58.171+0000] {dagbag.py:545} INFO - Filling up the DagBag from /home/ubuntu/endtoend_venv/lib/python3.12/site-packages/airflow/example_dags/example_short_circuit_operator.py
[2024-06-05T02:34:58.179+0000] {processor.py:840} INFO - DAG(s) 'example_short_circuit_operator' retrieved from /home/ubuntu/endtoend_venv/lib/python3.12/site-packages/airflow/example_dags/example_short_circuit_operator.py
[2024-06-05T02:34:58.198+0000] {logging_mixin.py:188} INFO - [2024-06-05T02:34:58.198+0000] {dag.py:3096} INFO - Sync 1 DAGs
[2024-06-05T02:34:58.219+0000] {logging_mixin.py:188} INFO - [2024-06-05T02:34:58.219+0000] {dag.py:3954} INFO - Setting next_dagrun for example_short_circuit_operator to 2024-06-04 00:00:00+00:00, run_after=2024-06-05 00:00:00+00:00
[2024-06-05T02:34:58.240+0000] {processor.py:183} INFO - Processing /home/ubuntu/endtoend_venv/lib/python3.12/site-packages/airflow/example_dags/example_short_circuit_operator.py took 0.079 seconds
