[2024-06-05T02:19:00.615+0000] {processor.py:161} INFO - Started process (PID=14953) to work on /home/ubuntu/endtoend_venv/lib/python3.12/site-packages/airflow/example_dags/example_bash_decorator.py
[2024-06-05T02:19:00.616+0000] {processor.py:830} INFO - Processing file /home/ubuntu/endtoend_venv/lib/python3.12/site-packages/airflow/example_dags/example_bash_decorator.py for tasks to queue
[2024-06-05T02:19:00.618+0000] {logging_mixin.py:188} INFO - [2024-06-05T02:19:00.617+0000] {dagbag.py:545} INFO - Filling up the DagBag from /home/ubuntu/endtoend_venv/lib/python3.12/site-packages/airflow/example_dags/example_bash_decorator.py
[2024-06-05T02:19:00.632+0000] {processor.py:840} INFO - DAG(s) 'example_bash_decorator' retrieved from /home/ubuntu/endtoend_venv/lib/python3.12/site-packages/airflow/example_dags/example_bash_decorator.py
[2024-06-05T02:19:00.749+0000] {logging_mixin.py:188} INFO - [2024-06-05T02:19:00.748+0000] {override.py:1829} INFO - Created Permission View: can read on DAG:example_bash_decorator
[2024-06-05T02:19:00.762+0000] {logging_mixin.py:188} INFO - [2024-06-05T02:19:00.761+0000] {override.py:1829} INFO - Created Permission View: can delete on DAG:example_bash_decorator
[2024-06-05T02:19:00.771+0000] {logging_mixin.py:188} INFO - [2024-06-05T02:19:00.771+0000] {override.py:1829} INFO - Created Permission View: can edit on DAG:example_bash_decorator
[2024-06-05T02:19:00.771+0000] {logging_mixin.py:188} INFO - [2024-06-05T02:19:00.771+0000] {dag.py:3096} INFO - Sync 1 DAGs
[2024-06-05T02:19:00.783+0000] {logging_mixin.py:188} INFO - [2024-06-05T02:19:00.783+0000] {dag.py:3118} INFO - Creating ORM DAG for example_bash_decorator
[2024-06-05T02:19:00.784+0000] {logging_mixin.py:188} INFO - [2024-06-05T02:19:00.784+0000] {dag.py:3954} INFO - Setting next_dagrun for example_bash_decorator to None, run_after=None
[2024-06-05T02:19:00.805+0000] {processor.py:183} INFO - Processing /home/ubuntu/endtoend_venv/lib/python3.12/site-packages/airflow/example_dags/example_bash_decorator.py took 0.195 seconds
[2024-06-05T02:20:06.613+0000] {processor.py:161} INFO - Started process (PID=15027) to work on /home/ubuntu/endtoend_venv/lib/python3.12/site-packages/airflow/example_dags/example_bash_decorator.py
[2024-06-05T02:20:06.615+0000] {processor.py:830} INFO - Processing file /home/ubuntu/endtoend_venv/lib/python3.12/site-packages/airflow/example_dags/example_bash_decorator.py for tasks to queue
[2024-06-05T02:20:06.617+0000] {logging_mixin.py:188} INFO - [2024-06-05T02:20:06.616+0000] {dagbag.py:545} INFO - Filling up the DagBag from /home/ubuntu/endtoend_venv/lib/python3.12/site-packages/airflow/example_dags/example_bash_decorator.py
[2024-06-05T02:20:06.632+0000] {processor.py:840} INFO - DAG(s) 'example_bash_decorator' retrieved from /home/ubuntu/endtoend_venv/lib/python3.12/site-packages/airflow/example_dags/example_bash_decorator.py
[2024-06-05T02:20:06.652+0000] {logging_mixin.py:188} INFO - [2024-06-05T02:20:06.652+0000] {dag.py:3096} INFO - Sync 1 DAGs
[2024-06-05T02:20:06.665+0000] {logging_mixin.py:188} INFO - [2024-06-05T02:20:06.665+0000] {dag.py:3954} INFO - Setting next_dagrun for example_bash_decorator to None, run_after=None
[2024-06-05T02:20:06.689+0000] {processor.py:183} INFO - Processing /home/ubuntu/endtoend_venv/lib/python3.12/site-packages/airflow/example_dags/example_bash_decorator.py took 0.082 seconds
[2024-06-05T02:21:07.110+0000] {processor.py:161} INFO - Started process (PID=15090) to work on /home/ubuntu/endtoend_venv/lib/python3.12/site-packages/airflow/example_dags/example_bash_decorator.py
[2024-06-05T02:21:07.112+0000] {processor.py:830} INFO - Processing file /home/ubuntu/endtoend_venv/lib/python3.12/site-packages/airflow/example_dags/example_bash_decorator.py for tasks to queue
[2024-06-05T02:21:07.114+0000] {logging_mixin.py:188} INFO - [2024-06-05T02:21:07.113+0000] {dagbag.py:545} INFO - Filling up the DagBag from /home/ubuntu/endtoend_venv/lib/python3.12/site-packages/airflow/example_dags/example_bash_decorator.py
[2024-06-05T02:21:07.128+0000] {processor.py:840} INFO - DAG(s) 'example_bash_decorator' retrieved from /home/ubuntu/endtoend_venv/lib/python3.12/site-packages/airflow/example_dags/example_bash_decorator.py
[2024-06-05T02:21:07.148+0000] {logging_mixin.py:188} INFO - [2024-06-05T02:21:07.148+0000] {dag.py:3096} INFO - Sync 1 DAGs
[2024-06-05T02:21:07.160+0000] {logging_mixin.py:188} INFO - [2024-06-05T02:21:07.159+0000] {dag.py:3954} INFO - Setting next_dagrun for example_bash_decorator to None, run_after=None
[2024-06-05T02:21:07.181+0000] {processor.py:183} INFO - Processing /home/ubuntu/endtoend_venv/lib/python3.12/site-packages/airflow/example_dags/example_bash_decorator.py took 0.077 seconds
[2024-06-05T02:22:04.323+0000] {processor.py:161} INFO - Started process (PID=15149) to work on /home/ubuntu/endtoend_venv/lib/python3.12/site-packages/airflow/example_dags/example_bash_decorator.py
[2024-06-05T02:22:04.325+0000] {processor.py:830} INFO - Processing file /home/ubuntu/endtoend_venv/lib/python3.12/site-packages/airflow/example_dags/example_bash_decorator.py for tasks to queue
[2024-06-05T02:22:04.327+0000] {logging_mixin.py:188} INFO - [2024-06-05T02:22:04.326+0000] {dagbag.py:545} INFO - Filling up the DagBag from /home/ubuntu/endtoend_venv/lib/python3.12/site-packages/airflow/example_dags/example_bash_decorator.py
[2024-06-05T02:22:04.341+0000] {processor.py:840} INFO - DAG(s) 'example_bash_decorator' retrieved from /home/ubuntu/endtoend_venv/lib/python3.12/site-packages/airflow/example_dags/example_bash_decorator.py
[2024-06-05T02:22:04.361+0000] {logging_mixin.py:188} INFO - [2024-06-05T02:22:04.361+0000] {dag.py:3096} INFO - Sync 1 DAGs
[2024-06-05T02:22:04.373+0000] {logging_mixin.py:188} INFO - [2024-06-05T02:22:04.373+0000] {dag.py:3954} INFO - Setting next_dagrun for example_bash_decorator to None, run_after=None
[2024-06-05T02:22:04.396+0000] {processor.py:183} INFO - Processing /home/ubuntu/endtoend_venv/lib/python3.12/site-packages/airflow/example_dags/example_bash_decorator.py took 0.078 seconds
[2024-06-05T02:23:00.322+0000] {processor.py:161} INFO - Started process (PID=15208) to work on /home/ubuntu/endtoend_venv/lib/python3.12/site-packages/airflow/example_dags/example_bash_decorator.py
[2024-06-05T02:23:00.323+0000] {processor.py:830} INFO - Processing file /home/ubuntu/endtoend_venv/lib/python3.12/site-packages/airflow/example_dags/example_bash_decorator.py for tasks to queue
[2024-06-05T02:23:00.325+0000] {logging_mixin.py:188} INFO - [2024-06-05T02:23:00.324+0000] {dagbag.py:545} INFO - Filling up the DagBag from /home/ubuntu/endtoend_venv/lib/python3.12/site-packages/airflow/example_dags/example_bash_decorator.py
[2024-06-05T02:23:00.339+0000] {processor.py:840} INFO - DAG(s) 'example_bash_decorator' retrieved from /home/ubuntu/endtoend_venv/lib/python3.12/site-packages/airflow/example_dags/example_bash_decorator.py
[2024-06-05T02:23:00.359+0000] {logging_mixin.py:188} INFO - [2024-06-05T02:23:00.358+0000] {dag.py:3096} INFO - Sync 1 DAGs
[2024-06-05T02:23:00.370+0000] {logging_mixin.py:188} INFO - [2024-06-05T02:23:00.370+0000] {dag.py:3954} INFO - Setting next_dagrun for example_bash_decorator to None, run_after=None
[2024-06-05T02:23:00.394+0000] {processor.py:183} INFO - Processing /home/ubuntu/endtoend_venv/lib/python3.12/site-packages/airflow/example_dags/example_bash_decorator.py took 0.078 seconds
[2024-06-05T02:26:04.671+0000] {processor.py:161} INFO - Started process (PID=15371) to work on /home/ubuntu/endtoend_venv/lib/python3.12/site-packages/airflow/example_dags/example_bash_decorator.py
[2024-06-05T02:26:04.673+0000] {processor.py:830} INFO - Processing file /home/ubuntu/endtoend_venv/lib/python3.12/site-packages/airflow/example_dags/example_bash_decorator.py for tasks to queue
[2024-06-05T02:26:04.675+0000] {logging_mixin.py:188} INFO - [2024-06-05T02:26:04.674+0000] {dagbag.py:545} INFO - Filling up the DagBag from /home/ubuntu/endtoend_venv/lib/python3.12/site-packages/airflow/example_dags/example_bash_decorator.py
[2024-06-05T02:26:04.689+0000] {processor.py:840} INFO - DAG(s) 'example_bash_decorator' retrieved from /home/ubuntu/endtoend_venv/lib/python3.12/site-packages/airflow/example_dags/example_bash_decorator.py
[2024-06-05T02:26:04.795+0000] {logging_mixin.py:188} INFO - [2024-06-05T02:26:04.795+0000] {dag.py:3096} INFO - Sync 1 DAGs
[2024-06-05T02:26:04.804+0000] {logging_mixin.py:188} INFO - [2024-06-05T02:26:04.804+0000] {dag.py:3954} INFO - Setting next_dagrun for example_bash_decorator to None, run_after=None
[2024-06-05T02:26:04.827+0000] {processor.py:183} INFO - Processing /home/ubuntu/endtoend_venv/lib/python3.12/site-packages/airflow/example_dags/example_bash_decorator.py took 0.161 seconds
[2024-06-05T02:27:13.353+0000] {processor.py:161} INFO - Started process (PID=15439) to work on /home/ubuntu/endtoend_venv/lib/python3.12/site-packages/airflow/example_dags/example_bash_decorator.py
[2024-06-05T02:27:13.355+0000] {processor.py:830} INFO - Processing file /home/ubuntu/endtoend_venv/lib/python3.12/site-packages/airflow/example_dags/example_bash_decorator.py for tasks to queue
[2024-06-05T02:27:13.357+0000] {logging_mixin.py:188} INFO - [2024-06-05T02:27:13.356+0000] {dagbag.py:545} INFO - Filling up the DagBag from /home/ubuntu/endtoend_venv/lib/python3.12/site-packages/airflow/example_dags/example_bash_decorator.py
[2024-06-05T02:27:13.372+0000] {processor.py:840} INFO - DAG(s) 'example_bash_decorator' retrieved from /home/ubuntu/endtoend_venv/lib/python3.12/site-packages/airflow/example_dags/example_bash_decorator.py
[2024-06-05T02:27:13.392+0000] {logging_mixin.py:188} INFO - [2024-06-05T02:27:13.392+0000] {dag.py:3096} INFO - Sync 1 DAGs
[2024-06-05T02:27:13.405+0000] {logging_mixin.py:188} INFO - [2024-06-05T02:27:13.405+0000] {dag.py:3954} INFO - Setting next_dagrun for example_bash_decorator to None, run_after=None
[2024-06-05T02:27:13.429+0000] {processor.py:183} INFO - Processing /home/ubuntu/endtoend_venv/lib/python3.12/site-packages/airflow/example_dags/example_bash_decorator.py took 0.081 seconds
[2024-06-05T02:28:13.840+0000] {processor.py:161} INFO - Started process (PID=15500) to work on /home/ubuntu/endtoend_venv/lib/python3.12/site-packages/airflow/example_dags/example_bash_decorator.py
[2024-06-05T02:28:13.841+0000] {processor.py:830} INFO - Processing file /home/ubuntu/endtoend_venv/lib/python3.12/site-packages/airflow/example_dags/example_bash_decorator.py for tasks to queue
[2024-06-05T02:28:13.843+0000] {logging_mixin.py:188} INFO - [2024-06-05T02:28:13.843+0000] {dagbag.py:545} INFO - Filling up the DagBag from /home/ubuntu/endtoend_venv/lib/python3.12/site-packages/airflow/example_dags/example_bash_decorator.py
[2024-06-05T02:28:13.858+0000] {processor.py:840} INFO - DAG(s) 'example_bash_decorator' retrieved from /home/ubuntu/endtoend_venv/lib/python3.12/site-packages/airflow/example_dags/example_bash_decorator.py
[2024-06-05T02:28:13.878+0000] {logging_mixin.py:188} INFO - [2024-06-05T02:28:13.878+0000] {dag.py:3096} INFO - Sync 1 DAGs
[2024-06-05T02:28:13.891+0000] {logging_mixin.py:188} INFO - [2024-06-05T02:28:13.891+0000] {dag.py:3954} INFO - Setting next_dagrun for example_bash_decorator to None, run_after=None
[2024-06-05T02:28:13.917+0000] {processor.py:183} INFO - Processing /home/ubuntu/endtoend_venv/lib/python3.12/site-packages/airflow/example_dags/example_bash_decorator.py took 0.083 seconds
[2024-06-05T02:29:16.513+0000] {processor.py:161} INFO - Started process (PID=15570) to work on /home/ubuntu/endtoend_venv/lib/python3.12/site-packages/airflow/example_dags/example_bash_decorator.py
[2024-06-05T02:29:16.515+0000] {processor.py:830} INFO - Processing file /home/ubuntu/endtoend_venv/lib/python3.12/site-packages/airflow/example_dags/example_bash_decorator.py for tasks to queue
[2024-06-05T02:29:16.517+0000] {logging_mixin.py:188} INFO - [2024-06-05T02:29:16.516+0000] {dagbag.py:545} INFO - Filling up the DagBag from /home/ubuntu/endtoend_venv/lib/python3.12/site-packages/airflow/example_dags/example_bash_decorator.py
[2024-06-05T02:29:16.531+0000] {processor.py:840} INFO - DAG(s) 'example_bash_decorator' retrieved from /home/ubuntu/endtoend_venv/lib/python3.12/site-packages/airflow/example_dags/example_bash_decorator.py
[2024-06-05T02:29:16.551+0000] {logging_mixin.py:188} INFO - [2024-06-05T02:29:16.551+0000] {dag.py:3096} INFO - Sync 1 DAGs
[2024-06-05T02:29:16.563+0000] {logging_mixin.py:188} INFO - [2024-06-05T02:29:16.563+0000] {dag.py:3954} INFO - Setting next_dagrun for example_bash_decorator to None, run_after=None
[2024-06-05T02:29:16.585+0000] {processor.py:183} INFO - Processing /home/ubuntu/endtoend_venv/lib/python3.12/site-packages/airflow/example_dags/example_bash_decorator.py took 0.078 seconds
[2024-06-05T02:30:18.935+0000] {processor.py:161} INFO - Started process (PID=15638) to work on /home/ubuntu/endtoend_venv/lib/python3.12/site-packages/airflow/example_dags/example_bash_decorator.py
[2024-06-05T02:30:18.936+0000] {processor.py:830} INFO - Processing file /home/ubuntu/endtoend_venv/lib/python3.12/site-packages/airflow/example_dags/example_bash_decorator.py for tasks to queue
[2024-06-05T02:30:18.938+0000] {logging_mixin.py:188} INFO - [2024-06-05T02:30:18.937+0000] {dagbag.py:545} INFO - Filling up the DagBag from /home/ubuntu/endtoend_venv/lib/python3.12/site-packages/airflow/example_dags/example_bash_decorator.py
[2024-06-05T02:30:18.953+0000] {processor.py:840} INFO - DAG(s) 'example_bash_decorator' retrieved from /home/ubuntu/endtoend_venv/lib/python3.12/site-packages/airflow/example_dags/example_bash_decorator.py
[2024-06-05T02:30:18.973+0000] {logging_mixin.py:188} INFO - [2024-06-05T02:30:18.973+0000] {dag.py:3096} INFO - Sync 1 DAGs
[2024-06-05T02:30:18.985+0000] {logging_mixin.py:188} INFO - [2024-06-05T02:30:18.985+0000] {dag.py:3954} INFO - Setting next_dagrun for example_bash_decorator to None, run_after=None
[2024-06-05T02:30:19.009+0000] {processor.py:183} INFO - Processing /home/ubuntu/endtoend_venv/lib/python3.12/site-packages/airflow/example_dags/example_bash_decorator.py took 0.080 seconds
[2024-06-05T02:31:21.943+0000] {processor.py:161} INFO - Started process (PID=15702) to work on /home/ubuntu/endtoend_venv/lib/python3.12/site-packages/airflow/example_dags/example_bash_decorator.py
[2024-06-05T02:31:21.945+0000] {processor.py:830} INFO - Processing file /home/ubuntu/endtoend_venv/lib/python3.12/site-packages/airflow/example_dags/example_bash_decorator.py for tasks to queue
[2024-06-05T02:31:21.946+0000] {logging_mixin.py:188} INFO - [2024-06-05T02:31:21.946+0000] {dagbag.py:545} INFO - Filling up the DagBag from /home/ubuntu/endtoend_venv/lib/python3.12/site-packages/airflow/example_dags/example_bash_decorator.py
[2024-06-05T02:31:21.961+0000] {processor.py:840} INFO - DAG(s) 'example_bash_decorator' retrieved from /home/ubuntu/endtoend_venv/lib/python3.12/site-packages/airflow/example_dags/example_bash_decorator.py
[2024-06-05T02:31:21.981+0000] {logging_mixin.py:188} INFO - [2024-06-05T02:31:21.980+0000] {dag.py:3096} INFO - Sync 1 DAGs
[2024-06-05T02:31:21.993+0000] {logging_mixin.py:188} INFO - [2024-06-05T02:31:21.992+0000] {dag.py:3954} INFO - Setting next_dagrun for example_bash_decorator to None, run_after=None
[2024-06-05T02:31:22.015+0000] {processor.py:183} INFO - Processing /home/ubuntu/endtoend_venv/lib/python3.12/site-packages/airflow/example_dags/example_bash_decorator.py took 0.078 seconds
[2024-06-05T02:32:26.047+0000] {processor.py:161} INFO - Started process (PID=15767) to work on /home/ubuntu/endtoend_venv/lib/python3.12/site-packages/airflow/example_dags/example_bash_decorator.py
[2024-06-05T02:32:26.048+0000] {processor.py:830} INFO - Processing file /home/ubuntu/endtoend_venv/lib/python3.12/site-packages/airflow/example_dags/example_bash_decorator.py for tasks to queue
[2024-06-05T02:32:26.050+0000] {logging_mixin.py:188} INFO - [2024-06-05T02:32:26.049+0000] {dagbag.py:545} INFO - Filling up the DagBag from /home/ubuntu/endtoend_venv/lib/python3.12/site-packages/airflow/example_dags/example_bash_decorator.py
[2024-06-05T02:32:26.064+0000] {processor.py:840} INFO - DAG(s) 'example_bash_decorator' retrieved from /home/ubuntu/endtoend_venv/lib/python3.12/site-packages/airflow/example_dags/example_bash_decorator.py
[2024-06-05T02:32:26.084+0000] {logging_mixin.py:188} INFO - [2024-06-05T02:32:26.084+0000] {dag.py:3096} INFO - Sync 1 DAGs
[2024-06-05T02:32:26.097+0000] {logging_mixin.py:188} INFO - [2024-06-05T02:32:26.097+0000] {dag.py:3954} INFO - Setting next_dagrun for example_bash_decorator to None, run_after=None
[2024-06-05T02:32:26.119+0000] {processor.py:183} INFO - Processing /home/ubuntu/endtoend_venv/lib/python3.12/site-packages/airflow/example_dags/example_bash_decorator.py took 0.078 seconds
[2024-06-05T02:33:30.202+0000] {processor.py:161} INFO - Started process (PID=15831) to work on /home/ubuntu/endtoend_venv/lib/python3.12/site-packages/airflow/example_dags/example_bash_decorator.py
[2024-06-05T02:33:30.203+0000] {processor.py:830} INFO - Processing file /home/ubuntu/endtoend_venv/lib/python3.12/site-packages/airflow/example_dags/example_bash_decorator.py for tasks to queue
[2024-06-05T02:33:30.205+0000] {logging_mixin.py:188} INFO - [2024-06-05T02:33:30.204+0000] {dagbag.py:545} INFO - Filling up the DagBag from /home/ubuntu/endtoend_venv/lib/python3.12/site-packages/airflow/example_dags/example_bash_decorator.py
[2024-06-05T02:33:30.220+0000] {processor.py:840} INFO - DAG(s) 'example_bash_decorator' retrieved from /home/ubuntu/endtoend_venv/lib/python3.12/site-packages/airflow/example_dags/example_bash_decorator.py
[2024-06-05T02:33:30.241+0000] {logging_mixin.py:188} INFO - [2024-06-05T02:33:30.240+0000] {dag.py:3096} INFO - Sync 1 DAGs
[2024-06-05T02:33:30.253+0000] {logging_mixin.py:188} INFO - [2024-06-05T02:33:30.253+0000] {dag.py:3954} INFO - Setting next_dagrun for example_bash_decorator to None, run_after=None
[2024-06-05T02:33:30.279+0000] {processor.py:183} INFO - Processing /home/ubuntu/endtoend_venv/lib/python3.12/site-packages/airflow/example_dags/example_bash_decorator.py took 0.083 seconds
[2024-06-05T02:34:30.845+0000] {processor.py:161} INFO - Started process (PID=15895) to work on /home/ubuntu/endtoend_venv/lib/python3.12/site-packages/airflow/example_dags/example_bash_decorator.py
[2024-06-05T02:34:30.847+0000] {processor.py:830} INFO - Processing file /home/ubuntu/endtoend_venv/lib/python3.12/site-packages/airflow/example_dags/example_bash_decorator.py for tasks to queue
[2024-06-05T02:34:30.849+0000] {logging_mixin.py:188} INFO - [2024-06-05T02:34:30.848+0000] {dagbag.py:545} INFO - Filling up the DagBag from /home/ubuntu/endtoend_venv/lib/python3.12/site-packages/airflow/example_dags/example_bash_decorator.py
[2024-06-05T02:34:30.863+0000] {processor.py:840} INFO - DAG(s) 'example_bash_decorator' retrieved from /home/ubuntu/endtoend_venv/lib/python3.12/site-packages/airflow/example_dags/example_bash_decorator.py
[2024-06-05T02:34:30.884+0000] {logging_mixin.py:188} INFO - [2024-06-05T02:34:30.883+0000] {dag.py:3096} INFO - Sync 1 DAGs
[2024-06-05T02:34:30.896+0000] {logging_mixin.py:188} INFO - [2024-06-05T02:34:30.896+0000] {dag.py:3954} INFO - Setting next_dagrun for example_bash_decorator to None, run_after=None
[2024-06-05T02:34:30.918+0000] {processor.py:183} INFO - Processing /home/ubuntu/endtoend_venv/lib/python3.12/site-packages/airflow/example_dags/example_bash_decorator.py took 0.079 seconds
