[2024-06-05T02:18:35.585+0000] {processor.py:161} INFO - Started process (PID=14931) to work on /home/ubuntu/endtoend_venv/lib/python3.12/site-packages/airflow/example_dags/example_python_decorator.py
[2024-06-05T02:18:35.586+0000] {processor.py:830} INFO - Processing file /home/ubuntu/endtoend_venv/lib/python3.12/site-packages/airflow/example_dags/example_python_decorator.py for tasks to queue
[2024-06-05T02:18:35.588+0000] {logging_mixin.py:188} INFO - [2024-06-05T02:18:35.588+0000] {dagbag.py:545} INFO - Filling up the DagBag from /home/ubuntu/endtoend_venv/lib/python3.12/site-packages/airflow/example_dags/example_python_decorator.py
[2024-06-05T02:18:35.600+0000] {logging_mixin.py:188} INFO - [2024-06-05T02:18:35.600+0000] {example_python_decorator.py:80} WARNING - The virtalenv_python example task requires virtualenv, please install it.
[2024-06-05T02:18:35.601+0000] {processor.py:840} INFO - DAG(s) 'example_python_decorator' retrieved from /home/ubuntu/endtoend_venv/lib/python3.12/site-packages/airflow/example_dags/example_python_decorator.py
[2024-06-05T02:18:35.720+0000] {logging_mixin.py:188} INFO - [2024-06-05T02:18:35.720+0000] {override.py:1829} INFO - Created Permission View: can read on DAG:example_python_decorator
[2024-06-05T02:18:35.734+0000] {logging_mixin.py:188} INFO - [2024-06-05T02:18:35.733+0000] {override.py:1829} INFO - Created Permission View: can delete on DAG:example_python_decorator
[2024-06-05T02:18:35.743+0000] {logging_mixin.py:188} INFO - [2024-06-05T02:18:35.743+0000] {override.py:1829} INFO - Created Permission View: can edit on DAG:example_python_decorator
[2024-06-05T02:18:35.744+0000] {logging_mixin.py:188} INFO - [2024-06-05T02:18:35.744+0000] {dag.py:3096} INFO - Sync 1 DAGs
[2024-06-05T02:18:35.755+0000] {logging_mixin.py:188} INFO - [2024-06-05T02:18:35.754+0000] {dag.py:3118} INFO - Creating ORM DAG for example_python_decorator
[2024-06-05T02:18:35.755+0000] {logging_mixin.py:188} INFO - [2024-06-05T02:18:35.755+0000] {dag.py:3954} INFO - Setting next_dagrun for example_python_decorator to None, run_after=None
[2024-06-05T02:18:35.777+0000] {processor.py:183} INFO - Processing /home/ubuntu/endtoend_venv/lib/python3.12/site-packages/airflow/example_dags/example_python_decorator.py took 0.198 seconds
[2024-06-05T02:19:28.934+0000] {processor.py:161} INFO - Started process (PID=14982) to work on /home/ubuntu/endtoend_venv/lib/python3.12/site-packages/airflow/example_dags/example_python_decorator.py
[2024-06-05T02:19:28.936+0000] {processor.py:830} INFO - Processing file /home/ubuntu/endtoend_venv/lib/python3.12/site-packages/airflow/example_dags/example_python_decorator.py for tasks to queue
[2024-06-05T02:19:28.938+0000] {logging_mixin.py:188} INFO - [2024-06-05T02:19:28.937+0000] {dagbag.py:545} INFO - Filling up the DagBag from /home/ubuntu/endtoend_venv/lib/python3.12/site-packages/airflow/example_dags/example_python_decorator.py
[2024-06-05T02:19:28.947+0000] {logging_mixin.py:188} INFO - [2024-06-05T02:19:28.947+0000] {example_python_decorator.py:80} WARNING - The virtalenv_python example task requires virtualenv, please install it.
[2024-06-05T02:19:28.948+0000] {processor.py:840} INFO - DAG(s) 'example_python_decorator' retrieved from /home/ubuntu/endtoend_venv/lib/python3.12/site-packages/airflow/example_dags/example_python_decorator.py
[2024-06-05T02:19:28.966+0000] {logging_mixin.py:188} INFO - [2024-06-05T02:19:28.965+0000] {dag.py:3096} INFO - Sync 1 DAGs
[2024-06-05T02:19:28.978+0000] {logging_mixin.py:188} INFO - [2024-06-05T02:19:28.978+0000] {dag.py:3954} INFO - Setting next_dagrun for example_python_decorator to None, run_after=None
[2024-06-05T02:19:29.001+0000] {processor.py:183} INFO - Processing /home/ubuntu/endtoend_venv/lib/python3.12/site-packages/airflow/example_dags/example_python_decorator.py took 0.072 seconds
[2024-06-05T02:20:19.026+0000] {processor.py:161} INFO - Started process (PID=15039) to work on /home/ubuntu/endtoend_venv/lib/python3.12/site-packages/airflow/example_dags/example_python_decorator.py
[2024-06-05T02:20:19.027+0000] {processor.py:830} INFO - Processing file /home/ubuntu/endtoend_venv/lib/python3.12/site-packages/airflow/example_dags/example_python_decorator.py for tasks to queue
[2024-06-05T02:20:19.029+0000] {logging_mixin.py:188} INFO - [2024-06-05T02:20:19.029+0000] {dagbag.py:545} INFO - Filling up the DagBag from /home/ubuntu/endtoend_venv/lib/python3.12/site-packages/airflow/example_dags/example_python_decorator.py
[2024-06-05T02:20:19.038+0000] {logging_mixin.py:188} INFO - [2024-06-05T02:20:19.038+0000] {example_python_decorator.py:80} WARNING - The virtalenv_python example task requires virtualenv, please install it.
[2024-06-05T02:20:19.039+0000] {processor.py:840} INFO - DAG(s) 'example_python_decorator' retrieved from /home/ubuntu/endtoend_venv/lib/python3.12/site-packages/airflow/example_dags/example_python_decorator.py
[2024-06-05T02:20:19.056+0000] {logging_mixin.py:188} INFO - [2024-06-05T02:20:19.056+0000] {dag.py:3096} INFO - Sync 1 DAGs
[2024-06-05T02:20:19.068+0000] {logging_mixin.py:188} INFO - [2024-06-05T02:20:19.068+0000] {dag.py:3954} INFO - Setting next_dagrun for example_python_decorator to None, run_after=None
[2024-06-05T02:20:19.091+0000] {processor.py:183} INFO - Processing /home/ubuntu/endtoend_venv/lib/python3.12/site-packages/airflow/example_dags/example_python_decorator.py took 0.071 seconds
[2024-06-05T02:21:04.326+0000] {processor.py:161} INFO - Started process (PID=15086) to work on /home/ubuntu/endtoend_venv/lib/python3.12/site-packages/airflow/example_dags/example_python_decorator.py
[2024-06-05T02:21:04.329+0000] {processor.py:830} INFO - Processing file /home/ubuntu/endtoend_venv/lib/python3.12/site-packages/airflow/example_dags/example_python_decorator.py for tasks to queue
[2024-06-05T02:21:04.331+0000] {logging_mixin.py:188} INFO - [2024-06-05T02:21:04.330+0000] {dagbag.py:545} INFO - Filling up the DagBag from /home/ubuntu/endtoend_venv/lib/python3.12/site-packages/airflow/example_dags/example_python_decorator.py
[2024-06-05T02:21:04.340+0000] {logging_mixin.py:188} INFO - [2024-06-05T02:21:04.340+0000] {example_python_decorator.py:80} WARNING - The virtalenv_python example task requires virtualenv, please install it.
[2024-06-05T02:21:04.341+0000] {processor.py:840} INFO - DAG(s) 'example_python_decorator' retrieved from /home/ubuntu/endtoend_venv/lib/python3.12/site-packages/airflow/example_dags/example_python_decorator.py
[2024-06-05T02:21:04.358+0000] {logging_mixin.py:188} INFO - [2024-06-05T02:21:04.358+0000] {dag.py:3096} INFO - Sync 1 DAGs
[2024-06-05T02:21:04.370+0000] {logging_mixin.py:188} INFO - [2024-06-05T02:21:04.370+0000] {dag.py:3954} INFO - Setting next_dagrun for example_python_decorator to None, run_after=None
[2024-06-05T02:21:04.394+0000] {processor.py:183} INFO - Processing /home/ubuntu/endtoend_venv/lib/python3.12/site-packages/airflow/example_dags/example_python_decorator.py took 0.074 seconds
[2024-06-05T02:22:00.406+0000] {processor.py:161} INFO - Started process (PID=15145) to work on /home/ubuntu/endtoend_venv/lib/python3.12/site-packages/airflow/example_dags/example_python_decorator.py
[2024-06-05T02:22:00.407+0000] {processor.py:830} INFO - Processing file /home/ubuntu/endtoend_venv/lib/python3.12/site-packages/airflow/example_dags/example_python_decorator.py for tasks to queue
[2024-06-05T02:22:00.409+0000] {logging_mixin.py:188} INFO - [2024-06-05T02:22:00.409+0000] {dagbag.py:545} INFO - Filling up the DagBag from /home/ubuntu/endtoend_venv/lib/python3.12/site-packages/airflow/example_dags/example_python_decorator.py
[2024-06-05T02:22:00.418+0000] {logging_mixin.py:188} INFO - [2024-06-05T02:22:00.418+0000] {example_python_decorator.py:80} WARNING - The virtalenv_python example task requires virtualenv, please install it.
[2024-06-05T02:22:00.419+0000] {processor.py:840} INFO - DAG(s) 'example_python_decorator' retrieved from /home/ubuntu/endtoend_venv/lib/python3.12/site-packages/airflow/example_dags/example_python_decorator.py
[2024-06-05T02:22:00.437+0000] {logging_mixin.py:188} INFO - [2024-06-05T02:22:00.437+0000] {dag.py:3096} INFO - Sync 1 DAGs
[2024-06-05T02:22:00.449+0000] {logging_mixin.py:188} INFO - [2024-06-05T02:22:00.449+0000] {dag.py:3954} INFO - Setting next_dagrun for example_python_decorator to None, run_after=None
[2024-06-05T02:22:00.473+0000] {processor.py:183} INFO - Processing /home/ubuntu/endtoend_venv/lib/python3.12/site-packages/airflow/example_dags/example_python_decorator.py took 0.073 seconds
[2024-06-05T02:22:57.448+0000] {processor.py:161} INFO - Started process (PID=15204) to work on /home/ubuntu/endtoend_venv/lib/python3.12/site-packages/airflow/example_dags/example_python_decorator.py
[2024-06-05T02:22:57.449+0000] {processor.py:830} INFO - Processing file /home/ubuntu/endtoend_venv/lib/python3.12/site-packages/airflow/example_dags/example_python_decorator.py for tasks to queue
[2024-06-05T02:22:57.451+0000] {logging_mixin.py:188} INFO - [2024-06-05T02:22:57.450+0000] {dagbag.py:545} INFO - Filling up the DagBag from /home/ubuntu/endtoend_venv/lib/python3.12/site-packages/airflow/example_dags/example_python_decorator.py
[2024-06-05T02:22:57.460+0000] {logging_mixin.py:188} INFO - [2024-06-05T02:22:57.460+0000] {example_python_decorator.py:80} WARNING - The virtalenv_python example task requires virtualenv, please install it.
[2024-06-05T02:22:57.460+0000] {processor.py:840} INFO - DAG(s) 'example_python_decorator' retrieved from /home/ubuntu/endtoend_venv/lib/python3.12/site-packages/airflow/example_dags/example_python_decorator.py
[2024-06-05T02:22:57.478+0000] {logging_mixin.py:188} INFO - [2024-06-05T02:22:57.477+0000] {dag.py:3096} INFO - Sync 1 DAGs
[2024-06-05T02:22:57.490+0000] {logging_mixin.py:188} INFO - [2024-06-05T02:22:57.490+0000] {dag.py:3954} INFO - Setting next_dagrun for example_python_decorator to None, run_after=None
[2024-06-05T02:22:57.511+0000] {processor.py:183} INFO - Processing /home/ubuntu/endtoend_venv/lib/python3.12/site-packages/airflow/example_dags/example_python_decorator.py took 0.070 seconds
[2024-06-05T02:25:41.501+0000] {processor.py:161} INFO - Started process (PID=15348) to work on /home/ubuntu/endtoend_venv/lib/python3.12/site-packages/airflow/example_dags/example_python_decorator.py
[2024-06-05T02:25:41.502+0000] {processor.py:830} INFO - Processing file /home/ubuntu/endtoend_venv/lib/python3.12/site-packages/airflow/example_dags/example_python_decorator.py for tasks to queue
[2024-06-05T02:25:41.504+0000] {logging_mixin.py:188} INFO - [2024-06-05T02:25:41.503+0000] {dagbag.py:545} INFO - Filling up the DagBag from /home/ubuntu/endtoend_venv/lib/python3.12/site-packages/airflow/example_dags/example_python_decorator.py
[2024-06-05T02:25:41.513+0000] {logging_mixin.py:188} INFO - [2024-06-05T02:25:41.513+0000] {example_python_decorator.py:80} WARNING - The virtalenv_python example task requires virtualenv, please install it.
[2024-06-05T02:25:41.513+0000] {processor.py:840} INFO - DAG(s) 'example_python_decorator' retrieved from /home/ubuntu/endtoend_venv/lib/python3.12/site-packages/airflow/example_dags/example_python_decorator.py
[2024-06-05T02:25:41.522+0000] {logging_mixin.py:188} INFO - [2024-06-05T02:25:41.521+0000] {dag.py:3096} INFO - Sync 1 DAGs
[2024-06-05T02:25:41.534+0000] {logging_mixin.py:188} INFO - [2024-06-05T02:25:41.534+0000] {dag.py:3954} INFO - Setting next_dagrun for example_python_decorator to None, run_after=None
[2024-06-05T02:25:41.556+0000] {processor.py:183} INFO - Processing /home/ubuntu/endtoend_venv/lib/python3.12/site-packages/airflow/example_dags/example_python_decorator.py took 0.061 seconds
[2024-06-05T02:26:34.922+0000] {processor.py:161} INFO - Started process (PID=15400) to work on /home/ubuntu/endtoend_venv/lib/python3.12/site-packages/airflow/example_dags/example_python_decorator.py
[2024-06-05T02:26:34.924+0000] {processor.py:830} INFO - Processing file /home/ubuntu/endtoend_venv/lib/python3.12/site-packages/airflow/example_dags/example_python_decorator.py for tasks to queue
[2024-06-05T02:26:34.925+0000] {logging_mixin.py:188} INFO - [2024-06-05T02:26:34.925+0000] {dagbag.py:545} INFO - Filling up the DagBag from /home/ubuntu/endtoend_venv/lib/python3.12/site-packages/airflow/example_dags/example_python_decorator.py
[2024-06-05T02:26:34.935+0000] {logging_mixin.py:188} INFO - [2024-06-05T02:26:34.934+0000] {example_python_decorator.py:80} WARNING - The virtalenv_python example task requires virtualenv, please install it.
[2024-06-05T02:26:34.935+0000] {processor.py:840} INFO - DAG(s) 'example_python_decorator' retrieved from /home/ubuntu/endtoend_venv/lib/python3.12/site-packages/airflow/example_dags/example_python_decorator.py
[2024-06-05T02:26:35.040+0000] {logging_mixin.py:188} INFO - [2024-06-05T02:26:35.040+0000] {dag.py:3096} INFO - Sync 1 DAGs
[2024-06-05T02:26:35.049+0000] {logging_mixin.py:188} INFO - [2024-06-05T02:26:35.049+0000] {dag.py:3954} INFO - Setting next_dagrun for example_python_decorator to None, run_after=None
[2024-06-05T02:26:35.072+0000] {processor.py:183} INFO - Processing /home/ubuntu/endtoend_venv/lib/python3.12/site-packages/airflow/example_dags/example_python_decorator.py took 0.156 seconds
[2024-06-05T02:27:23.725+0000] {processor.py:161} INFO - Started process (PID=15451) to work on /home/ubuntu/endtoend_venv/lib/python3.12/site-packages/airflow/example_dags/example_python_decorator.py
[2024-06-05T02:27:23.726+0000] {processor.py:830} INFO - Processing file /home/ubuntu/endtoend_venv/lib/python3.12/site-packages/airflow/example_dags/example_python_decorator.py for tasks to queue
[2024-06-05T02:27:23.728+0000] {logging_mixin.py:188} INFO - [2024-06-05T02:27:23.728+0000] {dagbag.py:545} INFO - Filling up the DagBag from /home/ubuntu/endtoend_venv/lib/python3.12/site-packages/airflow/example_dags/example_python_decorator.py
[2024-06-05T02:27:23.737+0000] {logging_mixin.py:188} INFO - [2024-06-05T02:27:23.737+0000] {example_python_decorator.py:80} WARNING - The virtalenv_python example task requires virtualenv, please install it.
[2024-06-05T02:27:23.738+0000] {processor.py:840} INFO - DAG(s) 'example_python_decorator' retrieved from /home/ubuntu/endtoend_venv/lib/python3.12/site-packages/airflow/example_dags/example_python_decorator.py
[2024-06-05T02:27:23.755+0000] {logging_mixin.py:188} INFO - [2024-06-05T02:27:23.755+0000] {dag.py:3096} INFO - Sync 1 DAGs
[2024-06-05T02:27:23.767+0000] {logging_mixin.py:188} INFO - [2024-06-05T02:27:23.767+0000] {dag.py:3954} INFO - Setting next_dagrun for example_python_decorator to None, run_after=None
[2024-06-05T02:27:23.791+0000] {processor.py:183} INFO - Processing /home/ubuntu/endtoend_venv/lib/python3.12/site-packages/airflow/example_dags/example_python_decorator.py took 0.072 seconds
[2024-06-05T02:28:24.132+0000] {processor.py:161} INFO - Started process (PID=15512) to work on /home/ubuntu/endtoend_venv/lib/python3.12/site-packages/airflow/example_dags/example_python_decorator.py
[2024-06-05T02:28:24.133+0000] {processor.py:830} INFO - Processing file /home/ubuntu/endtoend_venv/lib/python3.12/site-packages/airflow/example_dags/example_python_decorator.py for tasks to queue
[2024-06-05T02:28:24.135+0000] {logging_mixin.py:188} INFO - [2024-06-05T02:28:24.135+0000] {dagbag.py:545} INFO - Filling up the DagBag from /home/ubuntu/endtoend_venv/lib/python3.12/site-packages/airflow/example_dags/example_python_decorator.py
[2024-06-05T02:28:24.144+0000] {logging_mixin.py:188} INFO - [2024-06-05T02:28:24.144+0000] {example_python_decorator.py:80} WARNING - The virtalenv_python example task requires virtualenv, please install it.
[2024-06-05T02:28:24.145+0000] {processor.py:840} INFO - DAG(s) 'example_python_decorator' retrieved from /home/ubuntu/endtoend_venv/lib/python3.12/site-packages/airflow/example_dags/example_python_decorator.py
[2024-06-05T02:28:24.163+0000] {logging_mixin.py:188} INFO - [2024-06-05T02:28:24.162+0000] {dag.py:3096} INFO - Sync 1 DAGs
[2024-06-05T02:28:24.175+0000] {logging_mixin.py:188} INFO - [2024-06-05T02:28:24.175+0000] {dag.py:3954} INFO - Setting next_dagrun for example_python_decorator to None, run_after=None
[2024-06-05T02:28:24.197+0000] {processor.py:183} INFO - Processing /home/ubuntu/endtoend_venv/lib/python3.12/site-packages/airflow/example_dags/example_python_decorator.py took 0.072 seconds
[2024-06-05T02:29:09.848+0000] {processor.py:161} INFO - Started process (PID=15563) to work on /home/ubuntu/endtoend_venv/lib/python3.12/site-packages/airflow/example_dags/example_python_decorator.py
[2024-06-05T02:29:09.849+0000] {processor.py:830} INFO - Processing file /home/ubuntu/endtoend_venv/lib/python3.12/site-packages/airflow/example_dags/example_python_decorator.py for tasks to queue
[2024-06-05T02:29:09.851+0000] {logging_mixin.py:188} INFO - [2024-06-05T02:29:09.851+0000] {dagbag.py:545} INFO - Filling up the DagBag from /home/ubuntu/endtoend_venv/lib/python3.12/site-packages/airflow/example_dags/example_python_decorator.py
[2024-06-05T02:29:09.861+0000] {logging_mixin.py:188} INFO - [2024-06-05T02:29:09.860+0000] {example_python_decorator.py:80} WARNING - The virtalenv_python example task requires virtualenv, please install it.
[2024-06-05T02:29:09.861+0000] {processor.py:840} INFO - DAG(s) 'example_python_decorator' retrieved from /home/ubuntu/endtoend_venv/lib/python3.12/site-packages/airflow/example_dags/example_python_decorator.py
[2024-06-05T02:29:09.880+0000] {logging_mixin.py:188} INFO - [2024-06-05T02:29:09.879+0000] {dag.py:3096} INFO - Sync 1 DAGs
[2024-06-05T02:29:09.893+0000] {logging_mixin.py:188} INFO - [2024-06-05T02:29:09.892+0000] {dag.py:3954} INFO - Setting next_dagrun for example_python_decorator to None, run_after=None
[2024-06-05T02:29:09.917+0000] {processor.py:183} INFO - Processing /home/ubuntu/endtoend_venv/lib/python3.12/site-packages/airflow/example_dags/example_python_decorator.py took 0.075 seconds
[2024-06-05T02:30:12.221+0000] {processor.py:161} INFO - Started process (PID=15631) to work on /home/ubuntu/endtoend_venv/lib/python3.12/site-packages/airflow/example_dags/example_python_decorator.py
[2024-06-05T02:30:12.223+0000] {processor.py:830} INFO - Processing file /home/ubuntu/endtoend_venv/lib/python3.12/site-packages/airflow/example_dags/example_python_decorator.py for tasks to queue
[2024-06-05T02:30:12.224+0000] {logging_mixin.py:188} INFO - [2024-06-05T02:30:12.224+0000] {dagbag.py:545} INFO - Filling up the DagBag from /home/ubuntu/endtoend_venv/lib/python3.12/site-packages/airflow/example_dags/example_python_decorator.py
[2024-06-05T02:30:12.234+0000] {logging_mixin.py:188} INFO - [2024-06-05T02:30:12.234+0000] {example_python_decorator.py:80} WARNING - The virtalenv_python example task requires virtualenv, please install it.
[2024-06-05T02:30:12.235+0000] {processor.py:840} INFO - DAG(s) 'example_python_decorator' retrieved from /home/ubuntu/endtoend_venv/lib/python3.12/site-packages/airflow/example_dags/example_python_decorator.py
[2024-06-05T02:30:12.253+0000] {logging_mixin.py:188} INFO - [2024-06-05T02:30:12.253+0000] {dag.py:3096} INFO - Sync 1 DAGs
[2024-06-05T02:30:12.265+0000] {logging_mixin.py:188} INFO - [2024-06-05T02:30:12.265+0000] {dag.py:3954} INFO - Setting next_dagrun for example_python_decorator to None, run_after=None
[2024-06-05T02:30:12.289+0000] {processor.py:183} INFO - Processing /home/ubuntu/endtoend_venv/lib/python3.12/site-packages/airflow/example_dags/example_python_decorator.py took 0.074 seconds
[2024-06-05T02:31:15.105+0000] {processor.py:161} INFO - Started process (PID=15695) to work on /home/ubuntu/endtoend_venv/lib/python3.12/site-packages/airflow/example_dags/example_python_decorator.py
[2024-06-05T02:31:15.107+0000] {processor.py:830} INFO - Processing file /home/ubuntu/endtoend_venv/lib/python3.12/site-packages/airflow/example_dags/example_python_decorator.py for tasks to queue
[2024-06-05T02:31:15.109+0000] {logging_mixin.py:188} INFO - [2024-06-05T02:31:15.108+0000] {dagbag.py:545} INFO - Filling up the DagBag from /home/ubuntu/endtoend_venv/lib/python3.12/site-packages/airflow/example_dags/example_python_decorator.py
[2024-06-05T02:31:15.118+0000] {logging_mixin.py:188} INFO - [2024-06-05T02:31:15.118+0000] {example_python_decorator.py:80} WARNING - The virtalenv_python example task requires virtualenv, please install it.
[2024-06-05T02:31:15.119+0000] {processor.py:840} INFO - DAG(s) 'example_python_decorator' retrieved from /home/ubuntu/endtoend_venv/lib/python3.12/site-packages/airflow/example_dags/example_python_decorator.py
[2024-06-05T02:31:15.137+0000] {logging_mixin.py:188} INFO - [2024-06-05T02:31:15.137+0000] {dag.py:3096} INFO - Sync 1 DAGs
[2024-06-05T02:31:15.149+0000] {logging_mixin.py:188} INFO - [2024-06-05T02:31:15.149+0000] {dag.py:3954} INFO - Setting next_dagrun for example_python_decorator to None, run_after=None
[2024-06-05T02:31:15.197+0000] {processor.py:183} INFO - Processing /home/ubuntu/endtoend_venv/lib/python3.12/site-packages/airflow/example_dags/example_python_decorator.py took 0.098 seconds
[2024-06-05T02:31:59.079+0000] {processor.py:161} INFO - Started process (PID=15740) to work on /home/ubuntu/endtoend_venv/lib/python3.12/site-packages/airflow/example_dags/example_python_decorator.py
[2024-06-05T02:31:59.080+0000] {processor.py:830} INFO - Processing file /home/ubuntu/endtoend_venv/lib/python3.12/site-packages/airflow/example_dags/example_python_decorator.py for tasks to queue
[2024-06-05T02:31:59.082+0000] {logging_mixin.py:188} INFO - [2024-06-05T02:31:59.081+0000] {dagbag.py:545} INFO - Filling up the DagBag from /home/ubuntu/endtoend_venv/lib/python3.12/site-packages/airflow/example_dags/example_python_decorator.py
[2024-06-05T02:31:59.091+0000] {logging_mixin.py:188} INFO - [2024-06-05T02:31:59.091+0000] {example_python_decorator.py:80} WARNING - The virtalenv_python example task requires virtualenv, please install it.
[2024-06-05T02:31:59.092+0000] {processor.py:840} INFO - DAG(s) 'example_python_decorator' retrieved from /home/ubuntu/endtoend_venv/lib/python3.12/site-packages/airflow/example_dags/example_python_decorator.py
[2024-06-05T02:31:59.109+0000] {logging_mixin.py:188} INFO - [2024-06-05T02:31:59.109+0000] {dag.py:3096} INFO - Sync 1 DAGs
[2024-06-05T02:31:59.122+0000] {logging_mixin.py:188} INFO - [2024-06-05T02:31:59.121+0000] {dag.py:3954} INFO - Setting next_dagrun for example_python_decorator to None, run_after=None
[2024-06-05T02:31:59.144+0000] {processor.py:183} INFO - Processing /home/ubuntu/endtoend_venv/lib/python3.12/site-packages/airflow/example_dags/example_python_decorator.py took 0.071 seconds
[2024-06-05T02:33:00.870+0000] {processor.py:161} INFO - Started process (PID=15802) to work on /home/ubuntu/endtoend_venv/lib/python3.12/site-packages/airflow/example_dags/example_python_decorator.py
[2024-06-05T02:33:00.872+0000] {processor.py:830} INFO - Processing file /home/ubuntu/endtoend_venv/lib/python3.12/site-packages/airflow/example_dags/example_python_decorator.py for tasks to queue
[2024-06-05T02:33:00.874+0000] {logging_mixin.py:188} INFO - [2024-06-05T02:33:00.873+0000] {dagbag.py:545} INFO - Filling up the DagBag from /home/ubuntu/endtoend_venv/lib/python3.12/site-packages/airflow/example_dags/example_python_decorator.py
[2024-06-05T02:33:00.883+0000] {logging_mixin.py:188} INFO - [2024-06-05T02:33:00.883+0000] {example_python_decorator.py:80} WARNING - The virtalenv_python example task requires virtualenv, please install it.
[2024-06-05T02:33:00.884+0000] {processor.py:840} INFO - DAG(s) 'example_python_decorator' retrieved from /home/ubuntu/endtoend_venv/lib/python3.12/site-packages/airflow/example_dags/example_python_decorator.py
[2024-06-05T02:33:00.901+0000] {logging_mixin.py:188} INFO - [2024-06-05T02:33:00.901+0000] {dag.py:3096} INFO - Sync 1 DAGs
[2024-06-05T02:33:00.913+0000] {logging_mixin.py:188} INFO - [2024-06-05T02:33:00.913+0000] {dag.py:3954} INFO - Setting next_dagrun for example_python_decorator to None, run_after=None
[2024-06-05T02:33:00.936+0000] {processor.py:183} INFO - Processing /home/ubuntu/endtoend_venv/lib/python3.12/site-packages/airflow/example_dags/example_python_decorator.py took 0.072 seconds
[2024-06-05T02:33:44.159+0000] {processor.py:161} INFO - Started process (PID=15845) to work on /home/ubuntu/endtoend_venv/lib/python3.12/site-packages/airflow/example_dags/example_python_decorator.py
[2024-06-05T02:33:44.160+0000] {processor.py:830} INFO - Processing file /home/ubuntu/endtoend_venv/lib/python3.12/site-packages/airflow/example_dags/example_python_decorator.py for tasks to queue
[2024-06-05T02:33:44.162+0000] {logging_mixin.py:188} INFO - [2024-06-05T02:33:44.161+0000] {dagbag.py:545} INFO - Filling up the DagBag from /home/ubuntu/endtoend_venv/lib/python3.12/site-packages/airflow/example_dags/example_python_decorator.py
[2024-06-05T02:33:44.171+0000] {logging_mixin.py:188} INFO - [2024-06-05T02:33:44.171+0000] {example_python_decorator.py:80} WARNING - The virtalenv_python example task requires virtualenv, please install it.
[2024-06-05T02:33:44.171+0000] {processor.py:840} INFO - DAG(s) 'example_python_decorator' retrieved from /home/ubuntu/endtoend_venv/lib/python3.12/site-packages/airflow/example_dags/example_python_decorator.py
[2024-06-05T02:33:44.190+0000] {logging_mixin.py:188} INFO - [2024-06-05T02:33:44.189+0000] {dag.py:3096} INFO - Sync 1 DAGs
[2024-06-05T02:33:44.203+0000] {logging_mixin.py:188} INFO - [2024-06-05T02:33:44.202+0000] {dag.py:3954} INFO - Setting next_dagrun for example_python_decorator to None, run_after=None
[2024-06-05T02:33:44.226+0000] {processor.py:183} INFO - Processing /home/ubuntu/endtoend_venv/lib/python3.12/site-packages/airflow/example_dags/example_python_decorator.py took 0.073 seconds
[2024-06-05T02:34:42.720+0000] {processor.py:161} INFO - Started process (PID=15907) to work on /home/ubuntu/endtoend_venv/lib/python3.12/site-packages/airflow/example_dags/example_python_decorator.py
[2024-06-05T02:34:42.722+0000] {processor.py:830} INFO - Processing file /home/ubuntu/endtoend_venv/lib/python3.12/site-packages/airflow/example_dags/example_python_decorator.py for tasks to queue
[2024-06-05T02:34:42.724+0000] {logging_mixin.py:188} INFO - [2024-06-05T02:34:42.723+0000] {dagbag.py:545} INFO - Filling up the DagBag from /home/ubuntu/endtoend_venv/lib/python3.12/site-packages/airflow/example_dags/example_python_decorator.py
[2024-06-05T02:34:42.733+0000] {logging_mixin.py:188} INFO - [2024-06-05T02:34:42.733+0000] {example_python_decorator.py:80} WARNING - The virtalenv_python example task requires virtualenv, please install it.
[2024-06-05T02:34:42.734+0000] {processor.py:840} INFO - DAG(s) 'example_python_decorator' retrieved from /home/ubuntu/endtoend_venv/lib/python3.12/site-packages/airflow/example_dags/example_python_decorator.py
[2024-06-05T02:34:42.752+0000] {logging_mixin.py:188} INFO - [2024-06-05T02:34:42.752+0000] {dag.py:3096} INFO - Sync 1 DAGs
[2024-06-05T02:34:42.765+0000] {logging_mixin.py:188} INFO - [2024-06-05T02:34:42.764+0000] {dag.py:3954} INFO - Setting next_dagrun for example_python_decorator to None, run_after=None
[2024-06-05T02:34:42.791+0000] {processor.py:183} INFO - Processing /home/ubuntu/endtoend_venv/lib/python3.12/site-packages/airflow/example_dags/example_python_decorator.py took 0.076 seconds
