[2024-06-05T02:18:52.695+0000] {processor.py:161} INFO - Started process (PID=14946) to work on /home/ubuntu/endtoend_venv/lib/python3.12/site-packages/airflow/example_dags/example_complex.py
[2024-06-05T02:18:52.696+0000] {processor.py:830} INFO - Processing file /home/ubuntu/endtoend_venv/lib/python3.12/site-packages/airflow/example_dags/example_complex.py for tasks to queue
[2024-06-05T02:18:52.697+0000] {logging_mixin.py:188} INFO - [2024-06-05T02:18:52.697+0000] {dagbag.py:545} INFO - Filling up the DagBag from /home/ubuntu/endtoend_venv/lib/python3.12/site-packages/airflow/example_dags/example_complex.py
[2024-06-05T02:18:52.708+0000] {processor.py:840} INFO - DAG(s) 'example_complex' retrieved from /home/ubuntu/endtoend_venv/lib/python3.12/site-packages/airflow/example_dags/example_complex.py
[2024-06-05T02:18:52.834+0000] {logging_mixin.py:188} INFO - [2024-06-05T02:18:52.834+0000] {override.py:1829} INFO - Created Permission View: can read on DAG:example_complex
[2024-06-05T02:18:52.847+0000] {logging_mixin.py:188} INFO - [2024-06-05T02:18:52.847+0000] {override.py:1829} INFO - Created Permission View: can delete on DAG:example_complex
[2024-06-05T02:18:52.857+0000] {logging_mixin.py:188} INFO - [2024-06-05T02:18:52.857+0000] {override.py:1829} INFO - Created Permission View: can edit on DAG:example_complex
[2024-06-05T02:18:52.858+0000] {logging_mixin.py:188} INFO - [2024-06-05T02:18:52.857+0000] {dag.py:3096} INFO - Sync 1 DAGs
[2024-06-05T02:18:52.868+0000] {logging_mixin.py:188} INFO - [2024-06-05T02:18:52.868+0000] {dag.py:3118} INFO - Creating ORM DAG for example_complex
[2024-06-05T02:18:52.869+0000] {logging_mixin.py:188} INFO - [2024-06-05T02:18:52.869+0000] {dag.py:3954} INFO - Setting next_dagrun for example_complex to None, run_after=None
[2024-06-05T02:18:52.892+0000] {processor.py:183} INFO - Processing /home/ubuntu/endtoend_venv/lib/python3.12/site-packages/airflow/example_dags/example_complex.py took 0.203 seconds
[2024-06-05T02:19:44.575+0000] {processor.py:161} INFO - Started process (PID=14997) to work on /home/ubuntu/endtoend_venv/lib/python3.12/site-packages/airflow/example_dags/example_complex.py
[2024-06-05T02:19:44.577+0000] {processor.py:830} INFO - Processing file /home/ubuntu/endtoend_venv/lib/python3.12/site-packages/airflow/example_dags/example_complex.py for tasks to queue
[2024-06-05T02:19:44.579+0000] {logging_mixin.py:188} INFO - [2024-06-05T02:19:44.578+0000] {dagbag.py:545} INFO - Filling up the DagBag from /home/ubuntu/endtoend_venv/lib/python3.12/site-packages/airflow/example_dags/example_complex.py
[2024-06-05T02:19:44.589+0000] {processor.py:840} INFO - DAG(s) 'example_complex' retrieved from /home/ubuntu/endtoend_venv/lib/python3.12/site-packages/airflow/example_dags/example_complex.py
[2024-06-05T02:19:44.618+0000] {logging_mixin.py:188} INFO - [2024-06-05T02:19:44.618+0000] {dag.py:3096} INFO - Sync 1 DAGs
[2024-06-05T02:19:44.631+0000] {logging_mixin.py:188} INFO - [2024-06-05T02:19:44.631+0000] {dag.py:3954} INFO - Setting next_dagrun for example_complex to None, run_after=None
[2024-06-05T02:19:44.653+0000] {processor.py:183} INFO - Processing /home/ubuntu/endtoend_venv/lib/python3.12/site-packages/airflow/example_dags/example_complex.py took 0.084 seconds
[2024-06-05T02:20:45.222+0000] {processor.py:161} INFO - Started process (PID=15066) to work on /home/ubuntu/endtoend_venv/lib/python3.12/site-packages/airflow/example_dags/example_complex.py
[2024-06-05T02:20:45.224+0000] {processor.py:830} INFO - Processing file /home/ubuntu/endtoend_venv/lib/python3.12/site-packages/airflow/example_dags/example_complex.py for tasks to queue
[2024-06-05T02:20:45.225+0000] {logging_mixin.py:188} INFO - [2024-06-05T02:20:45.225+0000] {dagbag.py:545} INFO - Filling up the DagBag from /home/ubuntu/endtoend_venv/lib/python3.12/site-packages/airflow/example_dags/example_complex.py
[2024-06-05T02:20:45.236+0000] {processor.py:840} INFO - DAG(s) 'example_complex' retrieved from /home/ubuntu/endtoend_venv/lib/python3.12/site-packages/airflow/example_dags/example_complex.py
[2024-06-05T02:20:45.266+0000] {logging_mixin.py:188} INFO - [2024-06-05T02:20:45.266+0000] {dag.py:3096} INFO - Sync 1 DAGs
[2024-06-05T02:20:45.279+0000] {logging_mixin.py:188} INFO - [2024-06-05T02:20:45.279+0000] {dag.py:3954} INFO - Setting next_dagrun for example_complex to None, run_after=None
[2024-06-05T02:20:45.303+0000] {processor.py:183} INFO - Processing /home/ubuntu/endtoend_venv/lib/python3.12/site-packages/airflow/example_dags/example_complex.py took 0.086 seconds
[2024-06-05T02:21:43.023+0000] {processor.py:161} INFO - Started process (PID=15128) to work on /home/ubuntu/endtoend_venv/lib/python3.12/site-packages/airflow/example_dags/example_complex.py
[2024-06-05T02:21:43.025+0000] {processor.py:830} INFO - Processing file /home/ubuntu/endtoend_venv/lib/python3.12/site-packages/airflow/example_dags/example_complex.py for tasks to queue
[2024-06-05T02:21:43.027+0000] {logging_mixin.py:188} INFO - [2024-06-05T02:21:43.026+0000] {dagbag.py:545} INFO - Filling up the DagBag from /home/ubuntu/endtoend_venv/lib/python3.12/site-packages/airflow/example_dags/example_complex.py
[2024-06-05T02:21:43.038+0000] {processor.py:840} INFO - DAG(s) 'example_complex' retrieved from /home/ubuntu/endtoend_venv/lib/python3.12/site-packages/airflow/example_dags/example_complex.py
[2024-06-05T02:21:43.067+0000] {logging_mixin.py:188} INFO - [2024-06-05T02:21:43.067+0000] {dag.py:3096} INFO - Sync 1 DAGs
[2024-06-05T02:21:43.081+0000] {logging_mixin.py:188} INFO - [2024-06-05T02:21:43.081+0000] {dag.py:3954} INFO - Setting next_dagrun for example_complex to None, run_after=None
[2024-06-05T02:21:43.105+0000] {processor.py:183} INFO - Processing /home/ubuntu/endtoend_venv/lib/python3.12/site-packages/airflow/example_dags/example_complex.py took 0.087 seconds
[2024-06-05T02:22:39.742+0000] {processor.py:161} INFO - Started process (PID=15186) to work on /home/ubuntu/endtoend_venv/lib/python3.12/site-packages/airflow/example_dags/example_complex.py
[2024-06-05T02:22:39.743+0000] {processor.py:830} INFO - Processing file /home/ubuntu/endtoend_venv/lib/python3.12/site-packages/airflow/example_dags/example_complex.py for tasks to queue
[2024-06-05T02:22:39.745+0000] {logging_mixin.py:188} INFO - [2024-06-05T02:22:39.744+0000] {dagbag.py:545} INFO - Filling up the DagBag from /home/ubuntu/endtoend_venv/lib/python3.12/site-packages/airflow/example_dags/example_complex.py
[2024-06-05T02:22:39.755+0000] {processor.py:840} INFO - DAG(s) 'example_complex' retrieved from /home/ubuntu/endtoend_venv/lib/python3.12/site-packages/airflow/example_dags/example_complex.py
[2024-06-05T02:22:39.785+0000] {logging_mixin.py:188} INFO - [2024-06-05T02:22:39.784+0000] {dag.py:3096} INFO - Sync 1 DAGs
[2024-06-05T02:22:39.797+0000] {logging_mixin.py:188} INFO - [2024-06-05T02:22:39.797+0000] {dag.py:3954} INFO - Setting next_dagrun for example_complex to None, run_after=None
[2024-06-05T02:22:39.821+0000] {processor.py:183} INFO - Processing /home/ubuntu/endtoend_venv/lib/python3.12/site-packages/airflow/example_dags/example_complex.py took 0.085 seconds
[2024-06-05T02:23:37.190+0000] {processor.py:161} INFO - Started process (PID=15246) to work on /home/ubuntu/endtoend_venv/lib/python3.12/site-packages/airflow/example_dags/example_complex.py
[2024-06-05T02:23:37.191+0000] {processor.py:830} INFO - Processing file /home/ubuntu/endtoend_venv/lib/python3.12/site-packages/airflow/example_dags/example_complex.py for tasks to queue
[2024-06-05T02:23:37.193+0000] {logging_mixin.py:188} INFO - [2024-06-05T02:23:37.193+0000] {dagbag.py:545} INFO - Filling up the DagBag from /home/ubuntu/endtoend_venv/lib/python3.12/site-packages/airflow/example_dags/example_complex.py
[2024-06-05T02:23:37.204+0000] {processor.py:840} INFO - DAG(s) 'example_complex' retrieved from /home/ubuntu/endtoend_venv/lib/python3.12/site-packages/airflow/example_dags/example_complex.py
[2024-06-05T02:23:37.232+0000] {logging_mixin.py:188} INFO - [2024-06-05T02:23:37.232+0000] {dag.py:3096} INFO - Sync 1 DAGs
[2024-06-05T02:23:37.245+0000] {logging_mixin.py:188} INFO - [2024-06-05T02:23:37.245+0000] {dag.py:3954} INFO - Setting next_dagrun for example_complex to None, run_after=None
[2024-06-05T02:23:37.268+0000] {processor.py:183} INFO - Processing /home/ubuntu/endtoend_venv/lib/python3.12/site-packages/airflow/example_dags/example_complex.py took 0.084 seconds
[2024-06-05T02:25:57.040+0000] {processor.py:161} INFO - Started process (PID=15364) to work on /home/ubuntu/endtoend_venv/lib/python3.12/site-packages/airflow/example_dags/example_complex.py
[2024-06-05T02:25:57.041+0000] {processor.py:830} INFO - Processing file /home/ubuntu/endtoend_venv/lib/python3.12/site-packages/airflow/example_dags/example_complex.py for tasks to queue
[2024-06-05T02:25:57.043+0000] {logging_mixin.py:188} INFO - [2024-06-05T02:25:57.043+0000] {dagbag.py:545} INFO - Filling up the DagBag from /home/ubuntu/endtoend_venv/lib/python3.12/site-packages/airflow/example_dags/example_complex.py
[2024-06-05T02:25:57.053+0000] {processor.py:840} INFO - DAG(s) 'example_complex' retrieved from /home/ubuntu/endtoend_venv/lib/python3.12/site-packages/airflow/example_dags/example_complex.py
[2024-06-05T02:25:57.168+0000] {logging_mixin.py:188} INFO - [2024-06-05T02:25:57.167+0000] {dag.py:3096} INFO - Sync 1 DAGs
[2024-06-05T02:25:57.179+0000] {logging_mixin.py:188} INFO - [2024-06-05T02:25:57.178+0000] {dag.py:3954} INFO - Setting next_dagrun for example_complex to None, run_after=None
[2024-06-05T02:25:57.204+0000] {processor.py:183} INFO - Processing /home/ubuntu/endtoend_venv/lib/python3.12/site-packages/airflow/example_dags/example_complex.py took 0.170 seconds
[2024-06-05T02:26:50.563+0000] {processor.py:161} INFO - Started process (PID=15415) to work on /home/ubuntu/endtoend_venv/lib/python3.12/site-packages/airflow/example_dags/example_complex.py
[2024-06-05T02:26:50.565+0000] {processor.py:830} INFO - Processing file /home/ubuntu/endtoend_venv/lib/python3.12/site-packages/airflow/example_dags/example_complex.py for tasks to queue
[2024-06-05T02:26:50.566+0000] {logging_mixin.py:188} INFO - [2024-06-05T02:26:50.566+0000] {dagbag.py:545} INFO - Filling up the DagBag from /home/ubuntu/endtoend_venv/lib/python3.12/site-packages/airflow/example_dags/example_complex.py
[2024-06-05T02:26:50.577+0000] {processor.py:840} INFO - DAG(s) 'example_complex' retrieved from /home/ubuntu/endtoend_venv/lib/python3.12/site-packages/airflow/example_dags/example_complex.py
[2024-06-05T02:26:50.606+0000] {logging_mixin.py:188} INFO - [2024-06-05T02:26:50.605+0000] {dag.py:3096} INFO - Sync 1 DAGs
[2024-06-05T02:26:50.618+0000] {logging_mixin.py:188} INFO - [2024-06-05T02:26:50.618+0000] {dag.py:3954} INFO - Setting next_dagrun for example_complex to None, run_after=None
[2024-06-05T02:26:50.641+0000] {processor.py:183} INFO - Processing /home/ubuntu/endtoend_venv/lib/python3.12/site-packages/airflow/example_dags/example_complex.py took 0.084 seconds
[2024-06-05T02:27:49.007+0000] {processor.py:161} INFO - Started process (PID=15476) to work on /home/ubuntu/endtoend_venv/lib/python3.12/site-packages/airflow/example_dags/example_complex.py
[2024-06-05T02:27:49.008+0000] {processor.py:830} INFO - Processing file /home/ubuntu/endtoend_venv/lib/python3.12/site-packages/airflow/example_dags/example_complex.py for tasks to queue
[2024-06-05T02:27:49.010+0000] {logging_mixin.py:188} INFO - [2024-06-05T02:27:49.009+0000] {dagbag.py:545} INFO - Filling up the DagBag from /home/ubuntu/endtoend_venv/lib/python3.12/site-packages/airflow/example_dags/example_complex.py
[2024-06-05T02:27:49.021+0000] {processor.py:840} INFO - DAG(s) 'example_complex' retrieved from /home/ubuntu/endtoend_venv/lib/python3.12/site-packages/airflow/example_dags/example_complex.py
[2024-06-05T02:27:49.050+0000] {logging_mixin.py:188} INFO - [2024-06-05T02:27:49.049+0000] {dag.py:3096} INFO - Sync 1 DAGs
[2024-06-05T02:27:49.062+0000] {logging_mixin.py:188} INFO - [2024-06-05T02:27:49.062+0000] {dag.py:3954} INFO - Setting next_dagrun for example_complex to None, run_after=None
[2024-06-05T02:27:49.085+0000] {processor.py:183} INFO - Processing /home/ubuntu/endtoend_venv/lib/python3.12/site-packages/airflow/example_dags/example_complex.py took 0.084 seconds
[2024-06-05T02:28:52.726+0000] {processor.py:161} INFO - Started process (PID=15541) to work on /home/ubuntu/endtoend_venv/lib/python3.12/site-packages/airflow/example_dags/example_complex.py
[2024-06-05T02:28:52.728+0000] {processor.py:830} INFO - Processing file /home/ubuntu/endtoend_venv/lib/python3.12/site-packages/airflow/example_dags/example_complex.py for tasks to queue
[2024-06-05T02:28:52.730+0000] {logging_mixin.py:188} INFO - [2024-06-05T02:28:52.729+0000] {dagbag.py:545} INFO - Filling up the DagBag from /home/ubuntu/endtoend_venv/lib/python3.12/site-packages/airflow/example_dags/example_complex.py
[2024-06-05T02:28:52.741+0000] {processor.py:840} INFO - DAG(s) 'example_complex' retrieved from /home/ubuntu/endtoend_venv/lib/python3.12/site-packages/airflow/example_dags/example_complex.py
[2024-06-05T02:28:52.770+0000] {logging_mixin.py:188} INFO - [2024-06-05T02:28:52.769+0000] {dag.py:3096} INFO - Sync 1 DAGs
[2024-06-05T02:28:52.782+0000] {logging_mixin.py:188} INFO - [2024-06-05T02:28:52.782+0000] {dag.py:3954} INFO - Setting next_dagrun for example_complex to None, run_after=None
[2024-06-05T02:28:52.805+0000] {processor.py:183} INFO - Processing /home/ubuntu/endtoend_venv/lib/python3.12/site-packages/airflow/example_dags/example_complex.py took 0.084 seconds
[2024-06-05T02:29:55.643+0000] {processor.py:161} INFO - Started process (PID=15610) to work on /home/ubuntu/endtoend_venv/lib/python3.12/site-packages/airflow/example_dags/example_complex.py
[2024-06-05T02:29:55.644+0000] {processor.py:830} INFO - Processing file /home/ubuntu/endtoend_venv/lib/python3.12/site-packages/airflow/example_dags/example_complex.py for tasks to queue
[2024-06-05T02:29:55.646+0000] {logging_mixin.py:188} INFO - [2024-06-05T02:29:55.646+0000] {dagbag.py:545} INFO - Filling up the DagBag from /home/ubuntu/endtoend_venv/lib/python3.12/site-packages/airflow/example_dags/example_complex.py
[2024-06-05T02:29:55.657+0000] {processor.py:840} INFO - DAG(s) 'example_complex' retrieved from /home/ubuntu/endtoend_venv/lib/python3.12/site-packages/airflow/example_dags/example_complex.py
[2024-06-05T02:29:55.685+0000] {logging_mixin.py:188} INFO - [2024-06-05T02:29:55.685+0000] {dag.py:3096} INFO - Sync 1 DAGs
[2024-06-05T02:29:55.698+0000] {logging_mixin.py:188} INFO - [2024-06-05T02:29:55.697+0000] {dag.py:3954} INFO - Setting next_dagrun for example_complex to None, run_after=None
[2024-06-05T02:29:55.725+0000] {processor.py:183} INFO - Processing /home/ubuntu/endtoend_venv/lib/python3.12/site-packages/airflow/example_dags/example_complex.py took 0.088 seconds
[2024-06-05T02:30:58.828+0000] {processor.py:161} INFO - Started process (PID=15679) to work on /home/ubuntu/endtoend_venv/lib/python3.12/site-packages/airflow/example_dags/example_complex.py
[2024-06-05T02:30:58.830+0000] {processor.py:830} INFO - Processing file /home/ubuntu/endtoend_venv/lib/python3.12/site-packages/airflow/example_dags/example_complex.py for tasks to queue
[2024-06-05T02:30:58.832+0000] {logging_mixin.py:188} INFO - [2024-06-05T02:30:58.831+0000] {dagbag.py:545} INFO - Filling up the DagBag from /home/ubuntu/endtoend_venv/lib/python3.12/site-packages/airflow/example_dags/example_complex.py
[2024-06-05T02:30:58.842+0000] {processor.py:840} INFO - DAG(s) 'example_complex' retrieved from /home/ubuntu/endtoend_venv/lib/python3.12/site-packages/airflow/example_dags/example_complex.py
[2024-06-05T02:30:58.871+0000] {logging_mixin.py:188} INFO - [2024-06-05T02:30:58.870+0000] {dag.py:3096} INFO - Sync 1 DAGs
[2024-06-05T02:30:58.883+0000] {logging_mixin.py:188} INFO - [2024-06-05T02:30:58.882+0000] {dag.py:3954} INFO - Setting next_dagrun for example_complex to None, run_after=None
[2024-06-05T02:30:58.906+0000] {processor.py:183} INFO - Processing /home/ubuntu/endtoend_venv/lib/python3.12/site-packages/airflow/example_dags/example_complex.py took 0.084 seconds
[2024-06-05T02:32:04.321+0000] {processor.py:161} INFO - Started process (PID=15745) to work on /home/ubuntu/endtoend_venv/lib/python3.12/site-packages/airflow/example_dags/example_complex.py
[2024-06-05T02:32:04.323+0000] {processor.py:830} INFO - Processing file /home/ubuntu/endtoend_venv/lib/python3.12/site-packages/airflow/example_dags/example_complex.py for tasks to queue
[2024-06-05T02:32:04.325+0000] {logging_mixin.py:188} INFO - [2024-06-05T02:32:04.324+0000] {dagbag.py:545} INFO - Filling up the DagBag from /home/ubuntu/endtoend_venv/lib/python3.12/site-packages/airflow/example_dags/example_complex.py
[2024-06-05T02:32:04.336+0000] {processor.py:840} INFO - DAG(s) 'example_complex' retrieved from /home/ubuntu/endtoend_venv/lib/python3.12/site-packages/airflow/example_dags/example_complex.py
[2024-06-05T02:32:04.365+0000] {logging_mixin.py:188} INFO - [2024-06-05T02:32:04.365+0000] {dag.py:3096} INFO - Sync 1 DAGs
[2024-06-05T02:32:04.378+0000] {logging_mixin.py:188} INFO - [2024-06-05T02:32:04.378+0000] {dag.py:3954} INFO - Setting next_dagrun for example_complex to None, run_after=None
[2024-06-05T02:32:04.402+0000] {processor.py:183} INFO - Processing /home/ubuntu/endtoend_venv/lib/python3.12/site-packages/airflow/example_dags/example_complex.py took 0.086 seconds
[2024-06-05T02:33:05.799+0000] {processor.py:161} INFO - Started process (PID=15807) to work on /home/ubuntu/endtoend_venv/lib/python3.12/site-packages/airflow/example_dags/example_complex.py
[2024-06-05T02:33:05.801+0000] {processor.py:830} INFO - Processing file /home/ubuntu/endtoend_venv/lib/python3.12/site-packages/airflow/example_dags/example_complex.py for tasks to queue
[2024-06-05T02:33:05.802+0000] {logging_mixin.py:188} INFO - [2024-06-05T02:33:05.802+0000] {dagbag.py:545} INFO - Filling up the DagBag from /home/ubuntu/endtoend_venv/lib/python3.12/site-packages/airflow/example_dags/example_complex.py
[2024-06-05T02:33:05.813+0000] {processor.py:840} INFO - DAG(s) 'example_complex' retrieved from /home/ubuntu/endtoend_venv/lib/python3.12/site-packages/airflow/example_dags/example_complex.py
[2024-06-05T02:33:05.843+0000] {logging_mixin.py:188} INFO - [2024-06-05T02:33:05.843+0000] {dag.py:3096} INFO - Sync 1 DAGs
[2024-06-05T02:33:05.856+0000] {logging_mixin.py:188} INFO - [2024-06-05T02:33:05.856+0000] {dag.py:3954} INFO - Setting next_dagrun for example_complex to None, run_after=None
[2024-06-05T02:33:05.880+0000] {processor.py:183} INFO - Processing /home/ubuntu/endtoend_venv/lib/python3.12/site-packages/airflow/example_dags/example_complex.py took 0.087 seconds
[2024-06-05T02:34:10.646+0000] {processor.py:161} INFO - Started process (PID=15873) to work on /home/ubuntu/endtoend_venv/lib/python3.12/site-packages/airflow/example_dags/example_complex.py
[2024-06-05T02:34:10.648+0000] {processor.py:830} INFO - Processing file /home/ubuntu/endtoend_venv/lib/python3.12/site-packages/airflow/example_dags/example_complex.py for tasks to queue
[2024-06-05T02:34:10.649+0000] {logging_mixin.py:188} INFO - [2024-06-05T02:34:10.649+0000] {dagbag.py:545} INFO - Filling up the DagBag from /home/ubuntu/endtoend_venv/lib/python3.12/site-packages/airflow/example_dags/example_complex.py
[2024-06-05T02:34:10.660+0000] {processor.py:840} INFO - DAG(s) 'example_complex' retrieved from /home/ubuntu/endtoend_venv/lib/python3.12/site-packages/airflow/example_dags/example_complex.py
[2024-06-05T02:34:10.689+0000] {logging_mixin.py:188} INFO - [2024-06-05T02:34:10.689+0000] {dag.py:3096} INFO - Sync 1 DAGs
[2024-06-05T02:34:10.702+0000] {logging_mixin.py:188} INFO - [2024-06-05T02:34:10.702+0000] {dag.py:3954} INFO - Setting next_dagrun for example_complex to None, run_after=None
[2024-06-05T02:34:10.725+0000] {processor.py:183} INFO - Processing /home/ubuntu/endtoend_venv/lib/python3.12/site-packages/airflow/example_dags/example_complex.py took 0.085 seconds
