[2024-06-05T02:18:19.536+0000] {processor.py:161} INFO - Started process (PID=14917) to work on /home/ubuntu/endtoend_venv/lib/python3.12/site-packages/airflow/example_dags/example_task_group_decorator.py
[2024-06-05T02:18:19.537+0000] {processor.py:830} INFO - Processing file /home/ubuntu/endtoend_venv/lib/python3.12/site-packages/airflow/example_dags/example_task_group_decorator.py for tasks to queue
[2024-06-05T02:18:19.540+0000] {logging_mixin.py:188} INFO - [2024-06-05T02:18:19.539+0000] {dagbag.py:545} INFO - Filling up the DagBag from /home/ubuntu/endtoend_venv/lib/python3.12/site-packages/airflow/example_dags/example_task_group_decorator.py
[2024-06-05T02:18:19.558+0000] {processor.py:840} INFO - DAG(s) 'example_task_group_decorator' retrieved from /home/ubuntu/endtoend_venv/lib/python3.12/site-packages/airflow/example_dags/example_task_group_decorator.py
[2024-06-05T02:18:19.685+0000] {logging_mixin.py:188} INFO - [2024-06-05T02:18:19.684+0000] {override.py:1829} INFO - Created Permission View: can read on DAG:example_task_group_decorator
[2024-06-05T02:18:19.698+0000] {logging_mixin.py:188} INFO - [2024-06-05T02:18:19.697+0000] {override.py:1829} INFO - Created Permission View: can delete on DAG:example_task_group_decorator
[2024-06-05T02:18:19.706+0000] {logging_mixin.py:188} INFO - [2024-06-05T02:18:19.706+0000] {override.py:1829} INFO - Created Permission View: can edit on DAG:example_task_group_decorator
[2024-06-05T02:18:19.707+0000] {logging_mixin.py:188} INFO - [2024-06-05T02:18:19.707+0000] {dag.py:3096} INFO - Sync 1 DAGs
[2024-06-05T02:18:19.717+0000] {logging_mixin.py:188} INFO - [2024-06-05T02:18:19.717+0000] {dag.py:3118} INFO - Creating ORM DAG for example_task_group_decorator
[2024-06-05T02:18:19.726+0000] {logging_mixin.py:188} INFO - [2024-06-05T02:18:19.726+0000] {dag.py:3954} INFO - Setting next_dagrun for example_task_group_decorator to 2024-06-04 00:00:00+00:00, run_after=2024-06-05 00:00:00+00:00
[2024-06-05T02:18:19.748+0000] {processor.py:183} INFO - Processing /home/ubuntu/endtoend_venv/lib/python3.12/site-packages/airflow/example_dags/example_task_group_decorator.py took 0.217 seconds
[2024-06-05T02:19:15.763+0000] {processor.py:161} INFO - Started process (PID=14968) to work on /home/ubuntu/endtoend_venv/lib/python3.12/site-packages/airflow/example_dags/example_task_group_decorator.py
[2024-06-05T02:19:15.765+0000] {processor.py:830} INFO - Processing file /home/ubuntu/endtoend_venv/lib/python3.12/site-packages/airflow/example_dags/example_task_group_decorator.py for tasks to queue
[2024-06-05T02:19:15.766+0000] {logging_mixin.py:188} INFO - [2024-06-05T02:19:15.766+0000] {dagbag.py:545} INFO - Filling up the DagBag from /home/ubuntu/endtoend_venv/lib/python3.12/site-packages/airflow/example_dags/example_task_group_decorator.py
[2024-06-05T02:19:15.782+0000] {processor.py:840} INFO - DAG(s) 'example_task_group_decorator' retrieved from /home/ubuntu/endtoend_venv/lib/python3.12/site-packages/airflow/example_dags/example_task_group_decorator.py
[2024-06-05T02:19:15.804+0000] {logging_mixin.py:188} INFO - [2024-06-05T02:19:15.804+0000] {dag.py:3096} INFO - Sync 1 DAGs
[2024-06-05T02:19:15.825+0000] {logging_mixin.py:188} INFO - [2024-06-05T02:19:15.825+0000] {dag.py:3954} INFO - Setting next_dagrun for example_task_group_decorator to 2024-06-04 00:00:00+00:00, run_after=2024-06-05 00:00:00+00:00
[2024-06-05T02:19:15.849+0000] {processor.py:183} INFO - Processing /home/ubuntu/endtoend_venv/lib/python3.12/site-packages/airflow/example_dags/example_task_group_decorator.py took 0.091 seconds
[2024-06-05T02:20:01.030+0000] {processor.py:161} INFO - Started process (PID=15014) to work on /home/ubuntu/endtoend_venv/lib/python3.12/site-packages/airflow/example_dags/example_task_group_decorator.py
[2024-06-05T02:20:01.031+0000] {processor.py:830} INFO - Processing file /home/ubuntu/endtoend_venv/lib/python3.12/site-packages/airflow/example_dags/example_task_group_decorator.py for tasks to queue
[2024-06-05T02:20:01.033+0000] {logging_mixin.py:188} INFO - [2024-06-05T02:20:01.033+0000] {dagbag.py:545} INFO - Filling up the DagBag from /home/ubuntu/endtoend_venv/lib/python3.12/site-packages/airflow/example_dags/example_task_group_decorator.py
[2024-06-05T02:20:01.050+0000] {processor.py:840} INFO - DAG(s) 'example_task_group_decorator' retrieved from /home/ubuntu/endtoend_venv/lib/python3.12/site-packages/airflow/example_dags/example_task_group_decorator.py
[2024-06-05T02:20:01.072+0000] {logging_mixin.py:188} INFO - [2024-06-05T02:20:01.072+0000] {dag.py:3096} INFO - Sync 1 DAGs
[2024-06-05T02:20:01.093+0000] {logging_mixin.py:188} INFO - [2024-06-05T02:20:01.093+0000] {dag.py:3954} INFO - Setting next_dagrun for example_task_group_decorator to 2024-06-04 00:00:00+00:00, run_after=2024-06-05 00:00:00+00:00
[2024-06-05T02:20:01.116+0000] {processor.py:183} INFO - Processing /home/ubuntu/endtoend_venv/lib/python3.12/site-packages/airflow/example_dags/example_task_group_decorator.py took 0.092 seconds
[2024-06-05T02:20:50.369+0000] {processor.py:161} INFO - Started process (PID=15071) to work on /home/ubuntu/endtoend_venv/lib/python3.12/site-packages/airflow/example_dags/example_task_group_decorator.py
[2024-06-05T02:20:50.371+0000] {processor.py:830} INFO - Processing file /home/ubuntu/endtoend_venv/lib/python3.12/site-packages/airflow/example_dags/example_task_group_decorator.py for tasks to queue
[2024-06-05T02:20:50.372+0000] {logging_mixin.py:188} INFO - [2024-06-05T02:20:50.372+0000] {dagbag.py:545} INFO - Filling up the DagBag from /home/ubuntu/endtoend_venv/lib/python3.12/site-packages/airflow/example_dags/example_task_group_decorator.py
[2024-06-05T02:20:50.389+0000] {processor.py:840} INFO - DAG(s) 'example_task_group_decorator' retrieved from /home/ubuntu/endtoend_venv/lib/python3.12/site-packages/airflow/example_dags/example_task_group_decorator.py
[2024-06-05T02:20:50.411+0000] {logging_mixin.py:188} INFO - [2024-06-05T02:20:50.411+0000] {dag.py:3096} INFO - Sync 1 DAGs
[2024-06-05T02:20:50.432+0000] {logging_mixin.py:188} INFO - [2024-06-05T02:20:50.432+0000] {dag.py:3954} INFO - Setting next_dagrun for example_task_group_decorator to 2024-06-04 00:00:00+00:00, run_after=2024-06-05 00:00:00+00:00
[2024-06-05T02:20:50.456+0000] {processor.py:183} INFO - Processing /home/ubuntu/endtoend_venv/lib/python3.12/site-packages/airflow/example_dags/example_task_group_decorator.py took 0.092 seconds
[2024-06-05T02:21:31.173+0000] {processor.py:161} INFO - Started process (PID=15114) to work on /home/ubuntu/endtoend_venv/lib/python3.12/site-packages/airflow/example_dags/example_task_group_decorator.py
[2024-06-05T02:21:31.175+0000] {processor.py:830} INFO - Processing file /home/ubuntu/endtoend_venv/lib/python3.12/site-packages/airflow/example_dags/example_task_group_decorator.py for tasks to queue
[2024-06-05T02:21:31.176+0000] {logging_mixin.py:188} INFO - [2024-06-05T02:21:31.176+0000] {dagbag.py:545} INFO - Filling up the DagBag from /home/ubuntu/endtoend_venv/lib/python3.12/site-packages/airflow/example_dags/example_task_group_decorator.py
[2024-06-05T02:21:31.193+0000] {processor.py:840} INFO - DAG(s) 'example_task_group_decorator' retrieved from /home/ubuntu/endtoend_venv/lib/python3.12/site-packages/airflow/example_dags/example_task_group_decorator.py
[2024-06-05T02:21:31.215+0000] {logging_mixin.py:188} INFO - [2024-06-05T02:21:31.214+0000] {dag.py:3096} INFO - Sync 1 DAGs
[2024-06-05T02:21:31.235+0000] {logging_mixin.py:188} INFO - [2024-06-05T02:21:31.235+0000] {dag.py:3954} INFO - Setting next_dagrun for example_task_group_decorator to 2024-06-04 00:00:00+00:00, run_after=2024-06-05 00:00:00+00:00
[2024-06-05T02:21:31.258+0000] {processor.py:183} INFO - Processing /home/ubuntu/endtoend_venv/lib/python3.12/site-packages/airflow/example_dags/example_task_group_decorator.py took 0.091 seconds
[2024-06-05T02:22:10.544+0000] {processor.py:161} INFO - Started process (PID=15156) to work on /home/ubuntu/endtoend_venv/lib/python3.12/site-packages/airflow/example_dags/example_task_group_decorator.py
[2024-06-05T02:22:10.546+0000] {processor.py:830} INFO - Processing file /home/ubuntu/endtoend_venv/lib/python3.12/site-packages/airflow/example_dags/example_task_group_decorator.py for tasks to queue
[2024-06-05T02:22:10.548+0000] {logging_mixin.py:188} INFO - [2024-06-05T02:22:10.547+0000] {dagbag.py:545} INFO - Filling up the DagBag from /home/ubuntu/endtoend_venv/lib/python3.12/site-packages/airflow/example_dags/example_task_group_decorator.py
[2024-06-05T02:22:10.564+0000] {processor.py:840} INFO - DAG(s) 'example_task_group_decorator' retrieved from /home/ubuntu/endtoend_venv/lib/python3.12/site-packages/airflow/example_dags/example_task_group_decorator.py
[2024-06-05T02:22:10.585+0000] {logging_mixin.py:188} INFO - [2024-06-05T02:22:10.585+0000] {dag.py:3096} INFO - Sync 1 DAGs
[2024-06-05T02:22:10.605+0000] {logging_mixin.py:188} INFO - [2024-06-05T02:22:10.605+0000] {dag.py:3954} INFO - Setting next_dagrun for example_task_group_decorator to 2024-06-04 00:00:00+00:00, run_after=2024-06-05 00:00:00+00:00
[2024-06-05T02:22:10.628+0000] {processor.py:183} INFO - Processing /home/ubuntu/endtoend_venv/lib/python3.12/site-packages/airflow/example_dags/example_task_group_decorator.py took 0.089 seconds
[2024-06-05T02:22:48.883+0000] {processor.py:161} INFO - Started process (PID=15196) to work on /home/ubuntu/endtoend_venv/lib/python3.12/site-packages/airflow/example_dags/example_task_group_decorator.py
[2024-06-05T02:22:48.884+0000] {processor.py:830} INFO - Processing file /home/ubuntu/endtoend_venv/lib/python3.12/site-packages/airflow/example_dags/example_task_group_decorator.py for tasks to queue
[2024-06-05T02:22:48.886+0000] {logging_mixin.py:188} INFO - [2024-06-05T02:22:48.886+0000] {dagbag.py:545} INFO - Filling up the DagBag from /home/ubuntu/endtoend_venv/lib/python3.12/site-packages/airflow/example_dags/example_task_group_decorator.py
[2024-06-05T02:22:48.902+0000] {processor.py:840} INFO - DAG(s) 'example_task_group_decorator' retrieved from /home/ubuntu/endtoend_venv/lib/python3.12/site-packages/airflow/example_dags/example_task_group_decorator.py
[2024-06-05T02:22:48.923+0000] {logging_mixin.py:188} INFO - [2024-06-05T02:22:48.923+0000] {dag.py:3096} INFO - Sync 1 DAGs
[2024-06-05T02:22:48.943+0000] {logging_mixin.py:188} INFO - [2024-06-05T02:22:48.943+0000] {dag.py:3954} INFO - Setting next_dagrun for example_task_group_decorator to 2024-06-04 00:00:00+00:00, run_after=2024-06-05 00:00:00+00:00
[2024-06-05T02:22:48.966+0000] {processor.py:183} INFO - Processing /home/ubuntu/endtoend_venv/lib/python3.12/site-packages/airflow/example_dags/example_task_group_decorator.py took 0.089 seconds
[2024-06-05T02:23:27.049+0000] {processor.py:161} INFO - Started process (PID=15236) to work on /home/ubuntu/endtoend_venv/lib/python3.12/site-packages/airflow/example_dags/example_task_group_decorator.py
[2024-06-05T02:23:27.051+0000] {processor.py:830} INFO - Processing file /home/ubuntu/endtoend_venv/lib/python3.12/site-packages/airflow/example_dags/example_task_group_decorator.py for tasks to queue
[2024-06-05T02:23:27.053+0000] {logging_mixin.py:188} INFO - [2024-06-05T02:23:27.052+0000] {dagbag.py:545} INFO - Filling up the DagBag from /home/ubuntu/endtoend_venv/lib/python3.12/site-packages/airflow/example_dags/example_task_group_decorator.py
[2024-06-05T02:23:27.069+0000] {processor.py:840} INFO - DAG(s) 'example_task_group_decorator' retrieved from /home/ubuntu/endtoend_venv/lib/python3.12/site-packages/airflow/example_dags/example_task_group_decorator.py
[2024-06-05T02:23:27.092+0000] {logging_mixin.py:188} INFO - [2024-06-05T02:23:27.091+0000] {dag.py:3096} INFO - Sync 1 DAGs
[2024-06-05T02:23:27.112+0000] {logging_mixin.py:188} INFO - [2024-06-05T02:23:27.112+0000] {dag.py:3954} INFO - Setting next_dagrun for example_task_group_decorator to 2024-06-04 00:00:00+00:00, run_after=2024-06-05 00:00:00+00:00
[2024-06-05T02:23:27.135+0000] {processor.py:183} INFO - Processing /home/ubuntu/endtoend_venv/lib/python3.12/site-packages/airflow/example_dags/example_task_group_decorator.py took 0.091 seconds
[2024-06-05T02:25:29.464+0000] {processor.py:161} INFO - Started process (PID=15334) to work on /home/ubuntu/endtoend_venv/lib/python3.12/site-packages/airflow/example_dags/example_task_group_decorator.py
[2024-06-05T02:25:29.465+0000] {processor.py:830} INFO - Processing file /home/ubuntu/endtoend_venv/lib/python3.12/site-packages/airflow/example_dags/example_task_group_decorator.py for tasks to queue
[2024-06-05T02:25:29.467+0000] {logging_mixin.py:188} INFO - [2024-06-05T02:25:29.467+0000] {dagbag.py:545} INFO - Filling up the DagBag from /home/ubuntu/endtoend_venv/lib/python3.12/site-packages/airflow/example_dags/example_task_group_decorator.py
[2024-06-05T02:25:29.486+0000] {processor.py:840} INFO - DAG(s) 'example_task_group_decorator' retrieved from /home/ubuntu/endtoend_venv/lib/python3.12/site-packages/airflow/example_dags/example_task_group_decorator.py
[2024-06-05T02:25:29.495+0000] {logging_mixin.py:188} INFO - [2024-06-05T02:25:29.495+0000] {dag.py:3096} INFO - Sync 1 DAGs
[2024-06-05T02:25:29.517+0000] {logging_mixin.py:188} INFO - [2024-06-05T02:25:29.516+0000] {dag.py:3954} INFO - Setting next_dagrun for example_task_group_decorator to 2024-06-04 00:00:00+00:00, run_after=2024-06-05 00:00:00+00:00
[2024-06-05T02:25:29.539+0000] {processor.py:183} INFO - Processing /home/ubuntu/endtoend_venv/lib/python3.12/site-packages/airflow/example_dags/example_task_group_decorator.py took 0.081 seconds
[2024-06-05T02:26:20.419+0000] {processor.py:161} INFO - Started process (PID=15386) to work on /home/ubuntu/endtoend_venv/lib/python3.12/site-packages/airflow/example_dags/example_task_group_decorator.py
[2024-06-05T02:26:20.421+0000] {processor.py:830} INFO - Processing file /home/ubuntu/endtoend_venv/lib/python3.12/site-packages/airflow/example_dags/example_task_group_decorator.py for tasks to queue
[2024-06-05T02:26:20.422+0000] {logging_mixin.py:188} INFO - [2024-06-05T02:26:20.422+0000] {dagbag.py:545} INFO - Filling up the DagBag from /home/ubuntu/endtoend_venv/lib/python3.12/site-packages/airflow/example_dags/example_task_group_decorator.py
[2024-06-05T02:26:20.438+0000] {processor.py:840} INFO - DAG(s) 'example_task_group_decorator' retrieved from /home/ubuntu/endtoend_venv/lib/python3.12/site-packages/airflow/example_dags/example_task_group_decorator.py
[2024-06-05T02:26:20.545+0000] {logging_mixin.py:188} INFO - [2024-06-05T02:26:20.545+0000] {dag.py:3096} INFO - Sync 1 DAGs
[2024-06-05T02:26:20.562+0000] {logging_mixin.py:188} INFO - [2024-06-05T02:26:20.562+0000] {dag.py:3954} INFO - Setting next_dagrun for example_task_group_decorator to 2024-06-04 00:00:00+00:00, run_after=2024-06-05 00:00:00+00:00
[2024-06-05T02:26:20.584+0000] {processor.py:183} INFO - Processing /home/ubuntu/endtoend_venv/lib/python3.12/site-packages/airflow/example_dags/example_task_group_decorator.py took 0.171 seconds
[2024-06-05T02:27:07.067+0000] {processor.py:161} INFO - Started process (PID=15432) to work on /home/ubuntu/endtoend_venv/lib/python3.12/site-packages/airflow/example_dags/example_task_group_decorator.py
[2024-06-05T02:27:07.068+0000] {processor.py:830} INFO - Processing file /home/ubuntu/endtoend_venv/lib/python3.12/site-packages/airflow/example_dags/example_task_group_decorator.py for tasks to queue
[2024-06-05T02:27:07.070+0000] {logging_mixin.py:188} INFO - [2024-06-05T02:27:07.070+0000] {dagbag.py:545} INFO - Filling up the DagBag from /home/ubuntu/endtoend_venv/lib/python3.12/site-packages/airflow/example_dags/example_task_group_decorator.py
[2024-06-05T02:27:07.086+0000] {processor.py:840} INFO - DAG(s) 'example_task_group_decorator' retrieved from /home/ubuntu/endtoend_venv/lib/python3.12/site-packages/airflow/example_dags/example_task_group_decorator.py
[2024-06-05T02:27:07.108+0000] {logging_mixin.py:188} INFO - [2024-06-05T02:27:07.107+0000] {dag.py:3096} INFO - Sync 1 DAGs
[2024-06-05T02:27:07.128+0000] {logging_mixin.py:188} INFO - [2024-06-05T02:27:07.127+0000] {dag.py:3954} INFO - Setting next_dagrun for example_task_group_decorator to 2024-06-04 00:00:00+00:00, run_after=2024-06-05 00:00:00+00:00
[2024-06-05T02:27:07.151+0000] {processor.py:183} INFO - Processing /home/ubuntu/endtoend_venv/lib/python3.12/site-packages/airflow/example_dags/example_task_group_decorator.py took 0.090 seconds
[2024-06-05T02:27:56.258+0000] {processor.py:161} INFO - Started process (PID=15483) to work on /home/ubuntu/endtoend_venv/lib/python3.12/site-packages/airflow/example_dags/example_task_group_decorator.py
[2024-06-05T02:27:56.259+0000] {processor.py:830} INFO - Processing file /home/ubuntu/endtoend_venv/lib/python3.12/site-packages/airflow/example_dags/example_task_group_decorator.py for tasks to queue
[2024-06-05T02:27:56.261+0000] {logging_mixin.py:188} INFO - [2024-06-05T02:27:56.261+0000] {dagbag.py:545} INFO - Filling up the DagBag from /home/ubuntu/endtoend_venv/lib/python3.12/site-packages/airflow/example_dags/example_task_group_decorator.py
[2024-06-05T02:27:56.278+0000] {processor.py:840} INFO - DAG(s) 'example_task_group_decorator' retrieved from /home/ubuntu/endtoend_venv/lib/python3.12/site-packages/airflow/example_dags/example_task_group_decorator.py
[2024-06-05T02:27:56.301+0000] {logging_mixin.py:188} INFO - [2024-06-05T02:27:56.300+0000] {dag.py:3096} INFO - Sync 1 DAGs
[2024-06-05T02:27:56.321+0000] {logging_mixin.py:188} INFO - [2024-06-05T02:27:56.321+0000] {dag.py:3954} INFO - Setting next_dagrun for example_task_group_decorator to 2024-06-04 00:00:00+00:00, run_after=2024-06-05 00:00:00+00:00
[2024-06-05T02:27:56.344+0000] {processor.py:183} INFO - Processing /home/ubuntu/endtoend_venv/lib/python3.12/site-packages/airflow/example_dags/example_task_group_decorator.py took 0.092 seconds
[2024-06-05T02:28:39.563+0000] {processor.py:161} INFO - Started process (PID=15528) to work on /home/ubuntu/endtoend_venv/lib/python3.12/site-packages/airflow/example_dags/example_task_group_decorator.py
[2024-06-05T02:28:39.564+0000] {processor.py:830} INFO - Processing file /home/ubuntu/endtoend_venv/lib/python3.12/site-packages/airflow/example_dags/example_task_group_decorator.py for tasks to queue
[2024-06-05T02:28:39.566+0000] {logging_mixin.py:188} INFO - [2024-06-05T02:28:39.566+0000] {dagbag.py:545} INFO - Filling up the DagBag from /home/ubuntu/endtoend_venv/lib/python3.12/site-packages/airflow/example_dags/example_task_group_decorator.py
[2024-06-05T02:28:39.582+0000] {processor.py:840} INFO - DAG(s) 'example_task_group_decorator' retrieved from /home/ubuntu/endtoend_venv/lib/python3.12/site-packages/airflow/example_dags/example_task_group_decorator.py
[2024-06-05T02:28:39.603+0000] {logging_mixin.py:188} INFO - [2024-06-05T02:28:39.603+0000] {dag.py:3096} INFO - Sync 1 DAGs
[2024-06-05T02:28:39.623+0000] {logging_mixin.py:188} INFO - [2024-06-05T02:28:39.623+0000] {dag.py:3954} INFO - Setting next_dagrun for example_task_group_decorator to 2024-06-04 00:00:00+00:00, run_after=2024-06-05 00:00:00+00:00
[2024-06-05T02:28:39.645+0000] {processor.py:183} INFO - Processing /home/ubuntu/endtoend_venv/lib/python3.12/site-packages/airflow/example_dags/example_task_group_decorator.py took 0.088 seconds
[2024-06-05T02:29:20.985+0000] {processor.py:161} INFO - Started process (PID=15575) to work on /home/ubuntu/endtoend_venv/lib/python3.12/site-packages/airflow/example_dags/example_task_group_decorator.py
[2024-06-05T02:29:20.986+0000] {processor.py:830} INFO - Processing file /home/ubuntu/endtoend_venv/lib/python3.12/site-packages/airflow/example_dags/example_task_group_decorator.py for tasks to queue
[2024-06-05T02:29:20.988+0000] {logging_mixin.py:188} INFO - [2024-06-05T02:29:20.988+0000] {dagbag.py:545} INFO - Filling up the DagBag from /home/ubuntu/endtoend_venv/lib/python3.12/site-packages/airflow/example_dags/example_task_group_decorator.py
[2024-06-05T02:29:21.005+0000] {processor.py:840} INFO - DAG(s) 'example_task_group_decorator' retrieved from /home/ubuntu/endtoend_venv/lib/python3.12/site-packages/airflow/example_dags/example_task_group_decorator.py
[2024-06-05T02:29:21.027+0000] {logging_mixin.py:188} INFO - [2024-06-05T02:29:21.027+0000] {dag.py:3096} INFO - Sync 1 DAGs
[2024-06-05T02:29:21.047+0000] {logging_mixin.py:188} INFO - [2024-06-05T02:29:21.047+0000] {dag.py:3954} INFO - Setting next_dagrun for example_task_group_decorator to 2024-06-04 00:00:00+00:00, run_after=2024-06-05 00:00:00+00:00
[2024-06-05T02:29:21.072+0000] {processor.py:183} INFO - Processing /home/ubuntu/endtoend_venv/lib/python3.12/site-packages/airflow/example_dags/example_task_group_decorator.py took 0.093 seconds
[2024-06-05T02:30:03.063+0000] {processor.py:161} INFO - Started process (PID=15617) to work on /home/ubuntu/endtoend_venv/lib/python3.12/site-packages/airflow/example_dags/example_task_group_decorator.py
[2024-06-05T02:30:03.064+0000] {processor.py:830} INFO - Processing file /home/ubuntu/endtoend_venv/lib/python3.12/site-packages/airflow/example_dags/example_task_group_decorator.py for tasks to queue
[2024-06-05T02:30:03.066+0000] {logging_mixin.py:188} INFO - [2024-06-05T02:30:03.066+0000] {dagbag.py:545} INFO - Filling up the DagBag from /home/ubuntu/endtoend_venv/lib/python3.12/site-packages/airflow/example_dags/example_task_group_decorator.py
[2024-06-05T02:30:03.082+0000] {processor.py:840} INFO - DAG(s) 'example_task_group_decorator' retrieved from /home/ubuntu/endtoend_venv/lib/python3.12/site-packages/airflow/example_dags/example_task_group_decorator.py
[2024-06-05T02:30:03.104+0000] {logging_mixin.py:188} INFO - [2024-06-05T02:30:03.104+0000] {dag.py:3096} INFO - Sync 1 DAGs
[2024-06-05T02:30:03.125+0000] {logging_mixin.py:188} INFO - [2024-06-05T02:30:03.124+0000] {dag.py:3954} INFO - Setting next_dagrun for example_task_group_decorator to 2024-06-04 00:00:00+00:00, run_after=2024-06-05 00:00:00+00:00
[2024-06-05T02:30:03.148+0000] {processor.py:183} INFO - Processing /home/ubuntu/endtoend_venv/lib/python3.12/site-packages/airflow/example_dags/example_task_group_decorator.py took 0.091 seconds
[2024-06-05T02:30:45.255+0000] {processor.py:161} INFO - Started process (PID=15664) to work on /home/ubuntu/endtoend_venv/lib/python3.12/site-packages/airflow/example_dags/example_task_group_decorator.py
[2024-06-05T02:30:45.256+0000] {processor.py:830} INFO - Processing file /home/ubuntu/endtoend_venv/lib/python3.12/site-packages/airflow/example_dags/example_task_group_decorator.py for tasks to queue
[2024-06-05T02:30:45.258+0000] {logging_mixin.py:188} INFO - [2024-06-05T02:30:45.257+0000] {dagbag.py:545} INFO - Filling up the DagBag from /home/ubuntu/endtoend_venv/lib/python3.12/site-packages/airflow/example_dags/example_task_group_decorator.py
[2024-06-05T02:30:45.274+0000] {processor.py:840} INFO - DAG(s) 'example_task_group_decorator' retrieved from /home/ubuntu/endtoend_venv/lib/python3.12/site-packages/airflow/example_dags/example_task_group_decorator.py
[2024-06-05T02:30:45.296+0000] {logging_mixin.py:188} INFO - [2024-06-05T02:30:45.295+0000] {dag.py:3096} INFO - Sync 1 DAGs
[2024-06-05T02:30:45.316+0000] {logging_mixin.py:188} INFO - [2024-06-05T02:30:45.315+0000] {dag.py:3954} INFO - Setting next_dagrun for example_task_group_decorator to 2024-06-04 00:00:00+00:00, run_after=2024-06-05 00:00:00+00:00
[2024-06-05T02:30:45.340+0000] {processor.py:183} INFO - Processing /home/ubuntu/endtoend_venv/lib/python3.12/site-packages/airflow/example_dags/example_task_group_decorator.py took 0.091 seconds
[2024-06-05T02:31:27.089+0000] {processor.py:161} INFO - Started process (PID=15707) to work on /home/ubuntu/endtoend_venv/lib/python3.12/site-packages/airflow/example_dags/example_task_group_decorator.py
[2024-06-05T02:31:27.091+0000] {processor.py:830} INFO - Processing file /home/ubuntu/endtoend_venv/lib/python3.12/site-packages/airflow/example_dags/example_task_group_decorator.py for tasks to queue
[2024-06-05T02:31:27.092+0000] {logging_mixin.py:188} INFO - [2024-06-05T02:31:27.092+0000] {dagbag.py:545} INFO - Filling up the DagBag from /home/ubuntu/endtoend_venv/lib/python3.12/site-packages/airflow/example_dags/example_task_group_decorator.py
[2024-06-05T02:31:27.109+0000] {processor.py:840} INFO - DAG(s) 'example_task_group_decorator' retrieved from /home/ubuntu/endtoend_venv/lib/python3.12/site-packages/airflow/example_dags/example_task_group_decorator.py
[2024-06-05T02:31:27.130+0000] {logging_mixin.py:188} INFO - [2024-06-05T02:31:27.130+0000] {dag.py:3096} INFO - Sync 1 DAGs
[2024-06-05T02:31:27.150+0000] {logging_mixin.py:188} INFO - [2024-06-05T02:31:27.149+0000] {dag.py:3954} INFO - Setting next_dagrun for example_task_group_decorator to 2024-06-04 00:00:00+00:00, run_after=2024-06-05 00:00:00+00:00
[2024-06-05T02:31:27.172+0000] {processor.py:183} INFO - Processing /home/ubuntu/endtoend_venv/lib/python3.12/site-packages/airflow/example_dags/example_task_group_decorator.py took 0.089 seconds
[2024-06-05T02:32:11.744+0000] {processor.py:161} INFO - Started process (PID=15752) to work on /home/ubuntu/endtoend_venv/lib/python3.12/site-packages/airflow/example_dags/example_task_group_decorator.py
[2024-06-05T02:32:11.746+0000] {processor.py:830} INFO - Processing file /home/ubuntu/endtoend_venv/lib/python3.12/site-packages/airflow/example_dags/example_task_group_decorator.py for tasks to queue
[2024-06-05T02:32:11.748+0000] {logging_mixin.py:188} INFO - [2024-06-05T02:32:11.747+0000] {dagbag.py:545} INFO - Filling up the DagBag from /home/ubuntu/endtoend_venv/lib/python3.12/site-packages/airflow/example_dags/example_task_group_decorator.py
[2024-06-05T02:32:11.764+0000] {processor.py:840} INFO - DAG(s) 'example_task_group_decorator' retrieved from /home/ubuntu/endtoend_venv/lib/python3.12/site-packages/airflow/example_dags/example_task_group_decorator.py
[2024-06-05T02:32:11.786+0000] {logging_mixin.py:188} INFO - [2024-06-05T02:32:11.785+0000] {dag.py:3096} INFO - Sync 1 DAGs
[2024-06-05T02:32:11.806+0000] {logging_mixin.py:188} INFO - [2024-06-05T02:32:11.805+0000] {dag.py:3954} INFO - Setting next_dagrun for example_task_group_decorator to 2024-06-04 00:00:00+00:00, run_after=2024-06-05 00:00:00+00:00
[2024-06-05T02:32:11.829+0000] {processor.py:183} INFO - Processing /home/ubuntu/endtoend_venv/lib/python3.12/site-packages/airflow/example_dags/example_task_group_decorator.py took 0.090 seconds
[2024-06-05T02:32:52.298+0000] {processor.py:161} INFO - Started process (PID=15794) to work on /home/ubuntu/endtoend_venv/lib/python3.12/site-packages/airflow/example_dags/example_task_group_decorator.py
[2024-06-05T02:32:52.300+0000] {processor.py:830} INFO - Processing file /home/ubuntu/endtoend_venv/lib/python3.12/site-packages/airflow/example_dags/example_task_group_decorator.py for tasks to queue
[2024-06-05T02:32:52.302+0000] {logging_mixin.py:188} INFO - [2024-06-05T02:32:52.301+0000] {dagbag.py:545} INFO - Filling up the DagBag from /home/ubuntu/endtoend_venv/lib/python3.12/site-packages/airflow/example_dags/example_task_group_decorator.py
[2024-06-05T02:32:52.318+0000] {processor.py:840} INFO - DAG(s) 'example_task_group_decorator' retrieved from /home/ubuntu/endtoend_venv/lib/python3.12/site-packages/airflow/example_dags/example_task_group_decorator.py
[2024-06-05T02:32:52.339+0000] {logging_mixin.py:188} INFO - [2024-06-05T02:32:52.339+0000] {dag.py:3096} INFO - Sync 1 DAGs
[2024-06-05T02:32:52.359+0000] {logging_mixin.py:188} INFO - [2024-06-05T02:32:52.359+0000] {dag.py:3954} INFO - Setting next_dagrun for example_task_group_decorator to 2024-06-04 00:00:00+00:00, run_after=2024-06-05 00:00:00+00:00
[2024-06-05T02:32:52.383+0000] {processor.py:183} INFO - Processing /home/ubuntu/endtoend_venv/lib/python3.12/site-packages/airflow/example_dags/example_task_group_decorator.py took 0.090 seconds
[2024-06-05T02:33:35.156+0000] {processor.py:161} INFO - Started process (PID=15836) to work on /home/ubuntu/endtoend_venv/lib/python3.12/site-packages/airflow/example_dags/example_task_group_decorator.py
[2024-06-05T02:33:35.157+0000] {processor.py:830} INFO - Processing file /home/ubuntu/endtoend_venv/lib/python3.12/site-packages/airflow/example_dags/example_task_group_decorator.py for tasks to queue
[2024-06-05T02:33:35.159+0000] {logging_mixin.py:188} INFO - [2024-06-05T02:33:35.159+0000] {dagbag.py:545} INFO - Filling up the DagBag from /home/ubuntu/endtoend_venv/lib/python3.12/site-packages/airflow/example_dags/example_task_group_decorator.py
[2024-06-05T02:33:35.176+0000] {processor.py:840} INFO - DAG(s) 'example_task_group_decorator' retrieved from /home/ubuntu/endtoend_venv/lib/python3.12/site-packages/airflow/example_dags/example_task_group_decorator.py
[2024-06-05T02:33:35.198+0000] {logging_mixin.py:188} INFO - [2024-06-05T02:33:35.198+0000] {dag.py:3096} INFO - Sync 1 DAGs
[2024-06-05T02:33:35.220+0000] {logging_mixin.py:188} INFO - [2024-06-05T02:33:35.219+0000] {dag.py:3954} INFO - Setting next_dagrun for example_task_group_decorator to 2024-06-04 00:00:00+00:00, run_after=2024-06-05 00:00:00+00:00
[2024-06-05T02:33:35.243+0000] {processor.py:183} INFO - Processing /home/ubuntu/endtoend_venv/lib/python3.12/site-packages/airflow/example_dags/example_task_group_decorator.py took 0.093 seconds
[2024-06-05T02:34:16.949+0000] {processor.py:161} INFO - Started process (PID=15880) to work on /home/ubuntu/endtoend_venv/lib/python3.12/site-packages/airflow/example_dags/example_task_group_decorator.py
[2024-06-05T02:34:16.951+0000] {processor.py:830} INFO - Processing file /home/ubuntu/endtoend_venv/lib/python3.12/site-packages/airflow/example_dags/example_task_group_decorator.py for tasks to queue
[2024-06-05T02:34:16.953+0000] {logging_mixin.py:188} INFO - [2024-06-05T02:34:16.952+0000] {dagbag.py:545} INFO - Filling up the DagBag from /home/ubuntu/endtoend_venv/lib/python3.12/site-packages/airflow/example_dags/example_task_group_decorator.py
[2024-06-05T02:34:16.969+0000] {processor.py:840} INFO - DAG(s) 'example_task_group_decorator' retrieved from /home/ubuntu/endtoend_venv/lib/python3.12/site-packages/airflow/example_dags/example_task_group_decorator.py
[2024-06-05T02:34:16.991+0000] {logging_mixin.py:188} INFO - [2024-06-05T02:34:16.991+0000] {dag.py:3096} INFO - Sync 1 DAGs
[2024-06-05T02:34:17.012+0000] {logging_mixin.py:188} INFO - [2024-06-05T02:34:17.011+0000] {dag.py:3954} INFO - Setting next_dagrun for example_task_group_decorator to 2024-06-04 00:00:00+00:00, run_after=2024-06-05 00:00:00+00:00
[2024-06-05T02:34:17.035+0000] {processor.py:183} INFO - Processing /home/ubuntu/endtoend_venv/lib/python3.12/site-packages/airflow/example_dags/example_task_group_decorator.py took 0.091 seconds
[2024-06-05T02:34:55.304+0000] {processor.py:161} INFO - Started process (PID=15920) to work on /home/ubuntu/endtoend_venv/lib/python3.12/site-packages/airflow/example_dags/example_task_group_decorator.py
[2024-06-05T02:34:55.305+0000] {processor.py:830} INFO - Processing file /home/ubuntu/endtoend_venv/lib/python3.12/site-packages/airflow/example_dags/example_task_group_decorator.py for tasks to queue
[2024-06-05T02:34:55.307+0000] {logging_mixin.py:188} INFO - [2024-06-05T02:34:55.306+0000] {dagbag.py:545} INFO - Filling up the DagBag from /home/ubuntu/endtoend_venv/lib/python3.12/site-packages/airflow/example_dags/example_task_group_decorator.py
[2024-06-05T02:34:55.323+0000] {processor.py:840} INFO - DAG(s) 'example_task_group_decorator' retrieved from /home/ubuntu/endtoend_venv/lib/python3.12/site-packages/airflow/example_dags/example_task_group_decorator.py
[2024-06-05T02:34:55.345+0000] {logging_mixin.py:188} INFO - [2024-06-05T02:34:55.344+0000] {dag.py:3096} INFO - Sync 1 DAGs
[2024-06-05T02:34:55.365+0000] {logging_mixin.py:188} INFO - [2024-06-05T02:34:55.365+0000] {dag.py:3954} INFO - Setting next_dagrun for example_task_group_decorator to 2024-06-04 00:00:00+00:00, run_after=2024-06-05 00:00:00+00:00
[2024-06-05T02:34:55.388+0000] {processor.py:183} INFO - Processing /home/ubuntu/endtoend_venv/lib/python3.12/site-packages/airflow/example_dags/example_task_group_decorator.py took 0.090 seconds
