[2024-06-05T02:18:58.142+0000] {processor.py:161} INFO - Started process (PID=14951) to work on /home/ubuntu/endtoend_venv/lib/python3.12/site-packages/airflow/example_dags/example_branch_day_of_week_operator.py
[2024-06-05T02:18:58.143+0000] {processor.py:830} INFO - Processing file /home/ubuntu/endtoend_venv/lib/python3.12/site-packages/airflow/example_dags/example_branch_day_of_week_operator.py for tasks to queue
[2024-06-05T02:18:58.145+0000] {logging_mixin.py:188} INFO - [2024-06-05T02:18:58.144+0000] {dagbag.py:545} INFO - Filling up the DagBag from /home/ubuntu/endtoend_venv/lib/python3.12/site-packages/airflow/example_dags/example_branch_day_of_week_operator.py
[2024-06-05T02:18:58.153+0000] {processor.py:840} INFO - DAG(s) 'example_weekday_branch_operator' retrieved from /home/ubuntu/endtoend_venv/lib/python3.12/site-packages/airflow/example_dags/example_branch_day_of_week_operator.py
[2024-06-05T02:18:58.274+0000] {logging_mixin.py:188} INFO - [2024-06-05T02:18:58.274+0000] {override.py:1829} INFO - Created Permission View: can read on DAG:example_weekday_branch_operator
[2024-06-05T02:18:58.287+0000] {logging_mixin.py:188} INFO - [2024-06-05T02:18:58.287+0000] {override.py:1829} INFO - Created Permission View: can delete on DAG:example_weekday_branch_operator
[2024-06-05T02:18:58.297+0000] {logging_mixin.py:188} INFO - [2024-06-05T02:18:58.297+0000] {override.py:1829} INFO - Created Permission View: can edit on DAG:example_weekday_branch_operator
[2024-06-05T02:18:58.298+0000] {logging_mixin.py:188} INFO - [2024-06-05T02:18:58.297+0000] {dag.py:3096} INFO - Sync 1 DAGs
[2024-06-05T02:18:58.308+0000] {logging_mixin.py:188} INFO - [2024-06-05T02:18:58.308+0000] {dag.py:3118} INFO - Creating ORM DAG for example_weekday_branch_operator
[2024-06-05T02:18:58.320+0000] {logging_mixin.py:188} INFO - [2024-06-05T02:18:58.320+0000] {dag.py:3954} INFO - Setting next_dagrun for example_weekday_branch_operator to 2024-06-04 00:00:00+00:00, run_after=2024-06-05 00:00:00+00:00
[2024-06-05T02:18:58.342+0000] {processor.py:183} INFO - Processing /home/ubuntu/endtoend_venv/lib/python3.12/site-packages/airflow/example_dags/example_branch_day_of_week_operator.py took 0.206 seconds
[2024-06-05T02:20:05.305+0000] {processor.py:161} INFO - Started process (PID=15025) to work on /home/ubuntu/endtoend_venv/lib/python3.12/site-packages/airflow/example_dags/example_branch_day_of_week_operator.py
[2024-06-05T02:20:05.307+0000] {processor.py:830} INFO - Processing file /home/ubuntu/endtoend_venv/lib/python3.12/site-packages/airflow/example_dags/example_branch_day_of_week_operator.py for tasks to queue
[2024-06-05T02:20:05.309+0000] {logging_mixin.py:188} INFO - [2024-06-05T02:20:05.308+0000] {dagbag.py:545} INFO - Filling up the DagBag from /home/ubuntu/endtoend_venv/lib/python3.12/site-packages/airflow/example_dags/example_branch_day_of_week_operator.py
[2024-06-05T02:20:05.317+0000] {processor.py:840} INFO - DAG(s) 'example_weekday_branch_operator' retrieved from /home/ubuntu/endtoend_venv/lib/python3.12/site-packages/airflow/example_dags/example_branch_day_of_week_operator.py
[2024-06-05T02:20:05.335+0000] {logging_mixin.py:188} INFO - [2024-06-05T02:20:05.335+0000] {dag.py:3096} INFO - Sync 1 DAGs
[2024-06-05T02:20:05.356+0000] {logging_mixin.py:188} INFO - [2024-06-05T02:20:05.356+0000] {dag.py:3954} INFO - Setting next_dagrun for example_weekday_branch_operator to 2024-06-04 00:00:00+00:00, run_after=2024-06-05 00:00:00+00:00
[2024-06-05T02:20:05.382+0000] {processor.py:183} INFO - Processing /home/ubuntu/endtoend_venv/lib/python3.12/site-packages/airflow/example_dags/example_branch_day_of_week_operator.py took 0.082 seconds
[2024-06-05T02:21:05.669+0000] {processor.py:161} INFO - Started process (PID=15088) to work on /home/ubuntu/endtoend_venv/lib/python3.12/site-packages/airflow/example_dags/example_branch_day_of_week_operator.py
[2024-06-05T02:21:05.670+0000] {processor.py:830} INFO - Processing file /home/ubuntu/endtoend_venv/lib/python3.12/site-packages/airflow/example_dags/example_branch_day_of_week_operator.py for tasks to queue
[2024-06-05T02:21:05.672+0000] {logging_mixin.py:188} INFO - [2024-06-05T02:21:05.672+0000] {dagbag.py:545} INFO - Filling up the DagBag from /home/ubuntu/endtoend_venv/lib/python3.12/site-packages/airflow/example_dags/example_branch_day_of_week_operator.py
[2024-06-05T02:21:05.680+0000] {processor.py:840} INFO - DAG(s) 'example_weekday_branch_operator' retrieved from /home/ubuntu/endtoend_venv/lib/python3.12/site-packages/airflow/example_dags/example_branch_day_of_week_operator.py
[2024-06-05T02:21:05.698+0000] {logging_mixin.py:188} INFO - [2024-06-05T02:21:05.698+0000] {dag.py:3096} INFO - Sync 1 DAGs
[2024-06-05T02:21:05.719+0000] {logging_mixin.py:188} INFO - [2024-06-05T02:21:05.719+0000] {dag.py:3954} INFO - Setting next_dagrun for example_weekday_branch_operator to 2024-06-04 00:00:00+00:00, run_after=2024-06-05 00:00:00+00:00
[2024-06-05T02:21:05.742+0000] {processor.py:183} INFO - Processing /home/ubuntu/endtoend_venv/lib/python3.12/site-packages/airflow/example_dags/example_branch_day_of_week_operator.py took 0.079 seconds
[2024-06-05T02:22:02.463+0000] {processor.py:161} INFO - Started process (PID=15147) to work on /home/ubuntu/endtoend_venv/lib/python3.12/site-packages/airflow/example_dags/example_branch_day_of_week_operator.py
[2024-06-05T02:22:02.465+0000] {processor.py:830} INFO - Processing file /home/ubuntu/endtoend_venv/lib/python3.12/site-packages/airflow/example_dags/example_branch_day_of_week_operator.py for tasks to queue
[2024-06-05T02:22:02.467+0000] {logging_mixin.py:188} INFO - [2024-06-05T02:22:02.467+0000] {dagbag.py:545} INFO - Filling up the DagBag from /home/ubuntu/endtoend_venv/lib/python3.12/site-packages/airflow/example_dags/example_branch_day_of_week_operator.py
[2024-06-05T02:22:02.475+0000] {processor.py:840} INFO - DAG(s) 'example_weekday_branch_operator' retrieved from /home/ubuntu/endtoend_venv/lib/python3.12/site-packages/airflow/example_dags/example_branch_day_of_week_operator.py
[2024-06-05T02:22:02.493+0000] {logging_mixin.py:188} INFO - [2024-06-05T02:22:02.492+0000] {dag.py:3096} INFO - Sync 1 DAGs
[2024-06-05T02:22:02.514+0000] {logging_mixin.py:188} INFO - [2024-06-05T02:22:02.514+0000] {dag.py:3954} INFO - Setting next_dagrun for example_weekday_branch_operator to 2024-06-04 00:00:00+00:00, run_after=2024-06-05 00:00:00+00:00
[2024-06-05T02:22:02.538+0000] {processor.py:183} INFO - Processing /home/ubuntu/endtoend_venv/lib/python3.12/site-packages/airflow/example_dags/example_branch_day_of_week_operator.py took 0.080 seconds
[2024-06-05T02:22:58.877+0000] {processor.py:161} INFO - Started process (PID=15206) to work on /home/ubuntu/endtoend_venv/lib/python3.12/site-packages/airflow/example_dags/example_branch_day_of_week_operator.py
[2024-06-05T02:22:58.878+0000] {processor.py:830} INFO - Processing file /home/ubuntu/endtoend_venv/lib/python3.12/site-packages/airflow/example_dags/example_branch_day_of_week_operator.py for tasks to queue
[2024-06-05T02:22:58.880+0000] {logging_mixin.py:188} INFO - [2024-06-05T02:22:58.880+0000] {dagbag.py:545} INFO - Filling up the DagBag from /home/ubuntu/endtoend_venv/lib/python3.12/site-packages/airflow/example_dags/example_branch_day_of_week_operator.py
[2024-06-05T02:22:58.888+0000] {processor.py:840} INFO - DAG(s) 'example_weekday_branch_operator' retrieved from /home/ubuntu/endtoend_venv/lib/python3.12/site-packages/airflow/example_dags/example_branch_day_of_week_operator.py
[2024-06-05T02:22:58.905+0000] {logging_mixin.py:188} INFO - [2024-06-05T02:22:58.905+0000] {dag.py:3096} INFO - Sync 1 DAGs
[2024-06-05T02:22:58.926+0000] {logging_mixin.py:188} INFO - [2024-06-05T02:22:58.926+0000] {dag.py:3954} INFO - Setting next_dagrun for example_weekday_branch_operator to 2024-06-04 00:00:00+00:00, run_after=2024-06-05 00:00:00+00:00
[2024-06-05T02:22:58.949+0000] {processor.py:183} INFO - Processing /home/ubuntu/endtoend_venv/lib/python3.12/site-packages/airflow/example_dags/example_branch_day_of_week_operator.py took 0.078 seconds
[2024-06-05T02:26:02.287+0000] {processor.py:161} INFO - Started process (PID=15369) to work on /home/ubuntu/endtoend_venv/lib/python3.12/site-packages/airflow/example_dags/example_branch_day_of_week_operator.py
[2024-06-05T02:26:02.289+0000] {processor.py:830} INFO - Processing file /home/ubuntu/endtoend_venv/lib/python3.12/site-packages/airflow/example_dags/example_branch_day_of_week_operator.py for tasks to queue
[2024-06-05T02:26:02.291+0000] {logging_mixin.py:188} INFO - [2024-06-05T02:26:02.291+0000] {dagbag.py:545} INFO - Filling up the DagBag from /home/ubuntu/endtoend_venv/lib/python3.12/site-packages/airflow/example_dags/example_branch_day_of_week_operator.py
[2024-06-05T02:26:02.299+0000] {processor.py:840} INFO - DAG(s) 'example_weekday_branch_operator' retrieved from /home/ubuntu/endtoend_venv/lib/python3.12/site-packages/airflow/example_dags/example_branch_day_of_week_operator.py
[2024-06-05T02:26:02.402+0000] {logging_mixin.py:188} INFO - [2024-06-05T02:26:02.402+0000] {dag.py:3096} INFO - Sync 1 DAGs
[2024-06-05T02:26:02.422+0000] {logging_mixin.py:188} INFO - [2024-06-05T02:26:02.422+0000] {dag.py:3954} INFO - Setting next_dagrun for example_weekday_branch_operator to 2024-06-04 00:00:00+00:00, run_after=2024-06-05 00:00:00+00:00
[2024-06-05T02:26:02.444+0000] {processor.py:183} INFO - Processing /home/ubuntu/endtoend_venv/lib/python3.12/site-packages/airflow/example_dags/example_branch_day_of_week_operator.py took 0.163 seconds
[2024-06-05T02:27:11.080+0000] {processor.py:161} INFO - Started process (PID=15437) to work on /home/ubuntu/endtoend_venv/lib/python3.12/site-packages/airflow/example_dags/example_branch_day_of_week_operator.py
[2024-06-05T02:27:11.082+0000] {processor.py:830} INFO - Processing file /home/ubuntu/endtoend_venv/lib/python3.12/site-packages/airflow/example_dags/example_branch_day_of_week_operator.py for tasks to queue
[2024-06-05T02:27:11.083+0000] {logging_mixin.py:188} INFO - [2024-06-05T02:27:11.083+0000] {dagbag.py:545} INFO - Filling up the DagBag from /home/ubuntu/endtoend_venv/lib/python3.12/site-packages/airflow/example_dags/example_branch_day_of_week_operator.py
[2024-06-05T02:27:11.091+0000] {processor.py:840} INFO - DAG(s) 'example_weekday_branch_operator' retrieved from /home/ubuntu/endtoend_venv/lib/python3.12/site-packages/airflow/example_dags/example_branch_day_of_week_operator.py
[2024-06-05T02:27:11.109+0000] {logging_mixin.py:188} INFO - [2024-06-05T02:27:11.109+0000] {dag.py:3096} INFO - Sync 1 DAGs
[2024-06-05T02:27:11.129+0000] {logging_mixin.py:188} INFO - [2024-06-05T02:27:11.129+0000] {dag.py:3954} INFO - Setting next_dagrun for example_weekday_branch_operator to 2024-06-04 00:00:00+00:00, run_after=2024-06-05 00:00:00+00:00
[2024-06-05T02:27:11.152+0000] {processor.py:183} INFO - Processing /home/ubuntu/endtoend_venv/lib/python3.12/site-packages/airflow/example_dags/example_branch_day_of_week_operator.py took 0.078 seconds
[2024-06-05T02:28:11.556+0000] {processor.py:161} INFO - Started process (PID=15498) to work on /home/ubuntu/endtoend_venv/lib/python3.12/site-packages/airflow/example_dags/example_branch_day_of_week_operator.py
[2024-06-05T02:28:11.557+0000] {processor.py:830} INFO - Processing file /home/ubuntu/endtoend_venv/lib/python3.12/site-packages/airflow/example_dags/example_branch_day_of_week_operator.py for tasks to queue
[2024-06-05T02:28:11.559+0000] {logging_mixin.py:188} INFO - [2024-06-05T02:28:11.558+0000] {dagbag.py:545} INFO - Filling up the DagBag from /home/ubuntu/endtoend_venv/lib/python3.12/site-packages/airflow/example_dags/example_branch_day_of_week_operator.py
[2024-06-05T02:28:11.567+0000] {processor.py:840} INFO - DAG(s) 'example_weekday_branch_operator' retrieved from /home/ubuntu/endtoend_venv/lib/python3.12/site-packages/airflow/example_dags/example_branch_day_of_week_operator.py
[2024-06-05T02:28:11.584+0000] {logging_mixin.py:188} INFO - [2024-06-05T02:28:11.584+0000] {dag.py:3096} INFO - Sync 1 DAGs
[2024-06-05T02:28:11.605+0000] {logging_mixin.py:188} INFO - [2024-06-05T02:28:11.605+0000] {dag.py:3954} INFO - Setting next_dagrun for example_weekday_branch_operator to 2024-06-04 00:00:00+00:00, run_after=2024-06-05 00:00:00+00:00
[2024-06-05T02:28:11.627+0000] {processor.py:183} INFO - Processing /home/ubuntu/endtoend_venv/lib/python3.12/site-packages/airflow/example_dags/example_branch_day_of_week_operator.py took 0.077 seconds
[2024-06-05T02:29:15.542+0000] {processor.py:161} INFO - Started process (PID=15568) to work on /home/ubuntu/endtoend_venv/lib/python3.12/site-packages/airflow/example_dags/example_branch_day_of_week_operator.py
[2024-06-05T02:29:15.543+0000] {processor.py:830} INFO - Processing file /home/ubuntu/endtoend_venv/lib/python3.12/site-packages/airflow/example_dags/example_branch_day_of_week_operator.py for tasks to queue
[2024-06-05T02:29:15.545+0000] {logging_mixin.py:188} INFO - [2024-06-05T02:29:15.545+0000] {dagbag.py:545} INFO - Filling up the DagBag from /home/ubuntu/endtoend_venv/lib/python3.12/site-packages/airflow/example_dags/example_branch_day_of_week_operator.py
[2024-06-05T02:29:15.553+0000] {processor.py:840} INFO - DAG(s) 'example_weekday_branch_operator' retrieved from /home/ubuntu/endtoend_venv/lib/python3.12/site-packages/airflow/example_dags/example_branch_day_of_week_operator.py
[2024-06-05T02:29:15.571+0000] {logging_mixin.py:188} INFO - [2024-06-05T02:29:15.570+0000] {dag.py:3096} INFO - Sync 1 DAGs
[2024-06-05T02:29:15.591+0000] {logging_mixin.py:188} INFO - [2024-06-05T02:29:15.591+0000] {dag.py:3954} INFO - Setting next_dagrun for example_weekday_branch_operator to 2024-06-04 00:00:00+00:00, run_after=2024-06-05 00:00:00+00:00
[2024-06-05T02:29:15.614+0000] {processor.py:183} INFO - Processing /home/ubuntu/endtoend_venv/lib/python3.12/site-packages/airflow/example_dags/example_branch_day_of_week_operator.py took 0.078 seconds
[2024-06-05T02:30:16.653+0000] {processor.py:161} INFO - Started process (PID=15636) to work on /home/ubuntu/endtoend_venv/lib/python3.12/site-packages/airflow/example_dags/example_branch_day_of_week_operator.py
[2024-06-05T02:30:16.654+0000] {processor.py:830} INFO - Processing file /home/ubuntu/endtoend_venv/lib/python3.12/site-packages/airflow/example_dags/example_branch_day_of_week_operator.py for tasks to queue
[2024-06-05T02:30:16.656+0000] {logging_mixin.py:188} INFO - [2024-06-05T02:30:16.656+0000] {dagbag.py:545} INFO - Filling up the DagBag from /home/ubuntu/endtoend_venv/lib/python3.12/site-packages/airflow/example_dags/example_branch_day_of_week_operator.py
[2024-06-05T02:30:16.665+0000] {processor.py:840} INFO - DAG(s) 'example_weekday_branch_operator' retrieved from /home/ubuntu/endtoend_venv/lib/python3.12/site-packages/airflow/example_dags/example_branch_day_of_week_operator.py
[2024-06-05T02:30:16.683+0000] {logging_mixin.py:188} INFO - [2024-06-05T02:30:16.682+0000] {dag.py:3096} INFO - Sync 1 DAGs
[2024-06-05T02:30:16.704+0000] {logging_mixin.py:188} INFO - [2024-06-05T02:30:16.704+0000] {dag.py:3954} INFO - Setting next_dagrun for example_weekday_branch_operator to 2024-06-04 00:00:00+00:00, run_after=2024-06-05 00:00:00+00:00
[2024-06-05T02:30:16.727+0000] {processor.py:183} INFO - Processing /home/ubuntu/endtoend_venv/lib/python3.12/site-packages/airflow/example_dags/example_branch_day_of_week_operator.py took 0.080 seconds
[2024-06-05T02:31:19.934+0000] {processor.py:161} INFO - Started process (PID=15700) to work on /home/ubuntu/endtoend_venv/lib/python3.12/site-packages/airflow/example_dags/example_branch_day_of_week_operator.py
[2024-06-05T02:31:19.936+0000] {processor.py:830} INFO - Processing file /home/ubuntu/endtoend_venv/lib/python3.12/site-packages/airflow/example_dags/example_branch_day_of_week_operator.py for tasks to queue
[2024-06-05T02:31:19.937+0000] {logging_mixin.py:188} INFO - [2024-06-05T02:31:19.937+0000] {dagbag.py:545} INFO - Filling up the DagBag from /home/ubuntu/endtoend_venv/lib/python3.12/site-packages/airflow/example_dags/example_branch_day_of_week_operator.py
[2024-06-05T02:31:19.945+0000] {processor.py:840} INFO - DAG(s) 'example_weekday_branch_operator' retrieved from /home/ubuntu/endtoend_venv/lib/python3.12/site-packages/airflow/example_dags/example_branch_day_of_week_operator.py
[2024-06-05T02:31:19.962+0000] {logging_mixin.py:188} INFO - [2024-06-05T02:31:19.962+0000] {dag.py:3096} INFO - Sync 1 DAGs
[2024-06-05T02:31:19.983+0000] {logging_mixin.py:188} INFO - [2024-06-05T02:31:19.983+0000] {dag.py:3954} INFO - Setting next_dagrun for example_weekday_branch_operator to 2024-06-04 00:00:00+00:00, run_after=2024-06-05 00:00:00+00:00
[2024-06-05T02:31:20.007+0000] {processor.py:183} INFO - Processing /home/ubuntu/endtoend_venv/lib/python3.12/site-packages/airflow/example_dags/example_branch_day_of_week_operator.py took 0.079 seconds
[2024-06-05T02:32:23.762+0000] {processor.py:161} INFO - Started process (PID=15765) to work on /home/ubuntu/endtoend_venv/lib/python3.12/site-packages/airflow/example_dags/example_branch_day_of_week_operator.py
[2024-06-05T02:32:23.763+0000] {processor.py:830} INFO - Processing file /home/ubuntu/endtoend_venv/lib/python3.12/site-packages/airflow/example_dags/example_branch_day_of_week_operator.py for tasks to queue
[2024-06-05T02:32:23.765+0000] {logging_mixin.py:188} INFO - [2024-06-05T02:32:23.765+0000] {dagbag.py:545} INFO - Filling up the DagBag from /home/ubuntu/endtoend_venv/lib/python3.12/site-packages/airflow/example_dags/example_branch_day_of_week_operator.py
[2024-06-05T02:32:23.773+0000] {processor.py:840} INFO - DAG(s) 'example_weekday_branch_operator' retrieved from /home/ubuntu/endtoend_venv/lib/python3.12/site-packages/airflow/example_dags/example_branch_day_of_week_operator.py
[2024-06-05T02:32:23.790+0000] {logging_mixin.py:188} INFO - [2024-06-05T02:32:23.790+0000] {dag.py:3096} INFO - Sync 1 DAGs
[2024-06-05T02:32:23.811+0000] {logging_mixin.py:188} INFO - [2024-06-05T02:32:23.811+0000] {dag.py:3954} INFO - Setting next_dagrun for example_weekday_branch_operator to 2024-06-04 00:00:00+00:00, run_after=2024-06-05 00:00:00+00:00
[2024-06-05T02:32:23.835+0000] {processor.py:183} INFO - Processing /home/ubuntu/endtoend_venv/lib/python3.12/site-packages/airflow/example_dags/example_branch_day_of_week_operator.py took 0.079 seconds
[2024-06-05T02:33:27.927+0000] {processor.py:161} INFO - Started process (PID=15829) to work on /home/ubuntu/endtoend_venv/lib/python3.12/site-packages/airflow/example_dags/example_branch_day_of_week_operator.py
[2024-06-05T02:33:27.928+0000] {processor.py:830} INFO - Processing file /home/ubuntu/endtoend_venv/lib/python3.12/site-packages/airflow/example_dags/example_branch_day_of_week_operator.py for tasks to queue
[2024-06-05T02:33:27.930+0000] {logging_mixin.py:188} INFO - [2024-06-05T02:33:27.930+0000] {dagbag.py:545} INFO - Filling up the DagBag from /home/ubuntu/endtoend_venv/lib/python3.12/site-packages/airflow/example_dags/example_branch_day_of_week_operator.py
[2024-06-05T02:33:27.938+0000] {processor.py:840} INFO - DAG(s) 'example_weekday_branch_operator' retrieved from /home/ubuntu/endtoend_venv/lib/python3.12/site-packages/airflow/example_dags/example_branch_day_of_week_operator.py
[2024-06-05T02:33:27.956+0000] {logging_mixin.py:188} INFO - [2024-06-05T02:33:27.955+0000] {dag.py:3096} INFO - Sync 1 DAGs
[2024-06-05T02:33:27.977+0000] {logging_mixin.py:188} INFO - [2024-06-05T02:33:27.977+0000] {dag.py:3954} INFO - Setting next_dagrun for example_weekday_branch_operator to 2024-06-04 00:00:00+00:00, run_after=2024-06-05 00:00:00+00:00
[2024-06-05T02:33:28.005+0000] {processor.py:183} INFO - Processing /home/ubuntu/endtoend_venv/lib/python3.12/site-packages/airflow/example_dags/example_branch_day_of_week_operator.py took 0.084 seconds
[2024-06-05T02:34:28.569+0000] {processor.py:161} INFO - Started process (PID=15893) to work on /home/ubuntu/endtoend_venv/lib/python3.12/site-packages/airflow/example_dags/example_branch_day_of_week_operator.py
[2024-06-05T02:34:28.571+0000] {processor.py:830} INFO - Processing file /home/ubuntu/endtoend_venv/lib/python3.12/site-packages/airflow/example_dags/example_branch_day_of_week_operator.py for tasks to queue
[2024-06-05T02:34:28.572+0000] {logging_mixin.py:188} INFO - [2024-06-05T02:34:28.572+0000] {dagbag.py:545} INFO - Filling up the DagBag from /home/ubuntu/endtoend_venv/lib/python3.12/site-packages/airflow/example_dags/example_branch_day_of_week_operator.py
[2024-06-05T02:34:28.581+0000] {processor.py:840} INFO - DAG(s) 'example_weekday_branch_operator' retrieved from /home/ubuntu/endtoend_venv/lib/python3.12/site-packages/airflow/example_dags/example_branch_day_of_week_operator.py
[2024-06-05T02:34:28.599+0000] {logging_mixin.py:188} INFO - [2024-06-05T02:34:28.599+0000] {dag.py:3096} INFO - Sync 1 DAGs
[2024-06-05T02:34:28.621+0000] {logging_mixin.py:188} INFO - [2024-06-05T02:34:28.621+0000] {dag.py:3954} INFO - Setting next_dagrun for example_weekday_branch_operator to 2024-06-04 00:00:00+00:00, run_after=2024-06-05 00:00:00+00:00
[2024-06-05T02:34:28.644+0000] {processor.py:183} INFO - Processing /home/ubuntu/endtoend_venv/lib/python3.12/site-packages/airflow/example_dags/example_branch_day_of_week_operator.py took 0.081 seconds
