[2024-06-05T02:18:48.581+0000] {processor.py:161} INFO - Started process (PID=14942) to work on /home/ubuntu/endtoend_venv/lib/python3.12/site-packages/airflow/example_dags/example_dynamic_task_mapping.py
[2024-06-05T02:18:48.582+0000] {processor.py:830} INFO - Processing file /home/ubuntu/endtoend_venv/lib/python3.12/site-packages/airflow/example_dags/example_dynamic_task_mapping.py for tasks to queue
[2024-06-05T02:18:48.583+0000] {logging_mixin.py:188} INFO - [2024-06-05T02:18:48.583+0000] {dagbag.py:545} INFO - Filling up the DagBag from /home/ubuntu/endtoend_venv/lib/python3.12/site-packages/airflow/example_dags/example_dynamic_task_mapping.py
[2024-06-05T02:18:48.591+0000] {processor.py:840} INFO - DAG(s) 'example_dynamic_task_mapping' retrieved from /home/ubuntu/endtoend_venv/lib/python3.12/site-packages/airflow/example_dags/example_dynamic_task_mapping.py
[2024-06-05T02:18:48.702+0000] {logging_mixin.py:188} INFO - [2024-06-05T02:18:48.701+0000] {override.py:1829} INFO - Created Permission View: can read on DAG:example_dynamic_task_mapping
[2024-06-05T02:18:48.714+0000] {logging_mixin.py:188} INFO - [2024-06-05T02:18:48.714+0000] {override.py:1829} INFO - Created Permission View: can delete on DAG:example_dynamic_task_mapping
[2024-06-05T02:18:48.724+0000] {logging_mixin.py:188} INFO - [2024-06-05T02:18:48.724+0000] {override.py:1829} INFO - Created Permission View: can edit on DAG:example_dynamic_task_mapping
[2024-06-05T02:18:48.725+0000] {logging_mixin.py:188} INFO - [2024-06-05T02:18:48.724+0000] {dag.py:3096} INFO - Sync 1 DAGs
[2024-06-05T02:18:48.736+0000] {logging_mixin.py:188} INFO - [2024-06-05T02:18:48.736+0000] {dag.py:3118} INFO - Creating ORM DAG for example_dynamic_task_mapping
[2024-06-05T02:18:48.745+0000] {logging_mixin.py:188} INFO - [2024-06-05T02:18:48.745+0000] {dag.py:3954} INFO - Setting next_dagrun for example_dynamic_task_mapping to 2022-03-04 00:00:00+00:00, run_after=2022-03-05 00:00:00+00:00
[2024-06-05T02:18:48.766+0000] {processor.py:183} INFO - Processing /home/ubuntu/endtoend_venv/lib/python3.12/site-packages/airflow/example_dags/example_dynamic_task_mapping.py took 0.191 seconds
[2024-06-05T02:19:40.361+0000] {processor.py:161} INFO - Started process (PID=14993) to work on /home/ubuntu/endtoend_venv/lib/python3.12/site-packages/airflow/example_dags/example_dynamic_task_mapping.py
[2024-06-05T02:19:40.362+0000] {processor.py:830} INFO - Processing file /home/ubuntu/endtoend_venv/lib/python3.12/site-packages/airflow/example_dags/example_dynamic_task_mapping.py for tasks to queue
[2024-06-05T02:19:40.364+0000] {logging_mixin.py:188} INFO - [2024-06-05T02:19:40.363+0000] {dagbag.py:545} INFO - Filling up the DagBag from /home/ubuntu/endtoend_venv/lib/python3.12/site-packages/airflow/example_dags/example_dynamic_task_mapping.py
[2024-06-05T02:19:40.371+0000] {processor.py:840} INFO - DAG(s) 'example_dynamic_task_mapping' retrieved from /home/ubuntu/endtoend_venv/lib/python3.12/site-packages/airflow/example_dags/example_dynamic_task_mapping.py
[2024-06-05T02:19:40.387+0000] {logging_mixin.py:188} INFO - [2024-06-05T02:19:40.387+0000] {dag.py:3096} INFO - Sync 1 DAGs
[2024-06-05T02:19:40.407+0000] {logging_mixin.py:188} INFO - [2024-06-05T02:19:40.407+0000] {dag.py:3954} INFO - Setting next_dagrun for example_dynamic_task_mapping to 2022-03-04 00:00:00+00:00, run_after=2022-03-05 00:00:00+00:00
[2024-06-05T02:19:40.429+0000] {processor.py:183} INFO - Processing /home/ubuntu/endtoend_venv/lib/python3.12/site-packages/airflow/example_dags/example_dynamic_task_mapping.py took 0.074 seconds
[2024-06-05T02:20:41.221+0000] {processor.py:161} INFO - Started process (PID=15062) to work on /home/ubuntu/endtoend_venv/lib/python3.12/site-packages/airflow/example_dags/example_dynamic_task_mapping.py
[2024-06-05T02:20:41.222+0000] {processor.py:830} INFO - Processing file /home/ubuntu/endtoend_venv/lib/python3.12/site-packages/airflow/example_dags/example_dynamic_task_mapping.py for tasks to queue
[2024-06-05T02:20:41.224+0000] {logging_mixin.py:188} INFO - [2024-06-05T02:20:41.223+0000] {dagbag.py:545} INFO - Filling up the DagBag from /home/ubuntu/endtoend_venv/lib/python3.12/site-packages/airflow/example_dags/example_dynamic_task_mapping.py
[2024-06-05T02:20:41.231+0000] {processor.py:840} INFO - DAG(s) 'example_dynamic_task_mapping' retrieved from /home/ubuntu/endtoend_venv/lib/python3.12/site-packages/airflow/example_dags/example_dynamic_task_mapping.py
[2024-06-05T02:20:41.247+0000] {logging_mixin.py:188} INFO - [2024-06-05T02:20:41.247+0000] {dag.py:3096} INFO - Sync 1 DAGs
[2024-06-05T02:20:41.267+0000] {logging_mixin.py:188} INFO - [2024-06-05T02:20:41.267+0000] {dag.py:3954} INFO - Setting next_dagrun for example_dynamic_task_mapping to 2022-03-04 00:00:00+00:00, run_after=2022-03-05 00:00:00+00:00
[2024-06-05T02:20:41.290+0000] {processor.py:183} INFO - Processing /home/ubuntu/endtoend_venv/lib/python3.12/site-packages/airflow/example_dags/example_dynamic_task_mapping.py took 0.075 seconds
[2024-06-05T02:21:38.993+0000] {processor.py:161} INFO - Started process (PID=15124) to work on /home/ubuntu/endtoend_venv/lib/python3.12/site-packages/airflow/example_dags/example_dynamic_task_mapping.py
[2024-06-05T02:21:38.995+0000] {processor.py:830} INFO - Processing file /home/ubuntu/endtoend_venv/lib/python3.12/site-packages/airflow/example_dags/example_dynamic_task_mapping.py for tasks to queue
[2024-06-05T02:21:38.996+0000] {logging_mixin.py:188} INFO - [2024-06-05T02:21:38.996+0000] {dagbag.py:545} INFO - Filling up the DagBag from /home/ubuntu/endtoend_venv/lib/python3.12/site-packages/airflow/example_dags/example_dynamic_task_mapping.py
[2024-06-05T02:21:39.004+0000] {processor.py:840} INFO - DAG(s) 'example_dynamic_task_mapping' retrieved from /home/ubuntu/endtoend_venv/lib/python3.12/site-packages/airflow/example_dags/example_dynamic_task_mapping.py
[2024-06-05T02:21:39.020+0000] {logging_mixin.py:188} INFO - [2024-06-05T02:21:39.019+0000] {dag.py:3096} INFO - Sync 1 DAGs
[2024-06-05T02:21:39.039+0000] {logging_mixin.py:188} INFO - [2024-06-05T02:21:39.039+0000] {dag.py:3954} INFO - Setting next_dagrun for example_dynamic_task_mapping to 2022-03-04 00:00:00+00:00, run_after=2022-03-05 00:00:00+00:00
[2024-06-05T02:21:39.061+0000] {processor.py:183} INFO - Processing /home/ubuntu/endtoend_venv/lib/python3.12/site-packages/airflow/example_dags/example_dynamic_task_mapping.py took 0.074 seconds
[2024-06-05T02:22:35.626+0000] {processor.py:161} INFO - Started process (PID=15182) to work on /home/ubuntu/endtoend_venv/lib/python3.12/site-packages/airflow/example_dags/example_dynamic_task_mapping.py
[2024-06-05T02:22:35.628+0000] {processor.py:830} INFO - Processing file /home/ubuntu/endtoend_venv/lib/python3.12/site-packages/airflow/example_dags/example_dynamic_task_mapping.py for tasks to queue
[2024-06-05T02:22:35.630+0000] {logging_mixin.py:188} INFO - [2024-06-05T02:22:35.629+0000] {dagbag.py:545} INFO - Filling up the DagBag from /home/ubuntu/endtoend_venv/lib/python3.12/site-packages/airflow/example_dags/example_dynamic_task_mapping.py
[2024-06-05T02:22:35.637+0000] {processor.py:840} INFO - DAG(s) 'example_dynamic_task_mapping' retrieved from /home/ubuntu/endtoend_venv/lib/python3.12/site-packages/airflow/example_dags/example_dynamic_task_mapping.py
[2024-06-05T02:22:35.653+0000] {logging_mixin.py:188} INFO - [2024-06-05T02:22:35.652+0000] {dag.py:3096} INFO - Sync 1 DAGs
[2024-06-05T02:22:35.672+0000] {logging_mixin.py:188} INFO - [2024-06-05T02:22:35.672+0000] {dag.py:3954} INFO - Setting next_dagrun for example_dynamic_task_mapping to 2022-03-04 00:00:00+00:00, run_after=2022-03-05 00:00:00+00:00
[2024-06-05T02:22:35.694+0000] {processor.py:183} INFO - Processing /home/ubuntu/endtoend_venv/lib/python3.12/site-packages/airflow/example_dags/example_dynamic_task_mapping.py took 0.074 seconds
[2024-06-05T02:23:33.349+0000] {processor.py:161} INFO - Started process (PID=15242) to work on /home/ubuntu/endtoend_venv/lib/python3.12/site-packages/airflow/example_dags/example_dynamic_task_mapping.py
[2024-06-05T02:23:33.350+0000] {processor.py:830} INFO - Processing file /home/ubuntu/endtoend_venv/lib/python3.12/site-packages/airflow/example_dags/example_dynamic_task_mapping.py for tasks to queue
[2024-06-05T02:23:33.352+0000] {logging_mixin.py:188} INFO - [2024-06-05T02:23:33.351+0000] {dagbag.py:545} INFO - Filling up the DagBag from /home/ubuntu/endtoend_venv/lib/python3.12/site-packages/airflow/example_dags/example_dynamic_task_mapping.py
[2024-06-05T02:23:33.359+0000] {processor.py:840} INFO - DAG(s) 'example_dynamic_task_mapping' retrieved from /home/ubuntu/endtoend_venv/lib/python3.12/site-packages/airflow/example_dags/example_dynamic_task_mapping.py
[2024-06-05T02:23:33.375+0000] {logging_mixin.py:188} INFO - [2024-06-05T02:23:33.375+0000] {dag.py:3096} INFO - Sync 1 DAGs
[2024-06-05T02:23:33.394+0000] {logging_mixin.py:188} INFO - [2024-06-05T02:23:33.394+0000] {dag.py:3954} INFO - Setting next_dagrun for example_dynamic_task_mapping to 2022-03-04 00:00:00+00:00, run_after=2022-03-05 00:00:00+00:00
[2024-06-05T02:23:33.416+0000] {processor.py:183} INFO - Processing /home/ubuntu/endtoend_venv/lib/python3.12/site-packages/airflow/example_dags/example_dynamic_task_mapping.py took 0.073 seconds
[2024-06-05T02:25:53.038+0000] {processor.py:161} INFO - Started process (PID=15360) to work on /home/ubuntu/endtoend_venv/lib/python3.12/site-packages/airflow/example_dags/example_dynamic_task_mapping.py
[2024-06-05T02:25:53.040+0000] {processor.py:830} INFO - Processing file /home/ubuntu/endtoend_venv/lib/python3.12/site-packages/airflow/example_dags/example_dynamic_task_mapping.py for tasks to queue
[2024-06-05T02:25:53.042+0000] {logging_mixin.py:188} INFO - [2024-06-05T02:25:53.041+0000] {dagbag.py:545} INFO - Filling up the DagBag from /home/ubuntu/endtoend_venv/lib/python3.12/site-packages/airflow/example_dags/example_dynamic_task_mapping.py
[2024-06-05T02:25:53.049+0000] {processor.py:840} INFO - DAG(s) 'example_dynamic_task_mapping' retrieved from /home/ubuntu/endtoend_venv/lib/python3.12/site-packages/airflow/example_dags/example_dynamic_task_mapping.py
[2024-06-05T02:25:53.150+0000] {logging_mixin.py:188} INFO - [2024-06-05T02:25:53.150+0000] {dag.py:3096} INFO - Sync 1 DAGs
[2024-06-05T02:25:53.167+0000] {logging_mixin.py:188} INFO - [2024-06-05T02:25:53.167+0000] {dag.py:3954} INFO - Setting next_dagrun for example_dynamic_task_mapping to 2022-03-04 00:00:00+00:00, run_after=2022-03-05 00:00:00+00:00
[2024-06-05T02:25:53.191+0000] {processor.py:183} INFO - Processing /home/ubuntu/endtoend_venv/lib/python3.12/site-packages/airflow/example_dags/example_dynamic_task_mapping.py took 0.158 seconds
[2024-06-05T02:26:46.351+0000] {processor.py:161} INFO - Started process (PID=15411) to work on /home/ubuntu/endtoend_venv/lib/python3.12/site-packages/airflow/example_dags/example_dynamic_task_mapping.py
[2024-06-05T02:26:46.352+0000] {processor.py:830} INFO - Processing file /home/ubuntu/endtoend_venv/lib/python3.12/site-packages/airflow/example_dags/example_dynamic_task_mapping.py for tasks to queue
[2024-06-05T02:26:46.354+0000] {logging_mixin.py:188} INFO - [2024-06-05T02:26:46.354+0000] {dagbag.py:545} INFO - Filling up the DagBag from /home/ubuntu/endtoend_venv/lib/python3.12/site-packages/airflow/example_dags/example_dynamic_task_mapping.py
[2024-06-05T02:26:46.361+0000] {processor.py:840} INFO - DAG(s) 'example_dynamic_task_mapping' retrieved from /home/ubuntu/endtoend_venv/lib/python3.12/site-packages/airflow/example_dags/example_dynamic_task_mapping.py
[2024-06-05T02:26:46.377+0000] {logging_mixin.py:188} INFO - [2024-06-05T02:26:46.377+0000] {dag.py:3096} INFO - Sync 1 DAGs
[2024-06-05T02:26:46.397+0000] {logging_mixin.py:188} INFO - [2024-06-05T02:26:46.396+0000] {dag.py:3954} INFO - Setting next_dagrun for example_dynamic_task_mapping to 2022-03-04 00:00:00+00:00, run_after=2022-03-05 00:00:00+00:00
[2024-06-05T02:26:46.418+0000] {processor.py:183} INFO - Processing /home/ubuntu/endtoend_venv/lib/python3.12/site-packages/airflow/example_dags/example_dynamic_task_mapping.py took 0.073 seconds
[2024-06-05T02:27:45.371+0000] {processor.py:161} INFO - Started process (PID=15472) to work on /home/ubuntu/endtoend_venv/lib/python3.12/site-packages/airflow/example_dags/example_dynamic_task_mapping.py
[2024-06-05T02:27:45.372+0000] {processor.py:830} INFO - Processing file /home/ubuntu/endtoend_venv/lib/python3.12/site-packages/airflow/example_dags/example_dynamic_task_mapping.py for tasks to queue
[2024-06-05T02:27:45.374+0000] {logging_mixin.py:188} INFO - [2024-06-05T02:27:45.374+0000] {dagbag.py:545} INFO - Filling up the DagBag from /home/ubuntu/endtoend_venv/lib/python3.12/site-packages/airflow/example_dags/example_dynamic_task_mapping.py
[2024-06-05T02:27:45.382+0000] {processor.py:840} INFO - DAG(s) 'example_dynamic_task_mapping' retrieved from /home/ubuntu/endtoend_venv/lib/python3.12/site-packages/airflow/example_dags/example_dynamic_task_mapping.py
[2024-06-05T02:27:45.398+0000] {logging_mixin.py:188} INFO - [2024-06-05T02:27:45.398+0000] {dag.py:3096} INFO - Sync 1 DAGs
[2024-06-05T02:27:45.417+0000] {logging_mixin.py:188} INFO - [2024-06-05T02:27:45.417+0000] {dag.py:3954} INFO - Setting next_dagrun for example_dynamic_task_mapping to 2022-03-04 00:00:00+00:00, run_after=2022-03-05 00:00:00+00:00
[2024-06-05T02:27:45.438+0000] {processor.py:183} INFO - Processing /home/ubuntu/endtoend_venv/lib/python3.12/site-packages/airflow/example_dags/example_dynamic_task_mapping.py took 0.073 seconds
[2024-06-05T02:28:34.422+0000] {processor.py:161} INFO - Started process (PID=15523) to work on /home/ubuntu/endtoend_venv/lib/python3.12/site-packages/airflow/example_dags/example_dynamic_task_mapping.py
[2024-06-05T02:28:34.423+0000] {processor.py:830} INFO - Processing file /home/ubuntu/endtoend_venv/lib/python3.12/site-packages/airflow/example_dags/example_dynamic_task_mapping.py for tasks to queue
[2024-06-05T02:28:34.425+0000] {logging_mixin.py:188} INFO - [2024-06-05T02:28:34.424+0000] {dagbag.py:545} INFO - Filling up the DagBag from /home/ubuntu/endtoend_venv/lib/python3.12/site-packages/airflow/example_dags/example_dynamic_task_mapping.py
[2024-06-05T02:28:34.432+0000] {processor.py:840} INFO - DAG(s) 'example_dynamic_task_mapping' retrieved from /home/ubuntu/endtoend_venv/lib/python3.12/site-packages/airflow/example_dags/example_dynamic_task_mapping.py
[2024-06-05T02:28:34.448+0000] {logging_mixin.py:188} INFO - [2024-06-05T02:28:34.447+0000] {dag.py:3096} INFO - Sync 1 DAGs
[2024-06-05T02:28:34.468+0000] {logging_mixin.py:188} INFO - [2024-06-05T02:28:34.468+0000] {dag.py:3954} INFO - Setting next_dagrun for example_dynamic_task_mapping to 2022-03-04 00:00:00+00:00, run_after=2022-03-05 00:00:00+00:00
[2024-06-05T02:28:34.490+0000] {processor.py:183} INFO - Processing /home/ubuntu/endtoend_venv/lib/python3.12/site-packages/airflow/example_dags/example_dynamic_task_mapping.py took 0.074 seconds
[2024-06-05T02:29:37.266+0000] {processor.py:161} INFO - Started process (PID=15591) to work on /home/ubuntu/endtoend_venv/lib/python3.12/site-packages/airflow/example_dags/example_dynamic_task_mapping.py
[2024-06-05T02:29:37.268+0000] {processor.py:830} INFO - Processing file /home/ubuntu/endtoend_venv/lib/python3.12/site-packages/airflow/example_dags/example_dynamic_task_mapping.py for tasks to queue
[2024-06-05T02:29:37.269+0000] {logging_mixin.py:188} INFO - [2024-06-05T02:29:37.269+0000] {dagbag.py:545} INFO - Filling up the DagBag from /home/ubuntu/endtoend_venv/lib/python3.12/site-packages/airflow/example_dags/example_dynamic_task_mapping.py
[2024-06-05T02:29:37.276+0000] {processor.py:840} INFO - DAG(s) 'example_dynamic_task_mapping' retrieved from /home/ubuntu/endtoend_venv/lib/python3.12/site-packages/airflow/example_dags/example_dynamic_task_mapping.py
[2024-06-05T02:29:37.292+0000] {logging_mixin.py:188} INFO - [2024-06-05T02:29:37.292+0000] {dag.py:3096} INFO - Sync 1 DAGs
[2024-06-05T02:29:37.311+0000] {logging_mixin.py:188} INFO - [2024-06-05T02:29:37.311+0000] {dag.py:3954} INFO - Setting next_dagrun for example_dynamic_task_mapping to 2022-03-04 00:00:00+00:00, run_after=2022-03-05 00:00:00+00:00
[2024-06-05T02:29:37.333+0000] {processor.py:183} INFO - Processing /home/ubuntu/endtoend_venv/lib/python3.12/site-packages/airflow/example_dags/example_dynamic_task_mapping.py took 0.073 seconds
[2024-06-05T02:30:39.557+0000] {processor.py:161} INFO - Started process (PID=15659) to work on /home/ubuntu/endtoend_venv/lib/python3.12/site-packages/airflow/example_dags/example_dynamic_task_mapping.py
[2024-06-05T02:30:39.559+0000] {processor.py:830} INFO - Processing file /home/ubuntu/endtoend_venv/lib/python3.12/site-packages/airflow/example_dags/example_dynamic_task_mapping.py for tasks to queue
[2024-06-05T02:30:39.561+0000] {logging_mixin.py:188} INFO - [2024-06-05T02:30:39.560+0000] {dagbag.py:545} INFO - Filling up the DagBag from /home/ubuntu/endtoend_venv/lib/python3.12/site-packages/airflow/example_dags/example_dynamic_task_mapping.py
[2024-06-05T02:30:39.568+0000] {processor.py:840} INFO - DAG(s) 'example_dynamic_task_mapping' retrieved from /home/ubuntu/endtoend_venv/lib/python3.12/site-packages/airflow/example_dags/example_dynamic_task_mapping.py
[2024-06-05T02:30:39.584+0000] {logging_mixin.py:188} INFO - [2024-06-05T02:30:39.584+0000] {dag.py:3096} INFO - Sync 1 DAGs
[2024-06-05T02:30:39.604+0000] {logging_mixin.py:188} INFO - [2024-06-05T02:30:39.604+0000] {dag.py:3954} INFO - Setting next_dagrun for example_dynamic_task_mapping to 2022-03-04 00:00:00+00:00, run_after=2022-03-05 00:00:00+00:00
[2024-06-05T02:30:39.626+0000] {processor.py:183} INFO - Processing /home/ubuntu/endtoend_venv/lib/python3.12/site-packages/airflow/example_dags/example_dynamic_task_mapping.py took 0.075 seconds
[2024-06-05T02:31:44.775+0000] {processor.py:161} INFO - Started process (PID=15724) to work on /home/ubuntu/endtoend_venv/lib/python3.12/site-packages/airflow/example_dags/example_dynamic_task_mapping.py
[2024-06-05T02:31:44.777+0000] {processor.py:830} INFO - Processing file /home/ubuntu/endtoend_venv/lib/python3.12/site-packages/airflow/example_dags/example_dynamic_task_mapping.py for tasks to queue
[2024-06-05T02:31:44.778+0000] {logging_mixin.py:188} INFO - [2024-06-05T02:31:44.778+0000] {dagbag.py:545} INFO - Filling up the DagBag from /home/ubuntu/endtoend_venv/lib/python3.12/site-packages/airflow/example_dags/example_dynamic_task_mapping.py
[2024-06-05T02:31:44.786+0000] {processor.py:840} INFO - DAG(s) 'example_dynamic_task_mapping' retrieved from /home/ubuntu/endtoend_venv/lib/python3.12/site-packages/airflow/example_dags/example_dynamic_task_mapping.py
[2024-06-05T02:31:44.801+0000] {logging_mixin.py:188} INFO - [2024-06-05T02:31:44.801+0000] {dag.py:3096} INFO - Sync 1 DAGs
[2024-06-05T02:31:44.821+0000] {logging_mixin.py:188} INFO - [2024-06-05T02:31:44.821+0000] {dag.py:3954} INFO - Setting next_dagrun for example_dynamic_task_mapping to 2022-03-04 00:00:00+00:00, run_after=2022-03-05 00:00:00+00:00
[2024-06-05T02:31:44.843+0000] {processor.py:183} INFO - Processing /home/ubuntu/endtoend_venv/lib/python3.12/site-packages/airflow/example_dags/example_dynamic_task_mapping.py took 0.074 seconds
[2024-06-05T02:32:47.780+0000] {processor.py:161} INFO - Started process (PID=15789) to work on /home/ubuntu/endtoend_venv/lib/python3.12/site-packages/airflow/example_dags/example_dynamic_task_mapping.py
[2024-06-05T02:32:47.782+0000] {processor.py:830} INFO - Processing file /home/ubuntu/endtoend_venv/lib/python3.12/site-packages/airflow/example_dags/example_dynamic_task_mapping.py for tasks to queue
[2024-06-05T02:32:47.783+0000] {logging_mixin.py:188} INFO - [2024-06-05T02:32:47.783+0000] {dagbag.py:545} INFO - Filling up the DagBag from /home/ubuntu/endtoend_venv/lib/python3.12/site-packages/airflow/example_dags/example_dynamic_task_mapping.py
[2024-06-05T02:32:47.790+0000] {processor.py:840} INFO - DAG(s) 'example_dynamic_task_mapping' retrieved from /home/ubuntu/endtoend_venv/lib/python3.12/site-packages/airflow/example_dags/example_dynamic_task_mapping.py
[2024-06-05T02:32:47.807+0000] {logging_mixin.py:188} INFO - [2024-06-05T02:32:47.806+0000] {dag.py:3096} INFO - Sync 1 DAGs
[2024-06-05T02:32:47.826+0000] {logging_mixin.py:188} INFO - [2024-06-05T02:32:47.826+0000] {dag.py:3954} INFO - Setting next_dagrun for example_dynamic_task_mapping to 2022-03-04 00:00:00+00:00, run_after=2022-03-05 00:00:00+00:00
[2024-06-05T02:32:47.848+0000] {processor.py:183} INFO - Processing /home/ubuntu/endtoend_venv/lib/python3.12/site-packages/airflow/example_dags/example_dynamic_task_mapping.py took 0.074 seconds
[2024-06-05T02:33:51.381+0000] {processor.py:161} INFO - Started process (PID=15853) to work on /home/ubuntu/endtoend_venv/lib/python3.12/site-packages/airflow/example_dags/example_dynamic_task_mapping.py
[2024-06-05T02:33:51.383+0000] {processor.py:830} INFO - Processing file /home/ubuntu/endtoend_venv/lib/python3.12/site-packages/airflow/example_dags/example_dynamic_task_mapping.py for tasks to queue
[2024-06-05T02:33:51.385+0000] {logging_mixin.py:188} INFO - [2024-06-05T02:33:51.384+0000] {dagbag.py:545} INFO - Filling up the DagBag from /home/ubuntu/endtoend_venv/lib/python3.12/site-packages/airflow/example_dags/example_dynamic_task_mapping.py
[2024-06-05T02:33:51.392+0000] {processor.py:840} INFO - DAG(s) 'example_dynamic_task_mapping' retrieved from /home/ubuntu/endtoend_venv/lib/python3.12/site-packages/airflow/example_dags/example_dynamic_task_mapping.py
[2024-06-05T02:33:51.409+0000] {logging_mixin.py:188} INFO - [2024-06-05T02:33:51.409+0000] {dag.py:3096} INFO - Sync 1 DAGs
[2024-06-05T02:33:51.429+0000] {logging_mixin.py:188} INFO - [2024-06-05T02:33:51.429+0000] {dag.py:3954} INFO - Setting next_dagrun for example_dynamic_task_mapping to 2022-03-04 00:00:00+00:00, run_after=2022-03-05 00:00:00+00:00
[2024-06-05T02:33:51.452+0000] {processor.py:183} INFO - Processing /home/ubuntu/endtoend_venv/lib/python3.12/site-packages/airflow/example_dags/example_dynamic_task_mapping.py took 0.077 seconds
[2024-06-05T02:34:51.290+0000] {processor.py:161} INFO - Started process (PID=15915) to work on /home/ubuntu/endtoend_venv/lib/python3.12/site-packages/airflow/example_dags/example_dynamic_task_mapping.py
[2024-06-05T02:34:51.292+0000] {processor.py:830} INFO - Processing file /home/ubuntu/endtoend_venv/lib/python3.12/site-packages/airflow/example_dags/example_dynamic_task_mapping.py for tasks to queue
[2024-06-05T02:34:51.294+0000] {logging_mixin.py:188} INFO - [2024-06-05T02:34:51.293+0000] {dagbag.py:545} INFO - Filling up the DagBag from /home/ubuntu/endtoend_venv/lib/python3.12/site-packages/airflow/example_dags/example_dynamic_task_mapping.py
[2024-06-05T02:34:51.301+0000] {processor.py:840} INFO - DAG(s) 'example_dynamic_task_mapping' retrieved from /home/ubuntu/endtoend_venv/lib/python3.12/site-packages/airflow/example_dags/example_dynamic_task_mapping.py
[2024-06-05T02:34:51.317+0000] {logging_mixin.py:188} INFO - [2024-06-05T02:34:51.317+0000] {dag.py:3096} INFO - Sync 1 DAGs
[2024-06-05T02:34:51.337+0000] {logging_mixin.py:188} INFO - [2024-06-05T02:34:51.337+0000] {dag.py:3954} INFO - Setting next_dagrun for example_dynamic_task_mapping to 2022-03-04 00:00:00+00:00, run_after=2022-03-05 00:00:00+00:00
[2024-06-05T02:34:51.360+0000] {processor.py:183} INFO - Processing /home/ubuntu/endtoend_venv/lib/python3.12/site-packages/airflow/example_dags/example_dynamic_task_mapping.py took 0.075 seconds
