[2024-06-05T02:18:51.346+0000] {processor.py:161} INFO - Started process (PID=14945) to work on /home/ubuntu/endtoend_venv/lib/python3.12/site-packages/airflow/example_dags/example_dag_decorator.py
[2024-06-05T02:18:51.346+0000] {processor.py:830} INFO - Processing file /home/ubuntu/endtoend_venv/lib/python3.12/site-packages/airflow/example_dags/example_dag_decorator.py for tasks to queue
[2024-06-05T02:18:51.348+0000] {logging_mixin.py:188} INFO - [2024-06-05T02:18:51.348+0000] {dagbag.py:545} INFO - Filling up the DagBag from /home/ubuntu/endtoend_venv/lib/python3.12/site-packages/airflow/example_dags/example_dag_decorator.py
[2024-06-05T02:18:51.443+0000] {processor.py:840} INFO - DAG(s) 'example_dag_decorator' retrieved from /home/ubuntu/endtoend_venv/lib/python3.12/site-packages/airflow/example_dags/example_dag_decorator.py
[2024-06-05T02:18:51.558+0000] {logging_mixin.py:188} INFO - [2024-06-05T02:18:51.557+0000] {override.py:1829} INFO - Created Permission View: can read on DAG:example_dag_decorator
[2024-06-05T02:18:51.571+0000] {logging_mixin.py:188} INFO - [2024-06-05T02:18:51.571+0000] {override.py:1829} INFO - Created Permission View: can delete on DAG:example_dag_decorator
[2024-06-05T02:18:51.580+0000] {logging_mixin.py:188} INFO - [2024-06-05T02:18:51.580+0000] {override.py:1829} INFO - Created Permission View: can edit on DAG:example_dag_decorator
[2024-06-05T02:18:51.581+0000] {logging_mixin.py:188} INFO - [2024-06-05T02:18:51.580+0000] {dag.py:3096} INFO - Sync 1 DAGs
[2024-06-05T02:18:51.591+0000] {logging_mixin.py:188} INFO - [2024-06-05T02:18:51.591+0000] {dag.py:3118} INFO - Creating ORM DAG for example_dag_decorator
[2024-06-05T02:18:51.592+0000] {logging_mixin.py:188} INFO - [2024-06-05T02:18:51.592+0000] {dag.py:3954} INFO - Setting next_dagrun for example_dag_decorator to None, run_after=None
[2024-06-05T02:18:51.615+0000] {processor.py:183} INFO - Processing /home/ubuntu/endtoend_venv/lib/python3.12/site-packages/airflow/example_dags/example_dag_decorator.py took 0.275 seconds
[2024-06-05T02:19:43.225+0000] {processor.py:161} INFO - Started process (PID=14996) to work on /home/ubuntu/endtoend_venv/lib/python3.12/site-packages/airflow/example_dags/example_dag_decorator.py
[2024-06-05T02:19:43.226+0000] {processor.py:830} INFO - Processing file /home/ubuntu/endtoend_venv/lib/python3.12/site-packages/airflow/example_dags/example_dag_decorator.py for tasks to queue
[2024-06-05T02:19:43.228+0000] {logging_mixin.py:188} INFO - [2024-06-05T02:19:43.228+0000] {dagbag.py:545} INFO - Filling up the DagBag from /home/ubuntu/endtoend_venv/lib/python3.12/site-packages/airflow/example_dags/example_dag_decorator.py
[2024-06-05T02:19:43.326+0000] {processor.py:840} INFO - DAG(s) 'example_dag_decorator' retrieved from /home/ubuntu/endtoend_venv/lib/python3.12/site-packages/airflow/example_dags/example_dag_decorator.py
[2024-06-05T02:19:43.433+0000] {logging_mixin.py:188} INFO - [2024-06-05T02:19:43.433+0000] {dag.py:3096} INFO - Sync 1 DAGs
[2024-06-05T02:19:43.443+0000] {logging_mixin.py:188} INFO - [2024-06-05T02:19:43.442+0000] {dag.py:3954} INFO - Setting next_dagrun for example_dag_decorator to None, run_after=None
[2024-06-05T02:19:43.467+0000] {processor.py:183} INFO - Processing /home/ubuntu/endtoend_venv/lib/python3.12/site-packages/airflow/example_dags/example_dag_decorator.py took 0.248 seconds
[2024-06-05T02:20:44.731+0000] {processor.py:161} INFO - Started process (PID=15065) to work on /home/ubuntu/endtoend_venv/lib/python3.12/site-packages/airflow/example_dags/example_dag_decorator.py
[2024-06-05T02:20:44.732+0000] {processor.py:830} INFO - Processing file /home/ubuntu/endtoend_venv/lib/python3.12/site-packages/airflow/example_dags/example_dag_decorator.py for tasks to queue
[2024-06-05T02:20:44.734+0000] {logging_mixin.py:188} INFO - [2024-06-05T02:20:44.733+0000] {dagbag.py:545} INFO - Filling up the DagBag from /home/ubuntu/endtoend_venv/lib/python3.12/site-packages/airflow/example_dags/example_dag_decorator.py
[2024-06-05T02:20:44.828+0000] {processor.py:840} INFO - DAG(s) 'example_dag_decorator' retrieved from /home/ubuntu/endtoend_venv/lib/python3.12/site-packages/airflow/example_dags/example_dag_decorator.py
[2024-06-05T02:20:44.931+0000] {logging_mixin.py:188} INFO - [2024-06-05T02:20:44.931+0000] {dag.py:3096} INFO - Sync 1 DAGs
[2024-06-05T02:20:44.941+0000] {logging_mixin.py:188} INFO - [2024-06-05T02:20:44.941+0000] {dag.py:3954} INFO - Setting next_dagrun for example_dag_decorator to None, run_after=None
[2024-06-05T02:20:44.963+0000] {processor.py:183} INFO - Processing /home/ubuntu/endtoend_venv/lib/python3.12/site-packages/airflow/example_dags/example_dag_decorator.py took 0.238 seconds
[2024-06-05T02:21:41.676+0000] {processor.py:161} INFO - Started process (PID=15127) to work on /home/ubuntu/endtoend_venv/lib/python3.12/site-packages/airflow/example_dags/example_dag_decorator.py
[2024-06-05T02:21:41.677+0000] {processor.py:830} INFO - Processing file /home/ubuntu/endtoend_venv/lib/python3.12/site-packages/airflow/example_dags/example_dag_decorator.py for tasks to queue
[2024-06-05T02:21:41.679+0000] {logging_mixin.py:188} INFO - [2024-06-05T02:21:41.679+0000] {dagbag.py:545} INFO - Filling up the DagBag from /home/ubuntu/endtoend_venv/lib/python3.12/site-packages/airflow/example_dags/example_dag_decorator.py
[2024-06-05T02:21:41.771+0000] {processor.py:840} INFO - DAG(s) 'example_dag_decorator' retrieved from /home/ubuntu/endtoend_venv/lib/python3.12/site-packages/airflow/example_dags/example_dag_decorator.py
[2024-06-05T02:21:41.875+0000] {logging_mixin.py:188} INFO - [2024-06-05T02:21:41.875+0000] {dag.py:3096} INFO - Sync 1 DAGs
[2024-06-05T02:21:41.885+0000] {logging_mixin.py:188} INFO - [2024-06-05T02:21:41.885+0000] {dag.py:3954} INFO - Setting next_dagrun for example_dag_decorator to None, run_after=None
[2024-06-05T02:21:41.908+0000] {processor.py:183} INFO - Processing /home/ubuntu/endtoend_venv/lib/python3.12/site-packages/airflow/example_dags/example_dag_decorator.py took 0.238 seconds
[2024-06-05T02:22:38.491+0000] {processor.py:161} INFO - Started process (PID=15185) to work on /home/ubuntu/endtoend_venv/lib/python3.12/site-packages/airflow/example_dags/example_dag_decorator.py
[2024-06-05T02:22:38.493+0000] {processor.py:830} INFO - Processing file /home/ubuntu/endtoend_venv/lib/python3.12/site-packages/airflow/example_dags/example_dag_decorator.py for tasks to queue
[2024-06-05T02:22:38.495+0000] {logging_mixin.py:188} INFO - [2024-06-05T02:22:38.494+0000] {dagbag.py:545} INFO - Filling up the DagBag from /home/ubuntu/endtoend_venv/lib/python3.12/site-packages/airflow/example_dags/example_dag_decorator.py
[2024-06-05T02:22:38.591+0000] {processor.py:840} INFO - DAG(s) 'example_dag_decorator' retrieved from /home/ubuntu/endtoend_venv/lib/python3.12/site-packages/airflow/example_dags/example_dag_decorator.py
[2024-06-05T02:22:38.611+0000] {logging_mixin.py:188} INFO - [2024-06-05T02:22:38.611+0000] {dag.py:3096} INFO - Sync 1 DAGs
[2024-06-05T02:22:38.625+0000] {logging_mixin.py:188} INFO - [2024-06-05T02:22:38.625+0000] {dag.py:3954} INFO - Setting next_dagrun for example_dag_decorator to None, run_after=None
[2024-06-05T02:22:38.648+0000] {processor.py:183} INFO - Processing /home/ubuntu/endtoend_venv/lib/python3.12/site-packages/airflow/example_dags/example_dag_decorator.py took 0.163 seconds
[2024-06-05T02:23:36.325+0000] {processor.py:161} INFO - Started process (PID=15245) to work on /home/ubuntu/endtoend_venv/lib/python3.12/site-packages/airflow/example_dags/example_dag_decorator.py
[2024-06-05T02:23:36.326+0000] {processor.py:830} INFO - Processing file /home/ubuntu/endtoend_venv/lib/python3.12/site-packages/airflow/example_dags/example_dag_decorator.py for tasks to queue
[2024-06-05T02:23:36.328+0000] {logging_mixin.py:188} INFO - [2024-06-05T02:23:36.327+0000] {dagbag.py:545} INFO - Filling up the DagBag from /home/ubuntu/endtoend_venv/lib/python3.12/site-packages/airflow/example_dags/example_dag_decorator.py
[2024-06-05T02:23:36.421+0000] {processor.py:840} INFO - DAG(s) 'example_dag_decorator' retrieved from /home/ubuntu/endtoend_venv/lib/python3.12/site-packages/airflow/example_dags/example_dag_decorator.py
[2024-06-05T02:23:36.440+0000] {logging_mixin.py:188} INFO - [2024-06-05T02:23:36.440+0000] {dag.py:3096} INFO - Sync 1 DAGs
[2024-06-05T02:23:36.452+0000] {logging_mixin.py:188} INFO - [2024-06-05T02:23:36.451+0000] {dag.py:3954} INFO - Setting next_dagrun for example_dag_decorator to None, run_after=None
[2024-06-05T02:23:36.473+0000] {processor.py:183} INFO - Processing /home/ubuntu/endtoend_venv/lib/python3.12/site-packages/airflow/example_dags/example_dag_decorator.py took 0.154 seconds
[2024-06-05T02:25:56.398+0000] {processor.py:161} INFO - Started process (PID=15363) to work on /home/ubuntu/endtoend_venv/lib/python3.12/site-packages/airflow/example_dags/example_dag_decorator.py
[2024-06-05T02:25:56.399+0000] {processor.py:830} INFO - Processing file /home/ubuntu/endtoend_venv/lib/python3.12/site-packages/airflow/example_dags/example_dag_decorator.py for tasks to queue
[2024-06-05T02:25:56.401+0000] {logging_mixin.py:188} INFO - [2024-06-05T02:25:56.401+0000] {dagbag.py:545} INFO - Filling up the DagBag from /home/ubuntu/endtoend_venv/lib/python3.12/site-packages/airflow/example_dags/example_dag_decorator.py
[2024-06-05T02:25:56.497+0000] {processor.py:840} INFO - DAG(s) 'example_dag_decorator' retrieved from /home/ubuntu/endtoend_venv/lib/python3.12/site-packages/airflow/example_dags/example_dag_decorator.py
[2024-06-05T02:25:56.603+0000] {logging_mixin.py:188} INFO - [2024-06-05T02:25:56.603+0000] {dag.py:3096} INFO - Sync 1 DAGs
[2024-06-05T02:25:56.613+0000] {logging_mixin.py:188} INFO - [2024-06-05T02:25:56.613+0000] {dag.py:3954} INFO - Setting next_dagrun for example_dag_decorator to None, run_after=None
[2024-06-05T02:25:56.635+0000] {processor.py:183} INFO - Processing /home/ubuntu/endtoend_venv/lib/python3.12/site-packages/airflow/example_dags/example_dag_decorator.py took 0.243 seconds
[2024-06-05T02:26:49.215+0000] {processor.py:161} INFO - Started process (PID=15414) to work on /home/ubuntu/endtoend_venv/lib/python3.12/site-packages/airflow/example_dags/example_dag_decorator.py
[2024-06-05T02:26:49.216+0000] {processor.py:830} INFO - Processing file /home/ubuntu/endtoend_venv/lib/python3.12/site-packages/airflow/example_dags/example_dag_decorator.py for tasks to queue
[2024-06-05T02:26:49.218+0000] {logging_mixin.py:188} INFO - [2024-06-05T02:26:49.218+0000] {dagbag.py:545} INFO - Filling up the DagBag from /home/ubuntu/endtoend_venv/lib/python3.12/site-packages/airflow/example_dags/example_dag_decorator.py
[2024-06-05T02:26:49.314+0000] {processor.py:840} INFO - DAG(s) 'example_dag_decorator' retrieved from /home/ubuntu/endtoend_venv/lib/python3.12/site-packages/airflow/example_dags/example_dag_decorator.py
[2024-06-05T02:26:49.420+0000] {logging_mixin.py:188} INFO - [2024-06-05T02:26:49.420+0000] {dag.py:3096} INFO - Sync 1 DAGs
[2024-06-05T02:26:49.432+0000] {logging_mixin.py:188} INFO - [2024-06-05T02:26:49.431+0000] {dag.py:3954} INFO - Setting next_dagrun for example_dag_decorator to None, run_after=None
[2024-06-05T02:26:49.454+0000] {processor.py:183} INFO - Processing /home/ubuntu/endtoend_venv/lib/python3.12/site-packages/airflow/example_dags/example_dag_decorator.py took 0.245 seconds
[2024-06-05T02:27:47.658+0000] {processor.py:161} INFO - Started process (PID=15475) to work on /home/ubuntu/endtoend_venv/lib/python3.12/site-packages/airflow/example_dags/example_dag_decorator.py
[2024-06-05T02:27:47.660+0000] {processor.py:830} INFO - Processing file /home/ubuntu/endtoend_venv/lib/python3.12/site-packages/airflow/example_dags/example_dag_decorator.py for tasks to queue
[2024-06-05T02:27:47.662+0000] {logging_mixin.py:188} INFO - [2024-06-05T02:27:47.661+0000] {dagbag.py:545} INFO - Filling up the DagBag from /home/ubuntu/endtoend_venv/lib/python3.12/site-packages/airflow/example_dags/example_dag_decorator.py
[2024-06-05T02:27:47.756+0000] {processor.py:840} INFO - DAG(s) 'example_dag_decorator' retrieved from /home/ubuntu/endtoend_venv/lib/python3.12/site-packages/airflow/example_dags/example_dag_decorator.py
[2024-06-05T02:27:47.868+0000] {logging_mixin.py:188} INFO - [2024-06-05T02:27:47.867+0000] {dag.py:3096} INFO - Sync 1 DAGs
[2024-06-05T02:27:47.878+0000] {logging_mixin.py:188} INFO - [2024-06-05T02:27:47.878+0000] {dag.py:3954} INFO - Setting next_dagrun for example_dag_decorator to None, run_after=None
[2024-06-05T02:27:47.903+0000] {processor.py:183} INFO - Processing /home/ubuntu/endtoend_venv/lib/python3.12/site-packages/airflow/example_dags/example_dag_decorator.py took 0.250 seconds
[2024-06-05T02:28:51.940+0000] {processor.py:161} INFO - Started process (PID=15540) to work on /home/ubuntu/endtoend_venv/lib/python3.12/site-packages/airflow/example_dags/example_dag_decorator.py
[2024-06-05T02:28:51.942+0000] {processor.py:830} INFO - Processing file /home/ubuntu/endtoend_venv/lib/python3.12/site-packages/airflow/example_dags/example_dag_decorator.py for tasks to queue
[2024-06-05T02:28:51.944+0000] {logging_mixin.py:188} INFO - [2024-06-05T02:28:51.943+0000] {dagbag.py:545} INFO - Filling up the DagBag from /home/ubuntu/endtoend_venv/lib/python3.12/site-packages/airflow/example_dags/example_dag_decorator.py
[2024-06-05T02:28:52.042+0000] {processor.py:840} INFO - DAG(s) 'example_dag_decorator' retrieved from /home/ubuntu/endtoend_venv/lib/python3.12/site-packages/airflow/example_dags/example_dag_decorator.py
[2024-06-05T02:28:52.149+0000] {logging_mixin.py:188} INFO - [2024-06-05T02:28:52.149+0000] {dag.py:3096} INFO - Sync 1 DAGs
[2024-06-05T02:28:52.159+0000] {logging_mixin.py:188} INFO - [2024-06-05T02:28:52.159+0000] {dag.py:3954} INFO - Setting next_dagrun for example_dag_decorator to None, run_after=None
[2024-06-05T02:28:52.182+0000] {processor.py:183} INFO - Processing /home/ubuntu/endtoend_venv/lib/python3.12/site-packages/airflow/example_dags/example_dag_decorator.py took 0.248 seconds
[2024-06-05T02:29:54.294+0000] {processor.py:161} INFO - Started process (PID=15609) to work on /home/ubuntu/endtoend_venv/lib/python3.12/site-packages/airflow/example_dags/example_dag_decorator.py
[2024-06-05T02:29:54.296+0000] {processor.py:830} INFO - Processing file /home/ubuntu/endtoend_venv/lib/python3.12/site-packages/airflow/example_dags/example_dag_decorator.py for tasks to queue
[2024-06-05T02:29:54.298+0000] {logging_mixin.py:188} INFO - [2024-06-05T02:29:54.297+0000] {dagbag.py:545} INFO - Filling up the DagBag from /home/ubuntu/endtoend_venv/lib/python3.12/site-packages/airflow/example_dags/example_dag_decorator.py
[2024-06-05T02:29:54.391+0000] {processor.py:840} INFO - DAG(s) 'example_dag_decorator' retrieved from /home/ubuntu/endtoend_venv/lib/python3.12/site-packages/airflow/example_dags/example_dag_decorator.py
[2024-06-05T02:29:54.494+0000] {logging_mixin.py:188} INFO - [2024-06-05T02:29:54.494+0000] {dag.py:3096} INFO - Sync 1 DAGs
[2024-06-05T02:29:54.503+0000] {logging_mixin.py:188} INFO - [2024-06-05T02:29:54.503+0000] {dag.py:3954} INFO - Setting next_dagrun for example_dag_decorator to None, run_after=None
[2024-06-05T02:29:54.525+0000] {processor.py:183} INFO - Processing /home/ubuntu/endtoend_venv/lib/python3.12/site-packages/airflow/example_dags/example_dag_decorator.py took 0.236 seconds
[2024-06-05T02:30:57.390+0000] {processor.py:161} INFO - Started process (PID=15678) to work on /home/ubuntu/endtoend_venv/lib/python3.12/site-packages/airflow/example_dags/example_dag_decorator.py
[2024-06-05T02:30:57.391+0000] {processor.py:830} INFO - Processing file /home/ubuntu/endtoend_venv/lib/python3.12/site-packages/airflow/example_dags/example_dag_decorator.py for tasks to queue
[2024-06-05T02:30:57.393+0000] {logging_mixin.py:188} INFO - [2024-06-05T02:30:57.393+0000] {dagbag.py:545} INFO - Filling up the DagBag from /home/ubuntu/endtoend_venv/lib/python3.12/site-packages/airflow/example_dags/example_dag_decorator.py
[2024-06-05T02:30:57.491+0000] {processor.py:840} INFO - DAG(s) 'example_dag_decorator' retrieved from /home/ubuntu/endtoend_venv/lib/python3.12/site-packages/airflow/example_dags/example_dag_decorator.py
[2024-06-05T02:30:57.710+0000] {logging_mixin.py:188} INFO - [2024-06-05T02:30:57.710+0000] {dag.py:3096} INFO - Sync 1 DAGs
[2024-06-05T02:30:57.719+0000] {logging_mixin.py:188} INFO - [2024-06-05T02:30:57.719+0000] {dag.py:3954} INFO - Setting next_dagrun for example_dag_decorator to None, run_after=None
[2024-06-05T02:30:57.742+0000] {processor.py:183} INFO - Processing /home/ubuntu/endtoend_venv/lib/python3.12/site-packages/airflow/example_dags/example_dag_decorator.py took 0.358 seconds
[2024-06-05T02:32:02.873+0000] {processor.py:161} INFO - Started process (PID=15744) to work on /home/ubuntu/endtoend_venv/lib/python3.12/site-packages/airflow/example_dags/example_dag_decorator.py
[2024-06-05T02:32:02.874+0000] {processor.py:830} INFO - Processing file /home/ubuntu/endtoend_venv/lib/python3.12/site-packages/airflow/example_dags/example_dag_decorator.py for tasks to queue
[2024-06-05T02:32:02.876+0000] {logging_mixin.py:188} INFO - [2024-06-05T02:32:02.876+0000] {dagbag.py:545} INFO - Filling up the DagBag from /home/ubuntu/endtoend_venv/lib/python3.12/site-packages/airflow/example_dags/example_dag_decorator.py
[2024-06-05T02:32:02.970+0000] {processor.py:840} INFO - DAG(s) 'example_dag_decorator' retrieved from /home/ubuntu/endtoend_venv/lib/python3.12/site-packages/airflow/example_dags/example_dag_decorator.py
[2024-06-05T02:32:03.075+0000] {logging_mixin.py:188} INFO - [2024-06-05T02:32:03.074+0000] {dag.py:3096} INFO - Sync 1 DAGs
[2024-06-05T02:32:03.196+0000] {logging_mixin.py:188} INFO - [2024-06-05T02:32:03.195+0000] {dag.py:3954} INFO - Setting next_dagrun for example_dag_decorator to None, run_after=None
[2024-06-05T02:32:03.217+0000] {processor.py:183} INFO - Processing /home/ubuntu/endtoend_venv/lib/python3.12/site-packages/airflow/example_dags/example_dag_decorator.py took 0.350 seconds
[2024-06-05T02:33:04.870+0000] {processor.py:161} INFO - Started process (PID=15806) to work on /home/ubuntu/endtoend_venv/lib/python3.12/site-packages/airflow/example_dags/example_dag_decorator.py
[2024-06-05T02:33:04.872+0000] {processor.py:830} INFO - Processing file /home/ubuntu/endtoend_venv/lib/python3.12/site-packages/airflow/example_dags/example_dag_decorator.py for tasks to queue
[2024-06-05T02:33:04.874+0000] {logging_mixin.py:188} INFO - [2024-06-05T02:33:04.873+0000] {dagbag.py:545} INFO - Filling up the DagBag from /home/ubuntu/endtoend_venv/lib/python3.12/site-packages/airflow/example_dags/example_dag_decorator.py
[2024-06-05T02:33:04.972+0000] {processor.py:840} INFO - DAG(s) 'example_dag_decorator' retrieved from /home/ubuntu/endtoend_venv/lib/python3.12/site-packages/airflow/example_dags/example_dag_decorator.py
[2024-06-05T02:33:05.079+0000] {logging_mixin.py:188} INFO - [2024-06-05T02:33:05.079+0000] {dag.py:3096} INFO - Sync 1 DAGs
[2024-06-05T02:33:05.091+0000] {logging_mixin.py:188} INFO - [2024-06-05T02:33:05.091+0000] {dag.py:3954} INFO - Setting next_dagrun for example_dag_decorator to None, run_after=None
[2024-06-05T02:33:05.225+0000] {processor.py:183} INFO - Processing /home/ubuntu/endtoend_venv/lib/python3.12/site-packages/airflow/example_dags/example_dag_decorator.py took 0.361 seconds
[2024-06-05T02:34:09.208+0000] {processor.py:161} INFO - Started process (PID=15872) to work on /home/ubuntu/endtoend_venv/lib/python3.12/site-packages/airflow/example_dags/example_dag_decorator.py
[2024-06-05T02:34:09.210+0000] {processor.py:830} INFO - Processing file /home/ubuntu/endtoend_venv/lib/python3.12/site-packages/airflow/example_dags/example_dag_decorator.py for tasks to queue
[2024-06-05T02:34:09.211+0000] {logging_mixin.py:188} INFO - [2024-06-05T02:34:09.211+0000] {dagbag.py:545} INFO - Filling up the DagBag from /home/ubuntu/endtoend_venv/lib/python3.12/site-packages/airflow/example_dags/example_dag_decorator.py
[2024-06-05T02:34:09.307+0000] {processor.py:840} INFO - DAG(s) 'example_dag_decorator' retrieved from /home/ubuntu/endtoend_venv/lib/python3.12/site-packages/airflow/example_dags/example_dag_decorator.py
[2024-06-05T02:34:09.533+0000] {logging_mixin.py:188} INFO - [2024-06-05T02:34:09.532+0000] {dag.py:3096} INFO - Sync 1 DAGs
[2024-06-05T02:34:09.541+0000] {logging_mixin.py:188} INFO - [2024-06-05T02:34:09.541+0000] {dag.py:3954} INFO - Setting next_dagrun for example_dag_decorator to None, run_after=None
[2024-06-05T02:34:09.564+0000] {processor.py:183} INFO - Processing /home/ubuntu/endtoend_venv/lib/python3.12/site-packages/airflow/example_dags/example_dag_decorator.py took 0.362 seconds
