[2024-06-05T02:19:01.854+0000] {processor.py:161} INFO - Started process (PID=14954) to work on /home/ubuntu/endtoend_venv/lib/python3.12/site-packages/airflow/example_dags/example_bash_operator.py
[2024-06-05T02:19:01.855+0000] {processor.py:830} INFO - Processing file /home/ubuntu/endtoend_venv/lib/python3.12/site-packages/airflow/example_dags/example_bash_operator.py for tasks to queue
[2024-06-05T02:19:01.857+0000] {logging_mixin.py:188} INFO - [2024-06-05T02:19:01.856+0000] {dagbag.py:545} INFO - Filling up the DagBag from /home/ubuntu/endtoend_venv/lib/python3.12/site-packages/airflow/example_dags/example_bash_operator.py
[2024-06-05T02:19:01.869+0000] {processor.py:840} INFO - DAG(s) 'example_bash_operator' retrieved from /home/ubuntu/endtoend_venv/lib/python3.12/site-packages/airflow/example_dags/example_bash_operator.py
[2024-06-05T02:19:01.992+0000] {logging_mixin.py:188} INFO - [2024-06-05T02:19:01.991+0000] {override.py:1829} INFO - Created Permission View: can read on DAG:example_bash_operator
[2024-06-05T02:19:02.004+0000] {logging_mixin.py:188} INFO - [2024-06-05T02:19:02.004+0000] {override.py:1829} INFO - Created Permission View: can delete on DAG:example_bash_operator
[2024-06-05T02:19:02.014+0000] {logging_mixin.py:188} INFO - [2024-06-05T02:19:02.014+0000] {override.py:1829} INFO - Created Permission View: can edit on DAG:example_bash_operator
[2024-06-05T02:19:02.015+0000] {logging_mixin.py:188} INFO - [2024-06-05T02:19:02.015+0000] {dag.py:3096} INFO - Sync 1 DAGs
[2024-06-05T02:19:02.026+0000] {logging_mixin.py:188} INFO - [2024-06-05T02:19:02.026+0000] {dag.py:3118} INFO - Creating ORM DAG for example_bash_operator
[2024-06-05T02:19:02.038+0000] {logging_mixin.py:188} INFO - [2024-06-05T02:19:02.038+0000] {dag.py:3954} INFO - Setting next_dagrun for example_bash_operator to 2024-06-04 00:00:00+00:00, run_after=2024-06-05 00:00:00+00:00
[2024-06-05T02:19:02.061+0000] {processor.py:183} INFO - Processing /home/ubuntu/endtoend_venv/lib/python3.12/site-packages/airflow/example_dags/example_bash_operator.py took 0.213 seconds
[2024-06-05T02:20:07.751+0000] {processor.py:161} INFO - Started process (PID=15028) to work on /home/ubuntu/endtoend_venv/lib/python3.12/site-packages/airflow/example_dags/example_bash_operator.py
[2024-06-05T02:20:07.754+0000] {processor.py:830} INFO - Processing file /home/ubuntu/endtoend_venv/lib/python3.12/site-packages/airflow/example_dags/example_bash_operator.py for tasks to queue
[2024-06-05T02:20:07.756+0000] {logging_mixin.py:188} INFO - [2024-06-05T02:20:07.755+0000] {dagbag.py:545} INFO - Filling up the DagBag from /home/ubuntu/endtoend_venv/lib/python3.12/site-packages/airflow/example_dags/example_bash_operator.py
[2024-06-05T02:20:07.768+0000] {processor.py:840} INFO - DAG(s) 'example_bash_operator' retrieved from /home/ubuntu/endtoend_venv/lib/python3.12/site-packages/airflow/example_dags/example_bash_operator.py
[2024-06-05T02:20:07.793+0000] {logging_mixin.py:188} INFO - [2024-06-05T02:20:07.792+0000] {dag.py:3096} INFO - Sync 1 DAGs
[2024-06-05T02:20:07.814+0000] {logging_mixin.py:188} INFO - [2024-06-05T02:20:07.813+0000] {dag.py:3954} INFO - Setting next_dagrun for example_bash_operator to 2024-06-04 00:00:00+00:00, run_after=2024-06-05 00:00:00+00:00
[2024-06-05T02:20:07.837+0000] {processor.py:183} INFO - Processing /home/ubuntu/endtoend_venv/lib/python3.12/site-packages/airflow/example_dags/example_bash_operator.py took 0.092 seconds
[2024-06-05T02:21:07.441+0000] {processor.py:161} INFO - Started process (PID=15091) to work on /home/ubuntu/endtoend_venv/lib/python3.12/site-packages/airflow/example_dags/example_bash_operator.py
[2024-06-05T02:21:07.443+0000] {processor.py:830} INFO - Processing file /home/ubuntu/endtoend_venv/lib/python3.12/site-packages/airflow/example_dags/example_bash_operator.py for tasks to queue
[2024-06-05T02:21:07.445+0000] {logging_mixin.py:188} INFO - [2024-06-05T02:21:07.444+0000] {dagbag.py:545} INFO - Filling up the DagBag from /home/ubuntu/endtoend_venv/lib/python3.12/site-packages/airflow/example_dags/example_bash_operator.py
[2024-06-05T02:21:07.457+0000] {processor.py:840} INFO - DAG(s) 'example_bash_operator' retrieved from /home/ubuntu/endtoend_venv/lib/python3.12/site-packages/airflow/example_dags/example_bash_operator.py
[2024-06-05T02:21:07.481+0000] {logging_mixin.py:188} INFO - [2024-06-05T02:21:07.480+0000] {dag.py:3096} INFO - Sync 1 DAGs
[2024-06-05T02:21:07.501+0000] {logging_mixin.py:188} INFO - [2024-06-05T02:21:07.501+0000] {dag.py:3954} INFO - Setting next_dagrun for example_bash_operator to 2024-06-04 00:00:00+00:00, run_after=2024-06-05 00:00:00+00:00
[2024-06-05T02:21:07.524+0000] {processor.py:183} INFO - Processing /home/ubuntu/endtoend_venv/lib/python3.12/site-packages/airflow/example_dags/example_bash_operator.py took 0.089 seconds
[2024-06-05T02:22:04.464+0000] {processor.py:161} INFO - Started process (PID=15150) to work on /home/ubuntu/endtoend_venv/lib/python3.12/site-packages/airflow/example_dags/example_bash_operator.py
[2024-06-05T02:22:04.465+0000] {processor.py:830} INFO - Processing file /home/ubuntu/endtoend_venv/lib/python3.12/site-packages/airflow/example_dags/example_bash_operator.py for tasks to queue
[2024-06-05T02:22:04.467+0000] {logging_mixin.py:188} INFO - [2024-06-05T02:22:04.467+0000] {dagbag.py:545} INFO - Filling up the DagBag from /home/ubuntu/endtoend_venv/lib/python3.12/site-packages/airflow/example_dags/example_bash_operator.py
[2024-06-05T02:22:04.479+0000] {processor.py:840} INFO - DAG(s) 'example_bash_operator' retrieved from /home/ubuntu/endtoend_venv/lib/python3.12/site-packages/airflow/example_dags/example_bash_operator.py
[2024-06-05T02:22:04.503+0000] {logging_mixin.py:188} INFO - [2024-06-05T02:22:04.503+0000] {dag.py:3096} INFO - Sync 1 DAGs
[2024-06-05T02:22:04.525+0000] {logging_mixin.py:188} INFO - [2024-06-05T02:22:04.524+0000] {dag.py:3954} INFO - Setting next_dagrun for example_bash_operator to 2024-06-04 00:00:00+00:00, run_after=2024-06-05 00:00:00+00:00
[2024-06-05T02:22:04.547+0000] {processor.py:183} INFO - Processing /home/ubuntu/endtoend_venv/lib/python3.12/site-packages/airflow/example_dags/example_bash_operator.py took 0.090 seconds
[2024-06-05T02:23:01.457+0000] {processor.py:161} INFO - Started process (PID=15209) to work on /home/ubuntu/endtoend_venv/lib/python3.12/site-packages/airflow/example_dags/example_bash_operator.py
[2024-06-05T02:23:01.459+0000] {processor.py:830} INFO - Processing file /home/ubuntu/endtoend_venv/lib/python3.12/site-packages/airflow/example_dags/example_bash_operator.py for tasks to queue
[2024-06-05T02:23:01.461+0000] {logging_mixin.py:188} INFO - [2024-06-05T02:23:01.460+0000] {dagbag.py:545} INFO - Filling up the DagBag from /home/ubuntu/endtoend_venv/lib/python3.12/site-packages/airflow/example_dags/example_bash_operator.py
[2024-06-05T02:23:01.473+0000] {processor.py:840} INFO - DAG(s) 'example_bash_operator' retrieved from /home/ubuntu/endtoend_venv/lib/python3.12/site-packages/airflow/example_dags/example_bash_operator.py
[2024-06-05T02:23:01.497+0000] {logging_mixin.py:188} INFO - [2024-06-05T02:23:01.497+0000] {dag.py:3096} INFO - Sync 1 DAGs
[2024-06-05T02:23:01.519+0000] {logging_mixin.py:188} INFO - [2024-06-05T02:23:01.519+0000] {dag.py:3954} INFO - Setting next_dagrun for example_bash_operator to 2024-06-04 00:00:00+00:00, run_after=2024-06-05 00:00:00+00:00
[2024-06-05T02:23:01.542+0000] {processor.py:183} INFO - Processing /home/ubuntu/endtoend_venv/lib/python3.12/site-packages/airflow/example_dags/example_bash_operator.py took 0.091 seconds
[2024-06-05T02:26:05.907+0000] {processor.py:161} INFO - Started process (PID=15372) to work on /home/ubuntu/endtoend_venv/lib/python3.12/site-packages/airflow/example_dags/example_bash_operator.py
[2024-06-05T02:26:05.910+0000] {processor.py:830} INFO - Processing file /home/ubuntu/endtoend_venv/lib/python3.12/site-packages/airflow/example_dags/example_bash_operator.py for tasks to queue
[2024-06-05T02:26:05.911+0000] {logging_mixin.py:188} INFO - [2024-06-05T02:26:05.911+0000] {dagbag.py:545} INFO - Filling up the DagBag from /home/ubuntu/endtoend_venv/lib/python3.12/site-packages/airflow/example_dags/example_bash_operator.py
[2024-06-05T02:26:05.923+0000] {processor.py:840} INFO - DAG(s) 'example_bash_operator' retrieved from /home/ubuntu/endtoend_venv/lib/python3.12/site-packages/airflow/example_dags/example_bash_operator.py
[2024-06-05T02:26:06.033+0000] {logging_mixin.py:188} INFO - [2024-06-05T02:26:06.032+0000] {dag.py:3096} INFO - Sync 1 DAGs
[2024-06-05T02:26:06.052+0000] {logging_mixin.py:188} INFO - [2024-06-05T02:26:06.052+0000] {dag.py:3954} INFO - Setting next_dagrun for example_bash_operator to 2024-06-04 00:00:00+00:00, run_after=2024-06-05 00:00:00+00:00
[2024-06-05T02:26:06.074+0000] {processor.py:183} INFO - Processing /home/ubuntu/endtoend_venv/lib/python3.12/site-packages/airflow/example_dags/example_bash_operator.py took 0.172 seconds
[2024-06-05T02:27:14.489+0000] {processor.py:161} INFO - Started process (PID=15440) to work on /home/ubuntu/endtoend_venv/lib/python3.12/site-packages/airflow/example_dags/example_bash_operator.py
[2024-06-05T02:27:14.491+0000] {processor.py:830} INFO - Processing file /home/ubuntu/endtoend_venv/lib/python3.12/site-packages/airflow/example_dags/example_bash_operator.py for tasks to queue
[2024-06-05T02:27:14.492+0000] {logging_mixin.py:188} INFO - [2024-06-05T02:27:14.492+0000] {dagbag.py:545} INFO - Filling up the DagBag from /home/ubuntu/endtoend_venv/lib/python3.12/site-packages/airflow/example_dags/example_bash_operator.py
[2024-06-05T02:27:14.505+0000] {processor.py:840} INFO - DAG(s) 'example_bash_operator' retrieved from /home/ubuntu/endtoend_venv/lib/python3.12/site-packages/airflow/example_dags/example_bash_operator.py
[2024-06-05T02:27:14.529+0000] {logging_mixin.py:188} INFO - [2024-06-05T02:27:14.529+0000] {dag.py:3096} INFO - Sync 1 DAGs
[2024-06-05T02:27:14.550+0000] {logging_mixin.py:188} INFO - [2024-06-05T02:27:14.550+0000] {dag.py:3954} INFO - Setting next_dagrun for example_bash_operator to 2024-06-04 00:00:00+00:00, run_after=2024-06-05 00:00:00+00:00
[2024-06-05T02:27:14.573+0000] {processor.py:183} INFO - Processing /home/ubuntu/endtoend_venv/lib/python3.12/site-packages/airflow/example_dags/example_bash_operator.py took 0.090 seconds
[2024-06-05T02:28:14.976+0000] {processor.py:161} INFO - Started process (PID=15501) to work on /home/ubuntu/endtoend_venv/lib/python3.12/site-packages/airflow/example_dags/example_bash_operator.py
[2024-06-05T02:28:14.978+0000] {processor.py:830} INFO - Processing file /home/ubuntu/endtoend_venv/lib/python3.12/site-packages/airflow/example_dags/example_bash_operator.py for tasks to queue
[2024-06-05T02:28:14.980+0000] {logging_mixin.py:188} INFO - [2024-06-05T02:28:14.979+0000] {dagbag.py:545} INFO - Filling up the DagBag from /home/ubuntu/endtoend_venv/lib/python3.12/site-packages/airflow/example_dags/example_bash_operator.py
[2024-06-05T02:28:14.992+0000] {processor.py:840} INFO - DAG(s) 'example_bash_operator' retrieved from /home/ubuntu/endtoend_venv/lib/python3.12/site-packages/airflow/example_dags/example_bash_operator.py
[2024-06-05T02:28:15.016+0000] {logging_mixin.py:188} INFO - [2024-06-05T02:28:15.016+0000] {dag.py:3096} INFO - Sync 1 DAGs
[2024-06-05T02:28:15.037+0000] {logging_mixin.py:188} INFO - [2024-06-05T02:28:15.037+0000] {dag.py:3954} INFO - Setting next_dagrun for example_bash_operator to 2024-06-04 00:00:00+00:00, run_after=2024-06-05 00:00:00+00:00
[2024-06-05T02:28:15.059+0000] {processor.py:183} INFO - Processing /home/ubuntu/endtoend_venv/lib/python3.12/site-packages/airflow/example_dags/example_bash_operator.py took 0.089 seconds
[2024-06-05T02:29:17.655+0000] {processor.py:161} INFO - Started process (PID=15571) to work on /home/ubuntu/endtoend_venv/lib/python3.12/site-packages/airflow/example_dags/example_bash_operator.py
[2024-06-05T02:29:17.656+0000] {processor.py:830} INFO - Processing file /home/ubuntu/endtoend_venv/lib/python3.12/site-packages/airflow/example_dags/example_bash_operator.py for tasks to queue
[2024-06-05T02:29:17.658+0000] {logging_mixin.py:188} INFO - [2024-06-05T02:29:17.657+0000] {dagbag.py:545} INFO - Filling up the DagBag from /home/ubuntu/endtoend_venv/lib/python3.12/site-packages/airflow/example_dags/example_bash_operator.py
[2024-06-05T02:29:17.670+0000] {processor.py:840} INFO - DAG(s) 'example_bash_operator' retrieved from /home/ubuntu/endtoend_venv/lib/python3.12/site-packages/airflow/example_dags/example_bash_operator.py
[2024-06-05T02:29:17.694+0000] {logging_mixin.py:188} INFO - [2024-06-05T02:29:17.694+0000] {dag.py:3096} INFO - Sync 1 DAGs
[2024-06-05T02:29:17.715+0000] {logging_mixin.py:188} INFO - [2024-06-05T02:29:17.715+0000] {dag.py:3954} INFO - Setting next_dagrun for example_bash_operator to 2024-06-04 00:00:00+00:00, run_after=2024-06-05 00:00:00+00:00
[2024-06-05T02:29:17.739+0000] {processor.py:183} INFO - Processing /home/ubuntu/endtoend_venv/lib/python3.12/site-packages/airflow/example_dags/example_bash_operator.py took 0.090 seconds
[2024-06-05T02:30:19.274+0000] {processor.py:161} INFO - Started process (PID=15639) to work on /home/ubuntu/endtoend_venv/lib/python3.12/site-packages/airflow/example_dags/example_bash_operator.py
[2024-06-05T02:30:19.276+0000] {processor.py:830} INFO - Processing file /home/ubuntu/endtoend_venv/lib/python3.12/site-packages/airflow/example_dags/example_bash_operator.py for tasks to queue
[2024-06-05T02:30:19.278+0000] {logging_mixin.py:188} INFO - [2024-06-05T02:30:19.277+0000] {dagbag.py:545} INFO - Filling up the DagBag from /home/ubuntu/endtoend_venv/lib/python3.12/site-packages/airflow/example_dags/example_bash_operator.py
[2024-06-05T02:30:19.290+0000] {processor.py:840} INFO - DAG(s) 'example_bash_operator' retrieved from /home/ubuntu/endtoend_venv/lib/python3.12/site-packages/airflow/example_dags/example_bash_operator.py
[2024-06-05T02:30:19.315+0000] {logging_mixin.py:188} INFO - [2024-06-05T02:30:19.315+0000] {dag.py:3096} INFO - Sync 1 DAGs
[2024-06-05T02:30:19.336+0000] {logging_mixin.py:188} INFO - [2024-06-05T02:30:19.336+0000] {dag.py:3954} INFO - Setting next_dagrun for example_bash_operator to 2024-06-04 00:00:00+00:00, run_after=2024-06-05 00:00:00+00:00
[2024-06-05T02:30:19.359+0000] {processor.py:183} INFO - Processing /home/ubuntu/endtoend_venv/lib/python3.12/site-packages/airflow/example_dags/example_bash_operator.py took 0.090 seconds
[2024-06-05T02:31:23.090+0000] {processor.py:161} INFO - Started process (PID=15703) to work on /home/ubuntu/endtoend_venv/lib/python3.12/site-packages/airflow/example_dags/example_bash_operator.py
[2024-06-05T02:31:23.091+0000] {processor.py:830} INFO - Processing file /home/ubuntu/endtoend_venv/lib/python3.12/site-packages/airflow/example_dags/example_bash_operator.py for tasks to queue
[2024-06-05T02:31:23.093+0000] {logging_mixin.py:188} INFO - [2024-06-05T02:31:23.093+0000] {dagbag.py:545} INFO - Filling up the DagBag from /home/ubuntu/endtoend_venv/lib/python3.12/site-packages/airflow/example_dags/example_bash_operator.py
[2024-06-05T02:31:23.105+0000] {processor.py:840} INFO - DAG(s) 'example_bash_operator' retrieved from /home/ubuntu/endtoend_venv/lib/python3.12/site-packages/airflow/example_dags/example_bash_operator.py
[2024-06-05T02:31:23.129+0000] {logging_mixin.py:188} INFO - [2024-06-05T02:31:23.129+0000] {dag.py:3096} INFO - Sync 1 DAGs
[2024-06-05T02:31:23.150+0000] {logging_mixin.py:188} INFO - [2024-06-05T02:31:23.150+0000] {dag.py:3954} INFO - Setting next_dagrun for example_bash_operator to 2024-06-04 00:00:00+00:00, run_after=2024-06-05 00:00:00+00:00
[2024-06-05T02:31:23.173+0000] {processor.py:183} INFO - Processing /home/ubuntu/endtoend_venv/lib/python3.12/site-packages/airflow/example_dags/example_bash_operator.py took 0.089 seconds
[2024-06-05T02:32:27.191+0000] {processor.py:161} INFO - Started process (PID=15768) to work on /home/ubuntu/endtoend_venv/lib/python3.12/site-packages/airflow/example_dags/example_bash_operator.py
[2024-06-05T02:32:27.193+0000] {processor.py:830} INFO - Processing file /home/ubuntu/endtoend_venv/lib/python3.12/site-packages/airflow/example_dags/example_bash_operator.py for tasks to queue
[2024-06-05T02:32:27.194+0000] {logging_mixin.py:188} INFO - [2024-06-05T02:32:27.194+0000] {dagbag.py:545} INFO - Filling up the DagBag from /home/ubuntu/endtoend_venv/lib/python3.12/site-packages/airflow/example_dags/example_bash_operator.py
[2024-06-05T02:32:27.207+0000] {processor.py:840} INFO - DAG(s) 'example_bash_operator' retrieved from /home/ubuntu/endtoend_venv/lib/python3.12/site-packages/airflow/example_dags/example_bash_operator.py
[2024-06-05T02:32:27.233+0000] {logging_mixin.py:188} INFO - [2024-06-05T02:32:27.232+0000] {dag.py:3096} INFO - Sync 1 DAGs
[2024-06-05T02:32:27.256+0000] {logging_mixin.py:188} INFO - [2024-06-05T02:32:27.255+0000] {dag.py:3954} INFO - Setting next_dagrun for example_bash_operator to 2024-06-04 00:00:00+00:00, run_after=2024-06-05 00:00:00+00:00
[2024-06-05T02:32:27.280+0000] {processor.py:183} INFO - Processing /home/ubuntu/endtoend_venv/lib/python3.12/site-packages/airflow/example_dags/example_bash_operator.py took 0.095 seconds
[2024-06-05T02:33:30.787+0000] {processor.py:161} INFO - Started process (PID=15832) to work on /home/ubuntu/endtoend_venv/lib/python3.12/site-packages/airflow/example_dags/example_bash_operator.py
[2024-06-05T02:33:30.789+0000] {processor.py:830} INFO - Processing file /home/ubuntu/endtoend_venv/lib/python3.12/site-packages/airflow/example_dags/example_bash_operator.py for tasks to queue
[2024-06-05T02:33:30.791+0000] {logging_mixin.py:188} INFO - [2024-06-05T02:33:30.790+0000] {dagbag.py:545} INFO - Filling up the DagBag from /home/ubuntu/endtoend_venv/lib/python3.12/site-packages/airflow/example_dags/example_bash_operator.py
[2024-06-05T02:33:30.803+0000] {processor.py:840} INFO - DAG(s) 'example_bash_operator' retrieved from /home/ubuntu/endtoend_venv/lib/python3.12/site-packages/airflow/example_dags/example_bash_operator.py
[2024-06-05T02:33:30.829+0000] {logging_mixin.py:188} INFO - [2024-06-05T02:33:30.829+0000] {dag.py:3096} INFO - Sync 1 DAGs
[2024-06-05T02:33:30.851+0000] {logging_mixin.py:188} INFO - [2024-06-05T02:33:30.851+0000] {dag.py:3954} INFO - Setting next_dagrun for example_bash_operator to 2024-06-04 00:00:00+00:00, run_after=2024-06-05 00:00:00+00:00
[2024-06-05T02:33:30.875+0000] {processor.py:183} INFO - Processing /home/ubuntu/endtoend_venv/lib/python3.12/site-packages/airflow/example_dags/example_bash_operator.py took 0.093 seconds
[2024-06-05T02:34:31.981+0000] {processor.py:161} INFO - Started process (PID=15896) to work on /home/ubuntu/endtoend_venv/lib/python3.12/site-packages/airflow/example_dags/example_bash_operator.py
[2024-06-05T02:34:31.983+0000] {processor.py:830} INFO - Processing file /home/ubuntu/endtoend_venv/lib/python3.12/site-packages/airflow/example_dags/example_bash_operator.py for tasks to queue
[2024-06-05T02:34:31.985+0000] {logging_mixin.py:188} INFO - [2024-06-05T02:34:31.985+0000] {dagbag.py:545} INFO - Filling up the DagBag from /home/ubuntu/endtoend_venv/lib/python3.12/site-packages/airflow/example_dags/example_bash_operator.py
[2024-06-05T02:34:31.998+0000] {processor.py:840} INFO - DAG(s) 'example_bash_operator' retrieved from /home/ubuntu/endtoend_venv/lib/python3.12/site-packages/airflow/example_dags/example_bash_operator.py
[2024-06-05T02:34:32.023+0000] {logging_mixin.py:188} INFO - [2024-06-05T02:34:32.023+0000] {dag.py:3096} INFO - Sync 1 DAGs
[2024-06-05T02:34:32.045+0000] {logging_mixin.py:188} INFO - [2024-06-05T02:34:32.045+0000] {dag.py:3954} INFO - Setting next_dagrun for example_bash_operator to 2024-06-04 00:00:00+00:00, run_after=2024-06-05 00:00:00+00:00
[2024-06-05T02:34:32.069+0000] {processor.py:183} INFO - Processing /home/ubuntu/endtoend_venv/lib/python3.12/site-packages/airflow/example_dags/example_bash_operator.py took 0.094 seconds
