[2024-06-05T02:18:24.882+0000] {processor.py:161} INFO - Started process (PID=14922) to work on /home/ubuntu/endtoend_venv/lib/python3.12/site-packages/airflow/example_dags/example_sla_dag.py
[2024-06-05T02:18:24.883+0000] {processor.py:830} INFO - Processing file /home/ubuntu/endtoend_venv/lib/python3.12/site-packages/airflow/example_dags/example_sla_dag.py for tasks to queue
[2024-06-05T02:18:24.885+0000] {logging_mixin.py:188} INFO - [2024-06-05T02:18:24.884+0000] {dagbag.py:545} INFO - Filling up the DagBag from /home/ubuntu/endtoend_venv/lib/python3.12/site-packages/airflow/example_dags/example_sla_dag.py
[2024-06-05T02:18:24.893+0000] {processor.py:840} INFO - DAG(s) 'example_sla_dag' retrieved from /home/ubuntu/endtoend_venv/lib/python3.12/site-packages/airflow/example_dags/example_sla_dag.py
[2024-06-05T02:18:25.011+0000] {logging_mixin.py:188} INFO - [2024-06-05T02:18:25.010+0000] {override.py:1829} INFO - Created Permission View: can read on DAG:example_sla_dag
[2024-06-05T02:18:25.025+0000] {logging_mixin.py:188} INFO - [2024-06-05T02:18:25.025+0000] {override.py:1829} INFO - Created Permission View: can delete on DAG:example_sla_dag
[2024-06-05T02:18:25.034+0000] {logging_mixin.py:188} INFO - [2024-06-05T02:18:25.034+0000] {override.py:1829} INFO - Created Permission View: can edit on DAG:example_sla_dag
[2024-06-05T02:18:25.035+0000] {logging_mixin.py:188} INFO - [2024-06-05T02:18:25.035+0000] {dag.py:3096} INFO - Sync 1 DAGs
[2024-06-05T02:18:25.046+0000] {logging_mixin.py:188} INFO - [2024-06-05T02:18:25.046+0000] {dag.py:3118} INFO - Creating ORM DAG for example_sla_dag
[2024-06-05T02:18:25.057+0000] {logging_mixin.py:188} INFO - [2024-06-05T02:18:25.057+0000] {dag.py:3954} INFO - Setting next_dagrun for example_sla_dag to 2024-06-05 02:16:00+00:00, run_after=2024-06-05 02:18:00+00:00
[2024-06-05T02:18:25.076+0000] {processor.py:183} INFO - Processing /home/ubuntu/endtoend_venv/lib/python3.12/site-packages/airflow/example_dags/example_sla_dag.py took 0.200 seconds
[2024-06-05T02:19:19.783+0000] {processor.py:161} INFO - Started process (PID=14973) to work on /home/ubuntu/endtoend_venv/lib/python3.12/site-packages/airflow/example_dags/example_sla_dag.py
[2024-06-05T02:19:19.785+0000] {processor.py:830} INFO - Processing file /home/ubuntu/endtoend_venv/lib/python3.12/site-packages/airflow/example_dags/example_sla_dag.py for tasks to queue
[2024-06-05T02:19:19.787+0000] {logging_mixin.py:188} INFO - [2024-06-05T02:19:19.786+0000] {dagbag.py:545} INFO - Filling up the DagBag from /home/ubuntu/endtoend_venv/lib/python3.12/site-packages/airflow/example_dags/example_sla_dag.py
[2024-06-05T02:19:19.796+0000] {processor.py:840} INFO - DAG(s) 'example_sla_dag' retrieved from /home/ubuntu/endtoend_venv/lib/python3.12/site-packages/airflow/example_dags/example_sla_dag.py
[2024-06-05T02:19:19.811+0000] {logging_mixin.py:188} INFO - [2024-06-05T02:19:19.811+0000] {dag.py:3096} INFO - Sync 1 DAGs
[2024-06-05T02:19:19.835+0000] {logging_mixin.py:188} INFO - [2024-06-05T02:19:19.834+0000] {dag.py:3954} INFO - Setting next_dagrun for example_sla_dag to 2024-06-05 02:16:00+00:00, run_after=2024-06-05 02:18:00+00:00
[2024-06-05T02:19:19.857+0000] {processor.py:183} INFO - Processing /home/ubuntu/endtoend_venv/lib/python3.12/site-packages/airflow/example_dags/example_sla_dag.py took 0.079 seconds
[2024-06-05T02:20:10.134+0000] {processor.py:161} INFO - Started process (PID=15030) to work on /home/ubuntu/endtoend_venv/lib/python3.12/site-packages/airflow/example_dags/example_sla_dag.py
[2024-06-05T02:20:10.136+0000] {processor.py:830} INFO - Processing file /home/ubuntu/endtoend_venv/lib/python3.12/site-packages/airflow/example_dags/example_sla_dag.py for tasks to queue
[2024-06-05T02:20:10.137+0000] {logging_mixin.py:188} INFO - [2024-06-05T02:20:10.137+0000] {dagbag.py:545} INFO - Filling up the DagBag from /home/ubuntu/endtoend_venv/lib/python3.12/site-packages/airflow/example_dags/example_sla_dag.py
[2024-06-05T02:20:10.147+0000] {processor.py:840} INFO - DAG(s) 'example_sla_dag' retrieved from /home/ubuntu/endtoend_venv/lib/python3.12/site-packages/airflow/example_dags/example_sla_dag.py
[2024-06-05T02:20:10.162+0000] {logging_mixin.py:188} INFO - [2024-06-05T02:20:10.162+0000] {dag.py:3096} INFO - Sync 1 DAGs
[2024-06-05T02:20:10.185+0000] {logging_mixin.py:188} INFO - [2024-06-05T02:20:10.184+0000] {dag.py:3954} INFO - Setting next_dagrun for example_sla_dag to 2024-06-05 02:18:00+00:00, run_after=2024-06-05 02:20:00+00:00
[2024-06-05T02:20:10.207+0000] {processor.py:183} INFO - Processing /home/ubuntu/endtoend_venv/lib/python3.12/site-packages/airflow/example_dags/example_sla_dag.py took 0.078 seconds
[2024-06-05T02:20:55.377+0000] {processor.py:161} INFO - Started process (PID=15076) to work on /home/ubuntu/endtoend_venv/lib/python3.12/site-packages/airflow/example_dags/example_sla_dag.py
[2024-06-05T02:20:55.378+0000] {processor.py:830} INFO - Processing file /home/ubuntu/endtoend_venv/lib/python3.12/site-packages/airflow/example_dags/example_sla_dag.py for tasks to queue
[2024-06-05T02:20:55.380+0000] {logging_mixin.py:188} INFO - [2024-06-05T02:20:55.380+0000] {dagbag.py:545} INFO - Filling up the DagBag from /home/ubuntu/endtoend_venv/lib/python3.12/site-packages/airflow/example_dags/example_sla_dag.py
[2024-06-05T02:20:55.389+0000] {processor.py:840} INFO - DAG(s) 'example_sla_dag' retrieved from /home/ubuntu/endtoend_venv/lib/python3.12/site-packages/airflow/example_dags/example_sla_dag.py
[2024-06-05T02:20:55.406+0000] {logging_mixin.py:188} INFO - [2024-06-05T02:20:55.405+0000] {dag.py:3096} INFO - Sync 1 DAGs
[2024-06-05T02:20:55.428+0000] {logging_mixin.py:188} INFO - [2024-06-05T02:20:55.428+0000] {dag.py:3954} INFO - Setting next_dagrun for example_sla_dag to 2024-06-05 02:18:00+00:00, run_after=2024-06-05 02:20:00+00:00
[2024-06-05T02:20:55.451+0000] {processor.py:183} INFO - Processing /home/ubuntu/endtoend_venv/lib/python3.12/site-packages/airflow/example_dags/example_sla_dag.py took 0.080 seconds
[2024-06-05T02:21:35.936+0000] {processor.py:161} INFO - Started process (PID=15119) to work on /home/ubuntu/endtoend_venv/lib/python3.12/site-packages/airflow/example_dags/example_sla_dag.py
[2024-06-05T02:21:35.938+0000] {processor.py:830} INFO - Processing file /home/ubuntu/endtoend_venv/lib/python3.12/site-packages/airflow/example_dags/example_sla_dag.py for tasks to queue
[2024-06-05T02:21:35.940+0000] {logging_mixin.py:188} INFO - [2024-06-05T02:21:35.939+0000] {dagbag.py:545} INFO - Filling up the DagBag from /home/ubuntu/endtoend_venv/lib/python3.12/site-packages/airflow/example_dags/example_sla_dag.py
[2024-06-05T02:21:35.949+0000] {processor.py:840} INFO - DAG(s) 'example_sla_dag' retrieved from /home/ubuntu/endtoend_venv/lib/python3.12/site-packages/airflow/example_dags/example_sla_dag.py
[2024-06-05T02:21:35.964+0000] {logging_mixin.py:188} INFO - [2024-06-05T02:21:35.964+0000] {dag.py:3096} INFO - Sync 1 DAGs
[2024-06-05T02:21:35.986+0000] {logging_mixin.py:188} INFO - [2024-06-05T02:21:35.986+0000] {dag.py:3954} INFO - Setting next_dagrun for example_sla_dag to 2024-06-05 02:18:00+00:00, run_after=2024-06-05 02:20:00+00:00
[2024-06-05T02:21:36.008+0000] {processor.py:183} INFO - Processing /home/ubuntu/endtoend_venv/lib/python3.12/site-packages/airflow/example_dags/example_sla_dag.py took 0.077 seconds
[2024-06-05T02:22:30.821+0000] {processor.py:161} INFO - Started process (PID=15177) to work on /home/ubuntu/endtoend_venv/lib/python3.12/site-packages/airflow/example_dags/example_sla_dag.py
[2024-06-05T02:22:30.822+0000] {processor.py:830} INFO - Processing file /home/ubuntu/endtoend_venv/lib/python3.12/site-packages/airflow/example_dags/example_sla_dag.py for tasks to queue
[2024-06-05T02:22:30.824+0000] {logging_mixin.py:188} INFO - [2024-06-05T02:22:30.823+0000] {dagbag.py:545} INFO - Filling up the DagBag from /home/ubuntu/endtoend_venv/lib/python3.12/site-packages/airflow/example_dags/example_sla_dag.py
[2024-06-05T02:22:30.833+0000] {processor.py:840} INFO - DAG(s) 'example_sla_dag' retrieved from /home/ubuntu/endtoend_venv/lib/python3.12/site-packages/airflow/example_dags/example_sla_dag.py
[2024-06-05T02:22:30.849+0000] {logging_mixin.py:188} INFO - [2024-06-05T02:22:30.848+0000] {dag.py:3096} INFO - Sync 1 DAGs
[2024-06-05T02:22:30.871+0000] {logging_mixin.py:188} INFO - [2024-06-05T02:22:30.871+0000] {dag.py:3954} INFO - Setting next_dagrun for example_sla_dag to 2024-06-05 02:20:00+00:00, run_after=2024-06-05 02:22:00+00:00
[2024-06-05T02:22:30.894+0000] {processor.py:183} INFO - Processing /home/ubuntu/endtoend_venv/lib/python3.12/site-packages/airflow/example_dags/example_sla_dag.py took 0.079 seconds
[2024-06-05T02:23:10.478+0000] {processor.py:161} INFO - Started process (PID=15219) to work on /home/ubuntu/endtoend_venv/lib/python3.12/site-packages/airflow/example_dags/example_sla_dag.py
[2024-06-05T02:23:10.479+0000] {processor.py:830} INFO - Processing file /home/ubuntu/endtoend_venv/lib/python3.12/site-packages/airflow/example_dags/example_sla_dag.py for tasks to queue
[2024-06-05T02:23:10.481+0000] {logging_mixin.py:188} INFO - [2024-06-05T02:23:10.481+0000] {dagbag.py:545} INFO - Filling up the DagBag from /home/ubuntu/endtoend_venv/lib/python3.12/site-packages/airflow/example_dags/example_sla_dag.py
[2024-06-05T02:23:10.491+0000] {processor.py:840} INFO - DAG(s) 'example_sla_dag' retrieved from /home/ubuntu/endtoend_venv/lib/python3.12/site-packages/airflow/example_dags/example_sla_dag.py
[2024-06-05T02:23:10.506+0000] {logging_mixin.py:188} INFO - [2024-06-05T02:23:10.506+0000] {dag.py:3096} INFO - Sync 1 DAGs
[2024-06-05T02:23:10.529+0000] {logging_mixin.py:188} INFO - [2024-06-05T02:23:10.529+0000] {dag.py:3954} INFO - Setting next_dagrun for example_sla_dag to 2024-06-05 02:20:00+00:00, run_after=2024-06-05 02:22:00+00:00
[2024-06-05T02:23:10.551+0000] {processor.py:183} INFO - Processing /home/ubuntu/endtoend_venv/lib/python3.12/site-packages/airflow/example_dags/example_sla_dag.py took 0.079 seconds
[2024-06-05T02:25:33.477+0000] {processor.py:161} INFO - Started process (PID=15339) to work on /home/ubuntu/endtoend_venv/lib/python3.12/site-packages/airflow/example_dags/example_sla_dag.py
[2024-06-05T02:25:33.478+0000] {processor.py:830} INFO - Processing file /home/ubuntu/endtoend_venv/lib/python3.12/site-packages/airflow/example_dags/example_sla_dag.py for tasks to queue
[2024-06-05T02:25:33.480+0000] {logging_mixin.py:188} INFO - [2024-06-05T02:25:33.479+0000] {dagbag.py:545} INFO - Filling up the DagBag from /home/ubuntu/endtoend_venv/lib/python3.12/site-packages/airflow/example_dags/example_sla_dag.py
[2024-06-05T02:25:33.491+0000] {processor.py:840} INFO - DAG(s) 'example_sla_dag' retrieved from /home/ubuntu/endtoend_venv/lib/python3.12/site-packages/airflow/example_dags/example_sla_dag.py
[2024-06-05T02:25:33.499+0000] {logging_mixin.py:188} INFO - [2024-06-05T02:25:33.499+0000] {dag.py:3096} INFO - Sync 1 DAGs
[2024-06-05T02:25:33.522+0000] {logging_mixin.py:188} INFO - [2024-06-05T02:25:33.522+0000] {dag.py:3954} INFO - Setting next_dagrun for example_sla_dag to 2024-06-05 02:22:00+00:00, run_after=2024-06-05 02:24:00+00:00
[2024-06-05T02:25:33.544+0000] {processor.py:183} INFO - Processing /home/ubuntu/endtoend_venv/lib/python3.12/site-packages/airflow/example_dags/example_sla_dag.py took 0.073 seconds
[2024-06-05T02:26:25.665+0000] {processor.py:161} INFO - Started process (PID=15391) to work on /home/ubuntu/endtoend_venv/lib/python3.12/site-packages/airflow/example_dags/example_sla_dag.py
[2024-06-05T02:26:25.666+0000] {processor.py:830} INFO - Processing file /home/ubuntu/endtoend_venv/lib/python3.12/site-packages/airflow/example_dags/example_sla_dag.py for tasks to queue
[2024-06-05T02:26:25.668+0000] {logging_mixin.py:188} INFO - [2024-06-05T02:26:25.667+0000] {dagbag.py:545} INFO - Filling up the DagBag from /home/ubuntu/endtoend_venv/lib/python3.12/site-packages/airflow/example_dags/example_sla_dag.py
[2024-06-05T02:26:25.677+0000] {processor.py:840} INFO - DAG(s) 'example_sla_dag' retrieved from /home/ubuntu/endtoend_venv/lib/python3.12/site-packages/airflow/example_dags/example_sla_dag.py
[2024-06-05T02:26:25.780+0000] {logging_mixin.py:188} INFO - [2024-06-05T02:26:25.779+0000] {dag.py:3096} INFO - Sync 1 DAGs
[2024-06-05T02:26:25.799+0000] {logging_mixin.py:188} INFO - [2024-06-05T02:26:25.798+0000] {dag.py:3954} INFO - Setting next_dagrun for example_sla_dag to 2024-06-05 02:24:00+00:00, run_after=2024-06-05 02:26:00+00:00
[2024-06-05T02:26:25.822+0000] {processor.py:183} INFO - Processing /home/ubuntu/endtoend_venv/lib/python3.12/site-packages/airflow/example_dags/example_sla_dag.py took 0.163 seconds
[2024-06-05T02:27:15.993+0000] {processor.py:161} INFO - Started process (PID=15442) to work on /home/ubuntu/endtoend_venv/lib/python3.12/site-packages/airflow/example_dags/example_sla_dag.py
[2024-06-05T02:27:15.994+0000] {processor.py:830} INFO - Processing file /home/ubuntu/endtoend_venv/lib/python3.12/site-packages/airflow/example_dags/example_sla_dag.py for tasks to queue
[2024-06-05T02:27:15.996+0000] {logging_mixin.py:188} INFO - [2024-06-05T02:27:15.995+0000] {dagbag.py:545} INFO - Filling up the DagBag from /home/ubuntu/endtoend_venv/lib/python3.12/site-packages/airflow/example_dags/example_sla_dag.py
[2024-06-05T02:27:16.005+0000] {processor.py:840} INFO - DAG(s) 'example_sla_dag' retrieved from /home/ubuntu/endtoend_venv/lib/python3.12/site-packages/airflow/example_dags/example_sla_dag.py
[2024-06-05T02:27:16.021+0000] {logging_mixin.py:188} INFO - [2024-06-05T02:27:16.020+0000] {dag.py:3096} INFO - Sync 1 DAGs
[2024-06-05T02:27:16.043+0000] {logging_mixin.py:188} INFO - [2024-06-05T02:27:16.042+0000] {dag.py:3954} INFO - Setting next_dagrun for example_sla_dag to 2024-06-05 02:24:00+00:00, run_after=2024-06-05 02:26:00+00:00
[2024-06-05T02:27:16.065+0000] {processor.py:183} INFO - Processing /home/ubuntu/endtoend_venv/lib/python3.12/site-packages/airflow/example_dags/example_sla_dag.py took 0.079 seconds
[2024-06-05T02:28:01.404+0000] {processor.py:161} INFO - Started process (PID=15488) to work on /home/ubuntu/endtoend_venv/lib/python3.12/site-packages/airflow/example_dags/example_sla_dag.py
[2024-06-05T02:28:01.406+0000] {processor.py:830} INFO - Processing file /home/ubuntu/endtoend_venv/lib/python3.12/site-packages/airflow/example_dags/example_sla_dag.py for tasks to queue
[2024-06-05T02:28:01.407+0000] {logging_mixin.py:188} INFO - [2024-06-05T02:28:01.407+0000] {dagbag.py:545} INFO - Filling up the DagBag from /home/ubuntu/endtoend_venv/lib/python3.12/site-packages/airflow/example_dags/example_sla_dag.py
[2024-06-05T02:28:01.417+0000] {processor.py:840} INFO - DAG(s) 'example_sla_dag' retrieved from /home/ubuntu/endtoend_venv/lib/python3.12/site-packages/airflow/example_dags/example_sla_dag.py
[2024-06-05T02:28:01.433+0000] {logging_mixin.py:188} INFO - [2024-06-05T02:28:01.433+0000] {dag.py:3096} INFO - Sync 1 DAGs
[2024-06-05T02:28:01.456+0000] {logging_mixin.py:188} INFO - [2024-06-05T02:28:01.455+0000] {dag.py:3954} INFO - Setting next_dagrun for example_sla_dag to 2024-06-05 02:26:00+00:00, run_after=2024-06-05 02:28:00+00:00
[2024-06-05T02:28:01.478+0000] {processor.py:183} INFO - Processing /home/ubuntu/endtoend_venv/lib/python3.12/site-packages/airflow/example_dags/example_sla_dag.py took 0.080 seconds
[2024-06-05T02:28:44.717+0000] {processor.py:161} INFO - Started process (PID=15533) to work on /home/ubuntu/endtoend_venv/lib/python3.12/site-packages/airflow/example_dags/example_sla_dag.py
[2024-06-05T02:28:44.719+0000] {processor.py:830} INFO - Processing file /home/ubuntu/endtoend_venv/lib/python3.12/site-packages/airflow/example_dags/example_sla_dag.py for tasks to queue
[2024-06-05T02:28:44.721+0000] {logging_mixin.py:188} INFO - [2024-06-05T02:28:44.720+0000] {dagbag.py:545} INFO - Filling up the DagBag from /home/ubuntu/endtoend_venv/lib/python3.12/site-packages/airflow/example_dags/example_sla_dag.py
[2024-06-05T02:28:44.730+0000] {processor.py:840} INFO - DAG(s) 'example_sla_dag' retrieved from /home/ubuntu/endtoend_venv/lib/python3.12/site-packages/airflow/example_dags/example_sla_dag.py
[2024-06-05T02:28:44.745+0000] {logging_mixin.py:188} INFO - [2024-06-05T02:28:44.745+0000] {dag.py:3096} INFO - Sync 1 DAGs
[2024-06-05T02:28:44.768+0000] {logging_mixin.py:188} INFO - [2024-06-05T02:28:44.767+0000] {dag.py:3954} INFO - Setting next_dagrun for example_sla_dag to 2024-06-05 02:26:00+00:00, run_after=2024-06-05 02:28:00+00:00
[2024-06-05T02:28:44.790+0000] {processor.py:183} INFO - Processing /home/ubuntu/endtoend_venv/lib/python3.12/site-packages/airflow/example_dags/example_sla_dag.py took 0.078 seconds
[2024-06-05T02:29:25.842+0000] {processor.py:161} INFO - Started process (PID=15580) to work on /home/ubuntu/endtoend_venv/lib/python3.12/site-packages/airflow/example_dags/example_sla_dag.py
[2024-06-05T02:29:25.844+0000] {processor.py:830} INFO - Processing file /home/ubuntu/endtoend_venv/lib/python3.12/site-packages/airflow/example_dags/example_sla_dag.py for tasks to queue
[2024-06-05T02:29:25.845+0000] {logging_mixin.py:188} INFO - [2024-06-05T02:29:25.845+0000] {dagbag.py:545} INFO - Filling up the DagBag from /home/ubuntu/endtoend_venv/lib/python3.12/site-packages/airflow/example_dags/example_sla_dag.py
[2024-06-05T02:29:25.855+0000] {processor.py:840} INFO - DAG(s) 'example_sla_dag' retrieved from /home/ubuntu/endtoend_venv/lib/python3.12/site-packages/airflow/example_dags/example_sla_dag.py
[2024-06-05T02:29:25.870+0000] {logging_mixin.py:188} INFO - [2024-06-05T02:29:25.870+0000] {dag.py:3096} INFO - Sync 1 DAGs
[2024-06-05T02:29:25.892+0000] {logging_mixin.py:188} INFO - [2024-06-05T02:29:25.892+0000] {dag.py:3954} INFO - Setting next_dagrun for example_sla_dag to 2024-06-05 02:26:00+00:00, run_after=2024-06-05 02:28:00+00:00
[2024-06-05T02:29:25.913+0000] {processor.py:183} INFO - Processing /home/ubuntu/endtoend_venv/lib/python3.12/site-packages/airflow/example_dags/example_sla_dag.py took 0.077 seconds
[2024-06-05T02:30:08.215+0000] {processor.py:161} INFO - Started process (PID=15626) to work on /home/ubuntu/endtoend_venv/lib/python3.12/site-packages/airflow/example_dags/example_sla_dag.py
[2024-06-05T02:30:08.216+0000] {processor.py:830} INFO - Processing file /home/ubuntu/endtoend_venv/lib/python3.12/site-packages/airflow/example_dags/example_sla_dag.py for tasks to queue
[2024-06-05T02:30:08.218+0000] {logging_mixin.py:188} INFO - [2024-06-05T02:30:08.218+0000] {dagbag.py:545} INFO - Filling up the DagBag from /home/ubuntu/endtoend_venv/lib/python3.12/site-packages/airflow/example_dags/example_sla_dag.py
[2024-06-05T02:30:08.227+0000] {processor.py:840} INFO - DAG(s) 'example_sla_dag' retrieved from /home/ubuntu/endtoend_venv/lib/python3.12/site-packages/airflow/example_dags/example_sla_dag.py
[2024-06-05T02:30:08.243+0000] {logging_mixin.py:188} INFO - [2024-06-05T02:30:08.243+0000] {dag.py:3096} INFO - Sync 1 DAGs
[2024-06-05T02:30:08.266+0000] {logging_mixin.py:188} INFO - [2024-06-05T02:30:08.266+0000] {dag.py:3954} INFO - Setting next_dagrun for example_sla_dag to 2024-06-05 02:28:00+00:00, run_after=2024-06-05 02:30:00+00:00
[2024-06-05T02:30:08.290+0000] {processor.py:183} INFO - Processing /home/ubuntu/endtoend_venv/lib/python3.12/site-packages/airflow/example_dags/example_sla_dag.py took 0.082 seconds
[2024-06-05T02:30:49.656+0000] {processor.py:161} INFO - Started process (PID=15669) to work on /home/ubuntu/endtoend_venv/lib/python3.12/site-packages/airflow/example_dags/example_sla_dag.py
[2024-06-05T02:30:49.657+0000] {processor.py:830} INFO - Processing file /home/ubuntu/endtoend_venv/lib/python3.12/site-packages/airflow/example_dags/example_sla_dag.py for tasks to queue
[2024-06-05T02:30:49.659+0000] {logging_mixin.py:188} INFO - [2024-06-05T02:30:49.659+0000] {dagbag.py:545} INFO - Filling up the DagBag from /home/ubuntu/endtoend_venv/lib/python3.12/site-packages/airflow/example_dags/example_sla_dag.py
[2024-06-05T02:30:49.668+0000] {processor.py:840} INFO - DAG(s) 'example_sla_dag' retrieved from /home/ubuntu/endtoend_venv/lib/python3.12/site-packages/airflow/example_dags/example_sla_dag.py
[2024-06-05T02:30:49.684+0000] {logging_mixin.py:188} INFO - [2024-06-05T02:30:49.684+0000] {dag.py:3096} INFO - Sync 1 DAGs
[2024-06-05T02:30:49.707+0000] {logging_mixin.py:188} INFO - [2024-06-05T02:30:49.706+0000] {dag.py:3954} INFO - Setting next_dagrun for example_sla_dag to 2024-06-05 02:28:00+00:00, run_after=2024-06-05 02:30:00+00:00
[2024-06-05T02:30:49.730+0000] {processor.py:183} INFO - Processing /home/ubuntu/endtoend_venv/lib/python3.12/site-packages/airflow/example_dags/example_sla_dag.py took 0.081 seconds
[2024-06-05T02:31:32.235+0000] {processor.py:161} INFO - Started process (PID=15712) to work on /home/ubuntu/endtoend_venv/lib/python3.12/site-packages/airflow/example_dags/example_sla_dag.py
[2024-06-05T02:31:32.237+0000] {processor.py:830} INFO - Processing file /home/ubuntu/endtoend_venv/lib/python3.12/site-packages/airflow/example_dags/example_sla_dag.py for tasks to queue
[2024-06-05T02:31:32.238+0000] {logging_mixin.py:188} INFO - [2024-06-05T02:31:32.238+0000] {dagbag.py:545} INFO - Filling up the DagBag from /home/ubuntu/endtoend_venv/lib/python3.12/site-packages/airflow/example_dags/example_sla_dag.py
[2024-06-05T02:31:32.247+0000] {processor.py:840} INFO - DAG(s) 'example_sla_dag' retrieved from /home/ubuntu/endtoend_venv/lib/python3.12/site-packages/airflow/example_dags/example_sla_dag.py
[2024-06-05T02:31:32.263+0000] {logging_mixin.py:188} INFO - [2024-06-05T02:31:32.263+0000] {dag.py:3096} INFO - Sync 1 DAGs
[2024-06-05T02:31:32.285+0000] {logging_mixin.py:188} INFO - [2024-06-05T02:31:32.285+0000] {dag.py:3954} INFO - Setting next_dagrun for example_sla_dag to 2024-06-05 02:28:00+00:00, run_after=2024-06-05 02:30:00+00:00
[2024-06-05T02:31:32.308+0000] {processor.py:183} INFO - Processing /home/ubuntu/endtoend_venv/lib/python3.12/site-packages/airflow/example_dags/example_sla_dag.py took 0.078 seconds
[2024-06-05T02:32:16.938+0000] {processor.py:161} INFO - Started process (PID=15757) to work on /home/ubuntu/endtoend_venv/lib/python3.12/site-packages/airflow/example_dags/example_sla_dag.py
[2024-06-05T02:32:16.940+0000] {processor.py:830} INFO - Processing file /home/ubuntu/endtoend_venv/lib/python3.12/site-packages/airflow/example_dags/example_sla_dag.py for tasks to queue
[2024-06-05T02:32:16.941+0000] {logging_mixin.py:188} INFO - [2024-06-05T02:32:16.941+0000] {dagbag.py:545} INFO - Filling up the DagBag from /home/ubuntu/endtoend_venv/lib/python3.12/site-packages/airflow/example_dags/example_sla_dag.py
[2024-06-05T02:32:16.951+0000] {processor.py:840} INFO - DAG(s) 'example_sla_dag' retrieved from /home/ubuntu/endtoend_venv/lib/python3.12/site-packages/airflow/example_dags/example_sla_dag.py
[2024-06-05T02:32:16.966+0000] {logging_mixin.py:188} INFO - [2024-06-05T02:32:16.966+0000] {dag.py:3096} INFO - Sync 1 DAGs
[2024-06-05T02:32:16.988+0000] {logging_mixin.py:188} INFO - [2024-06-05T02:32:16.988+0000] {dag.py:3954} INFO - Setting next_dagrun for example_sla_dag to 2024-06-05 02:30:00+00:00, run_after=2024-06-05 02:32:00+00:00
[2024-06-05T02:32:17.013+0000] {processor.py:183} INFO - Processing /home/ubuntu/endtoend_venv/lib/python3.12/site-packages/airflow/example_dags/example_sla_dag.py took 0.081 seconds
[2024-06-05T02:32:57.996+0000] {processor.py:161} INFO - Started process (PID=15799) to work on /home/ubuntu/endtoend_venv/lib/python3.12/site-packages/airflow/example_dags/example_sla_dag.py
[2024-06-05T02:32:57.998+0000] {processor.py:830} INFO - Processing file /home/ubuntu/endtoend_venv/lib/python3.12/site-packages/airflow/example_dags/example_sla_dag.py for tasks to queue
[2024-06-05T02:32:58.000+0000] {logging_mixin.py:188} INFO - [2024-06-05T02:32:57.999+0000] {dagbag.py:545} INFO - Filling up the DagBag from /home/ubuntu/endtoend_venv/lib/python3.12/site-packages/airflow/example_dags/example_sla_dag.py
[2024-06-05T02:32:58.009+0000] {processor.py:840} INFO - DAG(s) 'example_sla_dag' retrieved from /home/ubuntu/endtoend_venv/lib/python3.12/site-packages/airflow/example_dags/example_sla_dag.py
[2024-06-05T02:32:58.025+0000] {logging_mixin.py:188} INFO - [2024-06-05T02:32:58.025+0000] {dag.py:3096} INFO - Sync 1 DAGs
[2024-06-05T02:32:58.047+0000] {logging_mixin.py:188} INFO - [2024-06-05T02:32:58.047+0000] {dag.py:3954} INFO - Setting next_dagrun for example_sla_dag to 2024-06-05 02:30:00+00:00, run_after=2024-06-05 02:32:00+00:00
[2024-06-05T02:32:58.069+0000] {processor.py:183} INFO - Processing /home/ubuntu/endtoend_venv/lib/python3.12/site-packages/airflow/example_dags/example_sla_dag.py took 0.079 seconds
[2024-06-05T02:33:40.498+0000] {processor.py:161} INFO - Started process (PID=15841) to work on /home/ubuntu/endtoend_venv/lib/python3.12/site-packages/airflow/example_dags/example_sla_dag.py
[2024-06-05T02:33:40.500+0000] {processor.py:830} INFO - Processing file /home/ubuntu/endtoend_venv/lib/python3.12/site-packages/airflow/example_dags/example_sla_dag.py for tasks to queue
[2024-06-05T02:33:40.501+0000] {logging_mixin.py:188} INFO - [2024-06-05T02:33:40.501+0000] {dagbag.py:545} INFO - Filling up the DagBag from /home/ubuntu/endtoend_venv/lib/python3.12/site-packages/airflow/example_dags/example_sla_dag.py
[2024-06-05T02:33:40.511+0000] {processor.py:840} INFO - DAG(s) 'example_sla_dag' retrieved from /home/ubuntu/endtoend_venv/lib/python3.12/site-packages/airflow/example_dags/example_sla_dag.py
[2024-06-05T02:33:40.527+0000] {logging_mixin.py:188} INFO - [2024-06-05T02:33:40.526+0000] {dag.py:3096} INFO - Sync 1 DAGs
[2024-06-05T02:33:40.550+0000] {logging_mixin.py:188} INFO - [2024-06-05T02:33:40.549+0000] {dag.py:3954} INFO - Setting next_dagrun for example_sla_dag to 2024-06-05 02:30:00+00:00, run_after=2024-06-05 02:32:00+00:00
[2024-06-05T02:33:40.572+0000] {processor.py:183} INFO - Processing /home/ubuntu/endtoend_venv/lib/python3.12/site-packages/airflow/example_dags/example_sla_dag.py took 0.080 seconds
[2024-06-05T02:34:21.366+0000] {processor.py:161} INFO - Started process (PID=15885) to work on /home/ubuntu/endtoend_venv/lib/python3.12/site-packages/airflow/example_dags/example_sla_dag.py
[2024-06-05T02:34:21.368+0000] {processor.py:830} INFO - Processing file /home/ubuntu/endtoend_venv/lib/python3.12/site-packages/airflow/example_dags/example_sla_dag.py for tasks to queue
[2024-06-05T02:34:21.370+0000] {logging_mixin.py:188} INFO - [2024-06-05T02:34:21.369+0000] {dagbag.py:545} INFO - Filling up the DagBag from /home/ubuntu/endtoend_venv/lib/python3.12/site-packages/airflow/example_dags/example_sla_dag.py
[2024-06-05T02:34:21.379+0000] {processor.py:840} INFO - DAG(s) 'example_sla_dag' retrieved from /home/ubuntu/endtoend_venv/lib/python3.12/site-packages/airflow/example_dags/example_sla_dag.py
[2024-06-05T02:34:21.395+0000] {logging_mixin.py:188} INFO - [2024-06-05T02:34:21.395+0000] {dag.py:3096} INFO - Sync 1 DAGs
[2024-06-05T02:34:21.417+0000] {logging_mixin.py:188} INFO - [2024-06-05T02:34:21.417+0000] {dag.py:3954} INFO - Setting next_dagrun for example_sla_dag to 2024-06-05 02:32:00+00:00, run_after=2024-06-05 02:34:00+00:00
[2024-06-05T02:34:21.441+0000] {processor.py:183} INFO - Processing /home/ubuntu/endtoend_venv/lib/python3.12/site-packages/airflow/example_dags/example_sla_dag.py took 0.080 seconds
