[2024-06-05T02:18:56.695+0000] {processor.py:161} INFO - Started process (PID=14950) to work on /home/ubuntu/endtoend_venv/lib/python3.12/site-packages/airflow/example_dags/example_branch_datetime_operator.py
[2024-06-05T02:18:56.695+0000] {processor.py:830} INFO - Processing file /home/ubuntu/endtoend_venv/lib/python3.12/site-packages/airflow/example_dags/example_branch_datetime_operator.py for tasks to queue
[2024-06-05T02:18:56.697+0000] {logging_mixin.py:188} INFO - [2024-06-05T02:18:56.697+0000] {dagbag.py:545} INFO - Filling up the DagBag from /home/ubuntu/endtoend_venv/lib/python3.12/site-packages/airflow/example_dags/example_branch_datetime_operator.py
[2024-06-05T02:18:56.708+0000] {processor.py:840} INFO - DAG(s) 'example_branch_datetime_operator_2', 'example_branch_datetime_operator', 'example_branch_datetime_operator_3' retrieved from /home/ubuntu/endtoend_venv/lib/python3.12/site-packages/airflow/example_dags/example_branch_datetime_operator.py
[2024-06-05T02:18:56.826+0000] {logging_mixin.py:188} INFO - [2024-06-05T02:18:56.825+0000] {override.py:1829} INFO - Created Permission View: can read on DAG:example_branch_datetime_operator_2
[2024-06-05T02:18:56.839+0000] {logging_mixin.py:188} INFO - [2024-06-05T02:18:56.838+0000] {override.py:1829} INFO - Created Permission View: can delete on DAG:example_branch_datetime_operator_2
[2024-06-05T02:18:56.848+0000] {logging_mixin.py:188} INFO - [2024-06-05T02:18:56.848+0000] {override.py:1829} INFO - Created Permission View: can edit on DAG:example_branch_datetime_operator_2
[2024-06-05T02:18:56.869+0000] {logging_mixin.py:188} INFO - [2024-06-05T02:18:56.868+0000] {override.py:1829} INFO - Created Permission View: can read on DAG:example_branch_datetime_operator
[2024-06-05T02:18:56.878+0000] {logging_mixin.py:188} INFO - [2024-06-05T02:18:56.877+0000] {override.py:1829} INFO - Created Permission View: can delete on DAG:example_branch_datetime_operator
[2024-06-05T02:18:56.888+0000] {logging_mixin.py:188} INFO - [2024-06-05T02:18:56.887+0000] {override.py:1829} INFO - Created Permission View: can edit on DAG:example_branch_datetime_operator
[2024-06-05T02:18:56.908+0000] {logging_mixin.py:188} INFO - [2024-06-05T02:18:56.907+0000] {override.py:1829} INFO - Created Permission View: can read on DAG:example_branch_datetime_operator_3
[2024-06-05T02:18:56.917+0000] {logging_mixin.py:188} INFO - [2024-06-05T02:18:56.916+0000] {override.py:1829} INFO - Created Permission View: can delete on DAG:example_branch_datetime_operator_3
[2024-06-05T02:18:56.926+0000] {logging_mixin.py:188} INFO - [2024-06-05T02:18:56.925+0000] {override.py:1829} INFO - Created Permission View: can edit on DAG:example_branch_datetime_operator_3
[2024-06-05T02:18:56.926+0000] {logging_mixin.py:188} INFO - [2024-06-05T02:18:56.926+0000] {dag.py:3096} INFO - Sync 3 DAGs
[2024-06-05T02:18:56.937+0000] {logging_mixin.py:188} INFO - [2024-06-05T02:18:56.936+0000] {dag.py:3118} INFO - Creating ORM DAG for example_branch_datetime_operator_2
[2024-06-05T02:18:56.937+0000] {logging_mixin.py:188} INFO - [2024-06-05T02:18:56.937+0000] {dag.py:3118} INFO - Creating ORM DAG for example_branch_datetime_operator_3
[2024-06-05T02:18:56.938+0000] {logging_mixin.py:188} INFO - [2024-06-05T02:18:56.938+0000] {dag.py:3118} INFO - Creating ORM DAG for example_branch_datetime_operator
[2024-06-05T02:18:56.949+0000] {logging_mixin.py:188} INFO - [2024-06-05T02:18:56.949+0000] {dag.py:3954} INFO - Setting next_dagrun for example_branch_datetime_operator to 2024-06-04 00:00:00+00:00, run_after=2024-06-05 00:00:00+00:00
[2024-06-05T02:18:56.951+0000] {logging_mixin.py:188} INFO - [2024-06-05T02:18:56.951+0000] {dag.py:3954} INFO - Setting next_dagrun for example_branch_datetime_operator_2 to 2024-06-04 00:00:00+00:00, run_after=2024-06-05 00:00:00+00:00
[2024-06-05T02:18:56.953+0000] {logging_mixin.py:188} INFO - [2024-06-05T02:18:56.953+0000] {dag.py:3954} INFO - Setting next_dagrun for example_branch_datetime_operator_3 to 2024-06-04 00:00:00+00:00, run_after=2024-06-05 00:00:00+00:00
[2024-06-05T02:18:56.989+0000] {processor.py:183} INFO - Processing /home/ubuntu/endtoend_venv/lib/python3.12/site-packages/airflow/example_dags/example_branch_datetime_operator.py took 0.300 seconds
[2024-06-05T02:20:04.180+0000] {processor.py:161} INFO - Started process (PID=15020) to work on /home/ubuntu/endtoend_venv/lib/python3.12/site-packages/airflow/example_dags/example_branch_datetime_operator.py
[2024-06-05T02:20:04.182+0000] {processor.py:830} INFO - Processing file /home/ubuntu/endtoend_venv/lib/python3.12/site-packages/airflow/example_dags/example_branch_datetime_operator.py for tasks to queue
[2024-06-05T02:20:04.184+0000] {logging_mixin.py:188} INFO - [2024-06-05T02:20:04.183+0000] {dagbag.py:545} INFO - Filling up the DagBag from /home/ubuntu/endtoend_venv/lib/python3.12/site-packages/airflow/example_dags/example_branch_datetime_operator.py
[2024-06-05T02:20:04.195+0000] {processor.py:840} INFO - DAG(s) 'example_branch_datetime_operator_2', 'example_branch_datetime_operator_3', 'example_branch_datetime_operator' retrieved from /home/ubuntu/endtoend_venv/lib/python3.12/site-packages/airflow/example_dags/example_branch_datetime_operator.py
[2024-06-05T02:20:04.218+0000] {logging_mixin.py:188} INFO - [2024-06-05T02:20:04.217+0000] {dag.py:3096} INFO - Sync 3 DAGs
[2024-06-05T02:20:04.240+0000] {logging_mixin.py:188} INFO - [2024-06-05T02:20:04.240+0000] {dag.py:3954} INFO - Setting next_dagrun for example_branch_datetime_operator to 2024-06-04 00:00:00+00:00, run_after=2024-06-05 00:00:00+00:00
[2024-06-05T02:20:04.245+0000] {logging_mixin.py:188} INFO - [2024-06-05T02:20:04.245+0000] {dag.py:3954} INFO - Setting next_dagrun for example_branch_datetime_operator_2 to 2024-06-04 00:00:00+00:00, run_after=2024-06-05 00:00:00+00:00
[2024-06-05T02:20:04.248+0000] {logging_mixin.py:188} INFO - [2024-06-05T02:20:04.247+0000] {dag.py:3954} INFO - Setting next_dagrun for example_branch_datetime_operator_3 to 2024-06-04 00:00:00+00:00, run_after=2024-06-05 00:00:00+00:00
[2024-06-05T02:20:04.269+0000] {processor.py:183} INFO - Processing /home/ubuntu/endtoend_venv/lib/python3.12/site-packages/airflow/example_dags/example_branch_datetime_operator.py took 0.095 seconds
[2024-06-05T02:21:05.469+0000] {processor.py:161} INFO - Started process (PID=15087) to work on /home/ubuntu/endtoend_venv/lib/python3.12/site-packages/airflow/example_dags/example_branch_datetime_operator.py
[2024-06-05T02:21:05.470+0000] {processor.py:830} INFO - Processing file /home/ubuntu/endtoend_venv/lib/python3.12/site-packages/airflow/example_dags/example_branch_datetime_operator.py for tasks to queue
[2024-06-05T02:21:05.472+0000] {logging_mixin.py:188} INFO - [2024-06-05T02:21:05.471+0000] {dagbag.py:545} INFO - Filling up the DagBag from /home/ubuntu/endtoend_venv/lib/python3.12/site-packages/airflow/example_dags/example_branch_datetime_operator.py
[2024-06-05T02:21:05.482+0000] {processor.py:840} INFO - DAG(s) 'example_branch_datetime_operator_2', 'example_branch_datetime_operator_3', 'example_branch_datetime_operator' retrieved from /home/ubuntu/endtoend_venv/lib/python3.12/site-packages/airflow/example_dags/example_branch_datetime_operator.py
[2024-06-05T02:21:05.504+0000] {logging_mixin.py:188} INFO - [2024-06-05T02:21:05.504+0000] {dag.py:3096} INFO - Sync 3 DAGs
[2024-06-05T02:21:05.526+0000] {logging_mixin.py:188} INFO - [2024-06-05T02:21:05.526+0000] {dag.py:3954} INFO - Setting next_dagrun for example_branch_datetime_operator to 2024-06-04 00:00:00+00:00, run_after=2024-06-05 00:00:00+00:00
[2024-06-05T02:21:05.531+0000] {logging_mixin.py:188} INFO - [2024-06-05T02:21:05.530+0000] {dag.py:3954} INFO - Setting next_dagrun for example_branch_datetime_operator_2 to 2024-06-04 00:00:00+00:00, run_after=2024-06-05 00:00:00+00:00
[2024-06-05T02:21:05.533+0000] {logging_mixin.py:188} INFO - [2024-06-05T02:21:05.533+0000] {dag.py:3954} INFO - Setting next_dagrun for example_branch_datetime_operator_3 to 2024-06-04 00:00:00+00:00, run_after=2024-06-05 00:00:00+00:00
[2024-06-05T02:21:05.554+0000] {processor.py:183} INFO - Processing /home/ubuntu/endtoend_venv/lib/python3.12/site-packages/airflow/example_dags/example_branch_datetime_operator.py took 0.091 seconds
[2024-06-05T02:22:01.542+0000] {processor.py:161} INFO - Started process (PID=15146) to work on /home/ubuntu/endtoend_venv/lib/python3.12/site-packages/airflow/example_dags/example_branch_datetime_operator.py
[2024-06-05T02:22:01.543+0000] {processor.py:830} INFO - Processing file /home/ubuntu/endtoend_venv/lib/python3.12/site-packages/airflow/example_dags/example_branch_datetime_operator.py for tasks to queue
[2024-06-05T02:22:01.545+0000] {logging_mixin.py:188} INFO - [2024-06-05T02:22:01.544+0000] {dagbag.py:545} INFO - Filling up the DagBag from /home/ubuntu/endtoend_venv/lib/python3.12/site-packages/airflow/example_dags/example_branch_datetime_operator.py
[2024-06-05T02:22:01.556+0000] {processor.py:840} INFO - DAG(s) 'example_branch_datetime_operator', 'example_branch_datetime_operator_3', 'example_branch_datetime_operator_2' retrieved from /home/ubuntu/endtoend_venv/lib/python3.12/site-packages/airflow/example_dags/example_branch_datetime_operator.py
[2024-06-05T02:22:01.578+0000] {logging_mixin.py:188} INFO - [2024-06-05T02:22:01.578+0000] {dag.py:3096} INFO - Sync 3 DAGs
[2024-06-05T02:22:01.601+0000] {logging_mixin.py:188} INFO - [2024-06-05T02:22:01.600+0000] {dag.py:3954} INFO - Setting next_dagrun for example_branch_datetime_operator to 2024-06-04 00:00:00+00:00, run_after=2024-06-05 00:00:00+00:00
[2024-06-05T02:22:01.605+0000] {logging_mixin.py:188} INFO - [2024-06-05T02:22:01.605+0000] {dag.py:3954} INFO - Setting next_dagrun for example_branch_datetime_operator_2 to 2024-06-04 00:00:00+00:00, run_after=2024-06-05 00:00:00+00:00
[2024-06-05T02:22:01.607+0000] {logging_mixin.py:188} INFO - [2024-06-05T02:22:01.607+0000] {dag.py:3954} INFO - Setting next_dagrun for example_branch_datetime_operator_3 to 2024-06-04 00:00:00+00:00, run_after=2024-06-05 00:00:00+00:00
[2024-06-05T02:22:01.627+0000] {processor.py:183} INFO - Processing /home/ubuntu/endtoend_venv/lib/python3.12/site-packages/airflow/example_dags/example_branch_datetime_operator.py took 0.091 seconds
[2024-06-05T02:22:58.585+0000] {processor.py:161} INFO - Started process (PID=15205) to work on /home/ubuntu/endtoend_venv/lib/python3.12/site-packages/airflow/example_dags/example_branch_datetime_operator.py
[2024-06-05T02:22:58.587+0000] {processor.py:830} INFO - Processing file /home/ubuntu/endtoend_venv/lib/python3.12/site-packages/airflow/example_dags/example_branch_datetime_operator.py for tasks to queue
[2024-06-05T02:22:58.589+0000] {logging_mixin.py:188} INFO - [2024-06-05T02:22:58.588+0000] {dagbag.py:545} INFO - Filling up the DagBag from /home/ubuntu/endtoend_venv/lib/python3.12/site-packages/airflow/example_dags/example_branch_datetime_operator.py
[2024-06-05T02:22:58.600+0000] {processor.py:840} INFO - DAG(s) 'example_branch_datetime_operator_2', 'example_branch_datetime_operator', 'example_branch_datetime_operator_3' retrieved from /home/ubuntu/endtoend_venv/lib/python3.12/site-packages/airflow/example_dags/example_branch_datetime_operator.py
[2024-06-05T02:22:58.622+0000] {logging_mixin.py:188} INFO - [2024-06-05T02:22:58.622+0000] {dag.py:3096} INFO - Sync 3 DAGs
[2024-06-05T02:22:58.645+0000] {logging_mixin.py:188} INFO - [2024-06-05T02:22:58.645+0000] {dag.py:3954} INFO - Setting next_dagrun for example_branch_datetime_operator to 2024-06-04 00:00:00+00:00, run_after=2024-06-05 00:00:00+00:00
[2024-06-05T02:22:58.650+0000] {logging_mixin.py:188} INFO - [2024-06-05T02:22:58.649+0000] {dag.py:3954} INFO - Setting next_dagrun for example_branch_datetime_operator_2 to 2024-06-04 00:00:00+00:00, run_after=2024-06-05 00:00:00+00:00
[2024-06-05T02:22:58.652+0000] {logging_mixin.py:188} INFO - [2024-06-05T02:22:58.652+0000] {dag.py:3954} INFO - Setting next_dagrun for example_branch_datetime_operator_3 to 2024-06-04 00:00:00+00:00, run_after=2024-06-05 00:00:00+00:00
[2024-06-05T02:22:58.673+0000] {processor.py:183} INFO - Processing /home/ubuntu/endtoend_venv/lib/python3.12/site-packages/airflow/example_dags/example_branch_datetime_operator.py took 0.094 seconds
[2024-06-05T02:26:01.395+0000] {processor.py:161} INFO - Started process (PID=15368) to work on /home/ubuntu/endtoend_venv/lib/python3.12/site-packages/airflow/example_dags/example_branch_datetime_operator.py
[2024-06-05T02:26:01.397+0000] {processor.py:830} INFO - Processing file /home/ubuntu/endtoend_venv/lib/python3.12/site-packages/airflow/example_dags/example_branch_datetime_operator.py for tasks to queue
[2024-06-05T02:26:01.399+0000] {logging_mixin.py:188} INFO - [2024-06-05T02:26:01.398+0000] {dagbag.py:545} INFO - Filling up the DagBag from /home/ubuntu/endtoend_venv/lib/python3.12/site-packages/airflow/example_dags/example_branch_datetime_operator.py
[2024-06-05T02:26:01.410+0000] {processor.py:840} INFO - DAG(s) 'example_branch_datetime_operator_3', 'example_branch_datetime_operator', 'example_branch_datetime_operator_2' retrieved from /home/ubuntu/endtoend_venv/lib/python3.12/site-packages/airflow/example_dags/example_branch_datetime_operator.py
[2024-06-05T02:26:01.542+0000] {logging_mixin.py:188} INFO - [2024-06-05T02:26:01.542+0000] {dag.py:3096} INFO - Sync 3 DAGs
[2024-06-05T02:26:01.564+0000] {logging_mixin.py:188} INFO - [2024-06-05T02:26:01.564+0000] {dag.py:3954} INFO - Setting next_dagrun for example_branch_datetime_operator to 2024-06-04 00:00:00+00:00, run_after=2024-06-05 00:00:00+00:00
[2024-06-05T02:26:01.568+0000] {logging_mixin.py:188} INFO - [2024-06-05T02:26:01.568+0000] {dag.py:3954} INFO - Setting next_dagrun for example_branch_datetime_operator_2 to 2024-06-04 00:00:00+00:00, run_after=2024-06-05 00:00:00+00:00
[2024-06-05T02:26:01.570+0000] {logging_mixin.py:188} INFO - [2024-06-05T02:26:01.570+0000] {dag.py:3954} INFO - Setting next_dagrun for example_branch_datetime_operator_3 to 2024-06-04 00:00:00+00:00, run_after=2024-06-05 00:00:00+00:00
[2024-06-05T02:26:01.592+0000] {processor.py:183} INFO - Processing /home/ubuntu/endtoend_venv/lib/python3.12/site-packages/airflow/example_dags/example_branch_datetime_operator.py took 0.202 seconds
[2024-06-05T02:27:09.931+0000] {processor.py:161} INFO - Started process (PID=15436) to work on /home/ubuntu/endtoend_venv/lib/python3.12/site-packages/airflow/example_dags/example_branch_datetime_operator.py
[2024-06-05T02:27:09.933+0000] {processor.py:830} INFO - Processing file /home/ubuntu/endtoend_venv/lib/python3.12/site-packages/airflow/example_dags/example_branch_datetime_operator.py for tasks to queue
[2024-06-05T02:27:09.935+0000] {logging_mixin.py:188} INFO - [2024-06-05T02:27:09.934+0000] {dagbag.py:545} INFO - Filling up the DagBag from /home/ubuntu/endtoend_venv/lib/python3.12/site-packages/airflow/example_dags/example_branch_datetime_operator.py
[2024-06-05T02:27:09.946+0000] {processor.py:840} INFO - DAG(s) 'example_branch_datetime_operator_3', 'example_branch_datetime_operator', 'example_branch_datetime_operator_2' retrieved from /home/ubuntu/endtoend_venv/lib/python3.12/site-packages/airflow/example_dags/example_branch_datetime_operator.py
[2024-06-05T02:27:09.969+0000] {logging_mixin.py:188} INFO - [2024-06-05T02:27:09.968+0000] {dag.py:3096} INFO - Sync 3 DAGs
[2024-06-05T02:27:09.992+0000] {logging_mixin.py:188} INFO - [2024-06-05T02:27:09.992+0000] {dag.py:3954} INFO - Setting next_dagrun for example_branch_datetime_operator to 2024-06-04 00:00:00+00:00, run_after=2024-06-05 00:00:00+00:00
[2024-06-05T02:27:09.997+0000] {logging_mixin.py:188} INFO - [2024-06-05T02:27:09.997+0000] {dag.py:3954} INFO - Setting next_dagrun for example_branch_datetime_operator_2 to 2024-06-04 00:00:00+00:00, run_after=2024-06-05 00:00:00+00:00
[2024-06-05T02:27:09.999+0000] {logging_mixin.py:188} INFO - [2024-06-05T02:27:09.999+0000] {dag.py:3954} INFO - Setting next_dagrun for example_branch_datetime_operator_3 to 2024-06-04 00:00:00+00:00, run_after=2024-06-05 00:00:00+00:00
[2024-06-05T02:27:10.020+0000] {processor.py:183} INFO - Processing /home/ubuntu/endtoend_venv/lib/python3.12/site-packages/airflow/example_dags/example_branch_datetime_operator.py took 0.095 seconds
[2024-06-05T02:28:10.420+0000] {processor.py:161} INFO - Started process (PID=15497) to work on /home/ubuntu/endtoend_venv/lib/python3.12/site-packages/airflow/example_dags/example_branch_datetime_operator.py
[2024-06-05T02:28:10.421+0000] {processor.py:830} INFO - Processing file /home/ubuntu/endtoend_venv/lib/python3.12/site-packages/airflow/example_dags/example_branch_datetime_operator.py for tasks to queue
[2024-06-05T02:28:10.423+0000] {logging_mixin.py:188} INFO - [2024-06-05T02:28:10.422+0000] {dagbag.py:545} INFO - Filling up the DagBag from /home/ubuntu/endtoend_venv/lib/python3.12/site-packages/airflow/example_dags/example_branch_datetime_operator.py
[2024-06-05T02:28:10.433+0000] {processor.py:840} INFO - DAG(s) 'example_branch_datetime_operator', 'example_branch_datetime_operator_3', 'example_branch_datetime_operator_2' retrieved from /home/ubuntu/endtoend_venv/lib/python3.12/site-packages/airflow/example_dags/example_branch_datetime_operator.py
[2024-06-05T02:28:10.455+0000] {logging_mixin.py:188} INFO - [2024-06-05T02:28:10.455+0000] {dag.py:3096} INFO - Sync 3 DAGs
[2024-06-05T02:28:10.477+0000] {logging_mixin.py:188} INFO - [2024-06-05T02:28:10.477+0000] {dag.py:3954} INFO - Setting next_dagrun for example_branch_datetime_operator to 2024-06-04 00:00:00+00:00, run_after=2024-06-05 00:00:00+00:00
[2024-06-05T02:28:10.482+0000] {logging_mixin.py:188} INFO - [2024-06-05T02:28:10.482+0000] {dag.py:3954} INFO - Setting next_dagrun for example_branch_datetime_operator_2 to 2024-06-04 00:00:00+00:00, run_after=2024-06-05 00:00:00+00:00
[2024-06-05T02:28:10.484+0000] {logging_mixin.py:188} INFO - [2024-06-05T02:28:10.484+0000] {dag.py:3954} INFO - Setting next_dagrun for example_branch_datetime_operator_3 to 2024-06-04 00:00:00+00:00, run_after=2024-06-05 00:00:00+00:00
[2024-06-05T02:28:10.504+0000] {processor.py:183} INFO - Processing /home/ubuntu/endtoend_venv/lib/python3.12/site-packages/airflow/example_dags/example_branch_datetime_operator.py took 0.090 seconds
[2024-06-05T02:29:14.406+0000] {processor.py:161} INFO - Started process (PID=15567) to work on /home/ubuntu/endtoend_venv/lib/python3.12/site-packages/airflow/example_dags/example_branch_datetime_operator.py
[2024-06-05T02:29:14.408+0000] {processor.py:830} INFO - Processing file /home/ubuntu/endtoend_venv/lib/python3.12/site-packages/airflow/example_dags/example_branch_datetime_operator.py for tasks to queue
[2024-06-05T02:29:14.410+0000] {logging_mixin.py:188} INFO - [2024-06-05T02:29:14.409+0000] {dagbag.py:545} INFO - Filling up the DagBag from /home/ubuntu/endtoend_venv/lib/python3.12/site-packages/airflow/example_dags/example_branch_datetime_operator.py
[2024-06-05T02:29:14.420+0000] {processor.py:840} INFO - DAG(s) 'example_branch_datetime_operator', 'example_branch_datetime_operator_3', 'example_branch_datetime_operator_2' retrieved from /home/ubuntu/endtoend_venv/lib/python3.12/site-packages/airflow/example_dags/example_branch_datetime_operator.py
[2024-06-05T02:29:14.443+0000] {logging_mixin.py:188} INFO - [2024-06-05T02:29:14.442+0000] {dag.py:3096} INFO - Sync 3 DAGs
[2024-06-05T02:29:14.465+0000] {logging_mixin.py:188} INFO - [2024-06-05T02:29:14.464+0000] {dag.py:3954} INFO - Setting next_dagrun for example_branch_datetime_operator to 2024-06-04 00:00:00+00:00, run_after=2024-06-05 00:00:00+00:00
[2024-06-05T02:29:14.469+0000] {logging_mixin.py:188} INFO - [2024-06-05T02:29:14.469+0000] {dag.py:3954} INFO - Setting next_dagrun for example_branch_datetime_operator_2 to 2024-06-04 00:00:00+00:00, run_after=2024-06-05 00:00:00+00:00
[2024-06-05T02:29:14.471+0000] {logging_mixin.py:188} INFO - [2024-06-05T02:29:14.471+0000] {dag.py:3954} INFO - Setting next_dagrun for example_branch_datetime_operator_3 to 2024-06-04 00:00:00+00:00, run_after=2024-06-05 00:00:00+00:00
[2024-06-05T02:29:14.492+0000] {processor.py:183} INFO - Processing /home/ubuntu/endtoend_venv/lib/python3.12/site-packages/airflow/example_dags/example_branch_datetime_operator.py took 0.091 seconds
[2024-06-05T02:30:16.021+0000] {processor.py:161} INFO - Started process (PID=15635) to work on /home/ubuntu/endtoend_venv/lib/python3.12/site-packages/airflow/example_dags/example_branch_datetime_operator.py
[2024-06-05T02:30:16.023+0000] {processor.py:830} INFO - Processing file /home/ubuntu/endtoend_venv/lib/python3.12/site-packages/airflow/example_dags/example_branch_datetime_operator.py for tasks to queue
[2024-06-05T02:30:16.024+0000] {logging_mixin.py:188} INFO - [2024-06-05T02:30:16.024+0000] {dagbag.py:545} INFO - Filling up the DagBag from /home/ubuntu/endtoend_venv/lib/python3.12/site-packages/airflow/example_dags/example_branch_datetime_operator.py
[2024-06-05T02:30:16.035+0000] {processor.py:840} INFO - DAG(s) 'example_branch_datetime_operator_2', 'example_branch_datetime_operator', 'example_branch_datetime_operator_3' retrieved from /home/ubuntu/endtoend_venv/lib/python3.12/site-packages/airflow/example_dags/example_branch_datetime_operator.py
[2024-06-05T02:30:16.057+0000] {logging_mixin.py:188} INFO - [2024-06-05T02:30:16.057+0000] {dag.py:3096} INFO - Sync 3 DAGs
[2024-06-05T02:30:16.079+0000] {logging_mixin.py:188} INFO - [2024-06-05T02:30:16.079+0000] {dag.py:3954} INFO - Setting next_dagrun for example_branch_datetime_operator to 2024-06-04 00:00:00+00:00, run_after=2024-06-05 00:00:00+00:00
[2024-06-05T02:30:16.084+0000] {logging_mixin.py:188} INFO - [2024-06-05T02:30:16.084+0000] {dag.py:3954} INFO - Setting next_dagrun for example_branch_datetime_operator_2 to 2024-06-04 00:00:00+00:00, run_after=2024-06-05 00:00:00+00:00
[2024-06-05T02:30:16.086+0000] {logging_mixin.py:188} INFO - [2024-06-05T02:30:16.086+0000] {dag.py:3954} INFO - Setting next_dagrun for example_branch_datetime_operator_3 to 2024-06-04 00:00:00+00:00, run_after=2024-06-05 00:00:00+00:00
[2024-06-05T02:30:16.107+0000] {processor.py:183} INFO - Processing /home/ubuntu/endtoend_venv/lib/python3.12/site-packages/airflow/example_dags/example_branch_datetime_operator.py took 0.092 seconds
[2024-06-05T02:31:19.082+0000] {processor.py:161} INFO - Started process (PID=15699) to work on /home/ubuntu/endtoend_venv/lib/python3.12/site-packages/airflow/example_dags/example_branch_datetime_operator.py
[2024-06-05T02:31:19.083+0000] {processor.py:830} INFO - Processing file /home/ubuntu/endtoend_venv/lib/python3.12/site-packages/airflow/example_dags/example_branch_datetime_operator.py for tasks to queue
[2024-06-05T02:31:19.085+0000] {logging_mixin.py:188} INFO - [2024-06-05T02:31:19.084+0000] {dagbag.py:545} INFO - Filling up the DagBag from /home/ubuntu/endtoend_venv/lib/python3.12/site-packages/airflow/example_dags/example_branch_datetime_operator.py
[2024-06-05T02:31:19.096+0000] {processor.py:840} INFO - DAG(s) 'example_branch_datetime_operator_3', 'example_branch_datetime_operator_2', 'example_branch_datetime_operator' retrieved from /home/ubuntu/endtoend_venv/lib/python3.12/site-packages/airflow/example_dags/example_branch_datetime_operator.py
[2024-06-05T02:31:19.118+0000] {logging_mixin.py:188} INFO - [2024-06-05T02:31:19.117+0000] {dag.py:3096} INFO - Sync 3 DAGs
[2024-06-05T02:31:19.140+0000] {logging_mixin.py:188} INFO - [2024-06-05T02:31:19.140+0000] {dag.py:3954} INFO - Setting next_dagrun for example_branch_datetime_operator to 2024-06-04 00:00:00+00:00, run_after=2024-06-05 00:00:00+00:00
[2024-06-05T02:31:19.145+0000] {logging_mixin.py:188} INFO - [2024-06-05T02:31:19.144+0000] {dag.py:3954} INFO - Setting next_dagrun for example_branch_datetime_operator_2 to 2024-06-04 00:00:00+00:00, run_after=2024-06-05 00:00:00+00:00
[2024-06-05T02:31:19.147+0000] {logging_mixin.py:188} INFO - [2024-06-05T02:31:19.147+0000] {dag.py:3954} INFO - Setting next_dagrun for example_branch_datetime_operator_3 to 2024-06-04 00:00:00+00:00, run_after=2024-06-05 00:00:00+00:00
[2024-06-05T02:31:19.167+0000] {processor.py:183} INFO - Processing /home/ubuntu/endtoend_venv/lib/python3.12/site-packages/airflow/example_dags/example_branch_datetime_operator.py took 0.092 seconds
[2024-06-05T02:32:23.019+0000] {processor.py:161} INFO - Started process (PID=15764) to work on /home/ubuntu/endtoend_venv/lib/python3.12/site-packages/airflow/example_dags/example_branch_datetime_operator.py
[2024-06-05T02:32:23.020+0000] {processor.py:830} INFO - Processing file /home/ubuntu/endtoend_venv/lib/python3.12/site-packages/airflow/example_dags/example_branch_datetime_operator.py for tasks to queue
[2024-06-05T02:32:23.022+0000] {logging_mixin.py:188} INFO - [2024-06-05T02:32:23.022+0000] {dagbag.py:545} INFO - Filling up the DagBag from /home/ubuntu/endtoend_venv/lib/python3.12/site-packages/airflow/example_dags/example_branch_datetime_operator.py
[2024-06-05T02:32:23.033+0000] {processor.py:840} INFO - DAG(s) 'example_branch_datetime_operator_2', 'example_branch_datetime_operator', 'example_branch_datetime_operator_3' retrieved from /home/ubuntu/endtoend_venv/lib/python3.12/site-packages/airflow/example_dags/example_branch_datetime_operator.py
[2024-06-05T02:32:23.055+0000] {logging_mixin.py:188} INFO - [2024-06-05T02:32:23.055+0000] {dag.py:3096} INFO - Sync 3 DAGs
[2024-06-05T02:32:23.077+0000] {logging_mixin.py:188} INFO - [2024-06-05T02:32:23.077+0000] {dag.py:3954} INFO - Setting next_dagrun for example_branch_datetime_operator to 2024-06-04 00:00:00+00:00, run_after=2024-06-05 00:00:00+00:00
[2024-06-05T02:32:23.083+0000] {logging_mixin.py:188} INFO - [2024-06-05T02:32:23.082+0000] {dag.py:3954} INFO - Setting next_dagrun for example_branch_datetime_operator_2 to 2024-06-04 00:00:00+00:00, run_after=2024-06-05 00:00:00+00:00
[2024-06-05T02:32:23.085+0000] {logging_mixin.py:188} INFO - [2024-06-05T02:32:23.085+0000] {dag.py:3954} INFO - Setting next_dagrun for example_branch_datetime_operator_3 to 2024-06-04 00:00:00+00:00, run_after=2024-06-05 00:00:00+00:00
[2024-06-05T02:32:23.106+0000] {processor.py:183} INFO - Processing /home/ubuntu/endtoend_venv/lib/python3.12/site-packages/airflow/example_dags/example_branch_datetime_operator.py took 0.093 seconds
[2024-06-05T02:33:26.788+0000] {processor.py:161} INFO - Started process (PID=15828) to work on /home/ubuntu/endtoend_venv/lib/python3.12/site-packages/airflow/example_dags/example_branch_datetime_operator.py
[2024-06-05T02:33:26.789+0000] {processor.py:830} INFO - Processing file /home/ubuntu/endtoend_venv/lib/python3.12/site-packages/airflow/example_dags/example_branch_datetime_operator.py for tasks to queue
[2024-06-05T02:33:26.791+0000] {logging_mixin.py:188} INFO - [2024-06-05T02:33:26.791+0000] {dagbag.py:545} INFO - Filling up the DagBag from /home/ubuntu/endtoend_venv/lib/python3.12/site-packages/airflow/example_dags/example_branch_datetime_operator.py
[2024-06-05T02:33:26.802+0000] {processor.py:840} INFO - DAG(s) 'example_branch_datetime_operator_2', 'example_branch_datetime_operator', 'example_branch_datetime_operator_3' retrieved from /home/ubuntu/endtoend_venv/lib/python3.12/site-packages/airflow/example_dags/example_branch_datetime_operator.py
[2024-06-05T02:33:26.824+0000] {logging_mixin.py:188} INFO - [2024-06-05T02:33:26.824+0000] {dag.py:3096} INFO - Sync 3 DAGs
[2024-06-05T02:33:26.846+0000] {logging_mixin.py:188} INFO - [2024-06-05T02:33:26.845+0000] {dag.py:3954} INFO - Setting next_dagrun for example_branch_datetime_operator to 2024-06-04 00:00:00+00:00, run_after=2024-06-05 00:00:00+00:00
[2024-06-05T02:33:26.850+0000] {logging_mixin.py:188} INFO - [2024-06-05T02:33:26.850+0000] {dag.py:3954} INFO - Setting next_dagrun for example_branch_datetime_operator_2 to 2024-06-04 00:00:00+00:00, run_after=2024-06-05 00:00:00+00:00
[2024-06-05T02:33:26.852+0000] {logging_mixin.py:188} INFO - [2024-06-05T02:33:26.852+0000] {dag.py:3954} INFO - Setting next_dagrun for example_branch_datetime_operator_3 to 2024-06-04 00:00:00+00:00, run_after=2024-06-05 00:00:00+00:00
[2024-06-05T02:33:26.873+0000] {processor.py:183} INFO - Processing /home/ubuntu/endtoend_venv/lib/python3.12/site-packages/airflow/example_dags/example_branch_datetime_operator.py took 0.092 seconds
[2024-06-05T02:34:27.421+0000] {processor.py:161} INFO - Started process (PID=15892) to work on /home/ubuntu/endtoend_venv/lib/python3.12/site-packages/airflow/example_dags/example_branch_datetime_operator.py
[2024-06-05T02:34:27.423+0000] {processor.py:830} INFO - Processing file /home/ubuntu/endtoend_venv/lib/python3.12/site-packages/airflow/example_dags/example_branch_datetime_operator.py for tasks to queue
[2024-06-05T02:34:27.424+0000] {logging_mixin.py:188} INFO - [2024-06-05T02:34:27.424+0000] {dagbag.py:545} INFO - Filling up the DagBag from /home/ubuntu/endtoend_venv/lib/python3.12/site-packages/airflow/example_dags/example_branch_datetime_operator.py
[2024-06-05T02:34:27.435+0000] {processor.py:840} INFO - DAG(s) 'example_branch_datetime_operator_2', 'example_branch_datetime_operator_3', 'example_branch_datetime_operator' retrieved from /home/ubuntu/endtoend_venv/lib/python3.12/site-packages/airflow/example_dags/example_branch_datetime_operator.py
[2024-06-05T02:34:27.457+0000] {logging_mixin.py:188} INFO - [2024-06-05T02:34:27.457+0000] {dag.py:3096} INFO - Sync 3 DAGs
[2024-06-05T02:34:27.479+0000] {logging_mixin.py:188} INFO - [2024-06-05T02:34:27.479+0000] {dag.py:3954} INFO - Setting next_dagrun for example_branch_datetime_operator to 2024-06-04 00:00:00+00:00, run_after=2024-06-05 00:00:00+00:00
[2024-06-05T02:34:27.484+0000] {logging_mixin.py:188} INFO - [2024-06-05T02:34:27.484+0000] {dag.py:3954} INFO - Setting next_dagrun for example_branch_datetime_operator_2 to 2024-06-04 00:00:00+00:00, run_after=2024-06-05 00:00:00+00:00
[2024-06-05T02:34:27.486+0000] {logging_mixin.py:188} INFO - [2024-06-05T02:34:27.486+0000] {dag.py:3954} INFO - Setting next_dagrun for example_branch_datetime_operator_3 to 2024-06-04 00:00:00+00:00, run_after=2024-06-05 00:00:00+00:00
[2024-06-05T02:34:27.509+0000] {processor.py:183} INFO - Processing /home/ubuntu/endtoend_venv/lib/python3.12/site-packages/airflow/example_dags/example_branch_datetime_operator.py took 0.094 seconds
