[2024-06-05T02:18:31.584+0000] {processor.py:161} INFO - Started process (PID=14927) to work on /home/ubuntu/endtoend_venv/lib/python3.12/site-packages/airflow/example_dags/example_short_circuit_decorator.py
[2024-06-05T02:18:31.585+0000] {processor.py:830} INFO - Processing file /home/ubuntu/endtoend_venv/lib/python3.12/site-packages/airflow/example_dags/example_short_circuit_decorator.py for tasks to queue
[2024-06-05T02:18:31.587+0000] {logging_mixin.py:188} INFO - [2024-06-05T02:18:31.586+0000] {dagbag.py:545} INFO - Filling up the DagBag from /home/ubuntu/endtoend_venv/lib/python3.12/site-packages/airflow/example_dags/example_short_circuit_decorator.py
[2024-06-05T02:18:31.596+0000] {processor.py:840} INFO - DAG(s) 'example_short_circuit_decorator' retrieved from /home/ubuntu/endtoend_venv/lib/python3.12/site-packages/airflow/example_dags/example_short_circuit_decorator.py
[2024-06-05T02:18:31.716+0000] {logging_mixin.py:188} INFO - [2024-06-05T02:18:31.716+0000] {override.py:1829} INFO - Created Permission View: can read on DAG:example_short_circuit_decorator
[2024-06-05T02:18:31.729+0000] {logging_mixin.py:188} INFO - [2024-06-05T02:18:31.729+0000] {override.py:1829} INFO - Created Permission View: can delete on DAG:example_short_circuit_decorator
[2024-06-05T02:18:31.738+0000] {logging_mixin.py:188} INFO - [2024-06-05T02:18:31.738+0000] {override.py:1829} INFO - Created Permission View: can edit on DAG:example_short_circuit_decorator
[2024-06-05T02:18:31.739+0000] {logging_mixin.py:188} INFO - [2024-06-05T02:18:31.739+0000] {dag.py:3096} INFO - Sync 1 DAGs
[2024-06-05T02:18:31.750+0000] {logging_mixin.py:188} INFO - [2024-06-05T02:18:31.749+0000] {dag.py:3118} INFO - Creating ORM DAG for example_short_circuit_decorator
[2024-06-05T02:18:31.759+0000] {logging_mixin.py:188} INFO - [2024-06-05T02:18:31.759+0000] {dag.py:3954} INFO - Setting next_dagrun for example_short_circuit_decorator to 2024-06-04 00:00:00+00:00, run_after=2024-06-05 00:00:00+00:00
[2024-06-05T02:18:31.780+0000] {processor.py:183} INFO - Processing /home/ubuntu/endtoend_venv/lib/python3.12/site-packages/airflow/example_dags/example_short_circuit_decorator.py took 0.202 seconds
[2024-06-05T02:19:24.925+0000] {processor.py:161} INFO - Started process (PID=14978) to work on /home/ubuntu/endtoend_venv/lib/python3.12/site-packages/airflow/example_dags/example_short_circuit_decorator.py
[2024-06-05T02:19:24.926+0000] {processor.py:830} INFO - Processing file /home/ubuntu/endtoend_venv/lib/python3.12/site-packages/airflow/example_dags/example_short_circuit_decorator.py for tasks to queue
[2024-06-05T02:19:24.928+0000] {logging_mixin.py:188} INFO - [2024-06-05T02:19:24.928+0000] {dagbag.py:545} INFO - Filling up the DagBag from /home/ubuntu/endtoend_venv/lib/python3.12/site-packages/airflow/example_dags/example_short_circuit_decorator.py
[2024-06-05T02:19:24.938+0000] {processor.py:840} INFO - DAG(s) 'example_short_circuit_decorator' retrieved from /home/ubuntu/endtoend_venv/lib/python3.12/site-packages/airflow/example_dags/example_short_circuit_decorator.py
[2024-06-05T02:19:24.958+0000] {logging_mixin.py:188} INFO - [2024-06-05T02:19:24.957+0000] {dag.py:3096} INFO - Sync 1 DAGs
[2024-06-05T02:19:24.978+0000] {logging_mixin.py:188} INFO - [2024-06-05T02:19:24.978+0000] {dag.py:3954} INFO - Setting next_dagrun for example_short_circuit_decorator to 2024-06-04 00:00:00+00:00, run_after=2024-06-05 00:00:00+00:00
[2024-06-05T02:19:25.002+0000] {processor.py:183} INFO - Processing /home/ubuntu/endtoend_venv/lib/python3.12/site-packages/airflow/example_dags/example_short_circuit_decorator.py took 0.083 seconds
[2024-06-05T02:20:15.281+0000] {processor.py:161} INFO - Started process (PID=15035) to work on /home/ubuntu/endtoend_venv/lib/python3.12/site-packages/airflow/example_dags/example_short_circuit_decorator.py
[2024-06-05T02:20:15.283+0000] {processor.py:830} INFO - Processing file /home/ubuntu/endtoend_venv/lib/python3.12/site-packages/airflow/example_dags/example_short_circuit_decorator.py for tasks to queue
[2024-06-05T02:20:15.284+0000] {logging_mixin.py:188} INFO - [2024-06-05T02:20:15.284+0000] {dagbag.py:545} INFO - Filling up the DagBag from /home/ubuntu/endtoend_venv/lib/python3.12/site-packages/airflow/example_dags/example_short_circuit_decorator.py
[2024-06-05T02:20:15.294+0000] {processor.py:840} INFO - DAG(s) 'example_short_circuit_decorator' retrieved from /home/ubuntu/endtoend_venv/lib/python3.12/site-packages/airflow/example_dags/example_short_circuit_decorator.py
[2024-06-05T02:20:15.313+0000] {logging_mixin.py:188} INFO - [2024-06-05T02:20:15.313+0000] {dag.py:3096} INFO - Sync 1 DAGs
[2024-06-05T02:20:15.333+0000] {logging_mixin.py:188} INFO - [2024-06-05T02:20:15.333+0000] {dag.py:3954} INFO - Setting next_dagrun for example_short_circuit_decorator to 2024-06-04 00:00:00+00:00, run_after=2024-06-05 00:00:00+00:00
[2024-06-05T02:20:15.357+0000] {processor.py:183} INFO - Processing /home/ubuntu/endtoend_venv/lib/python3.12/site-packages/airflow/example_dags/example_short_circuit_decorator.py took 0.082 seconds
[2024-06-05T02:21:00.522+0000] {processor.py:161} INFO - Started process (PID=15082) to work on /home/ubuntu/endtoend_venv/lib/python3.12/site-packages/airflow/example_dags/example_short_circuit_decorator.py
[2024-06-05T02:21:00.524+0000] {processor.py:830} INFO - Processing file /home/ubuntu/endtoend_venv/lib/python3.12/site-packages/airflow/example_dags/example_short_circuit_decorator.py for tasks to queue
[2024-06-05T02:21:00.525+0000] {logging_mixin.py:188} INFO - [2024-06-05T02:21:00.525+0000] {dagbag.py:545} INFO - Filling up the DagBag from /home/ubuntu/endtoend_venv/lib/python3.12/site-packages/airflow/example_dags/example_short_circuit_decorator.py
[2024-06-05T02:21:00.535+0000] {processor.py:840} INFO - DAG(s) 'example_short_circuit_decorator' retrieved from /home/ubuntu/endtoend_venv/lib/python3.12/site-packages/airflow/example_dags/example_short_circuit_decorator.py
[2024-06-05T02:21:00.554+0000] {logging_mixin.py:188} INFO - [2024-06-05T02:21:00.554+0000] {dag.py:3096} INFO - Sync 1 DAGs
[2024-06-05T02:21:00.574+0000] {logging_mixin.py:188} INFO - [2024-06-05T02:21:00.574+0000] {dag.py:3954} INFO - Setting next_dagrun for example_short_circuit_decorator to 2024-06-04 00:00:00+00:00, run_after=2024-06-05 00:00:00+00:00
[2024-06-05T02:21:00.597+0000] {processor.py:183} INFO - Processing /home/ubuntu/endtoend_venv/lib/python3.12/site-packages/airflow/example_dags/example_short_circuit_decorator.py took 0.081 seconds
[2024-06-05T02:21:56.726+0000] {processor.py:161} INFO - Started process (PID=15141) to work on /home/ubuntu/endtoend_venv/lib/python3.12/site-packages/airflow/example_dags/example_short_circuit_decorator.py
[2024-06-05T02:21:56.728+0000] {processor.py:830} INFO - Processing file /home/ubuntu/endtoend_venv/lib/python3.12/site-packages/airflow/example_dags/example_short_circuit_decorator.py for tasks to queue
[2024-06-05T02:21:56.730+0000] {logging_mixin.py:188} INFO - [2024-06-05T02:21:56.729+0000] {dagbag.py:545} INFO - Filling up the DagBag from /home/ubuntu/endtoend_venv/lib/python3.12/site-packages/airflow/example_dags/example_short_circuit_decorator.py
[2024-06-05T02:21:56.739+0000] {processor.py:840} INFO - DAG(s) 'example_short_circuit_decorator' retrieved from /home/ubuntu/endtoend_venv/lib/python3.12/site-packages/airflow/example_dags/example_short_circuit_decorator.py
[2024-06-05T02:21:56.759+0000] {logging_mixin.py:188} INFO - [2024-06-05T02:21:56.758+0000] {dag.py:3096} INFO - Sync 1 DAGs
[2024-06-05T02:21:56.778+0000] {logging_mixin.py:188} INFO - [2024-06-05T02:21:56.778+0000] {dag.py:3954} INFO - Setting next_dagrun for example_short_circuit_decorator to 2024-06-04 00:00:00+00:00, run_after=2024-06-05 00:00:00+00:00
[2024-06-05T02:21:56.800+0000] {processor.py:183} INFO - Processing /home/ubuntu/endtoend_venv/lib/python3.12/site-packages/airflow/example_dags/example_short_circuit_decorator.py took 0.080 seconds
[2024-06-05T02:22:53.045+0000] {processor.py:161} INFO - Started process (PID=15200) to work on /home/ubuntu/endtoend_venv/lib/python3.12/site-packages/airflow/example_dags/example_short_circuit_decorator.py
[2024-06-05T02:22:53.047+0000] {processor.py:830} INFO - Processing file /home/ubuntu/endtoend_venv/lib/python3.12/site-packages/airflow/example_dags/example_short_circuit_decorator.py for tasks to queue
[2024-06-05T02:22:53.048+0000] {logging_mixin.py:188} INFO - [2024-06-05T02:22:53.048+0000] {dagbag.py:545} INFO - Filling up the DagBag from /home/ubuntu/endtoend_venv/lib/python3.12/site-packages/airflow/example_dags/example_short_circuit_decorator.py
[2024-06-05T02:22:53.058+0000] {processor.py:840} INFO - DAG(s) 'example_short_circuit_decorator' retrieved from /home/ubuntu/endtoend_venv/lib/python3.12/site-packages/airflow/example_dags/example_short_circuit_decorator.py
[2024-06-05T02:22:53.077+0000] {logging_mixin.py:188} INFO - [2024-06-05T02:22:53.077+0000] {dag.py:3096} INFO - Sync 1 DAGs
[2024-06-05T02:22:53.097+0000] {logging_mixin.py:188} INFO - [2024-06-05T02:22:53.097+0000] {dag.py:3954} INFO - Setting next_dagrun for example_short_circuit_decorator to 2024-06-04 00:00:00+00:00, run_after=2024-06-05 00:00:00+00:00
[2024-06-05T02:22:53.121+0000] {processor.py:183} INFO - Processing /home/ubuntu/endtoend_venv/lib/python3.12/site-packages/airflow/example_dags/example_short_circuit_decorator.py took 0.082 seconds
[2024-06-05T02:25:37.500+0000] {processor.py:161} INFO - Started process (PID=15344) to work on /home/ubuntu/endtoend_venv/lib/python3.12/site-packages/airflow/example_dags/example_short_circuit_decorator.py
[2024-06-05T02:25:37.502+0000] {processor.py:830} INFO - Processing file /home/ubuntu/endtoend_venv/lib/python3.12/site-packages/airflow/example_dags/example_short_circuit_decorator.py for tasks to queue
[2024-06-05T02:25:37.503+0000] {logging_mixin.py:188} INFO - [2024-06-05T02:25:37.503+0000] {dagbag.py:545} INFO - Filling up the DagBag from /home/ubuntu/endtoend_venv/lib/python3.12/site-packages/airflow/example_dags/example_short_circuit_decorator.py
[2024-06-05T02:25:37.513+0000] {processor.py:840} INFO - DAG(s) 'example_short_circuit_decorator' retrieved from /home/ubuntu/endtoend_venv/lib/python3.12/site-packages/airflow/example_dags/example_short_circuit_decorator.py
[2024-06-05T02:25:37.522+0000] {logging_mixin.py:188} INFO - [2024-06-05T02:25:37.522+0000] {dag.py:3096} INFO - Sync 1 DAGs
[2024-06-05T02:25:37.543+0000] {logging_mixin.py:188} INFO - [2024-06-05T02:25:37.543+0000] {dag.py:3954} INFO - Setting next_dagrun for example_short_circuit_decorator to 2024-06-04 00:00:00+00:00, run_after=2024-06-05 00:00:00+00:00
[2024-06-05T02:25:37.565+0000] {processor.py:183} INFO - Processing /home/ubuntu/endtoend_venv/lib/python3.12/site-packages/airflow/example_dags/example_short_circuit_decorator.py took 0.071 seconds
[2024-06-05T02:26:30.913+0000] {processor.py:161} INFO - Started process (PID=15396) to work on /home/ubuntu/endtoend_venv/lib/python3.12/site-packages/airflow/example_dags/example_short_circuit_decorator.py
[2024-06-05T02:26:30.915+0000] {processor.py:830} INFO - Processing file /home/ubuntu/endtoend_venv/lib/python3.12/site-packages/airflow/example_dags/example_short_circuit_decorator.py for tasks to queue
[2024-06-05T02:26:30.917+0000] {logging_mixin.py:188} INFO - [2024-06-05T02:26:30.916+0000] {dagbag.py:545} INFO - Filling up the DagBag from /home/ubuntu/endtoend_venv/lib/python3.12/site-packages/airflow/example_dags/example_short_circuit_decorator.py
[2024-06-05T02:26:30.926+0000] {processor.py:840} INFO - DAG(s) 'example_short_circuit_decorator' retrieved from /home/ubuntu/endtoend_venv/lib/python3.12/site-packages/airflow/example_dags/example_short_circuit_decorator.py
[2024-06-05T02:26:31.037+0000] {logging_mixin.py:188} INFO - [2024-06-05T02:26:31.036+0000] {dag.py:3096} INFO - Sync 1 DAGs
[2024-06-05T02:26:31.054+0000] {logging_mixin.py:188} INFO - [2024-06-05T02:26:31.054+0000] {dag.py:3954} INFO - Setting next_dagrun for example_short_circuit_decorator to 2024-06-04 00:00:00+00:00, run_after=2024-06-05 00:00:00+00:00
[2024-06-05T02:26:31.077+0000] {processor.py:183} INFO - Processing /home/ubuntu/endtoend_venv/lib/python3.12/site-packages/airflow/example_dags/example_short_circuit_decorator.py took 0.170 seconds
[2024-06-05T02:27:19.917+0000] {processor.py:161} INFO - Started process (PID=15447) to work on /home/ubuntu/endtoend_venv/lib/python3.12/site-packages/airflow/example_dags/example_short_circuit_decorator.py
[2024-06-05T02:27:19.918+0000] {processor.py:830} INFO - Processing file /home/ubuntu/endtoend_venv/lib/python3.12/site-packages/airflow/example_dags/example_short_circuit_decorator.py for tasks to queue
[2024-06-05T02:27:19.920+0000] {logging_mixin.py:188} INFO - [2024-06-05T02:27:19.920+0000] {dagbag.py:545} INFO - Filling up the DagBag from /home/ubuntu/endtoend_venv/lib/python3.12/site-packages/airflow/example_dags/example_short_circuit_decorator.py
[2024-06-05T02:27:19.930+0000] {processor.py:840} INFO - DAG(s) 'example_short_circuit_decorator' retrieved from /home/ubuntu/endtoend_venv/lib/python3.12/site-packages/airflow/example_dags/example_short_circuit_decorator.py
[2024-06-05T02:27:19.949+0000] {logging_mixin.py:188} INFO - [2024-06-05T02:27:19.948+0000] {dag.py:3096} INFO - Sync 1 DAGs
[2024-06-05T02:27:19.969+0000] {logging_mixin.py:188} INFO - [2024-06-05T02:27:19.969+0000] {dag.py:3954} INFO - Setting next_dagrun for example_short_circuit_decorator to 2024-06-04 00:00:00+00:00, run_after=2024-06-05 00:00:00+00:00
[2024-06-05T02:27:19.992+0000] {processor.py:183} INFO - Processing /home/ubuntu/endtoend_venv/lib/python3.12/site-packages/airflow/example_dags/example_short_circuit_decorator.py took 0.081 seconds
[2024-06-05T02:28:06.416+0000] {processor.py:161} INFO - Started process (PID=15493) to work on /home/ubuntu/endtoend_venv/lib/python3.12/site-packages/airflow/example_dags/example_short_circuit_decorator.py
[2024-06-05T02:28:06.417+0000] {processor.py:830} INFO - Processing file /home/ubuntu/endtoend_venv/lib/python3.12/site-packages/airflow/example_dags/example_short_circuit_decorator.py for tasks to queue
[2024-06-05T02:28:06.419+0000] {logging_mixin.py:188} INFO - [2024-06-05T02:28:06.419+0000] {dagbag.py:545} INFO - Filling up the DagBag from /home/ubuntu/endtoend_venv/lib/python3.12/site-packages/airflow/example_dags/example_short_circuit_decorator.py
[2024-06-05T02:28:06.429+0000] {processor.py:840} INFO - DAG(s) 'example_short_circuit_decorator' retrieved from /home/ubuntu/endtoend_venv/lib/python3.12/site-packages/airflow/example_dags/example_short_circuit_decorator.py
[2024-06-05T02:28:06.449+0000] {logging_mixin.py:188} INFO - [2024-06-05T02:28:06.449+0000] {dag.py:3096} INFO - Sync 1 DAGs
[2024-06-05T02:28:06.470+0000] {logging_mixin.py:188} INFO - [2024-06-05T02:28:06.470+0000] {dag.py:3954} INFO - Setting next_dagrun for example_short_circuit_decorator to 2024-06-04 00:00:00+00:00, run_after=2024-06-05 00:00:00+00:00
[2024-06-05T02:28:06.492+0000] {processor.py:183} INFO - Processing /home/ubuntu/endtoend_venv/lib/python3.12/site-packages/airflow/example_dags/example_short_circuit_decorator.py took 0.083 seconds
[2024-06-05T02:28:49.567+0000] {processor.py:161} INFO - Started process (PID=15538) to work on /home/ubuntu/endtoend_venv/lib/python3.12/site-packages/airflow/example_dags/example_short_circuit_decorator.py
[2024-06-05T02:28:49.568+0000] {processor.py:830} INFO - Processing file /home/ubuntu/endtoend_venv/lib/python3.12/site-packages/airflow/example_dags/example_short_circuit_decorator.py for tasks to queue
[2024-06-05T02:28:49.570+0000] {logging_mixin.py:188} INFO - [2024-06-05T02:28:49.570+0000] {dagbag.py:545} INFO - Filling up the DagBag from /home/ubuntu/endtoend_venv/lib/python3.12/site-packages/airflow/example_dags/example_short_circuit_decorator.py
[2024-06-05T02:28:49.580+0000] {processor.py:840} INFO - DAG(s) 'example_short_circuit_decorator' retrieved from /home/ubuntu/endtoend_venv/lib/python3.12/site-packages/airflow/example_dags/example_short_circuit_decorator.py
[2024-06-05T02:28:49.599+0000] {logging_mixin.py:188} INFO - [2024-06-05T02:28:49.599+0000] {dag.py:3096} INFO - Sync 1 DAGs
[2024-06-05T02:28:49.619+0000] {logging_mixin.py:188} INFO - [2024-06-05T02:28:49.619+0000] {dag.py:3954} INFO - Setting next_dagrun for example_short_circuit_decorator to 2024-06-04 00:00:00+00:00, run_after=2024-06-05 00:00:00+00:00
[2024-06-05T02:28:49.641+0000] {processor.py:183} INFO - Processing /home/ubuntu/endtoend_venv/lib/python3.12/site-packages/airflow/example_dags/example_short_circuit_decorator.py took 0.080 seconds
[2024-06-05T02:29:49.148+0000] {processor.py:161} INFO - Started process (PID=15604) to work on /home/ubuntu/endtoend_venv/lib/python3.12/site-packages/airflow/example_dags/example_short_circuit_decorator.py
[2024-06-05T02:29:49.150+0000] {processor.py:830} INFO - Processing file /home/ubuntu/endtoend_venv/lib/python3.12/site-packages/airflow/example_dags/example_short_circuit_decorator.py for tasks to queue
[2024-06-05T02:29:49.151+0000] {logging_mixin.py:188} INFO - [2024-06-05T02:29:49.151+0000] {dagbag.py:545} INFO - Filling up the DagBag from /home/ubuntu/endtoend_venv/lib/python3.12/site-packages/airflow/example_dags/example_short_circuit_decorator.py
[2024-06-05T02:29:49.161+0000] {processor.py:840} INFO - DAG(s) 'example_short_circuit_decorator' retrieved from /home/ubuntu/endtoend_venv/lib/python3.12/site-packages/airflow/example_dags/example_short_circuit_decorator.py
[2024-06-05T02:29:49.180+0000] {logging_mixin.py:188} INFO - [2024-06-05T02:29:49.180+0000] {dag.py:3096} INFO - Sync 1 DAGs
[2024-06-05T02:29:49.201+0000] {logging_mixin.py:188} INFO - [2024-06-05T02:29:49.201+0000] {dag.py:3954} INFO - Setting next_dagrun for example_short_circuit_decorator to 2024-06-04 00:00:00+00:00, run_after=2024-06-05 00:00:00+00:00
[2024-06-05T02:29:49.223+0000] {processor.py:183} INFO - Processing /home/ubuntu/endtoend_venv/lib/python3.12/site-packages/airflow/example_dags/example_short_circuit_decorator.py took 0.081 seconds
[2024-06-05T02:30:31.674+0000] {processor.py:161} INFO - Started process (PID=15651) to work on /home/ubuntu/endtoend_venv/lib/python3.12/site-packages/airflow/example_dags/example_short_circuit_decorator.py
[2024-06-05T02:30:31.675+0000] {processor.py:830} INFO - Processing file /home/ubuntu/endtoend_venv/lib/python3.12/site-packages/airflow/example_dags/example_short_circuit_decorator.py for tasks to queue
[2024-06-05T02:30:31.677+0000] {logging_mixin.py:188} INFO - [2024-06-05T02:30:31.677+0000] {dagbag.py:545} INFO - Filling up the DagBag from /home/ubuntu/endtoend_venv/lib/python3.12/site-packages/airflow/example_dags/example_short_circuit_decorator.py
[2024-06-05T02:30:31.687+0000] {processor.py:840} INFO - DAG(s) 'example_short_circuit_decorator' retrieved from /home/ubuntu/endtoend_venv/lib/python3.12/site-packages/airflow/example_dags/example_short_circuit_decorator.py
[2024-06-05T02:30:31.706+0000] {logging_mixin.py:188} INFO - [2024-06-05T02:30:31.706+0000] {dag.py:3096} INFO - Sync 1 DAGs
[2024-06-05T02:30:31.726+0000] {logging_mixin.py:188} INFO - [2024-06-05T02:30:31.726+0000] {dag.py:3954} INFO - Setting next_dagrun for example_short_circuit_decorator to 2024-06-04 00:00:00+00:00, run_after=2024-06-05 00:00:00+00:00
[2024-06-05T02:30:31.748+0000] {processor.py:183} INFO - Processing /home/ubuntu/endtoend_venv/lib/python3.12/site-packages/airflow/example_dags/example_short_circuit_decorator.py took 0.080 seconds
[2024-06-05T02:31:13.968+0000] {processor.py:161} INFO - Started process (PID=15694) to work on /home/ubuntu/endtoend_venv/lib/python3.12/site-packages/airflow/example_dags/example_short_circuit_decorator.py
[2024-06-05T02:31:13.970+0000] {processor.py:830} INFO - Processing file /home/ubuntu/endtoend_venv/lib/python3.12/site-packages/airflow/example_dags/example_short_circuit_decorator.py for tasks to queue
[2024-06-05T02:31:13.971+0000] {logging_mixin.py:188} INFO - [2024-06-05T02:31:13.971+0000] {dagbag.py:545} INFO - Filling up the DagBag from /home/ubuntu/endtoend_venv/lib/python3.12/site-packages/airflow/example_dags/example_short_circuit_decorator.py
[2024-06-05T02:31:13.981+0000] {processor.py:840} INFO - DAG(s) 'example_short_circuit_decorator' retrieved from /home/ubuntu/endtoend_venv/lib/python3.12/site-packages/airflow/example_dags/example_short_circuit_decorator.py
[2024-06-05T02:31:14.000+0000] {logging_mixin.py:188} INFO - [2024-06-05T02:31:14.000+0000] {dag.py:3096} INFO - Sync 1 DAGs
[2024-06-05T02:31:14.021+0000] {logging_mixin.py:188} INFO - [2024-06-05T02:31:14.020+0000] {dag.py:3954} INFO - Setting next_dagrun for example_short_circuit_decorator to 2024-06-04 00:00:00+00:00, run_after=2024-06-05 00:00:00+00:00
[2024-06-05T02:31:14.044+0000] {processor.py:183} INFO - Processing /home/ubuntu/endtoend_venv/lib/python3.12/site-packages/airflow/example_dags/example_short_circuit_decorator.py took 0.081 seconds
[2024-06-05T02:31:56.205+0000] {processor.py:161} INFO - Started process (PID=15737) to work on /home/ubuntu/endtoend_venv/lib/python3.12/site-packages/airflow/example_dags/example_short_circuit_decorator.py
[2024-06-05T02:31:56.206+0000] {processor.py:830} INFO - Processing file /home/ubuntu/endtoend_venv/lib/python3.12/site-packages/airflow/example_dags/example_short_circuit_decorator.py for tasks to queue
[2024-06-05T02:31:56.208+0000] {logging_mixin.py:188} INFO - [2024-06-05T02:31:56.208+0000] {dagbag.py:545} INFO - Filling up the DagBag from /home/ubuntu/endtoend_venv/lib/python3.12/site-packages/airflow/example_dags/example_short_circuit_decorator.py
[2024-06-05T02:31:56.218+0000] {processor.py:840} INFO - DAG(s) 'example_short_circuit_decorator' retrieved from /home/ubuntu/endtoend_venv/lib/python3.12/site-packages/airflow/example_dags/example_short_circuit_decorator.py
[2024-06-05T02:31:56.237+0000] {logging_mixin.py:188} INFO - [2024-06-05T02:31:56.237+0000] {dag.py:3096} INFO - Sync 1 DAGs
[2024-06-05T02:31:56.257+0000] {logging_mixin.py:188} INFO - [2024-06-05T02:31:56.256+0000] {dag.py:3954} INFO - Setting next_dagrun for example_short_circuit_decorator to 2024-06-04 00:00:00+00:00, run_after=2024-06-05 00:00:00+00:00
[2024-06-05T02:31:56.279+0000] {processor.py:183} INFO - Processing /home/ubuntu/endtoend_venv/lib/python3.12/site-packages/airflow/example_dags/example_short_circuit_decorator.py took 0.080 seconds
[2024-06-05T02:32:39.049+0000] {processor.py:161} INFO - Started process (PID=15780) to work on /home/ubuntu/endtoend_venv/lib/python3.12/site-packages/airflow/example_dags/example_short_circuit_decorator.py
[2024-06-05T02:32:39.050+0000] {processor.py:830} INFO - Processing file /home/ubuntu/endtoend_venv/lib/python3.12/site-packages/airflow/example_dags/example_short_circuit_decorator.py for tasks to queue
[2024-06-05T02:32:39.052+0000] {logging_mixin.py:188} INFO - [2024-06-05T02:32:39.052+0000] {dagbag.py:545} INFO - Filling up the DagBag from /home/ubuntu/endtoend_venv/lib/python3.12/site-packages/airflow/example_dags/example_short_circuit_decorator.py
[2024-06-05T02:32:39.062+0000] {processor.py:840} INFO - DAG(s) 'example_short_circuit_decorator' retrieved from /home/ubuntu/endtoend_venv/lib/python3.12/site-packages/airflow/example_dags/example_short_circuit_decorator.py
[2024-06-05T02:32:39.081+0000] {logging_mixin.py:188} INFO - [2024-06-05T02:32:39.081+0000] {dag.py:3096} INFO - Sync 1 DAGs
[2024-06-05T02:32:39.101+0000] {logging_mixin.py:188} INFO - [2024-06-05T02:32:39.101+0000] {dag.py:3954} INFO - Setting next_dagrun for example_short_circuit_decorator to 2024-06-04 00:00:00+00:00, run_after=2024-06-05 00:00:00+00:00
[2024-06-05T02:32:39.124+0000] {processor.py:183} INFO - Processing /home/ubuntu/endtoend_venv/lib/python3.12/site-packages/airflow/example_dags/example_short_circuit_decorator.py took 0.081 seconds
[2024-06-05T02:33:21.605+0000] {processor.py:161} INFO - Started process (PID=15823) to work on /home/ubuntu/endtoend_venv/lib/python3.12/site-packages/airflow/example_dags/example_short_circuit_decorator.py
[2024-06-05T02:33:21.606+0000] {processor.py:830} INFO - Processing file /home/ubuntu/endtoend_venv/lib/python3.12/site-packages/airflow/example_dags/example_short_circuit_decorator.py for tasks to queue
[2024-06-05T02:33:21.608+0000] {logging_mixin.py:188} INFO - [2024-06-05T02:33:21.607+0000] {dagbag.py:545} INFO - Filling up the DagBag from /home/ubuntu/endtoend_venv/lib/python3.12/site-packages/airflow/example_dags/example_short_circuit_decorator.py
[2024-06-05T02:33:21.618+0000] {processor.py:840} INFO - DAG(s) 'example_short_circuit_decorator' retrieved from /home/ubuntu/endtoend_venv/lib/python3.12/site-packages/airflow/example_dags/example_short_circuit_decorator.py
[2024-06-05T02:33:21.638+0000] {logging_mixin.py:188} INFO - [2024-06-05T02:33:21.638+0000] {dag.py:3096} INFO - Sync 1 DAGs
[2024-06-05T02:33:21.658+0000] {logging_mixin.py:188} INFO - [2024-06-05T02:33:21.658+0000] {dag.py:3954} INFO - Setting next_dagrun for example_short_circuit_decorator to 2024-06-04 00:00:00+00:00, run_after=2024-06-05 00:00:00+00:00
[2024-06-05T02:33:21.684+0000] {processor.py:183} INFO - Processing /home/ubuntu/endtoend_venv/lib/python3.12/site-packages/airflow/example_dags/example_short_circuit_decorator.py took 0.085 seconds
[2024-06-05T02:34:05.575+0000] {processor.py:161} INFO - Started process (PID=15867) to work on /home/ubuntu/endtoend_venv/lib/python3.12/site-packages/airflow/example_dags/example_short_circuit_decorator.py
[2024-06-05T02:34:05.577+0000] {processor.py:830} INFO - Processing file /home/ubuntu/endtoend_venv/lib/python3.12/site-packages/airflow/example_dags/example_short_circuit_decorator.py for tasks to queue
[2024-06-05T02:34:05.578+0000] {logging_mixin.py:188} INFO - [2024-06-05T02:34:05.578+0000] {dagbag.py:545} INFO - Filling up the DagBag from /home/ubuntu/endtoend_venv/lib/python3.12/site-packages/airflow/example_dags/example_short_circuit_decorator.py
[2024-06-05T02:34:05.588+0000] {processor.py:840} INFO - DAG(s) 'example_short_circuit_decorator' retrieved from /home/ubuntu/endtoend_venv/lib/python3.12/site-packages/airflow/example_dags/example_short_circuit_decorator.py
[2024-06-05T02:34:05.608+0000] {logging_mixin.py:188} INFO - [2024-06-05T02:34:05.607+0000] {dag.py:3096} INFO - Sync 1 DAGs
[2024-06-05T02:34:05.627+0000] {logging_mixin.py:188} INFO - [2024-06-05T02:34:05.627+0000] {dag.py:3954} INFO - Setting next_dagrun for example_short_circuit_decorator to 2024-06-04 00:00:00+00:00, run_after=2024-06-05 00:00:00+00:00
[2024-06-05T02:34:05.652+0000] {processor.py:183} INFO - Processing /home/ubuntu/endtoend_venv/lib/python3.12/site-packages/airflow/example_dags/example_short_circuit_decorator.py took 0.082 seconds
