[2024-06-05T02:18:50.639+0000] {processor.py:161} INFO - Started process (PID=14944) to work on /home/ubuntu/endtoend_venv/lib/python3.12/site-packages/airflow/example_dags/example_datasets.py
[2024-06-05T02:18:50.640+0000] {processor.py:830} INFO - Processing file /home/ubuntu/endtoend_venv/lib/python3.12/site-packages/airflow/example_dags/example_datasets.py for tasks to queue
[2024-06-05T02:18:50.642+0000] {logging_mixin.py:188} INFO - [2024-06-05T02:18:50.642+0000] {dagbag.py:545} INFO - Filling up the DagBag from /home/ubuntu/endtoend_venv/lib/python3.12/site-packages/airflow/example_dags/example_datasets.py
[2024-06-05T02:18:50.656+0000] {processor.py:840} INFO - DAG(s) 'consume_1_and_2_with_dataset_expressions', 'dataset_consumes_1_and_2', 'consume_1_or_2_with_dataset_expressions', 'conditional_dataset_and_time_based_timetable', 'consume_1_or_both_2_and_3_with_dataset_expressions', 'dataset_consumes_1_never_scheduled', 'dataset_consumes_unknown_never_scheduled', 'dataset_produces_1', 'dataset_produces_2', 'dataset_consumes_1' retrieved from /home/ubuntu/endtoend_venv/lib/python3.12/site-packages/airflow/example_dags/example_datasets.py
[2024-06-05T02:18:50.771+0000] {logging_mixin.py:188} INFO - [2024-06-05T02:18:50.770+0000] {override.py:1829} INFO - Created Permission View: can read on DAG:consume_1_and_2_with_dataset_expressions
[2024-06-05T02:18:50.784+0000] {logging_mixin.py:188} INFO - [2024-06-05T02:18:50.784+0000] {override.py:1829} INFO - Created Permission View: can delete on DAG:consume_1_and_2_with_dataset_expressions
[2024-06-05T02:18:50.795+0000] {logging_mixin.py:188} INFO - [2024-06-05T02:18:50.795+0000] {override.py:1829} INFO - Created Permission View: can edit on DAG:consume_1_and_2_with_dataset_expressions
[2024-06-05T02:18:50.816+0000] {logging_mixin.py:188} INFO - [2024-06-05T02:18:50.816+0000] {override.py:1829} INFO - Created Permission View: can read on DAG:dataset_consumes_1_and_2
[2024-06-05T02:18:50.827+0000] {logging_mixin.py:188} INFO - [2024-06-05T02:18:50.826+0000] {override.py:1829} INFO - Created Permission View: can delete on DAG:dataset_consumes_1_and_2
[2024-06-05T02:18:50.836+0000] {logging_mixin.py:188} INFO - [2024-06-05T02:18:50.836+0000] {override.py:1829} INFO - Created Permission View: can edit on DAG:dataset_consumes_1_and_2
[2024-06-05T02:18:50.859+0000] {logging_mixin.py:188} INFO - [2024-06-05T02:18:50.859+0000] {override.py:1829} INFO - Created Permission View: can read on DAG:consume_1_or_2_with_dataset_expressions
[2024-06-05T02:18:50.868+0000] {logging_mixin.py:188} INFO - [2024-06-05T02:18:50.867+0000] {override.py:1829} INFO - Created Permission View: can delete on DAG:consume_1_or_2_with_dataset_expressions
[2024-06-05T02:18:50.877+0000] {logging_mixin.py:188} INFO - [2024-06-05T02:18:50.877+0000] {override.py:1829} INFO - Created Permission View: can edit on DAG:consume_1_or_2_with_dataset_expressions
[2024-06-05T02:18:50.898+0000] {logging_mixin.py:188} INFO - [2024-06-05T02:18:50.897+0000] {override.py:1829} INFO - Created Permission View: can read on DAG:conditional_dataset_and_time_based_timetable
[2024-06-05T02:18:50.907+0000] {logging_mixin.py:188} INFO - [2024-06-05T02:18:50.907+0000] {override.py:1829} INFO - Created Permission View: can delete on DAG:conditional_dataset_and_time_based_timetable
[2024-06-05T02:18:50.916+0000] {logging_mixin.py:188} INFO - [2024-06-05T02:18:50.916+0000] {override.py:1829} INFO - Created Permission View: can edit on DAG:conditional_dataset_and_time_based_timetable
[2024-06-05T02:18:50.937+0000] {logging_mixin.py:188} INFO - [2024-06-05T02:18:50.936+0000] {override.py:1829} INFO - Created Permission View: can read on DAG:consume_1_or_both_2_and_3_with_dataset_expressions
[2024-06-05T02:18:50.945+0000] {logging_mixin.py:188} INFO - [2024-06-05T02:18:50.945+0000] {override.py:1829} INFO - Created Permission View: can delete on DAG:consume_1_or_both_2_and_3_with_dataset_expressions
[2024-06-05T02:18:50.954+0000] {logging_mixin.py:188} INFO - [2024-06-05T02:18:50.954+0000] {override.py:1829} INFO - Created Permission View: can edit on DAG:consume_1_or_both_2_and_3_with_dataset_expressions
[2024-06-05T02:18:50.974+0000] {logging_mixin.py:188} INFO - [2024-06-05T02:18:50.974+0000] {override.py:1829} INFO - Created Permission View: can read on DAG:dataset_consumes_1_never_scheduled
[2024-06-05T02:18:50.983+0000] {logging_mixin.py:188} INFO - [2024-06-05T02:18:50.983+0000] {override.py:1829} INFO - Created Permission View: can delete on DAG:dataset_consumes_1_never_scheduled
[2024-06-05T02:18:50.992+0000] {logging_mixin.py:188} INFO - [2024-06-05T02:18:50.992+0000] {override.py:1829} INFO - Created Permission View: can edit on DAG:dataset_consumes_1_never_scheduled
[2024-06-05T02:18:51.012+0000] {logging_mixin.py:188} INFO - [2024-06-05T02:18:51.012+0000] {override.py:1829} INFO - Created Permission View: can read on DAG:dataset_consumes_unknown_never_scheduled
[2024-06-05T02:18:51.022+0000] {logging_mixin.py:188} INFO - [2024-06-05T02:18:51.021+0000] {override.py:1829} INFO - Created Permission View: can delete on DAG:dataset_consumes_unknown_never_scheduled
[2024-06-05T02:18:51.031+0000] {logging_mixin.py:188} INFO - [2024-06-05T02:18:51.031+0000] {override.py:1829} INFO - Created Permission View: can edit on DAG:dataset_consumes_unknown_never_scheduled
[2024-06-05T02:18:51.053+0000] {logging_mixin.py:188} INFO - [2024-06-05T02:18:51.053+0000] {override.py:1829} INFO - Created Permission View: can read on DAG:dataset_produces_1
[2024-06-05T02:18:51.064+0000] {logging_mixin.py:188} INFO - [2024-06-05T02:18:51.064+0000] {override.py:1829} INFO - Created Permission View: can delete on DAG:dataset_produces_1
[2024-06-05T02:18:51.073+0000] {logging_mixin.py:188} INFO - [2024-06-05T02:18:51.073+0000] {override.py:1829} INFO - Created Permission View: can edit on DAG:dataset_produces_1
[2024-06-05T02:18:51.090+0000] {logging_mixin.py:188} INFO - [2024-06-05T02:18:51.090+0000] {override.py:1829} INFO - Created Permission View: can read on DAG:dataset_produces_2
[2024-06-05T02:18:51.100+0000] {logging_mixin.py:188} INFO - [2024-06-05T02:18:51.100+0000] {override.py:1829} INFO - Created Permission View: can delete on DAG:dataset_produces_2
[2024-06-05T02:18:51.109+0000] {logging_mixin.py:188} INFO - [2024-06-05T02:18:51.108+0000] {override.py:1829} INFO - Created Permission View: can edit on DAG:dataset_produces_2
[2024-06-05T02:18:51.129+0000] {logging_mixin.py:188} INFO - [2024-06-05T02:18:51.129+0000] {override.py:1829} INFO - Created Permission View: can read on DAG:dataset_consumes_1
[2024-06-05T02:18:51.138+0000] {logging_mixin.py:188} INFO - [2024-06-05T02:18:51.138+0000] {override.py:1829} INFO - Created Permission View: can delete on DAG:dataset_consumes_1
[2024-06-05T02:18:51.147+0000] {logging_mixin.py:188} INFO - [2024-06-05T02:18:51.147+0000] {override.py:1829} INFO - Created Permission View: can edit on DAG:dataset_consumes_1
[2024-06-05T02:18:51.148+0000] {logging_mixin.py:188} INFO - [2024-06-05T02:18:51.147+0000] {dag.py:3096} INFO - Sync 10 DAGs
[2024-06-05T02:18:51.159+0000] {logging_mixin.py:188} INFO - [2024-06-05T02:18:51.159+0000] {dag.py:3118} INFO - Creating ORM DAG for dataset_consumes_1_and_2
[2024-06-05T02:18:51.160+0000] {logging_mixin.py:188} INFO - [2024-06-05T02:18:51.160+0000] {dag.py:3118} INFO - Creating ORM DAG for dataset_consumes_1_never_scheduled
[2024-06-05T02:18:51.161+0000] {logging_mixin.py:188} INFO - [2024-06-05T02:18:51.160+0000] {dag.py:3118} INFO - Creating ORM DAG for dataset_produces_1
[2024-06-05T02:18:51.161+0000] {logging_mixin.py:188} INFO - [2024-06-05T02:18:51.161+0000] {dag.py:3118} INFO - Creating ORM DAG for consume_1_or_both_2_and_3_with_dataset_expressions
[2024-06-05T02:18:51.162+0000] {logging_mixin.py:188} INFO - [2024-06-05T02:18:51.162+0000] {dag.py:3118} INFO - Creating ORM DAG for consume_1_and_2_with_dataset_expressions
[2024-06-05T02:18:51.162+0000] {logging_mixin.py:188} INFO - [2024-06-05T02:18:51.162+0000] {dag.py:3118} INFO - Creating ORM DAG for conditional_dataset_and_time_based_timetable
[2024-06-05T02:18:51.163+0000] {logging_mixin.py:188} INFO - [2024-06-05T02:18:51.163+0000] {dag.py:3118} INFO - Creating ORM DAG for consume_1_or_2_with_dataset_expressions
[2024-06-05T02:18:51.164+0000] {logging_mixin.py:188} INFO - [2024-06-05T02:18:51.163+0000] {dag.py:3118} INFO - Creating ORM DAG for dataset_consumes_unknown_never_scheduled
[2024-06-05T02:18:51.164+0000] {logging_mixin.py:188} INFO - [2024-06-05T02:18:51.164+0000] {dag.py:3118} INFO - Creating ORM DAG for dataset_consumes_1
[2024-06-05T02:18:51.165+0000] {logging_mixin.py:188} INFO - [2024-06-05T02:18:51.165+0000] {dag.py:3118} INFO - Creating ORM DAG for dataset_produces_2
[2024-06-05T02:18:51.175+0000] {logging_mixin.py:188} INFO - [2024-06-05T02:18:51.174+0000] {dag.py:3954} INFO - Setting next_dagrun for conditional_dataset_and_time_based_timetable to 2024-06-05 01:00:00+00:00, run_after=2024-06-05 01:00:00+00:00
[2024-06-05T02:18:51.175+0000] {logging_mixin.py:188} INFO - [2024-06-05T02:18:51.175+0000] {dag.py:3954} INFO - Setting next_dagrun for consume_1_and_2_with_dataset_expressions to None, run_after=None
[2024-06-05T02:18:51.176+0000] {logging_mixin.py:188} INFO - [2024-06-05T02:18:51.176+0000] {dag.py:3954} INFO - Setting next_dagrun for consume_1_or_2_with_dataset_expressions to None, run_after=None
[2024-06-05T02:18:51.176+0000] {logging_mixin.py:188} INFO - [2024-06-05T02:18:51.176+0000] {dag.py:3954} INFO - Setting next_dagrun for consume_1_or_both_2_and_3_with_dataset_expressions to None, run_after=None
[2024-06-05T02:18:51.177+0000] {logging_mixin.py:188} INFO - [2024-06-05T02:18:51.176+0000] {dag.py:3954} INFO - Setting next_dagrun for dataset_consumes_1 to None, run_after=None
[2024-06-05T02:18:51.177+0000] {logging_mixin.py:188} INFO - [2024-06-05T02:18:51.177+0000] {dag.py:3954} INFO - Setting next_dagrun for dataset_consumes_1_and_2 to None, run_after=None
[2024-06-05T02:18:51.178+0000] {logging_mixin.py:188} INFO - [2024-06-05T02:18:51.178+0000] {dag.py:3954} INFO - Setting next_dagrun for dataset_consumes_1_never_scheduled to None, run_after=None
[2024-06-05T02:18:51.178+0000] {logging_mixin.py:188} INFO - [2024-06-05T02:18:51.178+0000] {dag.py:3954} INFO - Setting next_dagrun for dataset_consumes_unknown_never_scheduled to None, run_after=None
[2024-06-05T02:18:51.180+0000] {logging_mixin.py:188} INFO - [2024-06-05T02:18:51.180+0000] {dag.py:3954} INFO - Setting next_dagrun for dataset_produces_1 to 2024-06-04 00:00:00+00:00, run_after=2024-06-05 00:00:00+00:00
[2024-06-05T02:18:51.181+0000] {logging_mixin.py:188} INFO - [2024-06-05T02:18:51.180+0000] {dag.py:3954} INFO - Setting next_dagrun for dataset_produces_2 to None, run_after=None
[2024-06-05T02:18:51.217+0000] {processor.py:183} INFO - Processing /home/ubuntu/endtoend_venv/lib/python3.12/site-packages/airflow/example_dags/example_datasets.py took 0.583 seconds
[2024-06-05T02:19:42.636+0000] {processor.py:161} INFO - Started process (PID=14995) to work on /home/ubuntu/endtoend_venv/lib/python3.12/site-packages/airflow/example_dags/example_datasets.py
[2024-06-05T02:19:42.637+0000] {processor.py:830} INFO - Processing file /home/ubuntu/endtoend_venv/lib/python3.12/site-packages/airflow/example_dags/example_datasets.py for tasks to queue
[2024-06-05T02:19:42.639+0000] {logging_mixin.py:188} INFO - [2024-06-05T02:19:42.638+0000] {dagbag.py:545} INFO - Filling up the DagBag from /home/ubuntu/endtoend_venv/lib/python3.12/site-packages/airflow/example_dags/example_datasets.py
[2024-06-05T02:19:42.652+0000] {processor.py:840} INFO - DAG(s) 'dataset_produces_2', 'dataset_consumes_1', 'consume_1_and_2_with_dataset_expressions', 'dataset_consumes_1_never_scheduled', 'dataset_produces_1', 'consume_1_or_2_with_dataset_expressions', 'dataset_consumes_unknown_never_scheduled', 'consume_1_or_both_2_and_3_with_dataset_expressions', 'conditional_dataset_and_time_based_timetable', 'dataset_consumes_1_and_2' retrieved from /home/ubuntu/endtoend_venv/lib/python3.12/site-packages/airflow/example_dags/example_datasets.py
[2024-06-05T02:19:42.691+0000] {logging_mixin.py:188} INFO - [2024-06-05T02:19:42.690+0000] {dag.py:3096} INFO - Sync 10 DAGs
[2024-06-05T02:19:42.714+0000] {logging_mixin.py:188} INFO - [2024-06-05T02:19:42.714+0000] {dag.py:3954} INFO - Setting next_dagrun for conditional_dataset_and_time_based_timetable to 2024-06-05 01:00:00+00:00, run_after=2024-06-05 01:00:00+00:00
[2024-06-05T02:19:42.718+0000] {logging_mixin.py:188} INFO - [2024-06-05T02:19:42.717+0000] {dag.py:3954} INFO - Setting next_dagrun for consume_1_and_2_with_dataset_expressions to None, run_after=None
[2024-06-05T02:19:42.719+0000] {logging_mixin.py:188} INFO - [2024-06-05T02:19:42.719+0000] {dag.py:3954} INFO - Setting next_dagrun for consume_1_or_2_with_dataset_expressions to None, run_after=None
[2024-06-05T02:19:42.720+0000] {logging_mixin.py:188} INFO - [2024-06-05T02:19:42.720+0000] {dag.py:3954} INFO - Setting next_dagrun for consume_1_or_both_2_and_3_with_dataset_expressions to None, run_after=None
[2024-06-05T02:19:42.721+0000] {logging_mixin.py:188} INFO - [2024-06-05T02:19:42.720+0000] {dag.py:3954} INFO - Setting next_dagrun for dataset_consumes_1 to None, run_after=None
[2024-06-05T02:19:42.722+0000] {logging_mixin.py:188} INFO - [2024-06-05T02:19:42.721+0000] {dag.py:3954} INFO - Setting next_dagrun for dataset_consumes_1_and_2 to None, run_after=None
[2024-06-05T02:19:42.722+0000] {logging_mixin.py:188} INFO - [2024-06-05T02:19:42.722+0000] {dag.py:3954} INFO - Setting next_dagrun for dataset_consumes_1_never_scheduled to None, run_after=None
[2024-06-05T02:19:42.723+0000] {logging_mixin.py:188} INFO - [2024-06-05T02:19:42.723+0000] {dag.py:3954} INFO - Setting next_dagrun for dataset_consumes_unknown_never_scheduled to None, run_after=None
[2024-06-05T02:19:42.725+0000] {logging_mixin.py:188} INFO - [2024-06-05T02:19:42.725+0000] {dag.py:3954} INFO - Setting next_dagrun for dataset_produces_1 to 2024-06-04 00:00:00+00:00, run_after=2024-06-05 00:00:00+00:00
[2024-06-05T02:19:42.726+0000] {logging_mixin.py:188} INFO - [2024-06-05T02:19:42.726+0000] {dag.py:3954} INFO - Setting next_dagrun for dataset_produces_2 to None, run_after=None
[2024-06-05T02:19:42.758+0000] {processor.py:183} INFO - Processing /home/ubuntu/endtoend_venv/lib/python3.12/site-packages/airflow/example_dags/example_datasets.py took 0.128 seconds
[2024-06-05T02:20:43.495+0000] {processor.py:161} INFO - Started process (PID=15064) to work on /home/ubuntu/endtoend_venv/lib/python3.12/site-packages/airflow/example_dags/example_datasets.py
[2024-06-05T02:20:43.497+0000] {processor.py:830} INFO - Processing file /home/ubuntu/endtoend_venv/lib/python3.12/site-packages/airflow/example_dags/example_datasets.py for tasks to queue
[2024-06-05T02:20:43.498+0000] {logging_mixin.py:188} INFO - [2024-06-05T02:20:43.498+0000] {dagbag.py:545} INFO - Filling up the DagBag from /home/ubuntu/endtoend_venv/lib/python3.12/site-packages/airflow/example_dags/example_datasets.py
[2024-06-05T02:20:43.512+0000] {processor.py:840} INFO - DAG(s) 'consume_1_or_2_with_dataset_expressions', 'dataset_consumes_1_and_2', 'dataset_consumes_unknown_never_scheduled', 'dataset_produces_1', 'consume_1_or_both_2_and_3_with_dataset_expressions', 'dataset_consumes_1', 'conditional_dataset_and_time_based_timetable', 'dataset_consumes_1_never_scheduled', 'consume_1_and_2_with_dataset_expressions', 'dataset_produces_2' retrieved from /home/ubuntu/endtoend_venv/lib/python3.12/site-packages/airflow/example_dags/example_datasets.py
[2024-06-05T02:20:43.550+0000] {logging_mixin.py:188} INFO - [2024-06-05T02:20:43.550+0000] {dag.py:3096} INFO - Sync 10 DAGs
[2024-06-05T02:20:43.574+0000] {logging_mixin.py:188} INFO - [2024-06-05T02:20:43.573+0000] {dag.py:3954} INFO - Setting next_dagrun for conditional_dataset_and_time_based_timetable to 2024-06-05 01:00:00+00:00, run_after=2024-06-05 01:00:00+00:00
[2024-06-05T02:20:43.577+0000] {logging_mixin.py:188} INFO - [2024-06-05T02:20:43.577+0000] {dag.py:3954} INFO - Setting next_dagrun for consume_1_and_2_with_dataset_expressions to None, run_after=None
[2024-06-05T02:20:43.578+0000] {logging_mixin.py:188} INFO - [2024-06-05T02:20:43.578+0000] {dag.py:3954} INFO - Setting next_dagrun for consume_1_or_2_with_dataset_expressions to None, run_after=None
[2024-06-05T02:20:43.579+0000] {logging_mixin.py:188} INFO - [2024-06-05T02:20:43.579+0000] {dag.py:3954} INFO - Setting next_dagrun for consume_1_or_both_2_and_3_with_dataset_expressions to None, run_after=None
[2024-06-05T02:20:43.580+0000] {logging_mixin.py:188} INFO - [2024-06-05T02:20:43.580+0000] {dag.py:3954} INFO - Setting next_dagrun for dataset_consumes_1 to None, run_after=None
[2024-06-05T02:20:43.581+0000] {logging_mixin.py:188} INFO - [2024-06-05T02:20:43.581+0000] {dag.py:3954} INFO - Setting next_dagrun for dataset_consumes_1_and_2 to None, run_after=None
[2024-06-05T02:20:43.582+0000] {logging_mixin.py:188} INFO - [2024-06-05T02:20:43.582+0000] {dag.py:3954} INFO - Setting next_dagrun for dataset_consumes_1_never_scheduled to None, run_after=None
[2024-06-05T02:20:43.583+0000] {logging_mixin.py:188} INFO - [2024-06-05T02:20:43.583+0000] {dag.py:3954} INFO - Setting next_dagrun for dataset_consumes_unknown_never_scheduled to None, run_after=None
[2024-06-05T02:20:43.585+0000] {logging_mixin.py:188} INFO - [2024-06-05T02:20:43.585+0000] {dag.py:3954} INFO - Setting next_dagrun for dataset_produces_1 to 2024-06-04 00:00:00+00:00, run_after=2024-06-05 00:00:00+00:00
[2024-06-05T02:20:43.586+0000] {logging_mixin.py:188} INFO - [2024-06-05T02:20:43.586+0000] {dag.py:3954} INFO - Setting next_dagrun for dataset_produces_2 to None, run_after=None
[2024-06-05T02:20:43.618+0000] {processor.py:183} INFO - Processing /home/ubuntu/endtoend_venv/lib/python3.12/site-packages/airflow/example_dags/example_datasets.py took 0.129 seconds
[2024-06-05T02:21:41.267+0000] {processor.py:161} INFO - Started process (PID=15126) to work on /home/ubuntu/endtoend_venv/lib/python3.12/site-packages/airflow/example_dags/example_datasets.py
[2024-06-05T02:21:41.268+0000] {processor.py:830} INFO - Processing file /home/ubuntu/endtoend_venv/lib/python3.12/site-packages/airflow/example_dags/example_datasets.py for tasks to queue
[2024-06-05T02:21:41.270+0000] {logging_mixin.py:188} INFO - [2024-06-05T02:21:41.269+0000] {dagbag.py:545} INFO - Filling up the DagBag from /home/ubuntu/endtoend_venv/lib/python3.12/site-packages/airflow/example_dags/example_datasets.py
[2024-06-05T02:21:41.283+0000] {processor.py:840} INFO - DAG(s) 'dataset_consumes_1_and_2', 'conditional_dataset_and_time_based_timetable', 'dataset_consumes_1_never_scheduled', 'dataset_consumes_1', 'consume_1_and_2_with_dataset_expressions', 'consume_1_or_2_with_dataset_expressions', 'consume_1_or_both_2_and_3_with_dataset_expressions', 'dataset_consumes_unknown_never_scheduled', 'dataset_produces_2', 'dataset_produces_1' retrieved from /home/ubuntu/endtoend_venv/lib/python3.12/site-packages/airflow/example_dags/example_datasets.py
[2024-06-05T02:21:41.321+0000] {logging_mixin.py:188} INFO - [2024-06-05T02:21:41.321+0000] {dag.py:3096} INFO - Sync 10 DAGs
[2024-06-05T02:21:41.345+0000] {logging_mixin.py:188} INFO - [2024-06-05T02:21:41.345+0000] {dag.py:3954} INFO - Setting next_dagrun for conditional_dataset_and_time_based_timetable to 2024-06-05 01:00:00+00:00, run_after=2024-06-05 01:00:00+00:00
[2024-06-05T02:21:41.348+0000] {logging_mixin.py:188} INFO - [2024-06-05T02:21:41.348+0000] {dag.py:3954} INFO - Setting next_dagrun for consume_1_and_2_with_dataset_expressions to None, run_after=None
[2024-06-05T02:21:41.349+0000] {logging_mixin.py:188} INFO - [2024-06-05T02:21:41.349+0000] {dag.py:3954} INFO - Setting next_dagrun for consume_1_or_2_with_dataset_expressions to None, run_after=None
[2024-06-05T02:21:41.350+0000] {logging_mixin.py:188} INFO - [2024-06-05T02:21:41.350+0000] {dag.py:3954} INFO - Setting next_dagrun for consume_1_or_both_2_and_3_with_dataset_expressions to None, run_after=None
[2024-06-05T02:21:41.351+0000] {logging_mixin.py:188} INFO - [2024-06-05T02:21:41.351+0000] {dag.py:3954} INFO - Setting next_dagrun for dataset_consumes_1 to None, run_after=None
[2024-06-05T02:21:41.352+0000] {logging_mixin.py:188} INFO - [2024-06-05T02:21:41.352+0000] {dag.py:3954} INFO - Setting next_dagrun for dataset_consumes_1_and_2 to None, run_after=None
[2024-06-05T02:21:41.353+0000] {logging_mixin.py:188} INFO - [2024-06-05T02:21:41.353+0000] {dag.py:3954} INFO - Setting next_dagrun for dataset_consumes_1_never_scheduled to None, run_after=None
[2024-06-05T02:21:41.354+0000] {logging_mixin.py:188} INFO - [2024-06-05T02:21:41.354+0000] {dag.py:3954} INFO - Setting next_dagrun for dataset_consumes_unknown_never_scheduled to None, run_after=None
[2024-06-05T02:21:41.356+0000] {logging_mixin.py:188} INFO - [2024-06-05T02:21:41.356+0000] {dag.py:3954} INFO - Setting next_dagrun for dataset_produces_1 to 2024-06-04 00:00:00+00:00, run_after=2024-06-05 00:00:00+00:00
[2024-06-05T02:21:41.357+0000] {logging_mixin.py:188} INFO - [2024-06-05T02:21:41.357+0000] {dag.py:3954} INFO - Setting next_dagrun for dataset_produces_2 to None, run_after=None
[2024-06-05T02:21:41.389+0000] {processor.py:183} INFO - Processing /home/ubuntu/endtoend_venv/lib/python3.12/site-packages/airflow/example_dags/example_datasets.py took 0.129 seconds
[2024-06-05T02:22:37.906+0000] {processor.py:161} INFO - Started process (PID=15184) to work on /home/ubuntu/endtoend_venv/lib/python3.12/site-packages/airflow/example_dags/example_datasets.py
[2024-06-05T02:22:37.908+0000] {processor.py:830} INFO - Processing file /home/ubuntu/endtoend_venv/lib/python3.12/site-packages/airflow/example_dags/example_datasets.py for tasks to queue
[2024-06-05T02:22:37.910+0000] {logging_mixin.py:188} INFO - [2024-06-05T02:22:37.909+0000] {dagbag.py:545} INFO - Filling up the DagBag from /home/ubuntu/endtoend_venv/lib/python3.12/site-packages/airflow/example_dags/example_datasets.py
[2024-06-05T02:22:37.923+0000] {processor.py:840} INFO - DAG(s) 'dataset_consumes_1', 'dataset_consumes_1_and_2', 'conditional_dataset_and_time_based_timetable', 'dataset_produces_2', 'dataset_consumes_1_never_scheduled', 'dataset_produces_1', 'consume_1_and_2_with_dataset_expressions', 'consume_1_or_both_2_and_3_with_dataset_expressions', 'dataset_consumes_unknown_never_scheduled', 'consume_1_or_2_with_dataset_expressions' retrieved from /home/ubuntu/endtoend_venv/lib/python3.12/site-packages/airflow/example_dags/example_datasets.py
[2024-06-05T02:22:37.961+0000] {logging_mixin.py:188} INFO - [2024-06-05T02:22:37.961+0000] {dag.py:3096} INFO - Sync 10 DAGs
[2024-06-05T02:22:37.984+0000] {logging_mixin.py:188} INFO - [2024-06-05T02:22:37.984+0000] {dag.py:3954} INFO - Setting next_dagrun for conditional_dataset_and_time_based_timetable to 2024-06-05 01:00:00+00:00, run_after=2024-06-05 01:00:00+00:00
[2024-06-05T02:22:37.987+0000] {logging_mixin.py:188} INFO - [2024-06-05T02:22:37.987+0000] {dag.py:3954} INFO - Setting next_dagrun for consume_1_and_2_with_dataset_expressions to None, run_after=None
[2024-06-05T02:22:37.990+0000] {logging_mixin.py:188} INFO - [2024-06-05T02:22:37.990+0000] {dag.py:3954} INFO - Setting next_dagrun for consume_1_or_2_with_dataset_expressions to None, run_after=None
[2024-06-05T02:22:37.991+0000] {logging_mixin.py:188} INFO - [2024-06-05T02:22:37.991+0000] {dag.py:3954} INFO - Setting next_dagrun for consume_1_or_both_2_and_3_with_dataset_expressions to None, run_after=None
[2024-06-05T02:22:37.992+0000] {logging_mixin.py:188} INFO - [2024-06-05T02:22:37.991+0000] {dag.py:3954} INFO - Setting next_dagrun for dataset_consumes_1 to None, run_after=None
[2024-06-05T02:22:37.993+0000] {logging_mixin.py:188} INFO - [2024-06-05T02:22:37.992+0000] {dag.py:3954} INFO - Setting next_dagrun for dataset_consumes_1_and_2 to None, run_after=None
[2024-06-05T02:22:37.993+0000] {logging_mixin.py:188} INFO - [2024-06-05T02:22:37.993+0000] {dag.py:3954} INFO - Setting next_dagrun for dataset_consumes_1_never_scheduled to None, run_after=None
[2024-06-05T02:22:37.994+0000] {logging_mixin.py:188} INFO - [2024-06-05T02:22:37.994+0000] {dag.py:3954} INFO - Setting next_dagrun for dataset_consumes_unknown_never_scheduled to None, run_after=None
[2024-06-05T02:22:37.997+0000] {logging_mixin.py:188} INFO - [2024-06-05T02:22:37.996+0000] {dag.py:3954} INFO - Setting next_dagrun for dataset_produces_1 to 2024-06-04 00:00:00+00:00, run_after=2024-06-05 00:00:00+00:00
[2024-06-05T02:22:37.997+0000] {logging_mixin.py:188} INFO - [2024-06-05T02:22:37.997+0000] {dag.py:3954} INFO - Setting next_dagrun for dataset_produces_2 to None, run_after=None
[2024-06-05T02:22:38.030+0000] {processor.py:183} INFO - Processing /home/ubuntu/endtoend_venv/lib/python3.12/site-packages/airflow/example_dags/example_datasets.py took 0.129 seconds
[2024-06-05T02:23:35.078+0000] {processor.py:161} INFO - Started process (PID=15244) to work on /home/ubuntu/endtoend_venv/lib/python3.12/site-packages/airflow/example_dags/example_datasets.py
[2024-06-05T02:23:35.080+0000] {processor.py:830} INFO - Processing file /home/ubuntu/endtoend_venv/lib/python3.12/site-packages/airflow/example_dags/example_datasets.py for tasks to queue
[2024-06-05T02:23:35.082+0000] {logging_mixin.py:188} INFO - [2024-06-05T02:23:35.081+0000] {dagbag.py:545} INFO - Filling up the DagBag from /home/ubuntu/endtoend_venv/lib/python3.12/site-packages/airflow/example_dags/example_datasets.py
[2024-06-05T02:23:35.095+0000] {processor.py:840} INFO - DAG(s) 'dataset_consumes_1', 'consume_1_or_both_2_and_3_with_dataset_expressions', 'dataset_consumes_unknown_never_scheduled', 'dataset_produces_1', 'dataset_consumes_1_and_2', 'dataset_produces_2', 'consume_1_or_2_with_dataset_expressions', 'consume_1_and_2_with_dataset_expressions', 'dataset_consumes_1_never_scheduled', 'conditional_dataset_and_time_based_timetable' retrieved from /home/ubuntu/endtoend_venv/lib/python3.12/site-packages/airflow/example_dags/example_datasets.py
[2024-06-05T02:23:35.133+0000] {logging_mixin.py:188} INFO - [2024-06-05T02:23:35.132+0000] {dag.py:3096} INFO - Sync 10 DAGs
[2024-06-05T02:23:35.156+0000] {logging_mixin.py:188} INFO - [2024-06-05T02:23:35.156+0000] {dag.py:3954} INFO - Setting next_dagrun for conditional_dataset_and_time_based_timetable to 2024-06-05 01:00:00+00:00, run_after=2024-06-05 01:00:00+00:00
[2024-06-05T02:23:35.160+0000] {logging_mixin.py:188} INFO - [2024-06-05T02:23:35.159+0000] {dag.py:3954} INFO - Setting next_dagrun for consume_1_and_2_with_dataset_expressions to None, run_after=None
[2024-06-05T02:23:35.161+0000] {logging_mixin.py:188} INFO - [2024-06-05T02:23:35.160+0000] {dag.py:3954} INFO - Setting next_dagrun for consume_1_or_2_with_dataset_expressions to None, run_after=None
[2024-06-05T02:23:35.162+0000] {logging_mixin.py:188} INFO - [2024-06-05T02:23:35.161+0000] {dag.py:3954} INFO - Setting next_dagrun for consume_1_or_both_2_and_3_with_dataset_expressions to None, run_after=None
[2024-06-05T02:23:35.162+0000] {logging_mixin.py:188} INFO - [2024-06-05T02:23:35.162+0000] {dag.py:3954} INFO - Setting next_dagrun for dataset_consumes_1 to None, run_after=None
[2024-06-05T02:23:35.163+0000] {logging_mixin.py:188} INFO - [2024-06-05T02:23:35.163+0000] {dag.py:3954} INFO - Setting next_dagrun for dataset_consumes_1_and_2 to None, run_after=None
[2024-06-05T02:23:35.164+0000] {logging_mixin.py:188} INFO - [2024-06-05T02:23:35.164+0000] {dag.py:3954} INFO - Setting next_dagrun for dataset_consumes_1_never_scheduled to None, run_after=None
[2024-06-05T02:23:35.165+0000] {logging_mixin.py:188} INFO - [2024-06-05T02:23:35.165+0000] {dag.py:3954} INFO - Setting next_dagrun for dataset_consumes_unknown_never_scheduled to None, run_after=None
[2024-06-05T02:23:35.167+0000] {logging_mixin.py:188} INFO - [2024-06-05T02:23:35.167+0000] {dag.py:3954} INFO - Setting next_dagrun for dataset_produces_1 to 2024-06-04 00:00:00+00:00, run_after=2024-06-05 00:00:00+00:00
[2024-06-05T02:23:35.168+0000] {logging_mixin.py:188} INFO - [2024-06-05T02:23:35.168+0000] {dag.py:3954} INFO - Setting next_dagrun for dataset_produces_2 to None, run_after=None
[2024-06-05T02:23:35.200+0000] {processor.py:183} INFO - Processing /home/ubuntu/endtoend_venv/lib/python3.12/site-packages/airflow/example_dags/example_datasets.py took 0.128 seconds
[2024-06-05T02:25:55.413+0000] {processor.py:161} INFO - Started process (PID=15362) to work on /home/ubuntu/endtoend_venv/lib/python3.12/site-packages/airflow/example_dags/example_datasets.py
[2024-06-05T02:25:55.415+0000] {processor.py:830} INFO - Processing file /home/ubuntu/endtoend_venv/lib/python3.12/site-packages/airflow/example_dags/example_datasets.py for tasks to queue
[2024-06-05T02:25:55.416+0000] {logging_mixin.py:188} INFO - [2024-06-05T02:25:55.416+0000] {dagbag.py:545} INFO - Filling up the DagBag from /home/ubuntu/endtoend_venv/lib/python3.12/site-packages/airflow/example_dags/example_datasets.py
[2024-06-05T02:25:55.430+0000] {processor.py:840} INFO - DAG(s) 'dataset_produces_2', 'consume_1_or_both_2_and_3_with_dataset_expressions', 'dataset_consumes_1_and_2', 'dataset_consumes_1', 'conditional_dataset_and_time_based_timetable', 'dataset_produces_1', 'consume_1_or_2_with_dataset_expressions', 'dataset_consumes_unknown_never_scheduled', 'consume_1_and_2_with_dataset_expressions', 'dataset_consumes_1_never_scheduled' retrieved from /home/ubuntu/endtoend_venv/lib/python3.12/site-packages/airflow/example_dags/example_datasets.py
[2024-06-05T02:25:55.611+0000] {logging_mixin.py:188} INFO - [2024-06-05T02:25:55.610+0000] {dag.py:3096} INFO - Sync 10 DAGs
[2024-06-05T02:25:55.632+0000] {logging_mixin.py:188} INFO - [2024-06-05T02:25:55.632+0000] {dag.py:3954} INFO - Setting next_dagrun for conditional_dataset_and_time_based_timetable to 2024-06-05 01:00:00+00:00, run_after=2024-06-05 01:00:00+00:00
[2024-06-05T02:25:55.635+0000] {logging_mixin.py:188} INFO - [2024-06-05T02:25:55.635+0000] {dag.py:3954} INFO - Setting next_dagrun for consume_1_and_2_with_dataset_expressions to None, run_after=None
[2024-06-05T02:25:55.636+0000] {logging_mixin.py:188} INFO - [2024-06-05T02:25:55.636+0000] {dag.py:3954} INFO - Setting next_dagrun for consume_1_or_2_with_dataset_expressions to None, run_after=None
[2024-06-05T02:25:55.637+0000] {logging_mixin.py:188} INFO - [2024-06-05T02:25:55.637+0000] {dag.py:3954} INFO - Setting next_dagrun for consume_1_or_both_2_and_3_with_dataset_expressions to None, run_after=None
[2024-06-05T02:25:55.638+0000] {logging_mixin.py:188} INFO - [2024-06-05T02:25:55.638+0000] {dag.py:3954} INFO - Setting next_dagrun for dataset_consumes_1 to None, run_after=None
[2024-06-05T02:25:55.639+0000] {logging_mixin.py:188} INFO - [2024-06-05T02:25:55.639+0000] {dag.py:3954} INFO - Setting next_dagrun for dataset_consumes_1_and_2 to None, run_after=None
[2024-06-05T02:25:55.640+0000] {logging_mixin.py:188} INFO - [2024-06-05T02:25:55.640+0000] {dag.py:3954} INFO - Setting next_dagrun for dataset_consumes_1_never_scheduled to None, run_after=None
[2024-06-05T02:25:55.641+0000] {logging_mixin.py:188} INFO - [2024-06-05T02:25:55.641+0000] {dag.py:3954} INFO - Setting next_dagrun for dataset_consumes_unknown_never_scheduled to None, run_after=None
[2024-06-05T02:25:55.643+0000] {logging_mixin.py:188} INFO - [2024-06-05T02:25:55.643+0000] {dag.py:3954} INFO - Setting next_dagrun for dataset_produces_1 to 2024-06-04 00:00:00+00:00, run_after=2024-06-05 00:00:00+00:00
[2024-06-05T02:25:55.644+0000] {logging_mixin.py:188} INFO - [2024-06-05T02:25:55.644+0000] {dag.py:3954} INFO - Setting next_dagrun for dataset_produces_2 to None, run_after=None
[2024-06-05T02:25:55.679+0000] {processor.py:183} INFO - Processing /home/ubuntu/endtoend_venv/lib/python3.12/site-packages/airflow/example_dags/example_datasets.py took 0.271 seconds
[2024-06-05T02:26:48.365+0000] {processor.py:161} INFO - Started process (PID=15413) to work on /home/ubuntu/endtoend_venv/lib/python3.12/site-packages/airflow/example_dags/example_datasets.py
[2024-06-05T02:26:48.366+0000] {processor.py:830} INFO - Processing file /home/ubuntu/endtoend_venv/lib/python3.12/site-packages/airflow/example_dags/example_datasets.py for tasks to queue
[2024-06-05T02:26:48.368+0000] {logging_mixin.py:188} INFO - [2024-06-05T02:26:48.368+0000] {dagbag.py:545} INFO - Filling up the DagBag from /home/ubuntu/endtoend_venv/lib/python3.12/site-packages/airflow/example_dags/example_datasets.py
[2024-06-05T02:26:48.382+0000] {processor.py:840} INFO - DAG(s) 'dataset_produces_2', 'dataset_produces_1', 'conditional_dataset_and_time_based_timetable', 'dataset_consumes_1_never_scheduled', 'dataset_consumes_1', 'consume_1_or_2_with_dataset_expressions', 'dataset_consumes_1_and_2', 'consume_1_and_2_with_dataset_expressions', 'consume_1_or_both_2_and_3_with_dataset_expressions', 'dataset_consumes_unknown_never_scheduled' retrieved from /home/ubuntu/endtoend_venv/lib/python3.12/site-packages/airflow/example_dags/example_datasets.py
[2024-06-05T02:26:48.422+0000] {logging_mixin.py:188} INFO - [2024-06-05T02:26:48.421+0000] {dag.py:3096} INFO - Sync 10 DAGs
[2024-06-05T02:26:48.446+0000] {logging_mixin.py:188} INFO - [2024-06-05T02:26:48.445+0000] {dag.py:3954} INFO - Setting next_dagrun for conditional_dataset_and_time_based_timetable to 2024-06-05 01:00:00+00:00, run_after=2024-06-05 01:00:00+00:00
[2024-06-05T02:26:48.449+0000] {logging_mixin.py:188} INFO - [2024-06-05T02:26:48.449+0000] {dag.py:3954} INFO - Setting next_dagrun for consume_1_and_2_with_dataset_expressions to None, run_after=None
[2024-06-05T02:26:48.450+0000] {logging_mixin.py:188} INFO - [2024-06-05T02:26:48.450+0000] {dag.py:3954} INFO - Setting next_dagrun for consume_1_or_2_with_dataset_expressions to None, run_after=None
[2024-06-05T02:26:48.451+0000] {logging_mixin.py:188} INFO - [2024-06-05T02:26:48.451+0000] {dag.py:3954} INFO - Setting next_dagrun for consume_1_or_both_2_and_3_with_dataset_expressions to None, run_after=None
[2024-06-05T02:26:48.452+0000] {logging_mixin.py:188} INFO - [2024-06-05T02:26:48.452+0000] {dag.py:3954} INFO - Setting next_dagrun for dataset_consumes_1 to None, run_after=None
[2024-06-05T02:26:48.453+0000] {logging_mixin.py:188} INFO - [2024-06-05T02:26:48.453+0000] {dag.py:3954} INFO - Setting next_dagrun for dataset_consumes_1_and_2 to None, run_after=None
[2024-06-05T02:26:48.454+0000] {logging_mixin.py:188} INFO - [2024-06-05T02:26:48.454+0000] {dag.py:3954} INFO - Setting next_dagrun for dataset_consumes_1_never_scheduled to None, run_after=None
[2024-06-05T02:26:48.455+0000] {logging_mixin.py:188} INFO - [2024-06-05T02:26:48.455+0000] {dag.py:3954} INFO - Setting next_dagrun for dataset_consumes_unknown_never_scheduled to None, run_after=None
[2024-06-05T02:26:48.457+0000] {logging_mixin.py:188} INFO - [2024-06-05T02:26:48.457+0000] {dag.py:3954} INFO - Setting next_dagrun for dataset_produces_1 to 2024-06-04 00:00:00+00:00, run_after=2024-06-05 00:00:00+00:00
[2024-06-05T02:26:48.458+0000] {logging_mixin.py:188} INFO - [2024-06-05T02:26:48.458+0000] {dag.py:3954} INFO - Setting next_dagrun for dataset_produces_2 to None, run_after=None
[2024-06-05T02:26:48.493+0000] {processor.py:183} INFO - Processing /home/ubuntu/endtoend_venv/lib/python3.12/site-packages/airflow/example_dags/example_datasets.py took 0.134 seconds
[2024-06-05T02:27:47.112+0000] {processor.py:161} INFO - Started process (PID=15474) to work on /home/ubuntu/endtoend_venv/lib/python3.12/site-packages/airflow/example_dags/example_datasets.py
[2024-06-05T02:27:47.114+0000] {processor.py:830} INFO - Processing file /home/ubuntu/endtoend_venv/lib/python3.12/site-packages/airflow/example_dags/example_datasets.py for tasks to queue
[2024-06-05T02:27:47.115+0000] {logging_mixin.py:188} INFO - [2024-06-05T02:27:47.115+0000] {dagbag.py:545} INFO - Filling up the DagBag from /home/ubuntu/endtoend_venv/lib/python3.12/site-packages/airflow/example_dags/example_datasets.py
[2024-06-05T02:27:47.129+0000] {processor.py:840} INFO - DAG(s) 'consume_1_or_both_2_and_3_with_dataset_expressions', 'consume_1_and_2_with_dataset_expressions', 'dataset_consumes_1_never_scheduled', 'consume_1_or_2_with_dataset_expressions', 'dataset_consumes_unknown_never_scheduled', 'dataset_produces_1', 'conditional_dataset_and_time_based_timetable', 'dataset_consumes_1_and_2', 'dataset_produces_2', 'dataset_consumes_1' retrieved from /home/ubuntu/endtoend_venv/lib/python3.12/site-packages/airflow/example_dags/example_datasets.py
[2024-06-05T02:27:47.167+0000] {logging_mixin.py:188} INFO - [2024-06-05T02:27:47.167+0000] {dag.py:3096} INFO - Sync 10 DAGs
[2024-06-05T02:27:47.191+0000] {logging_mixin.py:188} INFO - [2024-06-05T02:27:47.191+0000] {dag.py:3954} INFO - Setting next_dagrun for conditional_dataset_and_time_based_timetable to 2024-06-05 01:00:00+00:00, run_after=2024-06-05 01:00:00+00:00
[2024-06-05T02:27:47.194+0000] {logging_mixin.py:188} INFO - [2024-06-05T02:27:47.194+0000] {dag.py:3954} INFO - Setting next_dagrun for consume_1_and_2_with_dataset_expressions to None, run_after=None
[2024-06-05T02:27:47.195+0000] {logging_mixin.py:188} INFO - [2024-06-05T02:27:47.195+0000] {dag.py:3954} INFO - Setting next_dagrun for consume_1_or_2_with_dataset_expressions to None, run_after=None
[2024-06-05T02:27:47.196+0000] {logging_mixin.py:188} INFO - [2024-06-05T02:27:47.196+0000] {dag.py:3954} INFO - Setting next_dagrun for consume_1_or_both_2_and_3_with_dataset_expressions to None, run_after=None
[2024-06-05T02:27:47.197+0000] {logging_mixin.py:188} INFO - [2024-06-05T02:27:47.197+0000] {dag.py:3954} INFO - Setting next_dagrun for dataset_consumes_1 to None, run_after=None
[2024-06-05T02:27:47.198+0000] {logging_mixin.py:188} INFO - [2024-06-05T02:27:47.198+0000] {dag.py:3954} INFO - Setting next_dagrun for dataset_consumes_1_and_2 to None, run_after=None
[2024-06-05T02:27:47.199+0000] {logging_mixin.py:188} INFO - [2024-06-05T02:27:47.199+0000] {dag.py:3954} INFO - Setting next_dagrun for dataset_consumes_1_never_scheduled to None, run_after=None
[2024-06-05T02:27:47.200+0000] {logging_mixin.py:188} INFO - [2024-06-05T02:27:47.200+0000] {dag.py:3954} INFO - Setting next_dagrun for dataset_consumes_unknown_never_scheduled to None, run_after=None
[2024-06-05T02:27:47.202+0000] {logging_mixin.py:188} INFO - [2024-06-05T02:27:47.202+0000] {dag.py:3954} INFO - Setting next_dagrun for dataset_produces_1 to 2024-06-04 00:00:00+00:00, run_after=2024-06-05 00:00:00+00:00
[2024-06-05T02:27:47.203+0000] {logging_mixin.py:188} INFO - [2024-06-05T02:27:47.203+0000] {dag.py:3954} INFO - Setting next_dagrun for dataset_produces_2 to None, run_after=None
[2024-06-05T02:27:47.235+0000] {processor.py:183} INFO - Processing /home/ubuntu/endtoend_venv/lib/python3.12/site-packages/airflow/example_dags/example_datasets.py took 0.129 seconds
[2024-06-05T02:28:50.704+0000] {processor.py:161} INFO - Started process (PID=15539) to work on /home/ubuntu/endtoend_venv/lib/python3.12/site-packages/airflow/example_dags/example_datasets.py
[2024-06-05T02:28:50.705+0000] {processor.py:830} INFO - Processing file /home/ubuntu/endtoend_venv/lib/python3.12/site-packages/airflow/example_dags/example_datasets.py for tasks to queue
[2024-06-05T02:28:50.707+0000] {logging_mixin.py:188} INFO - [2024-06-05T02:28:50.707+0000] {dagbag.py:545} INFO - Filling up the DagBag from /home/ubuntu/endtoend_venv/lib/python3.12/site-packages/airflow/example_dags/example_datasets.py
[2024-06-05T02:28:50.720+0000] {processor.py:840} INFO - DAG(s) 'dataset_consumes_1_never_scheduled', 'consume_1_or_2_with_dataset_expressions', 'dataset_consumes_unknown_never_scheduled', 'consume_1_or_both_2_and_3_with_dataset_expressions', 'dataset_produces_1', 'conditional_dataset_and_time_based_timetable', 'consume_1_and_2_with_dataset_expressions', 'dataset_produces_2', 'dataset_consumes_1_and_2', 'dataset_consumes_1' retrieved from /home/ubuntu/endtoend_venv/lib/python3.12/site-packages/airflow/example_dags/example_datasets.py
[2024-06-05T02:28:50.758+0000] {logging_mixin.py:188} INFO - [2024-06-05T02:28:50.758+0000] {dag.py:3096} INFO - Sync 10 DAGs
[2024-06-05T02:28:50.781+0000] {logging_mixin.py:188} INFO - [2024-06-05T02:28:50.781+0000] {dag.py:3954} INFO - Setting next_dagrun for conditional_dataset_and_time_based_timetable to 2024-06-05 01:00:00+00:00, run_after=2024-06-05 01:00:00+00:00
[2024-06-05T02:28:50.785+0000] {logging_mixin.py:188} INFO - [2024-06-05T02:28:50.785+0000] {dag.py:3954} INFO - Setting next_dagrun for consume_1_and_2_with_dataset_expressions to None, run_after=None
[2024-06-05T02:28:50.786+0000] {logging_mixin.py:188} INFO - [2024-06-05T02:28:50.786+0000] {dag.py:3954} INFO - Setting next_dagrun for consume_1_or_2_with_dataset_expressions to None, run_after=None
[2024-06-05T02:28:50.787+0000] {logging_mixin.py:188} INFO - [2024-06-05T02:28:50.786+0000] {dag.py:3954} INFO - Setting next_dagrun for consume_1_or_both_2_and_3_with_dataset_expressions to None, run_after=None
[2024-06-05T02:28:50.788+0000] {logging_mixin.py:188} INFO - [2024-06-05T02:28:50.787+0000] {dag.py:3954} INFO - Setting next_dagrun for dataset_consumes_1 to None, run_after=None
[2024-06-05T02:28:50.788+0000] {logging_mixin.py:188} INFO - [2024-06-05T02:28:50.788+0000] {dag.py:3954} INFO - Setting next_dagrun for dataset_consumes_1_and_2 to None, run_after=None
[2024-06-05T02:28:50.789+0000] {logging_mixin.py:188} INFO - [2024-06-05T02:28:50.789+0000] {dag.py:3954} INFO - Setting next_dagrun for dataset_consumes_1_never_scheduled to None, run_after=None
[2024-06-05T02:28:50.790+0000] {logging_mixin.py:188} INFO - [2024-06-05T02:28:50.790+0000] {dag.py:3954} INFO - Setting next_dagrun for dataset_consumes_unknown_never_scheduled to None, run_after=None
[2024-06-05T02:28:50.792+0000] {logging_mixin.py:188} INFO - [2024-06-05T02:28:50.792+0000] {dag.py:3954} INFO - Setting next_dagrun for dataset_produces_1 to 2024-06-04 00:00:00+00:00, run_after=2024-06-05 00:00:00+00:00
[2024-06-05T02:28:50.793+0000] {logging_mixin.py:188} INFO - [2024-06-05T02:28:50.793+0000] {dag.py:3954} INFO - Setting next_dagrun for dataset_produces_2 to None, run_after=None
[2024-06-05T02:28:50.825+0000] {processor.py:183} INFO - Processing /home/ubuntu/endtoend_venv/lib/python3.12/site-packages/airflow/example_dags/example_datasets.py took 0.127 seconds
[2024-06-05T02:29:53.805+0000] {processor.py:161} INFO - Started process (PID=15608) to work on /home/ubuntu/endtoend_venv/lib/python3.12/site-packages/airflow/example_dags/example_datasets.py
[2024-06-05T02:29:53.806+0000] {processor.py:830} INFO - Processing file /home/ubuntu/endtoend_venv/lib/python3.12/site-packages/airflow/example_dags/example_datasets.py for tasks to queue
[2024-06-05T02:29:53.808+0000] {logging_mixin.py:188} INFO - [2024-06-05T02:29:53.808+0000] {dagbag.py:545} INFO - Filling up the DagBag from /home/ubuntu/endtoend_venv/lib/python3.12/site-packages/airflow/example_dags/example_datasets.py
[2024-06-05T02:29:53.822+0000] {processor.py:840} INFO - DAG(s) 'dataset_consumes_unknown_never_scheduled', 'dataset_consumes_1_never_scheduled', 'dataset_consumes_1_and_2', 'conditional_dataset_and_time_based_timetable', 'consume_1_and_2_with_dataset_expressions', 'dataset_consumes_1', 'dataset_produces_2', 'dataset_produces_1', 'consume_1_or_2_with_dataset_expressions', 'consume_1_or_both_2_and_3_with_dataset_expressions' retrieved from /home/ubuntu/endtoend_venv/lib/python3.12/site-packages/airflow/example_dags/example_datasets.py
[2024-06-05T02:29:53.861+0000] {logging_mixin.py:188} INFO - [2024-06-05T02:29:53.861+0000] {dag.py:3096} INFO - Sync 10 DAGs
[2024-06-05T02:29:53.885+0000] {logging_mixin.py:188} INFO - [2024-06-05T02:29:53.885+0000] {dag.py:3954} INFO - Setting next_dagrun for conditional_dataset_and_time_based_timetable to 2024-06-05 01:00:00+00:00, run_after=2024-06-05 01:00:00+00:00
[2024-06-05T02:29:53.888+0000] {logging_mixin.py:188} INFO - [2024-06-05T02:29:53.888+0000] {dag.py:3954} INFO - Setting next_dagrun for consume_1_and_2_with_dataset_expressions to None, run_after=None
[2024-06-05T02:29:53.889+0000] {logging_mixin.py:188} INFO - [2024-06-05T02:29:53.889+0000] {dag.py:3954} INFO - Setting next_dagrun for consume_1_or_2_with_dataset_expressions to None, run_after=None
[2024-06-05T02:29:53.890+0000] {logging_mixin.py:188} INFO - [2024-06-05T02:29:53.890+0000] {dag.py:3954} INFO - Setting next_dagrun for consume_1_or_both_2_and_3_with_dataset_expressions to None, run_after=None
[2024-06-05T02:29:53.891+0000] {logging_mixin.py:188} INFO - [2024-06-05T02:29:53.891+0000] {dag.py:3954} INFO - Setting next_dagrun for dataset_consumes_1 to None, run_after=None
[2024-06-05T02:29:53.892+0000] {logging_mixin.py:188} INFO - [2024-06-05T02:29:53.892+0000] {dag.py:3954} INFO - Setting next_dagrun for dataset_consumes_1_and_2 to None, run_after=None
[2024-06-05T02:29:53.893+0000] {logging_mixin.py:188} INFO - [2024-06-05T02:29:53.893+0000] {dag.py:3954} INFO - Setting next_dagrun for dataset_consumes_1_never_scheduled to None, run_after=None
[2024-06-05T02:29:53.894+0000] {logging_mixin.py:188} INFO - [2024-06-05T02:29:53.894+0000] {dag.py:3954} INFO - Setting next_dagrun for dataset_consumes_unknown_never_scheduled to None, run_after=None
[2024-06-05T02:29:53.896+0000] {logging_mixin.py:188} INFO - [2024-06-05T02:29:53.896+0000] {dag.py:3954} INFO - Setting next_dagrun for dataset_produces_1 to 2024-06-04 00:00:00+00:00, run_after=2024-06-05 00:00:00+00:00
[2024-06-05T02:29:53.897+0000] {logging_mixin.py:188} INFO - [2024-06-05T02:29:53.897+0000] {dag.py:3954} INFO - Setting next_dagrun for dataset_produces_2 to None, run_after=None
[2024-06-05T02:29:53.930+0000] {processor.py:183} INFO - Processing /home/ubuntu/endtoend_venv/lib/python3.12/site-packages/airflow/example_dags/example_datasets.py took 0.131 seconds
[2024-06-05T02:30:56.143+0000] {processor.py:161} INFO - Started process (PID=15676) to work on /home/ubuntu/endtoend_venv/lib/python3.12/site-packages/airflow/example_dags/example_datasets.py
[2024-06-05T02:30:56.144+0000] {processor.py:830} INFO - Processing file /home/ubuntu/endtoend_venv/lib/python3.12/site-packages/airflow/example_dags/example_datasets.py for tasks to queue
[2024-06-05T02:30:56.146+0000] {logging_mixin.py:188} INFO - [2024-06-05T02:30:56.145+0000] {dagbag.py:545} INFO - Filling up the DagBag from /home/ubuntu/endtoend_venv/lib/python3.12/site-packages/airflow/example_dags/example_datasets.py
[2024-06-05T02:30:56.159+0000] {processor.py:840} INFO - DAG(s) 'dataset_consumes_1', 'conditional_dataset_and_time_based_timetable', 'dataset_consumes_1_never_scheduled', 'consume_1_and_2_with_dataset_expressions', 'dataset_consumes_unknown_never_scheduled', 'dataset_consumes_1_and_2', 'dataset_produces_1', 'consume_1_or_both_2_and_3_with_dataset_expressions', 'consume_1_or_2_with_dataset_expressions', 'dataset_produces_2' retrieved from /home/ubuntu/endtoend_venv/lib/python3.12/site-packages/airflow/example_dags/example_datasets.py
[2024-06-05T02:30:56.197+0000] {logging_mixin.py:188} INFO - [2024-06-05T02:30:56.197+0000] {dag.py:3096} INFO - Sync 10 DAGs
[2024-06-05T02:30:56.221+0000] {logging_mixin.py:188} INFO - [2024-06-05T02:30:56.221+0000] {dag.py:3954} INFO - Setting next_dagrun for conditional_dataset_and_time_based_timetable to 2024-06-05 01:00:00+00:00, run_after=2024-06-05 01:00:00+00:00
[2024-06-05T02:30:56.225+0000] {logging_mixin.py:188} INFO - [2024-06-05T02:30:56.225+0000] {dag.py:3954} INFO - Setting next_dagrun for consume_1_and_2_with_dataset_expressions to None, run_after=None
[2024-06-05T02:30:56.226+0000] {logging_mixin.py:188} INFO - [2024-06-05T02:30:56.226+0000] {dag.py:3954} INFO - Setting next_dagrun for consume_1_or_2_with_dataset_expressions to None, run_after=None
[2024-06-05T02:30:56.227+0000] {logging_mixin.py:188} INFO - [2024-06-05T02:30:56.227+0000] {dag.py:3954} INFO - Setting next_dagrun for consume_1_or_both_2_and_3_with_dataset_expressions to None, run_after=None
[2024-06-05T02:30:56.228+0000] {logging_mixin.py:188} INFO - [2024-06-05T02:30:56.227+0000] {dag.py:3954} INFO - Setting next_dagrun for dataset_consumes_1 to None, run_after=None
[2024-06-05T02:30:56.229+0000] {logging_mixin.py:188} INFO - [2024-06-05T02:30:56.228+0000] {dag.py:3954} INFO - Setting next_dagrun for dataset_consumes_1_and_2 to None, run_after=None
[2024-06-05T02:30:56.230+0000] {logging_mixin.py:188} INFO - [2024-06-05T02:30:56.229+0000] {dag.py:3954} INFO - Setting next_dagrun for dataset_consumes_1_never_scheduled to None, run_after=None
[2024-06-05T02:30:56.230+0000] {logging_mixin.py:188} INFO - [2024-06-05T02:30:56.230+0000] {dag.py:3954} INFO - Setting next_dagrun for dataset_consumes_unknown_never_scheduled to None, run_after=None
[2024-06-05T02:30:56.233+0000] {logging_mixin.py:188} INFO - [2024-06-05T02:30:56.232+0000] {dag.py:3954} INFO - Setting next_dagrun for dataset_produces_1 to 2024-06-04 00:00:00+00:00, run_after=2024-06-05 00:00:00+00:00
[2024-06-05T02:30:56.233+0000] {logging_mixin.py:188} INFO - [2024-06-05T02:30:56.233+0000] {dag.py:3954} INFO - Setting next_dagrun for dataset_produces_2 to None, run_after=None
[2024-06-05T02:30:56.265+0000] {processor.py:183} INFO - Processing /home/ubuntu/endtoend_venv/lib/python3.12/site-packages/airflow/example_dags/example_datasets.py took 0.128 seconds
[2024-06-05T02:32:01.635+0000] {processor.py:161} INFO - Started process (PID=15743) to work on /home/ubuntu/endtoend_venv/lib/python3.12/site-packages/airflow/example_dags/example_datasets.py
[2024-06-05T02:32:01.637+0000] {processor.py:830} INFO - Processing file /home/ubuntu/endtoend_venv/lib/python3.12/site-packages/airflow/example_dags/example_datasets.py for tasks to queue
[2024-06-05T02:32:01.639+0000] {logging_mixin.py:188} INFO - [2024-06-05T02:32:01.638+0000] {dagbag.py:545} INFO - Filling up the DagBag from /home/ubuntu/endtoend_venv/lib/python3.12/site-packages/airflow/example_dags/example_datasets.py
[2024-06-05T02:32:01.653+0000] {processor.py:840} INFO - DAG(s) 'consume_1_and_2_with_dataset_expressions', 'dataset_consumes_1_never_scheduled', 'dataset_produces_1', 'conditional_dataset_and_time_based_timetable', 'dataset_consumes_1_and_2', 'dataset_produces_2', 'consume_1_or_2_with_dataset_expressions', 'dataset_consumes_unknown_never_scheduled', 'consume_1_or_both_2_and_3_with_dataset_expressions', 'dataset_consumes_1' retrieved from /home/ubuntu/endtoend_venv/lib/python3.12/site-packages/airflow/example_dags/example_datasets.py
[2024-06-05T02:32:01.693+0000] {logging_mixin.py:188} INFO - [2024-06-05T02:32:01.693+0000] {dag.py:3096} INFO - Sync 10 DAGs
[2024-06-05T02:32:01.718+0000] {logging_mixin.py:188} INFO - [2024-06-05T02:32:01.717+0000] {dag.py:3954} INFO - Setting next_dagrun for conditional_dataset_and_time_based_timetable to 2024-06-05 01:00:00+00:00, run_after=2024-06-05 01:00:00+00:00
[2024-06-05T02:32:01.723+0000] {logging_mixin.py:188} INFO - [2024-06-05T02:32:01.723+0000] {dag.py:3954} INFO - Setting next_dagrun for consume_1_and_2_with_dataset_expressions to None, run_after=None
[2024-06-05T02:32:01.724+0000] {logging_mixin.py:188} INFO - [2024-06-05T02:32:01.724+0000] {dag.py:3954} INFO - Setting next_dagrun for consume_1_or_2_with_dataset_expressions to None, run_after=None
[2024-06-05T02:32:01.725+0000] {logging_mixin.py:188} INFO - [2024-06-05T02:32:01.725+0000] {dag.py:3954} INFO - Setting next_dagrun for consume_1_or_both_2_and_3_with_dataset_expressions to None, run_after=None
[2024-06-05T02:32:01.726+0000] {logging_mixin.py:188} INFO - [2024-06-05T02:32:01.726+0000] {dag.py:3954} INFO - Setting next_dagrun for dataset_consumes_1 to None, run_after=None
[2024-06-05T02:32:01.727+0000] {logging_mixin.py:188} INFO - [2024-06-05T02:32:01.727+0000] {dag.py:3954} INFO - Setting next_dagrun for dataset_consumes_1_and_2 to None, run_after=None
[2024-06-05T02:32:01.728+0000] {logging_mixin.py:188} INFO - [2024-06-05T02:32:01.727+0000] {dag.py:3954} INFO - Setting next_dagrun for dataset_consumes_1_never_scheduled to None, run_after=None
[2024-06-05T02:32:01.729+0000] {logging_mixin.py:188} INFO - [2024-06-05T02:32:01.728+0000] {dag.py:3954} INFO - Setting next_dagrun for dataset_consumes_unknown_never_scheduled to None, run_after=None
[2024-06-05T02:32:01.731+0000] {logging_mixin.py:188} INFO - [2024-06-05T02:32:01.731+0000] {dag.py:3954} INFO - Setting next_dagrun for dataset_produces_1 to 2024-06-04 00:00:00+00:00, run_after=2024-06-05 00:00:00+00:00
[2024-06-05T02:32:01.732+0000] {logging_mixin.py:188} INFO - [2024-06-05T02:32:01.732+0000] {dag.py:3954} INFO - Setting next_dagrun for dataset_produces_2 to None, run_after=None
[2024-06-05T02:32:01.767+0000] {processor.py:183} INFO - Processing /home/ubuntu/endtoend_venv/lib/python3.12/site-packages/airflow/example_dags/example_datasets.py took 0.138 seconds
[2024-06-05T02:33:03.675+0000] {processor.py:161} INFO - Started process (PID=15805) to work on /home/ubuntu/endtoend_venv/lib/python3.12/site-packages/airflow/example_dags/example_datasets.py
[2024-06-05T02:33:03.677+0000] {processor.py:830} INFO - Processing file /home/ubuntu/endtoend_venv/lib/python3.12/site-packages/airflow/example_dags/example_datasets.py for tasks to queue
[2024-06-05T02:33:03.679+0000] {logging_mixin.py:188} INFO - [2024-06-05T02:33:03.678+0000] {dagbag.py:545} INFO - Filling up the DagBag from /home/ubuntu/endtoend_venv/lib/python3.12/site-packages/airflow/example_dags/example_datasets.py
[2024-06-05T02:33:03.692+0000] {processor.py:840} INFO - DAG(s) 'dataset_consumes_1_and_2', 'dataset_consumes_1_never_scheduled', 'dataset_consumes_unknown_never_scheduled', 'consume_1_and_2_with_dataset_expressions', 'conditional_dataset_and_time_based_timetable', 'consume_1_or_2_with_dataset_expressions', 'dataset_consumes_1', 'dataset_produces_2', 'dataset_produces_1', 'consume_1_or_both_2_and_3_with_dataset_expressions' retrieved from /home/ubuntu/endtoend_venv/lib/python3.12/site-packages/airflow/example_dags/example_datasets.py
[2024-06-05T02:33:03.730+0000] {logging_mixin.py:188} INFO - [2024-06-05T02:33:03.730+0000] {dag.py:3096} INFO - Sync 10 DAGs
[2024-06-05T02:33:03.754+0000] {logging_mixin.py:188} INFO - [2024-06-05T02:33:03.754+0000] {dag.py:3954} INFO - Setting next_dagrun for conditional_dataset_and_time_based_timetable to 2024-06-05 01:00:00+00:00, run_after=2024-06-05 01:00:00+00:00
[2024-06-05T02:33:03.757+0000] {logging_mixin.py:188} INFO - [2024-06-05T02:33:03.757+0000] {dag.py:3954} INFO - Setting next_dagrun for consume_1_and_2_with_dataset_expressions to None, run_after=None
[2024-06-05T02:33:03.758+0000] {logging_mixin.py:188} INFO - [2024-06-05T02:33:03.758+0000] {dag.py:3954} INFO - Setting next_dagrun for consume_1_or_2_with_dataset_expressions to None, run_after=None
[2024-06-05T02:33:03.759+0000] {logging_mixin.py:188} INFO - [2024-06-05T02:33:03.759+0000] {dag.py:3954} INFO - Setting next_dagrun for consume_1_or_both_2_and_3_with_dataset_expressions to None, run_after=None
[2024-06-05T02:33:03.760+0000] {logging_mixin.py:188} INFO - [2024-06-05T02:33:03.760+0000] {dag.py:3954} INFO - Setting next_dagrun for dataset_consumes_1 to None, run_after=None
[2024-06-05T02:33:03.761+0000] {logging_mixin.py:188} INFO - [2024-06-05T02:33:03.761+0000] {dag.py:3954} INFO - Setting next_dagrun for dataset_consumes_1_and_2 to None, run_after=None
[2024-06-05T02:33:03.762+0000] {logging_mixin.py:188} INFO - [2024-06-05T02:33:03.762+0000] {dag.py:3954} INFO - Setting next_dagrun for dataset_consumes_1_never_scheduled to None, run_after=None
[2024-06-05T02:33:03.763+0000] {logging_mixin.py:188} INFO - [2024-06-05T02:33:03.763+0000] {dag.py:3954} INFO - Setting next_dagrun for dataset_consumes_unknown_never_scheduled to None, run_after=None
[2024-06-05T02:33:03.765+0000] {logging_mixin.py:188} INFO - [2024-06-05T02:33:03.765+0000] {dag.py:3954} INFO - Setting next_dagrun for dataset_produces_1 to 2024-06-04 00:00:00+00:00, run_after=2024-06-05 00:00:00+00:00
[2024-06-05T02:33:03.766+0000] {logging_mixin.py:188} INFO - [2024-06-05T02:33:03.766+0000] {dag.py:3954} INFO - Setting next_dagrun for dataset_produces_2 to None, run_after=None
[2024-06-05T02:33:03.800+0000] {processor.py:183} INFO - Processing /home/ubuntu/endtoend_venv/lib/python3.12/site-packages/airflow/example_dags/example_datasets.py took 0.130 seconds
[2024-06-05T02:34:07.972+0000] {processor.py:161} INFO - Started process (PID=15871) to work on /home/ubuntu/endtoend_venv/lib/python3.12/site-packages/airflow/example_dags/example_datasets.py
[2024-06-05T02:34:07.973+0000] {processor.py:830} INFO - Processing file /home/ubuntu/endtoend_venv/lib/python3.12/site-packages/airflow/example_dags/example_datasets.py for tasks to queue
[2024-06-05T02:34:07.975+0000] {logging_mixin.py:188} INFO - [2024-06-05T02:34:07.974+0000] {dagbag.py:545} INFO - Filling up the DagBag from /home/ubuntu/endtoend_venv/lib/python3.12/site-packages/airflow/example_dags/example_datasets.py
[2024-06-05T02:34:07.988+0000] {processor.py:840} INFO - DAG(s) 'dataset_produces_2', 'consume_1_or_both_2_and_3_with_dataset_expressions', 'dataset_produces_1', 'dataset_consumes_1_and_2', 'consume_1_and_2_with_dataset_expressions', 'dataset_consumes_1', 'consume_1_or_2_with_dataset_expressions', 'conditional_dataset_and_time_based_timetable', 'dataset_consumes_1_never_scheduled', 'dataset_consumes_unknown_never_scheduled' retrieved from /home/ubuntu/endtoend_venv/lib/python3.12/site-packages/airflow/example_dags/example_datasets.py
[2024-06-05T02:34:08.028+0000] {logging_mixin.py:188} INFO - [2024-06-05T02:34:08.028+0000] {dag.py:3096} INFO - Sync 10 DAGs
[2024-06-05T02:34:08.052+0000] {logging_mixin.py:188} INFO - [2024-06-05T02:34:08.052+0000] {dag.py:3954} INFO - Setting next_dagrun for conditional_dataset_and_time_based_timetable to 2024-06-05 01:00:00+00:00, run_after=2024-06-05 01:00:00+00:00
[2024-06-05T02:34:08.056+0000] {logging_mixin.py:188} INFO - [2024-06-05T02:34:08.055+0000] {dag.py:3954} INFO - Setting next_dagrun for consume_1_and_2_with_dataset_expressions to None, run_after=None
[2024-06-05T02:34:08.057+0000] {logging_mixin.py:188} INFO - [2024-06-05T02:34:08.056+0000] {dag.py:3954} INFO - Setting next_dagrun for consume_1_or_2_with_dataset_expressions to None, run_after=None
[2024-06-05T02:34:08.057+0000] {logging_mixin.py:188} INFO - [2024-06-05T02:34:08.057+0000] {dag.py:3954} INFO - Setting next_dagrun for consume_1_or_both_2_and_3_with_dataset_expressions to None, run_after=None
[2024-06-05T02:34:08.058+0000] {logging_mixin.py:188} INFO - [2024-06-05T02:34:08.058+0000] {dag.py:3954} INFO - Setting next_dagrun for dataset_consumes_1 to None, run_after=None
[2024-06-05T02:34:08.059+0000] {logging_mixin.py:188} INFO - [2024-06-05T02:34:08.059+0000] {dag.py:3954} INFO - Setting next_dagrun for dataset_consumes_1_and_2 to None, run_after=None
[2024-06-05T02:34:08.060+0000] {logging_mixin.py:188} INFO - [2024-06-05T02:34:08.060+0000] {dag.py:3954} INFO - Setting next_dagrun for dataset_consumes_1_never_scheduled to None, run_after=None
[2024-06-05T02:34:08.061+0000] {logging_mixin.py:188} INFO - [2024-06-05T02:34:08.061+0000] {dag.py:3954} INFO - Setting next_dagrun for dataset_consumes_unknown_never_scheduled to None, run_after=None
[2024-06-05T02:34:08.063+0000] {logging_mixin.py:188} INFO - [2024-06-05T02:34:08.063+0000] {dag.py:3954} INFO - Setting next_dagrun for dataset_produces_1 to 2024-06-04 00:00:00+00:00, run_after=2024-06-05 00:00:00+00:00
[2024-06-05T02:34:08.064+0000] {logging_mixin.py:188} INFO - [2024-06-05T02:34:08.064+0000] {dag.py:3954} INFO - Setting next_dagrun for dataset_produces_2 to None, run_after=None
[2024-06-05T02:34:08.099+0000] {processor.py:183} INFO - Processing /home/ubuntu/endtoend_venv/lib/python3.12/site-packages/airflow/example_dags/example_datasets.py took 0.134 seconds
