[2024-06-05T02:18:43.236+0000] {processor.py:161} INFO - Started process (PID=14937) to work on /home/ubuntu/endtoend_venv/lib/python3.12/site-packages/airflow/example_dags/example_params_trigger_ui.py
[2024-06-05T02:18:43.237+0000] {processor.py:830} INFO - Processing file /home/ubuntu/endtoend_venv/lib/python3.12/site-packages/airflow/example_dags/example_params_trigger_ui.py for tasks to queue
[2024-06-05T02:18:43.238+0000] {logging_mixin.py:188} INFO - [2024-06-05T02:18:43.238+0000] {dagbag.py:545} INFO - Filling up the DagBag from /home/ubuntu/endtoend_venv/lib/python3.12/site-packages/airflow/example_dags/example_params_trigger_ui.py
[2024-06-05T02:18:43.254+0000] {processor.py:840} INFO - DAG(s) 'example_params_trigger_ui' retrieved from /home/ubuntu/endtoend_venv/lib/python3.12/site-packages/airflow/example_dags/example_params_trigger_ui.py
[2024-06-05T02:18:43.402+0000] {logging_mixin.py:188} INFO - [2024-06-05T02:18:43.401+0000] {override.py:1829} INFO - Created Permission View: can read on DAG:example_params_trigger_ui
[2024-06-05T02:18:43.415+0000] {logging_mixin.py:188} INFO - [2024-06-05T02:18:43.414+0000] {override.py:1829} INFO - Created Permission View: can delete on DAG:example_params_trigger_ui
[2024-06-05T02:18:43.425+0000] {logging_mixin.py:188} INFO - [2024-06-05T02:18:43.425+0000] {override.py:1829} INFO - Created Permission View: can edit on DAG:example_params_trigger_ui
[2024-06-05T02:18:43.425+0000] {logging_mixin.py:188} INFO - [2024-06-05T02:18:43.425+0000] {dag.py:3096} INFO - Sync 1 DAGs
[2024-06-05T02:18:43.436+0000] {logging_mixin.py:188} INFO - [2024-06-05T02:18:43.436+0000] {dag.py:3118} INFO - Creating ORM DAG for example_params_trigger_ui
[2024-06-05T02:18:43.437+0000] {logging_mixin.py:188} INFO - [2024-06-05T02:18:43.436+0000] {dag.py:3954} INFO - Setting next_dagrun for example_params_trigger_ui to None, run_after=None
[2024-06-05T02:18:43.459+0000] {processor.py:183} INFO - Processing /home/ubuntu/endtoend_venv/lib/python3.12/site-packages/airflow/example_dags/example_params_trigger_ui.py took 0.229 seconds
[2024-06-05T02:19:34.922+0000] {processor.py:161} INFO - Started process (PID=14988) to work on /home/ubuntu/endtoend_venv/lib/python3.12/site-packages/airflow/example_dags/example_params_trigger_ui.py
[2024-06-05T02:19:34.924+0000] {processor.py:830} INFO - Processing file /home/ubuntu/endtoend_venv/lib/python3.12/site-packages/airflow/example_dags/example_params_trigger_ui.py for tasks to queue
[2024-06-05T02:19:34.925+0000] {logging_mixin.py:188} INFO - [2024-06-05T02:19:34.925+0000] {dagbag.py:545} INFO - Filling up the DagBag from /home/ubuntu/endtoend_venv/lib/python3.12/site-packages/airflow/example_dags/example_params_trigger_ui.py
[2024-06-05T02:19:34.940+0000] {processor.py:840} INFO - DAG(s) 'example_params_trigger_ui' retrieved from /home/ubuntu/endtoend_venv/lib/python3.12/site-packages/airflow/example_dags/example_params_trigger_ui.py
[2024-06-05T02:19:34.982+0000] {logging_mixin.py:188} INFO - [2024-06-05T02:19:34.982+0000] {dag.py:3096} INFO - Sync 1 DAGs
[2024-06-05T02:19:34.994+0000] {logging_mixin.py:188} INFO - [2024-06-05T02:19:34.994+0000] {dag.py:3954} INFO - Setting next_dagrun for example_params_trigger_ui to None, run_after=None
[2024-06-05T02:19:35.017+0000] {processor.py:183} INFO - Processing /home/ubuntu/endtoend_venv/lib/python3.12/site-packages/airflow/example_dags/example_params_trigger_ui.py took 0.100 seconds
[2024-06-05T02:20:24.533+0000] {processor.py:161} INFO - Started process (PID=15045) to work on /home/ubuntu/endtoend_venv/lib/python3.12/site-packages/airflow/example_dags/example_params_trigger_ui.py
[2024-06-05T02:20:24.534+0000] {processor.py:830} INFO - Processing file /home/ubuntu/endtoend_venv/lib/python3.12/site-packages/airflow/example_dags/example_params_trigger_ui.py for tasks to queue
[2024-06-05T02:20:24.536+0000] {logging_mixin.py:188} INFO - [2024-06-05T02:20:24.535+0000] {dagbag.py:545} INFO - Filling up the DagBag from /home/ubuntu/endtoend_venv/lib/python3.12/site-packages/airflow/example_dags/example_params_trigger_ui.py
[2024-06-05T02:20:24.552+0000] {processor.py:840} INFO - DAG(s) 'example_params_trigger_ui' retrieved from /home/ubuntu/endtoend_venv/lib/python3.12/site-packages/airflow/example_dags/example_params_trigger_ui.py
[2024-06-05T02:20:24.596+0000] {logging_mixin.py:188} INFO - [2024-06-05T02:20:24.596+0000] {dag.py:3096} INFO - Sync 1 DAGs
[2024-06-05T02:20:24.610+0000] {logging_mixin.py:188} INFO - [2024-06-05T02:20:24.609+0000] {dag.py:3954} INFO - Setting next_dagrun for example_params_trigger_ui to None, run_after=None
[2024-06-05T02:20:24.633+0000] {processor.py:183} INFO - Processing /home/ubuntu/endtoend_venv/lib/python3.12/site-packages/airflow/example_dags/example_params_trigger_ui.py took 0.107 seconds
[2024-06-05T02:21:25.650+0000] {processor.py:161} INFO - Started process (PID=15108) to work on /home/ubuntu/endtoend_venv/lib/python3.12/site-packages/airflow/example_dags/example_params_trigger_ui.py
[2024-06-05T02:21:25.651+0000] {processor.py:830} INFO - Processing file /home/ubuntu/endtoend_venv/lib/python3.12/site-packages/airflow/example_dags/example_params_trigger_ui.py for tasks to queue
[2024-06-05T02:21:25.653+0000] {logging_mixin.py:188} INFO - [2024-06-05T02:21:25.652+0000] {dagbag.py:545} INFO - Filling up the DagBag from /home/ubuntu/endtoend_venv/lib/python3.12/site-packages/airflow/example_dags/example_params_trigger_ui.py
[2024-06-05T02:21:25.667+0000] {processor.py:840} INFO - DAG(s) 'example_params_trigger_ui' retrieved from /home/ubuntu/endtoend_venv/lib/python3.12/site-packages/airflow/example_dags/example_params_trigger_ui.py
[2024-06-05T02:21:25.710+0000] {logging_mixin.py:188} INFO - [2024-06-05T02:21:25.709+0000] {dag.py:3096} INFO - Sync 1 DAGs
[2024-06-05T02:21:25.722+0000] {logging_mixin.py:188} INFO - [2024-06-05T02:21:25.722+0000] {dag.py:3954} INFO - Setting next_dagrun for example_params_trigger_ui to None, run_after=None
[2024-06-05T02:21:25.745+0000] {processor.py:183} INFO - Processing /home/ubuntu/endtoend_venv/lib/python3.12/site-packages/airflow/example_dags/example_params_trigger_ui.py took 0.101 seconds
[2024-06-05T02:22:20.683+0000] {processor.py:161} INFO - Started process (PID=15166) to work on /home/ubuntu/endtoend_venv/lib/python3.12/site-packages/airflow/example_dags/example_params_trigger_ui.py
[2024-06-05T02:22:20.685+0000] {processor.py:830} INFO - Processing file /home/ubuntu/endtoend_venv/lib/python3.12/site-packages/airflow/example_dags/example_params_trigger_ui.py for tasks to queue
[2024-06-05T02:22:20.686+0000] {logging_mixin.py:188} INFO - [2024-06-05T02:22:20.686+0000] {dagbag.py:545} INFO - Filling up the DagBag from /home/ubuntu/endtoend_venv/lib/python3.12/site-packages/airflow/example_dags/example_params_trigger_ui.py
[2024-06-05T02:22:20.701+0000] {processor.py:840} INFO - DAG(s) 'example_params_trigger_ui' retrieved from /home/ubuntu/endtoend_venv/lib/python3.12/site-packages/airflow/example_dags/example_params_trigger_ui.py
[2024-06-05T02:22:20.743+0000] {logging_mixin.py:188} INFO - [2024-06-05T02:22:20.743+0000] {dag.py:3096} INFO - Sync 1 DAGs
[2024-06-05T02:22:20.756+0000] {logging_mixin.py:188} INFO - [2024-06-05T02:22:20.756+0000] {dag.py:3954} INFO - Setting next_dagrun for example_params_trigger_ui to None, run_after=None
[2024-06-05T02:22:20.778+0000] {processor.py:183} INFO - Processing /home/ubuntu/endtoend_venv/lib/python3.12/site-packages/airflow/example_dags/example_params_trigger_ui.py took 0.101 seconds
[2024-06-05T02:23:17.896+0000] {processor.py:161} INFO - Started process (PID=15226) to work on /home/ubuntu/endtoend_venv/lib/python3.12/site-packages/airflow/example_dags/example_params_trigger_ui.py
[2024-06-05T02:23:17.898+0000] {processor.py:830} INFO - Processing file /home/ubuntu/endtoend_venv/lib/python3.12/site-packages/airflow/example_dags/example_params_trigger_ui.py for tasks to queue
[2024-06-05T02:23:17.900+0000] {logging_mixin.py:188} INFO - [2024-06-05T02:23:17.899+0000] {dagbag.py:545} INFO - Filling up the DagBag from /home/ubuntu/endtoend_venv/lib/python3.12/site-packages/airflow/example_dags/example_params_trigger_ui.py
[2024-06-05T02:23:17.915+0000] {processor.py:840} INFO - DAG(s) 'example_params_trigger_ui' retrieved from /home/ubuntu/endtoend_venv/lib/python3.12/site-packages/airflow/example_dags/example_params_trigger_ui.py
[2024-06-05T02:23:17.958+0000] {logging_mixin.py:188} INFO - [2024-06-05T02:23:17.957+0000] {dag.py:3096} INFO - Sync 1 DAGs
[2024-06-05T02:23:17.970+0000] {logging_mixin.py:188} INFO - [2024-06-05T02:23:17.970+0000] {dag.py:3954} INFO - Setting next_dagrun for example_params_trigger_ui to None, run_after=None
[2024-06-05T02:23:17.995+0000] {processor.py:183} INFO - Processing /home/ubuntu/endtoend_venv/lib/python3.12/site-packages/airflow/example_dags/example_params_trigger_ui.py took 0.104 seconds
[2024-06-05T02:25:47.793+0000] {processor.py:161} INFO - Started process (PID=15355) to work on /home/ubuntu/endtoend_venv/lib/python3.12/site-packages/airflow/example_dags/example_params_trigger_ui.py
[2024-06-05T02:25:47.794+0000] {processor.py:830} INFO - Processing file /home/ubuntu/endtoend_venv/lib/python3.12/site-packages/airflow/example_dags/example_params_trigger_ui.py for tasks to queue
[2024-06-05T02:25:47.796+0000] {logging_mixin.py:188} INFO - [2024-06-05T02:25:47.795+0000] {dagbag.py:545} INFO - Filling up the DagBag from /home/ubuntu/endtoend_venv/lib/python3.12/site-packages/airflow/example_dags/example_params_trigger_ui.py
[2024-06-05T02:25:47.810+0000] {processor.py:840} INFO - DAG(s) 'example_params_trigger_ui' retrieved from /home/ubuntu/endtoend_venv/lib/python3.12/site-packages/airflow/example_dags/example_params_trigger_ui.py
[2024-06-05T02:25:47.939+0000] {logging_mixin.py:188} INFO - [2024-06-05T02:25:47.939+0000] {dag.py:3096} INFO - Sync 1 DAGs
[2024-06-05T02:25:47.949+0000] {logging_mixin.py:188} INFO - [2024-06-05T02:25:47.949+0000] {dag.py:3954} INFO - Setting next_dagrun for example_params_trigger_ui to None, run_after=None
[2024-06-05T02:25:47.973+0000] {processor.py:183} INFO - Processing /home/ubuntu/endtoend_venv/lib/python3.12/site-packages/airflow/example_dags/example_params_trigger_ui.py took 0.186 seconds
[2024-06-05T02:26:41.207+0000] {processor.py:161} INFO - Started process (PID=15406) to work on /home/ubuntu/endtoend_venv/lib/python3.12/site-packages/airflow/example_dags/example_params_trigger_ui.py
[2024-06-05T02:26:41.209+0000] {processor.py:830} INFO - Processing file /home/ubuntu/endtoend_venv/lib/python3.12/site-packages/airflow/example_dags/example_params_trigger_ui.py for tasks to queue
[2024-06-05T02:26:41.210+0000] {logging_mixin.py:188} INFO - [2024-06-05T02:26:41.210+0000] {dagbag.py:545} INFO - Filling up the DagBag from /home/ubuntu/endtoend_venv/lib/python3.12/site-packages/airflow/example_dags/example_params_trigger_ui.py
[2024-06-05T02:26:41.225+0000] {processor.py:840} INFO - DAG(s) 'example_params_trigger_ui' retrieved from /home/ubuntu/endtoend_venv/lib/python3.12/site-packages/airflow/example_dags/example_params_trigger_ui.py
[2024-06-05T02:26:41.268+0000] {logging_mixin.py:188} INFO - [2024-06-05T02:26:41.268+0000] {dag.py:3096} INFO - Sync 1 DAGs
[2024-06-05T02:26:41.280+0000] {logging_mixin.py:188} INFO - [2024-06-05T02:26:41.280+0000] {dag.py:3954} INFO - Setting next_dagrun for example_params_trigger_ui to None, run_after=None
[2024-06-05T02:26:41.302+0000] {processor.py:183} INFO - Processing /home/ubuntu/endtoend_venv/lib/python3.12/site-packages/airflow/example_dags/example_params_trigger_ui.py took 0.101 seconds
[2024-06-05T02:27:29.932+0000] {processor.py:161} INFO - Started process (PID=15457) to work on /home/ubuntu/endtoend_venv/lib/python3.12/site-packages/airflow/example_dags/example_params_trigger_ui.py
[2024-06-05T02:27:29.933+0000] {processor.py:830} INFO - Processing file /home/ubuntu/endtoend_venv/lib/python3.12/site-packages/airflow/example_dags/example_params_trigger_ui.py for tasks to queue
[2024-06-05T02:27:29.935+0000] {logging_mixin.py:188} INFO - [2024-06-05T02:27:29.934+0000] {dagbag.py:545} INFO - Filling up the DagBag from /home/ubuntu/endtoend_venv/lib/python3.12/site-packages/airflow/example_dags/example_params_trigger_ui.py
[2024-06-05T02:27:29.949+0000] {processor.py:840} INFO - DAG(s) 'example_params_trigger_ui' retrieved from /home/ubuntu/endtoend_venv/lib/python3.12/site-packages/airflow/example_dags/example_params_trigger_ui.py
[2024-06-05T02:27:29.992+0000] {logging_mixin.py:188} INFO - [2024-06-05T02:27:29.992+0000] {dag.py:3096} INFO - Sync 1 DAGs
[2024-06-05T02:27:30.005+0000] {logging_mixin.py:188} INFO - [2024-06-05T02:27:30.005+0000] {dag.py:3954} INFO - Setting next_dagrun for example_params_trigger_ui to None, run_after=None
[2024-06-05T02:27:30.028+0000] {processor.py:183} INFO - Processing /home/ubuntu/endtoend_venv/lib/python3.12/site-packages/airflow/example_dags/example_params_trigger_ui.py took 0.102 seconds
[2024-06-05T02:28:29.426+0000] {processor.py:161} INFO - Started process (PID=15518) to work on /home/ubuntu/endtoend_venv/lib/python3.12/site-packages/airflow/example_dags/example_params_trigger_ui.py
[2024-06-05T02:28:29.428+0000] {processor.py:830} INFO - Processing file /home/ubuntu/endtoend_venv/lib/python3.12/site-packages/airflow/example_dags/example_params_trigger_ui.py for tasks to queue
[2024-06-05T02:28:29.430+0000] {logging_mixin.py:188} INFO - [2024-06-05T02:28:29.429+0000] {dagbag.py:545} INFO - Filling up the DagBag from /home/ubuntu/endtoend_venv/lib/python3.12/site-packages/airflow/example_dags/example_params_trigger_ui.py
[2024-06-05T02:28:29.445+0000] {processor.py:840} INFO - DAG(s) 'example_params_trigger_ui' retrieved from /home/ubuntu/endtoend_venv/lib/python3.12/site-packages/airflow/example_dags/example_params_trigger_ui.py
[2024-06-05T02:28:29.490+0000] {logging_mixin.py:188} INFO - [2024-06-05T02:28:29.490+0000] {dag.py:3096} INFO - Sync 1 DAGs
[2024-06-05T02:28:29.504+0000] {logging_mixin.py:188} INFO - [2024-06-05T02:28:29.504+0000] {dag.py:3954} INFO - Setting next_dagrun for example_params_trigger_ui to None, run_after=None
[2024-06-05T02:28:29.527+0000] {processor.py:183} INFO - Processing /home/ubuntu/endtoend_venv/lib/python3.12/site-packages/airflow/example_dags/example_params_trigger_ui.py took 0.107 seconds
[2024-06-05T02:29:32.125+0000] {processor.py:161} INFO - Started process (PID=15586) to work on /home/ubuntu/endtoend_venv/lib/python3.12/site-packages/airflow/example_dags/example_params_trigger_ui.py
[2024-06-05T02:29:32.127+0000] {processor.py:830} INFO - Processing file /home/ubuntu/endtoend_venv/lib/python3.12/site-packages/airflow/example_dags/example_params_trigger_ui.py for tasks to queue
[2024-06-05T02:29:32.129+0000] {logging_mixin.py:188} INFO - [2024-06-05T02:29:32.128+0000] {dagbag.py:545} INFO - Filling up the DagBag from /home/ubuntu/endtoend_venv/lib/python3.12/site-packages/airflow/example_dags/example_params_trigger_ui.py
[2024-06-05T02:29:32.144+0000] {processor.py:840} INFO - DAG(s) 'example_params_trigger_ui' retrieved from /home/ubuntu/endtoend_venv/lib/python3.12/site-packages/airflow/example_dags/example_params_trigger_ui.py
[2024-06-05T02:29:32.188+0000] {logging_mixin.py:188} INFO - [2024-06-05T02:29:32.188+0000] {dag.py:3096} INFO - Sync 1 DAGs
[2024-06-05T02:29:32.201+0000] {logging_mixin.py:188} INFO - [2024-06-05T02:29:32.201+0000] {dag.py:3954} INFO - Setting next_dagrun for example_params_trigger_ui to None, run_after=None
[2024-06-05T02:29:32.223+0000] {processor.py:183} INFO - Processing /home/ubuntu/endtoend_venv/lib/python3.12/site-packages/airflow/example_dags/example_params_trigger_ui.py took 0.104 seconds
[2024-06-05T02:30:34.417+0000] {processor.py:161} INFO - Started process (PID=15654) to work on /home/ubuntu/endtoend_venv/lib/python3.12/site-packages/airflow/example_dags/example_params_trigger_ui.py
[2024-06-05T02:30:34.419+0000] {processor.py:830} INFO - Processing file /home/ubuntu/endtoend_venv/lib/python3.12/site-packages/airflow/example_dags/example_params_trigger_ui.py for tasks to queue
[2024-06-05T02:30:34.421+0000] {logging_mixin.py:188} INFO - [2024-06-05T02:30:34.420+0000] {dagbag.py:545} INFO - Filling up the DagBag from /home/ubuntu/endtoend_venv/lib/python3.12/site-packages/airflow/example_dags/example_params_trigger_ui.py
[2024-06-05T02:30:34.436+0000] {processor.py:840} INFO - DAG(s) 'example_params_trigger_ui' retrieved from /home/ubuntu/endtoend_venv/lib/python3.12/site-packages/airflow/example_dags/example_params_trigger_ui.py
[2024-06-05T02:30:34.480+0000] {logging_mixin.py:188} INFO - [2024-06-05T02:30:34.480+0000] {dag.py:3096} INFO - Sync 1 DAGs
[2024-06-05T02:30:34.492+0000] {logging_mixin.py:188} INFO - [2024-06-05T02:30:34.492+0000] {dag.py:3954} INFO - Setting next_dagrun for example_params_trigger_ui to None, run_after=None
[2024-06-05T02:30:34.515+0000] {processor.py:183} INFO - Processing /home/ubuntu/endtoend_venv/lib/python3.12/site-packages/airflow/example_dags/example_params_trigger_ui.py took 0.104 seconds
[2024-06-05T02:31:39.638+0000] {processor.py:161} INFO - Started process (PID=15719) to work on /home/ubuntu/endtoend_venv/lib/python3.12/site-packages/airflow/example_dags/example_params_trigger_ui.py
[2024-06-05T02:31:39.640+0000] {processor.py:830} INFO - Processing file /home/ubuntu/endtoend_venv/lib/python3.12/site-packages/airflow/example_dags/example_params_trigger_ui.py for tasks to queue
[2024-06-05T02:31:39.642+0000] {logging_mixin.py:188} INFO - [2024-06-05T02:31:39.641+0000] {dagbag.py:545} INFO - Filling up the DagBag from /home/ubuntu/endtoend_venv/lib/python3.12/site-packages/airflow/example_dags/example_params_trigger_ui.py
[2024-06-05T02:31:39.657+0000] {processor.py:840} INFO - DAG(s) 'example_params_trigger_ui' retrieved from /home/ubuntu/endtoend_venv/lib/python3.12/site-packages/airflow/example_dags/example_params_trigger_ui.py
[2024-06-05T02:31:39.700+0000] {logging_mixin.py:188} INFO - [2024-06-05T02:31:39.699+0000] {dag.py:3096} INFO - Sync 1 DAGs
[2024-06-05T02:31:39.712+0000] {logging_mixin.py:188} INFO - [2024-06-05T02:31:39.711+0000] {dag.py:3954} INFO - Setting next_dagrun for example_params_trigger_ui to None, run_after=None
[2024-06-05T02:31:39.733+0000] {processor.py:183} INFO - Processing /home/ubuntu/endtoend_venv/lib/python3.12/site-packages/airflow/example_dags/example_params_trigger_ui.py took 0.100 seconds
[2024-06-05T02:32:42.161+0000] {processor.py:161} INFO - Started process (PID=15784) to work on /home/ubuntu/endtoend_venv/lib/python3.12/site-packages/airflow/example_dags/example_params_trigger_ui.py
[2024-06-05T02:32:42.162+0000] {processor.py:830} INFO - Processing file /home/ubuntu/endtoend_venv/lib/python3.12/site-packages/airflow/example_dags/example_params_trigger_ui.py for tasks to queue
[2024-06-05T02:32:42.164+0000] {logging_mixin.py:188} INFO - [2024-06-05T02:32:42.163+0000] {dagbag.py:545} INFO - Filling up the DagBag from /home/ubuntu/endtoend_venv/lib/python3.12/site-packages/airflow/example_dags/example_params_trigger_ui.py
[2024-06-05T02:32:42.179+0000] {processor.py:840} INFO - DAG(s) 'example_params_trigger_ui' retrieved from /home/ubuntu/endtoend_venv/lib/python3.12/site-packages/airflow/example_dags/example_params_trigger_ui.py
[2024-06-05T02:32:42.222+0000] {logging_mixin.py:188} INFO - [2024-06-05T02:32:42.222+0000] {dag.py:3096} INFO - Sync 1 DAGs
[2024-06-05T02:32:42.234+0000] {logging_mixin.py:188} INFO - [2024-06-05T02:32:42.234+0000] {dag.py:3954} INFO - Setting next_dagrun for example_params_trigger_ui to None, run_after=None
[2024-06-05T02:32:42.271+0000] {processor.py:183} INFO - Processing /home/ubuntu/endtoend_venv/lib/python3.12/site-packages/airflow/example_dags/example_params_trigger_ui.py took 0.116 seconds
[2024-06-05T02:33:47.382+0000] {processor.py:161} INFO - Started process (PID=15848) to work on /home/ubuntu/endtoend_venv/lib/python3.12/site-packages/airflow/example_dags/example_params_trigger_ui.py
[2024-06-05T02:33:47.384+0000] {processor.py:830} INFO - Processing file /home/ubuntu/endtoend_venv/lib/python3.12/site-packages/airflow/example_dags/example_params_trigger_ui.py for tasks to queue
[2024-06-05T02:33:47.385+0000] {logging_mixin.py:188} INFO - [2024-06-05T02:33:47.385+0000] {dagbag.py:545} INFO - Filling up the DagBag from /home/ubuntu/endtoend_venv/lib/python3.12/site-packages/airflow/example_dags/example_params_trigger_ui.py
[2024-06-05T02:33:47.400+0000] {processor.py:840} INFO - DAG(s) 'example_params_trigger_ui' retrieved from /home/ubuntu/endtoend_venv/lib/python3.12/site-packages/airflow/example_dags/example_params_trigger_ui.py
[2024-06-05T02:33:47.444+0000] {logging_mixin.py:188} INFO - [2024-06-05T02:33:47.443+0000] {dag.py:3096} INFO - Sync 1 DAGs
[2024-06-05T02:33:47.456+0000] {logging_mixin.py:188} INFO - [2024-06-05T02:33:47.456+0000] {dag.py:3954} INFO - Setting next_dagrun for example_params_trigger_ui to None, run_after=None
[2024-06-05T02:33:47.478+0000] {processor.py:183} INFO - Processing /home/ubuntu/endtoend_venv/lib/python3.12/site-packages/airflow/example_dags/example_params_trigger_ui.py took 0.102 seconds
[2024-06-05T02:34:46.245+0000] {processor.py:161} INFO - Started process (PID=15910) to work on /home/ubuntu/endtoend_venv/lib/python3.12/site-packages/airflow/example_dags/example_params_trigger_ui.py
[2024-06-05T02:34:46.247+0000] {processor.py:830} INFO - Processing file /home/ubuntu/endtoend_venv/lib/python3.12/site-packages/airflow/example_dags/example_params_trigger_ui.py for tasks to queue
[2024-06-05T02:34:46.249+0000] {logging_mixin.py:188} INFO - [2024-06-05T02:34:46.248+0000] {dagbag.py:545} INFO - Filling up the DagBag from /home/ubuntu/endtoend_venv/lib/python3.12/site-packages/airflow/example_dags/example_params_trigger_ui.py
[2024-06-05T02:34:46.264+0000] {processor.py:840} INFO - DAG(s) 'example_params_trigger_ui' retrieved from /home/ubuntu/endtoend_venv/lib/python3.12/site-packages/airflow/example_dags/example_params_trigger_ui.py
[2024-06-05T02:34:46.309+0000] {logging_mixin.py:188} INFO - [2024-06-05T02:34:46.308+0000] {dag.py:3096} INFO - Sync 1 DAGs
[2024-06-05T02:34:46.322+0000] {logging_mixin.py:188} INFO - [2024-06-05T02:34:46.322+0000] {dag.py:3954} INFO - Setting next_dagrun for example_params_trigger_ui to None, run_after=None
[2024-06-05T02:34:46.346+0000] {processor.py:183} INFO - Processing /home/ubuntu/endtoend_venv/lib/python3.12/site-packages/airflow/example_dags/example_params_trigger_ui.py took 0.106 seconds
