[2024-06-05T02:18:44.571+0000] {processor.py:161} INFO - Started process (PID=14938) to work on /home/ubuntu/endtoend_venv/lib/python3.12/site-packages/airflow/example_dags/example_latest_only_with_trigger.py
[2024-06-05T02:18:44.572+0000] {processor.py:830} INFO - Processing file /home/ubuntu/endtoend_venv/lib/python3.12/site-packages/airflow/example_dags/example_latest_only_with_trigger.py for tasks to queue
[2024-06-05T02:18:44.574+0000] {logging_mixin.py:188} INFO - [2024-06-05T02:18:44.574+0000] {dagbag.py:545} INFO - Filling up the DagBag from /home/ubuntu/endtoend_venv/lib/python3.12/site-packages/airflow/example_dags/example_latest_only_with_trigger.py
[2024-06-05T02:18:44.580+0000] {processor.py:840} INFO - DAG(s) 'latest_only_with_trigger' retrieved from /home/ubuntu/endtoend_venv/lib/python3.12/site-packages/airflow/example_dags/example_latest_only_with_trigger.py
[2024-06-05T02:18:44.697+0000] {logging_mixin.py:188} INFO - [2024-06-05T02:18:44.697+0000] {override.py:1829} INFO - Created Permission View: can read on DAG:latest_only_with_trigger
[2024-06-05T02:18:44.711+0000] {logging_mixin.py:188} INFO - [2024-06-05T02:18:44.710+0000] {override.py:1829} INFO - Created Permission View: can delete on DAG:latest_only_with_trigger
[2024-06-05T02:18:44.720+0000] {logging_mixin.py:188} INFO - [2024-06-05T02:18:44.720+0000] {override.py:1829} INFO - Created Permission View: can edit on DAG:latest_only_with_trigger
[2024-06-05T02:18:44.720+0000] {logging_mixin.py:188} INFO - [2024-06-05T02:18:44.720+0000] {dag.py:3096} INFO - Sync 1 DAGs
[2024-06-05T02:18:44.731+0000] {logging_mixin.py:188} INFO - [2024-06-05T02:18:44.730+0000] {dag.py:3118} INFO - Creating ORM DAG for latest_only_with_trigger
[2024-06-05T02:18:44.740+0000] {logging_mixin.py:188} INFO - [2024-06-05T02:18:44.739+0000] {dag.py:3954} INFO - Setting next_dagrun for latest_only_with_trigger to 2024-06-04 20:00:00+00:00, run_after=2024-06-05 00:00:00+00:00
[2024-06-05T02:18:44.761+0000] {processor.py:183} INFO - Processing /home/ubuntu/endtoend_venv/lib/python3.12/site-packages/airflow/example_dags/example_latest_only_with_trigger.py took 0.196 seconds
[2024-06-05T02:19:36.197+0000] {processor.py:161} INFO - Started process (PID=14989) to work on /home/ubuntu/endtoend_venv/lib/python3.12/site-packages/airflow/example_dags/example_latest_only_with_trigger.py
[2024-06-05T02:19:36.198+0000] {processor.py:830} INFO - Processing file /home/ubuntu/endtoend_venv/lib/python3.12/site-packages/airflow/example_dags/example_latest_only_with_trigger.py for tasks to queue
[2024-06-05T02:19:36.200+0000] {logging_mixin.py:188} INFO - [2024-06-05T02:19:36.200+0000] {dagbag.py:545} INFO - Filling up the DagBag from /home/ubuntu/endtoend_venv/lib/python3.12/site-packages/airflow/example_dags/example_latest_only_with_trigger.py
[2024-06-05T02:19:36.206+0000] {processor.py:840} INFO - DAG(s) 'latest_only_with_trigger' retrieved from /home/ubuntu/endtoend_venv/lib/python3.12/site-packages/airflow/example_dags/example_latest_only_with_trigger.py
[2024-06-05T02:19:36.223+0000] {logging_mixin.py:188} INFO - [2024-06-05T02:19:36.223+0000] {dag.py:3096} INFO - Sync 1 DAGs
[2024-06-05T02:19:36.243+0000] {logging_mixin.py:188} INFO - [2024-06-05T02:19:36.243+0000] {dag.py:3954} INFO - Setting next_dagrun for latest_only_with_trigger to 2024-06-04 20:00:00+00:00, run_after=2024-06-05 00:00:00+00:00
[2024-06-05T02:19:36.265+0000] {processor.py:183} INFO - Processing /home/ubuntu/endtoend_venv/lib/python3.12/site-packages/airflow/example_dags/example_latest_only_with_trigger.py took 0.074 seconds
[2024-06-05T02:20:25.782+0000] {processor.py:161} INFO - Started process (PID=15046) to work on /home/ubuntu/endtoend_venv/lib/python3.12/site-packages/airflow/example_dags/example_latest_only_with_trigger.py
[2024-06-05T02:20:25.783+0000] {processor.py:830} INFO - Processing file /home/ubuntu/endtoend_venv/lib/python3.12/site-packages/airflow/example_dags/example_latest_only_with_trigger.py for tasks to queue
[2024-06-05T02:20:25.785+0000] {logging_mixin.py:188} INFO - [2024-06-05T02:20:25.785+0000] {dagbag.py:545} INFO - Filling up the DagBag from /home/ubuntu/endtoend_venv/lib/python3.12/site-packages/airflow/example_dags/example_latest_only_with_trigger.py
[2024-06-05T02:20:25.791+0000] {processor.py:840} INFO - DAG(s) 'latest_only_with_trigger' retrieved from /home/ubuntu/endtoend_venv/lib/python3.12/site-packages/airflow/example_dags/example_latest_only_with_trigger.py
[2024-06-05T02:20:25.808+0000] {logging_mixin.py:188} INFO - [2024-06-05T02:20:25.808+0000] {dag.py:3096} INFO - Sync 1 DAGs
[2024-06-05T02:20:25.828+0000] {logging_mixin.py:188} INFO - [2024-06-05T02:20:25.828+0000] {dag.py:3954} INFO - Setting next_dagrun for latest_only_with_trigger to 2024-06-04 20:00:00+00:00, run_after=2024-06-05 00:00:00+00:00
[2024-06-05T02:20:25.851+0000] {processor.py:183} INFO - Processing /home/ubuntu/endtoend_venv/lib/python3.12/site-packages/airflow/example_dags/example_latest_only_with_trigger.py took 0.075 seconds
[2024-06-05T02:21:26.239+0000] {processor.py:161} INFO - Started process (PID=15109) to work on /home/ubuntu/endtoend_venv/lib/python3.12/site-packages/airflow/example_dags/example_latest_only_with_trigger.py
[2024-06-05T02:21:26.240+0000] {processor.py:830} INFO - Processing file /home/ubuntu/endtoend_venv/lib/python3.12/site-packages/airflow/example_dags/example_latest_only_with_trigger.py for tasks to queue
[2024-06-05T02:21:26.242+0000] {logging_mixin.py:188} INFO - [2024-06-05T02:21:26.241+0000] {dagbag.py:545} INFO - Filling up the DagBag from /home/ubuntu/endtoend_venv/lib/python3.12/site-packages/airflow/example_dags/example_latest_only_with_trigger.py
[2024-06-05T02:21:26.247+0000] {processor.py:840} INFO - DAG(s) 'latest_only_with_trigger' retrieved from /home/ubuntu/endtoend_venv/lib/python3.12/site-packages/airflow/example_dags/example_latest_only_with_trigger.py
[2024-06-05T02:21:26.264+0000] {logging_mixin.py:188} INFO - [2024-06-05T02:21:26.264+0000] {dag.py:3096} INFO - Sync 1 DAGs
[2024-06-05T02:21:26.284+0000] {logging_mixin.py:188} INFO - [2024-06-05T02:21:26.284+0000] {dag.py:3954} INFO - Setting next_dagrun for latest_only_with_trigger to 2024-06-04 20:00:00+00:00, run_after=2024-06-05 00:00:00+00:00
[2024-06-05T02:21:26.306+0000] {processor.py:183} INFO - Processing /home/ubuntu/endtoend_venv/lib/python3.12/site-packages/airflow/example_dags/example_latest_only_with_trigger.py took 0.074 seconds
[2024-06-05T02:22:21.664+0000] {processor.py:161} INFO - Started process (PID=15167) to work on /home/ubuntu/endtoend_venv/lib/python3.12/site-packages/airflow/example_dags/example_latest_only_with_trigger.py
[2024-06-05T02:22:21.666+0000] {processor.py:830} INFO - Processing file /home/ubuntu/endtoend_venv/lib/python3.12/site-packages/airflow/example_dags/example_latest_only_with_trigger.py for tasks to queue
[2024-06-05T02:22:21.668+0000] {logging_mixin.py:188} INFO - [2024-06-05T02:22:21.667+0000] {dagbag.py:545} INFO - Filling up the DagBag from /home/ubuntu/endtoend_venv/lib/python3.12/site-packages/airflow/example_dags/example_latest_only_with_trigger.py
[2024-06-05T02:22:21.674+0000] {processor.py:840} INFO - DAG(s) 'latest_only_with_trigger' retrieved from /home/ubuntu/endtoend_venv/lib/python3.12/site-packages/airflow/example_dags/example_latest_only_with_trigger.py
[2024-06-05T02:22:21.691+0000] {logging_mixin.py:188} INFO - [2024-06-05T02:22:21.691+0000] {dag.py:3096} INFO - Sync 1 DAGs
[2024-06-05T02:22:21.712+0000] {logging_mixin.py:188} INFO - [2024-06-05T02:22:21.712+0000] {dag.py:3954} INFO - Setting next_dagrun for latest_only_with_trigger to 2024-06-04 20:00:00+00:00, run_after=2024-06-05 00:00:00+00:00
[2024-06-05T02:22:21.735+0000] {processor.py:183} INFO - Processing /home/ubuntu/endtoend_venv/lib/python3.12/site-packages/airflow/example_dags/example_latest_only_with_trigger.py took 0.076 seconds
[2024-06-05T02:23:19.132+0000] {processor.py:161} INFO - Started process (PID=15227) to work on /home/ubuntu/endtoend_venv/lib/python3.12/site-packages/airflow/example_dags/example_latest_only_with_trigger.py
[2024-06-05T02:23:19.133+0000] {processor.py:830} INFO - Processing file /home/ubuntu/endtoend_venv/lib/python3.12/site-packages/airflow/example_dags/example_latest_only_with_trigger.py for tasks to queue
[2024-06-05T02:23:19.135+0000] {logging_mixin.py:188} INFO - [2024-06-05T02:23:19.135+0000] {dagbag.py:545} INFO - Filling up the DagBag from /home/ubuntu/endtoend_venv/lib/python3.12/site-packages/airflow/example_dags/example_latest_only_with_trigger.py
[2024-06-05T02:23:19.141+0000] {processor.py:840} INFO - DAG(s) 'latest_only_with_trigger' retrieved from /home/ubuntu/endtoend_venv/lib/python3.12/site-packages/airflow/example_dags/example_latest_only_with_trigger.py
[2024-06-05T02:23:19.158+0000] {logging_mixin.py:188} INFO - [2024-06-05T02:23:19.158+0000] {dag.py:3096} INFO - Sync 1 DAGs
[2024-06-05T02:23:19.179+0000] {logging_mixin.py:188} INFO - [2024-06-05T02:23:19.178+0000] {dag.py:3954} INFO - Setting next_dagrun for latest_only_with_trigger to 2024-06-04 20:00:00+00:00, run_after=2024-06-05 00:00:00+00:00
[2024-06-05T02:23:19.201+0000] {processor.py:183} INFO - Processing /home/ubuntu/endtoend_venv/lib/python3.12/site-packages/airflow/example_dags/example_latest_only_with_trigger.py took 0.075 seconds
[2024-06-05T02:25:49.029+0000] {processor.py:161} INFO - Started process (PID=15356) to work on /home/ubuntu/endtoend_venv/lib/python3.12/site-packages/airflow/example_dags/example_latest_only_with_trigger.py
[2024-06-05T02:25:49.031+0000] {processor.py:830} INFO - Processing file /home/ubuntu/endtoend_venv/lib/python3.12/site-packages/airflow/example_dags/example_latest_only_with_trigger.py for tasks to queue
[2024-06-05T02:25:49.032+0000] {logging_mixin.py:188} INFO - [2024-06-05T02:25:49.032+0000] {dagbag.py:545} INFO - Filling up the DagBag from /home/ubuntu/endtoend_venv/lib/python3.12/site-packages/airflow/example_dags/example_latest_only_with_trigger.py
[2024-06-05T02:25:49.038+0000] {processor.py:840} INFO - DAG(s) 'latest_only_with_trigger' retrieved from /home/ubuntu/endtoend_venv/lib/python3.12/site-packages/airflow/example_dags/example_latest_only_with_trigger.py
[2024-06-05T02:25:49.142+0000] {logging_mixin.py:188} INFO - [2024-06-05T02:25:49.142+0000] {dag.py:3096} INFO - Sync 1 DAGs
[2024-06-05T02:25:49.159+0000] {logging_mixin.py:188} INFO - [2024-06-05T02:25:49.159+0000] {dag.py:3954} INFO - Setting next_dagrun for latest_only_with_trigger to 2024-06-04 20:00:00+00:00, run_after=2024-06-05 00:00:00+00:00
[2024-06-05T02:25:49.182+0000] {processor.py:183} INFO - Processing /home/ubuntu/endtoend_venv/lib/python3.12/site-packages/airflow/example_dags/example_latest_only_with_trigger.py took 0.159 seconds
[2024-06-05T02:26:42.443+0000] {processor.py:161} INFO - Started process (PID=15407) to work on /home/ubuntu/endtoend_venv/lib/python3.12/site-packages/airflow/example_dags/example_latest_only_with_trigger.py
[2024-06-05T02:26:42.445+0000] {processor.py:830} INFO - Processing file /home/ubuntu/endtoend_venv/lib/python3.12/site-packages/airflow/example_dags/example_latest_only_with_trigger.py for tasks to queue
[2024-06-05T02:26:42.446+0000] {logging_mixin.py:188} INFO - [2024-06-05T02:26:42.446+0000] {dagbag.py:545} INFO - Filling up the DagBag from /home/ubuntu/endtoend_venv/lib/python3.12/site-packages/airflow/example_dags/example_latest_only_with_trigger.py
[2024-06-05T02:26:42.452+0000] {processor.py:840} INFO - DAG(s) 'latest_only_with_trigger' retrieved from /home/ubuntu/endtoend_venv/lib/python3.12/site-packages/airflow/example_dags/example_latest_only_with_trigger.py
[2024-06-05T02:26:42.470+0000] {logging_mixin.py:188} INFO - [2024-06-05T02:26:42.469+0000] {dag.py:3096} INFO - Sync 1 DAGs
[2024-06-05T02:26:42.490+0000] {logging_mixin.py:188} INFO - [2024-06-05T02:26:42.489+0000] {dag.py:3954} INFO - Setting next_dagrun for latest_only_with_trigger to 2024-06-04 20:00:00+00:00, run_after=2024-06-05 00:00:00+00:00
[2024-06-05T02:26:42.512+0000] {processor.py:183} INFO - Processing /home/ubuntu/endtoend_venv/lib/python3.12/site-packages/airflow/example_dags/example_latest_only_with_trigger.py took 0.074 seconds
[2024-06-05T02:27:30.521+0000] {processor.py:161} INFO - Started process (PID=15458) to work on /home/ubuntu/endtoend_venv/lib/python3.12/site-packages/airflow/example_dags/example_latest_only_with_trigger.py
[2024-06-05T02:27:30.522+0000] {processor.py:830} INFO - Processing file /home/ubuntu/endtoend_venv/lib/python3.12/site-packages/airflow/example_dags/example_latest_only_with_trigger.py for tasks to queue
[2024-06-05T02:27:30.524+0000] {logging_mixin.py:188} INFO - [2024-06-05T02:27:30.524+0000] {dagbag.py:545} INFO - Filling up the DagBag from /home/ubuntu/endtoend_venv/lib/python3.12/site-packages/airflow/example_dags/example_latest_only_with_trigger.py
[2024-06-05T02:27:30.530+0000] {processor.py:840} INFO - DAG(s) 'latest_only_with_trigger' retrieved from /home/ubuntu/endtoend_venv/lib/python3.12/site-packages/airflow/example_dags/example_latest_only_with_trigger.py
[2024-06-05T02:27:30.547+0000] {logging_mixin.py:188} INFO - [2024-06-05T02:27:30.547+0000] {dag.py:3096} INFO - Sync 1 DAGs
[2024-06-05T02:27:30.567+0000] {logging_mixin.py:188} INFO - [2024-06-05T02:27:30.567+0000] {dag.py:3954} INFO - Setting next_dagrun for latest_only_with_trigger to 2024-06-04 20:00:00+00:00, run_after=2024-06-05 00:00:00+00:00
[2024-06-05T02:27:30.590+0000] {processor.py:183} INFO - Processing /home/ubuntu/endtoend_venv/lib/python3.12/site-packages/airflow/example_dags/example_latest_only_with_trigger.py took 0.075 seconds
[2024-06-05T02:28:30.663+0000] {processor.py:161} INFO - Started process (PID=15519) to work on /home/ubuntu/endtoend_venv/lib/python3.12/site-packages/airflow/example_dags/example_latest_only_with_trigger.py
[2024-06-05T02:28:30.664+0000] {processor.py:830} INFO - Processing file /home/ubuntu/endtoend_venv/lib/python3.12/site-packages/airflow/example_dags/example_latest_only_with_trigger.py for tasks to queue
[2024-06-05T02:28:30.666+0000] {logging_mixin.py:188} INFO - [2024-06-05T02:28:30.665+0000] {dagbag.py:545} INFO - Filling up the DagBag from /home/ubuntu/endtoend_venv/lib/python3.12/site-packages/airflow/example_dags/example_latest_only_with_trigger.py
[2024-06-05T02:28:30.672+0000] {processor.py:840} INFO - DAG(s) 'latest_only_with_trigger' retrieved from /home/ubuntu/endtoend_venv/lib/python3.12/site-packages/airflow/example_dags/example_latest_only_with_trigger.py
[2024-06-05T02:28:30.689+0000] {logging_mixin.py:188} INFO - [2024-06-05T02:28:30.689+0000] {dag.py:3096} INFO - Sync 1 DAGs
[2024-06-05T02:28:30.709+0000] {logging_mixin.py:188} INFO - [2024-06-05T02:28:30.708+0000] {dag.py:3954} INFO - Setting next_dagrun for latest_only_with_trigger to 2024-06-04 20:00:00+00:00, run_after=2024-06-05 00:00:00+00:00
[2024-06-05T02:28:30.732+0000] {processor.py:183} INFO - Processing /home/ubuntu/endtoend_venv/lib/python3.12/site-packages/airflow/example_dags/example_latest_only_with_trigger.py took 0.075 seconds
[2024-06-05T02:29:33.362+0000] {processor.py:161} INFO - Started process (PID=15587) to work on /home/ubuntu/endtoend_venv/lib/python3.12/site-packages/airflow/example_dags/example_latest_only_with_trigger.py
[2024-06-05T02:29:33.363+0000] {processor.py:830} INFO - Processing file /home/ubuntu/endtoend_venv/lib/python3.12/site-packages/airflow/example_dags/example_latest_only_with_trigger.py for tasks to queue
[2024-06-05T02:29:33.365+0000] {logging_mixin.py:188} INFO - [2024-06-05T02:29:33.364+0000] {dagbag.py:545} INFO - Filling up the DagBag from /home/ubuntu/endtoend_venv/lib/python3.12/site-packages/airflow/example_dags/example_latest_only_with_trigger.py
[2024-06-05T02:29:33.370+0000] {processor.py:840} INFO - DAG(s) 'latest_only_with_trigger' retrieved from /home/ubuntu/endtoend_venv/lib/python3.12/site-packages/airflow/example_dags/example_latest_only_with_trigger.py
[2024-06-05T02:29:33.388+0000] {logging_mixin.py:188} INFO - [2024-06-05T02:29:33.387+0000] {dag.py:3096} INFO - Sync 1 DAGs
[2024-06-05T02:29:33.408+0000] {logging_mixin.py:188} INFO - [2024-06-05T02:29:33.408+0000] {dag.py:3954} INFO - Setting next_dagrun for latest_only_with_trigger to 2024-06-04 20:00:00+00:00, run_after=2024-06-05 00:00:00+00:00
[2024-06-05T02:29:33.431+0000] {processor.py:183} INFO - Processing /home/ubuntu/endtoend_venv/lib/python3.12/site-packages/airflow/example_dags/example_latest_only_with_trigger.py took 0.076 seconds
[2024-06-05T02:30:35.656+0000] {processor.py:161} INFO - Started process (PID=15655) to work on /home/ubuntu/endtoend_venv/lib/python3.12/site-packages/airflow/example_dags/example_latest_only_with_trigger.py
[2024-06-05T02:30:35.657+0000] {processor.py:830} INFO - Processing file /home/ubuntu/endtoend_venv/lib/python3.12/site-packages/airflow/example_dags/example_latest_only_with_trigger.py for tasks to queue
[2024-06-05T02:30:35.659+0000] {logging_mixin.py:188} INFO - [2024-06-05T02:30:35.659+0000] {dagbag.py:545} INFO - Filling up the DagBag from /home/ubuntu/endtoend_venv/lib/python3.12/site-packages/airflow/example_dags/example_latest_only_with_trigger.py
[2024-06-05T02:30:35.665+0000] {processor.py:840} INFO - DAG(s) 'latest_only_with_trigger' retrieved from /home/ubuntu/endtoend_venv/lib/python3.12/site-packages/airflow/example_dags/example_latest_only_with_trigger.py
[2024-06-05T02:30:35.682+0000] {logging_mixin.py:188} INFO - [2024-06-05T02:30:35.682+0000] {dag.py:3096} INFO - Sync 1 DAGs
[2024-06-05T02:30:35.702+0000] {logging_mixin.py:188} INFO - [2024-06-05T02:30:35.702+0000] {dag.py:3954} INFO - Setting next_dagrun for latest_only_with_trigger to 2024-06-04 20:00:00+00:00, run_after=2024-06-05 00:00:00+00:00
[2024-06-05T02:30:35.725+0000] {processor.py:183} INFO - Processing /home/ubuntu/endtoend_venv/lib/python3.12/site-packages/airflow/example_dags/example_latest_only_with_trigger.py took 0.075 seconds
[2024-06-05T02:31:40.217+0000] {processor.py:161} INFO - Started process (PID=15720) to work on /home/ubuntu/endtoend_venv/lib/python3.12/site-packages/airflow/example_dags/example_latest_only_with_trigger.py
[2024-06-05T02:31:40.218+0000] {processor.py:830} INFO - Processing file /home/ubuntu/endtoend_venv/lib/python3.12/site-packages/airflow/example_dags/example_latest_only_with_trigger.py for tasks to queue
[2024-06-05T02:31:40.220+0000] {logging_mixin.py:188} INFO - [2024-06-05T02:31:40.220+0000] {dagbag.py:545} INFO - Filling up the DagBag from /home/ubuntu/endtoend_venv/lib/python3.12/site-packages/airflow/example_dags/example_latest_only_with_trigger.py
[2024-06-05T02:31:40.226+0000] {processor.py:840} INFO - DAG(s) 'latest_only_with_trigger' retrieved from /home/ubuntu/endtoend_venv/lib/python3.12/site-packages/airflow/example_dags/example_latest_only_with_trigger.py
[2024-06-05T02:31:40.243+0000] {logging_mixin.py:188} INFO - [2024-06-05T02:31:40.243+0000] {dag.py:3096} INFO - Sync 1 DAGs
[2024-06-05T02:31:40.263+0000] {logging_mixin.py:188} INFO - [2024-06-05T02:31:40.263+0000] {dag.py:3954} INFO - Setting next_dagrun for latest_only_with_trigger to 2024-06-04 20:00:00+00:00, run_after=2024-06-05 00:00:00+00:00
[2024-06-05T02:31:40.286+0000] {processor.py:183} INFO - Processing /home/ubuntu/endtoend_venv/lib/python3.12/site-packages/airflow/example_dags/example_latest_only_with_trigger.py took 0.075 seconds
[2024-06-05T02:32:43.397+0000] {processor.py:161} INFO - Started process (PID=15785) to work on /home/ubuntu/endtoend_venv/lib/python3.12/site-packages/airflow/example_dags/example_latest_only_with_trigger.py
[2024-06-05T02:32:43.399+0000] {processor.py:830} INFO - Processing file /home/ubuntu/endtoend_venv/lib/python3.12/site-packages/airflow/example_dags/example_latest_only_with_trigger.py for tasks to queue
[2024-06-05T02:32:43.400+0000] {logging_mixin.py:188} INFO - [2024-06-05T02:32:43.400+0000] {dagbag.py:545} INFO - Filling up the DagBag from /home/ubuntu/endtoend_venv/lib/python3.12/site-packages/airflow/example_dags/example_latest_only_with_trigger.py
[2024-06-05T02:32:43.406+0000] {processor.py:840} INFO - DAG(s) 'latest_only_with_trigger' retrieved from /home/ubuntu/endtoend_venv/lib/python3.12/site-packages/airflow/example_dags/example_latest_only_with_trigger.py
[2024-06-05T02:32:43.423+0000] {logging_mixin.py:188} INFO - [2024-06-05T02:32:43.423+0000] {dag.py:3096} INFO - Sync 1 DAGs
[2024-06-05T02:32:43.444+0000] {logging_mixin.py:188} INFO - [2024-06-05T02:32:43.443+0000] {dag.py:3954} INFO - Setting next_dagrun for latest_only_with_trigger to 2024-06-04 20:00:00+00:00, run_after=2024-06-05 00:00:00+00:00
[2024-06-05T02:32:43.467+0000] {processor.py:183} INFO - Processing /home/ubuntu/endtoend_venv/lib/python3.12/site-packages/airflow/example_dags/example_latest_only_with_trigger.py took 0.075 seconds
[2024-06-05T02:33:48.619+0000] {processor.py:161} INFO - Started process (PID=15849) to work on /home/ubuntu/endtoend_venv/lib/python3.12/site-packages/airflow/example_dags/example_latest_only_with_trigger.py
[2024-06-05T02:33:48.620+0000] {processor.py:830} INFO - Processing file /home/ubuntu/endtoend_venv/lib/python3.12/site-packages/airflow/example_dags/example_latest_only_with_trigger.py for tasks to queue
[2024-06-05T02:33:48.622+0000] {logging_mixin.py:188} INFO - [2024-06-05T02:33:48.622+0000] {dagbag.py:545} INFO - Filling up the DagBag from /home/ubuntu/endtoend_venv/lib/python3.12/site-packages/airflow/example_dags/example_latest_only_with_trigger.py
[2024-06-05T02:33:48.628+0000] {processor.py:840} INFO - DAG(s) 'latest_only_with_trigger' retrieved from /home/ubuntu/endtoend_venv/lib/python3.12/site-packages/airflow/example_dags/example_latest_only_with_trigger.py
[2024-06-05T02:33:48.646+0000] {logging_mixin.py:188} INFO - [2024-06-05T02:33:48.646+0000] {dag.py:3096} INFO - Sync 1 DAGs
[2024-06-05T02:33:48.667+0000] {logging_mixin.py:188} INFO - [2024-06-05T02:33:48.667+0000] {dag.py:3954} INFO - Setting next_dagrun for latest_only_with_trigger to 2024-06-04 20:00:00+00:00, run_after=2024-06-05 00:00:00+00:00
[2024-06-05T02:33:48.691+0000] {processor.py:183} INFO - Processing /home/ubuntu/endtoend_venv/lib/python3.12/site-packages/airflow/example_dags/example_latest_only_with_trigger.py took 0.078 seconds
[2024-06-05T02:34:47.482+0000] {processor.py:161} INFO - Started process (PID=15911) to work on /home/ubuntu/endtoend_venv/lib/python3.12/site-packages/airflow/example_dags/example_latest_only_with_trigger.py
[2024-06-05T02:34:47.484+0000] {processor.py:830} INFO - Processing file /home/ubuntu/endtoend_venv/lib/python3.12/site-packages/airflow/example_dags/example_latest_only_with_trigger.py for tasks to queue
[2024-06-05T02:34:47.485+0000] {logging_mixin.py:188} INFO - [2024-06-05T02:34:47.485+0000] {dagbag.py:545} INFO - Filling up the DagBag from /home/ubuntu/endtoend_venv/lib/python3.12/site-packages/airflow/example_dags/example_latest_only_with_trigger.py
[2024-06-05T02:34:47.491+0000] {processor.py:840} INFO - DAG(s) 'latest_only_with_trigger' retrieved from /home/ubuntu/endtoend_venv/lib/python3.12/site-packages/airflow/example_dags/example_latest_only_with_trigger.py
[2024-06-05T02:34:47.508+0000] {logging_mixin.py:188} INFO - [2024-06-05T02:34:47.508+0000] {dag.py:3096} INFO - Sync 1 DAGs
[2024-06-05T02:34:47.529+0000] {logging_mixin.py:188} INFO - [2024-06-05T02:34:47.529+0000] {dag.py:3954} INFO - Setting next_dagrun for latest_only_with_trigger to 2024-06-04 20:00:00+00:00, run_after=2024-06-05 00:00:00+00:00
[2024-06-05T02:34:47.553+0000] {processor.py:183} INFO - Processing /home/ubuntu/endtoend_venv/lib/python3.12/site-packages/airflow/example_dags/example_latest_only_with_trigger.py took 0.077 seconds
