[2024-06-05T02:18:38.271+0000] {processor.py:161} INFO - Started process (PID=14933) to work on /home/ubuntu/endtoend_venv/lib/python3.12/site-packages/airflow/example_dags/example_python_operator.py
[2024-06-05T02:18:38.272+0000] {processor.py:830} INFO - Processing file /home/ubuntu/endtoend_venv/lib/python3.12/site-packages/airflow/example_dags/example_python_operator.py for tasks to queue
[2024-06-05T02:18:38.274+0000] {logging_mixin.py:188} INFO - [2024-06-05T02:18:38.273+0000] {dagbag.py:545} INFO - Filling up the DagBag from /home/ubuntu/endtoend_venv/lib/python3.12/site-packages/airflow/example_dags/example_python_operator.py
[2024-06-05T02:18:38.280+0000] {logging_mixin.py:188} INFO - [2024-06-05T02:18:38.280+0000] {example_python_operator.py:93} WARNING - The virtalenv_python example task requires virtualenv, please install it.
[2024-06-05T02:18:38.281+0000] {processor.py:840} INFO - DAG(s) 'example_python_operator' retrieved from /home/ubuntu/endtoend_venv/lib/python3.12/site-packages/airflow/example_dags/example_python_operator.py
[2024-06-05T02:18:38.403+0000] {logging_mixin.py:188} INFO - [2024-06-05T02:18:38.402+0000] {override.py:1829} INFO - Created Permission View: can read on DAG:example_python_operator
[2024-06-05T02:18:38.417+0000] {logging_mixin.py:188} INFO - [2024-06-05T02:18:38.417+0000] {override.py:1829} INFO - Created Permission View: can delete on DAG:example_python_operator
[2024-06-05T02:18:38.427+0000] {logging_mixin.py:188} INFO - [2024-06-05T02:18:38.427+0000] {override.py:1829} INFO - Created Permission View: can edit on DAG:example_python_operator
[2024-06-05T02:18:38.428+0000] {logging_mixin.py:188} INFO - [2024-06-05T02:18:38.428+0000] {dag.py:3096} INFO - Sync 1 DAGs
[2024-06-05T02:18:38.438+0000] {logging_mixin.py:188} INFO - [2024-06-05T02:18:38.438+0000] {dag.py:3118} INFO - Creating ORM DAG for example_python_operator
[2024-06-05T02:18:38.439+0000] {logging_mixin.py:188} INFO - [2024-06-05T02:18:38.439+0000] {dag.py:3954} INFO - Setting next_dagrun for example_python_operator to None, run_after=None
[2024-06-05T02:18:38.460+0000] {processor.py:183} INFO - Processing /home/ubuntu/endtoend_venv/lib/python3.12/site-packages/airflow/example_dags/example_python_operator.py took 0.195 seconds
[2024-06-05T02:19:31.308+0000] {processor.py:161} INFO - Started process (PID=14984) to work on /home/ubuntu/endtoend_venv/lib/python3.12/site-packages/airflow/example_dags/example_python_operator.py
[2024-06-05T02:19:31.309+0000] {processor.py:830} INFO - Processing file /home/ubuntu/endtoend_venv/lib/python3.12/site-packages/airflow/example_dags/example_python_operator.py for tasks to queue
[2024-06-05T02:19:31.311+0000] {logging_mixin.py:188} INFO - [2024-06-05T02:19:31.310+0000] {dagbag.py:545} INFO - Filling up the DagBag from /home/ubuntu/endtoend_venv/lib/python3.12/site-packages/airflow/example_dags/example_python_operator.py
[2024-06-05T02:19:31.318+0000] {logging_mixin.py:188} INFO - [2024-06-05T02:19:31.318+0000] {example_python_operator.py:93} WARNING - The virtalenv_python example task requires virtualenv, please install it.
[2024-06-05T02:19:31.318+0000] {processor.py:840} INFO - DAG(s) 'example_python_operator' retrieved from /home/ubuntu/endtoend_venv/lib/python3.12/site-packages/airflow/example_dags/example_python_operator.py
[2024-06-05T02:19:31.337+0000] {logging_mixin.py:188} INFO - [2024-06-05T02:19:31.337+0000] {dag.py:3096} INFO - Sync 1 DAGs
[2024-06-05T02:19:31.349+0000] {logging_mixin.py:188} INFO - [2024-06-05T02:19:31.349+0000] {dag.py:3954} INFO - Setting next_dagrun for example_python_operator to None, run_after=None
[2024-06-05T02:19:31.372+0000] {processor.py:183} INFO - Processing /home/ubuntu/endtoend_venv/lib/python3.12/site-packages/airflow/example_dags/example_python_operator.py took 0.070 seconds
[2024-06-05T02:20:20.448+0000] {processor.py:161} INFO - Started process (PID=15041) to work on /home/ubuntu/endtoend_venv/lib/python3.12/site-packages/airflow/example_dags/example_python_operator.py
[2024-06-05T02:20:20.450+0000] {processor.py:830} INFO - Processing file /home/ubuntu/endtoend_venv/lib/python3.12/site-packages/airflow/example_dags/example_python_operator.py for tasks to queue
[2024-06-05T02:20:20.452+0000] {logging_mixin.py:188} INFO - [2024-06-05T02:20:20.451+0000] {dagbag.py:545} INFO - Filling up the DagBag from /home/ubuntu/endtoend_venv/lib/python3.12/site-packages/airflow/example_dags/example_python_operator.py
[2024-06-05T02:20:20.459+0000] {logging_mixin.py:188} INFO - [2024-06-05T02:20:20.459+0000] {example_python_operator.py:93} WARNING - The virtalenv_python example task requires virtualenv, please install it.
[2024-06-05T02:20:20.459+0000] {processor.py:840} INFO - DAG(s) 'example_python_operator' retrieved from /home/ubuntu/endtoend_venv/lib/python3.12/site-packages/airflow/example_dags/example_python_operator.py
[2024-06-05T02:20:20.478+0000] {logging_mixin.py:188} INFO - [2024-06-05T02:20:20.477+0000] {dag.py:3096} INFO - Sync 1 DAGs
[2024-06-05T02:20:20.490+0000] {logging_mixin.py:188} INFO - [2024-06-05T02:20:20.490+0000] {dag.py:3954} INFO - Setting next_dagrun for example_python_operator to None, run_after=None
[2024-06-05T02:20:20.548+0000] {processor.py:183} INFO - Processing /home/ubuntu/endtoend_venv/lib/python3.12/site-packages/airflow/example_dags/example_python_operator.py took 0.105 seconds
[2024-06-05T02:21:21.093+0000] {processor.py:161} INFO - Started process (PID=15104) to work on /home/ubuntu/endtoend_venv/lib/python3.12/site-packages/airflow/example_dags/example_python_operator.py
[2024-06-05T02:21:21.094+0000] {processor.py:830} INFO - Processing file /home/ubuntu/endtoend_venv/lib/python3.12/site-packages/airflow/example_dags/example_python_operator.py for tasks to queue
[2024-06-05T02:21:21.096+0000] {logging_mixin.py:188} INFO - [2024-06-05T02:21:21.095+0000] {dagbag.py:545} INFO - Filling up the DagBag from /home/ubuntu/endtoend_venv/lib/python3.12/site-packages/airflow/example_dags/example_python_operator.py
[2024-06-05T02:21:21.103+0000] {logging_mixin.py:188} INFO - [2024-06-05T02:21:21.103+0000] {example_python_operator.py:93} WARNING - The virtalenv_python example task requires virtualenv, please install it.
[2024-06-05T02:21:21.104+0000] {processor.py:840} INFO - DAG(s) 'example_python_operator' retrieved from /home/ubuntu/endtoend_venv/lib/python3.12/site-packages/airflow/example_dags/example_python_operator.py
[2024-06-05T02:21:21.122+0000] {logging_mixin.py:188} INFO - [2024-06-05T02:21:21.122+0000] {dag.py:3096} INFO - Sync 1 DAGs
[2024-06-05T02:21:21.135+0000] {logging_mixin.py:188} INFO - [2024-06-05T02:21:21.134+0000] {dag.py:3954} INFO - Setting next_dagrun for example_python_operator to None, run_after=None
[2024-06-05T02:21:21.158+0000] {processor.py:183} INFO - Processing /home/ubuntu/endtoend_venv/lib/python3.12/site-packages/airflow/example_dags/example_python_operator.py took 0.071 seconds
[2024-06-05T02:22:17.412+0000] {processor.py:161} INFO - Started process (PID=15162) to work on /home/ubuntu/endtoend_venv/lib/python3.12/site-packages/airflow/example_dags/example_python_operator.py
[2024-06-05T02:22:17.414+0000] {processor.py:830} INFO - Processing file /home/ubuntu/endtoend_venv/lib/python3.12/site-packages/airflow/example_dags/example_python_operator.py for tasks to queue
[2024-06-05T02:22:17.416+0000] {logging_mixin.py:188} INFO - [2024-06-05T02:22:17.415+0000] {dagbag.py:545} INFO - Filling up the DagBag from /home/ubuntu/endtoend_venv/lib/python3.12/site-packages/airflow/example_dags/example_python_operator.py
[2024-06-05T02:22:17.423+0000] {logging_mixin.py:188} INFO - [2024-06-05T02:22:17.422+0000] {example_python_operator.py:93} WARNING - The virtalenv_python example task requires virtualenv, please install it.
[2024-06-05T02:22:17.423+0000] {processor.py:840} INFO - DAG(s) 'example_python_operator' retrieved from /home/ubuntu/endtoend_venv/lib/python3.12/site-packages/airflow/example_dags/example_python_operator.py
[2024-06-05T02:22:17.441+0000] {logging_mixin.py:188} INFO - [2024-06-05T02:22:17.441+0000] {dag.py:3096} INFO - Sync 1 DAGs
[2024-06-05T02:22:17.453+0000] {logging_mixin.py:188} INFO - [2024-06-05T02:22:17.453+0000] {dag.py:3954} INFO - Setting next_dagrun for example_python_operator to None, run_after=None
[2024-06-05T02:22:17.475+0000] {processor.py:183} INFO - Processing /home/ubuntu/endtoend_venv/lib/python3.12/site-packages/airflow/example_dags/example_python_operator.py took 0.069 seconds
[2024-06-05T02:23:13.990+0000] {processor.py:161} INFO - Started process (PID=15222) to work on /home/ubuntu/endtoend_venv/lib/python3.12/site-packages/airflow/example_dags/example_python_operator.py
[2024-06-05T02:23:13.991+0000] {processor.py:830} INFO - Processing file /home/ubuntu/endtoend_venv/lib/python3.12/site-packages/airflow/example_dags/example_python_operator.py for tasks to queue
[2024-06-05T02:23:13.993+0000] {logging_mixin.py:188} INFO - [2024-06-05T02:23:13.993+0000] {dagbag.py:545} INFO - Filling up the DagBag from /home/ubuntu/endtoend_venv/lib/python3.12/site-packages/airflow/example_dags/example_python_operator.py
[2024-06-05T02:23:14.000+0000] {logging_mixin.py:188} INFO - [2024-06-05T02:23:14.000+0000] {example_python_operator.py:93} WARNING - The virtalenv_python example task requires virtualenv, please install it.
[2024-06-05T02:23:14.001+0000] {processor.py:840} INFO - DAG(s) 'example_python_operator' retrieved from /home/ubuntu/endtoend_venv/lib/python3.12/site-packages/airflow/example_dags/example_python_operator.py
[2024-06-05T02:23:14.019+0000] {logging_mixin.py:188} INFO - [2024-06-05T02:23:14.019+0000] {dag.py:3096} INFO - Sync 1 DAGs
[2024-06-05T02:23:14.032+0000] {logging_mixin.py:188} INFO - [2024-06-05T02:23:14.032+0000] {dag.py:3954} INFO - Setting next_dagrun for example_python_operator to None, run_after=None
[2024-06-05T02:23:14.056+0000] {processor.py:183} INFO - Processing /home/ubuntu/endtoend_venv/lib/python3.12/site-packages/airflow/example_dags/example_python_operator.py took 0.072 seconds
[2024-06-05T02:25:43.884+0000] {processor.py:161} INFO - Started process (PID=15350) to work on /home/ubuntu/endtoend_venv/lib/python3.12/site-packages/airflow/example_dags/example_python_operator.py
[2024-06-05T02:25:43.886+0000] {processor.py:830} INFO - Processing file /home/ubuntu/endtoend_venv/lib/python3.12/site-packages/airflow/example_dags/example_python_operator.py for tasks to queue
[2024-06-05T02:25:43.887+0000] {logging_mixin.py:188} INFO - [2024-06-05T02:25:43.887+0000] {dagbag.py:545} INFO - Filling up the DagBag from /home/ubuntu/endtoend_venv/lib/python3.12/site-packages/airflow/example_dags/example_python_operator.py
[2024-06-05T02:25:43.894+0000] {logging_mixin.py:188} INFO - [2024-06-05T02:25:43.894+0000] {example_python_operator.py:93} WARNING - The virtalenv_python example task requires virtualenv, please install it.
[2024-06-05T02:25:43.895+0000] {processor.py:840} INFO - DAG(s) 'example_python_operator' retrieved from /home/ubuntu/endtoend_venv/lib/python3.12/site-packages/airflow/example_dags/example_python_operator.py
[2024-06-05T02:25:44.000+0000] {logging_mixin.py:188} INFO - [2024-06-05T02:25:43.999+0000] {dag.py:3096} INFO - Sync 1 DAGs
[2024-06-05T02:25:44.009+0000] {logging_mixin.py:188} INFO - [2024-06-05T02:25:44.009+0000] {dag.py:3954} INFO - Setting next_dagrun for example_python_operator to None, run_after=None
[2024-06-05T02:25:44.032+0000] {processor.py:183} INFO - Processing /home/ubuntu/endtoend_venv/lib/python3.12/site-packages/airflow/example_dags/example_python_operator.py took 0.153 seconds
[2024-06-05T02:26:37.140+0000] {processor.py:161} INFO - Started process (PID=15402) to work on /home/ubuntu/endtoend_venv/lib/python3.12/site-packages/airflow/example_dags/example_python_operator.py
[2024-06-05T02:26:37.142+0000] {processor.py:830} INFO - Processing file /home/ubuntu/endtoend_venv/lib/python3.12/site-packages/airflow/example_dags/example_python_operator.py for tasks to queue
[2024-06-05T02:26:37.143+0000] {logging_mixin.py:188} INFO - [2024-06-05T02:26:37.143+0000] {dagbag.py:545} INFO - Filling up the DagBag from /home/ubuntu/endtoend_venv/lib/python3.12/site-packages/airflow/example_dags/example_python_operator.py
[2024-06-05T02:26:37.151+0000] {logging_mixin.py:188} INFO - [2024-06-05T02:26:37.151+0000] {example_python_operator.py:93} WARNING - The virtalenv_python example task requires virtualenv, please install it.
[2024-06-05T02:26:37.151+0000] {processor.py:840} INFO - DAG(s) 'example_python_operator' retrieved from /home/ubuntu/endtoend_venv/lib/python3.12/site-packages/airflow/example_dags/example_python_operator.py
[2024-06-05T02:26:37.169+0000] {logging_mixin.py:188} INFO - [2024-06-05T02:26:37.169+0000] {dag.py:3096} INFO - Sync 1 DAGs
[2024-06-05T02:26:37.182+0000] {logging_mixin.py:188} INFO - [2024-06-05T02:26:37.181+0000] {dag.py:3954} INFO - Setting next_dagrun for example_python_operator to None, run_after=None
[2024-06-05T02:26:37.205+0000] {processor.py:183} INFO - Processing /home/ubuntu/endtoend_venv/lib/python3.12/site-packages/airflow/example_dags/example_python_operator.py took 0.071 seconds
[2024-06-05T02:27:25.375+0000] {processor.py:161} INFO - Started process (PID=15453) to work on /home/ubuntu/endtoend_venv/lib/python3.12/site-packages/airflow/example_dags/example_python_operator.py
[2024-06-05T02:27:25.376+0000] {processor.py:830} INFO - Processing file /home/ubuntu/endtoend_venv/lib/python3.12/site-packages/airflow/example_dags/example_python_operator.py for tasks to queue
[2024-06-05T02:27:25.378+0000] {logging_mixin.py:188} INFO - [2024-06-05T02:27:25.377+0000] {dagbag.py:545} INFO - Filling up the DagBag from /home/ubuntu/endtoend_venv/lib/python3.12/site-packages/airflow/example_dags/example_python_operator.py
[2024-06-05T02:27:25.385+0000] {logging_mixin.py:188} INFO - [2024-06-05T02:27:25.385+0000] {example_python_operator.py:93} WARNING - The virtalenv_python example task requires virtualenv, please install it.
[2024-06-05T02:27:25.385+0000] {processor.py:840} INFO - DAG(s) 'example_python_operator' retrieved from /home/ubuntu/endtoend_venv/lib/python3.12/site-packages/airflow/example_dags/example_python_operator.py
[2024-06-05T02:27:25.403+0000] {logging_mixin.py:188} INFO - [2024-06-05T02:27:25.403+0000] {dag.py:3096} INFO - Sync 1 DAGs
[2024-06-05T02:27:25.415+0000] {logging_mixin.py:188} INFO - [2024-06-05T02:27:25.415+0000] {dag.py:3954} INFO - Setting next_dagrun for example_python_operator to None, run_after=None
[2024-06-05T02:27:25.438+0000] {processor.py:183} INFO - Processing /home/ubuntu/endtoend_venv/lib/python3.12/site-packages/airflow/example_dags/example_python_operator.py took 0.069 seconds
[2024-06-05T02:28:26.506+0000] {processor.py:161} INFO - Started process (PID=15514) to work on /home/ubuntu/endtoend_venv/lib/python3.12/site-packages/airflow/example_dags/example_python_operator.py
[2024-06-05T02:28:26.507+0000] {processor.py:830} INFO - Processing file /home/ubuntu/endtoend_venv/lib/python3.12/site-packages/airflow/example_dags/example_python_operator.py for tasks to queue
[2024-06-05T02:28:26.509+0000] {logging_mixin.py:188} INFO - [2024-06-05T02:28:26.508+0000] {dagbag.py:545} INFO - Filling up the DagBag from /home/ubuntu/endtoend_venv/lib/python3.12/site-packages/airflow/example_dags/example_python_operator.py
[2024-06-05T02:28:26.516+0000] {logging_mixin.py:188} INFO - [2024-06-05T02:28:26.516+0000] {example_python_operator.py:93} WARNING - The virtalenv_python example task requires virtualenv, please install it.
[2024-06-05T02:28:26.516+0000] {processor.py:840} INFO - DAG(s) 'example_python_operator' retrieved from /home/ubuntu/endtoend_venv/lib/python3.12/site-packages/airflow/example_dags/example_python_operator.py
[2024-06-05T02:28:26.534+0000] {logging_mixin.py:188} INFO - [2024-06-05T02:28:26.534+0000] {dag.py:3096} INFO - Sync 1 DAGs
[2024-06-05T02:28:26.546+0000] {logging_mixin.py:188} INFO - [2024-06-05T02:28:26.546+0000] {dag.py:3954} INFO - Setting next_dagrun for example_python_operator to None, run_after=None
[2024-06-05T02:28:26.569+0000] {processor.py:183} INFO - Processing /home/ubuntu/endtoend_venv/lib/python3.12/site-packages/airflow/example_dags/example_python_operator.py took 0.069 seconds
[2024-06-05T02:29:12.222+0000] {processor.py:161} INFO - Started process (PID=15565) to work on /home/ubuntu/endtoend_venv/lib/python3.12/site-packages/airflow/example_dags/example_python_operator.py
[2024-06-05T02:29:12.223+0000] {processor.py:830} INFO - Processing file /home/ubuntu/endtoend_venv/lib/python3.12/site-packages/airflow/example_dags/example_python_operator.py for tasks to queue
[2024-06-05T02:29:12.225+0000] {logging_mixin.py:188} INFO - [2024-06-05T02:29:12.225+0000] {dagbag.py:545} INFO - Filling up the DagBag from /home/ubuntu/endtoend_venv/lib/python3.12/site-packages/airflow/example_dags/example_python_operator.py
[2024-06-05T02:29:12.232+0000] {logging_mixin.py:188} INFO - [2024-06-05T02:29:12.232+0000] {example_python_operator.py:93} WARNING - The virtalenv_python example task requires virtualenv, please install it.
[2024-06-05T02:29:12.233+0000] {processor.py:840} INFO - DAG(s) 'example_python_operator' retrieved from /home/ubuntu/endtoend_venv/lib/python3.12/site-packages/airflow/example_dags/example_python_operator.py
[2024-06-05T02:29:12.251+0000] {logging_mixin.py:188} INFO - [2024-06-05T02:29:12.250+0000] {dag.py:3096} INFO - Sync 1 DAGs
[2024-06-05T02:29:12.263+0000] {logging_mixin.py:188} INFO - [2024-06-05T02:29:12.262+0000] {dag.py:3954} INFO - Setting next_dagrun for example_python_operator to None, run_after=None
[2024-06-05T02:29:12.286+0000] {processor.py:183} INFO - Processing /home/ubuntu/endtoend_venv/lib/python3.12/site-packages/airflow/example_dags/example_python_operator.py took 0.070 seconds
[2024-06-05T02:30:14.598+0000] {processor.py:161} INFO - Started process (PID=15633) to work on /home/ubuntu/endtoend_venv/lib/python3.12/site-packages/airflow/example_dags/example_python_operator.py
[2024-06-05T02:30:14.599+0000] {processor.py:830} INFO - Processing file /home/ubuntu/endtoend_venv/lib/python3.12/site-packages/airflow/example_dags/example_python_operator.py for tasks to queue
[2024-06-05T02:30:14.601+0000] {logging_mixin.py:188} INFO - [2024-06-05T02:30:14.601+0000] {dagbag.py:545} INFO - Filling up the DagBag from /home/ubuntu/endtoend_venv/lib/python3.12/site-packages/airflow/example_dags/example_python_operator.py
[2024-06-05T02:30:14.608+0000] {logging_mixin.py:188} INFO - [2024-06-05T02:30:14.608+0000] {example_python_operator.py:93} WARNING - The virtalenv_python example task requires virtualenv, please install it.
[2024-06-05T02:30:14.609+0000] {processor.py:840} INFO - DAG(s) 'example_python_operator' retrieved from /home/ubuntu/endtoend_venv/lib/python3.12/site-packages/airflow/example_dags/example_python_operator.py
[2024-06-05T02:30:14.627+0000] {logging_mixin.py:188} INFO - [2024-06-05T02:30:14.627+0000] {dag.py:3096} INFO - Sync 1 DAGs
[2024-06-05T02:30:14.639+0000] {logging_mixin.py:188} INFO - [2024-06-05T02:30:14.639+0000] {dag.py:3954} INFO - Setting next_dagrun for example_python_operator to None, run_after=None
[2024-06-05T02:30:14.662+0000] {processor.py:183} INFO - Processing /home/ubuntu/endtoend_venv/lib/python3.12/site-packages/airflow/example_dags/example_python_operator.py took 0.070 seconds
[2024-06-05T02:31:16.792+0000] {processor.py:161} INFO - Started process (PID=15697) to work on /home/ubuntu/endtoend_venv/lib/python3.12/site-packages/airflow/example_dags/example_python_operator.py
[2024-06-05T02:31:16.794+0000] {processor.py:830} INFO - Processing file /home/ubuntu/endtoend_venv/lib/python3.12/site-packages/airflow/example_dags/example_python_operator.py for tasks to queue
[2024-06-05T02:31:16.796+0000] {logging_mixin.py:188} INFO - [2024-06-05T02:31:16.795+0000] {dagbag.py:545} INFO - Filling up the DagBag from /home/ubuntu/endtoend_venv/lib/python3.12/site-packages/airflow/example_dags/example_python_operator.py
[2024-06-05T02:31:16.803+0000] {logging_mixin.py:188} INFO - [2024-06-05T02:31:16.802+0000] {example_python_operator.py:93} WARNING - The virtalenv_python example task requires virtualenv, please install it.
[2024-06-05T02:31:16.803+0000] {processor.py:840} INFO - DAG(s) 'example_python_operator' retrieved from /home/ubuntu/endtoend_venv/lib/python3.12/site-packages/airflow/example_dags/example_python_operator.py
[2024-06-05T02:31:16.821+0000] {logging_mixin.py:188} INFO - [2024-06-05T02:31:16.821+0000] {dag.py:3096} INFO - Sync 1 DAGs
[2024-06-05T02:31:16.833+0000] {logging_mixin.py:188} INFO - [2024-06-05T02:31:16.833+0000] {dag.py:3954} INFO - Setting next_dagrun for example_python_operator to None, run_after=None
[2024-06-05T02:31:16.857+0000] {processor.py:183} INFO - Processing /home/ubuntu/endtoend_venv/lib/python3.12/site-packages/airflow/example_dags/example_python_operator.py took 0.071 seconds
[2024-06-05T02:32:00.496+0000] {processor.py:161} INFO - Started process (PID=15742) to work on /home/ubuntu/endtoend_venv/lib/python3.12/site-packages/airflow/example_dags/example_python_operator.py
[2024-06-05T02:32:00.497+0000] {processor.py:830} INFO - Processing file /home/ubuntu/endtoend_venv/lib/python3.12/site-packages/airflow/example_dags/example_python_operator.py for tasks to queue
[2024-06-05T02:32:00.499+0000] {logging_mixin.py:188} INFO - [2024-06-05T02:32:00.499+0000] {dagbag.py:545} INFO - Filling up the DagBag from /home/ubuntu/endtoend_venv/lib/python3.12/site-packages/airflow/example_dags/example_python_operator.py
[2024-06-05T02:32:00.506+0000] {logging_mixin.py:188} INFO - [2024-06-05T02:32:00.506+0000] {example_python_operator.py:93} WARNING - The virtalenv_python example task requires virtualenv, please install it.
[2024-06-05T02:32:00.507+0000] {processor.py:840} INFO - DAG(s) 'example_python_operator' retrieved from /home/ubuntu/endtoend_venv/lib/python3.12/site-packages/airflow/example_dags/example_python_operator.py
[2024-06-05T02:32:00.526+0000] {logging_mixin.py:188} INFO - [2024-06-05T02:32:00.525+0000] {dag.py:3096} INFO - Sync 1 DAGs
[2024-06-05T02:32:00.538+0000] {logging_mixin.py:188} INFO - [2024-06-05T02:32:00.538+0000] {dag.py:3954} INFO - Setting next_dagrun for example_python_operator to None, run_after=None
[2024-06-05T02:32:00.561+0000] {processor.py:183} INFO - Processing /home/ubuntu/endtoend_venv/lib/python3.12/site-packages/airflow/example_dags/example_python_operator.py took 0.071 seconds
[2024-06-05T02:33:02.539+0000] {processor.py:161} INFO - Started process (PID=15804) to work on /home/ubuntu/endtoend_venv/lib/python3.12/site-packages/airflow/example_dags/example_python_operator.py
[2024-06-05T02:33:02.540+0000] {processor.py:830} INFO - Processing file /home/ubuntu/endtoend_venv/lib/python3.12/site-packages/airflow/example_dags/example_python_operator.py for tasks to queue
[2024-06-05T02:33:02.542+0000] {logging_mixin.py:188} INFO - [2024-06-05T02:33:02.541+0000] {dagbag.py:545} INFO - Filling up the DagBag from /home/ubuntu/endtoend_venv/lib/python3.12/site-packages/airflow/example_dags/example_python_operator.py
[2024-06-05T02:33:02.549+0000] {logging_mixin.py:188} INFO - [2024-06-05T02:33:02.549+0000] {example_python_operator.py:93} WARNING - The virtalenv_python example task requires virtualenv, please install it.
[2024-06-05T02:33:02.549+0000] {processor.py:840} INFO - DAG(s) 'example_python_operator' retrieved from /home/ubuntu/endtoend_venv/lib/python3.12/site-packages/airflow/example_dags/example_python_operator.py
[2024-06-05T02:33:02.567+0000] {logging_mixin.py:188} INFO - [2024-06-05T02:33:02.567+0000] {dag.py:3096} INFO - Sync 1 DAGs
[2024-06-05T02:33:02.579+0000] {logging_mixin.py:188} INFO - [2024-06-05T02:33:02.579+0000] {dag.py:3954} INFO - Setting next_dagrun for example_python_operator to None, run_after=None
[2024-06-05T02:33:02.603+0000] {processor.py:183} INFO - Processing /home/ubuntu/endtoend_venv/lib/python3.12/site-packages/airflow/example_dags/example_python_operator.py took 0.071 seconds
[2024-06-05T02:34:06.822+0000] {processor.py:161} INFO - Started process (PID=15869) to work on /home/ubuntu/endtoend_venv/lib/python3.12/site-packages/airflow/example_dags/example_python_operator.py
[2024-06-05T02:34:06.824+0000] {processor.py:830} INFO - Processing file /home/ubuntu/endtoend_venv/lib/python3.12/site-packages/airflow/example_dags/example_python_operator.py for tasks to queue
[2024-06-05T02:34:06.826+0000] {logging_mixin.py:188} INFO - [2024-06-05T02:34:06.825+0000] {dagbag.py:545} INFO - Filling up the DagBag from /home/ubuntu/endtoend_venv/lib/python3.12/site-packages/airflow/example_dags/example_python_operator.py
[2024-06-05T02:34:06.833+0000] {logging_mixin.py:188} INFO - [2024-06-05T02:34:06.833+0000] {example_python_operator.py:93} WARNING - The virtalenv_python example task requires virtualenv, please install it.
[2024-06-05T02:34:06.833+0000] {processor.py:840} INFO - DAG(s) 'example_python_operator' retrieved from /home/ubuntu/endtoend_venv/lib/python3.12/site-packages/airflow/example_dags/example_python_operator.py
[2024-06-05T02:34:06.852+0000] {logging_mixin.py:188} INFO - [2024-06-05T02:34:06.851+0000] {dag.py:3096} INFO - Sync 1 DAGs
[2024-06-05T02:34:06.864+0000] {logging_mixin.py:188} INFO - [2024-06-05T02:34:06.863+0000] {dag.py:3954} INFO - Setting next_dagrun for example_python_operator to None, run_after=None
[2024-06-05T02:34:06.887+0000] {processor.py:183} INFO - Processing /home/ubuntu/endtoend_venv/lib/python3.12/site-packages/airflow/example_dags/example_python_operator.py took 0.070 seconds
