[2024-06-05T02:18:22.224+0000] {processor.py:161} INFO - Started process (PID=14919) to work on /home/ubuntu/endtoend_venv/lib/python3.12/site-packages/airflow/example_dags/example_trigger_controller_dag.py
[2024-06-05T02:18:22.225+0000] {processor.py:830} INFO - Processing file /home/ubuntu/endtoend_venv/lib/python3.12/site-packages/airflow/example_dags/example_trigger_controller_dag.py for tasks to queue
[2024-06-05T02:18:22.228+0000] {logging_mixin.py:188} INFO - [2024-06-05T02:18:22.227+0000] {dagbag.py:545} INFO - Filling up the DagBag from /home/ubuntu/endtoend_venv/lib/python3.12/site-packages/airflow/example_dags/example_trigger_controller_dag.py
[2024-06-05T02:18:22.235+0000] {processor.py:840} INFO - DAG(s) 'example_trigger_controller_dag' retrieved from /home/ubuntu/endtoend_venv/lib/python3.12/site-packages/airflow/example_dags/example_trigger_controller_dag.py
[2024-06-05T02:18:22.349+0000] {logging_mixin.py:188} INFO - [2024-06-05T02:18:22.348+0000] {override.py:1829} INFO - Created Permission View: can read on DAG:example_trigger_controller_dag
[2024-06-05T02:18:22.361+0000] {logging_mixin.py:188} INFO - [2024-06-05T02:18:22.361+0000] {override.py:1829} INFO - Created Permission View: can delete on DAG:example_trigger_controller_dag
[2024-06-05T02:18:22.371+0000] {logging_mixin.py:188} INFO - [2024-06-05T02:18:22.371+0000] {override.py:1829} INFO - Created Permission View: can edit on DAG:example_trigger_controller_dag
[2024-06-05T02:18:22.372+0000] {logging_mixin.py:188} INFO - [2024-06-05T02:18:22.372+0000] {dag.py:3096} INFO - Sync 1 DAGs
[2024-06-05T02:18:22.382+0000] {logging_mixin.py:188} INFO - [2024-06-05T02:18:22.382+0000] {dag.py:3118} INFO - Creating ORM DAG for example_trigger_controller_dag
[2024-06-05T02:18:22.391+0000] {logging_mixin.py:188} INFO - [2024-06-05T02:18:22.390+0000] {dag.py:3954} INFO - Setting next_dagrun for example_trigger_controller_dag to 2021-01-01 00:00:00+00:00, run_after=2021-01-01 00:00:00+00:00
[2024-06-05T02:18:22.414+0000] {processor.py:183} INFO - Processing /home/ubuntu/endtoend_venv/lib/python3.12/site-packages/airflow/example_dags/example_trigger_controller_dag.py took 0.195 seconds
[2024-06-05T02:19:17.061+0000] {processor.py:161} INFO - Started process (PID=14970) to work on /home/ubuntu/endtoend_venv/lib/python3.12/site-packages/airflow/example_dags/example_trigger_controller_dag.py
[2024-06-05T02:19:17.062+0000] {processor.py:830} INFO - Processing file /home/ubuntu/endtoend_venv/lib/python3.12/site-packages/airflow/example_dags/example_trigger_controller_dag.py for tasks to queue
[2024-06-05T02:19:17.064+0000] {logging_mixin.py:188} INFO - [2024-06-05T02:19:17.064+0000] {dagbag.py:545} INFO - Filling up the DagBag from /home/ubuntu/endtoend_venv/lib/python3.12/site-packages/airflow/example_dags/example_trigger_controller_dag.py
[2024-06-05T02:19:17.069+0000] {processor.py:840} INFO - DAG(s) 'example_trigger_controller_dag' retrieved from /home/ubuntu/endtoend_venv/lib/python3.12/site-packages/airflow/example_dags/example_trigger_controller_dag.py
[2024-06-05T02:19:17.085+0000] {logging_mixin.py:188} INFO - [2024-06-05T02:19:17.085+0000] {dag.py:3096} INFO - Sync 1 DAGs
[2024-06-05T02:19:17.105+0000] {logging_mixin.py:188} INFO - [2024-06-05T02:19:17.105+0000] {dag.py:3954} INFO - Setting next_dagrun for example_trigger_controller_dag to 2021-01-01 00:00:00+00:00, run_after=2021-01-01 00:00:00+00:00
[2024-06-05T02:19:17.130+0000] {processor.py:183} INFO - Processing /home/ubuntu/endtoend_venv/lib/python3.12/site-packages/airflow/example_dags/example_trigger_controller_dag.py took 0.075 seconds
[2024-06-05T02:20:03.301+0000] {processor.py:161} INFO - Started process (PID=15018) to work on /home/ubuntu/endtoend_venv/lib/python3.12/site-packages/airflow/example_dags/example_trigger_controller_dag.py
[2024-06-05T02:20:03.303+0000] {processor.py:830} INFO - Processing file /home/ubuntu/endtoend_venv/lib/python3.12/site-packages/airflow/example_dags/example_trigger_controller_dag.py for tasks to queue
[2024-06-05T02:20:03.304+0000] {logging_mixin.py:188} INFO - [2024-06-05T02:20:03.304+0000] {dagbag.py:545} INFO - Filling up the DagBag from /home/ubuntu/endtoend_venv/lib/python3.12/site-packages/airflow/example_dags/example_trigger_controller_dag.py
[2024-06-05T02:20:03.310+0000] {processor.py:840} INFO - DAG(s) 'example_trigger_controller_dag' retrieved from /home/ubuntu/endtoend_venv/lib/python3.12/site-packages/airflow/example_dags/example_trigger_controller_dag.py
[2024-06-05T02:20:03.326+0000] {logging_mixin.py:188} INFO - [2024-06-05T02:20:03.326+0000] {dag.py:3096} INFO - Sync 1 DAGs
[2024-06-05T02:20:03.346+0000] {logging_mixin.py:188} INFO - [2024-06-05T02:20:03.346+0000] {dag.py:3954} INFO - Setting next_dagrun for example_trigger_controller_dag to 2021-01-01 00:00:00+00:00, run_after=2021-01-01 00:00:00+00:00
[2024-06-05T02:20:03.370+0000] {processor.py:183} INFO - Processing /home/ubuntu/endtoend_venv/lib/python3.12/site-packages/airflow/example_dags/example_trigger_controller_dag.py took 0.075 seconds
[2024-06-05T02:20:51.966+0000] {processor.py:161} INFO - Started process (PID=15073) to work on /home/ubuntu/endtoend_venv/lib/python3.12/site-packages/airflow/example_dags/example_trigger_controller_dag.py
[2024-06-05T02:20:51.968+0000] {processor.py:830} INFO - Processing file /home/ubuntu/endtoend_venv/lib/python3.12/site-packages/airflow/example_dags/example_trigger_controller_dag.py for tasks to queue
[2024-06-05T02:20:51.970+0000] {logging_mixin.py:188} INFO - [2024-06-05T02:20:51.969+0000] {dagbag.py:545} INFO - Filling up the DagBag from /home/ubuntu/endtoend_venv/lib/python3.12/site-packages/airflow/example_dags/example_trigger_controller_dag.py
[2024-06-05T02:20:51.975+0000] {processor.py:840} INFO - DAG(s) 'example_trigger_controller_dag' retrieved from /home/ubuntu/endtoend_venv/lib/python3.12/site-packages/airflow/example_dags/example_trigger_controller_dag.py
[2024-06-05T02:20:51.991+0000] {logging_mixin.py:188} INFO - [2024-06-05T02:20:51.990+0000] {dag.py:3096} INFO - Sync 1 DAGs
[2024-06-05T02:20:52.010+0000] {logging_mixin.py:188} INFO - [2024-06-05T02:20:52.010+0000] {dag.py:3954} INFO - Setting next_dagrun for example_trigger_controller_dag to 2021-01-01 00:00:00+00:00, run_after=2021-01-01 00:00:00+00:00
[2024-06-05T02:20:52.035+0000] {processor.py:183} INFO - Processing /home/ubuntu/endtoend_venv/lib/python3.12/site-packages/airflow/example_dags/example_trigger_controller_dag.py took 0.074 seconds
[2024-06-05T02:21:32.529+0000] {processor.py:161} INFO - Started process (PID=15116) to work on /home/ubuntu/endtoend_venv/lib/python3.12/site-packages/airflow/example_dags/example_trigger_controller_dag.py
[2024-06-05T02:21:32.531+0000] {processor.py:830} INFO - Processing file /home/ubuntu/endtoend_venv/lib/python3.12/site-packages/airflow/example_dags/example_trigger_controller_dag.py for tasks to queue
[2024-06-05T02:21:32.533+0000] {logging_mixin.py:188} INFO - [2024-06-05T02:21:32.532+0000] {dagbag.py:545} INFO - Filling up the DagBag from /home/ubuntu/endtoend_venv/lib/python3.12/site-packages/airflow/example_dags/example_trigger_controller_dag.py
[2024-06-05T02:21:32.538+0000] {processor.py:840} INFO - DAG(s) 'example_trigger_controller_dag' retrieved from /home/ubuntu/endtoend_venv/lib/python3.12/site-packages/airflow/example_dags/example_trigger_controller_dag.py
[2024-06-05T02:21:32.555+0000] {logging_mixin.py:188} INFO - [2024-06-05T02:21:32.554+0000] {dag.py:3096} INFO - Sync 1 DAGs
[2024-06-05T02:21:32.575+0000] {logging_mixin.py:188} INFO - [2024-06-05T02:21:32.575+0000] {dag.py:3954} INFO - Setting next_dagrun for example_trigger_controller_dag to 2021-01-01 00:00:00+00:00, run_after=2021-01-01 00:00:00+00:00
[2024-06-05T02:21:32.598+0000] {processor.py:183} INFO - Processing /home/ubuntu/endtoend_venv/lib/python3.12/site-packages/airflow/example_dags/example_trigger_controller_dag.py took 0.075 seconds
[2024-06-05T02:22:12.756+0000] {processor.py:161} INFO - Started process (PID=15158) to work on /home/ubuntu/endtoend_venv/lib/python3.12/site-packages/airflow/example_dags/example_trigger_controller_dag.py
[2024-06-05T02:22:12.757+0000] {processor.py:830} INFO - Processing file /home/ubuntu/endtoend_venv/lib/python3.12/site-packages/airflow/example_dags/example_trigger_controller_dag.py for tasks to queue
[2024-06-05T02:22:12.759+0000] {logging_mixin.py:188} INFO - [2024-06-05T02:22:12.759+0000] {dagbag.py:545} INFO - Filling up the DagBag from /home/ubuntu/endtoend_venv/lib/python3.12/site-packages/airflow/example_dags/example_trigger_controller_dag.py
[2024-06-05T02:22:12.765+0000] {processor.py:840} INFO - DAG(s) 'example_trigger_controller_dag' retrieved from /home/ubuntu/endtoend_venv/lib/python3.12/site-packages/airflow/example_dags/example_trigger_controller_dag.py
[2024-06-05T02:22:12.780+0000] {logging_mixin.py:188} INFO - [2024-06-05T02:22:12.780+0000] {dag.py:3096} INFO - Sync 1 DAGs
[2024-06-05T02:22:12.799+0000] {logging_mixin.py:188} INFO - [2024-06-05T02:22:12.799+0000] {dag.py:3954} INFO - Setting next_dagrun for example_trigger_controller_dag to 2021-01-01 00:00:00+00:00, run_after=2021-01-01 00:00:00+00:00
[2024-06-05T02:22:12.821+0000] {processor.py:183} INFO - Processing /home/ubuntu/endtoend_venv/lib/python3.12/site-packages/airflow/example_dags/example_trigger_controller_dag.py took 0.070 seconds
[2024-06-05T02:22:51.165+0000] {processor.py:161} INFO - Started process (PID=15198) to work on /home/ubuntu/endtoend_venv/lib/python3.12/site-packages/airflow/example_dags/example_trigger_controller_dag.py
[2024-06-05T02:22:51.166+0000] {processor.py:830} INFO - Processing file /home/ubuntu/endtoend_venv/lib/python3.12/site-packages/airflow/example_dags/example_trigger_controller_dag.py for tasks to queue
[2024-06-05T02:22:51.168+0000] {logging_mixin.py:188} INFO - [2024-06-05T02:22:51.168+0000] {dagbag.py:545} INFO - Filling up the DagBag from /home/ubuntu/endtoend_venv/lib/python3.12/site-packages/airflow/example_dags/example_trigger_controller_dag.py
[2024-06-05T02:22:51.173+0000] {processor.py:840} INFO - DAG(s) 'example_trigger_controller_dag' retrieved from /home/ubuntu/endtoend_venv/lib/python3.12/site-packages/airflow/example_dags/example_trigger_controller_dag.py
[2024-06-05T02:22:51.189+0000] {logging_mixin.py:188} INFO - [2024-06-05T02:22:51.188+0000] {dag.py:3096} INFO - Sync 1 DAGs
[2024-06-05T02:22:51.208+0000] {logging_mixin.py:188} INFO - [2024-06-05T02:22:51.207+0000] {dag.py:3954} INFO - Setting next_dagrun for example_trigger_controller_dag to 2021-01-01 00:00:00+00:00, run_after=2021-01-01 00:00:00+00:00
[2024-06-05T02:22:51.231+0000] {processor.py:183} INFO - Processing /home/ubuntu/endtoend_venv/lib/python3.12/site-packages/airflow/example_dags/example_trigger_controller_dag.py took 0.072 seconds
[2024-06-05T02:23:29.270+0000] {processor.py:161} INFO - Started process (PID=15238) to work on /home/ubuntu/endtoend_venv/lib/python3.12/site-packages/airflow/example_dags/example_trigger_controller_dag.py
[2024-06-05T02:23:29.272+0000] {processor.py:830} INFO - Processing file /home/ubuntu/endtoend_venv/lib/python3.12/site-packages/airflow/example_dags/example_trigger_controller_dag.py for tasks to queue
[2024-06-05T02:23:29.273+0000] {logging_mixin.py:188} INFO - [2024-06-05T02:23:29.273+0000] {dagbag.py:545} INFO - Filling up the DagBag from /home/ubuntu/endtoend_venv/lib/python3.12/site-packages/airflow/example_dags/example_trigger_controller_dag.py
[2024-06-05T02:23:29.279+0000] {processor.py:840} INFO - DAG(s) 'example_trigger_controller_dag' retrieved from /home/ubuntu/endtoend_venv/lib/python3.12/site-packages/airflow/example_dags/example_trigger_controller_dag.py
[2024-06-05T02:23:29.295+0000] {logging_mixin.py:188} INFO - [2024-06-05T02:23:29.294+0000] {dag.py:3096} INFO - Sync 1 DAGs
[2024-06-05T02:23:29.314+0000] {logging_mixin.py:188} INFO - [2024-06-05T02:23:29.314+0000] {dag.py:3954} INFO - Setting next_dagrun for example_trigger_controller_dag to 2021-01-01 00:00:00+00:00, run_after=2021-01-01 00:00:00+00:00
[2024-06-05T02:23:29.337+0000] {processor.py:183} INFO - Processing /home/ubuntu/endtoend_venv/lib/python3.12/site-packages/airflow/example_dags/example_trigger_controller_dag.py took 0.073 seconds
[2024-06-05T02:25:30.998+0000] {processor.py:161} INFO - Started process (PID=15336) to work on /home/ubuntu/endtoend_venv/lib/python3.12/site-packages/airflow/example_dags/example_trigger_controller_dag.py
[2024-06-05T02:25:30.999+0000] {processor.py:830} INFO - Processing file /home/ubuntu/endtoend_venv/lib/python3.12/site-packages/airflow/example_dags/example_trigger_controller_dag.py for tasks to queue
[2024-06-05T02:25:31.002+0000] {logging_mixin.py:188} INFO - [2024-06-05T02:25:31.001+0000] {dagbag.py:545} INFO - Filling up the DagBag from /home/ubuntu/endtoend_venv/lib/python3.12/site-packages/airflow/example_dags/example_trigger_controller_dag.py
[2024-06-05T02:25:31.009+0000] {processor.py:840} INFO - DAG(s) 'example_trigger_controller_dag' retrieved from /home/ubuntu/endtoend_venv/lib/python3.12/site-packages/airflow/example_dags/example_trigger_controller_dag.py
[2024-06-05T02:25:31.019+0000] {logging_mixin.py:188} INFO - [2024-06-05T02:25:31.019+0000] {dag.py:3096} INFO - Sync 1 DAGs
[2024-06-05T02:25:31.039+0000] {logging_mixin.py:188} INFO - [2024-06-05T02:25:31.039+0000] {dag.py:3954} INFO - Setting next_dagrun for example_trigger_controller_dag to 2021-01-01 00:00:00+00:00, run_after=2021-01-01 00:00:00+00:00
[2024-06-05T02:25:31.065+0000] {processor.py:183} INFO - Processing /home/ubuntu/endtoend_venv/lib/python3.12/site-packages/airflow/example_dags/example_trigger_controller_dag.py took 0.073 seconds
[2024-06-05T02:26:22.891+0000] {processor.py:161} INFO - Started process (PID=15388) to work on /home/ubuntu/endtoend_venv/lib/python3.12/site-packages/airflow/example_dags/example_trigger_controller_dag.py
[2024-06-05T02:26:22.893+0000] {processor.py:830} INFO - Processing file /home/ubuntu/endtoend_venv/lib/python3.12/site-packages/airflow/example_dags/example_trigger_controller_dag.py for tasks to queue
[2024-06-05T02:26:22.895+0000] {logging_mixin.py:188} INFO - [2024-06-05T02:26:22.894+0000] {dagbag.py:545} INFO - Filling up the DagBag from /home/ubuntu/endtoend_venv/lib/python3.12/site-packages/airflow/example_dags/example_trigger_controller_dag.py
[2024-06-05T02:26:22.900+0000] {processor.py:840} INFO - DAG(s) 'example_trigger_controller_dag' retrieved from /home/ubuntu/endtoend_venv/lib/python3.12/site-packages/airflow/example_dags/example_trigger_controller_dag.py
[2024-06-05T02:26:23.002+0000] {logging_mixin.py:188} INFO - [2024-06-05T02:26:23.002+0000] {dag.py:3096} INFO - Sync 1 DAGs
[2024-06-05T02:26:23.019+0000] {logging_mixin.py:188} INFO - [2024-06-05T02:26:23.019+0000] {dag.py:3954} INFO - Setting next_dagrun for example_trigger_controller_dag to 2021-01-01 00:00:00+00:00, run_after=2021-01-01 00:00:00+00:00
[2024-06-05T02:26:23.042+0000] {processor.py:183} INFO - Processing /home/ubuntu/endtoend_venv/lib/python3.12/site-packages/airflow/example_dags/example_trigger_controller_dag.py took 0.156 seconds
[2024-06-05T02:27:08.641+0000] {processor.py:161} INFO - Started process (PID=15434) to work on /home/ubuntu/endtoend_venv/lib/python3.12/site-packages/airflow/example_dags/example_trigger_controller_dag.py
[2024-06-05T02:27:08.643+0000] {processor.py:830} INFO - Processing file /home/ubuntu/endtoend_venv/lib/python3.12/site-packages/airflow/example_dags/example_trigger_controller_dag.py for tasks to queue
[2024-06-05T02:27:08.644+0000] {logging_mixin.py:188} INFO - [2024-06-05T02:27:08.644+0000] {dagbag.py:545} INFO - Filling up the DagBag from /home/ubuntu/endtoend_venv/lib/python3.12/site-packages/airflow/example_dags/example_trigger_controller_dag.py
[2024-06-05T02:27:08.650+0000] {processor.py:840} INFO - DAG(s) 'example_trigger_controller_dag' retrieved from /home/ubuntu/endtoend_venv/lib/python3.12/site-packages/airflow/example_dags/example_trigger_controller_dag.py
[2024-06-05T02:27:08.665+0000] {logging_mixin.py:188} INFO - [2024-06-05T02:27:08.665+0000] {dag.py:3096} INFO - Sync 1 DAGs
[2024-06-05T02:27:08.684+0000] {logging_mixin.py:188} INFO - [2024-06-05T02:27:08.684+0000] {dag.py:3954} INFO - Setting next_dagrun for example_trigger_controller_dag to 2021-01-01 00:00:00+00:00, run_after=2021-01-01 00:00:00+00:00
[2024-06-05T02:27:08.708+0000] {processor.py:183} INFO - Processing /home/ubuntu/endtoend_venv/lib/python3.12/site-packages/airflow/example_dags/example_trigger_controller_dag.py took 0.073 seconds
[2024-06-05T02:27:58.005+0000] {processor.py:161} INFO - Started process (PID=15485) to work on /home/ubuntu/endtoend_venv/lib/python3.12/site-packages/airflow/example_dags/example_trigger_controller_dag.py
[2024-06-05T02:27:58.007+0000] {processor.py:830} INFO - Processing file /home/ubuntu/endtoend_venv/lib/python3.12/site-packages/airflow/example_dags/example_trigger_controller_dag.py for tasks to queue
[2024-06-05T02:27:58.009+0000] {logging_mixin.py:188} INFO - [2024-06-05T02:27:58.008+0000] {dagbag.py:545} INFO - Filling up the DagBag from /home/ubuntu/endtoend_venv/lib/python3.12/site-packages/airflow/example_dags/example_trigger_controller_dag.py
[2024-06-05T02:27:58.014+0000] {processor.py:840} INFO - DAG(s) 'example_trigger_controller_dag' retrieved from /home/ubuntu/endtoend_venv/lib/python3.12/site-packages/airflow/example_dags/example_trigger_controller_dag.py
[2024-06-05T02:27:58.030+0000] {logging_mixin.py:188} INFO - [2024-06-05T02:27:58.030+0000] {dag.py:3096} INFO - Sync 1 DAGs
[2024-06-05T02:27:58.050+0000] {logging_mixin.py:188} INFO - [2024-06-05T02:27:58.050+0000] {dag.py:3954} INFO - Setting next_dagrun for example_trigger_controller_dag to 2021-01-01 00:00:00+00:00, run_after=2021-01-01 00:00:00+00:00
[2024-06-05T02:27:58.072+0000] {processor.py:183} INFO - Processing /home/ubuntu/endtoend_venv/lib/python3.12/site-packages/airflow/example_dags/example_trigger_controller_dag.py took 0.073 seconds
[2024-06-05T02:28:41.834+0000] {processor.py:161} INFO - Started process (PID=15530) to work on /home/ubuntu/endtoend_venv/lib/python3.12/site-packages/airflow/example_dags/example_trigger_controller_dag.py
[2024-06-05T02:28:41.836+0000] {processor.py:830} INFO - Processing file /home/ubuntu/endtoend_venv/lib/python3.12/site-packages/airflow/example_dags/example_trigger_controller_dag.py for tasks to queue
[2024-06-05T02:28:41.838+0000] {logging_mixin.py:188} INFO - [2024-06-05T02:28:41.837+0000] {dagbag.py:545} INFO - Filling up the DagBag from /home/ubuntu/endtoend_venv/lib/python3.12/site-packages/airflow/example_dags/example_trigger_controller_dag.py
[2024-06-05T02:28:41.843+0000] {processor.py:840} INFO - DAG(s) 'example_trigger_controller_dag' retrieved from /home/ubuntu/endtoend_venv/lib/python3.12/site-packages/airflow/example_dags/example_trigger_controller_dag.py
[2024-06-05T02:28:41.859+0000] {logging_mixin.py:188} INFO - [2024-06-05T02:28:41.858+0000] {dag.py:3096} INFO - Sync 1 DAGs
[2024-06-05T02:28:41.879+0000] {logging_mixin.py:188} INFO - [2024-06-05T02:28:41.878+0000] {dag.py:3954} INFO - Setting next_dagrun for example_trigger_controller_dag to 2021-01-01 00:00:00+00:00, run_after=2021-01-01 00:00:00+00:00
[2024-06-05T02:28:41.902+0000] {processor.py:183} INFO - Processing /home/ubuntu/endtoend_venv/lib/python3.12/site-packages/airflow/example_dags/example_trigger_controller_dag.py took 0.074 seconds
[2024-06-05T02:29:23.258+0000] {processor.py:161} INFO - Started process (PID=15577) to work on /home/ubuntu/endtoend_venv/lib/python3.12/site-packages/airflow/example_dags/example_trigger_controller_dag.py
[2024-06-05T02:29:23.260+0000] {processor.py:830} INFO - Processing file /home/ubuntu/endtoend_venv/lib/python3.12/site-packages/airflow/example_dags/example_trigger_controller_dag.py for tasks to queue
[2024-06-05T02:29:23.262+0000] {logging_mixin.py:188} INFO - [2024-06-05T02:29:23.261+0000] {dagbag.py:545} INFO - Filling up the DagBag from /home/ubuntu/endtoend_venv/lib/python3.12/site-packages/airflow/example_dags/example_trigger_controller_dag.py
[2024-06-05T02:29:23.267+0000] {processor.py:840} INFO - DAG(s) 'example_trigger_controller_dag' retrieved from /home/ubuntu/endtoend_venv/lib/python3.12/site-packages/airflow/example_dags/example_trigger_controller_dag.py
[2024-06-05T02:29:23.284+0000] {logging_mixin.py:188} INFO - [2024-06-05T02:29:23.283+0000] {dag.py:3096} INFO - Sync 1 DAGs
[2024-06-05T02:29:23.303+0000] {logging_mixin.py:188} INFO - [2024-06-05T02:29:23.303+0000] {dag.py:3954} INFO - Setting next_dagrun for example_trigger_controller_dag to 2021-01-01 00:00:00+00:00, run_after=2021-01-01 00:00:00+00:00
[2024-06-05T02:29:23.327+0000] {processor.py:183} INFO - Processing /home/ubuntu/endtoend_venv/lib/python3.12/site-packages/airflow/example_dags/example_trigger_controller_dag.py took 0.075 seconds
[2024-06-05T02:30:04.792+0000] {processor.py:161} INFO - Started process (PID=15621) to work on /home/ubuntu/endtoend_venv/lib/python3.12/site-packages/airflow/example_dags/example_trigger_controller_dag.py
[2024-06-05T02:30:04.793+0000] {processor.py:830} INFO - Processing file /home/ubuntu/endtoend_venv/lib/python3.12/site-packages/airflow/example_dags/example_trigger_controller_dag.py for tasks to queue
[2024-06-05T02:30:04.795+0000] {logging_mixin.py:188} INFO - [2024-06-05T02:30:04.794+0000] {dagbag.py:545} INFO - Filling up the DagBag from /home/ubuntu/endtoend_venv/lib/python3.12/site-packages/airflow/example_dags/example_trigger_controller_dag.py
[2024-06-05T02:30:04.800+0000] {processor.py:840} INFO - DAG(s) 'example_trigger_controller_dag' retrieved from /home/ubuntu/endtoend_venv/lib/python3.12/site-packages/airflow/example_dags/example_trigger_controller_dag.py
[2024-06-05T02:30:04.816+0000] {logging_mixin.py:188} INFO - [2024-06-05T02:30:04.816+0000] {dag.py:3096} INFO - Sync 1 DAGs
[2024-06-05T02:30:04.836+0000] {logging_mixin.py:188} INFO - [2024-06-05T02:30:04.836+0000] {dag.py:3954} INFO - Setting next_dagrun for example_trigger_controller_dag to 2021-01-01 00:00:00+00:00, run_after=2021-01-01 00:00:00+00:00
[2024-06-05T02:30:04.859+0000] {processor.py:183} INFO - Processing /home/ubuntu/endtoend_venv/lib/python3.12/site-packages/airflow/example_dags/example_trigger_controller_dag.py took 0.074 seconds
[2024-06-05T02:30:46.992+0000] {processor.py:161} INFO - Started process (PID=15666) to work on /home/ubuntu/endtoend_venv/lib/python3.12/site-packages/airflow/example_dags/example_trigger_controller_dag.py
[2024-06-05T02:30:46.994+0000] {processor.py:830} INFO - Processing file /home/ubuntu/endtoend_venv/lib/python3.12/site-packages/airflow/example_dags/example_trigger_controller_dag.py for tasks to queue
[2024-06-05T02:30:46.996+0000] {logging_mixin.py:188} INFO - [2024-06-05T02:30:46.995+0000] {dagbag.py:545} INFO - Filling up the DagBag from /home/ubuntu/endtoend_venv/lib/python3.12/site-packages/airflow/example_dags/example_trigger_controller_dag.py
[2024-06-05T02:30:47.001+0000] {processor.py:840} INFO - DAG(s) 'example_trigger_controller_dag' retrieved from /home/ubuntu/endtoend_venv/lib/python3.12/site-packages/airflow/example_dags/example_trigger_controller_dag.py
[2024-06-05T02:30:47.018+0000] {logging_mixin.py:188} INFO - [2024-06-05T02:30:47.018+0000] {dag.py:3096} INFO - Sync 1 DAGs
[2024-06-05T02:30:47.038+0000] {logging_mixin.py:188} INFO - [2024-06-05T02:30:47.037+0000] {dag.py:3954} INFO - Setting next_dagrun for example_trigger_controller_dag to 2021-01-01 00:00:00+00:00, run_after=2021-01-01 00:00:00+00:00
[2024-06-05T02:30:47.063+0000] {processor.py:183} INFO - Processing /home/ubuntu/endtoend_venv/lib/python3.12/site-packages/airflow/example_dags/example_trigger_controller_dag.py took 0.076 seconds
[2024-06-05T02:31:29.371+0000] {processor.py:161} INFO - Started process (PID=15709) to work on /home/ubuntu/endtoend_venv/lib/python3.12/site-packages/airflow/example_dags/example_trigger_controller_dag.py
[2024-06-05T02:31:29.373+0000] {processor.py:830} INFO - Processing file /home/ubuntu/endtoend_venv/lib/python3.12/site-packages/airflow/example_dags/example_trigger_controller_dag.py for tasks to queue
[2024-06-05T02:31:29.375+0000] {logging_mixin.py:188} INFO - [2024-06-05T02:31:29.374+0000] {dagbag.py:545} INFO - Filling up the DagBag from /home/ubuntu/endtoend_venv/lib/python3.12/site-packages/airflow/example_dags/example_trigger_controller_dag.py
[2024-06-05T02:31:29.380+0000] {processor.py:840} INFO - DAG(s) 'example_trigger_controller_dag' retrieved from /home/ubuntu/endtoend_venv/lib/python3.12/site-packages/airflow/example_dags/example_trigger_controller_dag.py
[2024-06-05T02:31:29.396+0000] {logging_mixin.py:188} INFO - [2024-06-05T02:31:29.396+0000] {dag.py:3096} INFO - Sync 1 DAGs
[2024-06-05T02:31:29.416+0000] {logging_mixin.py:188} INFO - [2024-06-05T02:31:29.415+0000] {dag.py:3954} INFO - Setting next_dagrun for example_trigger_controller_dag to 2021-01-01 00:00:00+00:00, run_after=2021-01-01 00:00:00+00:00
[2024-06-05T02:31:29.438+0000] {processor.py:183} INFO - Processing /home/ubuntu/endtoend_venv/lib/python3.12/site-packages/airflow/example_dags/example_trigger_controller_dag.py took 0.073 seconds
[2024-06-05T02:32:13.468+0000] {processor.py:161} INFO - Started process (PID=15754) to work on /home/ubuntu/endtoend_venv/lib/python3.12/site-packages/airflow/example_dags/example_trigger_controller_dag.py
[2024-06-05T02:32:13.470+0000] {processor.py:830} INFO - Processing file /home/ubuntu/endtoend_venv/lib/python3.12/site-packages/airflow/example_dags/example_trigger_controller_dag.py for tasks to queue
[2024-06-05T02:32:13.471+0000] {logging_mixin.py:188} INFO - [2024-06-05T02:32:13.471+0000] {dagbag.py:545} INFO - Filling up the DagBag from /home/ubuntu/endtoend_venv/lib/python3.12/site-packages/airflow/example_dags/example_trigger_controller_dag.py
[2024-06-05T02:32:13.477+0000] {processor.py:840} INFO - DAG(s) 'example_trigger_controller_dag' retrieved from /home/ubuntu/endtoend_venv/lib/python3.12/site-packages/airflow/example_dags/example_trigger_controller_dag.py
[2024-06-05T02:32:13.492+0000] {logging_mixin.py:188} INFO - [2024-06-05T02:32:13.492+0000] {dag.py:3096} INFO - Sync 1 DAGs
[2024-06-05T02:32:13.511+0000] {logging_mixin.py:188} INFO - [2024-06-05T02:32:13.511+0000] {dag.py:3954} INFO - Setting next_dagrun for example_trigger_controller_dag to 2021-01-01 00:00:00+00:00, run_after=2021-01-01 00:00:00+00:00
[2024-06-05T02:32:13.535+0000] {processor.py:183} INFO - Processing /home/ubuntu/endtoend_venv/lib/python3.12/site-packages/airflow/example_dags/example_trigger_controller_dag.py took 0.073 seconds
[2024-06-05T02:32:54.571+0000] {processor.py:161} INFO - Started process (PID=15796) to work on /home/ubuntu/endtoend_venv/lib/python3.12/site-packages/airflow/example_dags/example_trigger_controller_dag.py
[2024-06-05T02:32:54.573+0000] {processor.py:830} INFO - Processing file /home/ubuntu/endtoend_venv/lib/python3.12/site-packages/airflow/example_dags/example_trigger_controller_dag.py for tasks to queue
[2024-06-05T02:32:54.574+0000] {logging_mixin.py:188} INFO - [2024-06-05T02:32:54.574+0000] {dagbag.py:545} INFO - Filling up the DagBag from /home/ubuntu/endtoend_venv/lib/python3.12/site-packages/airflow/example_dags/example_trigger_controller_dag.py
[2024-06-05T02:32:54.580+0000] {processor.py:840} INFO - DAG(s) 'example_trigger_controller_dag' retrieved from /home/ubuntu/endtoend_venv/lib/python3.12/site-packages/airflow/example_dags/example_trigger_controller_dag.py
[2024-06-05T02:32:54.595+0000] {logging_mixin.py:188} INFO - [2024-06-05T02:32:54.595+0000] {dag.py:3096} INFO - Sync 1 DAGs
[2024-06-05T02:32:54.614+0000] {logging_mixin.py:188} INFO - [2024-06-05T02:32:54.614+0000] {dag.py:3954} INFO - Setting next_dagrun for example_trigger_controller_dag to 2021-01-01 00:00:00+00:00, run_after=2021-01-01 00:00:00+00:00
[2024-06-05T02:32:54.637+0000] {processor.py:183} INFO - Processing /home/ubuntu/endtoend_venv/lib/python3.12/site-packages/airflow/example_dags/example_trigger_controller_dag.py took 0.071 seconds
[2024-06-05T02:33:37.086+0000] {processor.py:161} INFO - Started process (PID=15838) to work on /home/ubuntu/endtoend_venv/lib/python3.12/site-packages/airflow/example_dags/example_trigger_controller_dag.py
[2024-06-05T02:33:37.087+0000] {processor.py:830} INFO - Processing file /home/ubuntu/endtoend_venv/lib/python3.12/site-packages/airflow/example_dags/example_trigger_controller_dag.py for tasks to queue
[2024-06-05T02:33:37.089+0000] {logging_mixin.py:188} INFO - [2024-06-05T02:33:37.089+0000] {dagbag.py:545} INFO - Filling up the DagBag from /home/ubuntu/endtoend_venv/lib/python3.12/site-packages/airflow/example_dags/example_trigger_controller_dag.py
[2024-06-05T02:33:37.095+0000] {processor.py:840} INFO - DAG(s) 'example_trigger_controller_dag' retrieved from /home/ubuntu/endtoend_venv/lib/python3.12/site-packages/airflow/example_dags/example_trigger_controller_dag.py
[2024-06-05T02:33:37.110+0000] {logging_mixin.py:188} INFO - [2024-06-05T02:33:37.110+0000] {dag.py:3096} INFO - Sync 1 DAGs
[2024-06-05T02:33:37.130+0000] {logging_mixin.py:188} INFO - [2024-06-05T02:33:37.130+0000] {dag.py:3954} INFO - Setting next_dagrun for example_trigger_controller_dag to 2021-01-01 00:00:00+00:00, run_after=2021-01-01 00:00:00+00:00
[2024-06-05T02:33:37.153+0000] {processor.py:183} INFO - Processing /home/ubuntu/endtoend_venv/lib/python3.12/site-packages/airflow/example_dags/example_trigger_controller_dag.py took 0.073 seconds
[2024-06-05T02:34:18.277+0000] {processor.py:161} INFO - Started process (PID=15882) to work on /home/ubuntu/endtoend_venv/lib/python3.12/site-packages/airflow/example_dags/example_trigger_controller_dag.py
[2024-06-05T02:34:18.279+0000] {processor.py:830} INFO - Processing file /home/ubuntu/endtoend_venv/lib/python3.12/site-packages/airflow/example_dags/example_trigger_controller_dag.py for tasks to queue
[2024-06-05T02:34:18.280+0000] {logging_mixin.py:188} INFO - [2024-06-05T02:34:18.280+0000] {dagbag.py:545} INFO - Filling up the DagBag from /home/ubuntu/endtoend_venv/lib/python3.12/site-packages/airflow/example_dags/example_trigger_controller_dag.py
[2024-06-05T02:34:18.286+0000] {processor.py:840} INFO - DAG(s) 'example_trigger_controller_dag' retrieved from /home/ubuntu/endtoend_venv/lib/python3.12/site-packages/airflow/example_dags/example_trigger_controller_dag.py
[2024-06-05T02:34:18.301+0000] {logging_mixin.py:188} INFO - [2024-06-05T02:34:18.301+0000] {dag.py:3096} INFO - Sync 1 DAGs
[2024-06-05T02:34:18.321+0000] {logging_mixin.py:188} INFO - [2024-06-05T02:34:18.320+0000] {dag.py:3954} INFO - Setting next_dagrun for example_trigger_controller_dag to 2021-01-01 00:00:00+00:00, run_after=2021-01-01 00:00:00+00:00
[2024-06-05T02:34:18.344+0000] {processor.py:183} INFO - Processing /home/ubuntu/endtoend_venv/lib/python3.12/site-packages/airflow/example_dags/example_trigger_controller_dag.py took 0.073 seconds
[2024-06-05T02:34:57.577+0000] {processor.py:161} INFO - Started process (PID=15922) to work on /home/ubuntu/endtoend_venv/lib/python3.12/site-packages/airflow/example_dags/example_trigger_controller_dag.py
[2024-06-05T02:34:57.578+0000] {processor.py:830} INFO - Processing file /home/ubuntu/endtoend_venv/lib/python3.12/site-packages/airflow/example_dags/example_trigger_controller_dag.py for tasks to queue
[2024-06-05T02:34:57.580+0000] {logging_mixin.py:188} INFO - [2024-06-05T02:34:57.579+0000] {dagbag.py:545} INFO - Filling up the DagBag from /home/ubuntu/endtoend_venv/lib/python3.12/site-packages/airflow/example_dags/example_trigger_controller_dag.py
[2024-06-05T02:34:57.585+0000] {processor.py:840} INFO - DAG(s) 'example_trigger_controller_dag' retrieved from /home/ubuntu/endtoend_venv/lib/python3.12/site-packages/airflow/example_dags/example_trigger_controller_dag.py
[2024-06-05T02:34:57.601+0000] {logging_mixin.py:188} INFO - [2024-06-05T02:34:57.600+0000] {dag.py:3096} INFO - Sync 1 DAGs
[2024-06-05T02:34:57.620+0000] {logging_mixin.py:188} INFO - [2024-06-05T02:34:57.620+0000] {dag.py:3954} INFO - Setting next_dagrun for example_trigger_controller_dag to 2021-01-01 00:00:00+00:00, run_after=2021-01-01 00:00:00+00:00
[2024-06-05T02:34:57.643+0000] {processor.py:183} INFO - Processing /home/ubuntu/endtoend_venv/lib/python3.12/site-packages/airflow/example_dags/example_trigger_controller_dag.py took 0.072 seconds
