[2024-06-05T02:18:49.501+0000] {processor.py:161} INFO - Started process (PID=14943) to work on /home/ubuntu/endtoend_venv/lib/python3.12/site-packages/airflow/example_dags/example_kubernetes_executor.py
[2024-06-05T02:18:49.502+0000] {processor.py:830} INFO - Processing file /home/ubuntu/endtoend_venv/lib/python3.12/site-packages/airflow/example_dags/example_kubernetes_executor.py for tasks to queue
[2024-06-05T02:18:49.504+0000] {logging_mixin.py:188} INFO - [2024-06-05T02:18:49.503+0000] {dagbag.py:545} INFO - Filling up the DagBag from /home/ubuntu/endtoend_venv/lib/python3.12/site-packages/airflow/example_dags/example_kubernetes_executor.py
[2024-06-05T02:18:49.506+0000] {logging_mixin.py:188} INFO - [2024-06-05T02:18:49.506+0000] {example_kubernetes_executor.py:39} WARNING - The example_kubernetes_executor example DAG requires the kubernetes provider. Please install it with: pip install apache-airflow[cncf.kubernetes]
[2024-06-05T02:18:49.507+0000] {processor.py:842} WARNING - No viable dags retrieved from /home/ubuntu/endtoend_venv/lib/python3.12/site-packages/airflow/example_dags/example_kubernetes_executor.py
[2024-06-05T02:18:49.517+0000] {processor.py:183} INFO - Processing /home/ubuntu/endtoend_venv/lib/python3.12/site-packages/airflow/example_dags/example_kubernetes_executor.py took 0.022 seconds
[2024-06-05T02:19:41.498+0000] {processor.py:161} INFO - Started process (PID=14994) to work on /home/ubuntu/endtoend_venv/lib/python3.12/site-packages/airflow/example_dags/example_kubernetes_executor.py
[2024-06-05T02:19:41.500+0000] {processor.py:830} INFO - Processing file /home/ubuntu/endtoend_venv/lib/python3.12/site-packages/airflow/example_dags/example_kubernetes_executor.py for tasks to queue
[2024-06-05T02:19:41.501+0000] {logging_mixin.py:188} INFO - [2024-06-05T02:19:41.501+0000] {dagbag.py:545} INFO - Filling up the DagBag from /home/ubuntu/endtoend_venv/lib/python3.12/site-packages/airflow/example_dags/example_kubernetes_executor.py
[2024-06-05T02:19:41.504+0000] {logging_mixin.py:188} INFO - [2024-06-05T02:19:41.504+0000] {example_kubernetes_executor.py:39} WARNING - The example_kubernetes_executor example DAG requires the kubernetes provider. Please install it with: pip install apache-airflow[cncf.kubernetes]
[2024-06-05T02:19:41.504+0000] {processor.py:842} WARNING - No viable dags retrieved from /home/ubuntu/endtoend_venv/lib/python3.12/site-packages/airflow/example_dags/example_kubernetes_executor.py
[2024-06-05T02:19:41.515+0000] {processor.py:183} INFO - Processing /home/ubuntu/endtoend_venv/lib/python3.12/site-packages/airflow/example_dags/example_kubernetes_executor.py took 0.023 seconds
[2024-06-05T02:20:42.358+0000] {processor.py:161} INFO - Started process (PID=15063) to work on /home/ubuntu/endtoend_venv/lib/python3.12/site-packages/airflow/example_dags/example_kubernetes_executor.py
[2024-06-05T02:20:42.360+0000] {processor.py:830} INFO - Processing file /home/ubuntu/endtoend_venv/lib/python3.12/site-packages/airflow/example_dags/example_kubernetes_executor.py for tasks to queue
[2024-06-05T02:20:42.361+0000] {logging_mixin.py:188} INFO - [2024-06-05T02:20:42.361+0000] {dagbag.py:545} INFO - Filling up the DagBag from /home/ubuntu/endtoend_venv/lib/python3.12/site-packages/airflow/example_dags/example_kubernetes_executor.py
[2024-06-05T02:20:42.364+0000] {logging_mixin.py:188} INFO - [2024-06-05T02:20:42.364+0000] {example_kubernetes_executor.py:39} WARNING - The example_kubernetes_executor example DAG requires the kubernetes provider. Please install it with: pip install apache-airflow[cncf.kubernetes]
[2024-06-05T02:20:42.364+0000] {processor.py:842} WARNING - No viable dags retrieved from /home/ubuntu/endtoend_venv/lib/python3.12/site-packages/airflow/example_dags/example_kubernetes_executor.py
[2024-06-05T02:20:42.375+0000] {processor.py:183} INFO - Processing /home/ubuntu/endtoend_venv/lib/python3.12/site-packages/airflow/example_dags/example_kubernetes_executor.py took 0.023 seconds
[2024-06-05T02:21:40.130+0000] {processor.py:161} INFO - Started process (PID=15125) to work on /home/ubuntu/endtoend_venv/lib/python3.12/site-packages/airflow/example_dags/example_kubernetes_executor.py
[2024-06-05T02:21:40.132+0000] {processor.py:830} INFO - Processing file /home/ubuntu/endtoend_venv/lib/python3.12/site-packages/airflow/example_dags/example_kubernetes_executor.py for tasks to queue
[2024-06-05T02:21:40.133+0000] {logging_mixin.py:188} INFO - [2024-06-05T02:21:40.133+0000] {dagbag.py:545} INFO - Filling up the DagBag from /home/ubuntu/endtoend_venv/lib/python3.12/site-packages/airflow/example_dags/example_kubernetes_executor.py
[2024-06-05T02:21:40.136+0000] {logging_mixin.py:188} INFO - [2024-06-05T02:21:40.136+0000] {example_kubernetes_executor.py:39} WARNING - The example_kubernetes_executor example DAG requires the kubernetes provider. Please install it with: pip install apache-airflow[cncf.kubernetes]
[2024-06-05T02:21:40.137+0000] {processor.py:842} WARNING - No viable dags retrieved from /home/ubuntu/endtoend_venv/lib/python3.12/site-packages/airflow/example_dags/example_kubernetes_executor.py
[2024-06-05T02:21:40.148+0000] {processor.py:183} INFO - Processing /home/ubuntu/endtoend_venv/lib/python3.12/site-packages/airflow/example_dags/example_kubernetes_executor.py took 0.024 seconds
[2024-06-05T02:22:36.764+0000] {processor.py:161} INFO - Started process (PID=15183) to work on /home/ubuntu/endtoend_venv/lib/python3.12/site-packages/airflow/example_dags/example_kubernetes_executor.py
[2024-06-05T02:22:36.765+0000] {processor.py:830} INFO - Processing file /home/ubuntu/endtoend_venv/lib/python3.12/site-packages/airflow/example_dags/example_kubernetes_executor.py for tasks to queue
[2024-06-05T02:22:36.767+0000] {logging_mixin.py:188} INFO - [2024-06-05T02:22:36.766+0000] {dagbag.py:545} INFO - Filling up the DagBag from /home/ubuntu/endtoend_venv/lib/python3.12/site-packages/airflow/example_dags/example_kubernetes_executor.py
[2024-06-05T02:22:36.770+0000] {logging_mixin.py:188} INFO - [2024-06-05T02:22:36.769+0000] {example_kubernetes_executor.py:39} WARNING - The example_kubernetes_executor example DAG requires the kubernetes provider. Please install it with: pip install apache-airflow[cncf.kubernetes]
[2024-06-05T02:22:36.770+0000] {processor.py:842} WARNING - No viable dags retrieved from /home/ubuntu/endtoend_venv/lib/python3.12/site-packages/airflow/example_dags/example_kubernetes_executor.py
[2024-06-05T02:22:36.781+0000] {processor.py:183} INFO - Processing /home/ubuntu/endtoend_venv/lib/python3.12/site-packages/airflow/example_dags/example_kubernetes_executor.py took 0.023 seconds
[2024-06-05T02:23:34.486+0000] {processor.py:161} INFO - Started process (PID=15243) to work on /home/ubuntu/endtoend_venv/lib/python3.12/site-packages/airflow/example_dags/example_kubernetes_executor.py
[2024-06-05T02:23:34.487+0000] {processor.py:830} INFO - Processing file /home/ubuntu/endtoend_venv/lib/python3.12/site-packages/airflow/example_dags/example_kubernetes_executor.py for tasks to queue
[2024-06-05T02:23:34.489+0000] {logging_mixin.py:188} INFO - [2024-06-05T02:23:34.488+0000] {dagbag.py:545} INFO - Filling up the DagBag from /home/ubuntu/endtoend_venv/lib/python3.12/site-packages/airflow/example_dags/example_kubernetes_executor.py
[2024-06-05T02:23:34.491+0000] {logging_mixin.py:188} INFO - [2024-06-05T02:23:34.491+0000] {example_kubernetes_executor.py:39} WARNING - The example_kubernetes_executor example DAG requires the kubernetes provider. Please install it with: pip install apache-airflow[cncf.kubernetes]
[2024-06-05T02:23:34.492+0000] {processor.py:842} WARNING - No viable dags retrieved from /home/ubuntu/endtoend_venv/lib/python3.12/site-packages/airflow/example_dags/example_kubernetes_executor.py
[2024-06-05T02:23:34.502+0000] {processor.py:183} INFO - Processing /home/ubuntu/endtoend_venv/lib/python3.12/site-packages/airflow/example_dags/example_kubernetes_executor.py took 0.023 seconds
[2024-06-05T02:25:54.276+0000] {processor.py:161} INFO - Started process (PID=15361) to work on /home/ubuntu/endtoend_venv/lib/python3.12/site-packages/airflow/example_dags/example_kubernetes_executor.py
[2024-06-05T02:25:54.278+0000] {processor.py:830} INFO - Processing file /home/ubuntu/endtoend_venv/lib/python3.12/site-packages/airflow/example_dags/example_kubernetes_executor.py for tasks to queue
[2024-06-05T02:25:54.279+0000] {logging_mixin.py:188} INFO - [2024-06-05T02:25:54.279+0000] {dagbag.py:545} INFO - Filling up the DagBag from /home/ubuntu/endtoend_venv/lib/python3.12/site-packages/airflow/example_dags/example_kubernetes_executor.py
[2024-06-05T02:25:54.282+0000] {logging_mixin.py:188} INFO - [2024-06-05T02:25:54.282+0000] {example_kubernetes_executor.py:39} WARNING - The example_kubernetes_executor example DAG requires the kubernetes provider. Please install it with: pip install apache-airflow[cncf.kubernetes]
[2024-06-05T02:25:54.283+0000] {processor.py:842} WARNING - No viable dags retrieved from /home/ubuntu/endtoend_venv/lib/python3.12/site-packages/airflow/example_dags/example_kubernetes_executor.py
[2024-06-05T02:25:54.293+0000] {processor.py:183} INFO - Processing /home/ubuntu/endtoend_venv/lib/python3.12/site-packages/airflow/example_dags/example_kubernetes_executor.py took 0.023 seconds
[2024-06-05T02:26:47.219+0000] {processor.py:161} INFO - Started process (PID=15412) to work on /home/ubuntu/endtoend_venv/lib/python3.12/site-packages/airflow/example_dags/example_kubernetes_executor.py
[2024-06-05T02:26:47.220+0000] {processor.py:830} INFO - Processing file /home/ubuntu/endtoend_venv/lib/python3.12/site-packages/airflow/example_dags/example_kubernetes_executor.py for tasks to queue
[2024-06-05T02:26:47.222+0000] {logging_mixin.py:188} INFO - [2024-06-05T02:26:47.221+0000] {dagbag.py:545} INFO - Filling up the DagBag from /home/ubuntu/endtoend_venv/lib/python3.12/site-packages/airflow/example_dags/example_kubernetes_executor.py
[2024-06-05T02:26:47.225+0000] {logging_mixin.py:188} INFO - [2024-06-05T02:26:47.224+0000] {example_kubernetes_executor.py:39} WARNING - The example_kubernetes_executor example DAG requires the kubernetes provider. Please install it with: pip install apache-airflow[cncf.kubernetes]
[2024-06-05T02:26:47.225+0000] {processor.py:842} WARNING - No viable dags retrieved from /home/ubuntu/endtoend_venv/lib/python3.12/site-packages/airflow/example_dags/example_kubernetes_executor.py
[2024-06-05T02:26:47.236+0000] {processor.py:183} INFO - Processing /home/ubuntu/endtoend_venv/lib/python3.12/site-packages/airflow/example_dags/example_kubernetes_executor.py took 0.023 seconds
[2024-06-05T02:27:45.964+0000] {processor.py:161} INFO - Started process (PID=15473) to work on /home/ubuntu/endtoend_venv/lib/python3.12/site-packages/airflow/example_dags/example_kubernetes_executor.py
[2024-06-05T02:27:45.966+0000] {processor.py:830} INFO - Processing file /home/ubuntu/endtoend_venv/lib/python3.12/site-packages/airflow/example_dags/example_kubernetes_executor.py for tasks to queue
[2024-06-05T02:27:45.967+0000] {logging_mixin.py:188} INFO - [2024-06-05T02:27:45.967+0000] {dagbag.py:545} INFO - Filling up the DagBag from /home/ubuntu/endtoend_venv/lib/python3.12/site-packages/airflow/example_dags/example_kubernetes_executor.py
[2024-06-05T02:27:45.970+0000] {logging_mixin.py:188} INFO - [2024-06-05T02:27:45.970+0000] {example_kubernetes_executor.py:39} WARNING - The example_kubernetes_executor example DAG requires the kubernetes provider. Please install it with: pip install apache-airflow[cncf.kubernetes]
[2024-06-05T02:27:45.971+0000] {processor.py:842} WARNING - No viable dags retrieved from /home/ubuntu/endtoend_venv/lib/python3.12/site-packages/airflow/example_dags/example_kubernetes_executor.py
[2024-06-05T02:27:45.981+0000] {processor.py:183} INFO - Processing /home/ubuntu/endtoend_venv/lib/python3.12/site-packages/airflow/example_dags/example_kubernetes_executor.py took 0.023 seconds
[2024-06-05T02:28:35.559+0000] {processor.py:161} INFO - Started process (PID=15524) to work on /home/ubuntu/endtoend_venv/lib/python3.12/site-packages/airflow/example_dags/example_kubernetes_executor.py
[2024-06-05T02:28:35.561+0000] {processor.py:830} INFO - Processing file /home/ubuntu/endtoend_venv/lib/python3.12/site-packages/airflow/example_dags/example_kubernetes_executor.py for tasks to queue
[2024-06-05T02:28:35.562+0000] {logging_mixin.py:188} INFO - [2024-06-05T02:28:35.562+0000] {dagbag.py:545} INFO - Filling up the DagBag from /home/ubuntu/endtoend_venv/lib/python3.12/site-packages/airflow/example_dags/example_kubernetes_executor.py
[2024-06-05T02:28:35.565+0000] {logging_mixin.py:188} INFO - [2024-06-05T02:28:35.565+0000] {example_kubernetes_executor.py:39} WARNING - The example_kubernetes_executor example DAG requires the kubernetes provider. Please install it with: pip install apache-airflow[cncf.kubernetes]
[2024-06-05T02:28:35.565+0000] {processor.py:842} WARNING - No viable dags retrieved from /home/ubuntu/endtoend_venv/lib/python3.12/site-packages/airflow/example_dags/example_kubernetes_executor.py
[2024-06-05T02:28:35.576+0000] {processor.py:183} INFO - Processing /home/ubuntu/endtoend_venv/lib/python3.12/site-packages/airflow/example_dags/example_kubernetes_executor.py took 0.023 seconds
[2024-06-05T02:29:38.403+0000] {processor.py:161} INFO - Started process (PID=15592) to work on /home/ubuntu/endtoend_venv/lib/python3.12/site-packages/airflow/example_dags/example_kubernetes_executor.py
[2024-06-05T02:29:38.405+0000] {processor.py:830} INFO - Processing file /home/ubuntu/endtoend_venv/lib/python3.12/site-packages/airflow/example_dags/example_kubernetes_executor.py for tasks to queue
[2024-06-05T02:29:38.406+0000] {logging_mixin.py:188} INFO - [2024-06-05T02:29:38.406+0000] {dagbag.py:545} INFO - Filling up the DagBag from /home/ubuntu/endtoend_venv/lib/python3.12/site-packages/airflow/example_dags/example_kubernetes_executor.py
[2024-06-05T02:29:38.409+0000] {logging_mixin.py:188} INFO - [2024-06-05T02:29:38.409+0000] {example_kubernetes_executor.py:39} WARNING - The example_kubernetes_executor example DAG requires the kubernetes provider. Please install it with: pip install apache-airflow[cncf.kubernetes]
[2024-06-05T02:29:38.409+0000] {processor.py:842} WARNING - No viable dags retrieved from /home/ubuntu/endtoend_venv/lib/python3.12/site-packages/airflow/example_dags/example_kubernetes_executor.py
[2024-06-05T02:29:38.420+0000] {processor.py:183} INFO - Processing /home/ubuntu/endtoend_venv/lib/python3.12/site-packages/airflow/example_dags/example_kubernetes_executor.py took 0.022 seconds
[2024-06-05T02:30:40.697+0000] {processor.py:161} INFO - Started process (PID=15660) to work on /home/ubuntu/endtoend_venv/lib/python3.12/site-packages/airflow/example_dags/example_kubernetes_executor.py
[2024-06-05T02:30:40.699+0000] {processor.py:830} INFO - Processing file /home/ubuntu/endtoend_venv/lib/python3.12/site-packages/airflow/example_dags/example_kubernetes_executor.py for tasks to queue
[2024-06-05T02:30:40.701+0000] {logging_mixin.py:188} INFO - [2024-06-05T02:30:40.700+0000] {dagbag.py:545} INFO - Filling up the DagBag from /home/ubuntu/endtoend_venv/lib/python3.12/site-packages/airflow/example_dags/example_kubernetes_executor.py
[2024-06-05T02:30:40.704+0000] {logging_mixin.py:188} INFO - [2024-06-05T02:30:40.703+0000] {example_kubernetes_executor.py:39} WARNING - The example_kubernetes_executor example DAG requires the kubernetes provider. Please install it with: pip install apache-airflow[cncf.kubernetes]
[2024-06-05T02:30:40.704+0000] {processor.py:842} WARNING - No viable dags retrieved from /home/ubuntu/endtoend_venv/lib/python3.12/site-packages/airflow/example_dags/example_kubernetes_executor.py
[2024-06-05T02:30:40.715+0000] {processor.py:183} INFO - Processing /home/ubuntu/endtoend_venv/lib/python3.12/site-packages/airflow/example_dags/example_kubernetes_executor.py took 0.023 seconds
[2024-06-05T02:31:45.912+0000] {processor.py:161} INFO - Started process (PID=15725) to work on /home/ubuntu/endtoend_venv/lib/python3.12/site-packages/airflow/example_dags/example_kubernetes_executor.py
[2024-06-05T02:31:45.914+0000] {processor.py:830} INFO - Processing file /home/ubuntu/endtoend_venv/lib/python3.12/site-packages/airflow/example_dags/example_kubernetes_executor.py for tasks to queue
[2024-06-05T02:31:45.915+0000] {logging_mixin.py:188} INFO - [2024-06-05T02:31:45.915+0000] {dagbag.py:545} INFO - Filling up the DagBag from /home/ubuntu/endtoend_venv/lib/python3.12/site-packages/airflow/example_dags/example_kubernetes_executor.py
[2024-06-05T02:31:45.918+0000] {logging_mixin.py:188} INFO - [2024-06-05T02:31:45.918+0000] {example_kubernetes_executor.py:39} WARNING - The example_kubernetes_executor example DAG requires the kubernetes provider. Please install it with: pip install apache-airflow[cncf.kubernetes]
[2024-06-05T02:31:45.918+0000] {processor.py:842} WARNING - No viable dags retrieved from /home/ubuntu/endtoend_venv/lib/python3.12/site-packages/airflow/example_dags/example_kubernetes_executor.py
[2024-06-05T02:31:45.929+0000] {processor.py:183} INFO - Processing /home/ubuntu/endtoend_venv/lib/python3.12/site-packages/airflow/example_dags/example_kubernetes_executor.py took 0.023 seconds
[2024-06-05T02:32:48.918+0000] {processor.py:161} INFO - Started process (PID=15790) to work on /home/ubuntu/endtoend_venv/lib/python3.12/site-packages/airflow/example_dags/example_kubernetes_executor.py
[2024-06-05T02:32:48.920+0000] {processor.py:830} INFO - Processing file /home/ubuntu/endtoend_venv/lib/python3.12/site-packages/airflow/example_dags/example_kubernetes_executor.py for tasks to queue
[2024-06-05T02:32:48.921+0000] {logging_mixin.py:188} INFO - [2024-06-05T02:32:48.921+0000] {dagbag.py:545} INFO - Filling up the DagBag from /home/ubuntu/endtoend_venv/lib/python3.12/site-packages/airflow/example_dags/example_kubernetes_executor.py
[2024-06-05T02:32:48.924+0000] {logging_mixin.py:188} INFO - [2024-06-05T02:32:48.924+0000] {example_kubernetes_executor.py:39} WARNING - The example_kubernetes_executor example DAG requires the kubernetes provider. Please install it with: pip install apache-airflow[cncf.kubernetes]
[2024-06-05T02:32:48.925+0000] {processor.py:842} WARNING - No viable dags retrieved from /home/ubuntu/endtoend_venv/lib/python3.12/site-packages/airflow/example_dags/example_kubernetes_executor.py
[2024-06-05T02:32:48.936+0000] {processor.py:183} INFO - Processing /home/ubuntu/endtoend_venv/lib/python3.12/site-packages/airflow/example_dags/example_kubernetes_executor.py took 0.024 seconds
[2024-06-05T02:33:52.023+0000] {processor.py:161} INFO - Started process (PID=15854) to work on /home/ubuntu/endtoend_venv/lib/python3.12/site-packages/airflow/example_dags/example_kubernetes_executor.py
[2024-06-05T02:33:52.025+0000] {processor.py:830} INFO - Processing file /home/ubuntu/endtoend_venv/lib/python3.12/site-packages/airflow/example_dags/example_kubernetes_executor.py for tasks to queue
[2024-06-05T02:33:52.026+0000] {logging_mixin.py:188} INFO - [2024-06-05T02:33:52.026+0000] {dagbag.py:545} INFO - Filling up the DagBag from /home/ubuntu/endtoend_venv/lib/python3.12/site-packages/airflow/example_dags/example_kubernetes_executor.py
[2024-06-05T02:33:52.029+0000] {logging_mixin.py:188} INFO - [2024-06-05T02:33:52.029+0000] {example_kubernetes_executor.py:39} WARNING - The example_kubernetes_executor example DAG requires the kubernetes provider. Please install it with: pip install apache-airflow[cncf.kubernetes]
[2024-06-05T02:33:52.030+0000] {processor.py:842} WARNING - No viable dags retrieved from /home/ubuntu/endtoend_venv/lib/python3.12/site-packages/airflow/example_dags/example_kubernetes_executor.py
[2024-06-05T02:33:52.041+0000] {processor.py:183} INFO - Processing /home/ubuntu/endtoend_venv/lib/python3.12/site-packages/airflow/example_dags/example_kubernetes_executor.py took 0.023 seconds
[2024-06-05T02:34:51.649+0000] {processor.py:161} INFO - Started process (PID=15916) to work on /home/ubuntu/endtoend_venv/lib/python3.12/site-packages/airflow/example_dags/example_kubernetes_executor.py
[2024-06-05T02:34:51.650+0000] {processor.py:830} INFO - Processing file /home/ubuntu/endtoend_venv/lib/python3.12/site-packages/airflow/example_dags/example_kubernetes_executor.py for tasks to queue
[2024-06-05T02:34:51.652+0000] {logging_mixin.py:188} INFO - [2024-06-05T02:34:51.651+0000] {dagbag.py:545} INFO - Filling up the DagBag from /home/ubuntu/endtoend_venv/lib/python3.12/site-packages/airflow/example_dags/example_kubernetes_executor.py
[2024-06-05T02:34:51.655+0000] {logging_mixin.py:188} INFO - [2024-06-05T02:34:51.654+0000] {example_kubernetes_executor.py:39} WARNING - The example_kubernetes_executor example DAG requires the kubernetes provider. Please install it with: pip install apache-airflow[cncf.kubernetes]
[2024-06-05T02:34:51.655+0000] {processor.py:842} WARNING - No viable dags retrieved from /home/ubuntu/endtoend_venv/lib/python3.12/site-packages/airflow/example_dags/example_kubernetes_executor.py
[2024-06-05T02:34:51.666+0000] {processor.py:183} INFO - Processing /home/ubuntu/endtoend_venv/lib/python3.12/site-packages/airflow/example_dags/example_kubernetes_executor.py took 0.023 seconds
