[2024-06-05T02:18:24.536+0000] {processor.py:161} INFO - Started process (PID=14921) to work on /home/ubuntu/endtoend_venv/lib/python3.12/site-packages/airflow/example_dags/example_subdag_operator.py
[2024-06-05T02:18:24.537+0000] {processor.py:830} INFO - Processing file /home/ubuntu/endtoend_venv/lib/python3.12/site-packages/airflow/example_dags/example_subdag_operator.py for tasks to queue
[2024-06-05T02:18:24.539+0000] {logging_mixin.py:188} INFO - [2024-06-05T02:18:24.538+0000] {dagbag.py:545} INFO - Filling up the DagBag from /home/ubuntu/endtoend_venv/lib/python3.12/site-packages/airflow/example_dags/example_subdag_operator.py
[2024-06-05T02:18:24.560+0000] {processor.py:840} INFO - DAG(s) 'example_subdag_operator.section-1', 'example_subdag_operator.section-2', 'example_subdag_operator' retrieved from /home/ubuntu/endtoend_venv/lib/python3.12/site-packages/airflow/example_dags/example_subdag_operator.py
[2024-06-05T02:18:24.676+0000] {logging_mixin.py:188} INFO - [2024-06-05T02:18:24.675+0000] {override.py:1829} INFO - Created Permission View: can read on DAG:example_subdag_operator
[2024-06-05T02:18:24.689+0000] {logging_mixin.py:188} INFO - [2024-06-05T02:18:24.689+0000] {override.py:1829} INFO - Created Permission View: can delete on DAG:example_subdag_operator
[2024-06-05T02:18:24.698+0000] {logging_mixin.py:188} INFO - [2024-06-05T02:18:24.698+0000] {override.py:1829} INFO - Created Permission View: can edit on DAG:example_subdag_operator
[2024-06-05T02:18:24.699+0000] {logging_mixin.py:188} INFO - [2024-06-05T02:18:24.698+0000] {dag.py:3096} INFO - Sync 3 DAGs
[2024-06-05T02:18:24.710+0000] {logging_mixin.py:188} INFO - [2024-06-05T02:18:24.709+0000] {dag.py:3118} INFO - Creating ORM DAG for example_subdag_operator
[2024-06-05T02:18:24.710+0000] {logging_mixin.py:188} INFO - [2024-06-05T02:18:24.710+0000] {dag.py:3118} INFO - Creating ORM DAG for example_subdag_operator.section-1
[2024-06-05T02:18:24.711+0000] {logging_mixin.py:188} INFO - [2024-06-05T02:18:24.711+0000] {dag.py:3118} INFO - Creating ORM DAG for example_subdag_operator.section-2
[2024-06-05T02:18:24.719+0000] {logging_mixin.py:188} INFO - [2024-06-05T02:18:24.719+0000] {dag.py:3954} INFO - Setting next_dagrun for example_subdag_operator to 2022-01-01 00:00:00+00:00, run_after=2022-01-01 00:00:00+00:00
[2024-06-05T02:18:24.720+0000] {logging_mixin.py:188} INFO - [2024-06-05T02:18:24.720+0000] {dag.py:3954} INFO - Setting next_dagrun for example_subdag_operator.section-1 to None, run_after=None
[2024-06-05T02:18:24.721+0000] {logging_mixin.py:188} INFO - [2024-06-05T02:18:24.720+0000] {dag.py:3954} INFO - Setting next_dagrun for example_subdag_operator.section-2 to None, run_after=None
[2024-06-05T02:18:24.727+0000] {logging_mixin.py:188} INFO - [2024-06-05T02:18:24.727+0000] {dag.py:3096} INFO - Sync 2 DAGs
[2024-06-05T02:18:24.731+0000] {logging_mixin.py:188} INFO - [2024-06-05T02:18:24.731+0000] {dag.py:3954} INFO - Setting next_dagrun for example_subdag_operator.section-1 to None, run_after=None
[2024-06-05T02:18:24.733+0000] {logging_mixin.py:188} INFO - [2024-06-05T02:18:24.733+0000] {dag.py:3954} INFO - Setting next_dagrun for example_subdag_operator.section-2 to None, run_after=None
[2024-06-05T02:18:24.753+0000] {processor.py:183} INFO - Processing /home/ubuntu/endtoend_venv/lib/python3.12/site-packages/airflow/example_dags/example_subdag_operator.py took 0.222 seconds
[2024-06-05T02:19:18.639+0000] {processor.py:161} INFO - Started process (PID=14972) to work on /home/ubuntu/endtoend_venv/lib/python3.12/site-packages/airflow/example_dags/example_subdag_operator.py
[2024-06-05T02:19:18.640+0000] {processor.py:830} INFO - Processing file /home/ubuntu/endtoend_venv/lib/python3.12/site-packages/airflow/example_dags/example_subdag_operator.py for tasks to queue
[2024-06-05T02:19:18.642+0000] {logging_mixin.py:188} INFO - [2024-06-05T02:19:18.642+0000] {dagbag.py:545} INFO - Filling up the DagBag from /home/ubuntu/endtoend_venv/lib/python3.12/site-packages/airflow/example_dags/example_subdag_operator.py
[2024-06-05T02:19:18.663+0000] {processor.py:840} INFO - DAG(s) 'example_subdag_operator.section-1', 'example_subdag_operator.section-2', 'example_subdag_operator' retrieved from /home/ubuntu/endtoend_venv/lib/python3.12/site-packages/airflow/example_dags/example_subdag_operator.py
[2024-06-05T02:19:18.679+0000] {logging_mixin.py:188} INFO - [2024-06-05T02:19:18.678+0000] {dag.py:3096} INFO - Sync 3 DAGs
[2024-06-05T02:19:18.700+0000] {logging_mixin.py:188} INFO - [2024-06-05T02:19:18.700+0000] {dag.py:3954} INFO - Setting next_dagrun for example_subdag_operator to 2022-01-01 00:00:00+00:00, run_after=2022-01-01 00:00:00+00:00
[2024-06-05T02:19:18.703+0000] {logging_mixin.py:188} INFO - [2024-06-05T02:19:18.703+0000] {dag.py:3954} INFO - Setting next_dagrun for example_subdag_operator.section-1 to None, run_after=None
[2024-06-05T02:19:18.705+0000] {logging_mixin.py:188} INFO - [2024-06-05T02:19:18.704+0000] {dag.py:3954} INFO - Setting next_dagrun for example_subdag_operator.section-2 to None, run_after=None
[2024-06-05T02:19:18.710+0000] {logging_mixin.py:188} INFO - [2024-06-05T02:19:18.710+0000] {dag.py:3096} INFO - Sync 2 DAGs
[2024-06-05T02:19:18.715+0000] {logging_mixin.py:188} INFO - [2024-06-05T02:19:18.714+0000] {dag.py:3954} INFO - Setting next_dagrun for example_subdag_operator.section-1 to None, run_after=None
[2024-06-05T02:19:18.715+0000] {logging_mixin.py:188} INFO - [2024-06-05T02:19:18.715+0000] {dag.py:3954} INFO - Setting next_dagrun for example_subdag_operator.section-2 to None, run_after=None
[2024-06-05T02:19:18.731+0000] {processor.py:183} INFO - Processing /home/ubuntu/endtoend_venv/lib/python3.12/site-packages/airflow/example_dags/example_subdag_operator.py took 0.098 seconds
[2024-06-05T02:20:08.888+0000] {processor.py:161} INFO - Started process (PID=15029) to work on /home/ubuntu/endtoend_venv/lib/python3.12/site-packages/airflow/example_dags/example_subdag_operator.py
[2024-06-05T02:20:08.889+0000] {processor.py:830} INFO - Processing file /home/ubuntu/endtoend_venv/lib/python3.12/site-packages/airflow/example_dags/example_subdag_operator.py for tasks to queue
[2024-06-05T02:20:08.891+0000] {logging_mixin.py:188} INFO - [2024-06-05T02:20:08.890+0000] {dagbag.py:545} INFO - Filling up the DagBag from /home/ubuntu/endtoend_venv/lib/python3.12/site-packages/airflow/example_dags/example_subdag_operator.py
[2024-06-05T02:20:08.912+0000] {processor.py:840} INFO - DAG(s) 'example_subdag_operator.section-1', 'example_subdag_operator.section-2', 'example_subdag_operator' retrieved from /home/ubuntu/endtoend_venv/lib/python3.12/site-packages/airflow/example_dags/example_subdag_operator.py
[2024-06-05T02:20:08.928+0000] {logging_mixin.py:188} INFO - [2024-06-05T02:20:08.928+0000] {dag.py:3096} INFO - Sync 3 DAGs
[2024-06-05T02:20:08.949+0000] {logging_mixin.py:188} INFO - [2024-06-05T02:20:08.949+0000] {dag.py:3954} INFO - Setting next_dagrun for example_subdag_operator to 2022-01-01 00:00:00+00:00, run_after=2022-01-01 00:00:00+00:00
[2024-06-05T02:20:08.953+0000] {logging_mixin.py:188} INFO - [2024-06-05T02:20:08.952+0000] {dag.py:3954} INFO - Setting next_dagrun for example_subdag_operator.section-1 to None, run_after=None
[2024-06-05T02:20:08.954+0000] {logging_mixin.py:188} INFO - [2024-06-05T02:20:08.954+0000] {dag.py:3954} INFO - Setting next_dagrun for example_subdag_operator.section-2 to None, run_after=None
[2024-06-05T02:20:08.960+0000] {logging_mixin.py:188} INFO - [2024-06-05T02:20:08.960+0000] {dag.py:3096} INFO - Sync 2 DAGs
[2024-06-05T02:20:08.964+0000] {logging_mixin.py:188} INFO - [2024-06-05T02:20:08.964+0000] {dag.py:3954} INFO - Setting next_dagrun for example_subdag_operator.section-1 to None, run_after=None
[2024-06-05T02:20:08.964+0000] {logging_mixin.py:188} INFO - [2024-06-05T02:20:08.964+0000] {dag.py:3954} INFO - Setting next_dagrun for example_subdag_operator.section-2 to None, run_after=None
[2024-06-05T02:20:08.979+0000] {processor.py:183} INFO - Processing /home/ubuntu/endtoend_venv/lib/python3.12/site-packages/airflow/example_dags/example_subdag_operator.py took 0.098 seconds
[2024-06-05T02:20:54.238+0000] {processor.py:161} INFO - Started process (PID=15075) to work on /home/ubuntu/endtoend_venv/lib/python3.12/site-packages/airflow/example_dags/example_subdag_operator.py
[2024-06-05T02:20:54.239+0000] {processor.py:830} INFO - Processing file /home/ubuntu/endtoend_venv/lib/python3.12/site-packages/airflow/example_dags/example_subdag_operator.py for tasks to queue
[2024-06-05T02:20:54.241+0000] {logging_mixin.py:188} INFO - [2024-06-05T02:20:54.240+0000] {dagbag.py:545} INFO - Filling up the DagBag from /home/ubuntu/endtoend_venv/lib/python3.12/site-packages/airflow/example_dags/example_subdag_operator.py
[2024-06-05T02:20:54.262+0000] {processor.py:840} INFO - DAG(s) 'example_subdag_operator.section-1', 'example_subdag_operator.section-2', 'example_subdag_operator' retrieved from /home/ubuntu/endtoend_venv/lib/python3.12/site-packages/airflow/example_dags/example_subdag_operator.py
[2024-06-05T02:20:54.277+0000] {logging_mixin.py:188} INFO - [2024-06-05T02:20:54.277+0000] {dag.py:3096} INFO - Sync 3 DAGs
[2024-06-05T02:20:54.297+0000] {logging_mixin.py:188} INFO - [2024-06-05T02:20:54.297+0000] {dag.py:3954} INFO - Setting next_dagrun for example_subdag_operator to 2022-01-01 00:00:00+00:00, run_after=2022-01-01 00:00:00+00:00
[2024-06-05T02:20:54.300+0000] {logging_mixin.py:188} INFO - [2024-06-05T02:20:54.300+0000] {dag.py:3954} INFO - Setting next_dagrun for example_subdag_operator.section-1 to None, run_after=None
[2024-06-05T02:20:54.302+0000] {logging_mixin.py:188} INFO - [2024-06-05T02:20:54.301+0000] {dag.py:3954} INFO - Setting next_dagrun for example_subdag_operator.section-2 to None, run_after=None
[2024-06-05T02:20:54.307+0000] {logging_mixin.py:188} INFO - [2024-06-05T02:20:54.307+0000] {dag.py:3096} INFO - Sync 2 DAGs
[2024-06-05T02:20:54.311+0000] {logging_mixin.py:188} INFO - [2024-06-05T02:20:54.311+0000] {dag.py:3954} INFO - Setting next_dagrun for example_subdag_operator.section-1 to None, run_after=None
[2024-06-05T02:20:54.312+0000] {logging_mixin.py:188} INFO - [2024-06-05T02:20:54.311+0000] {dag.py:3954} INFO - Setting next_dagrun for example_subdag_operator.section-2 to None, run_after=None
[2024-06-05T02:20:54.327+0000] {processor.py:183} INFO - Processing /home/ubuntu/endtoend_venv/lib/python3.12/site-packages/airflow/example_dags/example_subdag_operator.py took 0.095 seconds
[2024-06-05T02:21:34.801+0000] {processor.py:161} INFO - Started process (PID=15118) to work on /home/ubuntu/endtoend_venv/lib/python3.12/site-packages/airflow/example_dags/example_subdag_operator.py
[2024-06-05T02:21:34.802+0000] {processor.py:830} INFO - Processing file /home/ubuntu/endtoend_venv/lib/python3.12/site-packages/airflow/example_dags/example_subdag_operator.py for tasks to queue
[2024-06-05T02:21:34.804+0000] {logging_mixin.py:188} INFO - [2024-06-05T02:21:34.803+0000] {dagbag.py:545} INFO - Filling up the DagBag from /home/ubuntu/endtoend_venv/lib/python3.12/site-packages/airflow/example_dags/example_subdag_operator.py
[2024-06-05T02:21:34.824+0000] {processor.py:840} INFO - DAG(s) 'example_subdag_operator.section-1', 'example_subdag_operator.section-2', 'example_subdag_operator' retrieved from /home/ubuntu/endtoend_venv/lib/python3.12/site-packages/airflow/example_dags/example_subdag_operator.py
[2024-06-05T02:21:34.839+0000] {logging_mixin.py:188} INFO - [2024-06-05T02:21:34.839+0000] {dag.py:3096} INFO - Sync 3 DAGs
[2024-06-05T02:21:34.859+0000] {logging_mixin.py:188} INFO - [2024-06-05T02:21:34.858+0000] {dag.py:3954} INFO - Setting next_dagrun for example_subdag_operator to 2022-01-01 00:00:00+00:00, run_after=2022-01-01 00:00:00+00:00
[2024-06-05T02:21:34.862+0000] {logging_mixin.py:188} INFO - [2024-06-05T02:21:34.862+0000] {dag.py:3954} INFO - Setting next_dagrun for example_subdag_operator.section-1 to None, run_after=None
[2024-06-05T02:21:34.863+0000] {logging_mixin.py:188} INFO - [2024-06-05T02:21:34.863+0000] {dag.py:3954} INFO - Setting next_dagrun for example_subdag_operator.section-2 to None, run_after=None
[2024-06-05T02:21:34.869+0000] {logging_mixin.py:188} INFO - [2024-06-05T02:21:34.868+0000] {dag.py:3096} INFO - Sync 2 DAGs
[2024-06-05T02:21:34.873+0000] {logging_mixin.py:188} INFO - [2024-06-05T02:21:34.872+0000] {dag.py:3954} INFO - Setting next_dagrun for example_subdag_operator.section-1 to None, run_after=None
[2024-06-05T02:21:34.873+0000] {logging_mixin.py:188} INFO - [2024-06-05T02:21:34.873+0000] {dag.py:3954} INFO - Setting next_dagrun for example_subdag_operator.section-2 to None, run_after=None
[2024-06-05T02:21:34.888+0000] {processor.py:183} INFO - Processing /home/ubuntu/endtoend_venv/lib/python3.12/site-packages/airflow/example_dags/example_subdag_operator.py took 0.093 seconds
[2024-06-05T02:22:15.037+0000] {processor.py:161} INFO - Started process (PID=15160) to work on /home/ubuntu/endtoend_venv/lib/python3.12/site-packages/airflow/example_dags/example_subdag_operator.py
[2024-06-05T02:22:15.038+0000] {processor.py:830} INFO - Processing file /home/ubuntu/endtoend_venv/lib/python3.12/site-packages/airflow/example_dags/example_subdag_operator.py for tasks to queue
[2024-06-05T02:22:15.040+0000] {logging_mixin.py:188} INFO - [2024-06-05T02:22:15.040+0000] {dagbag.py:545} INFO - Filling up the DagBag from /home/ubuntu/endtoend_venv/lib/python3.12/site-packages/airflow/example_dags/example_subdag_operator.py
[2024-06-05T02:22:15.061+0000] {processor.py:840} INFO - DAG(s) 'example_subdag_operator.section-1', 'example_subdag_operator.section-2', 'example_subdag_operator' retrieved from /home/ubuntu/endtoend_venv/lib/python3.12/site-packages/airflow/example_dags/example_subdag_operator.py
[2024-06-05T02:22:15.076+0000] {logging_mixin.py:188} INFO - [2024-06-05T02:22:15.076+0000] {dag.py:3096} INFO - Sync 3 DAGs
[2024-06-05T02:22:15.096+0000] {logging_mixin.py:188} INFO - [2024-06-05T02:22:15.096+0000] {dag.py:3954} INFO - Setting next_dagrun for example_subdag_operator to 2022-01-01 00:00:00+00:00, run_after=2022-01-01 00:00:00+00:00
[2024-06-05T02:22:15.099+0000] {logging_mixin.py:188} INFO - [2024-06-05T02:22:15.099+0000] {dag.py:3954} INFO - Setting next_dagrun for example_subdag_operator.section-1 to None, run_after=None
[2024-06-05T02:22:15.100+0000] {logging_mixin.py:188} INFO - [2024-06-05T02:22:15.100+0000] {dag.py:3954} INFO - Setting next_dagrun for example_subdag_operator.section-2 to None, run_after=None
[2024-06-05T02:22:15.106+0000] {logging_mixin.py:188} INFO - [2024-06-05T02:22:15.106+0000] {dag.py:3096} INFO - Sync 2 DAGs
[2024-06-05T02:22:15.110+0000] {logging_mixin.py:188} INFO - [2024-06-05T02:22:15.110+0000] {dag.py:3954} INFO - Setting next_dagrun for example_subdag_operator.section-1 to None, run_after=None
[2024-06-05T02:22:15.110+0000] {logging_mixin.py:188} INFO - [2024-06-05T02:22:15.110+0000] {dag.py:3954} INFO - Setting next_dagrun for example_subdag_operator.section-2 to None, run_after=None
[2024-06-05T02:22:15.126+0000] {processor.py:183} INFO - Processing /home/ubuntu/endtoend_venv/lib/python3.12/site-packages/airflow/example_dags/example_subdag_operator.py took 0.095 seconds
[2024-06-05T02:23:09.330+0000] {processor.py:161} INFO - Started process (PID=15218) to work on /home/ubuntu/endtoend_venv/lib/python3.12/site-packages/airflow/example_dags/example_subdag_operator.py
[2024-06-05T02:23:09.332+0000] {processor.py:830} INFO - Processing file /home/ubuntu/endtoend_venv/lib/python3.12/site-packages/airflow/example_dags/example_subdag_operator.py for tasks to queue
[2024-06-05T02:23:09.333+0000] {logging_mixin.py:188} INFO - [2024-06-05T02:23:09.333+0000] {dagbag.py:545} INFO - Filling up the DagBag from /home/ubuntu/endtoend_venv/lib/python3.12/site-packages/airflow/example_dags/example_subdag_operator.py
[2024-06-05T02:23:09.354+0000] {processor.py:840} INFO - DAG(s) 'example_subdag_operator.section-1', 'example_subdag_operator.section-2', 'example_subdag_operator' retrieved from /home/ubuntu/endtoend_venv/lib/python3.12/site-packages/airflow/example_dags/example_subdag_operator.py
[2024-06-05T02:23:09.369+0000] {logging_mixin.py:188} INFO - [2024-06-05T02:23:09.369+0000] {dag.py:3096} INFO - Sync 3 DAGs
[2024-06-05T02:23:09.390+0000] {logging_mixin.py:188} INFO - [2024-06-05T02:23:09.389+0000] {dag.py:3954} INFO - Setting next_dagrun for example_subdag_operator to 2022-01-01 00:00:00+00:00, run_after=2022-01-01 00:00:00+00:00
[2024-06-05T02:23:09.393+0000] {logging_mixin.py:188} INFO - [2024-06-05T02:23:09.393+0000] {dag.py:3954} INFO - Setting next_dagrun for example_subdag_operator.section-1 to None, run_after=None
[2024-06-05T02:23:09.394+0000] {logging_mixin.py:188} INFO - [2024-06-05T02:23:09.394+0000] {dag.py:3954} INFO - Setting next_dagrun for example_subdag_operator.section-2 to None, run_after=None
[2024-06-05T02:23:09.400+0000] {logging_mixin.py:188} INFO - [2024-06-05T02:23:09.399+0000] {dag.py:3096} INFO - Sync 2 DAGs
[2024-06-05T02:23:09.404+0000] {logging_mixin.py:188} INFO - [2024-06-05T02:23:09.403+0000] {dag.py:3954} INFO - Setting next_dagrun for example_subdag_operator.section-1 to None, run_after=None
[2024-06-05T02:23:09.404+0000] {logging_mixin.py:188} INFO - [2024-06-05T02:23:09.404+0000] {dag.py:3954} INFO - Setting next_dagrun for example_subdag_operator.section-2 to None, run_after=None
[2024-06-05T02:23:09.419+0000] {processor.py:183} INFO - Processing /home/ubuntu/endtoend_venv/lib/python3.12/site-packages/airflow/example_dags/example_subdag_operator.py took 0.094 seconds
[2024-06-05T02:25:32.341+0000] {processor.py:161} INFO - Started process (PID=15338) to work on /home/ubuntu/endtoend_venv/lib/python3.12/site-packages/airflow/example_dags/example_subdag_operator.py
[2024-06-05T02:25:32.343+0000] {processor.py:830} INFO - Processing file /home/ubuntu/endtoend_venv/lib/python3.12/site-packages/airflow/example_dags/example_subdag_operator.py for tasks to queue
[2024-06-05T02:25:32.344+0000] {logging_mixin.py:188} INFO - [2024-06-05T02:25:32.344+0000] {dagbag.py:545} INFO - Filling up the DagBag from /home/ubuntu/endtoend_venv/lib/python3.12/site-packages/airflow/example_dags/example_subdag_operator.py
[2024-06-05T02:25:32.368+0000] {processor.py:840} INFO - DAG(s) 'example_subdag_operator.section-1', 'example_subdag_operator.section-2', 'example_subdag_operator' retrieved from /home/ubuntu/endtoend_venv/lib/python3.12/site-packages/airflow/example_dags/example_subdag_operator.py
[2024-06-05T02:25:32.371+0000] {logging_mixin.py:188} INFO - [2024-06-05T02:25:32.371+0000] {dag.py:3096} INFO - Sync 3 DAGs
[2024-06-05T02:25:32.391+0000] {logging_mixin.py:188} INFO - [2024-06-05T02:25:32.391+0000] {dag.py:3954} INFO - Setting next_dagrun for example_subdag_operator to 2022-01-01 00:00:00+00:00, run_after=2022-01-01 00:00:00+00:00
[2024-06-05T02:25:32.394+0000] {logging_mixin.py:188} INFO - [2024-06-05T02:25:32.394+0000] {dag.py:3954} INFO - Setting next_dagrun for example_subdag_operator.section-1 to None, run_after=None
[2024-06-05T02:25:32.395+0000] {logging_mixin.py:188} INFO - [2024-06-05T02:25:32.395+0000] {dag.py:3954} INFO - Setting next_dagrun for example_subdag_operator.section-2 to None, run_after=None
[2024-06-05T02:25:32.401+0000] {logging_mixin.py:188} INFO - [2024-06-05T02:25:32.401+0000] {dag.py:3096} INFO - Sync 2 DAGs
[2024-06-05T02:25:32.405+0000] {logging_mixin.py:188} INFO - [2024-06-05T02:25:32.405+0000] {dag.py:3954} INFO - Setting next_dagrun for example_subdag_operator.section-1 to None, run_after=None
[2024-06-05T02:25:32.405+0000] {logging_mixin.py:188} INFO - [2024-06-05T02:25:32.405+0000] {dag.py:3954} INFO - Setting next_dagrun for example_subdag_operator.section-2 to None, run_after=None
[2024-06-05T02:25:32.421+0000] {processor.py:183} INFO - Processing /home/ubuntu/endtoend_venv/lib/python3.12/site-packages/airflow/example_dags/example_subdag_operator.py took 0.085 seconds
[2024-06-05T02:26:24.429+0000] {processor.py:161} INFO - Started process (PID=15390) to work on /home/ubuntu/endtoend_venv/lib/python3.12/site-packages/airflow/example_dags/example_subdag_operator.py
[2024-06-05T02:26:24.430+0000] {processor.py:830} INFO - Processing file /home/ubuntu/endtoend_venv/lib/python3.12/site-packages/airflow/example_dags/example_subdag_operator.py for tasks to queue
[2024-06-05T02:26:24.432+0000] {logging_mixin.py:188} INFO - [2024-06-05T02:26:24.432+0000] {dagbag.py:545} INFO - Filling up the DagBag from /home/ubuntu/endtoend_venv/lib/python3.12/site-packages/airflow/example_dags/example_subdag_operator.py
[2024-06-05T02:26:24.453+0000] {processor.py:840} INFO - DAG(s) 'example_subdag_operator.section-1', 'example_subdag_operator.section-2', 'example_subdag_operator' retrieved from /home/ubuntu/endtoend_venv/lib/python3.12/site-packages/airflow/example_dags/example_subdag_operator.py
[2024-06-05T02:26:24.554+0000] {logging_mixin.py:188} INFO - [2024-06-05T02:26:24.554+0000] {dag.py:3096} INFO - Sync 3 DAGs
[2024-06-05T02:26:24.571+0000] {logging_mixin.py:188} INFO - [2024-06-05T02:26:24.571+0000] {dag.py:3954} INFO - Setting next_dagrun for example_subdag_operator to 2022-01-01 00:00:00+00:00, run_after=2022-01-01 00:00:00+00:00
[2024-06-05T02:26:24.574+0000] {logging_mixin.py:188} INFO - [2024-06-05T02:26:24.574+0000] {dag.py:3954} INFO - Setting next_dagrun for example_subdag_operator.section-1 to None, run_after=None
[2024-06-05T02:26:24.575+0000] {logging_mixin.py:188} INFO - [2024-06-05T02:26:24.575+0000] {dag.py:3954} INFO - Setting next_dagrun for example_subdag_operator.section-2 to None, run_after=None
[2024-06-05T02:26:24.582+0000] {logging_mixin.py:188} INFO - [2024-06-05T02:26:24.582+0000] {dag.py:3096} INFO - Sync 2 DAGs
[2024-06-05T02:26:24.586+0000] {logging_mixin.py:188} INFO - [2024-06-05T02:26:24.585+0000] {dag.py:3954} INFO - Setting next_dagrun for example_subdag_operator.section-1 to None, run_after=None
[2024-06-05T02:26:24.586+0000] {logging_mixin.py:188} INFO - [2024-06-05T02:26:24.586+0000] {dag.py:3954} INFO - Setting next_dagrun for example_subdag_operator.section-2 to None, run_after=None
[2024-06-05T02:26:24.601+0000] {processor.py:183} INFO - Processing /home/ubuntu/endtoend_venv/lib/python3.12/site-packages/airflow/example_dags/example_subdag_operator.py took 0.178 seconds
[2024-06-05T02:27:15.080+0000] {processor.py:161} INFO - Started process (PID=15441) to work on /home/ubuntu/endtoend_venv/lib/python3.12/site-packages/airflow/example_dags/example_subdag_operator.py
[2024-06-05T02:27:15.082+0000] {processor.py:830} INFO - Processing file /home/ubuntu/endtoend_venv/lib/python3.12/site-packages/airflow/example_dags/example_subdag_operator.py for tasks to queue
[2024-06-05T02:27:15.083+0000] {logging_mixin.py:188} INFO - [2024-06-05T02:27:15.083+0000] {dagbag.py:545} INFO - Filling up the DagBag from /home/ubuntu/endtoend_venv/lib/python3.12/site-packages/airflow/example_dags/example_subdag_operator.py
[2024-06-05T02:27:15.104+0000] {processor.py:840} INFO - DAG(s) 'example_subdag_operator.section-1', 'example_subdag_operator.section-2', 'example_subdag_operator' retrieved from /home/ubuntu/endtoend_venv/lib/python3.12/site-packages/airflow/example_dags/example_subdag_operator.py
[2024-06-05T02:27:15.119+0000] {logging_mixin.py:188} INFO - [2024-06-05T02:27:15.119+0000] {dag.py:3096} INFO - Sync 3 DAGs
[2024-06-05T02:27:15.138+0000] {logging_mixin.py:188} INFO - [2024-06-05T02:27:15.138+0000] {dag.py:3954} INFO - Setting next_dagrun for example_subdag_operator to 2022-01-01 00:00:00+00:00, run_after=2022-01-01 00:00:00+00:00
[2024-06-05T02:27:15.142+0000] {logging_mixin.py:188} INFO - [2024-06-05T02:27:15.141+0000] {dag.py:3954} INFO - Setting next_dagrun for example_subdag_operator.section-1 to None, run_after=None
[2024-06-05T02:27:15.144+0000] {logging_mixin.py:188} INFO - [2024-06-05T02:27:15.143+0000] {dag.py:3954} INFO - Setting next_dagrun for example_subdag_operator.section-2 to None, run_after=None
[2024-06-05T02:27:15.149+0000] {logging_mixin.py:188} INFO - [2024-06-05T02:27:15.149+0000] {dag.py:3096} INFO - Sync 2 DAGs
[2024-06-05T02:27:15.153+0000] {logging_mixin.py:188} INFO - [2024-06-05T02:27:15.153+0000] {dag.py:3954} INFO - Setting next_dagrun for example_subdag_operator.section-1 to None, run_after=None
[2024-06-05T02:27:15.154+0000] {logging_mixin.py:188} INFO - [2024-06-05T02:27:15.154+0000] {dag.py:3954} INFO - Setting next_dagrun for example_subdag_operator.section-2 to None, run_after=None
[2024-06-05T02:27:15.169+0000] {processor.py:183} INFO - Processing /home/ubuntu/endtoend_venv/lib/python3.12/site-packages/airflow/example_dags/example_subdag_operator.py took 0.095 seconds
[2024-06-05T02:28:00.281+0000] {processor.py:161} INFO - Started process (PID=15487) to work on /home/ubuntu/endtoend_venv/lib/python3.12/site-packages/airflow/example_dags/example_subdag_operator.py
[2024-06-05T02:28:00.283+0000] {processor.py:830} INFO - Processing file /home/ubuntu/endtoend_venv/lib/python3.12/site-packages/airflow/example_dags/example_subdag_operator.py for tasks to queue
[2024-06-05T02:28:00.284+0000] {logging_mixin.py:188} INFO - [2024-06-05T02:28:00.284+0000] {dagbag.py:545} INFO - Filling up the DagBag from /home/ubuntu/endtoend_venv/lib/python3.12/site-packages/airflow/example_dags/example_subdag_operator.py
[2024-06-05T02:28:00.305+0000] {processor.py:840} INFO - DAG(s) 'example_subdag_operator.section-1', 'example_subdag_operator.section-2', 'example_subdag_operator' retrieved from /home/ubuntu/endtoend_venv/lib/python3.12/site-packages/airflow/example_dags/example_subdag_operator.py
[2024-06-05T02:28:00.320+0000] {logging_mixin.py:188} INFO - [2024-06-05T02:28:00.320+0000] {dag.py:3096} INFO - Sync 3 DAGs
[2024-06-05T02:28:00.340+0000] {logging_mixin.py:188} INFO - [2024-06-05T02:28:00.339+0000] {dag.py:3954} INFO - Setting next_dagrun for example_subdag_operator to 2022-01-01 00:00:00+00:00, run_after=2022-01-01 00:00:00+00:00
[2024-06-05T02:28:00.343+0000] {logging_mixin.py:188} INFO - [2024-06-05T02:28:00.343+0000] {dag.py:3954} INFO - Setting next_dagrun for example_subdag_operator.section-1 to None, run_after=None
[2024-06-05T02:28:00.344+0000] {logging_mixin.py:188} INFO - [2024-06-05T02:28:00.344+0000] {dag.py:3954} INFO - Setting next_dagrun for example_subdag_operator.section-2 to None, run_after=None
[2024-06-05T02:28:00.350+0000] {logging_mixin.py:188} INFO - [2024-06-05T02:28:00.350+0000] {dag.py:3096} INFO - Sync 2 DAGs
[2024-06-05T02:28:00.354+0000] {logging_mixin.py:188} INFO - [2024-06-05T02:28:00.353+0000] {dag.py:3954} INFO - Setting next_dagrun for example_subdag_operator.section-1 to None, run_after=None
[2024-06-05T02:28:00.354+0000] {logging_mixin.py:188} INFO - [2024-06-05T02:28:00.354+0000] {dag.py:3954} INFO - Setting next_dagrun for example_subdag_operator.section-2 to None, run_after=None
[2024-06-05T02:28:00.370+0000] {processor.py:183} INFO - Processing /home/ubuntu/endtoend_venv/lib/python3.12/site-packages/airflow/example_dags/example_subdag_operator.py took 0.094 seconds
[2024-06-05T02:28:43.578+0000] {processor.py:161} INFO - Started process (PID=15532) to work on /home/ubuntu/endtoend_venv/lib/python3.12/site-packages/airflow/example_dags/example_subdag_operator.py
[2024-06-05T02:28:43.580+0000] {processor.py:830} INFO - Processing file /home/ubuntu/endtoend_venv/lib/python3.12/site-packages/airflow/example_dags/example_subdag_operator.py for tasks to queue
[2024-06-05T02:28:43.581+0000] {logging_mixin.py:188} INFO - [2024-06-05T02:28:43.581+0000] {dagbag.py:545} INFO - Filling up the DagBag from /home/ubuntu/endtoend_venv/lib/python3.12/site-packages/airflow/example_dags/example_subdag_operator.py
[2024-06-05T02:28:43.602+0000] {processor.py:840} INFO - DAG(s) 'example_subdag_operator.section-1', 'example_subdag_operator.section-2', 'example_subdag_operator' retrieved from /home/ubuntu/endtoend_venv/lib/python3.12/site-packages/airflow/example_dags/example_subdag_operator.py
[2024-06-05T02:28:43.617+0000] {logging_mixin.py:188} INFO - [2024-06-05T02:28:43.617+0000] {dag.py:3096} INFO - Sync 3 DAGs
[2024-06-05T02:28:43.638+0000] {logging_mixin.py:188} INFO - [2024-06-05T02:28:43.638+0000] {dag.py:3954} INFO - Setting next_dagrun for example_subdag_operator to 2022-01-01 00:00:00+00:00, run_after=2022-01-01 00:00:00+00:00
[2024-06-05T02:28:43.641+0000] {logging_mixin.py:188} INFO - [2024-06-05T02:28:43.641+0000] {dag.py:3954} INFO - Setting next_dagrun for example_subdag_operator.section-1 to None, run_after=None
[2024-06-05T02:28:43.642+0000] {logging_mixin.py:188} INFO - [2024-06-05T02:28:43.642+0000] {dag.py:3954} INFO - Setting next_dagrun for example_subdag_operator.section-2 to None, run_after=None
[2024-06-05T02:28:43.648+0000] {logging_mixin.py:188} INFO - [2024-06-05T02:28:43.648+0000] {dag.py:3096} INFO - Sync 2 DAGs
[2024-06-05T02:28:43.652+0000] {logging_mixin.py:188} INFO - [2024-06-05T02:28:43.652+0000] {dag.py:3954} INFO - Setting next_dagrun for example_subdag_operator.section-1 to None, run_after=None
[2024-06-05T02:28:43.653+0000] {logging_mixin.py:188} INFO - [2024-06-05T02:28:43.652+0000] {dag.py:3954} INFO - Setting next_dagrun for example_subdag_operator.section-2 to None, run_after=None
[2024-06-05T02:28:43.668+0000] {processor.py:183} INFO - Processing /home/ubuntu/endtoend_venv/lib/python3.12/site-packages/airflow/example_dags/example_subdag_operator.py took 0.096 seconds
[2024-06-05T02:29:24.703+0000] {processor.py:161} INFO - Started process (PID=15579) to work on /home/ubuntu/endtoend_venv/lib/python3.12/site-packages/airflow/example_dags/example_subdag_operator.py
[2024-06-05T02:29:24.705+0000] {processor.py:830} INFO - Processing file /home/ubuntu/endtoend_venv/lib/python3.12/site-packages/airflow/example_dags/example_subdag_operator.py for tasks to queue
[2024-06-05T02:29:24.706+0000] {logging_mixin.py:188} INFO - [2024-06-05T02:29:24.706+0000] {dagbag.py:545} INFO - Filling up the DagBag from /home/ubuntu/endtoend_venv/lib/python3.12/site-packages/airflow/example_dags/example_subdag_operator.py
[2024-06-05T02:29:24.727+0000] {processor.py:840} INFO - DAG(s) 'example_subdag_operator.section-1', 'example_subdag_operator.section-2', 'example_subdag_operator' retrieved from /home/ubuntu/endtoend_venv/lib/python3.12/site-packages/airflow/example_dags/example_subdag_operator.py
[2024-06-05T02:29:24.743+0000] {logging_mixin.py:188} INFO - [2024-06-05T02:29:24.743+0000] {dag.py:3096} INFO - Sync 3 DAGs
[2024-06-05T02:29:24.763+0000] {logging_mixin.py:188} INFO - [2024-06-05T02:29:24.762+0000] {dag.py:3954} INFO - Setting next_dagrun for example_subdag_operator to 2022-01-01 00:00:00+00:00, run_after=2022-01-01 00:00:00+00:00
[2024-06-05T02:29:24.766+0000] {logging_mixin.py:188} INFO - [2024-06-05T02:29:24.766+0000] {dag.py:3954} INFO - Setting next_dagrun for example_subdag_operator.section-1 to None, run_after=None
[2024-06-05T02:29:24.767+0000] {logging_mixin.py:188} INFO - [2024-06-05T02:29:24.767+0000] {dag.py:3954} INFO - Setting next_dagrun for example_subdag_operator.section-2 to None, run_after=None
[2024-06-05T02:29:24.773+0000] {logging_mixin.py:188} INFO - [2024-06-05T02:29:24.773+0000] {dag.py:3096} INFO - Sync 2 DAGs
[2024-06-05T02:29:24.777+0000] {logging_mixin.py:188} INFO - [2024-06-05T02:29:24.777+0000] {dag.py:3954} INFO - Setting next_dagrun for example_subdag_operator.section-1 to None, run_after=None
[2024-06-05T02:29:24.777+0000] {logging_mixin.py:188} INFO - [2024-06-05T02:29:24.777+0000] {dag.py:3954} INFO - Setting next_dagrun for example_subdag_operator.section-2 to None, run_after=None
[2024-06-05T02:29:24.793+0000] {processor.py:183} INFO - Processing /home/ubuntu/endtoend_venv/lib/python3.12/site-packages/airflow/example_dags/example_subdag_operator.py took 0.096 seconds
[2024-06-05T02:30:07.074+0000] {processor.py:161} INFO - Started process (PID=15625) to work on /home/ubuntu/endtoend_venv/lib/python3.12/site-packages/airflow/example_dags/example_subdag_operator.py
[2024-06-05T02:30:07.077+0000] {processor.py:830} INFO - Processing file /home/ubuntu/endtoend_venv/lib/python3.12/site-packages/airflow/example_dags/example_subdag_operator.py for tasks to queue
[2024-06-05T02:30:07.078+0000] {logging_mixin.py:188} INFO - [2024-06-05T02:30:07.078+0000] {dagbag.py:545} INFO - Filling up the DagBag from /home/ubuntu/endtoend_venv/lib/python3.12/site-packages/airflow/example_dags/example_subdag_operator.py
[2024-06-05T02:30:07.099+0000] {processor.py:840} INFO - DAG(s) 'example_subdag_operator.section-1', 'example_subdag_operator.section-2', 'example_subdag_operator' retrieved from /home/ubuntu/endtoend_venv/lib/python3.12/site-packages/airflow/example_dags/example_subdag_operator.py
[2024-06-05T02:30:07.115+0000] {logging_mixin.py:188} INFO - [2024-06-05T02:30:07.114+0000] {dag.py:3096} INFO - Sync 3 DAGs
[2024-06-05T02:30:07.135+0000] {logging_mixin.py:188} INFO - [2024-06-05T02:30:07.135+0000] {dag.py:3954} INFO - Setting next_dagrun for example_subdag_operator to 2022-01-01 00:00:00+00:00, run_after=2022-01-01 00:00:00+00:00
[2024-06-05T02:30:07.139+0000] {logging_mixin.py:188} INFO - [2024-06-05T02:30:07.138+0000] {dag.py:3954} INFO - Setting next_dagrun for example_subdag_operator.section-1 to None, run_after=None
[2024-06-05T02:30:07.140+0000] {logging_mixin.py:188} INFO - [2024-06-05T02:30:07.139+0000] {dag.py:3954} INFO - Setting next_dagrun for example_subdag_operator.section-2 to None, run_after=None
[2024-06-05T02:30:07.145+0000] {logging_mixin.py:188} INFO - [2024-06-05T02:30:07.145+0000] {dag.py:3096} INFO - Sync 2 DAGs
[2024-06-05T02:30:07.149+0000] {logging_mixin.py:188} INFO - [2024-06-05T02:30:07.149+0000] {dag.py:3954} INFO - Setting next_dagrun for example_subdag_operator.section-1 to None, run_after=None
[2024-06-05T02:30:07.150+0000] {logging_mixin.py:188} INFO - [2024-06-05T02:30:07.150+0000] {dag.py:3954} INFO - Setting next_dagrun for example_subdag_operator.section-2 to None, run_after=None
[2024-06-05T02:30:07.165+0000] {processor.py:183} INFO - Processing /home/ubuntu/endtoend_venv/lib/python3.12/site-packages/airflow/example_dags/example_subdag_operator.py took 0.097 seconds
[2024-06-05T02:30:49.264+0000] {processor.py:161} INFO - Started process (PID=15668) to work on /home/ubuntu/endtoend_venv/lib/python3.12/site-packages/airflow/example_dags/example_subdag_operator.py
[2024-06-05T02:30:49.266+0000] {processor.py:830} INFO - Processing file /home/ubuntu/endtoend_venv/lib/python3.12/site-packages/airflow/example_dags/example_subdag_operator.py for tasks to queue
[2024-06-05T02:30:49.268+0000] {logging_mixin.py:188} INFO - [2024-06-05T02:30:49.267+0000] {dagbag.py:545} INFO - Filling up the DagBag from /home/ubuntu/endtoend_venv/lib/python3.12/site-packages/airflow/example_dags/example_subdag_operator.py
[2024-06-05T02:30:49.288+0000] {processor.py:840} INFO - DAG(s) 'example_subdag_operator.section-1', 'example_subdag_operator.section-2', 'example_subdag_operator' retrieved from /home/ubuntu/endtoend_venv/lib/python3.12/site-packages/airflow/example_dags/example_subdag_operator.py
[2024-06-05T02:30:49.304+0000] {logging_mixin.py:188} INFO - [2024-06-05T02:30:49.304+0000] {dag.py:3096} INFO - Sync 3 DAGs
[2024-06-05T02:30:49.324+0000] {logging_mixin.py:188} INFO - [2024-06-05T02:30:49.324+0000] {dag.py:3954} INFO - Setting next_dagrun for example_subdag_operator to 2022-01-01 00:00:00+00:00, run_after=2022-01-01 00:00:00+00:00
[2024-06-05T02:30:49.327+0000] {logging_mixin.py:188} INFO - [2024-06-05T02:30:49.327+0000] {dag.py:3954} INFO - Setting next_dagrun for example_subdag_operator.section-1 to None, run_after=None
[2024-06-05T02:30:49.328+0000] {logging_mixin.py:188} INFO - [2024-06-05T02:30:49.328+0000] {dag.py:3954} INFO - Setting next_dagrun for example_subdag_operator.section-2 to None, run_after=None
[2024-06-05T02:30:49.334+0000] {logging_mixin.py:188} INFO - [2024-06-05T02:30:49.334+0000] {dag.py:3096} INFO - Sync 2 DAGs
[2024-06-05T02:30:49.340+0000] {logging_mixin.py:188} INFO - [2024-06-05T02:30:49.340+0000] {dag.py:3954} INFO - Setting next_dagrun for example_subdag_operator.section-1 to None, run_after=None
[2024-06-05T02:30:49.340+0000] {logging_mixin.py:188} INFO - [2024-06-05T02:30:49.340+0000] {dag.py:3954} INFO - Setting next_dagrun for example_subdag_operator.section-2 to None, run_after=None
[2024-06-05T02:30:49.357+0000] {processor.py:183} INFO - Processing /home/ubuntu/endtoend_venv/lib/python3.12/site-packages/airflow/example_dags/example_subdag_operator.py took 0.099 seconds
[2024-06-05T02:31:31.217+0000] {processor.py:161} INFO - Started process (PID=15711) to work on /home/ubuntu/endtoend_venv/lib/python3.12/site-packages/airflow/example_dags/example_subdag_operator.py
[2024-06-05T02:31:31.218+0000] {processor.py:830} INFO - Processing file /home/ubuntu/endtoend_venv/lib/python3.12/site-packages/airflow/example_dags/example_subdag_operator.py for tasks to queue
[2024-06-05T02:31:31.220+0000] {logging_mixin.py:188} INFO - [2024-06-05T02:31:31.220+0000] {dagbag.py:545} INFO - Filling up the DagBag from /home/ubuntu/endtoend_venv/lib/python3.12/site-packages/airflow/example_dags/example_subdag_operator.py
[2024-06-05T02:31:31.242+0000] {processor.py:840} INFO - DAG(s) 'example_subdag_operator.section-1', 'example_subdag_operator.section-2', 'example_subdag_operator' retrieved from /home/ubuntu/endtoend_venv/lib/python3.12/site-packages/airflow/example_dags/example_subdag_operator.py
[2024-06-05T02:31:31.258+0000] {logging_mixin.py:188} INFO - [2024-06-05T02:31:31.257+0000] {dag.py:3096} INFO - Sync 3 DAGs
[2024-06-05T02:31:31.278+0000] {logging_mixin.py:188} INFO - [2024-06-05T02:31:31.278+0000] {dag.py:3954} INFO - Setting next_dagrun for example_subdag_operator to 2022-01-01 00:00:00+00:00, run_after=2022-01-01 00:00:00+00:00
[2024-06-05T02:31:31.282+0000] {logging_mixin.py:188} INFO - [2024-06-05T02:31:31.282+0000] {dag.py:3954} INFO - Setting next_dagrun for example_subdag_operator.section-1 to None, run_after=None
[2024-06-05T02:31:31.283+0000] {logging_mixin.py:188} INFO - [2024-06-05T02:31:31.283+0000] {dag.py:3954} INFO - Setting next_dagrun for example_subdag_operator.section-2 to None, run_after=None
[2024-06-05T02:31:31.289+0000] {logging_mixin.py:188} INFO - [2024-06-05T02:31:31.289+0000] {dag.py:3096} INFO - Sync 2 DAGs
[2024-06-05T02:31:31.293+0000] {logging_mixin.py:188} INFO - [2024-06-05T02:31:31.293+0000] {dag.py:3954} INFO - Setting next_dagrun for example_subdag_operator.section-1 to None, run_after=None
[2024-06-05T02:31:31.294+0000] {logging_mixin.py:188} INFO - [2024-06-05T02:31:31.293+0000] {dag.py:3954} INFO - Setting next_dagrun for example_subdag_operator.section-2 to None, run_after=None
[2024-06-05T02:31:31.313+0000] {processor.py:183} INFO - Processing /home/ubuntu/endtoend_venv/lib/python3.12/site-packages/airflow/example_dags/example_subdag_operator.py took 0.102 seconds
[2024-06-05T02:32:15.751+0000] {processor.py:161} INFO - Started process (PID=15756) to work on /home/ubuntu/endtoend_venv/lib/python3.12/site-packages/airflow/example_dags/example_subdag_operator.py
[2024-06-05T02:32:15.752+0000] {processor.py:830} INFO - Processing file /home/ubuntu/endtoend_venv/lib/python3.12/site-packages/airflow/example_dags/example_subdag_operator.py for tasks to queue
[2024-06-05T02:32:15.754+0000] {logging_mixin.py:188} INFO - [2024-06-05T02:32:15.754+0000] {dagbag.py:545} INFO - Filling up the DagBag from /home/ubuntu/endtoend_venv/lib/python3.12/site-packages/airflow/example_dags/example_subdag_operator.py
[2024-06-05T02:32:15.775+0000] {processor.py:840} INFO - DAG(s) 'example_subdag_operator.section-1', 'example_subdag_operator.section-2', 'example_subdag_operator' retrieved from /home/ubuntu/endtoend_venv/lib/python3.12/site-packages/airflow/example_dags/example_subdag_operator.py
[2024-06-05T02:32:15.791+0000] {logging_mixin.py:188} INFO - [2024-06-05T02:32:15.791+0000] {dag.py:3096} INFO - Sync 3 DAGs
[2024-06-05T02:32:15.811+0000] {logging_mixin.py:188} INFO - [2024-06-05T02:32:15.810+0000] {dag.py:3954} INFO - Setting next_dagrun for example_subdag_operator to 2022-01-01 00:00:00+00:00, run_after=2022-01-01 00:00:00+00:00
[2024-06-05T02:32:15.815+0000] {logging_mixin.py:188} INFO - [2024-06-05T02:32:15.815+0000] {dag.py:3954} INFO - Setting next_dagrun for example_subdag_operator.section-1 to None, run_after=None
[2024-06-05T02:32:15.816+0000] {logging_mixin.py:188} INFO - [2024-06-05T02:32:15.816+0000] {dag.py:3954} INFO - Setting next_dagrun for example_subdag_operator.section-2 to None, run_after=None
[2024-06-05T02:32:15.822+0000] {logging_mixin.py:188} INFO - [2024-06-05T02:32:15.822+0000] {dag.py:3096} INFO - Sync 2 DAGs
[2024-06-05T02:32:15.826+0000] {logging_mixin.py:188} INFO - [2024-06-05T02:32:15.826+0000] {dag.py:3954} INFO - Setting next_dagrun for example_subdag_operator.section-1 to None, run_after=None
[2024-06-05T02:32:15.827+0000] {logging_mixin.py:188} INFO - [2024-06-05T02:32:15.827+0000] {dag.py:3954} INFO - Setting next_dagrun for example_subdag_operator.section-2 to None, run_after=None
[2024-06-05T02:32:15.844+0000] {processor.py:183} INFO - Processing /home/ubuntu/endtoend_venv/lib/python3.12/site-packages/airflow/example_dags/example_subdag_operator.py took 0.100 seconds
[2024-06-05T02:32:56.855+0000] {processor.py:161} INFO - Started process (PID=15798) to work on /home/ubuntu/endtoend_venv/lib/python3.12/site-packages/airflow/example_dags/example_subdag_operator.py
[2024-06-05T02:32:56.857+0000] {processor.py:830} INFO - Processing file /home/ubuntu/endtoend_venv/lib/python3.12/site-packages/airflow/example_dags/example_subdag_operator.py for tasks to queue
[2024-06-05T02:32:56.859+0000] {logging_mixin.py:188} INFO - [2024-06-05T02:32:56.858+0000] {dagbag.py:545} INFO - Filling up the DagBag from /home/ubuntu/endtoend_venv/lib/python3.12/site-packages/airflow/example_dags/example_subdag_operator.py
[2024-06-05T02:32:56.880+0000] {processor.py:840} INFO - DAG(s) 'example_subdag_operator.section-1', 'example_subdag_operator.section-2', 'example_subdag_operator' retrieved from /home/ubuntu/endtoend_venv/lib/python3.12/site-packages/airflow/example_dags/example_subdag_operator.py
[2024-06-05T02:32:56.895+0000] {logging_mixin.py:188} INFO - [2024-06-05T02:32:56.895+0000] {dag.py:3096} INFO - Sync 3 DAGs
[2024-06-05T02:32:56.915+0000] {logging_mixin.py:188} INFO - [2024-06-05T02:32:56.914+0000] {dag.py:3954} INFO - Setting next_dagrun for example_subdag_operator to 2022-01-01 00:00:00+00:00, run_after=2022-01-01 00:00:00+00:00
[2024-06-05T02:32:56.918+0000] {logging_mixin.py:188} INFO - [2024-06-05T02:32:56.918+0000] {dag.py:3954} INFO - Setting next_dagrun for example_subdag_operator.section-1 to None, run_after=None
[2024-06-05T02:32:56.919+0000] {logging_mixin.py:188} INFO - [2024-06-05T02:32:56.919+0000] {dag.py:3954} INFO - Setting next_dagrun for example_subdag_operator.section-2 to None, run_after=None
[2024-06-05T02:32:56.925+0000] {logging_mixin.py:188} INFO - [2024-06-05T02:32:56.925+0000] {dag.py:3096} INFO - Sync 2 DAGs
[2024-06-05T02:32:56.929+0000] {logging_mixin.py:188} INFO - [2024-06-05T02:32:56.929+0000] {dag.py:3954} INFO - Setting next_dagrun for example_subdag_operator.section-1 to None, run_after=None
[2024-06-05T02:32:56.929+0000] {logging_mixin.py:188} INFO - [2024-06-05T02:32:56.929+0000] {dag.py:3954} INFO - Setting next_dagrun for example_subdag_operator.section-2 to None, run_after=None
[2024-06-05T02:32:56.945+0000] {processor.py:183} INFO - Processing /home/ubuntu/endtoend_venv/lib/python3.12/site-packages/airflow/example_dags/example_subdag_operator.py took 0.095 seconds
[2024-06-05T02:33:39.359+0000] {processor.py:161} INFO - Started process (PID=15840) to work on /home/ubuntu/endtoend_venv/lib/python3.12/site-packages/airflow/example_dags/example_subdag_operator.py
[2024-06-05T02:33:39.360+0000] {processor.py:830} INFO - Processing file /home/ubuntu/endtoend_venv/lib/python3.12/site-packages/airflow/example_dags/example_subdag_operator.py for tasks to queue
[2024-06-05T02:33:39.362+0000] {logging_mixin.py:188} INFO - [2024-06-05T02:33:39.361+0000] {dagbag.py:545} INFO - Filling up the DagBag from /home/ubuntu/endtoend_venv/lib/python3.12/site-packages/airflow/example_dags/example_subdag_operator.py
[2024-06-05T02:33:39.383+0000] {processor.py:840} INFO - DAG(s) 'example_subdag_operator.section-1', 'example_subdag_operator.section-2', 'example_subdag_operator' retrieved from /home/ubuntu/endtoend_venv/lib/python3.12/site-packages/airflow/example_dags/example_subdag_operator.py
[2024-06-05T02:33:39.399+0000] {logging_mixin.py:188} INFO - [2024-06-05T02:33:39.398+0000] {dag.py:3096} INFO - Sync 3 DAGs
[2024-06-05T02:33:39.419+0000] {logging_mixin.py:188} INFO - [2024-06-05T02:33:39.419+0000] {dag.py:3954} INFO - Setting next_dagrun for example_subdag_operator to 2022-01-01 00:00:00+00:00, run_after=2022-01-01 00:00:00+00:00
[2024-06-05T02:33:39.423+0000] {logging_mixin.py:188} INFO - [2024-06-05T02:33:39.422+0000] {dag.py:3954} INFO - Setting next_dagrun for example_subdag_operator.section-1 to None, run_after=None
[2024-06-05T02:33:39.424+0000] {logging_mixin.py:188} INFO - [2024-06-05T02:33:39.423+0000] {dag.py:3954} INFO - Setting next_dagrun for example_subdag_operator.section-2 to None, run_after=None
[2024-06-05T02:33:39.429+0000] {logging_mixin.py:188} INFO - [2024-06-05T02:33:39.429+0000] {dag.py:3096} INFO - Sync 2 DAGs
[2024-06-05T02:33:39.433+0000] {logging_mixin.py:188} INFO - [2024-06-05T02:33:39.433+0000] {dag.py:3954} INFO - Setting next_dagrun for example_subdag_operator.section-1 to None, run_after=None
[2024-06-05T02:33:39.434+0000] {logging_mixin.py:188} INFO - [2024-06-05T02:33:39.434+0000] {dag.py:3954} INFO - Setting next_dagrun for example_subdag_operator.section-2 to None, run_after=None
[2024-06-05T02:33:39.449+0000] {processor.py:183} INFO - Processing /home/ubuntu/endtoend_venv/lib/python3.12/site-packages/airflow/example_dags/example_subdag_operator.py took 0.096 seconds
[2024-06-05T02:34:20.553+0000] {processor.py:161} INFO - Started process (PID=15884) to work on /home/ubuntu/endtoend_venv/lib/python3.12/site-packages/airflow/example_dags/example_subdag_operator.py
[2024-06-05T02:34:20.554+0000] {processor.py:830} INFO - Processing file /home/ubuntu/endtoend_venv/lib/python3.12/site-packages/airflow/example_dags/example_subdag_operator.py for tasks to queue
[2024-06-05T02:34:20.556+0000] {logging_mixin.py:188} INFO - [2024-06-05T02:34:20.555+0000] {dagbag.py:545} INFO - Filling up the DagBag from /home/ubuntu/endtoend_venv/lib/python3.12/site-packages/airflow/example_dags/example_subdag_operator.py
[2024-06-05T02:34:20.578+0000] {processor.py:840} INFO - DAG(s) 'example_subdag_operator.section-1', 'example_subdag_operator.section-2', 'example_subdag_operator' retrieved from /home/ubuntu/endtoend_venv/lib/python3.12/site-packages/airflow/example_dags/example_subdag_operator.py
[2024-06-05T02:34:20.593+0000] {logging_mixin.py:188} INFO - [2024-06-05T02:34:20.593+0000] {dag.py:3096} INFO - Sync 3 DAGs
[2024-06-05T02:34:20.613+0000] {logging_mixin.py:188} INFO - [2024-06-05T02:34:20.613+0000] {dag.py:3954} INFO - Setting next_dagrun for example_subdag_operator to 2022-01-01 00:00:00+00:00, run_after=2022-01-01 00:00:00+00:00
[2024-06-05T02:34:20.616+0000] {logging_mixin.py:188} INFO - [2024-06-05T02:34:20.616+0000] {dag.py:3954} INFO - Setting next_dagrun for example_subdag_operator.section-1 to None, run_after=None
[2024-06-05T02:34:20.617+0000] {logging_mixin.py:188} INFO - [2024-06-05T02:34:20.617+0000] {dag.py:3954} INFO - Setting next_dagrun for example_subdag_operator.section-2 to None, run_after=None
[2024-06-05T02:34:20.623+0000] {logging_mixin.py:188} INFO - [2024-06-05T02:34:20.623+0000] {dag.py:3096} INFO - Sync 2 DAGs
[2024-06-05T02:34:20.627+0000] {logging_mixin.py:188} INFO - [2024-06-05T02:34:20.627+0000] {dag.py:3954} INFO - Setting next_dagrun for example_subdag_operator.section-1 to None, run_after=None
[2024-06-05T02:34:20.627+0000] {logging_mixin.py:188} INFO - [2024-06-05T02:34:20.627+0000] {dag.py:3954} INFO - Setting next_dagrun for example_subdag_operator.section-2 to None, run_after=None
[2024-06-05T02:34:20.643+0000] {processor.py:183} INFO - Processing /home/ubuntu/endtoend_venv/lib/python3.12/site-packages/airflow/example_dags/example_subdag_operator.py took 0.096 seconds
[2024-06-05T02:34:59.315+0000] {processor.py:161} INFO - Started process (PID=15924) to work on /home/ubuntu/endtoend_venv/lib/python3.12/site-packages/airflow/example_dags/example_subdag_operator.py
[2024-06-05T02:34:59.317+0000] {processor.py:830} INFO - Processing file /home/ubuntu/endtoend_venv/lib/python3.12/site-packages/airflow/example_dags/example_subdag_operator.py for tasks to queue
[2024-06-05T02:34:59.318+0000] {logging_mixin.py:188} INFO - [2024-06-05T02:34:59.318+0000] {dagbag.py:545} INFO - Filling up the DagBag from /home/ubuntu/endtoend_venv/lib/python3.12/site-packages/airflow/example_dags/example_subdag_operator.py
[2024-06-05T02:34:59.339+0000] {processor.py:840} INFO - DAG(s) 'example_subdag_operator.section-1', 'example_subdag_operator.section-2', 'example_subdag_operator' retrieved from /home/ubuntu/endtoend_venv/lib/python3.12/site-packages/airflow/example_dags/example_subdag_operator.py
[2024-06-05T02:34:59.354+0000] {logging_mixin.py:188} INFO - [2024-06-05T02:34:59.354+0000] {dag.py:3096} INFO - Sync 3 DAGs
[2024-06-05T02:34:59.374+0000] {logging_mixin.py:188} INFO - [2024-06-05T02:34:59.374+0000] {dag.py:3954} INFO - Setting next_dagrun for example_subdag_operator to 2022-01-01 00:00:00+00:00, run_after=2022-01-01 00:00:00+00:00
[2024-06-05T02:34:59.377+0000] {logging_mixin.py:188} INFO - [2024-06-05T02:34:59.377+0000] {dag.py:3954} INFO - Setting next_dagrun for example_subdag_operator.section-1 to None, run_after=None
[2024-06-05T02:34:59.378+0000] {logging_mixin.py:188} INFO - [2024-06-05T02:34:59.378+0000] {dag.py:3954} INFO - Setting next_dagrun for example_subdag_operator.section-2 to None, run_after=None
[2024-06-05T02:34:59.384+0000] {logging_mixin.py:188} INFO - [2024-06-05T02:34:59.384+0000] {dag.py:3096} INFO - Sync 2 DAGs
[2024-06-05T02:34:59.388+0000] {logging_mixin.py:188} INFO - [2024-06-05T02:34:59.388+0000] {dag.py:3954} INFO - Setting next_dagrun for example_subdag_operator.section-1 to None, run_after=None
[2024-06-05T02:34:59.389+0000] {logging_mixin.py:188} INFO - [2024-06-05T02:34:59.389+0000] {dag.py:3954} INFO - Setting next_dagrun for example_subdag_operator.section-2 to None, run_after=None
[2024-06-05T02:34:59.404+0000] {processor.py:183} INFO - Processing /home/ubuntu/endtoend_venv/lib/python3.12/site-packages/airflow/example_dags/example_subdag_operator.py took 0.095 seconds
