[2024-06-05T02:18:18.158+0000] {processor.py:161} INFO - Started process (PID=14915) to work on /home/ubuntu/endtoend_venv/lib/python3.12/site-packages/airflow/example_dags/example_trigger_target_dag.py
[2024-06-05T02:18:18.158+0000] {processor.py:830} INFO - Processing file /home/ubuntu/endtoend_venv/lib/python3.12/site-packages/airflow/example_dags/example_trigger_target_dag.py for tasks to queue
[2024-06-05T02:18:18.160+0000] {logging_mixin.py:188} INFO - [2024-06-05T02:18:18.160+0000] {dagbag.py:545} INFO - Filling up the DagBag from /home/ubuntu/endtoend_venv/lib/python3.12/site-packages/airflow/example_dags/example_trigger_target_dag.py
[2024-06-05T02:18:18.170+0000] {processor.py:840} INFO - DAG(s) 'example_trigger_target_dag' retrieved from /home/ubuntu/endtoend_venv/lib/python3.12/site-packages/airflow/example_dags/example_trigger_target_dag.py
[2024-06-05T02:18:18.292+0000] {logging_mixin.py:188} INFO - [2024-06-05T02:18:18.292+0000] {override.py:1829} INFO - Created Permission View: can read on DAG:example_trigger_target_dag
[2024-06-05T02:18:18.307+0000] {logging_mixin.py:188} INFO - [2024-06-05T02:18:18.307+0000] {override.py:1829} INFO - Created Permission View: can delete on DAG:example_trigger_target_dag
[2024-06-05T02:18:18.316+0000] {logging_mixin.py:188} INFO - [2024-06-05T02:18:18.316+0000] {override.py:1829} INFO - Created Permission View: can edit on DAG:example_trigger_target_dag
[2024-06-05T02:18:18.316+0000] {logging_mixin.py:188} INFO - [2024-06-05T02:18:18.316+0000] {dag.py:3096} INFO - Sync 1 DAGs
[2024-06-05T02:18:18.327+0000] {logging_mixin.py:188} INFO - [2024-06-05T02:18:18.327+0000] {dag.py:3118} INFO - Creating ORM DAG for example_trigger_target_dag
[2024-06-05T02:18:18.328+0000] {logging_mixin.py:188} INFO - [2024-06-05T02:18:18.328+0000] {dag.py:3954} INFO - Setting next_dagrun for example_trigger_target_dag to None, run_after=None
[2024-06-05T02:18:18.350+0000] {processor.py:183} INFO - Processing /home/ubuntu/endtoend_venv/lib/python3.12/site-packages/airflow/example_dags/example_trigger_target_dag.py took 0.198 seconds
[2024-06-05T02:19:13.492+0000] {processor.py:161} INFO - Started process (PID=14966) to work on /home/ubuntu/endtoend_venv/lib/python3.12/site-packages/airflow/example_dags/example_trigger_target_dag.py
[2024-06-05T02:19:13.494+0000] {processor.py:830} INFO - Processing file /home/ubuntu/endtoend_venv/lib/python3.12/site-packages/airflow/example_dags/example_trigger_target_dag.py for tasks to queue
[2024-06-05T02:19:13.495+0000] {logging_mixin.py:188} INFO - [2024-06-05T02:19:13.495+0000] {dagbag.py:545} INFO - Filling up the DagBag from /home/ubuntu/endtoend_venv/lib/python3.12/site-packages/airflow/example_dags/example_trigger_target_dag.py
[2024-06-05T02:19:13.502+0000] {processor.py:840} INFO - DAG(s) 'example_trigger_target_dag' retrieved from /home/ubuntu/endtoend_venv/lib/python3.12/site-packages/airflow/example_dags/example_trigger_target_dag.py
[2024-06-05T02:19:13.518+0000] {logging_mixin.py:188} INFO - [2024-06-05T02:19:13.517+0000] {dag.py:3096} INFO - Sync 1 DAGs
[2024-06-05T02:19:13.530+0000] {logging_mixin.py:188} INFO - [2024-06-05T02:19:13.530+0000] {dag.py:3954} INFO - Setting next_dagrun for example_trigger_target_dag to None, run_after=None
[2024-06-05T02:19:13.554+0000] {processor.py:183} INFO - Processing /home/ubuntu/endtoend_venv/lib/python3.12/site-packages/airflow/example_dags/example_trigger_target_dag.py took 0.067 seconds
[2024-06-05T02:19:58.748+0000] {processor.py:161} INFO - Started process (PID=15012) to work on /home/ubuntu/endtoend_venv/lib/python3.12/site-packages/airflow/example_dags/example_trigger_target_dag.py
[2024-06-05T02:19:58.750+0000] {processor.py:830} INFO - Processing file /home/ubuntu/endtoend_venv/lib/python3.12/site-packages/airflow/example_dags/example_trigger_target_dag.py for tasks to queue
[2024-06-05T02:19:58.752+0000] {logging_mixin.py:188} INFO - [2024-06-05T02:19:58.751+0000] {dagbag.py:545} INFO - Filling up the DagBag from /home/ubuntu/endtoend_venv/lib/python3.12/site-packages/airflow/example_dags/example_trigger_target_dag.py
[2024-06-05T02:19:58.759+0000] {processor.py:840} INFO - DAG(s) 'example_trigger_target_dag' retrieved from /home/ubuntu/endtoend_venv/lib/python3.12/site-packages/airflow/example_dags/example_trigger_target_dag.py
[2024-06-05T02:19:58.775+0000] {logging_mixin.py:188} INFO - [2024-06-05T02:19:58.775+0000] {dag.py:3096} INFO - Sync 1 DAGs
[2024-06-05T02:19:58.788+0000] {logging_mixin.py:188} INFO - [2024-06-05T02:19:58.788+0000] {dag.py:3954} INFO - Setting next_dagrun for example_trigger_target_dag to None, run_after=None
[2024-06-05T02:19:58.810+0000] {processor.py:183} INFO - Processing /home/ubuntu/endtoend_venv/lib/python3.12/site-packages/airflow/example_dags/example_trigger_target_dag.py took 0.068 seconds
[2024-06-05T02:20:39.302+0000] {processor.py:161} INFO - Started process (PID=15060) to work on /home/ubuntu/endtoend_venv/lib/python3.12/site-packages/airflow/example_dags/example_trigger_target_dag.py
[2024-06-05T02:20:39.304+0000] {processor.py:830} INFO - Processing file /home/ubuntu/endtoend_venv/lib/python3.12/site-packages/airflow/example_dags/example_trigger_target_dag.py for tasks to queue
[2024-06-05T02:20:39.305+0000] {logging_mixin.py:188} INFO - [2024-06-05T02:20:39.305+0000] {dagbag.py:545} INFO - Filling up the DagBag from /home/ubuntu/endtoend_venv/lib/python3.12/site-packages/airflow/example_dags/example_trigger_target_dag.py
[2024-06-05T02:20:39.312+0000] {processor.py:840} INFO - DAG(s) 'example_trigger_target_dag' retrieved from /home/ubuntu/endtoend_venv/lib/python3.12/site-packages/airflow/example_dags/example_trigger_target_dag.py
[2024-06-05T02:20:39.328+0000] {logging_mixin.py:188} INFO - [2024-06-05T02:20:39.328+0000] {dag.py:3096} INFO - Sync 1 DAGs
[2024-06-05T02:20:39.342+0000] {logging_mixin.py:188} INFO - [2024-06-05T02:20:39.341+0000] {dag.py:3954} INFO - Setting next_dagrun for example_trigger_target_dag to None, run_after=None
[2024-06-05T02:20:39.364+0000] {processor.py:183} INFO - Processing /home/ubuntu/endtoend_venv/lib/python3.12/site-packages/airflow/example_dags/example_trigger_target_dag.py took 0.068 seconds
[2024-06-05T02:21:28.861+0000] {processor.py:161} INFO - Started process (PID=15112) to work on /home/ubuntu/endtoend_venv/lib/python3.12/site-packages/airflow/example_dags/example_trigger_target_dag.py
[2024-06-05T02:21:28.862+0000] {processor.py:830} INFO - Processing file /home/ubuntu/endtoend_venv/lib/python3.12/site-packages/airflow/example_dags/example_trigger_target_dag.py for tasks to queue
[2024-06-05T02:21:28.864+0000] {logging_mixin.py:188} INFO - [2024-06-05T02:21:28.863+0000] {dagbag.py:545} INFO - Filling up the DagBag from /home/ubuntu/endtoend_venv/lib/python3.12/site-packages/airflow/example_dags/example_trigger_target_dag.py
[2024-06-05T02:21:28.871+0000] {processor.py:840} INFO - DAG(s) 'example_trigger_target_dag' retrieved from /home/ubuntu/endtoend_venv/lib/python3.12/site-packages/airflow/example_dags/example_trigger_target_dag.py
[2024-06-05T02:21:28.904+0000] {logging_mixin.py:188} INFO - [2024-06-05T02:21:28.904+0000] {dag.py:3096} INFO - Sync 1 DAGs
[2024-06-05T02:21:28.917+0000] {logging_mixin.py:188} INFO - [2024-06-05T02:21:28.916+0000] {dag.py:3954} INFO - Setting next_dagrun for example_trigger_target_dag to None, run_after=None
[2024-06-05T02:21:28.939+0000] {processor.py:183} INFO - Processing /home/ubuntu/endtoend_venv/lib/python3.12/site-packages/airflow/example_dags/example_trigger_target_dag.py took 0.086 seconds
[2024-06-05T02:22:08.270+0000] {processor.py:161} INFO - Started process (PID=15154) to work on /home/ubuntu/endtoend_venv/lib/python3.12/site-packages/airflow/example_dags/example_trigger_target_dag.py
[2024-06-05T02:22:08.272+0000] {processor.py:830} INFO - Processing file /home/ubuntu/endtoend_venv/lib/python3.12/site-packages/airflow/example_dags/example_trigger_target_dag.py for tasks to queue
[2024-06-05T02:22:08.274+0000] {logging_mixin.py:188} INFO - [2024-06-05T02:22:08.273+0000] {dagbag.py:545} INFO - Filling up the DagBag from /home/ubuntu/endtoend_venv/lib/python3.12/site-packages/airflow/example_dags/example_trigger_target_dag.py
[2024-06-05T02:22:08.280+0000] {processor.py:840} INFO - DAG(s) 'example_trigger_target_dag' retrieved from /home/ubuntu/endtoend_venv/lib/python3.12/site-packages/airflow/example_dags/example_trigger_target_dag.py
[2024-06-05T02:22:08.296+0000] {logging_mixin.py:188} INFO - [2024-06-05T02:22:08.296+0000] {dag.py:3096} INFO - Sync 1 DAGs
[2024-06-05T02:22:08.309+0000] {logging_mixin.py:188} INFO - [2024-06-05T02:22:08.309+0000] {dag.py:3954} INFO - Setting next_dagrun for example_trigger_target_dag to None, run_after=None
[2024-06-05T02:22:08.332+0000] {processor.py:183} INFO - Processing /home/ubuntu/endtoend_venv/lib/python3.12/site-packages/airflow/example_dags/example_trigger_target_dag.py took 0.068 seconds
[2024-06-05T02:22:48.290+0000] {processor.py:161} INFO - Started process (PID=15194) to work on /home/ubuntu/endtoend_venv/lib/python3.12/site-packages/airflow/example_dags/example_trigger_target_dag.py
[2024-06-05T02:22:48.292+0000] {processor.py:830} INFO - Processing file /home/ubuntu/endtoend_venv/lib/python3.12/site-packages/airflow/example_dags/example_trigger_target_dag.py for tasks to queue
[2024-06-05T02:22:48.293+0000] {logging_mixin.py:188} INFO - [2024-06-05T02:22:48.293+0000] {dagbag.py:545} INFO - Filling up the DagBag from /home/ubuntu/endtoend_venv/lib/python3.12/site-packages/airflow/example_dags/example_trigger_target_dag.py
[2024-06-05T02:22:48.300+0000] {processor.py:840} INFO - DAG(s) 'example_trigger_target_dag' retrieved from /home/ubuntu/endtoend_venv/lib/python3.12/site-packages/airflow/example_dags/example_trigger_target_dag.py
[2024-06-05T02:22:48.315+0000] {logging_mixin.py:188} INFO - [2024-06-05T02:22:48.315+0000] {dag.py:3096} INFO - Sync 1 DAGs
[2024-06-05T02:22:48.327+0000] {logging_mixin.py:188} INFO - [2024-06-05T02:22:48.327+0000] {dag.py:3954} INFO - Setting next_dagrun for example_trigger_target_dag to None, run_after=None
[2024-06-05T02:22:48.349+0000] {processor.py:183} INFO - Processing /home/ubuntu/endtoend_venv/lib/python3.12/site-packages/airflow/example_dags/example_trigger_target_dag.py took 0.065 seconds
[2024-06-05T02:23:24.769+0000] {processor.py:161} INFO - Started process (PID=15234) to work on /home/ubuntu/endtoend_venv/lib/python3.12/site-packages/airflow/example_dags/example_trigger_target_dag.py
[2024-06-05T02:23:24.770+0000] {processor.py:830} INFO - Processing file /home/ubuntu/endtoend_venv/lib/python3.12/site-packages/airflow/example_dags/example_trigger_target_dag.py for tasks to queue
[2024-06-05T02:23:24.772+0000] {logging_mixin.py:188} INFO - [2024-06-05T02:23:24.772+0000] {dagbag.py:545} INFO - Filling up the DagBag from /home/ubuntu/endtoend_venv/lib/python3.12/site-packages/airflow/example_dags/example_trigger_target_dag.py
[2024-06-05T02:23:24.779+0000] {processor.py:840} INFO - DAG(s) 'example_trigger_target_dag' retrieved from /home/ubuntu/endtoend_venv/lib/python3.12/site-packages/airflow/example_dags/example_trigger_target_dag.py
[2024-06-05T02:23:24.795+0000] {logging_mixin.py:188} INFO - [2024-06-05T02:23:24.794+0000] {dag.py:3096} INFO - Sync 1 DAGs
[2024-06-05T02:23:24.807+0000] {logging_mixin.py:188} INFO - [2024-06-05T02:23:24.806+0000] {dag.py:3954} INFO - Setting next_dagrun for example_trigger_target_dag to None, run_after=None
[2024-06-05T02:23:24.829+0000] {processor.py:183} INFO - Processing /home/ubuntu/endtoend_venv/lib/python3.12/site-packages/airflow/example_dags/example_trigger_target_dag.py took 0.066 seconds
[2024-06-05T02:25:27.191+0000] {processor.py:161} INFO - Started process (PID=15332) to work on /home/ubuntu/endtoend_venv/lib/python3.12/site-packages/airflow/example_dags/example_trigger_target_dag.py
[2024-06-05T02:25:27.192+0000] {processor.py:830} INFO - Processing file /home/ubuntu/endtoend_venv/lib/python3.12/site-packages/airflow/example_dags/example_trigger_target_dag.py for tasks to queue
[2024-06-05T02:25:27.194+0000] {logging_mixin.py:188} INFO - [2024-06-05T02:25:27.194+0000] {dagbag.py:545} INFO - Filling up the DagBag from /home/ubuntu/endtoend_venv/lib/python3.12/site-packages/airflow/example_dags/example_trigger_target_dag.py
[2024-06-05T02:25:27.203+0000] {processor.py:840} INFO - DAG(s) 'example_trigger_target_dag' retrieved from /home/ubuntu/endtoend_venv/lib/python3.12/site-packages/airflow/example_dags/example_trigger_target_dag.py
[2024-06-05T02:25:27.211+0000] {logging_mixin.py:188} INFO - [2024-06-05T02:25:27.211+0000] {dag.py:3096} INFO - Sync 1 DAGs
[2024-06-05T02:25:27.226+0000] {logging_mixin.py:188} INFO - [2024-06-05T02:25:27.226+0000] {dag.py:3954} INFO - Setting next_dagrun for example_trigger_target_dag to None, run_after=None
[2024-06-05T02:25:27.248+0000] {processor.py:183} INFO - Processing /home/ubuntu/endtoend_venv/lib/python3.12/site-packages/airflow/example_dags/example_trigger_target_dag.py took 0.063 seconds
[2024-06-05T02:26:17.931+0000] {processor.py:161} INFO - Started process (PID=15384) to work on /home/ubuntu/endtoend_venv/lib/python3.12/site-packages/airflow/example_dags/example_trigger_target_dag.py
[2024-06-05T02:26:17.933+0000] {processor.py:830} INFO - Processing file /home/ubuntu/endtoend_venv/lib/python3.12/site-packages/airflow/example_dags/example_trigger_target_dag.py for tasks to queue
[2024-06-05T02:26:17.934+0000] {logging_mixin.py:188} INFO - [2024-06-05T02:26:17.934+0000] {dagbag.py:545} INFO - Filling up the DagBag from /home/ubuntu/endtoend_venv/lib/python3.12/site-packages/airflow/example_dags/example_trigger_target_dag.py
[2024-06-05T02:26:17.940+0000] {processor.py:840} INFO - DAG(s) 'example_trigger_target_dag' retrieved from /home/ubuntu/endtoend_venv/lib/python3.12/site-packages/airflow/example_dags/example_trigger_target_dag.py
[2024-06-05T02:26:18.042+0000] {logging_mixin.py:188} INFO - [2024-06-05T02:26:18.042+0000] {dag.py:3096} INFO - Sync 1 DAGs
[2024-06-05T02:26:18.052+0000] {logging_mixin.py:188} INFO - [2024-06-05T02:26:18.051+0000] {dag.py:3954} INFO - Setting next_dagrun for example_trigger_target_dag to None, run_after=None
[2024-06-05T02:26:18.073+0000] {processor.py:183} INFO - Processing /home/ubuntu/endtoend_venv/lib/python3.12/site-packages/airflow/example_dags/example_trigger_target_dag.py took 0.148 seconds
[2024-06-05T02:27:04.784+0000] {processor.py:161} INFO - Started process (PID=15430) to work on /home/ubuntu/endtoend_venv/lib/python3.12/site-packages/airflow/example_dags/example_trigger_target_dag.py
[2024-06-05T02:27:04.786+0000] {processor.py:830} INFO - Processing file /home/ubuntu/endtoend_venv/lib/python3.12/site-packages/airflow/example_dags/example_trigger_target_dag.py for tasks to queue
[2024-06-05T02:27:04.787+0000] {logging_mixin.py:188} INFO - [2024-06-05T02:27:04.787+0000] {dagbag.py:545} INFO - Filling up the DagBag from /home/ubuntu/endtoend_venv/lib/python3.12/site-packages/airflow/example_dags/example_trigger_target_dag.py
[2024-06-05T02:27:04.794+0000] {processor.py:840} INFO - DAG(s) 'example_trigger_target_dag' retrieved from /home/ubuntu/endtoend_venv/lib/python3.12/site-packages/airflow/example_dags/example_trigger_target_dag.py
[2024-06-05T02:27:04.810+0000] {logging_mixin.py:188} INFO - [2024-06-05T02:27:04.809+0000] {dag.py:3096} INFO - Sync 1 DAGs
[2024-06-05T02:27:04.822+0000] {logging_mixin.py:188} INFO - [2024-06-05T02:27:04.822+0000] {dag.py:3954} INFO - Setting next_dagrun for example_trigger_target_dag to None, run_after=None
[2024-06-05T02:27:04.844+0000] {processor.py:183} INFO - Processing /home/ubuntu/endtoend_venv/lib/python3.12/site-packages/airflow/example_dags/example_trigger_target_dag.py took 0.066 seconds
[2024-06-05T02:27:54.530+0000] {processor.py:161} INFO - Started process (PID=15481) to work on /home/ubuntu/endtoend_venv/lib/python3.12/site-packages/airflow/example_dags/example_trigger_target_dag.py
[2024-06-05T02:27:54.532+0000] {processor.py:830} INFO - Processing file /home/ubuntu/endtoend_venv/lib/python3.12/site-packages/airflow/example_dags/example_trigger_target_dag.py for tasks to queue
[2024-06-05T02:27:54.534+0000] {logging_mixin.py:188} INFO - [2024-06-05T02:27:54.533+0000] {dagbag.py:545} INFO - Filling up the DagBag from /home/ubuntu/endtoend_venv/lib/python3.12/site-packages/airflow/example_dags/example_trigger_target_dag.py
[2024-06-05T02:27:54.540+0000] {processor.py:840} INFO - DAG(s) 'example_trigger_target_dag' retrieved from /home/ubuntu/endtoend_venv/lib/python3.12/site-packages/airflow/example_dags/example_trigger_target_dag.py
[2024-06-05T02:27:54.556+0000] {logging_mixin.py:188} INFO - [2024-06-05T02:27:54.556+0000] {dag.py:3096} INFO - Sync 1 DAGs
[2024-06-05T02:27:54.568+0000] {logging_mixin.py:188} INFO - [2024-06-05T02:27:54.568+0000] {dag.py:3954} INFO - Setting next_dagrun for example_trigger_target_dag to None, run_after=None
[2024-06-05T02:27:54.591+0000] {processor.py:183} INFO - Processing /home/ubuntu/endtoend_venv/lib/python3.12/site-packages/airflow/example_dags/example_trigger_target_dag.py took 0.067 seconds
[2024-06-05T02:28:37.286+0000] {processor.py:161} INFO - Started process (PID=15526) to work on /home/ubuntu/endtoend_venv/lib/python3.12/site-packages/airflow/example_dags/example_trigger_target_dag.py
[2024-06-05T02:28:37.288+0000] {processor.py:830} INFO - Processing file /home/ubuntu/endtoend_venv/lib/python3.12/site-packages/airflow/example_dags/example_trigger_target_dag.py for tasks to queue
[2024-06-05T02:28:37.289+0000] {logging_mixin.py:188} INFO - [2024-06-05T02:28:37.289+0000] {dagbag.py:545} INFO - Filling up the DagBag from /home/ubuntu/endtoend_venv/lib/python3.12/site-packages/airflow/example_dags/example_trigger_target_dag.py
[2024-06-05T02:28:37.296+0000] {processor.py:840} INFO - DAG(s) 'example_trigger_target_dag' retrieved from /home/ubuntu/endtoend_venv/lib/python3.12/site-packages/airflow/example_dags/example_trigger_target_dag.py
[2024-06-05T02:28:37.312+0000] {logging_mixin.py:188} INFO - [2024-06-05T02:28:37.311+0000] {dag.py:3096} INFO - Sync 1 DAGs
[2024-06-05T02:28:37.324+0000] {logging_mixin.py:188} INFO - [2024-06-05T02:28:37.323+0000] {dag.py:3954} INFO - Setting next_dagrun for example_trigger_target_dag to None, run_after=None
[2024-06-05T02:28:37.346+0000] {processor.py:183} INFO - Processing /home/ubuntu/endtoend_venv/lib/python3.12/site-packages/airflow/example_dags/example_trigger_target_dag.py took 0.066 seconds
[2024-06-05T02:29:18.703+0000] {processor.py:161} INFO - Started process (PID=15573) to work on /home/ubuntu/endtoend_venv/lib/python3.12/site-packages/airflow/example_dags/example_trigger_target_dag.py
[2024-06-05T02:29:18.705+0000] {processor.py:830} INFO - Processing file /home/ubuntu/endtoend_venv/lib/python3.12/site-packages/airflow/example_dags/example_trigger_target_dag.py for tasks to queue
[2024-06-05T02:29:18.706+0000] {logging_mixin.py:188} INFO - [2024-06-05T02:29:18.706+0000] {dagbag.py:545} INFO - Filling up the DagBag from /home/ubuntu/endtoend_venv/lib/python3.12/site-packages/airflow/example_dags/example_trigger_target_dag.py
[2024-06-05T02:29:18.713+0000] {processor.py:840} INFO - DAG(s) 'example_trigger_target_dag' retrieved from /home/ubuntu/endtoend_venv/lib/python3.12/site-packages/airflow/example_dags/example_trigger_target_dag.py
[2024-06-05T02:29:18.728+0000] {logging_mixin.py:188} INFO - [2024-06-05T02:29:18.728+0000] {dag.py:3096} INFO - Sync 1 DAGs
[2024-06-05T02:29:18.741+0000] {logging_mixin.py:188} INFO - [2024-06-05T02:29:18.740+0000] {dag.py:3954} INFO - Setting next_dagrun for example_trigger_target_dag to None, run_after=None
[2024-06-05T02:29:18.763+0000] {processor.py:183} INFO - Processing /home/ubuntu/endtoend_venv/lib/python3.12/site-packages/airflow/example_dags/example_trigger_target_dag.py took 0.066 seconds
[2024-06-05T02:30:00.788+0000] {processor.py:161} INFO - Started process (PID=15615) to work on /home/ubuntu/endtoend_venv/lib/python3.12/site-packages/airflow/example_dags/example_trigger_target_dag.py
[2024-06-05T02:30:00.790+0000] {processor.py:830} INFO - Processing file /home/ubuntu/endtoend_venv/lib/python3.12/site-packages/airflow/example_dags/example_trigger_target_dag.py for tasks to queue
[2024-06-05T02:30:00.791+0000] {logging_mixin.py:188} INFO - [2024-06-05T02:30:00.791+0000] {dagbag.py:545} INFO - Filling up the DagBag from /home/ubuntu/endtoend_venv/lib/python3.12/site-packages/airflow/example_dags/example_trigger_target_dag.py
[2024-06-05T02:30:00.798+0000] {processor.py:840} INFO - DAG(s) 'example_trigger_target_dag' retrieved from /home/ubuntu/endtoend_venv/lib/python3.12/site-packages/airflow/example_dags/example_trigger_target_dag.py
[2024-06-05T02:30:00.814+0000] {logging_mixin.py:188} INFO - [2024-06-05T02:30:00.814+0000] {dag.py:3096} INFO - Sync 1 DAGs
[2024-06-05T02:30:00.826+0000] {logging_mixin.py:188} INFO - [2024-06-05T02:30:00.826+0000] {dag.py:3954} INFO - Setting next_dagrun for example_trigger_target_dag to None, run_after=None
[2024-06-05T02:30:00.849+0000] {processor.py:183} INFO - Processing /home/ubuntu/endtoend_venv/lib/python3.12/site-packages/airflow/example_dags/example_trigger_target_dag.py took 0.067 seconds
[2024-06-05T02:30:42.982+0000] {processor.py:161} INFO - Started process (PID=15662) to work on /home/ubuntu/endtoend_venv/lib/python3.12/site-packages/airflow/example_dags/example_trigger_target_dag.py
[2024-06-05T02:30:42.984+0000] {processor.py:830} INFO - Processing file /home/ubuntu/endtoend_venv/lib/python3.12/site-packages/airflow/example_dags/example_trigger_target_dag.py for tasks to queue
[2024-06-05T02:30:42.985+0000] {logging_mixin.py:188} INFO - [2024-06-05T02:30:42.985+0000] {dagbag.py:545} INFO - Filling up the DagBag from /home/ubuntu/endtoend_venv/lib/python3.12/site-packages/airflow/example_dags/example_trigger_target_dag.py
[2024-06-05T02:30:42.992+0000] {processor.py:840} INFO - DAG(s) 'example_trigger_target_dag' retrieved from /home/ubuntu/endtoend_venv/lib/python3.12/site-packages/airflow/example_dags/example_trigger_target_dag.py
[2024-06-05T02:30:43.008+0000] {logging_mixin.py:188} INFO - [2024-06-05T02:30:43.008+0000] {dag.py:3096} INFO - Sync 1 DAGs
[2024-06-05T02:30:43.021+0000] {logging_mixin.py:188} INFO - [2024-06-05T02:30:43.020+0000] {dag.py:3954} INFO - Setting next_dagrun for example_trigger_target_dag to None, run_after=None
[2024-06-05T02:30:43.044+0000] {processor.py:183} INFO - Processing /home/ubuntu/endtoend_venv/lib/python3.12/site-packages/airflow/example_dags/example_trigger_target_dag.py took 0.068 seconds
[2024-06-05T02:31:25.363+0000] {processor.py:161} INFO - Started process (PID=15705) to work on /home/ubuntu/endtoend_venv/lib/python3.12/site-packages/airflow/example_dags/example_trigger_target_dag.py
[2024-06-05T02:31:25.364+0000] {processor.py:830} INFO - Processing file /home/ubuntu/endtoend_venv/lib/python3.12/site-packages/airflow/example_dags/example_trigger_target_dag.py for tasks to queue
[2024-06-05T02:31:25.366+0000] {logging_mixin.py:188} INFO - [2024-06-05T02:31:25.366+0000] {dagbag.py:545} INFO - Filling up the DagBag from /home/ubuntu/endtoend_venv/lib/python3.12/site-packages/airflow/example_dags/example_trigger_target_dag.py
[2024-06-05T02:31:25.373+0000] {processor.py:840} INFO - DAG(s) 'example_trigger_target_dag' retrieved from /home/ubuntu/endtoend_venv/lib/python3.12/site-packages/airflow/example_dags/example_trigger_target_dag.py
[2024-06-05T02:31:25.388+0000] {logging_mixin.py:188} INFO - [2024-06-05T02:31:25.388+0000] {dag.py:3096} INFO - Sync 1 DAGs
[2024-06-05T02:31:25.400+0000] {logging_mixin.py:188} INFO - [2024-06-05T02:31:25.400+0000] {dag.py:3954} INFO - Setting next_dagrun for example_trigger_target_dag to None, run_after=None
[2024-06-05T02:31:25.424+0000] {processor.py:183} INFO - Processing /home/ubuntu/endtoend_venv/lib/python3.12/site-packages/airflow/example_dags/example_trigger_target_dag.py took 0.067 seconds
[2024-06-05T02:32:09.468+0000] {processor.py:161} INFO - Started process (PID=15750) to work on /home/ubuntu/endtoend_venv/lib/python3.12/site-packages/airflow/example_dags/example_trigger_target_dag.py
[2024-06-05T02:32:09.470+0000] {processor.py:830} INFO - Processing file /home/ubuntu/endtoend_venv/lib/python3.12/site-packages/airflow/example_dags/example_trigger_target_dag.py for tasks to queue
[2024-06-05T02:32:09.472+0000] {logging_mixin.py:188} INFO - [2024-06-05T02:32:09.471+0000] {dagbag.py:545} INFO - Filling up the DagBag from /home/ubuntu/endtoend_venv/lib/python3.12/site-packages/airflow/example_dags/example_trigger_target_dag.py
[2024-06-05T02:32:09.478+0000] {processor.py:840} INFO - DAG(s) 'example_trigger_target_dag' retrieved from /home/ubuntu/endtoend_venv/lib/python3.12/site-packages/airflow/example_dags/example_trigger_target_dag.py
[2024-06-05T02:32:09.494+0000] {logging_mixin.py:188} INFO - [2024-06-05T02:32:09.494+0000] {dag.py:3096} INFO - Sync 1 DAGs
[2024-06-05T02:32:09.506+0000] {logging_mixin.py:188} INFO - [2024-06-05T02:32:09.506+0000] {dag.py:3954} INFO - Setting next_dagrun for example_trigger_target_dag to None, run_after=None
[2024-06-05T02:32:09.529+0000] {processor.py:183} INFO - Processing /home/ubuntu/endtoend_venv/lib/python3.12/site-packages/airflow/example_dags/example_trigger_target_dag.py took 0.067 seconds
[2024-06-05T02:32:50.654+0000] {processor.py:161} INFO - Started process (PID=15792) to work on /home/ubuntu/endtoend_venv/lib/python3.12/site-packages/airflow/example_dags/example_trigger_target_dag.py
[2024-06-05T02:32:50.656+0000] {processor.py:830} INFO - Processing file /home/ubuntu/endtoend_venv/lib/python3.12/site-packages/airflow/example_dags/example_trigger_target_dag.py for tasks to queue
[2024-06-05T02:32:50.657+0000] {logging_mixin.py:188} INFO - [2024-06-05T02:32:50.657+0000] {dagbag.py:545} INFO - Filling up the DagBag from /home/ubuntu/endtoend_venv/lib/python3.12/site-packages/airflow/example_dags/example_trigger_target_dag.py
[2024-06-05T02:32:50.664+0000] {processor.py:840} INFO - DAG(s) 'example_trigger_target_dag' retrieved from /home/ubuntu/endtoend_venv/lib/python3.12/site-packages/airflow/example_dags/example_trigger_target_dag.py
[2024-06-05T02:32:50.680+0000] {logging_mixin.py:188} INFO - [2024-06-05T02:32:50.680+0000] {dag.py:3096} INFO - Sync 1 DAGs
[2024-06-05T02:32:50.692+0000] {logging_mixin.py:188} INFO - [2024-06-05T02:32:50.692+0000] {dag.py:3954} INFO - Setting next_dagrun for example_trigger_target_dag to None, run_after=None
[2024-06-05T02:32:50.715+0000] {processor.py:183} INFO - Processing /home/ubuntu/endtoend_venv/lib/python3.12/site-packages/airflow/example_dags/example_trigger_target_dag.py took 0.066 seconds
[2024-06-05T02:33:32.883+0000] {processor.py:161} INFO - Started process (PID=15834) to work on /home/ubuntu/endtoend_venv/lib/python3.12/site-packages/airflow/example_dags/example_trigger_target_dag.py
[2024-06-05T02:33:32.884+0000] {processor.py:830} INFO - Processing file /home/ubuntu/endtoend_venv/lib/python3.12/site-packages/airflow/example_dags/example_trigger_target_dag.py for tasks to queue
[2024-06-05T02:33:32.886+0000] {logging_mixin.py:188} INFO - [2024-06-05T02:33:32.885+0000] {dagbag.py:545} INFO - Filling up the DagBag from /home/ubuntu/endtoend_venv/lib/python3.12/site-packages/airflow/example_dags/example_trigger_target_dag.py
[2024-06-05T02:33:32.892+0000] {processor.py:840} INFO - DAG(s) 'example_trigger_target_dag' retrieved from /home/ubuntu/endtoend_venv/lib/python3.12/site-packages/airflow/example_dags/example_trigger_target_dag.py
[2024-06-05T02:33:32.908+0000] {logging_mixin.py:188} INFO - [2024-06-05T02:33:32.908+0000] {dag.py:3096} INFO - Sync 1 DAGs
[2024-06-05T02:33:32.920+0000] {logging_mixin.py:188} INFO - [2024-06-05T02:33:32.920+0000] {dag.py:3954} INFO - Setting next_dagrun for example_trigger_target_dag to None, run_after=None
[2024-06-05T02:33:32.944+0000] {processor.py:183} INFO - Processing /home/ubuntu/endtoend_venv/lib/python3.12/site-packages/airflow/example_dags/example_trigger_target_dag.py took 0.067 seconds
[2024-06-05T02:34:14.677+0000] {processor.py:161} INFO - Started process (PID=15878) to work on /home/ubuntu/endtoend_venv/lib/python3.12/site-packages/airflow/example_dags/example_trigger_target_dag.py
[2024-06-05T02:34:14.678+0000] {processor.py:830} INFO - Processing file /home/ubuntu/endtoend_venv/lib/python3.12/site-packages/airflow/example_dags/example_trigger_target_dag.py for tasks to queue
[2024-06-05T02:34:14.680+0000] {logging_mixin.py:188} INFO - [2024-06-05T02:34:14.680+0000] {dagbag.py:545} INFO - Filling up the DagBag from /home/ubuntu/endtoend_venv/lib/python3.12/site-packages/airflow/example_dags/example_trigger_target_dag.py
[2024-06-05T02:34:14.687+0000] {processor.py:840} INFO - DAG(s) 'example_trigger_target_dag' retrieved from /home/ubuntu/endtoend_venv/lib/python3.12/site-packages/airflow/example_dags/example_trigger_target_dag.py
[2024-06-05T02:34:14.704+0000] {logging_mixin.py:188} INFO - [2024-06-05T02:34:14.704+0000] {dag.py:3096} INFO - Sync 1 DAGs
[2024-06-05T02:34:14.717+0000] {logging_mixin.py:188} INFO - [2024-06-05T02:34:14.717+0000] {dag.py:3954} INFO - Setting next_dagrun for example_trigger_target_dag to None, run_after=None
[2024-06-05T02:34:14.740+0000] {processor.py:183} INFO - Processing /home/ubuntu/endtoend_venv/lib/python3.12/site-packages/airflow/example_dags/example_trigger_target_dag.py took 0.070 seconds
[2024-06-05T02:34:53.020+0000] {processor.py:161} INFO - Started process (PID=15918) to work on /home/ubuntu/endtoend_venv/lib/python3.12/site-packages/airflow/example_dags/example_trigger_target_dag.py
[2024-06-05T02:34:53.022+0000] {processor.py:830} INFO - Processing file /home/ubuntu/endtoend_venv/lib/python3.12/site-packages/airflow/example_dags/example_trigger_target_dag.py for tasks to queue
[2024-06-05T02:34:53.023+0000] {logging_mixin.py:188} INFO - [2024-06-05T02:34:53.023+0000] {dagbag.py:545} INFO - Filling up the DagBag from /home/ubuntu/endtoend_venv/lib/python3.12/site-packages/airflow/example_dags/example_trigger_target_dag.py
[2024-06-05T02:34:53.030+0000] {processor.py:840} INFO - DAG(s) 'example_trigger_target_dag' retrieved from /home/ubuntu/endtoend_venv/lib/python3.12/site-packages/airflow/example_dags/example_trigger_target_dag.py
[2024-06-05T02:34:53.046+0000] {logging_mixin.py:188} INFO - [2024-06-05T02:34:53.046+0000] {dag.py:3096} INFO - Sync 1 DAGs
[2024-06-05T02:34:53.058+0000] {logging_mixin.py:188} INFO - [2024-06-05T02:34:53.058+0000] {dag.py:3954} INFO - Setting next_dagrun for example_trigger_target_dag to None, run_after=None
[2024-06-05T02:34:53.084+0000] {processor.py:183} INFO - Processing /home/ubuntu/endtoend_venv/lib/python3.12/site-packages/airflow/example_dags/example_trigger_target_dag.py took 0.070 seconds
