[2024-06-05T02:18:55.167+0000] {processor.py:161} INFO - Started process (PID=14948) to work on /home/ubuntu/endtoend_venv/lib/python3.12/site-packages/airflow/example_dags/example_branch_python_dop_operator_3.py
[2024-06-05T02:18:55.168+0000] {processor.py:830} INFO - Processing file /home/ubuntu/endtoend_venv/lib/python3.12/site-packages/airflow/example_dags/example_branch_python_dop_operator_3.py for tasks to queue
[2024-06-05T02:18:55.169+0000] {logging_mixin.py:188} INFO - [2024-06-05T02:18:55.169+0000] {dagbag.py:545} INFO - Filling up the DagBag from /home/ubuntu/endtoend_venv/lib/python3.12/site-packages/airflow/example_dags/example_branch_python_dop_operator_3.py
[2024-06-05T02:18:55.178+0000] {processor.py:840} INFO - DAG(s) 'example_branch_dop_operator_v3' retrieved from /home/ubuntu/endtoend_venv/lib/python3.12/site-packages/airflow/example_dags/example_branch_python_dop_operator_3.py
[2024-06-05T02:18:55.292+0000] {logging_mixin.py:188} INFO - [2024-06-05T02:18:55.291+0000] {override.py:1829} INFO - Created Permission View: can read on DAG:example_branch_dop_operator_v3
[2024-06-05T02:18:55.304+0000] {logging_mixin.py:188} INFO - [2024-06-05T02:18:55.304+0000] {override.py:1829} INFO - Created Permission View: can delete on DAG:example_branch_dop_operator_v3
[2024-06-05T02:18:55.314+0000] {logging_mixin.py:188} INFO - [2024-06-05T02:18:55.314+0000] {override.py:1829} INFO - Created Permission View: can edit on DAG:example_branch_dop_operator_v3
[2024-06-05T02:18:55.314+0000] {logging_mixin.py:188} INFO - [2024-06-05T02:18:55.314+0000] {dag.py:3096} INFO - Sync 1 DAGs
[2024-06-05T02:18:55.325+0000] {logging_mixin.py:188} INFO - [2024-06-05T02:18:55.325+0000] {dag.py:3118} INFO - Creating ORM DAG for example_branch_dop_operator_v3
[2024-06-05T02:18:55.337+0000] {logging_mixin.py:188} INFO - [2024-06-05T02:18:55.337+0000] {dag.py:3954} INFO - Setting next_dagrun for example_branch_dop_operator_v3 to 2024-06-05 02:17:00+00:00, run_after=2024-06-05 02:18:00+00:00
[2024-06-05T02:18:55.361+0000] {processor.py:183} INFO - Processing /home/ubuntu/endtoend_venv/lib/python3.12/site-packages/airflow/example_dags/example_branch_python_dop_operator_3.py took 0.200 seconds
[2024-06-05T02:19:46.335+0000] {processor.py:161} INFO - Started process (PID=14999) to work on /home/ubuntu/endtoend_venv/lib/python3.12/site-packages/airflow/example_dags/example_branch_python_dop_operator_3.py
[2024-06-05T02:19:46.336+0000] {processor.py:830} INFO - Processing file /home/ubuntu/endtoend_venv/lib/python3.12/site-packages/airflow/example_dags/example_branch_python_dop_operator_3.py for tasks to queue
[2024-06-05T02:19:46.338+0000] {logging_mixin.py:188} INFO - [2024-06-05T02:19:46.338+0000] {dagbag.py:545} INFO - Filling up the DagBag from /home/ubuntu/endtoend_venv/lib/python3.12/site-packages/airflow/example_dags/example_branch_python_dop_operator_3.py
[2024-06-05T02:19:46.348+0000] {processor.py:840} INFO - DAG(s) 'example_branch_dop_operator_v3' retrieved from /home/ubuntu/endtoend_venv/lib/python3.12/site-packages/airflow/example_dags/example_branch_python_dop_operator_3.py
[2024-06-05T02:19:46.364+0000] {logging_mixin.py:188} INFO - [2024-06-05T02:19:46.364+0000] {dag.py:3096} INFO - Sync 1 DAGs
[2024-06-05T02:19:46.388+0000] {logging_mixin.py:188} INFO - [2024-06-05T02:19:46.388+0000] {dag.py:3954} INFO - Setting next_dagrun for example_branch_dop_operator_v3 to 2024-06-05 02:18:00+00:00, run_after=2024-06-05 02:19:00+00:00
[2024-06-05T02:19:46.411+0000] {processor.py:183} INFO - Processing /home/ubuntu/endtoend_venv/lib/python3.12/site-packages/airflow/example_dags/example_branch_python_dop_operator_3.py took 0.082 seconds
[2024-06-05T02:20:47.166+0000] {processor.py:161} INFO - Started process (PID=15068) to work on /home/ubuntu/endtoend_venv/lib/python3.12/site-packages/airflow/example_dags/example_branch_python_dop_operator_3.py
[2024-06-05T02:20:47.167+0000] {processor.py:830} INFO - Processing file /home/ubuntu/endtoend_venv/lib/python3.12/site-packages/airflow/example_dags/example_branch_python_dop_operator_3.py for tasks to queue
[2024-06-05T02:20:47.169+0000] {logging_mixin.py:188} INFO - [2024-06-05T02:20:47.169+0000] {dagbag.py:545} INFO - Filling up the DagBag from /home/ubuntu/endtoend_venv/lib/python3.12/site-packages/airflow/example_dags/example_branch_python_dop_operator_3.py
[2024-06-05T02:20:47.178+0000] {processor.py:840} INFO - DAG(s) 'example_branch_dop_operator_v3' retrieved from /home/ubuntu/endtoend_venv/lib/python3.12/site-packages/airflow/example_dags/example_branch_python_dop_operator_3.py
[2024-06-05T02:20:47.195+0000] {logging_mixin.py:188} INFO - [2024-06-05T02:20:47.195+0000] {dag.py:3096} INFO - Sync 1 DAGs
[2024-06-05T02:20:47.218+0000] {logging_mixin.py:188} INFO - [2024-06-05T02:20:47.218+0000] {dag.py:3954} INFO - Setting next_dagrun for example_branch_dop_operator_v3 to 2024-06-05 02:19:00+00:00, run_after=2024-06-05 02:20:00+00:00
[2024-06-05T02:20:47.241+0000] {processor.py:183} INFO - Processing /home/ubuntu/endtoend_venv/lib/python3.12/site-packages/airflow/example_dags/example_branch_python_dop_operator_3.py took 0.081 seconds
[2024-06-05T02:21:45.296+0000] {processor.py:161} INFO - Started process (PID=15130) to work on /home/ubuntu/endtoend_venv/lib/python3.12/site-packages/airflow/example_dags/example_branch_python_dop_operator_3.py
[2024-06-05T02:21:45.297+0000] {processor.py:830} INFO - Processing file /home/ubuntu/endtoend_venv/lib/python3.12/site-packages/airflow/example_dags/example_branch_python_dop_operator_3.py for tasks to queue
[2024-06-05T02:21:45.299+0000] {logging_mixin.py:188} INFO - [2024-06-05T02:21:45.298+0000] {dagbag.py:545} INFO - Filling up the DagBag from /home/ubuntu/endtoend_venv/lib/python3.12/site-packages/airflow/example_dags/example_branch_python_dop_operator_3.py
[2024-06-05T02:21:45.308+0000] {processor.py:840} INFO - DAG(s) 'example_branch_dop_operator_v3' retrieved from /home/ubuntu/endtoend_venv/lib/python3.12/site-packages/airflow/example_dags/example_branch_python_dop_operator_3.py
[2024-06-05T02:21:45.324+0000] {logging_mixin.py:188} INFO - [2024-06-05T02:21:45.324+0000] {dag.py:3096} INFO - Sync 1 DAGs
[2024-06-05T02:21:45.347+0000] {logging_mixin.py:188} INFO - [2024-06-05T02:21:45.347+0000] {dag.py:3954} INFO - Setting next_dagrun for example_branch_dop_operator_v3 to 2024-06-05 02:20:00+00:00, run_after=2024-06-05 02:21:00+00:00
[2024-06-05T02:21:45.370+0000] {processor.py:183} INFO - Processing /home/ubuntu/endtoend_venv/lib/python3.12/site-packages/airflow/example_dags/example_branch_python_dop_operator_3.py took 0.081 seconds
[2024-06-05T02:22:42.013+0000] {processor.py:161} INFO - Started process (PID=15188) to work on /home/ubuntu/endtoend_venv/lib/python3.12/site-packages/airflow/example_dags/example_branch_python_dop_operator_3.py
[2024-06-05T02:22:42.014+0000] {processor.py:830} INFO - Processing file /home/ubuntu/endtoend_venv/lib/python3.12/site-packages/airflow/example_dags/example_branch_python_dop_operator_3.py for tasks to queue
[2024-06-05T02:22:42.016+0000] {logging_mixin.py:188} INFO - [2024-06-05T02:22:42.016+0000] {dagbag.py:545} INFO - Filling up the DagBag from /home/ubuntu/endtoend_venv/lib/python3.12/site-packages/airflow/example_dags/example_branch_python_dop_operator_3.py
[2024-06-05T02:22:42.025+0000] {processor.py:840} INFO - DAG(s) 'example_branch_dop_operator_v3' retrieved from /home/ubuntu/endtoend_venv/lib/python3.12/site-packages/airflow/example_dags/example_branch_python_dop_operator_3.py
[2024-06-05T02:22:42.042+0000] {logging_mixin.py:188} INFO - [2024-06-05T02:22:42.041+0000] {dag.py:3096} INFO - Sync 1 DAGs
[2024-06-05T02:22:42.064+0000] {logging_mixin.py:188} INFO - [2024-06-05T02:22:42.064+0000] {dag.py:3954} INFO - Setting next_dagrun for example_branch_dop_operator_v3 to 2024-06-05 02:21:00+00:00, run_after=2024-06-05 02:22:00+00:00
[2024-06-05T02:22:42.087+0000] {processor.py:183} INFO - Processing /home/ubuntu/endtoend_venv/lib/python3.12/site-packages/airflow/example_dags/example_branch_python_dop_operator_3.py took 0.080 seconds
[2024-06-05T02:25:59.423+0000] {processor.py:161} INFO - Started process (PID=15366) to work on /home/ubuntu/endtoend_venv/lib/python3.12/site-packages/airflow/example_dags/example_branch_python_dop_operator_3.py
[2024-06-05T02:25:59.424+0000] {processor.py:830} INFO - Processing file /home/ubuntu/endtoend_venv/lib/python3.12/site-packages/airflow/example_dags/example_branch_python_dop_operator_3.py for tasks to queue
[2024-06-05T02:25:59.426+0000] {logging_mixin.py:188} INFO - [2024-06-05T02:25:59.426+0000] {dagbag.py:545} INFO - Filling up the DagBag from /home/ubuntu/endtoend_venv/lib/python3.12/site-packages/airflow/example_dags/example_branch_python_dop_operator_3.py
[2024-06-05T02:25:59.435+0000] {processor.py:840} INFO - DAG(s) 'example_branch_dop_operator_v3' retrieved from /home/ubuntu/endtoend_venv/lib/python3.12/site-packages/airflow/example_dags/example_branch_python_dop_operator_3.py
[2024-06-05T02:25:59.536+0000] {logging_mixin.py:188} INFO - [2024-06-05T02:25:59.536+0000] {dag.py:3096} INFO - Sync 1 DAGs
[2024-06-05T02:25:59.558+0000] {logging_mixin.py:188} INFO - [2024-06-05T02:25:59.557+0000] {dag.py:3954} INFO - Setting next_dagrun for example_branch_dop_operator_v3 to 2024-06-05 02:24:00+00:00, run_after=2024-06-05 02:25:00+00:00
[2024-06-05T02:25:59.580+0000] {processor.py:183} INFO - Processing /home/ubuntu/endtoend_venv/lib/python3.12/site-packages/airflow/example_dags/example_branch_python_dop_operator_3.py took 0.163 seconds
[2024-06-05T02:26:52.836+0000] {processor.py:161} INFO - Started process (PID=15417) to work on /home/ubuntu/endtoend_venv/lib/python3.12/site-packages/airflow/example_dags/example_branch_python_dop_operator_3.py
[2024-06-05T02:26:52.837+0000] {processor.py:830} INFO - Processing file /home/ubuntu/endtoend_venv/lib/python3.12/site-packages/airflow/example_dags/example_branch_python_dop_operator_3.py for tasks to queue
[2024-06-05T02:26:52.839+0000] {logging_mixin.py:188} INFO - [2024-06-05T02:26:52.838+0000] {dagbag.py:545} INFO - Filling up the DagBag from /home/ubuntu/endtoend_venv/lib/python3.12/site-packages/airflow/example_dags/example_branch_python_dop_operator_3.py
[2024-06-05T02:26:52.848+0000] {processor.py:840} INFO - DAG(s) 'example_branch_dop_operator_v3' retrieved from /home/ubuntu/endtoend_venv/lib/python3.12/site-packages/airflow/example_dags/example_branch_python_dop_operator_3.py
[2024-06-05T02:26:52.864+0000] {logging_mixin.py:188} INFO - [2024-06-05T02:26:52.864+0000] {dag.py:3096} INFO - Sync 1 DAGs
[2024-06-05T02:26:52.887+0000] {logging_mixin.py:188} INFO - [2024-06-05T02:26:52.887+0000] {dag.py:3954} INFO - Setting next_dagrun for example_branch_dop_operator_v3 to 2024-06-05 02:25:00+00:00, run_after=2024-06-05 02:26:00+00:00
[2024-06-05T02:26:52.923+0000] {processor.py:183} INFO - Processing /home/ubuntu/endtoend_venv/lib/python3.12/site-packages/airflow/example_dags/example_branch_python_dop_operator_3.py took 0.093 seconds
[2024-06-05T02:27:51.111+0000] {processor.py:161} INFO - Started process (PID=15478) to work on /home/ubuntu/endtoend_venv/lib/python3.12/site-packages/airflow/example_dags/example_branch_python_dop_operator_3.py
[2024-06-05T02:27:51.112+0000] {processor.py:830} INFO - Processing file /home/ubuntu/endtoend_venv/lib/python3.12/site-packages/airflow/example_dags/example_branch_python_dop_operator_3.py for tasks to queue
[2024-06-05T02:27:51.114+0000] {logging_mixin.py:188} INFO - [2024-06-05T02:27:51.114+0000] {dagbag.py:545} INFO - Filling up the DagBag from /home/ubuntu/endtoend_venv/lib/python3.12/site-packages/airflow/example_dags/example_branch_python_dop_operator_3.py
[2024-06-05T02:27:51.124+0000] {processor.py:840} INFO - DAG(s) 'example_branch_dop_operator_v3' retrieved from /home/ubuntu/endtoend_venv/lib/python3.12/site-packages/airflow/example_dags/example_branch_python_dop_operator_3.py
[2024-06-05T02:27:51.140+0000] {logging_mixin.py:188} INFO - [2024-06-05T02:27:51.140+0000] {dag.py:3096} INFO - Sync 1 DAGs
[2024-06-05T02:27:51.164+0000] {logging_mixin.py:188} INFO - [2024-06-05T02:27:51.164+0000] {dag.py:3954} INFO - Setting next_dagrun for example_branch_dop_operator_v3 to 2024-06-05 02:26:00+00:00, run_after=2024-06-05 02:27:00+00:00
[2024-06-05T02:27:51.187+0000] {processor.py:183} INFO - Processing /home/ubuntu/endtoend_venv/lib/python3.12/site-packages/airflow/example_dags/example_branch_python_dop_operator_3.py took 0.082 seconds
[2024-06-05T02:28:55.010+0000] {processor.py:161} INFO - Started process (PID=15543) to work on /home/ubuntu/endtoend_venv/lib/python3.12/site-packages/airflow/example_dags/example_branch_python_dop_operator_3.py
[2024-06-05T02:28:55.012+0000] {processor.py:830} INFO - Processing file /home/ubuntu/endtoend_venv/lib/python3.12/site-packages/airflow/example_dags/example_branch_python_dop_operator_3.py for tasks to queue
[2024-06-05T02:28:55.014+0000] {logging_mixin.py:188} INFO - [2024-06-05T02:28:55.013+0000] {dagbag.py:545} INFO - Filling up the DagBag from /home/ubuntu/endtoend_venv/lib/python3.12/site-packages/airflow/example_dags/example_branch_python_dop_operator_3.py
[2024-06-05T02:28:55.023+0000] {processor.py:840} INFO - DAG(s) 'example_branch_dop_operator_v3' retrieved from /home/ubuntu/endtoend_venv/lib/python3.12/site-packages/airflow/example_dags/example_branch_python_dop_operator_3.py
[2024-06-05T02:28:55.039+0000] {logging_mixin.py:188} INFO - [2024-06-05T02:28:55.039+0000] {dag.py:3096} INFO - Sync 1 DAGs
[2024-06-05T02:28:55.062+0000] {logging_mixin.py:188} INFO - [2024-06-05T02:28:55.062+0000] {dag.py:3954} INFO - Setting next_dagrun for example_branch_dop_operator_v3 to 2024-06-05 02:27:00+00:00, run_after=2024-06-05 02:28:00+00:00
[2024-06-05T02:28:55.084+0000] {processor.py:183} INFO - Processing /home/ubuntu/endtoend_venv/lib/python3.12/site-packages/airflow/example_dags/example_branch_python_dop_operator_3.py took 0.080 seconds
[2024-06-05T02:29:57.916+0000] {processor.py:161} INFO - Started process (PID=15612) to work on /home/ubuntu/endtoend_venv/lib/python3.12/site-packages/airflow/example_dags/example_branch_python_dop_operator_3.py
[2024-06-05T02:29:57.918+0000] {processor.py:830} INFO - Processing file /home/ubuntu/endtoend_venv/lib/python3.12/site-packages/airflow/example_dags/example_branch_python_dop_operator_3.py for tasks to queue
[2024-06-05T02:29:57.919+0000] {logging_mixin.py:188} INFO - [2024-06-05T02:29:57.919+0000] {dagbag.py:545} INFO - Filling up the DagBag from /home/ubuntu/endtoend_venv/lib/python3.12/site-packages/airflow/example_dags/example_branch_python_dop_operator_3.py
[2024-06-05T02:29:57.928+0000] {processor.py:840} INFO - DAG(s) 'example_branch_dop_operator_v3' retrieved from /home/ubuntu/endtoend_venv/lib/python3.12/site-packages/airflow/example_dags/example_branch_python_dop_operator_3.py
[2024-06-05T02:29:57.945+0000] {logging_mixin.py:188} INFO - [2024-06-05T02:29:57.945+0000] {dag.py:3096} INFO - Sync 1 DAGs
[2024-06-05T02:29:57.968+0000] {logging_mixin.py:188} INFO - [2024-06-05T02:29:57.968+0000] {dag.py:3954} INFO - Setting next_dagrun for example_branch_dop_operator_v3 to 2024-06-05 02:28:00+00:00, run_after=2024-06-05 02:29:00+00:00
[2024-06-05T02:29:57.991+0000] {processor.py:183} INFO - Processing /home/ubuntu/endtoend_venv/lib/python3.12/site-packages/airflow/example_dags/example_branch_python_dop_operator_3.py took 0.081 seconds
[2024-06-05T02:31:00.935+0000] {processor.py:161} INFO - Started process (PID=15681) to work on /home/ubuntu/endtoend_venv/lib/python3.12/site-packages/airflow/example_dags/example_branch_python_dop_operator_3.py
[2024-06-05T02:31:00.937+0000] {processor.py:830} INFO - Processing file /home/ubuntu/endtoend_venv/lib/python3.12/site-packages/airflow/example_dags/example_branch_python_dop_operator_3.py for tasks to queue
[2024-06-05T02:31:00.939+0000] {logging_mixin.py:188} INFO - [2024-06-05T02:31:00.938+0000] {dagbag.py:545} INFO - Filling up the DagBag from /home/ubuntu/endtoend_venv/lib/python3.12/site-packages/airflow/example_dags/example_branch_python_dop_operator_3.py
[2024-06-05T02:31:00.948+0000] {processor.py:840} INFO - DAG(s) 'example_branch_dop_operator_v3' retrieved from /home/ubuntu/endtoend_venv/lib/python3.12/site-packages/airflow/example_dags/example_branch_python_dop_operator_3.py
[2024-06-05T02:31:00.964+0000] {logging_mixin.py:188} INFO - [2024-06-05T02:31:00.964+0000] {dag.py:3096} INFO - Sync 1 DAGs
[2024-06-05T02:31:00.986+0000] {logging_mixin.py:188} INFO - [2024-06-05T02:31:00.986+0000] {dag.py:3954} INFO - Setting next_dagrun for example_branch_dop_operator_v3 to 2024-06-05 02:30:00+00:00, run_after=2024-06-05 02:31:00+00:00
[2024-06-05T02:31:01.011+0000] {processor.py:183} INFO - Processing /home/ubuntu/endtoend_venv/lib/python3.12/site-packages/airflow/example_dags/example_branch_python_dop_operator_3.py took 0.081 seconds
[2024-06-05T02:32:06.496+0000] {processor.py:161} INFO - Started process (PID=15747) to work on /home/ubuntu/endtoend_venv/lib/python3.12/site-packages/airflow/example_dags/example_branch_python_dop_operator_3.py
[2024-06-05T02:32:06.497+0000] {processor.py:830} INFO - Processing file /home/ubuntu/endtoend_venv/lib/python3.12/site-packages/airflow/example_dags/example_branch_python_dop_operator_3.py for tasks to queue
[2024-06-05T02:32:06.499+0000] {logging_mixin.py:188} INFO - [2024-06-05T02:32:06.498+0000] {dagbag.py:545} INFO - Filling up the DagBag from /home/ubuntu/endtoend_venv/lib/python3.12/site-packages/airflow/example_dags/example_branch_python_dop_operator_3.py
[2024-06-05T02:32:06.508+0000] {processor.py:840} INFO - DAG(s) 'example_branch_dop_operator_v3' retrieved from /home/ubuntu/endtoend_venv/lib/python3.12/site-packages/airflow/example_dags/example_branch_python_dop_operator_3.py
[2024-06-05T02:32:06.525+0000] {logging_mixin.py:188} INFO - [2024-06-05T02:32:06.524+0000] {dag.py:3096} INFO - Sync 1 DAGs
[2024-06-05T02:32:06.548+0000] {logging_mixin.py:188} INFO - [2024-06-05T02:32:06.547+0000] {dag.py:3954} INFO - Setting next_dagrun for example_branch_dop_operator_v3 to 2024-06-05 02:31:00+00:00, run_after=2024-06-05 02:32:00+00:00
[2024-06-05T02:32:06.572+0000] {processor.py:183} INFO - Processing /home/ubuntu/endtoend_venv/lib/python3.12/site-packages/airflow/example_dags/example_branch_python_dop_operator_3.py took 0.082 seconds
[2024-06-05T02:33:08.076+0000] {processor.py:161} INFO - Started process (PID=15809) to work on /home/ubuntu/endtoend_venv/lib/python3.12/site-packages/airflow/example_dags/example_branch_python_dop_operator_3.py
[2024-06-05T02:33:08.077+0000] {processor.py:830} INFO - Processing file /home/ubuntu/endtoend_venv/lib/python3.12/site-packages/airflow/example_dags/example_branch_python_dop_operator_3.py for tasks to queue
[2024-06-05T02:33:08.079+0000] {logging_mixin.py:188} INFO - [2024-06-05T02:33:08.078+0000] {dagbag.py:545} INFO - Filling up the DagBag from /home/ubuntu/endtoend_venv/lib/python3.12/site-packages/airflow/example_dags/example_branch_python_dop_operator_3.py
[2024-06-05T02:33:08.088+0000] {processor.py:840} INFO - DAG(s) 'example_branch_dop_operator_v3' retrieved from /home/ubuntu/endtoend_venv/lib/python3.12/site-packages/airflow/example_dags/example_branch_python_dop_operator_3.py
[2024-06-05T02:33:08.105+0000] {logging_mixin.py:188} INFO - [2024-06-05T02:33:08.105+0000] {dag.py:3096} INFO - Sync 1 DAGs
[2024-06-05T02:33:08.129+0000] {logging_mixin.py:188} INFO - [2024-06-05T02:33:08.129+0000] {dag.py:3954} INFO - Setting next_dagrun for example_branch_dop_operator_v3 to 2024-06-05 02:32:00+00:00, run_after=2024-06-05 02:33:00+00:00
[2024-06-05T02:33:08.153+0000] {processor.py:183} INFO - Processing /home/ubuntu/endtoend_venv/lib/python3.12/site-packages/airflow/example_dags/example_branch_python_dop_operator_3.py took 0.083 seconds
[2024-06-05T02:34:11.970+0000] {processor.py:161} INFO - Started process (PID=15875) to work on /home/ubuntu/endtoend_venv/lib/python3.12/site-packages/airflow/example_dags/example_branch_python_dop_operator_3.py
[2024-06-05T02:34:11.972+0000] {processor.py:830} INFO - Processing file /home/ubuntu/endtoend_venv/lib/python3.12/site-packages/airflow/example_dags/example_branch_python_dop_operator_3.py for tasks to queue
[2024-06-05T02:34:11.973+0000] {logging_mixin.py:188} INFO - [2024-06-05T02:34:11.973+0000] {dagbag.py:545} INFO - Filling up the DagBag from /home/ubuntu/endtoend_venv/lib/python3.12/site-packages/airflow/example_dags/example_branch_python_dop_operator_3.py
[2024-06-05T02:34:11.983+0000] {processor.py:840} INFO - DAG(s) 'example_branch_dop_operator_v3' retrieved from /home/ubuntu/endtoend_venv/lib/python3.12/site-packages/airflow/example_dags/example_branch_python_dop_operator_3.py
[2024-06-05T02:34:12.000+0000] {logging_mixin.py:188} INFO - [2024-06-05T02:34:12.000+0000] {dag.py:3096} INFO - Sync 1 DAGs
[2024-06-05T02:34:12.024+0000] {logging_mixin.py:188} INFO - [2024-06-05T02:34:12.024+0000] {dag.py:3954} INFO - Setting next_dagrun for example_branch_dop_operator_v3 to 2024-06-05 02:33:00+00:00, run_after=2024-06-05 02:34:00+00:00
[2024-06-05T02:34:12.050+0000] {processor.py:183} INFO - Processing /home/ubuntu/endtoend_venv/lib/python3.12/site-packages/airflow/example_dags/example_branch_python_dop_operator_3.py took 0.086 seconds
