[2024-06-05T02:18:36.934+0000] {processor.py:161} INFO - Started process (PID=14932) to work on /home/ubuntu/endtoend_venv/lib/python3.12/site-packages/airflow/example_dags/example_params_ui_tutorial.py
[2024-06-05T02:18:36.935+0000] {processor.py:830} INFO - Processing file /home/ubuntu/endtoend_venv/lib/python3.12/site-packages/airflow/example_dags/example_params_ui_tutorial.py for tasks to queue
[2024-06-05T02:18:36.936+0000] {logging_mixin.py:188} INFO - [2024-06-05T02:18:36.936+0000] {dagbag.py:545} INFO - Filling up the DagBag from /home/ubuntu/endtoend_venv/lib/python3.12/site-packages/airflow/example_dags/example_params_ui_tutorial.py
[2024-06-05T02:18:36.949+0000] {processor.py:840} INFO - DAG(s) 'example_params_ui_tutorial' retrieved from /home/ubuntu/endtoend_venv/lib/python3.12/site-packages/airflow/example_dags/example_params_ui_tutorial.py
[2024-06-05T02:18:37.096+0000] {logging_mixin.py:188} INFO - [2024-06-05T02:18:37.095+0000] {override.py:1829} INFO - Created Permission View: can read on DAG:example_params_ui_tutorial
[2024-06-05T02:18:37.108+0000] {logging_mixin.py:188} INFO - [2024-06-05T02:18:37.108+0000] {override.py:1829} INFO - Created Permission View: can delete on DAG:example_params_ui_tutorial
[2024-06-05T02:18:37.117+0000] {logging_mixin.py:188} INFO - [2024-06-05T02:18:37.117+0000] {override.py:1829} INFO - Created Permission View: can edit on DAG:example_params_ui_tutorial
[2024-06-05T02:18:37.118+0000] {logging_mixin.py:188} INFO - [2024-06-05T02:18:37.117+0000] {dag.py:3096} INFO - Sync 1 DAGs
[2024-06-05T02:18:37.128+0000] {logging_mixin.py:188} INFO - [2024-06-05T02:18:37.128+0000] {dag.py:3118} INFO - Creating ORM DAG for example_params_ui_tutorial
[2024-06-05T02:18:37.128+0000] {logging_mixin.py:188} INFO - [2024-06-05T02:18:37.128+0000] {dag.py:3954} INFO - Setting next_dagrun for example_params_ui_tutorial to None, run_after=None
[2024-06-05T02:18:37.150+0000] {processor.py:183} INFO - Processing /home/ubuntu/endtoend_venv/lib/python3.12/site-packages/airflow/example_dags/example_params_ui_tutorial.py took 0.222 seconds
[2024-06-05T02:19:30.072+0000] {processor.py:161} INFO - Started process (PID=14983) to work on /home/ubuntu/endtoend_venv/lib/python3.12/site-packages/airflow/example_dags/example_params_ui_tutorial.py
[2024-06-05T02:19:30.073+0000] {processor.py:830} INFO - Processing file /home/ubuntu/endtoend_venv/lib/python3.12/site-packages/airflow/example_dags/example_params_ui_tutorial.py for tasks to queue
[2024-06-05T02:19:30.075+0000] {logging_mixin.py:188} INFO - [2024-06-05T02:19:30.075+0000] {dagbag.py:545} INFO - Filling up the DagBag from /home/ubuntu/endtoend_venv/lib/python3.12/site-packages/airflow/example_dags/example_params_ui_tutorial.py
[2024-06-05T02:19:30.088+0000] {processor.py:840} INFO - DAG(s) 'example_params_ui_tutorial' retrieved from /home/ubuntu/endtoend_venv/lib/python3.12/site-packages/airflow/example_dags/example_params_ui_tutorial.py
[2024-06-05T02:19:30.136+0000] {logging_mixin.py:188} INFO - [2024-06-05T02:19:30.136+0000] {dag.py:3096} INFO - Sync 1 DAGs
[2024-06-05T02:19:30.149+0000] {logging_mixin.py:188} INFO - [2024-06-05T02:19:30.149+0000] {dag.py:3954} INFO - Setting next_dagrun for example_params_ui_tutorial to None, run_after=None
[2024-06-05T02:19:30.172+0000] {processor.py:183} INFO - Processing /home/ubuntu/endtoend_venv/lib/python3.12/site-packages/airflow/example_dags/example_params_ui_tutorial.py took 0.106 seconds
[2024-06-05T02:20:19.282+0000] {processor.py:161} INFO - Started process (PID=15040) to work on /home/ubuntu/endtoend_venv/lib/python3.12/site-packages/airflow/example_dags/example_params_ui_tutorial.py
[2024-06-05T02:20:19.284+0000] {processor.py:830} INFO - Processing file /home/ubuntu/endtoend_venv/lib/python3.12/site-packages/airflow/example_dags/example_params_ui_tutorial.py for tasks to queue
[2024-06-05T02:20:19.285+0000] {logging_mixin.py:188} INFO - [2024-06-05T02:20:19.285+0000] {dagbag.py:545} INFO - Filling up the DagBag from /home/ubuntu/endtoend_venv/lib/python3.12/site-packages/airflow/example_dags/example_params_ui_tutorial.py
[2024-06-05T02:20:19.298+0000] {processor.py:840} INFO - DAG(s) 'example_params_ui_tutorial' retrieved from /home/ubuntu/endtoend_venv/lib/python3.12/site-packages/airflow/example_dags/example_params_ui_tutorial.py
[2024-06-05T02:20:19.345+0000] {logging_mixin.py:188} INFO - [2024-06-05T02:20:19.345+0000] {dag.py:3096} INFO - Sync 1 DAGs
[2024-06-05T02:20:19.358+0000] {logging_mixin.py:188} INFO - [2024-06-05T02:20:19.358+0000] {dag.py:3954} INFO - Setting next_dagrun for example_params_ui_tutorial to None, run_after=None
[2024-06-05T02:20:19.382+0000] {processor.py:183} INFO - Processing /home/ubuntu/endtoend_venv/lib/python3.12/site-packages/airflow/example_dags/example_params_ui_tutorial.py took 0.106 seconds
[2024-06-05T02:21:19.855+0000] {processor.py:161} INFO - Started process (PID=15103) to work on /home/ubuntu/endtoend_venv/lib/python3.12/site-packages/airflow/example_dags/example_params_ui_tutorial.py
[2024-06-05T02:21:19.857+0000] {processor.py:830} INFO - Processing file /home/ubuntu/endtoend_venv/lib/python3.12/site-packages/airflow/example_dags/example_params_ui_tutorial.py for tasks to queue
[2024-06-05T02:21:19.858+0000] {logging_mixin.py:188} INFO - [2024-06-05T02:21:19.858+0000] {dagbag.py:545} INFO - Filling up the DagBag from /home/ubuntu/endtoend_venv/lib/python3.12/site-packages/airflow/example_dags/example_params_ui_tutorial.py
[2024-06-05T02:21:19.871+0000] {processor.py:840} INFO - DAG(s) 'example_params_ui_tutorial' retrieved from /home/ubuntu/endtoend_venv/lib/python3.12/site-packages/airflow/example_dags/example_params_ui_tutorial.py
[2024-06-05T02:21:19.916+0000] {logging_mixin.py:188} INFO - [2024-06-05T02:21:19.916+0000] {dag.py:3096} INFO - Sync 1 DAGs
[2024-06-05T02:21:19.929+0000] {logging_mixin.py:188} INFO - [2024-06-05T02:21:19.928+0000] {dag.py:3954} INFO - Setting next_dagrun for example_params_ui_tutorial to None, run_after=None
[2024-06-05T02:21:19.952+0000] {processor.py:183} INFO - Processing /home/ubuntu/endtoend_venv/lib/python3.12/site-packages/airflow/example_dags/example_params_ui_tutorial.py took 0.103 seconds
[2024-06-05T02:22:16.176+0000] {processor.py:161} INFO - Started process (PID=15161) to work on /home/ubuntu/endtoend_venv/lib/python3.12/site-packages/airflow/example_dags/example_params_ui_tutorial.py
[2024-06-05T02:22:16.178+0000] {processor.py:830} INFO - Processing file /home/ubuntu/endtoend_venv/lib/python3.12/site-packages/airflow/example_dags/example_params_ui_tutorial.py for tasks to queue
[2024-06-05T02:22:16.179+0000] {logging_mixin.py:188} INFO - [2024-06-05T02:22:16.179+0000] {dagbag.py:545} INFO - Filling up the DagBag from /home/ubuntu/endtoend_venv/lib/python3.12/site-packages/airflow/example_dags/example_params_ui_tutorial.py
[2024-06-05T02:22:16.192+0000] {processor.py:840} INFO - DAG(s) 'example_params_ui_tutorial' retrieved from /home/ubuntu/endtoend_venv/lib/python3.12/site-packages/airflow/example_dags/example_params_ui_tutorial.py
[2024-06-05T02:22:16.236+0000] {logging_mixin.py:188} INFO - [2024-06-05T02:22:16.236+0000] {dag.py:3096} INFO - Sync 1 DAGs
[2024-06-05T02:22:16.248+0000] {logging_mixin.py:188} INFO - [2024-06-05T02:22:16.248+0000] {dag.py:3954} INFO - Setting next_dagrun for example_params_ui_tutorial to None, run_after=None
[2024-06-05T02:22:16.271+0000] {processor.py:183} INFO - Processing /home/ubuntu/endtoend_venv/lib/python3.12/site-packages/airflow/example_dags/example_params_ui_tutorial.py took 0.101 seconds
[2024-06-05T02:23:12.752+0000] {processor.py:161} INFO - Started process (PID=15221) to work on /home/ubuntu/endtoend_venv/lib/python3.12/site-packages/airflow/example_dags/example_params_ui_tutorial.py
[2024-06-05T02:23:12.754+0000] {processor.py:830} INFO - Processing file /home/ubuntu/endtoend_venv/lib/python3.12/site-packages/airflow/example_dags/example_params_ui_tutorial.py for tasks to queue
[2024-06-05T02:23:12.756+0000] {logging_mixin.py:188} INFO - [2024-06-05T02:23:12.755+0000] {dagbag.py:545} INFO - Filling up the DagBag from /home/ubuntu/endtoend_venv/lib/python3.12/site-packages/airflow/example_dags/example_params_ui_tutorial.py
[2024-06-05T02:23:12.768+0000] {processor.py:840} INFO - DAG(s) 'example_params_ui_tutorial' retrieved from /home/ubuntu/endtoend_venv/lib/python3.12/site-packages/airflow/example_dags/example_params_ui_tutorial.py
[2024-06-05T02:23:12.814+0000] {logging_mixin.py:188} INFO - [2024-06-05T02:23:12.813+0000] {dag.py:3096} INFO - Sync 1 DAGs
[2024-06-05T02:23:12.826+0000] {logging_mixin.py:188} INFO - [2024-06-05T02:23:12.826+0000] {dag.py:3954} INFO - Setting next_dagrun for example_params_ui_tutorial to None, run_after=None
[2024-06-05T02:23:12.848+0000] {processor.py:183} INFO - Processing /home/ubuntu/endtoend_venv/lib/python3.12/site-packages/airflow/example_dags/example_params_ui_tutorial.py took 0.102 seconds
[2024-06-05T02:25:42.648+0000] {processor.py:161} INFO - Started process (PID=15349) to work on /home/ubuntu/endtoend_venv/lib/python3.12/site-packages/airflow/example_dags/example_params_ui_tutorial.py
[2024-06-05T02:25:42.649+0000] {processor.py:830} INFO - Processing file /home/ubuntu/endtoend_venv/lib/python3.12/site-packages/airflow/example_dags/example_params_ui_tutorial.py for tasks to queue
[2024-06-05T02:25:42.651+0000] {logging_mixin.py:188} INFO - [2024-06-05T02:25:42.651+0000] {dagbag.py:545} INFO - Filling up the DagBag from /home/ubuntu/endtoend_venv/lib/python3.12/site-packages/airflow/example_dags/example_params_ui_tutorial.py
[2024-06-05T02:25:42.663+0000] {processor.py:840} INFO - DAG(s) 'example_params_ui_tutorial' retrieved from /home/ubuntu/endtoend_venv/lib/python3.12/site-packages/airflow/example_dags/example_params_ui_tutorial.py
[2024-06-05T02:25:42.795+0000] {logging_mixin.py:188} INFO - [2024-06-05T02:25:42.795+0000] {dag.py:3096} INFO - Sync 1 DAGs
[2024-06-05T02:25:42.805+0000] {logging_mixin.py:188} INFO - [2024-06-05T02:25:42.804+0000] {dag.py:3954} INFO - Setting next_dagrun for example_params_ui_tutorial to None, run_after=None
[2024-06-05T02:25:42.830+0000] {processor.py:183} INFO - Processing /home/ubuntu/endtoend_venv/lib/python3.12/site-packages/airflow/example_dags/example_params_ui_tutorial.py took 0.188 seconds
[2024-06-05T02:26:36.159+0000] {processor.py:161} INFO - Started process (PID=15401) to work on /home/ubuntu/endtoend_venv/lib/python3.12/site-packages/airflow/example_dags/example_params_ui_tutorial.py
[2024-06-05T02:26:36.160+0000] {processor.py:830} INFO - Processing file /home/ubuntu/endtoend_venv/lib/python3.12/site-packages/airflow/example_dags/example_params_ui_tutorial.py for tasks to queue
[2024-06-05T02:26:36.162+0000] {logging_mixin.py:188} INFO - [2024-06-05T02:26:36.162+0000] {dagbag.py:545} INFO - Filling up the DagBag from /home/ubuntu/endtoend_venv/lib/python3.12/site-packages/airflow/example_dags/example_params_ui_tutorial.py
[2024-06-05T02:26:36.175+0000] {processor.py:840} INFO - DAG(s) 'example_params_ui_tutorial' retrieved from /home/ubuntu/endtoend_venv/lib/python3.12/site-packages/airflow/example_dags/example_params_ui_tutorial.py
[2024-06-05T02:26:36.221+0000] {logging_mixin.py:188} INFO - [2024-06-05T02:26:36.221+0000] {dag.py:3096} INFO - Sync 1 DAGs
[2024-06-05T02:26:36.233+0000] {logging_mixin.py:188} INFO - [2024-06-05T02:26:36.233+0000] {dag.py:3954} INFO - Setting next_dagrun for example_params_ui_tutorial to None, run_after=None
[2024-06-05T02:26:36.256+0000] {processor.py:183} INFO - Processing /home/ubuntu/endtoend_venv/lib/python3.12/site-packages/airflow/example_dags/example_params_ui_tutorial.py took 0.103 seconds
[2024-06-05T02:27:24.863+0000] {processor.py:161} INFO - Started process (PID=15452) to work on /home/ubuntu/endtoend_venv/lib/python3.12/site-packages/airflow/example_dags/example_params_ui_tutorial.py
[2024-06-05T02:27:24.865+0000] {processor.py:830} INFO - Processing file /home/ubuntu/endtoend_venv/lib/python3.12/site-packages/airflow/example_dags/example_params_ui_tutorial.py for tasks to queue
[2024-06-05T02:27:24.866+0000] {logging_mixin.py:188} INFO - [2024-06-05T02:27:24.866+0000] {dagbag.py:545} INFO - Filling up the DagBag from /home/ubuntu/endtoend_venv/lib/python3.12/site-packages/airflow/example_dags/example_params_ui_tutorial.py
[2024-06-05T02:27:24.879+0000] {processor.py:840} INFO - DAG(s) 'example_params_ui_tutorial' retrieved from /home/ubuntu/endtoend_venv/lib/python3.12/site-packages/airflow/example_dags/example_params_ui_tutorial.py
[2024-06-05T02:27:24.924+0000] {logging_mixin.py:188} INFO - [2024-06-05T02:27:24.924+0000] {dag.py:3096} INFO - Sync 1 DAGs
[2024-06-05T02:27:24.937+0000] {logging_mixin.py:188} INFO - [2024-06-05T02:27:24.936+0000] {dag.py:3954} INFO - Setting next_dagrun for example_params_ui_tutorial to None, run_after=None
[2024-06-05T02:27:24.960+0000] {processor.py:183} INFO - Processing /home/ubuntu/endtoend_venv/lib/python3.12/site-packages/airflow/example_dags/example_params_ui_tutorial.py took 0.103 seconds
[2024-06-05T02:28:25.269+0000] {processor.py:161} INFO - Started process (PID=15513) to work on /home/ubuntu/endtoend_venv/lib/python3.12/site-packages/airflow/example_dags/example_params_ui_tutorial.py
[2024-06-05T02:28:25.271+0000] {processor.py:830} INFO - Processing file /home/ubuntu/endtoend_venv/lib/python3.12/site-packages/airflow/example_dags/example_params_ui_tutorial.py for tasks to queue
[2024-06-05T02:28:25.273+0000] {logging_mixin.py:188} INFO - [2024-06-05T02:28:25.272+0000] {dagbag.py:545} INFO - Filling up the DagBag from /home/ubuntu/endtoend_venv/lib/python3.12/site-packages/airflow/example_dags/example_params_ui_tutorial.py
[2024-06-05T02:28:25.285+0000] {processor.py:840} INFO - DAG(s) 'example_params_ui_tutorial' retrieved from /home/ubuntu/endtoend_venv/lib/python3.12/site-packages/airflow/example_dags/example_params_ui_tutorial.py
[2024-06-05T02:28:25.332+0000] {logging_mixin.py:188} INFO - [2024-06-05T02:28:25.332+0000] {dag.py:3096} INFO - Sync 1 DAGs
[2024-06-05T02:28:25.344+0000] {logging_mixin.py:188} INFO - [2024-06-05T02:28:25.344+0000] {dag.py:3954} INFO - Setting next_dagrun for example_params_ui_tutorial to None, run_after=None
[2024-06-05T02:28:25.368+0000] {processor.py:183} INFO - Processing /home/ubuntu/endtoend_venv/lib/python3.12/site-packages/airflow/example_dags/example_params_ui_tutorial.py took 0.105 seconds
[2024-06-05T02:29:10.985+0000] {processor.py:161} INFO - Started process (PID=15564) to work on /home/ubuntu/endtoend_venv/lib/python3.12/site-packages/airflow/example_dags/example_params_ui_tutorial.py
[2024-06-05T02:29:10.986+0000] {processor.py:830} INFO - Processing file /home/ubuntu/endtoend_venv/lib/python3.12/site-packages/airflow/example_dags/example_params_ui_tutorial.py for tasks to queue
[2024-06-05T02:29:10.988+0000] {logging_mixin.py:188} INFO - [2024-06-05T02:29:10.987+0000] {dagbag.py:545} INFO - Filling up the DagBag from /home/ubuntu/endtoend_venv/lib/python3.12/site-packages/airflow/example_dags/example_params_ui_tutorial.py
[2024-06-05T02:29:11.000+0000] {processor.py:840} INFO - DAG(s) 'example_params_ui_tutorial' retrieved from /home/ubuntu/endtoend_venv/lib/python3.12/site-packages/airflow/example_dags/example_params_ui_tutorial.py
[2024-06-05T02:29:11.046+0000] {logging_mixin.py:188} INFO - [2024-06-05T02:29:11.046+0000] {dag.py:3096} INFO - Sync 1 DAGs
[2024-06-05T02:29:11.059+0000] {logging_mixin.py:188} INFO - [2024-06-05T02:29:11.058+0000] {dag.py:3954} INFO - Setting next_dagrun for example_params_ui_tutorial to None, run_after=None
[2024-06-05T02:29:11.081+0000] {processor.py:183} INFO - Processing /home/ubuntu/endtoend_venv/lib/python3.12/site-packages/airflow/example_dags/example_params_ui_tutorial.py took 0.102 seconds
[2024-06-05T02:30:13.359+0000] {processor.py:161} INFO - Started process (PID=15632) to work on /home/ubuntu/endtoend_venv/lib/python3.12/site-packages/airflow/example_dags/example_params_ui_tutorial.py
[2024-06-05T02:30:13.360+0000] {processor.py:830} INFO - Processing file /home/ubuntu/endtoend_venv/lib/python3.12/site-packages/airflow/example_dags/example_params_ui_tutorial.py for tasks to queue
[2024-06-05T02:30:13.362+0000] {logging_mixin.py:188} INFO - [2024-06-05T02:30:13.361+0000] {dagbag.py:545} INFO - Filling up the DagBag from /home/ubuntu/endtoend_venv/lib/python3.12/site-packages/airflow/example_dags/example_params_ui_tutorial.py
[2024-06-05T02:30:13.375+0000] {processor.py:840} INFO - DAG(s) 'example_params_ui_tutorial' retrieved from /home/ubuntu/endtoend_venv/lib/python3.12/site-packages/airflow/example_dags/example_params_ui_tutorial.py
[2024-06-05T02:30:13.422+0000] {logging_mixin.py:188} INFO - [2024-06-05T02:30:13.422+0000] {dag.py:3096} INFO - Sync 1 DAGs
[2024-06-05T02:30:13.435+0000] {logging_mixin.py:188} INFO - [2024-06-05T02:30:13.435+0000] {dag.py:3954} INFO - Setting next_dagrun for example_params_ui_tutorial to None, run_after=None
[2024-06-05T02:30:13.459+0000] {processor.py:183} INFO - Processing /home/ubuntu/endtoend_venv/lib/python3.12/site-packages/airflow/example_dags/example_params_ui_tutorial.py took 0.106 seconds
[2024-06-05T02:31:16.273+0000] {processor.py:161} INFO - Started process (PID=15696) to work on /home/ubuntu/endtoend_venv/lib/python3.12/site-packages/airflow/example_dags/example_params_ui_tutorial.py
[2024-06-05T02:31:16.275+0000] {processor.py:830} INFO - Processing file /home/ubuntu/endtoend_venv/lib/python3.12/site-packages/airflow/example_dags/example_params_ui_tutorial.py for tasks to queue
[2024-06-05T02:31:16.277+0000] {logging_mixin.py:188} INFO - [2024-06-05T02:31:16.276+0000] {dagbag.py:545} INFO - Filling up the DagBag from /home/ubuntu/endtoend_venv/lib/python3.12/site-packages/airflow/example_dags/example_params_ui_tutorial.py
[2024-06-05T02:31:16.289+0000] {processor.py:840} INFO - DAG(s) 'example_params_ui_tutorial' retrieved from /home/ubuntu/endtoend_venv/lib/python3.12/site-packages/airflow/example_dags/example_params_ui_tutorial.py
[2024-06-05T02:31:16.335+0000] {logging_mixin.py:188} INFO - [2024-06-05T02:31:16.335+0000] {dag.py:3096} INFO - Sync 1 DAGs
[2024-06-05T02:31:16.347+0000] {logging_mixin.py:188} INFO - [2024-06-05T02:31:16.347+0000] {dag.py:3954} INFO - Setting next_dagrun for example_params_ui_tutorial to None, run_after=None
[2024-06-05T02:31:16.373+0000] {processor.py:183} INFO - Processing /home/ubuntu/endtoend_venv/lib/python3.12/site-packages/airflow/example_dags/example_params_ui_tutorial.py took 0.106 seconds
[2024-06-05T02:32:00.216+0000] {processor.py:161} INFO - Started process (PID=15741) to work on /home/ubuntu/endtoend_venv/lib/python3.12/site-packages/airflow/example_dags/example_params_ui_tutorial.py
[2024-06-05T02:32:00.217+0000] {processor.py:830} INFO - Processing file /home/ubuntu/endtoend_venv/lib/python3.12/site-packages/airflow/example_dags/example_params_ui_tutorial.py for tasks to queue
[2024-06-05T02:32:00.219+0000] {logging_mixin.py:188} INFO - [2024-06-05T02:32:00.219+0000] {dagbag.py:545} INFO - Filling up the DagBag from /home/ubuntu/endtoend_venv/lib/python3.12/site-packages/airflow/example_dags/example_params_ui_tutorial.py
[2024-06-05T02:32:00.232+0000] {processor.py:840} INFO - DAG(s) 'example_params_ui_tutorial' retrieved from /home/ubuntu/endtoend_venv/lib/python3.12/site-packages/airflow/example_dags/example_params_ui_tutorial.py
[2024-06-05T02:32:00.278+0000] {logging_mixin.py:188} INFO - [2024-06-05T02:32:00.278+0000] {dag.py:3096} INFO - Sync 1 DAGs
[2024-06-05T02:32:00.290+0000] {logging_mixin.py:188} INFO - [2024-06-05T02:32:00.290+0000] {dag.py:3954} INFO - Setting next_dagrun for example_params_ui_tutorial to None, run_after=None
[2024-06-05T02:32:00.312+0000] {processor.py:183} INFO - Processing /home/ubuntu/endtoend_venv/lib/python3.12/site-packages/airflow/example_dags/example_params_ui_tutorial.py took 0.102 seconds
[2024-06-05T02:33:01.299+0000] {processor.py:161} INFO - Started process (PID=15803) to work on /home/ubuntu/endtoend_venv/lib/python3.12/site-packages/airflow/example_dags/example_params_ui_tutorial.py
[2024-06-05T02:33:01.301+0000] {processor.py:830} INFO - Processing file /home/ubuntu/endtoend_venv/lib/python3.12/site-packages/airflow/example_dags/example_params_ui_tutorial.py for tasks to queue
[2024-06-05T02:33:01.303+0000] {logging_mixin.py:188} INFO - [2024-06-05T02:33:01.302+0000] {dagbag.py:545} INFO - Filling up the DagBag from /home/ubuntu/endtoend_venv/lib/python3.12/site-packages/airflow/example_dags/example_params_ui_tutorial.py
[2024-06-05T02:33:01.315+0000] {processor.py:840} INFO - DAG(s) 'example_params_ui_tutorial' retrieved from /home/ubuntu/endtoend_venv/lib/python3.12/site-packages/airflow/example_dags/example_params_ui_tutorial.py
[2024-06-05T02:33:01.362+0000] {logging_mixin.py:188} INFO - [2024-06-05T02:33:01.362+0000] {dag.py:3096} INFO - Sync 1 DAGs
[2024-06-05T02:33:01.374+0000] {logging_mixin.py:188} INFO - [2024-06-05T02:33:01.374+0000] {dag.py:3954} INFO - Setting next_dagrun for example_params_ui_tutorial to None, run_after=None
[2024-06-05T02:33:01.397+0000] {processor.py:183} INFO - Processing /home/ubuntu/endtoend_venv/lib/python3.12/site-packages/airflow/example_dags/example_params_ui_tutorial.py took 0.104 seconds
[2024-06-05T02:33:45.296+0000] {processor.py:161} INFO - Started process (PID=15846) to work on /home/ubuntu/endtoend_venv/lib/python3.12/site-packages/airflow/example_dags/example_params_ui_tutorial.py
[2024-06-05T02:33:45.298+0000] {processor.py:830} INFO - Processing file /home/ubuntu/endtoend_venv/lib/python3.12/site-packages/airflow/example_dags/example_params_ui_tutorial.py for tasks to queue
[2024-06-05T02:33:45.299+0000] {logging_mixin.py:188} INFO - [2024-06-05T02:33:45.299+0000] {dagbag.py:545} INFO - Filling up the DagBag from /home/ubuntu/endtoend_venv/lib/python3.12/site-packages/airflow/example_dags/example_params_ui_tutorial.py
[2024-06-05T02:33:45.312+0000] {processor.py:840} INFO - DAG(s) 'example_params_ui_tutorial' retrieved from /home/ubuntu/endtoend_venv/lib/python3.12/site-packages/airflow/example_dags/example_params_ui_tutorial.py
[2024-06-05T02:33:45.360+0000] {logging_mixin.py:188} INFO - [2024-06-05T02:33:45.360+0000] {dag.py:3096} INFO - Sync 1 DAGs
[2024-06-05T02:33:45.373+0000] {logging_mixin.py:188} INFO - [2024-06-05T02:33:45.372+0000] {dag.py:3954} INFO - Setting next_dagrun for example_params_ui_tutorial to None, run_after=None
[2024-06-05T02:33:45.395+0000] {processor.py:183} INFO - Processing /home/ubuntu/endtoend_venv/lib/python3.12/site-packages/airflow/example_dags/example_params_ui_tutorial.py took 0.105 seconds
[2024-06-05T02:34:43.871+0000] {processor.py:161} INFO - Started process (PID=15908) to work on /home/ubuntu/endtoend_venv/lib/python3.12/site-packages/airflow/example_dags/example_params_ui_tutorial.py
[2024-06-05T02:34:43.873+0000] {processor.py:830} INFO - Processing file /home/ubuntu/endtoend_venv/lib/python3.12/site-packages/airflow/example_dags/example_params_ui_tutorial.py for tasks to queue
[2024-06-05T02:34:43.874+0000] {logging_mixin.py:188} INFO - [2024-06-05T02:34:43.874+0000] {dagbag.py:545} INFO - Filling up the DagBag from /home/ubuntu/endtoend_venv/lib/python3.12/site-packages/airflow/example_dags/example_params_ui_tutorial.py
[2024-06-05T02:34:43.887+0000] {processor.py:840} INFO - DAG(s) 'example_params_ui_tutorial' retrieved from /home/ubuntu/endtoend_venv/lib/python3.12/site-packages/airflow/example_dags/example_params_ui_tutorial.py
[2024-06-05T02:34:43.933+0000] {logging_mixin.py:188} INFO - [2024-06-05T02:34:43.933+0000] {dag.py:3096} INFO - Sync 1 DAGs
[2024-06-05T02:34:43.946+0000] {logging_mixin.py:188} INFO - [2024-06-05T02:34:43.946+0000] {dag.py:3954} INFO - Setting next_dagrun for example_params_ui_tutorial to None, run_after=None
[2024-06-05T02:34:43.969+0000] {processor.py:183} INFO - Processing /home/ubuntu/endtoend_venv/lib/python3.12/site-packages/airflow/example_dags/example_params_ui_tutorial.py took 0.104 seconds
