[2024-06-05T02:18:39.510+0000] {processor.py:161} INFO - Started process (PID=14934) to work on /home/ubuntu/endtoend_venv/lib/python3.12/site-packages/airflow/example_dags/example_latest_only.py
[2024-06-05T02:18:39.511+0000] {processor.py:830} INFO - Processing file /home/ubuntu/endtoend_venv/lib/python3.12/site-packages/airflow/example_dags/example_latest_only.py for tasks to queue
[2024-06-05T02:18:39.513+0000] {logging_mixin.py:188} INFO - [2024-06-05T02:18:39.512+0000] {dagbag.py:545} INFO - Filling up the DagBag from /home/ubuntu/endtoend_venv/lib/python3.12/site-packages/airflow/example_dags/example_latest_only.py
[2024-06-05T02:18:39.518+0000] {processor.py:840} INFO - DAG(s) 'latest_only' retrieved from /home/ubuntu/endtoend_venv/lib/python3.12/site-packages/airflow/example_dags/example_latest_only.py
[2024-06-05T02:18:39.634+0000] {logging_mixin.py:188} INFO - [2024-06-05T02:18:39.634+0000] {override.py:1829} INFO - Created Permission View: can read on DAG:latest_only
[2024-06-05T02:18:39.650+0000] {logging_mixin.py:188} INFO - [2024-06-05T02:18:39.649+0000] {override.py:1829} INFO - Created Permission View: can delete on DAG:latest_only
[2024-06-05T02:18:39.659+0000] {logging_mixin.py:188} INFO - [2024-06-05T02:18:39.659+0000] {override.py:1829} INFO - Created Permission View: can edit on DAG:latest_only
[2024-06-05T02:18:39.660+0000] {logging_mixin.py:188} INFO - [2024-06-05T02:18:39.660+0000] {dag.py:3096} INFO - Sync 1 DAGs
[2024-06-05T02:18:39.671+0000] {logging_mixin.py:188} INFO - [2024-06-05T02:18:39.670+0000] {dag.py:3118} INFO - Creating ORM DAG for latest_only
[2024-06-05T02:18:39.680+0000] {logging_mixin.py:188} INFO - [2024-06-05T02:18:39.679+0000] {dag.py:3954} INFO - Setting next_dagrun for latest_only to 2024-06-04 20:00:00+00:00, run_after=2024-06-05 00:00:00+00:00
[2024-06-05T02:18:39.701+0000] {processor.py:183} INFO - Processing /home/ubuntu/endtoend_venv/lib/python3.12/site-packages/airflow/example_dags/example_latest_only.py took 0.196 seconds
[2024-06-05T02:19:32.443+0000] {processor.py:161} INFO - Started process (PID=14985) to work on /home/ubuntu/endtoend_venv/lib/python3.12/site-packages/airflow/example_dags/example_latest_only.py
[2024-06-05T02:19:32.444+0000] {processor.py:830} INFO - Processing file /home/ubuntu/endtoend_venv/lib/python3.12/site-packages/airflow/example_dags/example_latest_only.py for tasks to queue
[2024-06-05T02:19:32.446+0000] {logging_mixin.py:188} INFO - [2024-06-05T02:19:32.446+0000] {dagbag.py:545} INFO - Filling up the DagBag from /home/ubuntu/endtoend_venv/lib/python3.12/site-packages/airflow/example_dags/example_latest_only.py
[2024-06-05T02:19:32.451+0000] {processor.py:840} INFO - DAG(s) 'latest_only' retrieved from /home/ubuntu/endtoend_venv/lib/python3.12/site-packages/airflow/example_dags/example_latest_only.py
[2024-06-05T02:19:32.467+0000] {logging_mixin.py:188} INFO - [2024-06-05T02:19:32.467+0000] {dag.py:3096} INFO - Sync 1 DAGs
[2024-06-05T02:19:32.488+0000] {logging_mixin.py:188} INFO - [2024-06-05T02:19:32.487+0000] {dag.py:3954} INFO - Setting next_dagrun for latest_only to 2024-06-04 20:00:00+00:00, run_after=2024-06-05 00:00:00+00:00
[2024-06-05T02:19:32.510+0000] {processor.py:183} INFO - Processing /home/ubuntu/endtoend_venv/lib/python3.12/site-packages/airflow/example_dags/example_latest_only.py took 0.073 seconds
[2024-06-05T02:20:21.687+0000] {processor.py:161} INFO - Started process (PID=15042) to work on /home/ubuntu/endtoend_venv/lib/python3.12/site-packages/airflow/example_dags/example_latest_only.py
[2024-06-05T02:20:21.688+0000] {processor.py:830} INFO - Processing file /home/ubuntu/endtoend_venv/lib/python3.12/site-packages/airflow/example_dags/example_latest_only.py for tasks to queue
[2024-06-05T02:20:21.690+0000] {logging_mixin.py:188} INFO - [2024-06-05T02:20:21.690+0000] {dagbag.py:545} INFO - Filling up the DagBag from /home/ubuntu/endtoend_venv/lib/python3.12/site-packages/airflow/example_dags/example_latest_only.py
[2024-06-05T02:20:21.695+0000] {processor.py:840} INFO - DAG(s) 'latest_only' retrieved from /home/ubuntu/endtoend_venv/lib/python3.12/site-packages/airflow/example_dags/example_latest_only.py
[2024-06-05T02:20:21.712+0000] {logging_mixin.py:188} INFO - [2024-06-05T02:20:21.712+0000] {dag.py:3096} INFO - Sync 1 DAGs
[2024-06-05T02:20:21.735+0000] {logging_mixin.py:188} INFO - [2024-06-05T02:20:21.735+0000] {dag.py:3954} INFO - Setting next_dagrun for latest_only to 2024-06-04 20:00:00+00:00, run_after=2024-06-05 00:00:00+00:00
[2024-06-05T02:20:21.759+0000] {processor.py:183} INFO - Processing /home/ubuntu/endtoend_venv/lib/python3.12/site-packages/airflow/example_dags/example_latest_only.py took 0.078 seconds
[2024-06-05T02:21:22.240+0000] {processor.py:161} INFO - Started process (PID=15105) to work on /home/ubuntu/endtoend_venv/lib/python3.12/site-packages/airflow/example_dags/example_latest_only.py
[2024-06-05T02:21:22.242+0000] {processor.py:830} INFO - Processing file /home/ubuntu/endtoend_venv/lib/python3.12/site-packages/airflow/example_dags/example_latest_only.py for tasks to queue
[2024-06-05T02:21:22.244+0000] {logging_mixin.py:188} INFO - [2024-06-05T02:21:22.243+0000] {dagbag.py:545} INFO - Filling up the DagBag from /home/ubuntu/endtoend_venv/lib/python3.12/site-packages/airflow/example_dags/example_latest_only.py
[2024-06-05T02:21:22.249+0000] {processor.py:840} INFO - DAG(s) 'latest_only' retrieved from /home/ubuntu/endtoend_venv/lib/python3.12/site-packages/airflow/example_dags/example_latest_only.py
[2024-06-05T02:21:22.266+0000] {logging_mixin.py:188} INFO - [2024-06-05T02:21:22.265+0000] {dag.py:3096} INFO - Sync 1 DAGs
[2024-06-05T02:21:22.286+0000] {logging_mixin.py:188} INFO - [2024-06-05T02:21:22.286+0000] {dag.py:3954} INFO - Setting next_dagrun for latest_only to 2024-06-04 20:00:00+00:00, run_after=2024-06-05 00:00:00+00:00
[2024-06-05T02:21:22.310+0000] {processor.py:183} INFO - Processing /home/ubuntu/endtoend_venv/lib/python3.12/site-packages/airflow/example_dags/example_latest_only.py took 0.075 seconds
[2024-06-05T02:22:17.901+0000] {processor.py:161} INFO - Started process (PID=15163) to work on /home/ubuntu/endtoend_venv/lib/python3.12/site-packages/airflow/example_dags/example_latest_only.py
[2024-06-05T02:22:17.902+0000] {processor.py:830} INFO - Processing file /home/ubuntu/endtoend_venv/lib/python3.12/site-packages/airflow/example_dags/example_latest_only.py for tasks to queue
[2024-06-05T02:22:17.904+0000] {logging_mixin.py:188} INFO - [2024-06-05T02:22:17.904+0000] {dagbag.py:545} INFO - Filling up the DagBag from /home/ubuntu/endtoend_venv/lib/python3.12/site-packages/airflow/example_dags/example_latest_only.py
[2024-06-05T02:22:17.909+0000] {processor.py:840} INFO - DAG(s) 'latest_only' retrieved from /home/ubuntu/endtoend_venv/lib/python3.12/site-packages/airflow/example_dags/example_latest_only.py
[2024-06-05T02:22:17.926+0000] {logging_mixin.py:188} INFO - [2024-06-05T02:22:17.925+0000] {dag.py:3096} INFO - Sync 1 DAGs
[2024-06-05T02:22:17.946+0000] {logging_mixin.py:188} INFO - [2024-06-05T02:22:17.946+0000] {dag.py:3954} INFO - Setting next_dagrun for latest_only to 2024-06-04 20:00:00+00:00, run_after=2024-06-05 00:00:00+00:00
[2024-06-05T02:22:17.968+0000] {processor.py:183} INFO - Processing /home/ubuntu/endtoend_venv/lib/python3.12/site-packages/airflow/example_dags/example_latest_only.py took 0.073 seconds
[2024-06-05T02:23:14.478+0000] {processor.py:161} INFO - Started process (PID=15223) to work on /home/ubuntu/endtoend_venv/lib/python3.12/site-packages/airflow/example_dags/example_latest_only.py
[2024-06-05T02:23:14.479+0000] {processor.py:830} INFO - Processing file /home/ubuntu/endtoend_venv/lib/python3.12/site-packages/airflow/example_dags/example_latest_only.py for tasks to queue
[2024-06-05T02:23:14.481+0000] {logging_mixin.py:188} INFO - [2024-06-05T02:23:14.481+0000] {dagbag.py:545} INFO - Filling up the DagBag from /home/ubuntu/endtoend_venv/lib/python3.12/site-packages/airflow/example_dags/example_latest_only.py
[2024-06-05T02:23:14.486+0000] {processor.py:840} INFO - DAG(s) 'latest_only' retrieved from /home/ubuntu/endtoend_venv/lib/python3.12/site-packages/airflow/example_dags/example_latest_only.py
[2024-06-05T02:23:14.503+0000] {logging_mixin.py:188} INFO - [2024-06-05T02:23:14.502+0000] {dag.py:3096} INFO - Sync 1 DAGs
[2024-06-05T02:23:14.523+0000] {logging_mixin.py:188} INFO - [2024-06-05T02:23:14.523+0000] {dag.py:3954} INFO - Setting next_dagrun for latest_only to 2024-06-04 20:00:00+00:00, run_after=2024-06-05 00:00:00+00:00
[2024-06-05T02:23:14.546+0000] {processor.py:183} INFO - Processing /home/ubuntu/endtoend_venv/lib/python3.12/site-packages/airflow/example_dags/example_latest_only.py took 0.074 seconds
[2024-06-05T02:25:45.121+0000] {processor.py:161} INFO - Started process (PID=15351) to work on /home/ubuntu/endtoend_venv/lib/python3.12/site-packages/airflow/example_dags/example_latest_only.py
[2024-06-05T02:25:45.122+0000] {processor.py:830} INFO - Processing file /home/ubuntu/endtoend_venv/lib/python3.12/site-packages/airflow/example_dags/example_latest_only.py for tasks to queue
[2024-06-05T02:25:45.124+0000] {logging_mixin.py:188} INFO - [2024-06-05T02:25:45.124+0000] {dagbag.py:545} INFO - Filling up the DagBag from /home/ubuntu/endtoend_venv/lib/python3.12/site-packages/airflow/example_dags/example_latest_only.py
[2024-06-05T02:25:45.129+0000] {processor.py:840} INFO - DAG(s) 'latest_only' retrieved from /home/ubuntu/endtoend_venv/lib/python3.12/site-packages/airflow/example_dags/example_latest_only.py
[2024-06-05T02:25:45.232+0000] {logging_mixin.py:188} INFO - [2024-06-05T02:25:45.232+0000] {dag.py:3096} INFO - Sync 1 DAGs
[2024-06-05T02:25:45.249+0000] {logging_mixin.py:188} INFO - [2024-06-05T02:25:45.249+0000] {dag.py:3954} INFO - Setting next_dagrun for latest_only to 2024-06-04 20:00:00+00:00, run_after=2024-06-05 00:00:00+00:00
[2024-06-05T02:25:45.271+0000] {processor.py:183} INFO - Processing /home/ubuntu/endtoend_venv/lib/python3.12/site-packages/airflow/example_dags/example_latest_only.py took 0.156 seconds
[2024-06-05T02:26:38.279+0000] {processor.py:161} INFO - Started process (PID=15403) to work on /home/ubuntu/endtoend_venv/lib/python3.12/site-packages/airflow/example_dags/example_latest_only.py
[2024-06-05T02:26:38.281+0000] {processor.py:830} INFO - Processing file /home/ubuntu/endtoend_venv/lib/python3.12/site-packages/airflow/example_dags/example_latest_only.py for tasks to queue
[2024-06-05T02:26:38.282+0000] {logging_mixin.py:188} INFO - [2024-06-05T02:26:38.282+0000] {dagbag.py:545} INFO - Filling up the DagBag from /home/ubuntu/endtoend_venv/lib/python3.12/site-packages/airflow/example_dags/example_latest_only.py
[2024-06-05T02:26:38.287+0000] {processor.py:840} INFO - DAG(s) 'latest_only' retrieved from /home/ubuntu/endtoend_venv/lib/python3.12/site-packages/airflow/example_dags/example_latest_only.py
[2024-06-05T02:26:38.304+0000] {logging_mixin.py:188} INFO - [2024-06-05T02:26:38.304+0000] {dag.py:3096} INFO - Sync 1 DAGs
[2024-06-05T02:26:38.324+0000] {logging_mixin.py:188} INFO - [2024-06-05T02:26:38.324+0000] {dag.py:3954} INFO - Setting next_dagrun for latest_only to 2024-06-04 20:00:00+00:00, run_after=2024-06-05 00:00:00+00:00
[2024-06-05T02:26:38.348+0000] {processor.py:183} INFO - Processing /home/ubuntu/endtoend_venv/lib/python3.12/site-packages/airflow/example_dags/example_latest_only.py took 0.074 seconds
[2024-06-05T02:27:26.520+0000] {processor.py:161} INFO - Started process (PID=15454) to work on /home/ubuntu/endtoend_venv/lib/python3.12/site-packages/airflow/example_dags/example_latest_only.py
[2024-06-05T02:27:26.522+0000] {processor.py:830} INFO - Processing file /home/ubuntu/endtoend_venv/lib/python3.12/site-packages/airflow/example_dags/example_latest_only.py for tasks to queue
[2024-06-05T02:27:26.524+0000] {logging_mixin.py:188} INFO - [2024-06-05T02:27:26.523+0000] {dagbag.py:545} INFO - Filling up the DagBag from /home/ubuntu/endtoend_venv/lib/python3.12/site-packages/airflow/example_dags/example_latest_only.py
[2024-06-05T02:27:26.529+0000] {processor.py:840} INFO - DAG(s) 'latest_only' retrieved from /home/ubuntu/endtoend_venv/lib/python3.12/site-packages/airflow/example_dags/example_latest_only.py
[2024-06-05T02:27:26.545+0000] {logging_mixin.py:188} INFO - [2024-06-05T02:27:26.545+0000] {dag.py:3096} INFO - Sync 1 DAGs
[2024-06-05T02:27:26.566+0000] {logging_mixin.py:188} INFO - [2024-06-05T02:27:26.566+0000] {dag.py:3954} INFO - Setting next_dagrun for latest_only to 2024-06-04 20:00:00+00:00, run_after=2024-06-05 00:00:00+00:00
[2024-06-05T02:27:26.590+0000] {processor.py:183} INFO - Processing /home/ubuntu/endtoend_venv/lib/python3.12/site-packages/airflow/example_dags/example_latest_only.py took 0.076 seconds
[2024-06-05T02:28:26.994+0000] {processor.py:161} INFO - Started process (PID=15515) to work on /home/ubuntu/endtoend_venv/lib/python3.12/site-packages/airflow/example_dags/example_latest_only.py
[2024-06-05T02:28:26.996+0000] {processor.py:830} INFO - Processing file /home/ubuntu/endtoend_venv/lib/python3.12/site-packages/airflow/example_dags/example_latest_only.py for tasks to queue
[2024-06-05T02:28:26.998+0000] {logging_mixin.py:188} INFO - [2024-06-05T02:28:26.997+0000] {dagbag.py:545} INFO - Filling up the DagBag from /home/ubuntu/endtoend_venv/lib/python3.12/site-packages/airflow/example_dags/example_latest_only.py
[2024-06-05T02:28:27.003+0000] {processor.py:840} INFO - DAG(s) 'latest_only' retrieved from /home/ubuntu/endtoend_venv/lib/python3.12/site-packages/airflow/example_dags/example_latest_only.py
[2024-06-05T02:28:27.019+0000] {logging_mixin.py:188} INFO - [2024-06-05T02:28:27.019+0000] {dag.py:3096} INFO - Sync 1 DAGs
[2024-06-05T02:28:27.039+0000] {logging_mixin.py:188} INFO - [2024-06-05T02:28:27.038+0000] {dag.py:3954} INFO - Setting next_dagrun for latest_only to 2024-06-04 20:00:00+00:00, run_after=2024-06-05 00:00:00+00:00
[2024-06-05T02:28:27.062+0000] {processor.py:183} INFO - Processing /home/ubuntu/endtoend_venv/lib/python3.12/site-packages/airflow/example_dags/example_latest_only.py took 0.074 seconds
[2024-06-05T02:29:13.259+0000] {processor.py:161} INFO - Started process (PID=15566) to work on /home/ubuntu/endtoend_venv/lib/python3.12/site-packages/airflow/example_dags/example_latest_only.py
[2024-06-05T02:29:13.260+0000] {processor.py:830} INFO - Processing file /home/ubuntu/endtoend_venv/lib/python3.12/site-packages/airflow/example_dags/example_latest_only.py for tasks to queue
[2024-06-05T02:29:13.262+0000] {logging_mixin.py:188} INFO - [2024-06-05T02:29:13.262+0000] {dagbag.py:545} INFO - Filling up the DagBag from /home/ubuntu/endtoend_venv/lib/python3.12/site-packages/airflow/example_dags/example_latest_only.py
[2024-06-05T02:29:13.267+0000] {processor.py:840} INFO - DAG(s) 'latest_only' retrieved from /home/ubuntu/endtoend_venv/lib/python3.12/site-packages/airflow/example_dags/example_latest_only.py
[2024-06-05T02:29:13.284+0000] {logging_mixin.py:188} INFO - [2024-06-05T02:29:13.283+0000] {dag.py:3096} INFO - Sync 1 DAGs
[2024-06-05T02:29:13.304+0000] {logging_mixin.py:188} INFO - [2024-06-05T02:29:13.304+0000] {dag.py:3954} INFO - Setting next_dagrun for latest_only to 2024-06-04 20:00:00+00:00, run_after=2024-06-05 00:00:00+00:00
[2024-06-05T02:29:13.330+0000] {processor.py:183} INFO - Processing /home/ubuntu/endtoend_venv/lib/python3.12/site-packages/airflow/example_dags/example_latest_only.py took 0.077 seconds
[2024-06-05T02:30:15.083+0000] {processor.py:161} INFO - Started process (PID=15634) to work on /home/ubuntu/endtoend_venv/lib/python3.12/site-packages/airflow/example_dags/example_latest_only.py
[2024-06-05T02:30:15.085+0000] {processor.py:830} INFO - Processing file /home/ubuntu/endtoend_venv/lib/python3.12/site-packages/airflow/example_dags/example_latest_only.py for tasks to queue
[2024-06-05T02:30:15.086+0000] {logging_mixin.py:188} INFO - [2024-06-05T02:30:15.086+0000] {dagbag.py:545} INFO - Filling up the DagBag from /home/ubuntu/endtoend_venv/lib/python3.12/site-packages/airflow/example_dags/example_latest_only.py
[2024-06-05T02:30:15.091+0000] {processor.py:840} INFO - DAG(s) 'latest_only' retrieved from /home/ubuntu/endtoend_venv/lib/python3.12/site-packages/airflow/example_dags/example_latest_only.py
[2024-06-05T02:30:15.108+0000] {logging_mixin.py:188} INFO - [2024-06-05T02:30:15.108+0000] {dag.py:3096} INFO - Sync 1 DAGs
[2024-06-05T02:30:15.128+0000] {logging_mixin.py:188} INFO - [2024-06-05T02:30:15.127+0000] {dag.py:3954} INFO - Setting next_dagrun for latest_only to 2024-06-04 20:00:00+00:00, run_after=2024-06-05 00:00:00+00:00
[2024-06-05T02:30:15.151+0000] {processor.py:183} INFO - Processing /home/ubuntu/endtoend_venv/lib/python3.12/site-packages/airflow/example_dags/example_latest_only.py took 0.073 seconds
[2024-06-05T02:31:17.942+0000] {processor.py:161} INFO - Started process (PID=15698) to work on /home/ubuntu/endtoend_venv/lib/python3.12/site-packages/airflow/example_dags/example_latest_only.py
[2024-06-05T02:31:17.944+0000] {processor.py:830} INFO - Processing file /home/ubuntu/endtoend_venv/lib/python3.12/site-packages/airflow/example_dags/example_latest_only.py for tasks to queue
[2024-06-05T02:31:17.946+0000] {logging_mixin.py:188} INFO - [2024-06-05T02:31:17.945+0000] {dagbag.py:545} INFO - Filling up the DagBag from /home/ubuntu/endtoend_venv/lib/python3.12/site-packages/airflow/example_dags/example_latest_only.py
[2024-06-05T02:31:17.951+0000] {processor.py:840} INFO - DAG(s) 'latest_only' retrieved from /home/ubuntu/endtoend_venv/lib/python3.12/site-packages/airflow/example_dags/example_latest_only.py
[2024-06-05T02:31:17.967+0000] {logging_mixin.py:188} INFO - [2024-06-05T02:31:17.967+0000] {dag.py:3096} INFO - Sync 1 DAGs
[2024-06-05T02:31:17.987+0000] {logging_mixin.py:188} INFO - [2024-06-05T02:31:17.987+0000] {dag.py:3954} INFO - Setting next_dagrun for latest_only to 2024-06-04 20:00:00+00:00, run_after=2024-06-05 00:00:00+00:00
[2024-06-05T02:31:18.011+0000] {processor.py:183} INFO - Processing /home/ubuntu/endtoend_venv/lib/python3.12/site-packages/airflow/example_dags/example_latest_only.py took 0.074 seconds
[2024-06-05T02:32:20.744+0000] {processor.py:161} INFO - Started process (PID=15762) to work on /home/ubuntu/endtoend_venv/lib/python3.12/site-packages/airflow/example_dags/example_latest_only.py
[2024-06-05T02:32:20.745+0000] {processor.py:830} INFO - Processing file /home/ubuntu/endtoend_venv/lib/python3.12/site-packages/airflow/example_dags/example_latest_only.py for tasks to queue
[2024-06-05T02:32:20.747+0000] {logging_mixin.py:188} INFO - [2024-06-05T02:32:20.747+0000] {dagbag.py:545} INFO - Filling up the DagBag from /home/ubuntu/endtoend_venv/lib/python3.12/site-packages/airflow/example_dags/example_latest_only.py
[2024-06-05T02:32:20.752+0000] {processor.py:840} INFO - DAG(s) 'latest_only' retrieved from /home/ubuntu/endtoend_venv/lib/python3.12/site-packages/airflow/example_dags/example_latest_only.py
[2024-06-05T02:32:20.769+0000] {logging_mixin.py:188} INFO - [2024-06-05T02:32:20.769+0000] {dag.py:3096} INFO - Sync 1 DAGs
[2024-06-05T02:32:20.790+0000] {logging_mixin.py:188} INFO - [2024-06-05T02:32:20.789+0000] {dag.py:3954} INFO - Setting next_dagrun for latest_only to 2024-06-04 20:00:00+00:00, run_after=2024-06-05 00:00:00+00:00
[2024-06-05T02:32:20.813+0000] {processor.py:183} INFO - Processing /home/ubuntu/endtoend_venv/lib/python3.12/site-packages/airflow/example_dags/example_latest_only.py took 0.076 seconds
[2024-06-05T02:33:25.014+0000] {processor.py:161} INFO - Started process (PID=15826) to work on /home/ubuntu/endtoend_venv/lib/python3.12/site-packages/airflow/example_dags/example_latest_only.py
[2024-06-05T02:33:25.016+0000] {processor.py:830} INFO - Processing file /home/ubuntu/endtoend_venv/lib/python3.12/site-packages/airflow/example_dags/example_latest_only.py for tasks to queue
[2024-06-05T02:33:25.018+0000] {logging_mixin.py:188} INFO - [2024-06-05T02:33:25.017+0000] {dagbag.py:545} INFO - Filling up the DagBag from /home/ubuntu/endtoend_venv/lib/python3.12/site-packages/airflow/example_dags/example_latest_only.py
[2024-06-05T02:33:25.023+0000] {processor.py:840} INFO - DAG(s) 'latest_only' retrieved from /home/ubuntu/endtoend_venv/lib/python3.12/site-packages/airflow/example_dags/example_latest_only.py
[2024-06-05T02:33:25.039+0000] {logging_mixin.py:188} INFO - [2024-06-05T02:33:25.039+0000] {dag.py:3096} INFO - Sync 1 DAGs
[2024-06-05T02:33:25.059+0000] {logging_mixin.py:188} INFO - [2024-06-05T02:33:25.058+0000] {dag.py:3954} INFO - Setting next_dagrun for latest_only to 2024-06-04 20:00:00+00:00, run_after=2024-06-05 00:00:00+00:00
[2024-06-05T02:33:25.082+0000] {processor.py:183} INFO - Processing /home/ubuntu/endtoend_venv/lib/python3.12/site-packages/airflow/example_dags/example_latest_only.py took 0.074 seconds
[2024-06-05T02:34:25.950+0000] {processor.py:161} INFO - Started process (PID=15890) to work on /home/ubuntu/endtoend_venv/lib/python3.12/site-packages/airflow/example_dags/example_latest_only.py
[2024-06-05T02:34:25.951+0000] {processor.py:830} INFO - Processing file /home/ubuntu/endtoend_venv/lib/python3.12/site-packages/airflow/example_dags/example_latest_only.py for tasks to queue
[2024-06-05T02:34:25.954+0000] {logging_mixin.py:188} INFO - [2024-06-05T02:34:25.953+0000] {dagbag.py:545} INFO - Filling up the DagBag from /home/ubuntu/endtoend_venv/lib/python3.12/site-packages/airflow/example_dags/example_latest_only.py
[2024-06-05T02:34:25.959+0000] {processor.py:840} INFO - DAG(s) 'latest_only' retrieved from /home/ubuntu/endtoend_venv/lib/python3.12/site-packages/airflow/example_dags/example_latest_only.py
[2024-06-05T02:34:25.976+0000] {logging_mixin.py:188} INFO - [2024-06-05T02:34:25.975+0000] {dag.py:3096} INFO - Sync 1 DAGs
[2024-06-05T02:34:25.997+0000] {logging_mixin.py:188} INFO - [2024-06-05T02:34:25.996+0000] {dag.py:3954} INFO - Setting next_dagrun for latest_only to 2024-06-04 20:00:00+00:00, run_after=2024-06-05 00:00:00+00:00
[2024-06-05T02:34:26.025+0000] {processor.py:183} INFO - Processing /home/ubuntu/endtoend_venv/lib/python3.12/site-packages/airflow/example_dags/example_latest_only.py took 0.081 seconds
