[2024-06-05T02:18:32.921+0000] {processor.py:161} INFO - Started process (PID=14928) to work on /home/ubuntu/endtoend_venv/lib/python3.12/site-packages/airflow/example_dags/example_setup_teardown.py
[2024-06-05T02:18:32.922+0000] {processor.py:830} INFO - Processing file /home/ubuntu/endtoend_venv/lib/python3.12/site-packages/airflow/example_dags/example_setup_teardown.py for tasks to queue
[2024-06-05T02:18:32.924+0000] {logging_mixin.py:188} INFO - [2024-06-05T02:18:32.923+0000] {dagbag.py:545} INFO - Filling up the DagBag from /home/ubuntu/endtoend_venv/lib/python3.12/site-packages/airflow/example_dags/example_setup_teardown.py
[2024-06-05T02:18:32.931+0000] {processor.py:840} INFO - DAG(s) 'example_setup_teardown' retrieved from /home/ubuntu/endtoend_venv/lib/python3.12/site-packages/airflow/example_dags/example_setup_teardown.py
[2024-06-05T02:18:33.050+0000] {logging_mixin.py:188} INFO - [2024-06-05T02:18:33.049+0000] {override.py:1829} INFO - Created Permission View: can read on DAG:example_setup_teardown
[2024-06-05T02:18:33.063+0000] {logging_mixin.py:188} INFO - [2024-06-05T02:18:33.062+0000] {override.py:1829} INFO - Created Permission View: can delete on DAG:example_setup_teardown
[2024-06-05T02:18:33.072+0000] {logging_mixin.py:188} INFO - [2024-06-05T02:18:33.072+0000] {override.py:1829} INFO - Created Permission View: can edit on DAG:example_setup_teardown
[2024-06-05T02:18:33.072+0000] {logging_mixin.py:188} INFO - [2024-06-05T02:18:33.072+0000] {dag.py:3096} INFO - Sync 1 DAGs
[2024-06-05T02:18:33.084+0000] {logging_mixin.py:188} INFO - [2024-06-05T02:18:33.083+0000] {dag.py:3118} INFO - Creating ORM DAG for example_setup_teardown
[2024-06-05T02:18:33.093+0000] {logging_mixin.py:188} INFO - [2024-06-05T02:18:33.093+0000] {dag.py:3954} INFO - Setting next_dagrun for example_setup_teardown to 2024-06-04 00:00:00+00:00, run_after=2024-06-05 00:00:00+00:00
[2024-06-05T02:18:33.115+0000] {processor.py:183} INFO - Processing /home/ubuntu/endtoend_venv/lib/python3.12/site-packages/airflow/example_dags/example_setup_teardown.py took 0.200 seconds
[2024-06-05T02:19:26.060+0000] {processor.py:161} INFO - Started process (PID=14979) to work on /home/ubuntu/endtoend_venv/lib/python3.12/site-packages/airflow/example_dags/example_setup_teardown.py
[2024-06-05T02:19:26.062+0000] {processor.py:830} INFO - Processing file /home/ubuntu/endtoend_venv/lib/python3.12/site-packages/airflow/example_dags/example_setup_teardown.py for tasks to queue
[2024-06-05T02:19:26.064+0000] {logging_mixin.py:188} INFO - [2024-06-05T02:19:26.063+0000] {dagbag.py:545} INFO - Filling up the DagBag from /home/ubuntu/endtoend_venv/lib/python3.12/site-packages/airflow/example_dags/example_setup_teardown.py
[2024-06-05T02:19:26.071+0000] {processor.py:840} INFO - DAG(s) 'example_setup_teardown' retrieved from /home/ubuntu/endtoend_venv/lib/python3.12/site-packages/airflow/example_dags/example_setup_teardown.py
[2024-06-05T02:19:26.087+0000] {logging_mixin.py:188} INFO - [2024-06-05T02:19:26.087+0000] {dag.py:3096} INFO - Sync 1 DAGs
[2024-06-05T02:19:26.108+0000] {logging_mixin.py:188} INFO - [2024-06-05T02:19:26.107+0000] {dag.py:3954} INFO - Setting next_dagrun for example_setup_teardown to 2024-06-04 00:00:00+00:00, run_after=2024-06-05 00:00:00+00:00
[2024-06-05T02:19:26.130+0000] {processor.py:183} INFO - Processing /home/ubuntu/endtoend_venv/lib/python3.12/site-packages/airflow/example_dags/example_setup_teardown.py took 0.076 seconds
[2024-06-05T02:20:16.417+0000] {processor.py:161} INFO - Started process (PID=15036) to work on /home/ubuntu/endtoend_venv/lib/python3.12/site-packages/airflow/example_dags/example_setup_teardown.py
[2024-06-05T02:20:16.419+0000] {processor.py:830} INFO - Processing file /home/ubuntu/endtoend_venv/lib/python3.12/site-packages/airflow/example_dags/example_setup_teardown.py for tasks to queue
[2024-06-05T02:20:16.420+0000] {logging_mixin.py:188} INFO - [2024-06-05T02:20:16.420+0000] {dagbag.py:545} INFO - Filling up the DagBag from /home/ubuntu/endtoend_venv/lib/python3.12/site-packages/airflow/example_dags/example_setup_teardown.py
[2024-06-05T02:20:16.428+0000] {processor.py:840} INFO - DAG(s) 'example_setup_teardown' retrieved from /home/ubuntu/endtoend_venv/lib/python3.12/site-packages/airflow/example_dags/example_setup_teardown.py
[2024-06-05T02:20:16.446+0000] {logging_mixin.py:188} INFO - [2024-06-05T02:20:16.445+0000] {dag.py:3096} INFO - Sync 1 DAGs
[2024-06-05T02:20:16.466+0000] {logging_mixin.py:188} INFO - [2024-06-05T02:20:16.466+0000] {dag.py:3954} INFO - Setting next_dagrun for example_setup_teardown to 2024-06-04 00:00:00+00:00, run_after=2024-06-05 00:00:00+00:00
[2024-06-05T02:20:16.491+0000] {processor.py:183} INFO - Processing /home/ubuntu/endtoend_venv/lib/python3.12/site-packages/airflow/example_dags/example_setup_teardown.py took 0.080 seconds
[2024-06-05T02:21:01.669+0000] {processor.py:161} INFO - Started process (PID=15083) to work on /home/ubuntu/endtoend_venv/lib/python3.12/site-packages/airflow/example_dags/example_setup_teardown.py
[2024-06-05T02:21:01.671+0000] {processor.py:830} INFO - Processing file /home/ubuntu/endtoend_venv/lib/python3.12/site-packages/airflow/example_dags/example_setup_teardown.py for tasks to queue
[2024-06-05T02:21:01.673+0000] {logging_mixin.py:188} INFO - [2024-06-05T02:21:01.672+0000] {dagbag.py:545} INFO - Filling up the DagBag from /home/ubuntu/endtoend_venv/lib/python3.12/site-packages/airflow/example_dags/example_setup_teardown.py
[2024-06-05T02:21:01.680+0000] {processor.py:840} INFO - DAG(s) 'example_setup_teardown' retrieved from /home/ubuntu/endtoend_venv/lib/python3.12/site-packages/airflow/example_dags/example_setup_teardown.py
[2024-06-05T02:21:01.698+0000] {logging_mixin.py:188} INFO - [2024-06-05T02:21:01.698+0000] {dag.py:3096} INFO - Sync 1 DAGs
[2024-06-05T02:21:01.720+0000] {logging_mixin.py:188} INFO - [2024-06-05T02:21:01.719+0000] {dag.py:3954} INFO - Setting next_dagrun for example_setup_teardown to 2024-06-04 00:00:00+00:00, run_after=2024-06-05 00:00:00+00:00
[2024-06-05T02:21:01.743+0000] {processor.py:183} INFO - Processing /home/ubuntu/endtoend_venv/lib/python3.12/site-packages/airflow/example_dags/example_setup_teardown.py took 0.080 seconds
[2024-06-05T02:21:57.318+0000] {processor.py:161} INFO - Started process (PID=15142) to work on /home/ubuntu/endtoend_venv/lib/python3.12/site-packages/airflow/example_dags/example_setup_teardown.py
[2024-06-05T02:21:57.320+0000] {processor.py:830} INFO - Processing file /home/ubuntu/endtoend_venv/lib/python3.12/site-packages/airflow/example_dags/example_setup_teardown.py for tasks to queue
[2024-06-05T02:21:57.322+0000] {logging_mixin.py:188} INFO - [2024-06-05T02:21:57.321+0000] {dagbag.py:545} INFO - Filling up the DagBag from /home/ubuntu/endtoend_venv/lib/python3.12/site-packages/airflow/example_dags/example_setup_teardown.py
[2024-06-05T02:21:57.329+0000] {processor.py:840} INFO - DAG(s) 'example_setup_teardown' retrieved from /home/ubuntu/endtoend_venv/lib/python3.12/site-packages/airflow/example_dags/example_setup_teardown.py
[2024-06-05T02:21:57.346+0000] {logging_mixin.py:188} INFO - [2024-06-05T02:21:57.345+0000] {dag.py:3096} INFO - Sync 1 DAGs
[2024-06-05T02:21:57.365+0000] {logging_mixin.py:188} INFO - [2024-06-05T02:21:57.365+0000] {dag.py:3954} INFO - Setting next_dagrun for example_setup_teardown to 2024-06-04 00:00:00+00:00, run_after=2024-06-05 00:00:00+00:00
[2024-06-05T02:21:57.387+0000] {processor.py:183} INFO - Processing /home/ubuntu/endtoend_venv/lib/python3.12/site-packages/airflow/example_dags/example_setup_teardown.py took 0.074 seconds
[2024-06-05T02:22:54.028+0000] {processor.py:161} INFO - Started process (PID=15201) to work on /home/ubuntu/endtoend_venv/lib/python3.12/site-packages/airflow/example_dags/example_setup_teardown.py
[2024-06-05T02:22:54.030+0000] {processor.py:830} INFO - Processing file /home/ubuntu/endtoend_venv/lib/python3.12/site-packages/airflow/example_dags/example_setup_teardown.py for tasks to queue
[2024-06-05T02:22:54.031+0000] {logging_mixin.py:188} INFO - [2024-06-05T02:22:54.031+0000] {dagbag.py:545} INFO - Filling up the DagBag from /home/ubuntu/endtoend_venv/lib/python3.12/site-packages/airflow/example_dags/example_setup_teardown.py
[2024-06-05T02:22:54.039+0000] {processor.py:840} INFO - DAG(s) 'example_setup_teardown' retrieved from /home/ubuntu/endtoend_venv/lib/python3.12/site-packages/airflow/example_dags/example_setup_teardown.py
[2024-06-05T02:22:54.055+0000] {logging_mixin.py:188} INFO - [2024-06-05T02:22:54.055+0000] {dag.py:3096} INFO - Sync 1 DAGs
[2024-06-05T02:22:54.075+0000] {logging_mixin.py:188} INFO - [2024-06-05T02:22:54.075+0000] {dag.py:3954} INFO - Setting next_dagrun for example_setup_teardown to 2024-06-04 00:00:00+00:00, run_after=2024-06-05 00:00:00+00:00
[2024-06-05T02:22:54.099+0000] {processor.py:183} INFO - Processing /home/ubuntu/endtoend_venv/lib/python3.12/site-packages/airflow/example_dags/example_setup_teardown.py took 0.076 seconds
[2024-06-05T02:25:38.637+0000] {processor.py:161} INFO - Started process (PID=15345) to work on /home/ubuntu/endtoend_venv/lib/python3.12/site-packages/airflow/example_dags/example_setup_teardown.py
[2024-06-05T02:25:38.639+0000] {processor.py:830} INFO - Processing file /home/ubuntu/endtoend_venv/lib/python3.12/site-packages/airflow/example_dags/example_setup_teardown.py for tasks to queue
[2024-06-05T02:25:38.640+0000] {logging_mixin.py:188} INFO - [2024-06-05T02:25:38.640+0000] {dagbag.py:545} INFO - Filling up the DagBag from /home/ubuntu/endtoend_venv/lib/python3.12/site-packages/airflow/example_dags/example_setup_teardown.py
[2024-06-05T02:25:38.648+0000] {processor.py:840} INFO - DAG(s) 'example_setup_teardown' retrieved from /home/ubuntu/endtoend_venv/lib/python3.12/site-packages/airflow/example_dags/example_setup_teardown.py
[2024-06-05T02:25:38.656+0000] {logging_mixin.py:188} INFO - [2024-06-05T02:25:38.656+0000] {dag.py:3096} INFO - Sync 1 DAGs
[2024-06-05T02:25:38.677+0000] {logging_mixin.py:188} INFO - [2024-06-05T02:25:38.677+0000] {dag.py:3954} INFO - Setting next_dagrun for example_setup_teardown to 2024-06-04 00:00:00+00:00, run_after=2024-06-05 00:00:00+00:00
[2024-06-05T02:25:38.700+0000] {processor.py:183} INFO - Processing /home/ubuntu/endtoend_venv/lib/python3.12/site-packages/airflow/example_dags/example_setup_teardown.py took 0.069 seconds
[2024-06-05T02:26:31.980+0000] {processor.py:161} INFO - Started process (PID=15397) to work on /home/ubuntu/endtoend_venv/lib/python3.12/site-packages/airflow/example_dags/example_setup_teardown.py
[2024-06-05T02:26:31.981+0000] {processor.py:830} INFO - Processing file /home/ubuntu/endtoend_venv/lib/python3.12/site-packages/airflow/example_dags/example_setup_teardown.py for tasks to queue
[2024-06-05T02:26:31.983+0000] {logging_mixin.py:188} INFO - [2024-06-05T02:26:31.983+0000] {dagbag.py:545} INFO - Filling up the DagBag from /home/ubuntu/endtoend_venv/lib/python3.12/site-packages/airflow/example_dags/example_setup_teardown.py
[2024-06-05T02:26:31.990+0000] {processor.py:840} INFO - DAG(s) 'example_setup_teardown' retrieved from /home/ubuntu/endtoend_venv/lib/python3.12/site-packages/airflow/example_dags/example_setup_teardown.py
[2024-06-05T02:26:32.094+0000] {logging_mixin.py:188} INFO - [2024-06-05T02:26:32.094+0000] {dag.py:3096} INFO - Sync 1 DAGs
[2024-06-05T02:26:32.111+0000] {logging_mixin.py:188} INFO - [2024-06-05T02:26:32.111+0000] {dag.py:3954} INFO - Setting next_dagrun for example_setup_teardown to 2024-06-04 00:00:00+00:00, run_after=2024-06-05 00:00:00+00:00
[2024-06-05T02:26:32.134+0000] {processor.py:183} INFO - Processing /home/ubuntu/endtoend_venv/lib/python3.12/site-packages/airflow/example_dags/example_setup_teardown.py took 0.159 seconds
[2024-06-05T02:27:20.228+0000] {processor.py:161} INFO - Started process (PID=15448) to work on /home/ubuntu/endtoend_venv/lib/python3.12/site-packages/airflow/example_dags/example_setup_teardown.py
[2024-06-05T02:27:20.230+0000] {processor.py:830} INFO - Processing file /home/ubuntu/endtoend_venv/lib/python3.12/site-packages/airflow/example_dags/example_setup_teardown.py for tasks to queue
[2024-06-05T02:27:20.232+0000] {logging_mixin.py:188} INFO - [2024-06-05T02:27:20.231+0000] {dagbag.py:545} INFO - Filling up the DagBag from /home/ubuntu/endtoend_venv/lib/python3.12/site-packages/airflow/example_dags/example_setup_teardown.py
[2024-06-05T02:27:20.239+0000] {processor.py:840} INFO - DAG(s) 'example_setup_teardown' retrieved from /home/ubuntu/endtoend_venv/lib/python3.12/site-packages/airflow/example_dags/example_setup_teardown.py
[2024-06-05T02:27:20.255+0000] {logging_mixin.py:188} INFO - [2024-06-05T02:27:20.255+0000] {dag.py:3096} INFO - Sync 1 DAGs
[2024-06-05T02:27:20.276+0000] {logging_mixin.py:188} INFO - [2024-06-05T02:27:20.276+0000] {dag.py:3954} INFO - Setting next_dagrun for example_setup_teardown to 2024-06-04 00:00:00+00:00, run_after=2024-06-05 00:00:00+00:00
[2024-06-05T02:27:20.297+0000] {processor.py:183} INFO - Processing /home/ubuntu/endtoend_venv/lib/python3.12/site-packages/airflow/example_dags/example_setup_teardown.py took 0.075 seconds
[2024-06-05T02:28:07.562+0000] {processor.py:161} INFO - Started process (PID=15494) to work on /home/ubuntu/endtoend_venv/lib/python3.12/site-packages/airflow/example_dags/example_setup_teardown.py
[2024-06-05T02:28:07.564+0000] {processor.py:830} INFO - Processing file /home/ubuntu/endtoend_venv/lib/python3.12/site-packages/airflow/example_dags/example_setup_teardown.py for tasks to queue
[2024-06-05T02:28:07.566+0000] {logging_mixin.py:188} INFO - [2024-06-05T02:28:07.565+0000] {dagbag.py:545} INFO - Filling up the DagBag from /home/ubuntu/endtoend_venv/lib/python3.12/site-packages/airflow/example_dags/example_setup_teardown.py
[2024-06-05T02:28:07.573+0000] {processor.py:840} INFO - DAG(s) 'example_setup_teardown' retrieved from /home/ubuntu/endtoend_venv/lib/python3.12/site-packages/airflow/example_dags/example_setup_teardown.py
[2024-06-05T02:28:07.591+0000] {logging_mixin.py:188} INFO - [2024-06-05T02:28:07.590+0000] {dag.py:3096} INFO - Sync 1 DAGs
[2024-06-05T02:28:07.611+0000] {logging_mixin.py:188} INFO - [2024-06-05T02:28:07.611+0000] {dag.py:3954} INFO - Setting next_dagrun for example_setup_teardown to 2024-06-04 00:00:00+00:00, run_after=2024-06-05 00:00:00+00:00
[2024-06-05T02:28:07.634+0000] {processor.py:183} INFO - Processing /home/ubuntu/endtoend_venv/lib/python3.12/site-packages/airflow/example_dags/example_setup_teardown.py took 0.078 seconds
[2024-06-05T02:29:06.976+0000] {processor.py:161} INFO - Started process (PID=15555) to work on /home/ubuntu/endtoend_venv/lib/python3.12/site-packages/airflow/example_dags/example_setup_teardown.py
[2024-06-05T02:29:06.977+0000] {processor.py:830} INFO - Processing file /home/ubuntu/endtoend_venv/lib/python3.12/site-packages/airflow/example_dags/example_setup_teardown.py for tasks to queue
[2024-06-05T02:29:06.979+0000] {logging_mixin.py:188} INFO - [2024-06-05T02:29:06.979+0000] {dagbag.py:545} INFO - Filling up the DagBag from /home/ubuntu/endtoend_venv/lib/python3.12/site-packages/airflow/example_dags/example_setup_teardown.py
[2024-06-05T02:29:06.986+0000] {processor.py:840} INFO - DAG(s) 'example_setup_teardown' retrieved from /home/ubuntu/endtoend_venv/lib/python3.12/site-packages/airflow/example_dags/example_setup_teardown.py
[2024-06-05T02:29:07.003+0000] {logging_mixin.py:188} INFO - [2024-06-05T02:29:07.003+0000] {dag.py:3096} INFO - Sync 1 DAGs
[2024-06-05T02:29:07.023+0000] {logging_mixin.py:188} INFO - [2024-06-05T02:29:07.023+0000] {dag.py:3954} INFO - Setting next_dagrun for example_setup_teardown to 2024-06-04 00:00:00+00:00, run_after=2024-06-05 00:00:00+00:00
[2024-06-05T02:29:07.046+0000] {processor.py:183} INFO - Processing /home/ubuntu/endtoend_venv/lib/python3.12/site-packages/airflow/example_dags/example_setup_teardown.py took 0.076 seconds
[2024-06-05T02:29:50.295+0000] {processor.py:161} INFO - Started process (PID=15605) to work on /home/ubuntu/endtoend_venv/lib/python3.12/site-packages/airflow/example_dags/example_setup_teardown.py
[2024-06-05T02:29:50.296+0000] {processor.py:830} INFO - Processing file /home/ubuntu/endtoend_venv/lib/python3.12/site-packages/airflow/example_dags/example_setup_teardown.py for tasks to queue
[2024-06-05T02:29:50.298+0000] {logging_mixin.py:188} INFO - [2024-06-05T02:29:50.297+0000] {dagbag.py:545} INFO - Filling up the DagBag from /home/ubuntu/endtoend_venv/lib/python3.12/site-packages/airflow/example_dags/example_setup_teardown.py
[2024-06-05T02:29:50.305+0000] {processor.py:840} INFO - DAG(s) 'example_setup_teardown' retrieved from /home/ubuntu/endtoend_venv/lib/python3.12/site-packages/airflow/example_dags/example_setup_teardown.py
[2024-06-05T02:29:50.322+0000] {logging_mixin.py:188} INFO - [2024-06-05T02:29:50.322+0000] {dag.py:3096} INFO - Sync 1 DAGs
[2024-06-05T02:29:50.343+0000] {logging_mixin.py:188} INFO - [2024-06-05T02:29:50.342+0000] {dag.py:3954} INFO - Setting next_dagrun for example_setup_teardown to 2024-06-04 00:00:00+00:00, run_after=2024-06-05 00:00:00+00:00
[2024-06-05T02:29:50.365+0000] {processor.py:183} INFO - Processing /home/ubuntu/endtoend_venv/lib/python3.12/site-packages/airflow/example_dags/example_setup_teardown.py took 0.076 seconds
[2024-06-05T02:30:53.278+0000] {processor.py:161} INFO - Started process (PID=15673) to work on /home/ubuntu/endtoend_venv/lib/python3.12/site-packages/airflow/example_dags/example_setup_teardown.py
[2024-06-05T02:30:53.280+0000] {processor.py:830} INFO - Processing file /home/ubuntu/endtoend_venv/lib/python3.12/site-packages/airflow/example_dags/example_setup_teardown.py for tasks to queue
[2024-06-05T02:30:53.281+0000] {logging_mixin.py:188} INFO - [2024-06-05T02:30:53.281+0000] {dagbag.py:545} INFO - Filling up the DagBag from /home/ubuntu/endtoend_venv/lib/python3.12/site-packages/airflow/example_dags/example_setup_teardown.py
[2024-06-05T02:30:53.289+0000] {processor.py:840} INFO - DAG(s) 'example_setup_teardown' retrieved from /home/ubuntu/endtoend_venv/lib/python3.12/site-packages/airflow/example_dags/example_setup_teardown.py
[2024-06-05T02:30:53.307+0000] {logging_mixin.py:188} INFO - [2024-06-05T02:30:53.307+0000] {dag.py:3096} INFO - Sync 1 DAGs
[2024-06-05T02:30:53.328+0000] {logging_mixin.py:188} INFO - [2024-06-05T02:30:53.327+0000] {dag.py:3954} INFO - Setting next_dagrun for example_setup_teardown to 2024-06-04 00:00:00+00:00, run_after=2024-06-05 00:00:00+00:00
[2024-06-05T02:30:53.353+0000] {processor.py:183} INFO - Processing /home/ubuntu/endtoend_venv/lib/python3.12/site-packages/airflow/example_dags/example_setup_teardown.py took 0.081 seconds
[2024-06-05T02:31:36.214+0000] {processor.py:161} INFO - Started process (PID=15716) to work on /home/ubuntu/endtoend_venv/lib/python3.12/site-packages/airflow/example_dags/example_setup_teardown.py
[2024-06-05T02:31:36.215+0000] {processor.py:830} INFO - Processing file /home/ubuntu/endtoend_venv/lib/python3.12/site-packages/airflow/example_dags/example_setup_teardown.py for tasks to queue
[2024-06-05T02:31:36.217+0000] {logging_mixin.py:188} INFO - [2024-06-05T02:31:36.216+0000] {dagbag.py:545} INFO - Filling up the DagBag from /home/ubuntu/endtoend_venv/lib/python3.12/site-packages/airflow/example_dags/example_setup_teardown.py
[2024-06-05T02:31:36.224+0000] {processor.py:840} INFO - DAG(s) 'example_setup_teardown' retrieved from /home/ubuntu/endtoend_venv/lib/python3.12/site-packages/airflow/example_dags/example_setup_teardown.py
[2024-06-05T02:31:36.242+0000] {logging_mixin.py:188} INFO - [2024-06-05T02:31:36.241+0000] {dag.py:3096} INFO - Sync 1 DAGs
[2024-06-05T02:31:36.261+0000] {logging_mixin.py:188} INFO - [2024-06-05T02:31:36.261+0000] {dag.py:3954} INFO - Setting next_dagrun for example_setup_teardown to 2024-06-04 00:00:00+00:00, run_after=2024-06-05 00:00:00+00:00
[2024-06-05T02:31:36.283+0000] {processor.py:183} INFO - Processing /home/ubuntu/endtoend_venv/lib/python3.12/site-packages/airflow/example_dags/example_setup_teardown.py took 0.076 seconds
[2024-06-05T02:32:20.495+0000] {processor.py:161} INFO - Started process (PID=15761) to work on /home/ubuntu/endtoend_venv/lib/python3.12/site-packages/airflow/example_dags/example_setup_teardown.py
[2024-06-05T02:32:20.497+0000] {processor.py:830} INFO - Processing file /home/ubuntu/endtoend_venv/lib/python3.12/site-packages/airflow/example_dags/example_setup_teardown.py for tasks to queue
[2024-06-05T02:32:20.498+0000] {logging_mixin.py:188} INFO - [2024-06-05T02:32:20.498+0000] {dagbag.py:545} INFO - Filling up the DagBag from /home/ubuntu/endtoend_venv/lib/python3.12/site-packages/airflow/example_dags/example_setup_teardown.py
[2024-06-05T02:32:20.505+0000] {processor.py:840} INFO - DAG(s) 'example_setup_teardown' retrieved from /home/ubuntu/endtoend_venv/lib/python3.12/site-packages/airflow/example_dags/example_setup_teardown.py
[2024-06-05T02:32:20.522+0000] {logging_mixin.py:188} INFO - [2024-06-05T02:32:20.522+0000] {dag.py:3096} INFO - Sync 1 DAGs
[2024-06-05T02:32:20.543+0000] {logging_mixin.py:188} INFO - [2024-06-05T02:32:20.543+0000] {dag.py:3954} INFO - Setting next_dagrun for example_setup_teardown to 2024-06-04 00:00:00+00:00, run_after=2024-06-05 00:00:00+00:00
[2024-06-05T02:32:20.565+0000] {processor.py:183} INFO - Processing /home/ubuntu/endtoend_venv/lib/python3.12/site-packages/airflow/example_dags/example_setup_teardown.py took 0.075 seconds
[2024-06-05T02:33:22.743+0000] {processor.py:161} INFO - Started process (PID=15824) to work on /home/ubuntu/endtoend_venv/lib/python3.12/site-packages/airflow/example_dags/example_setup_teardown.py
[2024-06-05T02:33:22.746+0000] {processor.py:830} INFO - Processing file /home/ubuntu/endtoend_venv/lib/python3.12/site-packages/airflow/example_dags/example_setup_teardown.py for tasks to queue
[2024-06-05T02:33:22.747+0000] {logging_mixin.py:188} INFO - [2024-06-05T02:33:22.747+0000] {dagbag.py:545} INFO - Filling up the DagBag from /home/ubuntu/endtoend_venv/lib/python3.12/site-packages/airflow/example_dags/example_setup_teardown.py
[2024-06-05T02:33:22.755+0000] {processor.py:840} INFO - DAG(s) 'example_setup_teardown' retrieved from /home/ubuntu/endtoend_venv/lib/python3.12/site-packages/airflow/example_dags/example_setup_teardown.py
[2024-06-05T02:33:22.772+0000] {logging_mixin.py:188} INFO - [2024-06-05T02:33:22.771+0000] {dag.py:3096} INFO - Sync 1 DAGs
[2024-06-05T02:33:22.792+0000] {logging_mixin.py:188} INFO - [2024-06-05T02:33:22.791+0000] {dag.py:3954} INFO - Setting next_dagrun for example_setup_teardown to 2024-06-04 00:00:00+00:00, run_after=2024-06-05 00:00:00+00:00
[2024-06-05T02:33:22.815+0000] {processor.py:183} INFO - Processing /home/ubuntu/endtoend_venv/lib/python3.12/site-packages/airflow/example_dags/example_setup_teardown.py took 0.078 seconds
[2024-06-05T02:34:06.228+0000] {processor.py:161} INFO - Started process (PID=15868) to work on /home/ubuntu/endtoend_venv/lib/python3.12/site-packages/airflow/example_dags/example_setup_teardown.py
[2024-06-05T02:34:06.229+0000] {processor.py:830} INFO - Processing file /home/ubuntu/endtoend_venv/lib/python3.12/site-packages/airflow/example_dags/example_setup_teardown.py for tasks to queue
[2024-06-05T02:34:06.231+0000] {logging_mixin.py:188} INFO - [2024-06-05T02:34:06.231+0000] {dagbag.py:545} INFO - Filling up the DagBag from /home/ubuntu/endtoend_venv/lib/python3.12/site-packages/airflow/example_dags/example_setup_teardown.py
[2024-06-05T02:34:06.238+0000] {processor.py:840} INFO - DAG(s) 'example_setup_teardown' retrieved from /home/ubuntu/endtoend_venv/lib/python3.12/site-packages/airflow/example_dags/example_setup_teardown.py
[2024-06-05T02:34:06.256+0000] {logging_mixin.py:188} INFO - [2024-06-05T02:34:06.255+0000] {dag.py:3096} INFO - Sync 1 DAGs
[2024-06-05T02:34:06.276+0000] {logging_mixin.py:188} INFO - [2024-06-05T02:34:06.276+0000] {dag.py:3954} INFO - Setting next_dagrun for example_setup_teardown to 2024-06-04 00:00:00+00:00, run_after=2024-06-05 00:00:00+00:00
[2024-06-05T02:34:06.299+0000] {processor.py:183} INFO - Processing /home/ubuntu/endtoend_venv/lib/python3.12/site-packages/airflow/example_dags/example_setup_teardown.py took 0.077 seconds
