[2024-06-05T02:18:45.216+0000] {processor.py:161} INFO - Started process (PID=14939) to work on /home/ubuntu/endtoend_venv/lib/python3.12/site-packages/airflow/example_dags/example_external_task_marker_dag.py
[2024-06-05T02:18:45.217+0000] {processor.py:830} INFO - Processing file /home/ubuntu/endtoend_venv/lib/python3.12/site-packages/airflow/example_dags/example_external_task_marker_dag.py for tasks to queue
[2024-06-05T02:18:45.218+0000] {logging_mixin.py:188} INFO - [2024-06-05T02:18:45.218+0000] {dagbag.py:545} INFO - Filling up the DagBag from /home/ubuntu/endtoend_venv/lib/python3.12/site-packages/airflow/example_dags/example_external_task_marker_dag.py
[2024-06-05T02:18:45.225+0000] {processor.py:840} INFO - DAG(s) 'example_external_task_marker_child', 'example_external_task_marker_parent' retrieved from /home/ubuntu/endtoend_venv/lib/python3.12/site-packages/airflow/example_dags/example_external_task_marker_dag.py
[2024-06-05T02:18:45.339+0000] {logging_mixin.py:188} INFO - [2024-06-05T02:18:45.338+0000] {override.py:1829} INFO - Created Permission View: can read on DAG:example_external_task_marker_child
[2024-06-05T02:18:45.351+0000] {logging_mixin.py:188} INFO - [2024-06-05T02:18:45.351+0000] {override.py:1829} INFO - Created Permission View: can delete on DAG:example_external_task_marker_child
[2024-06-05T02:18:45.364+0000] {logging_mixin.py:188} INFO - [2024-06-05T02:18:45.364+0000] {override.py:1829} INFO - Created Permission View: can edit on DAG:example_external_task_marker_child
[2024-06-05T02:18:45.383+0000] {logging_mixin.py:188} INFO - [2024-06-05T02:18:45.382+0000] {override.py:1829} INFO - Created Permission View: can read on DAG:example_external_task_marker_parent
[2024-06-05T02:18:45.392+0000] {logging_mixin.py:188} INFO - [2024-06-05T02:18:45.392+0000] {override.py:1829} INFO - Created Permission View: can delete on DAG:example_external_task_marker_parent
[2024-06-05T02:18:45.402+0000] {logging_mixin.py:188} INFO - [2024-06-05T02:18:45.401+0000] {override.py:1829} INFO - Created Permission View: can edit on DAG:example_external_task_marker_parent
[2024-06-05T02:18:45.402+0000] {logging_mixin.py:188} INFO - [2024-06-05T02:18:45.402+0000] {dag.py:3096} INFO - Sync 2 DAGs
[2024-06-05T02:18:45.413+0000] {logging_mixin.py:188} INFO - [2024-06-05T02:18:45.413+0000] {dag.py:3118} INFO - Creating ORM DAG for example_external_task_marker_parent
[2024-06-05T02:18:45.413+0000] {logging_mixin.py:188} INFO - [2024-06-05T02:18:45.413+0000] {dag.py:3118} INFO - Creating ORM DAG for example_external_task_marker_child
[2024-06-05T02:18:45.414+0000] {logging_mixin.py:188} INFO - [2024-06-05T02:18:45.414+0000] {dag.py:3954} INFO - Setting next_dagrun for example_external_task_marker_child to None, run_after=None
[2024-06-05T02:18:45.415+0000] {logging_mixin.py:188} INFO - [2024-06-05T02:18:45.414+0000] {dag.py:3954} INFO - Setting next_dagrun for example_external_task_marker_parent to None, run_after=None
[2024-06-05T02:18:45.436+0000] {processor.py:183} INFO - Processing /home/ubuntu/endtoend_venv/lib/python3.12/site-packages/airflow/example_dags/example_external_task_marker_dag.py took 0.226 seconds
[2024-06-05T02:19:37.335+0000] {processor.py:161} INFO - Started process (PID=14990) to work on /home/ubuntu/endtoend_venv/lib/python3.12/site-packages/airflow/example_dags/example_external_task_marker_dag.py
[2024-06-05T02:19:37.337+0000] {processor.py:830} INFO - Processing file /home/ubuntu/endtoend_venv/lib/python3.12/site-packages/airflow/example_dags/example_external_task_marker_dag.py for tasks to queue
[2024-06-05T02:19:37.339+0000] {logging_mixin.py:188} INFO - [2024-06-05T02:19:37.338+0000] {dagbag.py:545} INFO - Filling up the DagBag from /home/ubuntu/endtoend_venv/lib/python3.12/site-packages/airflow/example_dags/example_external_task_marker_dag.py
[2024-06-05T02:19:37.345+0000] {processor.py:840} INFO - DAG(s) 'example_external_task_marker_parent', 'example_external_task_marker_child' retrieved from /home/ubuntu/endtoend_venv/lib/python3.12/site-packages/airflow/example_dags/example_external_task_marker_dag.py
[2024-06-05T02:19:37.364+0000] {logging_mixin.py:188} INFO - [2024-06-05T02:19:37.364+0000] {dag.py:3096} INFO - Sync 2 DAGs
[2024-06-05T02:19:37.376+0000] {logging_mixin.py:188} INFO - [2024-06-05T02:19:37.376+0000] {dag.py:3954} INFO - Setting next_dagrun for example_external_task_marker_child to None, run_after=None
[2024-06-05T02:19:37.380+0000] {logging_mixin.py:188} INFO - [2024-06-05T02:19:37.380+0000] {dag.py:3954} INFO - Setting next_dagrun for example_external_task_marker_parent to None, run_after=None
[2024-06-05T02:19:37.399+0000] {processor.py:183} INFO - Processing /home/ubuntu/endtoend_venv/lib/python3.12/site-packages/airflow/example_dags/example_external_task_marker_dag.py took 0.070 seconds
[2024-06-05T02:20:26.889+0000] {processor.py:161} INFO - Started process (PID=15047) to work on /home/ubuntu/endtoend_venv/lib/python3.12/site-packages/airflow/example_dags/example_external_task_marker_dag.py
[2024-06-05T02:20:26.891+0000] {processor.py:830} INFO - Processing file /home/ubuntu/endtoend_venv/lib/python3.12/site-packages/airflow/example_dags/example_external_task_marker_dag.py for tasks to queue
[2024-06-05T02:20:26.893+0000] {logging_mixin.py:188} INFO - [2024-06-05T02:20:26.892+0000] {dagbag.py:545} INFO - Filling up the DagBag from /home/ubuntu/endtoend_venv/lib/python3.12/site-packages/airflow/example_dags/example_external_task_marker_dag.py
[2024-06-05T02:20:26.900+0000] {processor.py:840} INFO - DAG(s) 'example_external_task_marker_child', 'example_external_task_marker_parent' retrieved from /home/ubuntu/endtoend_venv/lib/python3.12/site-packages/airflow/example_dags/example_external_task_marker_dag.py
[2024-06-05T02:20:26.919+0000] {logging_mixin.py:188} INFO - [2024-06-05T02:20:26.919+0000] {dag.py:3096} INFO - Sync 2 DAGs
[2024-06-05T02:20:26.932+0000] {logging_mixin.py:188} INFO - [2024-06-05T02:20:26.932+0000] {dag.py:3954} INFO - Setting next_dagrun for example_external_task_marker_child to None, run_after=None
[2024-06-05T02:20:26.936+0000] {logging_mixin.py:188} INFO - [2024-06-05T02:20:26.936+0000] {dag.py:3954} INFO - Setting next_dagrun for example_external_task_marker_parent to None, run_after=None
[2024-06-05T02:20:26.957+0000] {processor.py:183} INFO - Processing /home/ubuntu/endtoend_venv/lib/python3.12/site-packages/airflow/example_dags/example_external_task_marker_dag.py took 0.073 seconds
[2024-06-05T02:21:27.384+0000] {processor.py:161} INFO - Started process (PID=15110) to work on /home/ubuntu/endtoend_venv/lib/python3.12/site-packages/airflow/example_dags/example_external_task_marker_dag.py
[2024-06-05T02:21:27.385+0000] {processor.py:830} INFO - Processing file /home/ubuntu/endtoend_venv/lib/python3.12/site-packages/airflow/example_dags/example_external_task_marker_dag.py for tasks to queue
[2024-06-05T02:21:27.387+0000] {logging_mixin.py:188} INFO - [2024-06-05T02:21:27.387+0000] {dagbag.py:545} INFO - Filling up the DagBag from /home/ubuntu/endtoend_venv/lib/python3.12/site-packages/airflow/example_dags/example_external_task_marker_dag.py
[2024-06-05T02:21:27.394+0000] {processor.py:840} INFO - DAG(s) 'example_external_task_marker_child', 'example_external_task_marker_parent' retrieved from /home/ubuntu/endtoend_venv/lib/python3.12/site-packages/airflow/example_dags/example_external_task_marker_dag.py
[2024-06-05T02:21:27.412+0000] {logging_mixin.py:188} INFO - [2024-06-05T02:21:27.412+0000] {dag.py:3096} INFO - Sync 2 DAGs
[2024-06-05T02:21:27.424+0000] {logging_mixin.py:188} INFO - [2024-06-05T02:21:27.424+0000] {dag.py:3954} INFO - Setting next_dagrun for example_external_task_marker_child to None, run_after=None
[2024-06-05T02:21:27.428+0000] {logging_mixin.py:188} INFO - [2024-06-05T02:21:27.428+0000] {dag.py:3954} INFO - Setting next_dagrun for example_external_task_marker_parent to None, run_after=None
[2024-06-05T02:21:27.448+0000] {processor.py:183} INFO - Processing /home/ubuntu/endtoend_venv/lib/python3.12/site-packages/airflow/example_dags/example_external_task_marker_dag.py took 0.070 seconds
[2024-06-05T02:22:22.802+0000] {processor.py:161} INFO - Started process (PID=15168) to work on /home/ubuntu/endtoend_venv/lib/python3.12/site-packages/airflow/example_dags/example_external_task_marker_dag.py
[2024-06-05T02:22:22.804+0000] {processor.py:830} INFO - Processing file /home/ubuntu/endtoend_venv/lib/python3.12/site-packages/airflow/example_dags/example_external_task_marker_dag.py for tasks to queue
[2024-06-05T02:22:22.806+0000] {logging_mixin.py:188} INFO - [2024-06-05T02:22:22.805+0000] {dagbag.py:545} INFO - Filling up the DagBag from /home/ubuntu/endtoend_venv/lib/python3.12/site-packages/airflow/example_dags/example_external_task_marker_dag.py
[2024-06-05T02:22:22.812+0000] {processor.py:840} INFO - DAG(s) 'example_external_task_marker_parent', 'example_external_task_marker_child' retrieved from /home/ubuntu/endtoend_venv/lib/python3.12/site-packages/airflow/example_dags/example_external_task_marker_dag.py
[2024-06-05T02:22:22.831+0000] {logging_mixin.py:188} INFO - [2024-06-05T02:22:22.831+0000] {dag.py:3096} INFO - Sync 2 DAGs
[2024-06-05T02:22:22.844+0000] {logging_mixin.py:188} INFO - [2024-06-05T02:22:22.844+0000] {dag.py:3954} INFO - Setting next_dagrun for example_external_task_marker_child to None, run_after=None
[2024-06-05T02:22:22.847+0000] {logging_mixin.py:188} INFO - [2024-06-05T02:22:22.847+0000] {dag.py:3954} INFO - Setting next_dagrun for example_external_task_marker_parent to None, run_after=None
[2024-06-05T02:22:22.873+0000] {processor.py:183} INFO - Processing /home/ubuntu/endtoend_venv/lib/python3.12/site-packages/airflow/example_dags/example_external_task_marker_dag.py took 0.077 seconds
[2024-06-05T02:23:19.624+0000] {processor.py:161} INFO - Started process (PID=15228) to work on /home/ubuntu/endtoend_venv/lib/python3.12/site-packages/airflow/example_dags/example_external_task_marker_dag.py
[2024-06-05T02:23:19.625+0000] {processor.py:830} INFO - Processing file /home/ubuntu/endtoend_venv/lib/python3.12/site-packages/airflow/example_dags/example_external_task_marker_dag.py for tasks to queue
[2024-06-05T02:23:19.627+0000] {logging_mixin.py:188} INFO - [2024-06-05T02:23:19.627+0000] {dagbag.py:545} INFO - Filling up the DagBag from /home/ubuntu/endtoend_venv/lib/python3.12/site-packages/airflow/example_dags/example_external_task_marker_dag.py
[2024-06-05T02:23:19.634+0000] {processor.py:840} INFO - DAG(s) 'example_external_task_marker_parent', 'example_external_task_marker_child' retrieved from /home/ubuntu/endtoend_venv/lib/python3.12/site-packages/airflow/example_dags/example_external_task_marker_dag.py
[2024-06-05T02:23:19.654+0000] {logging_mixin.py:188} INFO - [2024-06-05T02:23:19.654+0000] {dag.py:3096} INFO - Sync 2 DAGs
[2024-06-05T02:23:19.667+0000] {logging_mixin.py:188} INFO - [2024-06-05T02:23:19.667+0000] {dag.py:3954} INFO - Setting next_dagrun for example_external_task_marker_child to None, run_after=None
[2024-06-05T02:23:19.670+0000] {logging_mixin.py:188} INFO - [2024-06-05T02:23:19.670+0000] {dag.py:3954} INFO - Setting next_dagrun for example_external_task_marker_parent to None, run_after=None
[2024-06-05T02:23:19.694+0000] {processor.py:183} INFO - Processing /home/ubuntu/endtoend_venv/lib/python3.12/site-packages/airflow/example_dags/example_external_task_marker_dag.py took 0.076 seconds
[2024-06-05T02:25:50.266+0000] {processor.py:161} INFO - Started process (PID=15357) to work on /home/ubuntu/endtoend_venv/lib/python3.12/site-packages/airflow/example_dags/example_external_task_marker_dag.py
[2024-06-05T02:25:50.268+0000] {processor.py:830} INFO - Processing file /home/ubuntu/endtoend_venv/lib/python3.12/site-packages/airflow/example_dags/example_external_task_marker_dag.py for tasks to queue
[2024-06-05T02:25:50.270+0000] {logging_mixin.py:188} INFO - [2024-06-05T02:25:50.269+0000] {dagbag.py:545} INFO - Filling up the DagBag from /home/ubuntu/endtoend_venv/lib/python3.12/site-packages/airflow/example_dags/example_external_task_marker_dag.py
[2024-06-05T02:25:50.276+0000] {processor.py:840} INFO - DAG(s) 'example_external_task_marker_parent', 'example_external_task_marker_child' retrieved from /home/ubuntu/endtoend_venv/lib/python3.12/site-packages/airflow/example_dags/example_external_task_marker_dag.py
[2024-06-05T02:25:50.386+0000] {logging_mixin.py:188} INFO - [2024-06-05T02:25:50.386+0000] {dag.py:3096} INFO - Sync 2 DAGs
[2024-06-05T02:25:50.396+0000] {logging_mixin.py:188} INFO - [2024-06-05T02:25:50.395+0000] {dag.py:3954} INFO - Setting next_dagrun for example_external_task_marker_child to None, run_after=None
[2024-06-05T02:25:50.398+0000] {logging_mixin.py:188} INFO - [2024-06-05T02:25:50.398+0000] {dag.py:3954} INFO - Setting next_dagrun for example_external_task_marker_parent to None, run_after=None
[2024-06-05T02:25:50.419+0000] {processor.py:183} INFO - Processing /home/ubuntu/endtoend_venv/lib/python3.12/site-packages/airflow/example_dags/example_external_task_marker_dag.py took 0.158 seconds
[2024-06-05T02:26:43.579+0000] {processor.py:161} INFO - Started process (PID=15408) to work on /home/ubuntu/endtoend_venv/lib/python3.12/site-packages/airflow/example_dags/example_external_task_marker_dag.py
[2024-06-05T02:26:43.581+0000] {processor.py:830} INFO - Processing file /home/ubuntu/endtoend_venv/lib/python3.12/site-packages/airflow/example_dags/example_external_task_marker_dag.py for tasks to queue
[2024-06-05T02:26:43.582+0000] {logging_mixin.py:188} INFO - [2024-06-05T02:26:43.582+0000] {dagbag.py:545} INFO - Filling up the DagBag from /home/ubuntu/endtoend_venv/lib/python3.12/site-packages/airflow/example_dags/example_external_task_marker_dag.py
[2024-06-05T02:26:43.589+0000] {processor.py:840} INFO - DAG(s) 'example_external_task_marker_child', 'example_external_task_marker_parent' retrieved from /home/ubuntu/endtoend_venv/lib/python3.12/site-packages/airflow/example_dags/example_external_task_marker_dag.py
[2024-06-05T02:26:43.608+0000] {logging_mixin.py:188} INFO - [2024-06-05T02:26:43.608+0000] {dag.py:3096} INFO - Sync 2 DAGs
[2024-06-05T02:26:43.620+0000] {logging_mixin.py:188} INFO - [2024-06-05T02:26:43.620+0000] {dag.py:3954} INFO - Setting next_dagrun for example_external_task_marker_child to None, run_after=None
[2024-06-05T02:26:43.624+0000] {logging_mixin.py:188} INFO - [2024-06-05T02:26:43.623+0000] {dag.py:3954} INFO - Setting next_dagrun for example_external_task_marker_parent to None, run_after=None
[2024-06-05T02:26:43.644+0000] {processor.py:183} INFO - Processing /home/ubuntu/endtoend_venv/lib/python3.12/site-packages/airflow/example_dags/example_external_task_marker_dag.py took 0.071 seconds
[2024-06-05T02:27:31.672+0000] {processor.py:161} INFO - Started process (PID=15459) to work on /home/ubuntu/endtoend_venv/lib/python3.12/site-packages/airflow/example_dags/example_external_task_marker_dag.py
[2024-06-05T02:27:31.673+0000] {processor.py:830} INFO - Processing file /home/ubuntu/endtoend_venv/lib/python3.12/site-packages/airflow/example_dags/example_external_task_marker_dag.py for tasks to queue
[2024-06-05T02:27:31.675+0000] {logging_mixin.py:188} INFO - [2024-06-05T02:27:31.674+0000] {dagbag.py:545} INFO - Filling up the DagBag from /home/ubuntu/endtoend_venv/lib/python3.12/site-packages/airflow/example_dags/example_external_task_marker_dag.py
[2024-06-05T02:27:31.682+0000] {processor.py:840} INFO - DAG(s) 'example_external_task_marker_child', 'example_external_task_marker_parent' retrieved from /home/ubuntu/endtoend_venv/lib/python3.12/site-packages/airflow/example_dags/example_external_task_marker_dag.py
[2024-06-05T02:27:31.701+0000] {logging_mixin.py:188} INFO - [2024-06-05T02:27:31.700+0000] {dag.py:3096} INFO - Sync 2 DAGs
[2024-06-05T02:27:31.713+0000] {logging_mixin.py:188} INFO - [2024-06-05T02:27:31.713+0000] {dag.py:3954} INFO - Setting next_dagrun for example_external_task_marker_child to None, run_after=None
[2024-06-05T02:27:31.717+0000] {logging_mixin.py:188} INFO - [2024-06-05T02:27:31.717+0000] {dag.py:3954} INFO - Setting next_dagrun for example_external_task_marker_parent to None, run_after=None
[2024-06-05T02:27:31.737+0000] {processor.py:183} INFO - Processing /home/ubuntu/endtoend_venv/lib/python3.12/site-packages/airflow/example_dags/example_external_task_marker_dag.py took 0.071 seconds
[2024-06-05T02:28:31.799+0000] {processor.py:161} INFO - Started process (PID=15520) to work on /home/ubuntu/endtoend_venv/lib/python3.12/site-packages/airflow/example_dags/example_external_task_marker_dag.py
[2024-06-05T02:28:31.800+0000] {processor.py:830} INFO - Processing file /home/ubuntu/endtoend_venv/lib/python3.12/site-packages/airflow/example_dags/example_external_task_marker_dag.py for tasks to queue
[2024-06-05T02:28:31.802+0000] {logging_mixin.py:188} INFO - [2024-06-05T02:28:31.802+0000] {dagbag.py:545} INFO - Filling up the DagBag from /home/ubuntu/endtoend_venv/lib/python3.12/site-packages/airflow/example_dags/example_external_task_marker_dag.py
[2024-06-05T02:28:31.809+0000] {processor.py:840} INFO - DAG(s) 'example_external_task_marker_child', 'example_external_task_marker_parent' retrieved from /home/ubuntu/endtoend_venv/lib/python3.12/site-packages/airflow/example_dags/example_external_task_marker_dag.py
[2024-06-05T02:28:31.828+0000] {logging_mixin.py:188} INFO - [2024-06-05T02:28:31.827+0000] {dag.py:3096} INFO - Sync 2 DAGs
[2024-06-05T02:28:31.840+0000] {logging_mixin.py:188} INFO - [2024-06-05T02:28:31.840+0000] {dag.py:3954} INFO - Setting next_dagrun for example_external_task_marker_child to None, run_after=None
[2024-06-05T02:28:31.843+0000] {logging_mixin.py:188} INFO - [2024-06-05T02:28:31.843+0000] {dag.py:3954} INFO - Setting next_dagrun for example_external_task_marker_parent to None, run_after=None
[2024-06-05T02:28:31.897+0000] {processor.py:183} INFO - Processing /home/ubuntu/endtoend_venv/lib/python3.12/site-packages/airflow/example_dags/example_external_task_marker_dag.py took 0.104 seconds
[2024-06-05T02:29:33.846+0000] {processor.py:161} INFO - Started process (PID=15588) to work on /home/ubuntu/endtoend_venv/lib/python3.12/site-packages/airflow/example_dags/example_external_task_marker_dag.py
[2024-06-05T02:29:33.847+0000] {processor.py:830} INFO - Processing file /home/ubuntu/endtoend_venv/lib/python3.12/site-packages/airflow/example_dags/example_external_task_marker_dag.py for tasks to queue
[2024-06-05T02:29:33.849+0000] {logging_mixin.py:188} INFO - [2024-06-05T02:29:33.848+0000] {dagbag.py:545} INFO - Filling up the DagBag from /home/ubuntu/endtoend_venv/lib/python3.12/site-packages/airflow/example_dags/example_external_task_marker_dag.py
[2024-06-05T02:29:33.856+0000] {processor.py:840} INFO - DAG(s) 'example_external_task_marker_parent', 'example_external_task_marker_child' retrieved from /home/ubuntu/endtoend_venv/lib/python3.12/site-packages/airflow/example_dags/example_external_task_marker_dag.py
[2024-06-05T02:29:33.875+0000] {logging_mixin.py:188} INFO - [2024-06-05T02:29:33.875+0000] {dag.py:3096} INFO - Sync 2 DAGs
[2024-06-05T02:29:33.887+0000] {logging_mixin.py:188} INFO - [2024-06-05T02:29:33.887+0000] {dag.py:3954} INFO - Setting next_dagrun for example_external_task_marker_child to None, run_after=None
[2024-06-05T02:29:33.891+0000] {logging_mixin.py:188} INFO - [2024-06-05T02:29:33.891+0000] {dag.py:3954} INFO - Setting next_dagrun for example_external_task_marker_parent to None, run_after=None
[2024-06-05T02:29:33.911+0000] {processor.py:183} INFO - Processing /home/ubuntu/endtoend_venv/lib/python3.12/site-packages/airflow/example_dags/example_external_task_marker_dag.py took 0.071 seconds
[2024-06-05T02:30:36.803+0000] {processor.py:161} INFO - Started process (PID=15656) to work on /home/ubuntu/endtoend_venv/lib/python3.12/site-packages/airflow/example_dags/example_external_task_marker_dag.py
[2024-06-05T02:30:36.805+0000] {processor.py:830} INFO - Processing file /home/ubuntu/endtoend_venv/lib/python3.12/site-packages/airflow/example_dags/example_external_task_marker_dag.py for tasks to queue
[2024-06-05T02:30:36.807+0000] {logging_mixin.py:188} INFO - [2024-06-05T02:30:36.806+0000] {dagbag.py:545} INFO - Filling up the DagBag from /home/ubuntu/endtoend_venv/lib/python3.12/site-packages/airflow/example_dags/example_external_task_marker_dag.py
[2024-06-05T02:30:36.813+0000] {processor.py:840} INFO - DAG(s) 'example_external_task_marker_child', 'example_external_task_marker_parent' retrieved from /home/ubuntu/endtoend_venv/lib/python3.12/site-packages/airflow/example_dags/example_external_task_marker_dag.py
[2024-06-05T02:30:36.832+0000] {logging_mixin.py:188} INFO - [2024-06-05T02:30:36.832+0000] {dag.py:3096} INFO - Sync 2 DAGs
[2024-06-05T02:30:36.844+0000] {logging_mixin.py:188} INFO - [2024-06-05T02:30:36.844+0000] {dag.py:3954} INFO - Setting next_dagrun for example_external_task_marker_child to None, run_after=None
[2024-06-05T02:30:36.848+0000] {logging_mixin.py:188} INFO - [2024-06-05T02:30:36.847+0000] {dag.py:3954} INFO - Setting next_dagrun for example_external_task_marker_parent to None, run_after=None
[2024-06-05T02:30:36.869+0000] {processor.py:183} INFO - Processing /home/ubuntu/endtoend_venv/lib/python3.12/site-packages/airflow/example_dags/example_external_task_marker_dag.py took 0.072 seconds
[2024-06-05T02:31:41.356+0000] {processor.py:161} INFO - Started process (PID=15721) to work on /home/ubuntu/endtoend_venv/lib/python3.12/site-packages/airflow/example_dags/example_external_task_marker_dag.py
[2024-06-05T02:31:41.358+0000] {processor.py:830} INFO - Processing file /home/ubuntu/endtoend_venv/lib/python3.12/site-packages/airflow/example_dags/example_external_task_marker_dag.py for tasks to queue
[2024-06-05T02:31:41.360+0000] {logging_mixin.py:188} INFO - [2024-06-05T02:31:41.359+0000] {dagbag.py:545} INFO - Filling up the DagBag from /home/ubuntu/endtoend_venv/lib/python3.12/site-packages/airflow/example_dags/example_external_task_marker_dag.py
[2024-06-05T02:31:41.366+0000] {processor.py:840} INFO - DAG(s) 'example_external_task_marker_parent', 'example_external_task_marker_child' retrieved from /home/ubuntu/endtoend_venv/lib/python3.12/site-packages/airflow/example_dags/example_external_task_marker_dag.py
[2024-06-05T02:31:41.385+0000] {logging_mixin.py:188} INFO - [2024-06-05T02:31:41.385+0000] {dag.py:3096} INFO - Sync 2 DAGs
[2024-06-05T02:31:41.398+0000] {logging_mixin.py:188} INFO - [2024-06-05T02:31:41.398+0000] {dag.py:3954} INFO - Setting next_dagrun for example_external_task_marker_child to None, run_after=None
[2024-06-05T02:31:41.401+0000] {logging_mixin.py:188} INFO - [2024-06-05T02:31:41.401+0000] {dag.py:3954} INFO - Setting next_dagrun for example_external_task_marker_parent to None, run_after=None
[2024-06-05T02:31:41.421+0000] {processor.py:183} INFO - Processing /home/ubuntu/endtoend_venv/lib/python3.12/site-packages/airflow/example_dags/example_external_task_marker_dag.py took 0.071 seconds
[2024-06-05T02:32:44.361+0000] {processor.py:161} INFO - Started process (PID=15786) to work on /home/ubuntu/endtoend_venv/lib/python3.12/site-packages/airflow/example_dags/example_external_task_marker_dag.py
[2024-06-05T02:32:44.362+0000] {processor.py:830} INFO - Processing file /home/ubuntu/endtoend_venv/lib/python3.12/site-packages/airflow/example_dags/example_external_task_marker_dag.py for tasks to queue
[2024-06-05T02:32:44.364+0000] {logging_mixin.py:188} INFO - [2024-06-05T02:32:44.364+0000] {dagbag.py:545} INFO - Filling up the DagBag from /home/ubuntu/endtoend_venv/lib/python3.12/site-packages/airflow/example_dags/example_external_task_marker_dag.py
[2024-06-05T02:32:44.371+0000] {processor.py:840} INFO - DAG(s) 'example_external_task_marker_child', 'example_external_task_marker_parent' retrieved from /home/ubuntu/endtoend_venv/lib/python3.12/site-packages/airflow/example_dags/example_external_task_marker_dag.py
[2024-06-05T02:32:44.389+0000] {logging_mixin.py:188} INFO - [2024-06-05T02:32:44.389+0000] {dag.py:3096} INFO - Sync 2 DAGs
[2024-06-05T02:32:44.402+0000] {logging_mixin.py:188} INFO - [2024-06-05T02:32:44.401+0000] {dag.py:3954} INFO - Setting next_dagrun for example_external_task_marker_child to None, run_after=None
[2024-06-05T02:32:44.405+0000] {logging_mixin.py:188} INFO - [2024-06-05T02:32:44.405+0000] {dag.py:3954} INFO - Setting next_dagrun for example_external_task_marker_parent to None, run_after=None
[2024-06-05T02:32:44.425+0000] {processor.py:183} INFO - Processing /home/ubuntu/endtoend_venv/lib/python3.12/site-packages/airflow/example_dags/example_external_task_marker_dag.py took 0.071 seconds
[2024-06-05T02:33:49.755+0000] {processor.py:161} INFO - Started process (PID=15850) to work on /home/ubuntu/endtoend_venv/lib/python3.12/site-packages/airflow/example_dags/example_external_task_marker_dag.py
[2024-06-05T02:33:49.757+0000] {processor.py:830} INFO - Processing file /home/ubuntu/endtoend_venv/lib/python3.12/site-packages/airflow/example_dags/example_external_task_marker_dag.py for tasks to queue
[2024-06-05T02:33:49.759+0000] {logging_mixin.py:188} INFO - [2024-06-05T02:33:49.758+0000] {dagbag.py:545} INFO - Filling up the DagBag from /home/ubuntu/endtoend_venv/lib/python3.12/site-packages/airflow/example_dags/example_external_task_marker_dag.py
[2024-06-05T02:33:49.765+0000] {processor.py:840} INFO - DAG(s) 'example_external_task_marker_parent', 'example_external_task_marker_child' retrieved from /home/ubuntu/endtoend_venv/lib/python3.12/site-packages/airflow/example_dags/example_external_task_marker_dag.py
[2024-06-05T02:33:49.785+0000] {logging_mixin.py:188} INFO - [2024-06-05T02:33:49.784+0000] {dag.py:3096} INFO - Sync 2 DAGs
[2024-06-05T02:33:49.797+0000] {logging_mixin.py:188} INFO - [2024-06-05T02:33:49.796+0000] {dag.py:3954} INFO - Setting next_dagrun for example_external_task_marker_child to None, run_after=None
[2024-06-05T02:33:49.800+0000] {logging_mixin.py:188} INFO - [2024-06-05T02:33:49.800+0000] {dag.py:3954} INFO - Setting next_dagrun for example_external_task_marker_parent to None, run_after=None
[2024-06-05T02:33:49.821+0000] {processor.py:183} INFO - Processing /home/ubuntu/endtoend_venv/lib/python3.12/site-packages/airflow/example_dags/example_external_task_marker_dag.py took 0.071 seconds
[2024-06-05T02:34:47.870+0000] {processor.py:161} INFO - Started process (PID=15912) to work on /home/ubuntu/endtoend_venv/lib/python3.12/site-packages/airflow/example_dags/example_external_task_marker_dag.py
[2024-06-05T02:34:47.871+0000] {processor.py:830} INFO - Processing file /home/ubuntu/endtoend_venv/lib/python3.12/site-packages/airflow/example_dags/example_external_task_marker_dag.py for tasks to queue
[2024-06-05T02:34:47.873+0000] {logging_mixin.py:188} INFO - [2024-06-05T02:34:47.873+0000] {dagbag.py:545} INFO - Filling up the DagBag from /home/ubuntu/endtoend_venv/lib/python3.12/site-packages/airflow/example_dags/example_external_task_marker_dag.py
[2024-06-05T02:34:47.880+0000] {processor.py:840} INFO - DAG(s) 'example_external_task_marker_parent', 'example_external_task_marker_child' retrieved from /home/ubuntu/endtoend_venv/lib/python3.12/site-packages/airflow/example_dags/example_external_task_marker_dag.py
[2024-06-05T02:34:47.900+0000] {logging_mixin.py:188} INFO - [2024-06-05T02:34:47.900+0000] {dag.py:3096} INFO - Sync 2 DAGs
[2024-06-05T02:34:47.914+0000] {logging_mixin.py:188} INFO - [2024-06-05T02:34:47.914+0000] {dag.py:3954} INFO - Setting next_dagrun for example_external_task_marker_child to None, run_after=None
[2024-06-05T02:34:47.917+0000] {logging_mixin.py:188} INFO - [2024-06-05T02:34:47.917+0000] {dag.py:3954} INFO - Setting next_dagrun for example_external_task_marker_parent to None, run_after=None
[2024-06-05T02:34:47.941+0000] {processor.py:183} INFO - Processing /home/ubuntu/endtoend_venv/lib/python3.12/site-packages/airflow/example_dags/example_external_task_marker_dag.py took 0.077 seconds
