[2024-06-05T02:18:19.180+0000] {processor.py:161} INFO - Started process (PID=14916) to work on /home/ubuntu/endtoend_venv/lib/python3.12/site-packages/airflow/example_dags/example_time_delta_sensor_async.py
[2024-06-05T02:18:19.181+0000] {processor.py:830} INFO - Processing file /home/ubuntu/endtoend_venv/lib/python3.12/site-packages/airflow/example_dags/example_time_delta_sensor_async.py for tasks to queue
[2024-06-05T02:18:19.183+0000] {logging_mixin.py:188} INFO - [2024-06-05T02:18:19.183+0000] {dagbag.py:545} INFO - Filling up the DagBag from /home/ubuntu/endtoend_venv/lib/python3.12/site-packages/airflow/example_dags/example_time_delta_sensor_async.py
[2024-06-05T02:18:19.191+0000] {processor.py:840} INFO - DAG(s) 'example_time_delta_sensor_async' retrieved from /home/ubuntu/endtoend_venv/lib/python3.12/site-packages/airflow/example_dags/example_time_delta_sensor_async.py
[2024-06-05T02:18:19.312+0000] {logging_mixin.py:188} INFO - [2024-06-05T02:18:19.311+0000] {override.py:1829} INFO - Created Permission View: can read on DAG:example_time_delta_sensor_async
[2024-06-05T02:18:19.326+0000] {logging_mixin.py:188} INFO - [2024-06-05T02:18:19.326+0000] {override.py:1829} INFO - Created Permission View: can delete on DAG:example_time_delta_sensor_async
[2024-06-05T02:18:19.335+0000] {logging_mixin.py:188} INFO - [2024-06-05T02:18:19.335+0000] {override.py:1829} INFO - Created Permission View: can edit on DAG:example_time_delta_sensor_async
[2024-06-05T02:18:19.336+0000] {logging_mixin.py:188} INFO - [2024-06-05T02:18:19.336+0000] {dag.py:3096} INFO - Sync 1 DAGs
[2024-06-05T02:18:19.346+0000] {logging_mixin.py:188} INFO - [2024-06-05T02:18:19.346+0000] {dag.py:3118} INFO - Creating ORM DAG for example_time_delta_sensor_async
[2024-06-05T02:18:19.347+0000] {logging_mixin.py:188} INFO - [2024-06-05T02:18:19.347+0000] {dag.py:3954} INFO - Setting next_dagrun for example_time_delta_sensor_async to None, run_after=None
[2024-06-05T02:18:19.367+0000] {processor.py:183} INFO - Processing /home/ubuntu/endtoend_venv/lib/python3.12/site-packages/airflow/example_dags/example_time_delta_sensor_async.py took 0.192 seconds
[2024-06-05T02:19:14.628+0000] {processor.py:161} INFO - Started process (PID=14967) to work on /home/ubuntu/endtoend_venv/lib/python3.12/site-packages/airflow/example_dags/example_time_delta_sensor_async.py
[2024-06-05T02:19:14.629+0000] {processor.py:830} INFO - Processing file /home/ubuntu/endtoend_venv/lib/python3.12/site-packages/airflow/example_dags/example_time_delta_sensor_async.py for tasks to queue
[2024-06-05T02:19:14.631+0000] {logging_mixin.py:188} INFO - [2024-06-05T02:19:14.631+0000] {dagbag.py:545} INFO - Filling up the DagBag from /home/ubuntu/endtoend_venv/lib/python3.12/site-packages/airflow/example_dags/example_time_delta_sensor_async.py
[2024-06-05T02:19:14.637+0000] {processor.py:840} INFO - DAG(s) 'example_time_delta_sensor_async' retrieved from /home/ubuntu/endtoend_venv/lib/python3.12/site-packages/airflow/example_dags/example_time_delta_sensor_async.py
[2024-06-05T02:19:14.654+0000] {logging_mixin.py:188} INFO - [2024-06-05T02:19:14.653+0000] {dag.py:3096} INFO - Sync 1 DAGs
[2024-06-05T02:19:14.666+0000] {logging_mixin.py:188} INFO - [2024-06-05T02:19:14.666+0000] {dag.py:3954} INFO - Setting next_dagrun for example_time_delta_sensor_async to None, run_after=None
[2024-06-05T02:19:14.690+0000] {processor.py:183} INFO - Processing /home/ubuntu/endtoend_venv/lib/python3.12/site-packages/airflow/example_dags/example_time_delta_sensor_async.py took 0.069 seconds
[2024-06-05T02:19:59.893+0000] {processor.py:161} INFO - Started process (PID=15013) to work on /home/ubuntu/endtoend_venv/lib/python3.12/site-packages/airflow/example_dags/example_time_delta_sensor_async.py
[2024-06-05T02:19:59.895+0000] {processor.py:830} INFO - Processing file /home/ubuntu/endtoend_venv/lib/python3.12/site-packages/airflow/example_dags/example_time_delta_sensor_async.py for tasks to queue
[2024-06-05T02:19:59.897+0000] {logging_mixin.py:188} INFO - [2024-06-05T02:19:59.896+0000] {dagbag.py:545} INFO - Filling up the DagBag from /home/ubuntu/endtoend_venv/lib/python3.12/site-packages/airflow/example_dags/example_time_delta_sensor_async.py
[2024-06-05T02:19:59.902+0000] {processor.py:840} INFO - DAG(s) 'example_time_delta_sensor_async' retrieved from /home/ubuntu/endtoend_venv/lib/python3.12/site-packages/airflow/example_dags/example_time_delta_sensor_async.py
[2024-06-05T02:19:59.918+0000] {logging_mixin.py:188} INFO - [2024-06-05T02:19:59.918+0000] {dag.py:3096} INFO - Sync 1 DAGs
[2024-06-05T02:19:59.931+0000] {logging_mixin.py:188} INFO - [2024-06-05T02:19:59.930+0000] {dag.py:3954} INFO - Setting next_dagrun for example_time_delta_sensor_async to None, run_after=None
[2024-06-05T02:19:59.953+0000] {processor.py:183} INFO - Processing /home/ubuntu/endtoend_venv/lib/python3.12/site-packages/airflow/example_dags/example_time_delta_sensor_async.py took 0.066 seconds
[2024-06-05T02:20:49.440+0000] {processor.py:161} INFO - Started process (PID=15070) to work on /home/ubuntu/endtoend_venv/lib/python3.12/site-packages/airflow/example_dags/example_time_delta_sensor_async.py
[2024-06-05T02:20:49.441+0000] {processor.py:830} INFO - Processing file /home/ubuntu/endtoend_venv/lib/python3.12/site-packages/airflow/example_dags/example_time_delta_sensor_async.py for tasks to queue
[2024-06-05T02:20:49.443+0000] {logging_mixin.py:188} INFO - [2024-06-05T02:20:49.442+0000] {dagbag.py:545} INFO - Filling up the DagBag from /home/ubuntu/endtoend_venv/lib/python3.12/site-packages/airflow/example_dags/example_time_delta_sensor_async.py
[2024-06-05T02:20:49.448+0000] {processor.py:840} INFO - DAG(s) 'example_time_delta_sensor_async' retrieved from /home/ubuntu/endtoend_venv/lib/python3.12/site-packages/airflow/example_dags/example_time_delta_sensor_async.py
[2024-06-05T02:20:49.464+0000] {logging_mixin.py:188} INFO - [2024-06-05T02:20:49.464+0000] {dag.py:3096} INFO - Sync 1 DAGs
[2024-06-05T02:20:49.476+0000] {logging_mixin.py:188} INFO - [2024-06-05T02:20:49.476+0000] {dag.py:3954} INFO - Setting next_dagrun for example_time_delta_sensor_async to None, run_after=None
[2024-06-05T02:20:49.499+0000] {processor.py:183} INFO - Processing /home/ubuntu/endtoend_venv/lib/python3.12/site-packages/airflow/example_dags/example_time_delta_sensor_async.py took 0.066 seconds
[2024-06-05T02:21:30.037+0000] {processor.py:161} INFO - Started process (PID=15113) to work on /home/ubuntu/endtoend_venv/lib/python3.12/site-packages/airflow/example_dags/example_time_delta_sensor_async.py
[2024-06-05T02:21:30.038+0000] {processor.py:830} INFO - Processing file /home/ubuntu/endtoend_venv/lib/python3.12/site-packages/airflow/example_dags/example_time_delta_sensor_async.py for tasks to queue
[2024-06-05T02:21:30.040+0000] {logging_mixin.py:188} INFO - [2024-06-05T02:21:30.039+0000] {dagbag.py:545} INFO - Filling up the DagBag from /home/ubuntu/endtoend_venv/lib/python3.12/site-packages/airflow/example_dags/example_time_delta_sensor_async.py
[2024-06-05T02:21:30.045+0000] {processor.py:840} INFO - DAG(s) 'example_time_delta_sensor_async' retrieved from /home/ubuntu/endtoend_venv/lib/python3.12/site-packages/airflow/example_dags/example_time_delta_sensor_async.py
[2024-06-05T02:21:30.061+0000] {logging_mixin.py:188} INFO - [2024-06-05T02:21:30.060+0000] {dag.py:3096} INFO - Sync 1 DAGs
[2024-06-05T02:21:30.073+0000] {logging_mixin.py:188} INFO - [2024-06-05T02:21:30.073+0000] {dag.py:3954} INFO - Setting next_dagrun for example_time_delta_sensor_async to None, run_after=None
[2024-06-05T02:21:30.098+0000] {processor.py:183} INFO - Processing /home/ubuntu/endtoend_venv/lib/python3.12/site-packages/airflow/example_dags/example_time_delta_sensor_async.py took 0.067 seconds
[2024-06-05T02:22:09.408+0000] {processor.py:161} INFO - Started process (PID=15155) to work on /home/ubuntu/endtoend_venv/lib/python3.12/site-packages/airflow/example_dags/example_time_delta_sensor_async.py
[2024-06-05T02:22:09.410+0000] {processor.py:830} INFO - Processing file /home/ubuntu/endtoend_venv/lib/python3.12/site-packages/airflow/example_dags/example_time_delta_sensor_async.py for tasks to queue
[2024-06-05T02:22:09.411+0000] {logging_mixin.py:188} INFO - [2024-06-05T02:22:09.411+0000] {dagbag.py:545} INFO - Filling up the DagBag from /home/ubuntu/endtoend_venv/lib/python3.12/site-packages/airflow/example_dags/example_time_delta_sensor_async.py
[2024-06-05T02:22:09.416+0000] {processor.py:840} INFO - DAG(s) 'example_time_delta_sensor_async' retrieved from /home/ubuntu/endtoend_venv/lib/python3.12/site-packages/airflow/example_dags/example_time_delta_sensor_async.py
[2024-06-05T02:22:09.433+0000] {logging_mixin.py:188} INFO - [2024-06-05T02:22:09.433+0000] {dag.py:3096} INFO - Sync 1 DAGs
[2024-06-05T02:22:09.446+0000] {logging_mixin.py:188} INFO - [2024-06-05T02:22:09.445+0000] {dag.py:3954} INFO - Setting next_dagrun for example_time_delta_sensor_async to None, run_after=None
[2024-06-05T02:22:09.468+0000] {processor.py:183} INFO - Processing /home/ubuntu/endtoend_venv/lib/python3.12/site-packages/airflow/example_dags/example_time_delta_sensor_async.py took 0.066 seconds
[2024-06-05T02:22:48.740+0000] {processor.py:161} INFO - Started process (PID=15195) to work on /home/ubuntu/endtoend_venv/lib/python3.12/site-packages/airflow/example_dags/example_time_delta_sensor_async.py
[2024-06-05T02:22:48.741+0000] {processor.py:830} INFO - Processing file /home/ubuntu/endtoend_venv/lib/python3.12/site-packages/airflow/example_dags/example_time_delta_sensor_async.py for tasks to queue
[2024-06-05T02:22:48.743+0000] {logging_mixin.py:188} INFO - [2024-06-05T02:22:48.742+0000] {dagbag.py:545} INFO - Filling up the DagBag from /home/ubuntu/endtoend_venv/lib/python3.12/site-packages/airflow/example_dags/example_time_delta_sensor_async.py
[2024-06-05T02:22:48.748+0000] {processor.py:840} INFO - DAG(s) 'example_time_delta_sensor_async' retrieved from /home/ubuntu/endtoend_venv/lib/python3.12/site-packages/airflow/example_dags/example_time_delta_sensor_async.py
[2024-06-05T02:22:48.764+0000] {logging_mixin.py:188} INFO - [2024-06-05T02:22:48.764+0000] {dag.py:3096} INFO - Sync 1 DAGs
[2024-06-05T02:22:48.776+0000] {logging_mixin.py:188} INFO - [2024-06-05T02:22:48.776+0000] {dag.py:3954} INFO - Setting next_dagrun for example_time_delta_sensor_async to None, run_after=None
[2024-06-05T02:22:48.798+0000] {processor.py:183} INFO - Processing /home/ubuntu/endtoend_venv/lib/python3.12/site-packages/airflow/example_dags/example_time_delta_sensor_async.py took 0.065 seconds
[2024-06-05T02:23:25.914+0000] {processor.py:161} INFO - Started process (PID=15235) to work on /home/ubuntu/endtoend_venv/lib/python3.12/site-packages/airflow/example_dags/example_time_delta_sensor_async.py
[2024-06-05T02:23:25.916+0000] {processor.py:830} INFO - Processing file /home/ubuntu/endtoend_venv/lib/python3.12/site-packages/airflow/example_dags/example_time_delta_sensor_async.py for tasks to queue
[2024-06-05T02:23:25.917+0000] {logging_mixin.py:188} INFO - [2024-06-05T02:23:25.917+0000] {dagbag.py:545} INFO - Filling up the DagBag from /home/ubuntu/endtoend_venv/lib/python3.12/site-packages/airflow/example_dags/example_time_delta_sensor_async.py
[2024-06-05T02:23:25.922+0000] {processor.py:840} INFO - DAG(s) 'example_time_delta_sensor_async' retrieved from /home/ubuntu/endtoend_venv/lib/python3.12/site-packages/airflow/example_dags/example_time_delta_sensor_async.py
[2024-06-05T02:23:25.938+0000] {logging_mixin.py:188} INFO - [2024-06-05T02:23:25.938+0000] {dag.py:3096} INFO - Sync 1 DAGs
[2024-06-05T02:23:25.951+0000] {logging_mixin.py:188} INFO - [2024-06-05T02:23:25.950+0000] {dag.py:3954} INFO - Setting next_dagrun for example_time_delta_sensor_async to None, run_after=None
[2024-06-05T02:23:25.973+0000] {processor.py:183} INFO - Processing /home/ubuntu/endtoend_venv/lib/python3.12/site-packages/airflow/example_dags/example_time_delta_sensor_async.py took 0.065 seconds
[2024-06-05T02:25:28.328+0000] {processor.py:161} INFO - Started process (PID=15333) to work on /home/ubuntu/endtoend_venv/lib/python3.12/site-packages/airflow/example_dags/example_time_delta_sensor_async.py
[2024-06-05T02:25:28.330+0000] {processor.py:830} INFO - Processing file /home/ubuntu/endtoend_venv/lib/python3.12/site-packages/airflow/example_dags/example_time_delta_sensor_async.py for tasks to queue
[2024-06-05T02:25:28.332+0000] {logging_mixin.py:188} INFO - [2024-06-05T02:25:28.331+0000] {dagbag.py:545} INFO - Filling up the DagBag from /home/ubuntu/endtoend_venv/lib/python3.12/site-packages/airflow/example_dags/example_time_delta_sensor_async.py
[2024-06-05T02:25:28.340+0000] {processor.py:840} INFO - DAG(s) 'example_time_delta_sensor_async' retrieved from /home/ubuntu/endtoend_venv/lib/python3.12/site-packages/airflow/example_dags/example_time_delta_sensor_async.py
[2024-06-05T02:25:28.348+0000] {logging_mixin.py:188} INFO - [2024-06-05T02:25:28.348+0000] {dag.py:3096} INFO - Sync 1 DAGs
[2024-06-05T02:25:28.363+0000] {logging_mixin.py:188} INFO - [2024-06-05T02:25:28.363+0000] {dag.py:3954} INFO - Setting next_dagrun for example_time_delta_sensor_async to None, run_after=None
[2024-06-05T02:25:28.387+0000] {processor.py:183} INFO - Processing /home/ubuntu/endtoend_venv/lib/python3.12/site-packages/airflow/example_dags/example_time_delta_sensor_async.py took 0.064 seconds
[2024-06-05T02:26:19.183+0000] {processor.py:161} INFO - Started process (PID=15385) to work on /home/ubuntu/endtoend_venv/lib/python3.12/site-packages/airflow/example_dags/example_time_delta_sensor_async.py
[2024-06-05T02:26:19.184+0000] {processor.py:830} INFO - Processing file /home/ubuntu/endtoend_venv/lib/python3.12/site-packages/airflow/example_dags/example_time_delta_sensor_async.py for tasks to queue
[2024-06-05T02:26:19.186+0000] {logging_mixin.py:188} INFO - [2024-06-05T02:26:19.186+0000] {dagbag.py:545} INFO - Filling up the DagBag from /home/ubuntu/endtoend_venv/lib/python3.12/site-packages/airflow/example_dags/example_time_delta_sensor_async.py
[2024-06-05T02:26:19.191+0000] {processor.py:840} INFO - DAG(s) 'example_time_delta_sensor_async' retrieved from /home/ubuntu/endtoend_venv/lib/python3.12/site-packages/airflow/example_dags/example_time_delta_sensor_async.py
[2024-06-05T02:26:19.293+0000] {logging_mixin.py:188} INFO - [2024-06-05T02:26:19.293+0000] {dag.py:3096} INFO - Sync 1 DAGs
[2024-06-05T02:26:19.302+0000] {logging_mixin.py:188} INFO - [2024-06-05T02:26:19.302+0000] {dag.py:3954} INFO - Setting next_dagrun for example_time_delta_sensor_async to None, run_after=None
[2024-06-05T02:26:19.324+0000] {processor.py:183} INFO - Processing /home/ubuntu/endtoend_venv/lib/python3.12/site-packages/airflow/example_dags/example_time_delta_sensor_async.py took 0.147 seconds
[2024-06-05T02:27:05.930+0000] {processor.py:161} INFO - Started process (PID=15431) to work on /home/ubuntu/endtoend_venv/lib/python3.12/site-packages/airflow/example_dags/example_time_delta_sensor_async.py
[2024-06-05T02:27:05.932+0000] {processor.py:830} INFO - Processing file /home/ubuntu/endtoend_venv/lib/python3.12/site-packages/airflow/example_dags/example_time_delta_sensor_async.py for tasks to queue
[2024-06-05T02:27:05.934+0000] {logging_mixin.py:188} INFO - [2024-06-05T02:27:05.933+0000] {dagbag.py:545} INFO - Filling up the DagBag from /home/ubuntu/endtoend_venv/lib/python3.12/site-packages/airflow/example_dags/example_time_delta_sensor_async.py
[2024-06-05T02:27:05.939+0000] {processor.py:840} INFO - DAG(s) 'example_time_delta_sensor_async' retrieved from /home/ubuntu/endtoend_venv/lib/python3.12/site-packages/airflow/example_dags/example_time_delta_sensor_async.py
[2024-06-05T02:27:05.955+0000] {logging_mixin.py:188} INFO - [2024-06-05T02:27:05.955+0000] {dag.py:3096} INFO - Sync 1 DAGs
[2024-06-05T02:27:05.967+0000] {logging_mixin.py:188} INFO - [2024-06-05T02:27:05.967+0000] {dag.py:3954} INFO - Setting next_dagrun for example_time_delta_sensor_async to None, run_after=None
[2024-06-05T02:27:05.989+0000] {processor.py:183} INFO - Processing /home/ubuntu/endtoend_venv/lib/python3.12/site-packages/airflow/example_dags/example_time_delta_sensor_async.py took 0.064 seconds
[2024-06-05T02:27:55.666+0000] {processor.py:161} INFO - Started process (PID=15482) to work on /home/ubuntu/endtoend_venv/lib/python3.12/site-packages/airflow/example_dags/example_time_delta_sensor_async.py
[2024-06-05T02:27:55.668+0000] {processor.py:830} INFO - Processing file /home/ubuntu/endtoend_venv/lib/python3.12/site-packages/airflow/example_dags/example_time_delta_sensor_async.py for tasks to queue
[2024-06-05T02:27:55.670+0000] {logging_mixin.py:188} INFO - [2024-06-05T02:27:55.669+0000] {dagbag.py:545} INFO - Filling up the DagBag from /home/ubuntu/endtoend_venv/lib/python3.12/site-packages/airflow/example_dags/example_time_delta_sensor_async.py
[2024-06-05T02:27:55.675+0000] {processor.py:840} INFO - DAG(s) 'example_time_delta_sensor_async' retrieved from /home/ubuntu/endtoend_venv/lib/python3.12/site-packages/airflow/example_dags/example_time_delta_sensor_async.py
[2024-06-05T02:27:55.692+0000] {logging_mixin.py:188} INFO - [2024-06-05T02:27:55.692+0000] {dag.py:3096} INFO - Sync 1 DAGs
[2024-06-05T02:27:55.705+0000] {logging_mixin.py:188} INFO - [2024-06-05T02:27:55.704+0000] {dag.py:3954} INFO - Setting next_dagrun for example_time_delta_sensor_async to None, run_after=None
[2024-06-05T02:27:55.728+0000] {processor.py:183} INFO - Processing /home/ubuntu/endtoend_venv/lib/python3.12/site-packages/airflow/example_dags/example_time_delta_sensor_async.py took 0.067 seconds
[2024-06-05T02:28:38.424+0000] {processor.py:161} INFO - Started process (PID=15527) to work on /home/ubuntu/endtoend_venv/lib/python3.12/site-packages/airflow/example_dags/example_time_delta_sensor_async.py
[2024-06-05T02:28:38.426+0000] {processor.py:830} INFO - Processing file /home/ubuntu/endtoend_venv/lib/python3.12/site-packages/airflow/example_dags/example_time_delta_sensor_async.py for tasks to queue
[2024-06-05T02:28:38.428+0000] {logging_mixin.py:188} INFO - [2024-06-05T02:28:38.427+0000] {dagbag.py:545} INFO - Filling up the DagBag from /home/ubuntu/endtoend_venv/lib/python3.12/site-packages/airflow/example_dags/example_time_delta_sensor_async.py
[2024-06-05T02:28:38.433+0000] {processor.py:840} INFO - DAG(s) 'example_time_delta_sensor_async' retrieved from /home/ubuntu/endtoend_venv/lib/python3.12/site-packages/airflow/example_dags/example_time_delta_sensor_async.py
[2024-06-05T02:28:38.449+0000] {logging_mixin.py:188} INFO - [2024-06-05T02:28:38.449+0000] {dag.py:3096} INFO - Sync 1 DAGs
[2024-06-05T02:28:38.461+0000] {logging_mixin.py:188} INFO - [2024-06-05T02:28:38.461+0000] {dag.py:3954} INFO - Setting next_dagrun for example_time_delta_sensor_async to None, run_after=None
[2024-06-05T02:28:38.484+0000] {processor.py:183} INFO - Processing /home/ubuntu/endtoend_venv/lib/python3.12/site-packages/airflow/example_dags/example_time_delta_sensor_async.py took 0.066 seconds
[2024-06-05T02:29:19.847+0000] {processor.py:161} INFO - Started process (PID=15574) to work on /home/ubuntu/endtoend_venv/lib/python3.12/site-packages/airflow/example_dags/example_time_delta_sensor_async.py
[2024-06-05T02:29:19.849+0000] {processor.py:830} INFO - Processing file /home/ubuntu/endtoend_venv/lib/python3.12/site-packages/airflow/example_dags/example_time_delta_sensor_async.py for tasks to queue
[2024-06-05T02:29:19.851+0000] {logging_mixin.py:188} INFO - [2024-06-05T02:29:19.850+0000] {dagbag.py:545} INFO - Filling up the DagBag from /home/ubuntu/endtoend_venv/lib/python3.12/site-packages/airflow/example_dags/example_time_delta_sensor_async.py
[2024-06-05T02:29:19.856+0000] {processor.py:840} INFO - DAG(s) 'example_time_delta_sensor_async' retrieved from /home/ubuntu/endtoend_venv/lib/python3.12/site-packages/airflow/example_dags/example_time_delta_sensor_async.py
[2024-06-05T02:29:19.872+0000] {logging_mixin.py:188} INFO - [2024-06-05T02:29:19.872+0000] {dag.py:3096} INFO - Sync 1 DAGs
[2024-06-05T02:29:19.884+0000] {logging_mixin.py:188} INFO - [2024-06-05T02:29:19.884+0000] {dag.py:3954} INFO - Setting next_dagrun for example_time_delta_sensor_async to None, run_after=None
[2024-06-05T02:29:19.907+0000] {processor.py:183} INFO - Processing /home/ubuntu/endtoend_venv/lib/python3.12/site-packages/airflow/example_dags/example_time_delta_sensor_async.py took 0.065 seconds
[2024-06-05T02:30:01.925+0000] {processor.py:161} INFO - Started process (PID=15616) to work on /home/ubuntu/endtoend_venv/lib/python3.12/site-packages/airflow/example_dags/example_time_delta_sensor_async.py
[2024-06-05T02:30:01.926+0000] {processor.py:830} INFO - Processing file /home/ubuntu/endtoend_venv/lib/python3.12/site-packages/airflow/example_dags/example_time_delta_sensor_async.py for tasks to queue
[2024-06-05T02:30:01.928+0000] {logging_mixin.py:188} INFO - [2024-06-05T02:30:01.928+0000] {dagbag.py:545} INFO - Filling up the DagBag from /home/ubuntu/endtoend_venv/lib/python3.12/site-packages/airflow/example_dags/example_time_delta_sensor_async.py
[2024-06-05T02:30:01.933+0000] {processor.py:840} INFO - DAG(s) 'example_time_delta_sensor_async' retrieved from /home/ubuntu/endtoend_venv/lib/python3.12/site-packages/airflow/example_dags/example_time_delta_sensor_async.py
[2024-06-05T02:30:01.950+0000] {logging_mixin.py:188} INFO - [2024-06-05T02:30:01.949+0000] {dag.py:3096} INFO - Sync 1 DAGs
[2024-06-05T02:30:01.962+0000] {logging_mixin.py:188} INFO - [2024-06-05T02:30:01.962+0000] {dag.py:3954} INFO - Setting next_dagrun for example_time_delta_sensor_async to None, run_after=None
[2024-06-05T02:30:01.987+0000] {processor.py:183} INFO - Processing /home/ubuntu/endtoend_venv/lib/python3.12/site-packages/airflow/example_dags/example_time_delta_sensor_async.py took 0.068 seconds
[2024-06-05T02:30:44.119+0000] {processor.py:161} INFO - Started process (PID=15663) to work on /home/ubuntu/endtoend_venv/lib/python3.12/site-packages/airflow/example_dags/example_time_delta_sensor_async.py
[2024-06-05T02:30:44.120+0000] {processor.py:830} INFO - Processing file /home/ubuntu/endtoend_venv/lib/python3.12/site-packages/airflow/example_dags/example_time_delta_sensor_async.py for tasks to queue
[2024-06-05T02:30:44.122+0000] {logging_mixin.py:188} INFO - [2024-06-05T02:30:44.121+0000] {dagbag.py:545} INFO - Filling up the DagBag from /home/ubuntu/endtoend_venv/lib/python3.12/site-packages/airflow/example_dags/example_time_delta_sensor_async.py
[2024-06-05T02:30:44.127+0000] {processor.py:840} INFO - DAG(s) 'example_time_delta_sensor_async' retrieved from /home/ubuntu/endtoend_venv/lib/python3.12/site-packages/airflow/example_dags/example_time_delta_sensor_async.py
[2024-06-05T02:30:44.144+0000] {logging_mixin.py:188} INFO - [2024-06-05T02:30:44.143+0000] {dag.py:3096} INFO - Sync 1 DAGs
[2024-06-05T02:30:44.156+0000] {logging_mixin.py:188} INFO - [2024-06-05T02:30:44.156+0000] {dag.py:3954} INFO - Setting next_dagrun for example_time_delta_sensor_async to None, run_after=None
[2024-06-05T02:30:44.180+0000] {processor.py:183} INFO - Processing /home/ubuntu/endtoend_venv/lib/python3.12/site-packages/airflow/example_dags/example_time_delta_sensor_async.py took 0.067 seconds
[2024-06-05T02:31:26.498+0000] {processor.py:161} INFO - Started process (PID=15706) to work on /home/ubuntu/endtoend_venv/lib/python3.12/site-packages/airflow/example_dags/example_time_delta_sensor_async.py
[2024-06-05T02:31:26.500+0000] {processor.py:830} INFO - Processing file /home/ubuntu/endtoend_venv/lib/python3.12/site-packages/airflow/example_dags/example_time_delta_sensor_async.py for tasks to queue
[2024-06-05T02:31:26.502+0000] {logging_mixin.py:188} INFO - [2024-06-05T02:31:26.501+0000] {dagbag.py:545} INFO - Filling up the DagBag from /home/ubuntu/endtoend_venv/lib/python3.12/site-packages/airflow/example_dags/example_time_delta_sensor_async.py
[2024-06-05T02:31:26.507+0000] {processor.py:840} INFO - DAG(s) 'example_time_delta_sensor_async' retrieved from /home/ubuntu/endtoend_venv/lib/python3.12/site-packages/airflow/example_dags/example_time_delta_sensor_async.py
[2024-06-05T02:31:26.523+0000] {logging_mixin.py:188} INFO - [2024-06-05T02:31:26.523+0000] {dag.py:3096} INFO - Sync 1 DAGs
[2024-06-05T02:31:26.536+0000] {logging_mixin.py:188} INFO - [2024-06-05T02:31:26.535+0000] {dag.py:3954} INFO - Setting next_dagrun for example_time_delta_sensor_async to None, run_after=None
[2024-06-05T02:31:26.558+0000] {processor.py:183} INFO - Processing /home/ubuntu/endtoend_venv/lib/python3.12/site-packages/airflow/example_dags/example_time_delta_sensor_async.py took 0.066 seconds
[2024-06-05T02:32:10.604+0000] {processor.py:161} INFO - Started process (PID=15751) to work on /home/ubuntu/endtoend_venv/lib/python3.12/site-packages/airflow/example_dags/example_time_delta_sensor_async.py
[2024-06-05T02:32:10.606+0000] {processor.py:830} INFO - Processing file /home/ubuntu/endtoend_venv/lib/python3.12/site-packages/airflow/example_dags/example_time_delta_sensor_async.py for tasks to queue
[2024-06-05T02:32:10.608+0000] {logging_mixin.py:188} INFO - [2024-06-05T02:32:10.607+0000] {dagbag.py:545} INFO - Filling up the DagBag from /home/ubuntu/endtoend_venv/lib/python3.12/site-packages/airflow/example_dags/example_time_delta_sensor_async.py
[2024-06-05T02:32:10.613+0000] {processor.py:840} INFO - DAG(s) 'example_time_delta_sensor_async' retrieved from /home/ubuntu/endtoend_venv/lib/python3.12/site-packages/airflow/example_dags/example_time_delta_sensor_async.py
[2024-06-05T02:32:10.630+0000] {logging_mixin.py:188} INFO - [2024-06-05T02:32:10.629+0000] {dag.py:3096} INFO - Sync 1 DAGs
[2024-06-05T02:32:10.642+0000] {logging_mixin.py:188} INFO - [2024-06-05T02:32:10.642+0000] {dag.py:3954} INFO - Setting next_dagrun for example_time_delta_sensor_async to None, run_after=None
[2024-06-05T02:32:10.665+0000] {processor.py:183} INFO - Processing /home/ubuntu/endtoend_venv/lib/python3.12/site-packages/airflow/example_dags/example_time_delta_sensor_async.py took 0.067 seconds
[2024-06-05T02:32:51.159+0000] {processor.py:161} INFO - Started process (PID=15793) to work on /home/ubuntu/endtoend_venv/lib/python3.12/site-packages/airflow/example_dags/example_time_delta_sensor_async.py
[2024-06-05T02:32:51.161+0000] {processor.py:830} INFO - Processing file /home/ubuntu/endtoend_venv/lib/python3.12/site-packages/airflow/example_dags/example_time_delta_sensor_async.py for tasks to queue
[2024-06-05T02:32:51.163+0000] {logging_mixin.py:188} INFO - [2024-06-05T02:32:51.162+0000] {dagbag.py:545} INFO - Filling up the DagBag from /home/ubuntu/endtoend_venv/lib/python3.12/site-packages/airflow/example_dags/example_time_delta_sensor_async.py
[2024-06-05T02:32:51.168+0000] {processor.py:840} INFO - DAG(s) 'example_time_delta_sensor_async' retrieved from /home/ubuntu/endtoend_venv/lib/python3.12/site-packages/airflow/example_dags/example_time_delta_sensor_async.py
[2024-06-05T02:32:51.184+0000] {logging_mixin.py:188} INFO - [2024-06-05T02:32:51.184+0000] {dag.py:3096} INFO - Sync 1 DAGs
[2024-06-05T02:32:51.196+0000] {logging_mixin.py:188} INFO - [2024-06-05T02:32:51.195+0000] {dag.py:3954} INFO - Setting next_dagrun for example_time_delta_sensor_async to None, run_after=None
[2024-06-05T02:32:51.218+0000] {processor.py:183} INFO - Processing /home/ubuntu/endtoend_venv/lib/python3.12/site-packages/airflow/example_dags/example_time_delta_sensor_async.py took 0.064 seconds
[2024-06-05T02:33:34.018+0000] {processor.py:161} INFO - Started process (PID=15835) to work on /home/ubuntu/endtoend_venv/lib/python3.12/site-packages/airflow/example_dags/example_time_delta_sensor_async.py
[2024-06-05T02:33:34.020+0000] {processor.py:830} INFO - Processing file /home/ubuntu/endtoend_venv/lib/python3.12/site-packages/airflow/example_dags/example_time_delta_sensor_async.py for tasks to queue
[2024-06-05T02:33:34.022+0000] {logging_mixin.py:188} INFO - [2024-06-05T02:33:34.021+0000] {dagbag.py:545} INFO - Filling up the DagBag from /home/ubuntu/endtoend_venv/lib/python3.12/site-packages/airflow/example_dags/example_time_delta_sensor_async.py
[2024-06-05T02:33:34.027+0000] {processor.py:840} INFO - DAG(s) 'example_time_delta_sensor_async' retrieved from /home/ubuntu/endtoend_venv/lib/python3.12/site-packages/airflow/example_dags/example_time_delta_sensor_async.py
[2024-06-05T02:33:34.044+0000] {logging_mixin.py:188} INFO - [2024-06-05T02:33:34.043+0000] {dag.py:3096} INFO - Sync 1 DAGs
[2024-06-05T02:33:34.056+0000] {logging_mixin.py:188} INFO - [2024-06-05T02:33:34.056+0000] {dag.py:3954} INFO - Setting next_dagrun for example_time_delta_sensor_async to None, run_after=None
[2024-06-05T02:33:34.080+0000] {processor.py:183} INFO - Processing /home/ubuntu/endtoend_venv/lib/python3.12/site-packages/airflow/example_dags/example_time_delta_sensor_async.py took 0.067 seconds
[2024-06-05T02:34:15.813+0000] {processor.py:161} INFO - Started process (PID=15879) to work on /home/ubuntu/endtoend_venv/lib/python3.12/site-packages/airflow/example_dags/example_time_delta_sensor_async.py
[2024-06-05T02:34:15.815+0000] {processor.py:830} INFO - Processing file /home/ubuntu/endtoend_venv/lib/python3.12/site-packages/airflow/example_dags/example_time_delta_sensor_async.py for tasks to queue
[2024-06-05T02:34:15.816+0000] {logging_mixin.py:188} INFO - [2024-06-05T02:34:15.816+0000] {dagbag.py:545} INFO - Filling up the DagBag from /home/ubuntu/endtoend_venv/lib/python3.12/site-packages/airflow/example_dags/example_time_delta_sensor_async.py
[2024-06-05T02:34:15.821+0000] {processor.py:840} INFO - DAG(s) 'example_time_delta_sensor_async' retrieved from /home/ubuntu/endtoend_venv/lib/python3.12/site-packages/airflow/example_dags/example_time_delta_sensor_async.py
[2024-06-05T02:34:15.838+0000] {logging_mixin.py:188} INFO - [2024-06-05T02:34:15.838+0000] {dag.py:3096} INFO - Sync 1 DAGs
[2024-06-05T02:34:15.850+0000] {logging_mixin.py:188} INFO - [2024-06-05T02:34:15.850+0000] {dag.py:3954} INFO - Setting next_dagrun for example_time_delta_sensor_async to None, run_after=None
[2024-06-05T02:34:15.874+0000] {processor.py:183} INFO - Processing /home/ubuntu/endtoend_venv/lib/python3.12/site-packages/airflow/example_dags/example_time_delta_sensor_async.py took 0.066 seconds
[2024-06-05T02:34:54.167+0000] {processor.py:161} INFO - Started process (PID=15919) to work on /home/ubuntu/endtoend_venv/lib/python3.12/site-packages/airflow/example_dags/example_time_delta_sensor_async.py
[2024-06-05T02:34:54.169+0000] {processor.py:830} INFO - Processing file /home/ubuntu/endtoend_venv/lib/python3.12/site-packages/airflow/example_dags/example_time_delta_sensor_async.py for tasks to queue
[2024-06-05T02:34:54.171+0000] {logging_mixin.py:188} INFO - [2024-06-05T02:34:54.170+0000] {dagbag.py:545} INFO - Filling up the DagBag from /home/ubuntu/endtoend_venv/lib/python3.12/site-packages/airflow/example_dags/example_time_delta_sensor_async.py
[2024-06-05T02:34:54.176+0000] {processor.py:840} INFO - DAG(s) 'example_time_delta_sensor_async' retrieved from /home/ubuntu/endtoend_venv/lib/python3.12/site-packages/airflow/example_dags/example_time_delta_sensor_async.py
[2024-06-05T02:34:54.193+0000] {logging_mixin.py:188} INFO - [2024-06-05T02:34:54.192+0000] {dag.py:3096} INFO - Sync 1 DAGs
[2024-06-05T02:34:54.205+0000] {logging_mixin.py:188} INFO - [2024-06-05T02:34:54.205+0000] {dag.py:3954} INFO - Setting next_dagrun for example_time_delta_sensor_async to None, run_after=None
[2024-06-05T02:34:54.228+0000] {processor.py:183} INFO - Processing /home/ubuntu/endtoend_venv/lib/python3.12/site-packages/airflow/example_dags/example_time_delta_sensor_async.py took 0.066 seconds
