[2024-06-05T02:18:26.234+0000] {processor.py:161} INFO - Started process (PID=14923) to work on /home/ubuntu/endtoend_venv/lib/python3.12/site-packages/airflow/example_dags/example_skip_dag.py
[2024-06-05T02:18:26.235+0000] {processor.py:830} INFO - Processing file /home/ubuntu/endtoend_venv/lib/python3.12/site-packages/airflow/example_dags/example_skip_dag.py for tasks to queue
[2024-06-05T02:18:26.236+0000] {logging_mixin.py:188} INFO - [2024-06-05T02:18:26.236+0000] {dagbag.py:545} INFO - Filling up the DagBag from /home/ubuntu/endtoend_venv/lib/python3.12/site-packages/airflow/example_dags/example_skip_dag.py
[2024-06-05T02:18:26.243+0000] {processor.py:840} INFO - DAG(s) 'example_skip_dag' retrieved from /home/ubuntu/endtoend_venv/lib/python3.12/site-packages/airflow/example_dags/example_skip_dag.py
[2024-06-05T02:18:26.367+0000] {logging_mixin.py:188} INFO - [2024-06-05T02:18:26.366+0000] {override.py:1829} INFO - Created Permission View: can read on DAG:example_skip_dag
[2024-06-05T02:18:26.380+0000] {logging_mixin.py:188} INFO - [2024-06-05T02:18:26.380+0000] {override.py:1829} INFO - Created Permission View: can delete on DAG:example_skip_dag
[2024-06-05T02:18:26.390+0000] {logging_mixin.py:188} INFO - [2024-06-05T02:18:26.389+0000] {override.py:1829} INFO - Created Permission View: can edit on DAG:example_skip_dag
[2024-06-05T02:18:26.390+0000] {logging_mixin.py:188} INFO - [2024-06-05T02:18:26.390+0000] {dag.py:3096} INFO - Sync 1 DAGs
[2024-06-05T02:18:26.400+0000] {logging_mixin.py:188} INFO - [2024-06-05T02:18:26.400+0000] {dag.py:3118} INFO - Creating ORM DAG for example_skip_dag
[2024-06-05T02:18:26.410+0000] {logging_mixin.py:188} INFO - [2024-06-05T02:18:26.409+0000] {dag.py:3954} INFO - Setting next_dagrun for example_skip_dag to 2024-06-04 00:00:00+00:00, run_after=2024-06-05 00:00:00+00:00
[2024-06-05T02:18:26.432+0000] {processor.py:183} INFO - Processing /home/ubuntu/endtoend_venv/lib/python3.12/site-packages/airflow/example_dags/example_skip_dag.py took 0.204 seconds
[2024-06-05T02:19:20.921+0000] {processor.py:161} INFO - Started process (PID=14974) to work on /home/ubuntu/endtoend_venv/lib/python3.12/site-packages/airflow/example_dags/example_skip_dag.py
[2024-06-05T02:19:20.923+0000] {processor.py:830} INFO - Processing file /home/ubuntu/endtoend_venv/lib/python3.12/site-packages/airflow/example_dags/example_skip_dag.py for tasks to queue
[2024-06-05T02:19:20.924+0000] {logging_mixin.py:188} INFO - [2024-06-05T02:19:20.924+0000] {dagbag.py:545} INFO - Filling up the DagBag from /home/ubuntu/endtoend_venv/lib/python3.12/site-packages/airflow/example_dags/example_skip_dag.py
[2024-06-05T02:19:20.931+0000] {processor.py:840} INFO - DAG(s) 'example_skip_dag' retrieved from /home/ubuntu/endtoend_venv/lib/python3.12/site-packages/airflow/example_dags/example_skip_dag.py
[2024-06-05T02:19:20.949+0000] {logging_mixin.py:188} INFO - [2024-06-05T02:19:20.949+0000] {dag.py:3096} INFO - Sync 1 DAGs
[2024-06-05T02:19:20.970+0000] {logging_mixin.py:188} INFO - [2024-06-05T02:19:20.970+0000] {dag.py:3954} INFO - Setting next_dagrun for example_skip_dag to 2024-06-04 00:00:00+00:00, run_after=2024-06-05 00:00:00+00:00
[2024-06-05T02:19:20.993+0000] {processor.py:183} INFO - Processing /home/ubuntu/endtoend_venv/lib/python3.12/site-packages/airflow/example_dags/example_skip_dag.py took 0.077 seconds
[2024-06-05T02:20:11.270+0000] {processor.py:161} INFO - Started process (PID=15031) to work on /home/ubuntu/endtoend_venv/lib/python3.12/site-packages/airflow/example_dags/example_skip_dag.py
[2024-06-05T02:20:11.271+0000] {processor.py:830} INFO - Processing file /home/ubuntu/endtoend_venv/lib/python3.12/site-packages/airflow/example_dags/example_skip_dag.py for tasks to queue
[2024-06-05T02:20:11.273+0000] {logging_mixin.py:188} INFO - [2024-06-05T02:20:11.273+0000] {dagbag.py:545} INFO - Filling up the DagBag from /home/ubuntu/endtoend_venv/lib/python3.12/site-packages/airflow/example_dags/example_skip_dag.py
[2024-06-05T02:20:11.280+0000] {processor.py:840} INFO - DAG(s) 'example_skip_dag' retrieved from /home/ubuntu/endtoend_venv/lib/python3.12/site-packages/airflow/example_dags/example_skip_dag.py
[2024-06-05T02:20:11.298+0000] {logging_mixin.py:188} INFO - [2024-06-05T02:20:11.298+0000] {dag.py:3096} INFO - Sync 1 DAGs
[2024-06-05T02:20:11.318+0000] {logging_mixin.py:188} INFO - [2024-06-05T02:20:11.318+0000] {dag.py:3954} INFO - Setting next_dagrun for example_skip_dag to 2024-06-04 00:00:00+00:00, run_after=2024-06-05 00:00:00+00:00
[2024-06-05T02:20:11.341+0000] {processor.py:183} INFO - Processing /home/ubuntu/endtoend_venv/lib/python3.12/site-packages/airflow/example_dags/example_skip_dag.py took 0.077 seconds
[2024-06-05T02:20:56.522+0000] {processor.py:161} INFO - Started process (PID=15078) to work on /home/ubuntu/endtoend_venv/lib/python3.12/site-packages/airflow/example_dags/example_skip_dag.py
[2024-06-05T02:20:56.524+0000] {processor.py:830} INFO - Processing file /home/ubuntu/endtoend_venv/lib/python3.12/site-packages/airflow/example_dags/example_skip_dag.py for tasks to queue
[2024-06-05T02:20:56.525+0000] {logging_mixin.py:188} INFO - [2024-06-05T02:20:56.525+0000] {dagbag.py:545} INFO - Filling up the DagBag from /home/ubuntu/endtoend_venv/lib/python3.12/site-packages/airflow/example_dags/example_skip_dag.py
[2024-06-05T02:20:56.532+0000] {processor.py:840} INFO - DAG(s) 'example_skip_dag' retrieved from /home/ubuntu/endtoend_venv/lib/python3.12/site-packages/airflow/example_dags/example_skip_dag.py
[2024-06-05T02:20:56.550+0000] {logging_mixin.py:188} INFO - [2024-06-05T02:20:56.550+0000] {dag.py:3096} INFO - Sync 1 DAGs
[2024-06-05T02:20:56.570+0000] {logging_mixin.py:188} INFO - [2024-06-05T02:20:56.570+0000] {dag.py:3954} INFO - Setting next_dagrun for example_skip_dag to 2024-06-04 00:00:00+00:00, run_after=2024-06-05 00:00:00+00:00
[2024-06-05T02:20:56.592+0000] {processor.py:183} INFO - Processing /home/ubuntu/endtoend_venv/lib/python3.12/site-packages/airflow/example_dags/example_skip_dag.py took 0.076 seconds
[2024-06-05T02:21:36.241+0000] {processor.py:161} INFO - Started process (PID=15120) to work on /home/ubuntu/endtoend_venv/lib/python3.12/site-packages/airflow/example_dags/example_skip_dag.py
[2024-06-05T02:21:36.242+0000] {processor.py:830} INFO - Processing file /home/ubuntu/endtoend_venv/lib/python3.12/site-packages/airflow/example_dags/example_skip_dag.py for tasks to queue
[2024-06-05T02:21:36.244+0000] {logging_mixin.py:188} INFO - [2024-06-05T02:21:36.244+0000] {dagbag.py:545} INFO - Filling up the DagBag from /home/ubuntu/endtoend_venv/lib/python3.12/site-packages/airflow/example_dags/example_skip_dag.py
[2024-06-05T02:21:36.251+0000] {processor.py:840} INFO - DAG(s) 'example_skip_dag' retrieved from /home/ubuntu/endtoend_venv/lib/python3.12/site-packages/airflow/example_dags/example_skip_dag.py
[2024-06-05T02:21:36.269+0000] {logging_mixin.py:188} INFO - [2024-06-05T02:21:36.269+0000] {dag.py:3096} INFO - Sync 1 DAGs
[2024-06-05T02:21:36.289+0000] {logging_mixin.py:188} INFO - [2024-06-05T02:21:36.289+0000] {dag.py:3954} INFO - Setting next_dagrun for example_skip_dag to 2024-06-04 00:00:00+00:00, run_after=2024-06-05 00:00:00+00:00
[2024-06-05T02:21:36.313+0000] {processor.py:183} INFO - Processing /home/ubuntu/endtoend_venv/lib/python3.12/site-packages/airflow/example_dags/example_skip_dag.py took 0.078 seconds
[2024-06-05T02:22:31.957+0000] {processor.py:161} INFO - Started process (PID=15178) to work on /home/ubuntu/endtoend_venv/lib/python3.12/site-packages/airflow/example_dags/example_skip_dag.py
[2024-06-05T02:22:31.958+0000] {processor.py:830} INFO - Processing file /home/ubuntu/endtoend_venv/lib/python3.12/site-packages/airflow/example_dags/example_skip_dag.py for tasks to queue
[2024-06-05T02:22:31.960+0000] {logging_mixin.py:188} INFO - [2024-06-05T02:22:31.959+0000] {dagbag.py:545} INFO - Filling up the DagBag from /home/ubuntu/endtoend_venv/lib/python3.12/site-packages/airflow/example_dags/example_skip_dag.py
[2024-06-05T02:22:31.967+0000] {processor.py:840} INFO - DAG(s) 'example_skip_dag' retrieved from /home/ubuntu/endtoend_venv/lib/python3.12/site-packages/airflow/example_dags/example_skip_dag.py
[2024-06-05T02:22:31.984+0000] {logging_mixin.py:188} INFO - [2024-06-05T02:22:31.984+0000] {dag.py:3096} INFO - Sync 1 DAGs
[2024-06-05T02:22:32.004+0000] {logging_mixin.py:188} INFO - [2024-06-05T02:22:32.004+0000] {dag.py:3954} INFO - Setting next_dagrun for example_skip_dag to 2024-06-04 00:00:00+00:00, run_after=2024-06-05 00:00:00+00:00
[2024-06-05T02:22:32.027+0000] {processor.py:183} INFO - Processing /home/ubuntu/endtoend_venv/lib/python3.12/site-packages/airflow/example_dags/example_skip_dag.py took 0.076 seconds
[2024-06-05T02:23:11.614+0000] {processor.py:161} INFO - Started process (PID=15220) to work on /home/ubuntu/endtoend_venv/lib/python3.12/site-packages/airflow/example_dags/example_skip_dag.py
[2024-06-05T02:23:11.616+0000] {processor.py:830} INFO - Processing file /home/ubuntu/endtoend_venv/lib/python3.12/site-packages/airflow/example_dags/example_skip_dag.py for tasks to queue
[2024-06-05T02:23:11.618+0000] {logging_mixin.py:188} INFO - [2024-06-05T02:23:11.617+0000] {dagbag.py:545} INFO - Filling up the DagBag from /home/ubuntu/endtoend_venv/lib/python3.12/site-packages/airflow/example_dags/example_skip_dag.py
[2024-06-05T02:23:11.625+0000] {processor.py:840} INFO - DAG(s) 'example_skip_dag' retrieved from /home/ubuntu/endtoend_venv/lib/python3.12/site-packages/airflow/example_dags/example_skip_dag.py
[2024-06-05T02:23:11.643+0000] {logging_mixin.py:188} INFO - [2024-06-05T02:23:11.643+0000] {dag.py:3096} INFO - Sync 1 DAGs
[2024-06-05T02:23:11.665+0000] {logging_mixin.py:188} INFO - [2024-06-05T02:23:11.664+0000] {dag.py:3954} INFO - Setting next_dagrun for example_skip_dag to 2024-06-04 00:00:00+00:00, run_after=2024-06-05 00:00:00+00:00
[2024-06-05T02:23:11.688+0000] {processor.py:183} INFO - Processing /home/ubuntu/endtoend_venv/lib/python3.12/site-packages/airflow/example_dags/example_skip_dag.py took 0.079 seconds
[2024-06-05T02:25:34.612+0000] {processor.py:161} INFO - Started process (PID=15340) to work on /home/ubuntu/endtoend_venv/lib/python3.12/site-packages/airflow/example_dags/example_skip_dag.py
[2024-06-05T02:25:34.614+0000] {processor.py:830} INFO - Processing file /home/ubuntu/endtoend_venv/lib/python3.12/site-packages/airflow/example_dags/example_skip_dag.py for tasks to queue
[2024-06-05T02:25:34.615+0000] {logging_mixin.py:188} INFO - [2024-06-05T02:25:34.615+0000] {dagbag.py:545} INFO - Filling up the DagBag from /home/ubuntu/endtoend_venv/lib/python3.12/site-packages/airflow/example_dags/example_skip_dag.py
[2024-06-05T02:25:34.625+0000] {processor.py:840} INFO - DAG(s) 'example_skip_dag' retrieved from /home/ubuntu/endtoend_venv/lib/python3.12/site-packages/airflow/example_dags/example_skip_dag.py
[2024-06-05T02:25:34.633+0000] {logging_mixin.py:188} INFO - [2024-06-05T02:25:34.633+0000] {dag.py:3096} INFO - Sync 1 DAGs
[2024-06-05T02:25:34.653+0000] {logging_mixin.py:188} INFO - [2024-06-05T02:25:34.653+0000] {dag.py:3954} INFO - Setting next_dagrun for example_skip_dag to 2024-06-04 00:00:00+00:00, run_after=2024-06-05 00:00:00+00:00
[2024-06-05T02:25:34.677+0000] {processor.py:183} INFO - Processing /home/ubuntu/endtoend_venv/lib/python3.12/site-packages/airflow/example_dags/example_skip_dag.py took 0.071 seconds
[2024-06-05T02:26:26.901+0000] {processor.py:161} INFO - Started process (PID=15392) to work on /home/ubuntu/endtoend_venv/lib/python3.12/site-packages/airflow/example_dags/example_skip_dag.py
[2024-06-05T02:26:26.902+0000] {processor.py:830} INFO - Processing file /home/ubuntu/endtoend_venv/lib/python3.12/site-packages/airflow/example_dags/example_skip_dag.py for tasks to queue
[2024-06-05T02:26:26.904+0000] {logging_mixin.py:188} INFO - [2024-06-05T02:26:26.904+0000] {dagbag.py:545} INFO - Filling up the DagBag from /home/ubuntu/endtoend_venv/lib/python3.12/site-packages/airflow/example_dags/example_skip_dag.py
[2024-06-05T02:26:26.911+0000] {processor.py:840} INFO - DAG(s) 'example_skip_dag' retrieved from /home/ubuntu/endtoend_venv/lib/python3.12/site-packages/airflow/example_dags/example_skip_dag.py
[2024-06-05T02:26:27.020+0000] {logging_mixin.py:188} INFO - [2024-06-05T02:26:27.019+0000] {dag.py:3096} INFO - Sync 1 DAGs
[2024-06-05T02:26:27.037+0000] {logging_mixin.py:188} INFO - [2024-06-05T02:26:27.037+0000] {dag.py:3954} INFO - Setting next_dagrun for example_skip_dag to 2024-06-04 00:00:00+00:00, run_after=2024-06-05 00:00:00+00:00
[2024-06-05T02:26:27.060+0000] {processor.py:183} INFO - Processing /home/ubuntu/endtoend_venv/lib/python3.12/site-packages/airflow/example_dags/example_skip_dag.py took 0.165 seconds
[2024-06-05T02:27:16.234+0000] {processor.py:161} INFO - Started process (PID=15443) to work on /home/ubuntu/endtoend_venv/lib/python3.12/site-packages/airflow/example_dags/example_skip_dag.py
[2024-06-05T02:27:16.236+0000] {processor.py:830} INFO - Processing file /home/ubuntu/endtoend_venv/lib/python3.12/site-packages/airflow/example_dags/example_skip_dag.py for tasks to queue
[2024-06-05T02:27:16.238+0000] {logging_mixin.py:188} INFO - [2024-06-05T02:27:16.237+0000] {dagbag.py:545} INFO - Filling up the DagBag from /home/ubuntu/endtoend_venv/lib/python3.12/site-packages/airflow/example_dags/example_skip_dag.py
[2024-06-05T02:27:16.245+0000] {processor.py:840} INFO - DAG(s) 'example_skip_dag' retrieved from /home/ubuntu/endtoend_venv/lib/python3.12/site-packages/airflow/example_dags/example_skip_dag.py
[2024-06-05T02:27:16.262+0000] {logging_mixin.py:188} INFO - [2024-06-05T02:27:16.262+0000] {dag.py:3096} INFO - Sync 1 DAGs
[2024-06-05T02:27:16.282+0000] {logging_mixin.py:188} INFO - [2024-06-05T02:27:16.282+0000] {dag.py:3954} INFO - Setting next_dagrun for example_skip_dag to 2024-06-04 00:00:00+00:00, run_after=2024-06-05 00:00:00+00:00
[2024-06-05T02:27:16.305+0000] {processor.py:183} INFO - Processing /home/ubuntu/endtoend_venv/lib/python3.12/site-packages/airflow/example_dags/example_skip_dag.py took 0.076 seconds
[2024-06-05T02:28:02.552+0000] {processor.py:161} INFO - Started process (PID=15489) to work on /home/ubuntu/endtoend_venv/lib/python3.12/site-packages/airflow/example_dags/example_skip_dag.py
[2024-06-05T02:28:02.553+0000] {processor.py:830} INFO - Processing file /home/ubuntu/endtoend_venv/lib/python3.12/site-packages/airflow/example_dags/example_skip_dag.py for tasks to queue
[2024-06-05T02:28:02.555+0000] {logging_mixin.py:188} INFO - [2024-06-05T02:28:02.554+0000] {dagbag.py:545} INFO - Filling up the DagBag from /home/ubuntu/endtoend_venv/lib/python3.12/site-packages/airflow/example_dags/example_skip_dag.py
[2024-06-05T02:28:02.562+0000] {processor.py:840} INFO - DAG(s) 'example_skip_dag' retrieved from /home/ubuntu/endtoend_venv/lib/python3.12/site-packages/airflow/example_dags/example_skip_dag.py
[2024-06-05T02:28:02.579+0000] {logging_mixin.py:188} INFO - [2024-06-05T02:28:02.579+0000] {dag.py:3096} INFO - Sync 1 DAGs
[2024-06-05T02:28:02.599+0000] {logging_mixin.py:188} INFO - [2024-06-05T02:28:02.599+0000] {dag.py:3954} INFO - Setting next_dagrun for example_skip_dag to 2024-06-04 00:00:00+00:00, run_after=2024-06-05 00:00:00+00:00
[2024-06-05T02:28:02.622+0000] {processor.py:183} INFO - Processing /home/ubuntu/endtoend_venv/lib/python3.12/site-packages/airflow/example_dags/example_skip_dag.py took 0.076 seconds
[2024-06-05T02:28:45.853+0000] {processor.py:161} INFO - Started process (PID=15534) to work on /home/ubuntu/endtoend_venv/lib/python3.12/site-packages/airflow/example_dags/example_skip_dag.py
[2024-06-05T02:28:45.855+0000] {processor.py:830} INFO - Processing file /home/ubuntu/endtoend_venv/lib/python3.12/site-packages/airflow/example_dags/example_skip_dag.py for tasks to queue
[2024-06-05T02:28:45.857+0000] {logging_mixin.py:188} INFO - [2024-06-05T02:28:45.856+0000] {dagbag.py:545} INFO - Filling up the DagBag from /home/ubuntu/endtoend_venv/lib/python3.12/site-packages/airflow/example_dags/example_skip_dag.py
[2024-06-05T02:28:45.864+0000] {processor.py:840} INFO - DAG(s) 'example_skip_dag' retrieved from /home/ubuntu/endtoend_venv/lib/python3.12/site-packages/airflow/example_dags/example_skip_dag.py
[2024-06-05T02:28:45.881+0000] {logging_mixin.py:188} INFO - [2024-06-05T02:28:45.881+0000] {dag.py:3096} INFO - Sync 1 DAGs
[2024-06-05T02:28:45.902+0000] {logging_mixin.py:188} INFO - [2024-06-05T02:28:45.902+0000] {dag.py:3954} INFO - Setting next_dagrun for example_skip_dag to 2024-06-04 00:00:00+00:00, run_after=2024-06-05 00:00:00+00:00
[2024-06-05T02:28:45.925+0000] {processor.py:183} INFO - Processing /home/ubuntu/endtoend_venv/lib/python3.12/site-packages/airflow/example_dags/example_skip_dag.py took 0.078 seconds
[2024-06-05T02:29:26.978+0000] {processor.py:161} INFO - Started process (PID=15581) to work on /home/ubuntu/endtoend_venv/lib/python3.12/site-packages/airflow/example_dags/example_skip_dag.py
[2024-06-05T02:29:26.980+0000] {processor.py:830} INFO - Processing file /home/ubuntu/endtoend_venv/lib/python3.12/site-packages/airflow/example_dags/example_skip_dag.py for tasks to queue
[2024-06-05T02:29:26.981+0000] {logging_mixin.py:188} INFO - [2024-06-05T02:29:26.981+0000] {dagbag.py:545} INFO - Filling up the DagBag from /home/ubuntu/endtoend_venv/lib/python3.12/site-packages/airflow/example_dags/example_skip_dag.py
[2024-06-05T02:29:26.988+0000] {processor.py:840} INFO - DAG(s) 'example_skip_dag' retrieved from /home/ubuntu/endtoend_venv/lib/python3.12/site-packages/airflow/example_dags/example_skip_dag.py
[2024-06-05T02:29:27.006+0000] {logging_mixin.py:188} INFO - [2024-06-05T02:29:27.006+0000] {dag.py:3096} INFO - Sync 1 DAGs
[2024-06-05T02:29:27.026+0000] {logging_mixin.py:188} INFO - [2024-06-05T02:29:27.026+0000] {dag.py:3954} INFO - Setting next_dagrun for example_skip_dag to 2024-06-04 00:00:00+00:00, run_after=2024-06-05 00:00:00+00:00
[2024-06-05T02:29:27.048+0000] {processor.py:183} INFO - Processing /home/ubuntu/endtoend_venv/lib/python3.12/site-packages/airflow/example_dags/example_skip_dag.py took 0.076 seconds
[2024-06-05T02:30:09.191+0000] {processor.py:161} INFO - Started process (PID=15627) to work on /home/ubuntu/endtoend_venv/lib/python3.12/site-packages/airflow/example_dags/example_skip_dag.py
[2024-06-05T02:30:09.192+0000] {processor.py:830} INFO - Processing file /home/ubuntu/endtoend_venv/lib/python3.12/site-packages/airflow/example_dags/example_skip_dag.py for tasks to queue
[2024-06-05T02:30:09.194+0000] {logging_mixin.py:188} INFO - [2024-06-05T02:30:09.193+0000] {dagbag.py:545} INFO - Filling up the DagBag from /home/ubuntu/endtoend_venv/lib/python3.12/site-packages/airflow/example_dags/example_skip_dag.py
[2024-06-05T02:30:09.201+0000] {processor.py:840} INFO - DAG(s) 'example_skip_dag' retrieved from /home/ubuntu/endtoend_venv/lib/python3.12/site-packages/airflow/example_dags/example_skip_dag.py
[2024-06-05T02:30:09.219+0000] {logging_mixin.py:188} INFO - [2024-06-05T02:30:09.218+0000] {dag.py:3096} INFO - Sync 1 DAGs
[2024-06-05T02:30:09.239+0000] {logging_mixin.py:188} INFO - [2024-06-05T02:30:09.239+0000] {dag.py:3954} INFO - Setting next_dagrun for example_skip_dag to 2024-06-04 00:00:00+00:00, run_after=2024-06-05 00:00:00+00:00
[2024-06-05T02:30:09.262+0000] {processor.py:183} INFO - Processing /home/ubuntu/endtoend_venv/lib/python3.12/site-packages/airflow/example_dags/example_skip_dag.py took 0.077 seconds
[2024-06-05T02:30:50.797+0000] {processor.py:161} INFO - Started process (PID=15670) to work on /home/ubuntu/endtoend_venv/lib/python3.12/site-packages/airflow/example_dags/example_skip_dag.py
[2024-06-05T02:30:50.798+0000] {processor.py:830} INFO - Processing file /home/ubuntu/endtoend_venv/lib/python3.12/site-packages/airflow/example_dags/example_skip_dag.py for tasks to queue
[2024-06-05T02:30:50.800+0000] {logging_mixin.py:188} INFO - [2024-06-05T02:30:50.800+0000] {dagbag.py:545} INFO - Filling up the DagBag from /home/ubuntu/endtoend_venv/lib/python3.12/site-packages/airflow/example_dags/example_skip_dag.py
[2024-06-05T02:30:50.807+0000] {processor.py:840} INFO - DAG(s) 'example_skip_dag' retrieved from /home/ubuntu/endtoend_venv/lib/python3.12/site-packages/airflow/example_dags/example_skip_dag.py
[2024-06-05T02:30:50.825+0000] {logging_mixin.py:188} INFO - [2024-06-05T02:30:50.825+0000] {dag.py:3096} INFO - Sync 1 DAGs
[2024-06-05T02:30:50.845+0000] {logging_mixin.py:188} INFO - [2024-06-05T02:30:50.845+0000] {dag.py:3954} INFO - Setting next_dagrun for example_skip_dag to 2024-06-04 00:00:00+00:00, run_after=2024-06-05 00:00:00+00:00
[2024-06-05T02:30:50.869+0000] {processor.py:183} INFO - Processing /home/ubuntu/endtoend_venv/lib/python3.12/site-packages/airflow/example_dags/example_skip_dag.py took 0.078 seconds
[2024-06-05T02:31:33.382+0000] {processor.py:161} INFO - Started process (PID=15713) to work on /home/ubuntu/endtoend_venv/lib/python3.12/site-packages/airflow/example_dags/example_skip_dag.py
[2024-06-05T02:31:33.384+0000] {processor.py:830} INFO - Processing file /home/ubuntu/endtoend_venv/lib/python3.12/site-packages/airflow/example_dags/example_skip_dag.py for tasks to queue
[2024-06-05T02:31:33.385+0000] {logging_mixin.py:188} INFO - [2024-06-05T02:31:33.385+0000] {dagbag.py:545} INFO - Filling up the DagBag from /home/ubuntu/endtoend_venv/lib/python3.12/site-packages/airflow/example_dags/example_skip_dag.py
[2024-06-05T02:31:33.392+0000] {processor.py:840} INFO - DAG(s) 'example_skip_dag' retrieved from /home/ubuntu/endtoend_venv/lib/python3.12/site-packages/airflow/example_dags/example_skip_dag.py
[2024-06-05T02:31:33.410+0000] {logging_mixin.py:188} INFO - [2024-06-05T02:31:33.410+0000] {dag.py:3096} INFO - Sync 1 DAGs
[2024-06-05T02:31:33.429+0000] {logging_mixin.py:188} INFO - [2024-06-05T02:31:33.429+0000] {dag.py:3954} INFO - Setting next_dagrun for example_skip_dag to 2024-06-04 00:00:00+00:00, run_after=2024-06-05 00:00:00+00:00
[2024-06-05T02:31:33.452+0000] {processor.py:183} INFO - Processing /home/ubuntu/endtoend_venv/lib/python3.12/site-packages/airflow/example_dags/example_skip_dag.py took 0.076 seconds
[2024-06-05T02:32:18.081+0000] {processor.py:161} INFO - Started process (PID=15758) to work on /home/ubuntu/endtoend_venv/lib/python3.12/site-packages/airflow/example_dags/example_skip_dag.py
[2024-06-05T02:32:18.082+0000] {processor.py:830} INFO - Processing file /home/ubuntu/endtoend_venv/lib/python3.12/site-packages/airflow/example_dags/example_skip_dag.py for tasks to queue
[2024-06-05T02:32:18.084+0000] {logging_mixin.py:188} INFO - [2024-06-05T02:32:18.083+0000] {dagbag.py:545} INFO - Filling up the DagBag from /home/ubuntu/endtoend_venv/lib/python3.12/site-packages/airflow/example_dags/example_skip_dag.py
[2024-06-05T02:32:18.091+0000] {processor.py:840} INFO - DAG(s) 'example_skip_dag' retrieved from /home/ubuntu/endtoend_venv/lib/python3.12/site-packages/airflow/example_dags/example_skip_dag.py
[2024-06-05T02:32:18.108+0000] {logging_mixin.py:188} INFO - [2024-06-05T02:32:18.108+0000] {dag.py:3096} INFO - Sync 1 DAGs
[2024-06-05T02:32:18.129+0000] {logging_mixin.py:188} INFO - [2024-06-05T02:32:18.128+0000] {dag.py:3954} INFO - Setting next_dagrun for example_skip_dag to 2024-06-04 00:00:00+00:00, run_after=2024-06-05 00:00:00+00:00
[2024-06-05T02:32:18.154+0000] {processor.py:183} INFO - Processing /home/ubuntu/endtoend_venv/lib/python3.12/site-packages/airflow/example_dags/example_skip_dag.py took 0.079 seconds
[2024-06-05T02:32:59.133+0000] {processor.py:161} INFO - Started process (PID=15800) to work on /home/ubuntu/endtoend_venv/lib/python3.12/site-packages/airflow/example_dags/example_skip_dag.py
[2024-06-05T02:32:59.135+0000] {processor.py:830} INFO - Processing file /home/ubuntu/endtoend_venv/lib/python3.12/site-packages/airflow/example_dags/example_skip_dag.py for tasks to queue
[2024-06-05T02:32:59.136+0000] {logging_mixin.py:188} INFO - [2024-06-05T02:32:59.136+0000] {dagbag.py:545} INFO - Filling up the DagBag from /home/ubuntu/endtoend_venv/lib/python3.12/site-packages/airflow/example_dags/example_skip_dag.py
[2024-06-05T02:32:59.144+0000] {processor.py:840} INFO - DAG(s) 'example_skip_dag' retrieved from /home/ubuntu/endtoend_venv/lib/python3.12/site-packages/airflow/example_dags/example_skip_dag.py
[2024-06-05T02:32:59.162+0000] {logging_mixin.py:188} INFO - [2024-06-05T02:32:59.161+0000] {dag.py:3096} INFO - Sync 1 DAGs
[2024-06-05T02:32:59.183+0000] {logging_mixin.py:188} INFO - [2024-06-05T02:32:59.182+0000] {dag.py:3954} INFO - Setting next_dagrun for example_skip_dag to 2024-06-04 00:00:00+00:00, run_after=2024-06-05 00:00:00+00:00
[2024-06-05T02:32:59.206+0000] {processor.py:183} INFO - Processing /home/ubuntu/endtoend_venv/lib/python3.12/site-packages/airflow/example_dags/example_skip_dag.py took 0.079 seconds
[2024-06-05T02:33:41.084+0000] {processor.py:161} INFO - Started process (PID=15842) to work on /home/ubuntu/endtoend_venv/lib/python3.12/site-packages/airflow/example_dags/example_skip_dag.py
[2024-06-05T02:33:41.085+0000] {processor.py:830} INFO - Processing file /home/ubuntu/endtoend_venv/lib/python3.12/site-packages/airflow/example_dags/example_skip_dag.py for tasks to queue
[2024-06-05T02:33:41.087+0000] {logging_mixin.py:188} INFO - [2024-06-05T02:33:41.087+0000] {dagbag.py:545} INFO - Filling up the DagBag from /home/ubuntu/endtoend_venv/lib/python3.12/site-packages/airflow/example_dags/example_skip_dag.py
[2024-06-05T02:33:41.094+0000] {processor.py:840} INFO - DAG(s) 'example_skip_dag' retrieved from /home/ubuntu/endtoend_venv/lib/python3.12/site-packages/airflow/example_dags/example_skip_dag.py
[2024-06-05T02:33:41.112+0000] {logging_mixin.py:188} INFO - [2024-06-05T02:33:41.112+0000] {dag.py:3096} INFO - Sync 1 DAGs
[2024-06-05T02:33:41.133+0000] {logging_mixin.py:188} INFO - [2024-06-05T02:33:41.132+0000] {dag.py:3954} INFO - Setting next_dagrun for example_skip_dag to 2024-06-04 00:00:00+00:00, run_after=2024-06-05 00:00:00+00:00
[2024-06-05T02:33:41.155+0000] {processor.py:183} INFO - Processing /home/ubuntu/endtoend_venv/lib/python3.12/site-packages/airflow/example_dags/example_skip_dag.py took 0.077 seconds
[2024-06-05T02:34:22.273+0000] {processor.py:161} INFO - Started process (PID=15886) to work on /home/ubuntu/endtoend_venv/lib/python3.12/site-packages/airflow/example_dags/example_skip_dag.py
[2024-06-05T02:34:22.275+0000] {processor.py:830} INFO - Processing file /home/ubuntu/endtoend_venv/lib/python3.12/site-packages/airflow/example_dags/example_skip_dag.py for tasks to queue
[2024-06-05T02:34:22.277+0000] {logging_mixin.py:188} INFO - [2024-06-05T02:34:22.276+0000] {dagbag.py:545} INFO - Filling up the DagBag from /home/ubuntu/endtoend_venv/lib/python3.12/site-packages/airflow/example_dags/example_skip_dag.py
[2024-06-05T02:34:22.284+0000] {processor.py:840} INFO - DAG(s) 'example_skip_dag' retrieved from /home/ubuntu/endtoend_venv/lib/python3.12/site-packages/airflow/example_dags/example_skip_dag.py
[2024-06-05T02:34:22.302+0000] {logging_mixin.py:188} INFO - [2024-06-05T02:34:22.302+0000] {dag.py:3096} INFO - Sync 1 DAGs
[2024-06-05T02:34:22.323+0000] {logging_mixin.py:188} INFO - [2024-06-05T02:34:22.323+0000] {dag.py:3954} INFO - Setting next_dagrun for example_skip_dag to 2024-06-04 00:00:00+00:00, run_after=2024-06-05 00:00:00+00:00
[2024-06-05T02:34:22.346+0000] {processor.py:183} INFO - Processing /home/ubuntu/endtoend_venv/lib/python3.12/site-packages/airflow/example_dags/example_skip_dag.py took 0.079 seconds
