[2024-06-05T02:18:14.178+0000] {processor.py:161} INFO - Started process (PID=14912) to work on /home/ubuntu/endtoend_venv/lib/python3.12/site-packages/airflow/example_dags/tutorial.py
[2024-06-05T02:18:14.179+0000] {processor.py:830} INFO - Processing file /home/ubuntu/endtoend_venv/lib/python3.12/site-packages/airflow/example_dags/tutorial.py for tasks to queue
[2024-06-05T02:18:14.181+0000] {logging_mixin.py:188} INFO - [2024-06-05T02:18:14.180+0000] {dagbag.py:545} INFO - Filling up the DagBag from /home/ubuntu/endtoend_venv/lib/python3.12/site-packages/airflow/example_dags/tutorial.py
[2024-06-05T02:18:14.190+0000] {processor.py:840} INFO - DAG(s) 'tutorial' retrieved from /home/ubuntu/endtoend_venv/lib/python3.12/site-packages/airflow/example_dags/tutorial.py
[2024-06-05T02:18:14.310+0000] {logging_mixin.py:188} INFO - [2024-06-05T02:18:14.310+0000] {override.py:1829} INFO - Created Permission View: can read on DAG:tutorial
[2024-06-05T02:18:14.323+0000] {logging_mixin.py:188} INFO - [2024-06-05T02:18:14.323+0000] {override.py:1829} INFO - Created Permission View: can delete on DAG:tutorial
[2024-06-05T02:18:14.333+0000] {logging_mixin.py:188} INFO - [2024-06-05T02:18:14.333+0000] {override.py:1829} INFO - Created Permission View: can edit on DAG:tutorial
[2024-06-05T02:18:14.334+0000] {logging_mixin.py:188} INFO - [2024-06-05T02:18:14.333+0000] {dag.py:3096} INFO - Sync 1 DAGs
[2024-06-05T02:18:14.344+0000] {logging_mixin.py:188} INFO - [2024-06-05T02:18:14.344+0000] {dag.py:3118} INFO - Creating ORM DAG for tutorial
[2024-06-05T02:18:14.353+0000] {logging_mixin.py:188} INFO - [2024-06-05T02:18:14.353+0000] {dag.py:3954} INFO - Setting next_dagrun for tutorial to 2024-06-04 00:00:00+00:00, run_after=2024-06-05 00:00:00+00:00
[2024-06-05T02:18:14.378+0000] {processor.py:183} INFO - Processing /home/ubuntu/endtoend_venv/lib/python3.12/site-packages/airflow/example_dags/tutorial.py took 0.205 seconds
[2024-06-05T02:19:10.617+0000] {processor.py:161} INFO - Started process (PID=14963) to work on /home/ubuntu/endtoend_venv/lib/python3.12/site-packages/airflow/example_dags/tutorial.py
[2024-06-05T02:19:10.619+0000] {processor.py:830} INFO - Processing file /home/ubuntu/endtoend_venv/lib/python3.12/site-packages/airflow/example_dags/tutorial.py for tasks to queue
[2024-06-05T02:19:10.621+0000] {logging_mixin.py:188} INFO - [2024-06-05T02:19:10.620+0000] {dagbag.py:545} INFO - Filling up the DagBag from /home/ubuntu/endtoend_venv/lib/python3.12/site-packages/airflow/example_dags/tutorial.py
[2024-06-05T02:19:10.627+0000] {processor.py:840} INFO - DAG(s) 'tutorial' retrieved from /home/ubuntu/endtoend_venv/lib/python3.12/site-packages/airflow/example_dags/tutorial.py
[2024-06-05T02:19:10.644+0000] {logging_mixin.py:188} INFO - [2024-06-05T02:19:10.644+0000] {dag.py:3096} INFO - Sync 1 DAGs
[2024-06-05T02:19:10.665+0000] {logging_mixin.py:188} INFO - [2024-06-05T02:19:10.665+0000] {dag.py:3954} INFO - Setting next_dagrun for tutorial to 2024-06-04 00:00:00+00:00, run_after=2024-06-05 00:00:00+00:00
[2024-06-05T02:19:10.688+0000] {processor.py:183} INFO - Processing /home/ubuntu/endtoend_venv/lib/python3.12/site-packages/airflow/example_dags/tutorial.py took 0.076 seconds
[2024-06-05T02:19:56.005+0000] {processor.py:161} INFO - Started process (PID=15009) to work on /home/ubuntu/endtoend_venv/lib/python3.12/site-packages/airflow/example_dags/tutorial.py
[2024-06-05T02:19:56.006+0000] {processor.py:830} INFO - Processing file /home/ubuntu/endtoend_venv/lib/python3.12/site-packages/airflow/example_dags/tutorial.py for tasks to queue
[2024-06-05T02:19:56.008+0000] {logging_mixin.py:188} INFO - [2024-06-05T02:19:56.008+0000] {dagbag.py:545} INFO - Filling up the DagBag from /home/ubuntu/endtoend_venv/lib/python3.12/site-packages/airflow/example_dags/tutorial.py
[2024-06-05T02:19:56.015+0000] {processor.py:840} INFO - DAG(s) 'tutorial' retrieved from /home/ubuntu/endtoend_venv/lib/python3.12/site-packages/airflow/example_dags/tutorial.py
[2024-06-05T02:19:56.032+0000] {logging_mixin.py:188} INFO - [2024-06-05T02:19:56.031+0000] {dag.py:3096} INFO - Sync 1 DAGs
[2024-06-05T02:19:56.053+0000] {logging_mixin.py:188} INFO - [2024-06-05T02:19:56.053+0000] {dag.py:3954} INFO - Setting next_dagrun for tutorial to 2024-06-04 00:00:00+00:00, run_after=2024-06-05 00:00:00+00:00
[2024-06-05T02:19:56.076+0000] {processor.py:183} INFO - Processing /home/ubuntu/endtoend_venv/lib/python3.12/site-packages/airflow/example_dags/tutorial.py took 0.077 seconds
[2024-06-05T02:20:36.828+0000] {processor.py:161} INFO - Started process (PID=15057) to work on /home/ubuntu/endtoend_venv/lib/python3.12/site-packages/airflow/example_dags/tutorial.py
[2024-06-05T02:20:36.830+0000] {processor.py:830} INFO - Processing file /home/ubuntu/endtoend_venv/lib/python3.12/site-packages/airflow/example_dags/tutorial.py for tasks to queue
[2024-06-05T02:20:36.831+0000] {logging_mixin.py:188} INFO - [2024-06-05T02:20:36.831+0000] {dagbag.py:545} INFO - Filling up the DagBag from /home/ubuntu/endtoend_venv/lib/python3.12/site-packages/airflow/example_dags/tutorial.py
[2024-06-05T02:20:36.838+0000] {processor.py:840} INFO - DAG(s) 'tutorial' retrieved from /home/ubuntu/endtoend_venv/lib/python3.12/site-packages/airflow/example_dags/tutorial.py
[2024-06-05T02:20:36.853+0000] {logging_mixin.py:188} INFO - [2024-06-05T02:20:36.853+0000] {dag.py:3096} INFO - Sync 1 DAGs
[2024-06-05T02:20:36.874+0000] {logging_mixin.py:188} INFO - [2024-06-05T02:20:36.873+0000] {dag.py:3954} INFO - Setting next_dagrun for tutorial to 2024-06-04 00:00:00+00:00, run_after=2024-06-05 00:00:00+00:00
[2024-06-05T02:20:36.896+0000] {processor.py:183} INFO - Processing /home/ubuntu/endtoend_venv/lib/python3.12/site-packages/airflow/example_dags/tutorial.py took 0.074 seconds
[2024-06-05T02:21:17.109+0000] {processor.py:161} INFO - Started process (PID=15100) to work on /home/ubuntu/endtoend_venv/lib/python3.12/site-packages/airflow/example_dags/tutorial.py
[2024-06-05T02:21:17.110+0000] {processor.py:830} INFO - Processing file /home/ubuntu/endtoend_venv/lib/python3.12/site-packages/airflow/example_dags/tutorial.py for tasks to queue
[2024-06-05T02:21:17.112+0000] {logging_mixin.py:188} INFO - [2024-06-05T02:21:17.111+0000] {dagbag.py:545} INFO - Filling up the DagBag from /home/ubuntu/endtoend_venv/lib/python3.12/site-packages/airflow/example_dags/tutorial.py
[2024-06-05T02:21:17.118+0000] {processor.py:840} INFO - DAG(s) 'tutorial' retrieved from /home/ubuntu/endtoend_venv/lib/python3.12/site-packages/airflow/example_dags/tutorial.py
[2024-06-05T02:21:17.135+0000] {logging_mixin.py:188} INFO - [2024-06-05T02:21:17.134+0000] {dag.py:3096} INFO - Sync 1 DAGs
[2024-06-05T02:21:17.155+0000] {logging_mixin.py:188} INFO - [2024-06-05T02:21:17.155+0000] {dag.py:3954} INFO - Setting next_dagrun for tutorial to 2024-06-04 00:00:00+00:00, run_after=2024-06-05 00:00:00+00:00
[2024-06-05T02:21:17.178+0000] {processor.py:183} INFO - Processing /home/ubuntu/endtoend_venv/lib/python3.12/site-packages/airflow/example_dags/tutorial.py took 0.075 seconds
[2024-06-05T02:22:05.608+0000] {processor.py:161} INFO - Started process (PID=15151) to work on /home/ubuntu/endtoend_venv/lib/python3.12/site-packages/airflow/example_dags/tutorial.py
[2024-06-05T02:22:05.609+0000] {processor.py:830} INFO - Processing file /home/ubuntu/endtoend_venv/lib/python3.12/site-packages/airflow/example_dags/tutorial.py for tasks to queue
[2024-06-05T02:22:05.611+0000] {logging_mixin.py:188} INFO - [2024-06-05T02:22:05.611+0000] {dagbag.py:545} INFO - Filling up the DagBag from /home/ubuntu/endtoend_venv/lib/python3.12/site-packages/airflow/example_dags/tutorial.py
[2024-06-05T02:22:05.617+0000] {processor.py:840} INFO - DAG(s) 'tutorial' retrieved from /home/ubuntu/endtoend_venv/lib/python3.12/site-packages/airflow/example_dags/tutorial.py
[2024-06-05T02:22:05.634+0000] {logging_mixin.py:188} INFO - [2024-06-05T02:22:05.634+0000] {dag.py:3096} INFO - Sync 1 DAGs
[2024-06-05T02:22:05.654+0000] {logging_mixin.py:188} INFO - [2024-06-05T02:22:05.654+0000] {dag.py:3954} INFO - Setting next_dagrun for tutorial to 2024-06-04 00:00:00+00:00, run_after=2024-06-05 00:00:00+00:00
[2024-06-05T02:22:05.676+0000] {processor.py:183} INFO - Processing /home/ubuntu/endtoend_venv/lib/python3.12/site-packages/airflow/example_dags/tutorial.py took 0.075 seconds
[2024-06-05T02:22:44.883+0000] {processor.py:161} INFO - Started process (PID=15191) to work on /home/ubuntu/endtoend_venv/lib/python3.12/site-packages/airflow/example_dags/tutorial.py
[2024-06-05T02:22:44.885+0000] {processor.py:830} INFO - Processing file /home/ubuntu/endtoend_venv/lib/python3.12/site-packages/airflow/example_dags/tutorial.py for tasks to queue
[2024-06-05T02:22:44.887+0000] {logging_mixin.py:188} INFO - [2024-06-05T02:22:44.886+0000] {dagbag.py:545} INFO - Filling up the DagBag from /home/ubuntu/endtoend_venv/lib/python3.12/site-packages/airflow/example_dags/tutorial.py
[2024-06-05T02:22:44.893+0000] {processor.py:840} INFO - DAG(s) 'tutorial' retrieved from /home/ubuntu/endtoend_venv/lib/python3.12/site-packages/airflow/example_dags/tutorial.py
[2024-06-05T02:22:44.909+0000] {logging_mixin.py:188} INFO - [2024-06-05T02:22:44.909+0000] {dag.py:3096} INFO - Sync 1 DAGs
[2024-06-05T02:22:44.929+0000] {logging_mixin.py:188} INFO - [2024-06-05T02:22:44.929+0000] {dag.py:3954} INFO - Setting next_dagrun for tutorial to 2024-06-04 00:00:00+00:00, run_after=2024-06-05 00:00:00+00:00
[2024-06-05T02:22:44.953+0000] {processor.py:183} INFO - Processing /home/ubuntu/endtoend_venv/lib/python3.12/site-packages/airflow/example_dags/tutorial.py took 0.075 seconds
[2024-06-05T02:23:22.050+0000] {processor.py:161} INFO - Started process (PID=15231) to work on /home/ubuntu/endtoend_venv/lib/python3.12/site-packages/airflow/example_dags/tutorial.py
[2024-06-05T02:23:22.052+0000] {processor.py:830} INFO - Processing file /home/ubuntu/endtoend_venv/lib/python3.12/site-packages/airflow/example_dags/tutorial.py for tasks to queue
[2024-06-05T02:23:22.053+0000] {logging_mixin.py:188} INFO - [2024-06-05T02:23:22.053+0000] {dagbag.py:545} INFO - Filling up the DagBag from /home/ubuntu/endtoend_venv/lib/python3.12/site-packages/airflow/example_dags/tutorial.py
[2024-06-05T02:23:22.060+0000] {processor.py:840} INFO - DAG(s) 'tutorial' retrieved from /home/ubuntu/endtoend_venv/lib/python3.12/site-packages/airflow/example_dags/tutorial.py
[2024-06-05T02:23:22.076+0000] {logging_mixin.py:188} INFO - [2024-06-05T02:23:22.075+0000] {dag.py:3096} INFO - Sync 1 DAGs
[2024-06-05T02:23:22.095+0000] {logging_mixin.py:188} INFO - [2024-06-05T02:23:22.095+0000] {dag.py:3954} INFO - Setting next_dagrun for tutorial to 2024-06-04 00:00:00+00:00, run_after=2024-06-05 00:00:00+00:00
[2024-06-05T02:23:22.118+0000] {processor.py:183} INFO - Processing /home/ubuntu/endtoend_venv/lib/python3.12/site-packages/airflow/example_dags/tutorial.py took 0.073 seconds
[2024-06-05T02:25:24.416+0000] {processor.py:161} INFO - Started process (PID=15329) to work on /home/ubuntu/endtoend_venv/lib/python3.12/site-packages/airflow/example_dags/tutorial.py
[2024-06-05T02:25:24.418+0000] {processor.py:830} INFO - Processing file /home/ubuntu/endtoend_venv/lib/python3.12/site-packages/airflow/example_dags/tutorial.py for tasks to queue
[2024-06-05T02:25:24.419+0000] {logging_mixin.py:188} INFO - [2024-06-05T02:25:24.419+0000] {dagbag.py:545} INFO - Filling up the DagBag from /home/ubuntu/endtoend_venv/lib/python3.12/site-packages/airflow/example_dags/tutorial.py
[2024-06-05T02:25:24.428+0000] {processor.py:840} INFO - DAG(s) 'tutorial' retrieved from /home/ubuntu/endtoend_venv/lib/python3.12/site-packages/airflow/example_dags/tutorial.py
[2024-06-05T02:25:24.437+0000] {logging_mixin.py:188} INFO - [2024-06-05T02:25:24.436+0000] {dag.py:3096} INFO - Sync 1 DAGs
[2024-06-05T02:25:24.457+0000] {logging_mixin.py:188} INFO - [2024-06-05T02:25:24.457+0000] {dag.py:3954} INFO - Setting next_dagrun for tutorial to 2024-06-04 00:00:00+00:00, run_after=2024-06-05 00:00:00+00:00
[2024-06-05T02:25:24.480+0000] {processor.py:183} INFO - Processing /home/ubuntu/endtoend_venv/lib/python3.12/site-packages/airflow/example_dags/tutorial.py took 0.069 seconds
[2024-06-05T02:26:15.167+0000] {processor.py:161} INFO - Started process (PID=15381) to work on /home/ubuntu/endtoend_venv/lib/python3.12/site-packages/airflow/example_dags/tutorial.py
[2024-06-05T02:26:15.168+0000] {processor.py:830} INFO - Processing file /home/ubuntu/endtoend_venv/lib/python3.12/site-packages/airflow/example_dags/tutorial.py for tasks to queue
[2024-06-05T02:26:15.170+0000] {logging_mixin.py:188} INFO - [2024-06-05T02:26:15.170+0000] {dagbag.py:545} INFO - Filling up the DagBag from /home/ubuntu/endtoend_venv/lib/python3.12/site-packages/airflow/example_dags/tutorial.py
[2024-06-05T02:26:15.176+0000] {processor.py:840} INFO - DAG(s) 'tutorial' retrieved from /home/ubuntu/endtoend_venv/lib/python3.12/site-packages/airflow/example_dags/tutorial.py
[2024-06-05T02:26:15.278+0000] {logging_mixin.py:188} INFO - [2024-06-05T02:26:15.278+0000] {dag.py:3096} INFO - Sync 1 DAGs
[2024-06-05T02:26:15.295+0000] {logging_mixin.py:188} INFO - [2024-06-05T02:26:15.295+0000] {dag.py:3954} INFO - Setting next_dagrun for tutorial to 2024-06-04 00:00:00+00:00, run_after=2024-06-05 00:00:00+00:00
[2024-06-05T02:26:15.317+0000] {processor.py:183} INFO - Processing /home/ubuntu/endtoend_venv/lib/python3.12/site-packages/airflow/example_dags/tutorial.py took 0.155 seconds
[2024-06-05T02:27:02.361+0000] {processor.py:161} INFO - Started process (PID=15427) to work on /home/ubuntu/endtoend_venv/lib/python3.12/site-packages/airflow/example_dags/tutorial.py
[2024-06-05T02:27:02.363+0000] {processor.py:830} INFO - Processing file /home/ubuntu/endtoend_venv/lib/python3.12/site-packages/airflow/example_dags/tutorial.py for tasks to queue
[2024-06-05T02:27:02.364+0000] {logging_mixin.py:188} INFO - [2024-06-05T02:27:02.364+0000] {dagbag.py:545} INFO - Filling up the DagBag from /home/ubuntu/endtoend_venv/lib/python3.12/site-packages/airflow/example_dags/tutorial.py
[2024-06-05T02:27:02.371+0000] {processor.py:840} INFO - DAG(s) 'tutorial' retrieved from /home/ubuntu/endtoend_venv/lib/python3.12/site-packages/airflow/example_dags/tutorial.py
[2024-06-05T02:27:02.387+0000] {logging_mixin.py:188} INFO - [2024-06-05T02:27:02.387+0000] {dag.py:3096} INFO - Sync 1 DAGs
[2024-06-05T02:27:02.407+0000] {logging_mixin.py:188} INFO - [2024-06-05T02:27:02.407+0000] {dag.py:3954} INFO - Setting next_dagrun for tutorial to 2024-06-04 00:00:00+00:00, run_after=2024-06-05 00:00:00+00:00
[2024-06-05T02:27:02.432+0000] {processor.py:183} INFO - Processing /home/ubuntu/endtoend_venv/lib/python3.12/site-packages/airflow/example_dags/tutorial.py took 0.076 seconds
[2024-06-05T02:27:41.963+0000] {processor.py:161} INFO - Started process (PID=15469) to work on /home/ubuntu/endtoend_venv/lib/python3.12/site-packages/airflow/example_dags/tutorial.py
[2024-06-05T02:27:41.964+0000] {processor.py:830} INFO - Processing file /home/ubuntu/endtoend_venv/lib/python3.12/site-packages/airflow/example_dags/tutorial.py for tasks to queue
[2024-06-05T02:27:41.966+0000] {logging_mixin.py:188} INFO - [2024-06-05T02:27:41.965+0000] {dagbag.py:545} INFO - Filling up the DagBag from /home/ubuntu/endtoend_venv/lib/python3.12/site-packages/airflow/example_dags/tutorial.py
[2024-06-05T02:27:41.972+0000] {processor.py:840} INFO - DAG(s) 'tutorial' retrieved from /home/ubuntu/endtoend_venv/lib/python3.12/site-packages/airflow/example_dags/tutorial.py
[2024-06-05T02:27:41.989+0000] {logging_mixin.py:188} INFO - [2024-06-05T02:27:41.988+0000] {dag.py:3096} INFO - Sync 1 DAGs
[2024-06-05T02:27:42.009+0000] {logging_mixin.py:188} INFO - [2024-06-05T02:27:42.008+0000] {dag.py:3954} INFO - Setting next_dagrun for tutorial to 2024-06-04 00:00:00+00:00, run_after=2024-06-05 00:00:00+00:00
[2024-06-05T02:27:42.032+0000] {processor.py:183} INFO - Processing /home/ubuntu/endtoend_venv/lib/python3.12/site-packages/airflow/example_dags/tutorial.py took 0.075 seconds
[2024-06-05T02:28:21.849+0000] {processor.py:161} INFO - Started process (PID=15510) to work on /home/ubuntu/endtoend_venv/lib/python3.12/site-packages/airflow/example_dags/tutorial.py
[2024-06-05T02:28:21.850+0000] {processor.py:830} INFO - Processing file /home/ubuntu/endtoend_venv/lib/python3.12/site-packages/airflow/example_dags/tutorial.py for tasks to queue
[2024-06-05T02:28:21.852+0000] {logging_mixin.py:188} INFO - [2024-06-05T02:28:21.851+0000] {dagbag.py:545} INFO - Filling up the DagBag from /home/ubuntu/endtoend_venv/lib/python3.12/site-packages/airflow/example_dags/tutorial.py
[2024-06-05T02:28:21.858+0000] {processor.py:840} INFO - DAG(s) 'tutorial' retrieved from /home/ubuntu/endtoend_venv/lib/python3.12/site-packages/airflow/example_dags/tutorial.py
[2024-06-05T02:28:21.874+0000] {logging_mixin.py:188} INFO - [2024-06-05T02:28:21.874+0000] {dag.py:3096} INFO - Sync 1 DAGs
[2024-06-05T02:28:21.894+0000] {logging_mixin.py:188} INFO - [2024-06-05T02:28:21.894+0000] {dag.py:3954} INFO - Setting next_dagrun for tutorial to 2024-06-04 00:00:00+00:00, run_after=2024-06-05 00:00:00+00:00
[2024-06-05T02:28:21.916+0000] {processor.py:183} INFO - Processing /home/ubuntu/endtoend_venv/lib/python3.12/site-packages/airflow/example_dags/tutorial.py took 0.074 seconds
[2024-06-05T02:29:04.704+0000] {processor.py:161} INFO - Started process (PID=15553) to work on /home/ubuntu/endtoend_venv/lib/python3.12/site-packages/airflow/example_dags/tutorial.py
[2024-06-05T02:29:04.705+0000] {processor.py:830} INFO - Processing file /home/ubuntu/endtoend_venv/lib/python3.12/site-packages/airflow/example_dags/tutorial.py for tasks to queue
[2024-06-05T02:29:04.707+0000] {logging_mixin.py:188} INFO - [2024-06-05T02:29:04.707+0000] {dagbag.py:545} INFO - Filling up the DagBag from /home/ubuntu/endtoend_venv/lib/python3.12/site-packages/airflow/example_dags/tutorial.py
[2024-06-05T02:29:04.714+0000] {processor.py:840} INFO - DAG(s) 'tutorial' retrieved from /home/ubuntu/endtoend_venv/lib/python3.12/site-packages/airflow/example_dags/tutorial.py
[2024-06-05T02:29:04.731+0000] {logging_mixin.py:188} INFO - [2024-06-05T02:29:04.730+0000] {dag.py:3096} INFO - Sync 1 DAGs
[2024-06-05T02:29:04.752+0000] {logging_mixin.py:188} INFO - [2024-06-05T02:29:04.751+0000] {dag.py:3954} INFO - Setting next_dagrun for tutorial to 2024-06-04 00:00:00+00:00, run_after=2024-06-05 00:00:00+00:00
[2024-06-05T02:29:04.776+0000] {processor.py:183} INFO - Processing /home/ubuntu/endtoend_venv/lib/python3.12/site-packages/airflow/example_dags/tutorial.py took 0.078 seconds
[2024-06-05T02:29:47.420+0000] {processor.py:161} INFO - Started process (PID=15601) to work on /home/ubuntu/endtoend_venv/lib/python3.12/site-packages/airflow/example_dags/tutorial.py
[2024-06-05T02:29:47.422+0000] {processor.py:830} INFO - Processing file /home/ubuntu/endtoend_venv/lib/python3.12/site-packages/airflow/example_dags/tutorial.py for tasks to queue
[2024-06-05T02:29:47.423+0000] {logging_mixin.py:188} INFO - [2024-06-05T02:29:47.423+0000] {dagbag.py:545} INFO - Filling up the DagBag from /home/ubuntu/endtoend_venv/lib/python3.12/site-packages/airflow/example_dags/tutorial.py
[2024-06-05T02:29:47.430+0000] {processor.py:840} INFO - DAG(s) 'tutorial' retrieved from /home/ubuntu/endtoend_venv/lib/python3.12/site-packages/airflow/example_dags/tutorial.py
[2024-06-05T02:29:47.447+0000] {logging_mixin.py:188} INFO - [2024-06-05T02:29:47.447+0000] {dag.py:3096} INFO - Sync 1 DAGs
[2024-06-05T02:29:47.467+0000] {logging_mixin.py:188} INFO - [2024-06-05T02:29:47.467+0000] {dag.py:3954} INFO - Setting next_dagrun for tutorial to 2024-06-04 00:00:00+00:00, run_after=2024-06-05 00:00:00+00:00
[2024-06-05T02:29:47.492+0000] {processor.py:183} INFO - Processing /home/ubuntu/endtoend_venv/lib/python3.12/site-packages/airflow/example_dags/tutorial.py took 0.078 seconds
[2024-06-05T02:30:28.797+0000] {processor.py:161} INFO - Started process (PID=15648) to work on /home/ubuntu/endtoend_venv/lib/python3.12/site-packages/airflow/example_dags/tutorial.py
[2024-06-05T02:30:28.798+0000] {processor.py:830} INFO - Processing file /home/ubuntu/endtoend_venv/lib/python3.12/site-packages/airflow/example_dags/tutorial.py for tasks to queue
[2024-06-05T02:30:28.800+0000] {logging_mixin.py:188} INFO - [2024-06-05T02:30:28.800+0000] {dagbag.py:545} INFO - Filling up the DagBag from /home/ubuntu/endtoend_venv/lib/python3.12/site-packages/airflow/example_dags/tutorial.py
[2024-06-05T02:30:28.806+0000] {processor.py:840} INFO - DAG(s) 'tutorial' retrieved from /home/ubuntu/endtoend_venv/lib/python3.12/site-packages/airflow/example_dags/tutorial.py
[2024-06-05T02:30:28.823+0000] {logging_mixin.py:188} INFO - [2024-06-05T02:30:28.822+0000] {dag.py:3096} INFO - Sync 1 DAGs
[2024-06-05T02:30:28.842+0000] {logging_mixin.py:188} INFO - [2024-06-05T02:30:28.842+0000] {dag.py:3954} INFO - Setting next_dagrun for tutorial to 2024-06-04 00:00:00+00:00, run_after=2024-06-05 00:00:00+00:00
[2024-06-05T02:30:28.865+0000] {processor.py:183} INFO - Processing /home/ubuntu/endtoend_venv/lib/python3.12/site-packages/airflow/example_dags/tutorial.py took 0.074 seconds
[2024-06-05T02:31:11.073+0000] {processor.py:161} INFO - Started process (PID=15691) to work on /home/ubuntu/endtoend_venv/lib/python3.12/site-packages/airflow/example_dags/tutorial.py
[2024-06-05T02:31:11.075+0000] {processor.py:830} INFO - Processing file /home/ubuntu/endtoend_venv/lib/python3.12/site-packages/airflow/example_dags/tutorial.py for tasks to queue
[2024-06-05T02:31:11.077+0000] {logging_mixin.py:188} INFO - [2024-06-05T02:31:11.076+0000] {dagbag.py:545} INFO - Filling up the DagBag from /home/ubuntu/endtoend_venv/lib/python3.12/site-packages/airflow/example_dags/tutorial.py
[2024-06-05T02:31:11.083+0000] {processor.py:840} INFO - DAG(s) 'tutorial' retrieved from /home/ubuntu/endtoend_venv/lib/python3.12/site-packages/airflow/example_dags/tutorial.py
[2024-06-05T02:31:11.099+0000] {logging_mixin.py:188} INFO - [2024-06-05T02:31:11.099+0000] {dag.py:3096} INFO - Sync 1 DAGs
[2024-06-05T02:31:11.120+0000] {logging_mixin.py:188} INFO - [2024-06-05T02:31:11.119+0000] {dag.py:3954} INFO - Setting next_dagrun for tutorial to 2024-06-04 00:00:00+00:00, run_after=2024-06-05 00:00:00+00:00
[2024-06-05T02:31:11.142+0000] {processor.py:183} INFO - Processing /home/ubuntu/endtoend_venv/lib/python3.12/site-packages/airflow/example_dags/tutorial.py took 0.075 seconds
[2024-06-05T02:31:52.786+0000] {processor.py:161} INFO - Started process (PID=15734) to work on /home/ubuntu/endtoend_venv/lib/python3.12/site-packages/airflow/example_dags/tutorial.py
[2024-06-05T02:31:52.787+0000] {processor.py:830} INFO - Processing file /home/ubuntu/endtoend_venv/lib/python3.12/site-packages/airflow/example_dags/tutorial.py for tasks to queue
[2024-06-05T02:31:52.789+0000] {logging_mixin.py:188} INFO - [2024-06-05T02:31:52.788+0000] {dagbag.py:545} INFO - Filling up the DagBag from /home/ubuntu/endtoend_venv/lib/python3.12/site-packages/airflow/example_dags/tutorial.py
[2024-06-05T02:31:52.795+0000] {processor.py:840} INFO - DAG(s) 'tutorial' retrieved from /home/ubuntu/endtoend_venv/lib/python3.12/site-packages/airflow/example_dags/tutorial.py
[2024-06-05T02:31:52.812+0000] {logging_mixin.py:188} INFO - [2024-06-05T02:31:52.812+0000] {dag.py:3096} INFO - Sync 1 DAGs
[2024-06-05T02:31:52.832+0000] {logging_mixin.py:188} INFO - [2024-06-05T02:31:52.831+0000] {dag.py:3954} INFO - Setting next_dagrun for tutorial to 2024-06-04 00:00:00+00:00, run_after=2024-06-05 00:00:00+00:00
[2024-06-05T02:31:52.854+0000] {processor.py:183} INFO - Processing /home/ubuntu/endtoend_venv/lib/python3.12/site-packages/airflow/example_dags/tutorial.py took 0.074 seconds
[2024-06-05T02:32:35.637+0000] {processor.py:161} INFO - Started process (PID=15777) to work on /home/ubuntu/endtoend_venv/lib/python3.12/site-packages/airflow/example_dags/tutorial.py
[2024-06-05T02:32:35.638+0000] {processor.py:830} INFO - Processing file /home/ubuntu/endtoend_venv/lib/python3.12/site-packages/airflow/example_dags/tutorial.py for tasks to queue
[2024-06-05T02:32:35.640+0000] {logging_mixin.py:188} INFO - [2024-06-05T02:32:35.639+0000] {dagbag.py:545} INFO - Filling up the DagBag from /home/ubuntu/endtoend_venv/lib/python3.12/site-packages/airflow/example_dags/tutorial.py
[2024-06-05T02:32:35.646+0000] {processor.py:840} INFO - DAG(s) 'tutorial' retrieved from /home/ubuntu/endtoend_venv/lib/python3.12/site-packages/airflow/example_dags/tutorial.py
[2024-06-05T02:32:35.663+0000] {logging_mixin.py:188} INFO - [2024-06-05T02:32:35.662+0000] {dag.py:3096} INFO - Sync 1 DAGs
[2024-06-05T02:32:35.683+0000] {logging_mixin.py:188} INFO - [2024-06-05T02:32:35.683+0000] {dag.py:3954} INFO - Setting next_dagrun for tutorial to 2024-06-04 00:00:00+00:00, run_after=2024-06-05 00:00:00+00:00
[2024-06-05T02:32:35.705+0000] {processor.py:183} INFO - Processing /home/ubuntu/endtoend_venv/lib/python3.12/site-packages/airflow/example_dags/tutorial.py took 0.074 seconds
[2024-06-05T02:33:18.219+0000] {processor.py:161} INFO - Started process (PID=15819) to work on /home/ubuntu/endtoend_venv/lib/python3.12/site-packages/airflow/example_dags/tutorial.py
[2024-06-05T02:33:18.221+0000] {processor.py:830} INFO - Processing file /home/ubuntu/endtoend_venv/lib/python3.12/site-packages/airflow/example_dags/tutorial.py for tasks to queue
[2024-06-05T02:33:18.223+0000] {logging_mixin.py:188} INFO - [2024-06-05T02:33:18.222+0000] {dagbag.py:545} INFO - Filling up the DagBag from /home/ubuntu/endtoend_venv/lib/python3.12/site-packages/airflow/example_dags/tutorial.py
[2024-06-05T02:33:18.229+0000] {processor.py:840} INFO - DAG(s) 'tutorial' retrieved from /home/ubuntu/endtoend_venv/lib/python3.12/site-packages/airflow/example_dags/tutorial.py
[2024-06-05T02:33:18.245+0000] {logging_mixin.py:188} INFO - [2024-06-05T02:33:18.245+0000] {dag.py:3096} INFO - Sync 1 DAGs
[2024-06-05T02:33:18.265+0000] {logging_mixin.py:188} INFO - [2024-06-05T02:33:18.265+0000] {dag.py:3954} INFO - Setting next_dagrun for tutorial to 2024-06-04 00:00:00+00:00, run_after=2024-06-05 00:00:00+00:00
[2024-06-05T02:33:18.290+0000] {processor.py:183} INFO - Processing /home/ubuntu/endtoend_venv/lib/python3.12/site-packages/airflow/example_dags/tutorial.py took 0.077 seconds
[2024-06-05T02:34:01.675+0000] {processor.py:161} INFO - Started process (PID=15863) to work on /home/ubuntu/endtoend_venv/lib/python3.12/site-packages/airflow/example_dags/tutorial.py
[2024-06-05T02:34:01.677+0000] {processor.py:830} INFO - Processing file /home/ubuntu/endtoend_venv/lib/python3.12/site-packages/airflow/example_dags/tutorial.py for tasks to queue
[2024-06-05T02:34:01.678+0000] {logging_mixin.py:188} INFO - [2024-06-05T02:34:01.678+0000] {dagbag.py:545} INFO - Filling up the DagBag from /home/ubuntu/endtoend_venv/lib/python3.12/site-packages/airflow/example_dags/tutorial.py
[2024-06-05T02:34:01.685+0000] {processor.py:840} INFO - DAG(s) 'tutorial' retrieved from /home/ubuntu/endtoend_venv/lib/python3.12/site-packages/airflow/example_dags/tutorial.py
[2024-06-05T02:34:01.701+0000] {logging_mixin.py:188} INFO - [2024-06-05T02:34:01.701+0000] {dag.py:3096} INFO - Sync 1 DAGs
[2024-06-05T02:34:01.721+0000] {logging_mixin.py:188} INFO - [2024-06-05T02:34:01.721+0000] {dag.py:3954} INFO - Setting next_dagrun for tutorial to 2024-06-04 00:00:00+00:00, run_after=2024-06-05 00:00:00+00:00
[2024-06-05T02:34:01.744+0000] {processor.py:183} INFO - Processing /home/ubuntu/endtoend_venv/lib/python3.12/site-packages/airflow/example_dags/tutorial.py took 0.075 seconds
[2024-06-05T02:34:41.091+0000] {processor.py:161} INFO - Started process (PID=15905) to work on /home/ubuntu/endtoend_venv/lib/python3.12/site-packages/airflow/example_dags/tutorial.py
[2024-06-05T02:34:41.092+0000] {processor.py:830} INFO - Processing file /home/ubuntu/endtoend_venv/lib/python3.12/site-packages/airflow/example_dags/tutorial.py for tasks to queue
[2024-06-05T02:34:41.094+0000] {logging_mixin.py:188} INFO - [2024-06-05T02:34:41.093+0000] {dagbag.py:545} INFO - Filling up the DagBag from /home/ubuntu/endtoend_venv/lib/python3.12/site-packages/airflow/example_dags/tutorial.py
[2024-06-05T02:34:41.100+0000] {processor.py:840} INFO - DAG(s) 'tutorial' retrieved from /home/ubuntu/endtoend_venv/lib/python3.12/site-packages/airflow/example_dags/tutorial.py
[2024-06-05T02:34:41.117+0000] {logging_mixin.py:188} INFO - [2024-06-05T02:34:41.117+0000] {dag.py:3096} INFO - Sync 1 DAGs
[2024-06-05T02:34:41.137+0000] {logging_mixin.py:188} INFO - [2024-06-05T02:34:41.137+0000] {dag.py:3954} INFO - Setting next_dagrun for tutorial to 2024-06-04 00:00:00+00:00, run_after=2024-06-05 00:00:00+00:00
[2024-06-05T02:34:41.161+0000] {processor.py:183} INFO - Processing /home/ubuntu/endtoend_venv/lib/python3.12/site-packages/airflow/example_dags/tutorial.py took 0.076 seconds
