[2024-06-05T02:18:11.441+0000] {processor.py:161} INFO - Started process (PID=14910) to work on /home/ubuntu/endtoend_venv/lib/python3.12/site-packages/airflow/example_dags/tutorial_taskflow_api.py
[2024-06-05T02:18:11.442+0000] {processor.py:830} INFO - Processing file /home/ubuntu/endtoend_venv/lib/python3.12/site-packages/airflow/example_dags/tutorial_taskflow_api.py for tasks to queue
[2024-06-05T02:18:11.444+0000] {logging_mixin.py:188} INFO - [2024-06-05T02:18:11.443+0000] {dagbag.py:545} INFO - Filling up the DagBag from /home/ubuntu/endtoend_venv/lib/python3.12/site-packages/airflow/example_dags/tutorial_taskflow_api.py
[2024-06-05T02:18:11.453+0000] {processor.py:840} INFO - DAG(s) 'tutorial_taskflow_api' retrieved from /home/ubuntu/endtoend_venv/lib/python3.12/site-packages/airflow/example_dags/tutorial_taskflow_api.py
[2024-06-05T02:18:11.610+0000] {logging_mixin.py:188} INFO - [2024-06-05T02:18:11.609+0000] {override.py:1829} INFO - Created Permission View: can read on DAG:tutorial_taskflow_api
[2024-06-05T02:18:11.651+0000] {logging_mixin.py:188} INFO - [2024-06-05T02:18:11.650+0000] {override.py:1829} INFO - Created Permission View: can delete on DAG:tutorial_taskflow_api
[2024-06-05T02:18:11.847+0000] {logging_mixin.py:188} INFO - [2024-06-05T02:18:11.847+0000] {override.py:1829} INFO - Created Permission View: can edit on DAG:tutorial_taskflow_api
[2024-06-05T02:18:11.848+0000] {logging_mixin.py:188} INFO - [2024-06-05T02:18:11.847+0000] {dag.py:3096} INFO - Sync 1 DAGs
[2024-06-05T02:18:11.859+0000] {logging_mixin.py:188} INFO - [2024-06-05T02:18:11.859+0000] {dag.py:3118} INFO - Creating ORM DAG for tutorial_taskflow_api
[2024-06-05T02:18:11.860+0000] {logging_mixin.py:188} INFO - [2024-06-05T02:18:11.859+0000] {dag.py:3954} INFO - Setting next_dagrun for tutorial_taskflow_api to None, run_after=None
[2024-06-05T02:18:12.095+0000] {processor.py:183} INFO - Processing /home/ubuntu/endtoend_venv/lib/python3.12/site-packages/airflow/example_dags/tutorial_taskflow_api.py took 0.659 seconds
[2024-06-05T02:19:08.346+0000] {processor.py:161} INFO - Started process (PID=14961) to work on /home/ubuntu/endtoend_venv/lib/python3.12/site-packages/airflow/example_dags/tutorial_taskflow_api.py
[2024-06-05T02:19:08.347+0000] {processor.py:830} INFO - Processing file /home/ubuntu/endtoend_venv/lib/python3.12/site-packages/airflow/example_dags/tutorial_taskflow_api.py for tasks to queue
[2024-06-05T02:19:08.349+0000] {logging_mixin.py:188} INFO - [2024-06-05T02:19:08.349+0000] {dagbag.py:545} INFO - Filling up the DagBag from /home/ubuntu/endtoend_venv/lib/python3.12/site-packages/airflow/example_dags/tutorial_taskflow_api.py
[2024-06-05T02:19:08.356+0000] {processor.py:840} INFO - DAG(s) 'tutorial_taskflow_api' retrieved from /home/ubuntu/endtoend_venv/lib/python3.12/site-packages/airflow/example_dags/tutorial_taskflow_api.py
[2024-06-05T02:19:08.373+0000] {logging_mixin.py:188} INFO - [2024-06-05T02:19:08.372+0000] {dag.py:3096} INFO - Sync 1 DAGs
[2024-06-05T02:19:08.385+0000] {logging_mixin.py:188} INFO - [2024-06-05T02:19:08.385+0000] {dag.py:3954} INFO - Setting next_dagrun for tutorial_taskflow_api to None, run_after=None
[2024-06-05T02:19:08.410+0000] {processor.py:183} INFO - Processing /home/ubuntu/endtoend_venv/lib/python3.12/site-packages/airflow/example_dags/tutorial_taskflow_api.py took 0.070 seconds
[2024-06-05T02:19:53.720+0000] {processor.py:161} INFO - Started process (PID=15007) to work on /home/ubuntu/endtoend_venv/lib/python3.12/site-packages/airflow/example_dags/tutorial_taskflow_api.py
[2024-06-05T02:19:53.722+0000] {processor.py:830} INFO - Processing file /home/ubuntu/endtoend_venv/lib/python3.12/site-packages/airflow/example_dags/tutorial_taskflow_api.py for tasks to queue
[2024-06-05T02:19:53.723+0000] {logging_mixin.py:188} INFO - [2024-06-05T02:19:53.723+0000] {dagbag.py:545} INFO - Filling up the DagBag from /home/ubuntu/endtoend_venv/lib/python3.12/site-packages/airflow/example_dags/tutorial_taskflow_api.py
[2024-06-05T02:19:53.731+0000] {processor.py:840} INFO - DAG(s) 'tutorial_taskflow_api' retrieved from /home/ubuntu/endtoend_venv/lib/python3.12/site-packages/airflow/example_dags/tutorial_taskflow_api.py
[2024-06-05T02:19:53.748+0000] {logging_mixin.py:188} INFO - [2024-06-05T02:19:53.747+0000] {dag.py:3096} INFO - Sync 1 DAGs
[2024-06-05T02:19:53.761+0000] {logging_mixin.py:188} INFO - [2024-06-05T02:19:53.760+0000] {dag.py:3954} INFO - Setting next_dagrun for tutorial_taskflow_api to None, run_after=None
[2024-06-05T02:19:53.784+0000] {processor.py:183} INFO - Processing /home/ubuntu/endtoend_venv/lib/python3.12/site-packages/airflow/example_dags/tutorial_taskflow_api.py took 0.070 seconds
[2024-06-05T02:20:34.927+0000] {processor.py:161} INFO - Started process (PID=15055) to work on /home/ubuntu/endtoend_venv/lib/python3.12/site-packages/airflow/example_dags/tutorial_taskflow_api.py
[2024-06-05T02:20:34.929+0000] {processor.py:830} INFO - Processing file /home/ubuntu/endtoend_venv/lib/python3.12/site-packages/airflow/example_dags/tutorial_taskflow_api.py for tasks to queue
[2024-06-05T02:20:34.930+0000] {logging_mixin.py:188} INFO - [2024-06-05T02:20:34.930+0000] {dagbag.py:545} INFO - Filling up the DagBag from /home/ubuntu/endtoend_venv/lib/python3.12/site-packages/airflow/example_dags/tutorial_taskflow_api.py
[2024-06-05T02:20:34.937+0000] {processor.py:840} INFO - DAG(s) 'tutorial_taskflow_api' retrieved from /home/ubuntu/endtoend_venv/lib/python3.12/site-packages/airflow/example_dags/tutorial_taskflow_api.py
[2024-06-05T02:20:34.953+0000] {logging_mixin.py:188} INFO - [2024-06-05T02:20:34.953+0000] {dag.py:3096} INFO - Sync 1 DAGs
[2024-06-05T02:20:34.965+0000] {logging_mixin.py:188} INFO - [2024-06-05T02:20:34.965+0000] {dag.py:3954} INFO - Setting next_dagrun for tutorial_taskflow_api to None, run_after=None
[2024-06-05T02:20:34.989+0000] {processor.py:183} INFO - Processing /home/ubuntu/endtoend_venv/lib/python3.12/site-packages/airflow/example_dags/tutorial_taskflow_api.py took 0.068 seconds
[2024-06-05T02:21:15.371+0000] {processor.py:161} INFO - Started process (PID=15098) to work on /home/ubuntu/endtoend_venv/lib/python3.12/site-packages/airflow/example_dags/tutorial_taskflow_api.py
[2024-06-05T02:21:15.373+0000] {processor.py:830} INFO - Processing file /home/ubuntu/endtoend_venv/lib/python3.12/site-packages/airflow/example_dags/tutorial_taskflow_api.py for tasks to queue
[2024-06-05T02:21:15.374+0000] {logging_mixin.py:188} INFO - [2024-06-05T02:21:15.374+0000] {dagbag.py:545} INFO - Filling up the DagBag from /home/ubuntu/endtoend_venv/lib/python3.12/site-packages/airflow/example_dags/tutorial_taskflow_api.py
[2024-06-05T02:21:15.381+0000] {processor.py:840} INFO - DAG(s) 'tutorial_taskflow_api' retrieved from /home/ubuntu/endtoend_venv/lib/python3.12/site-packages/airflow/example_dags/tutorial_taskflow_api.py
[2024-06-05T02:21:15.397+0000] {logging_mixin.py:188} INFO - [2024-06-05T02:21:15.397+0000] {dag.py:3096} INFO - Sync 1 DAGs
[2024-06-05T02:21:15.409+0000] {logging_mixin.py:188} INFO - [2024-06-05T02:21:15.409+0000] {dag.py:3954} INFO - Setting next_dagrun for tutorial_taskflow_api to None, run_after=None
[2024-06-05T02:21:15.432+0000] {processor.py:183} INFO - Processing /home/ubuntu/endtoend_venv/lib/python3.12/site-packages/airflow/example_dags/tutorial_taskflow_api.py took 0.066 seconds
[2024-06-05T02:21:53.319+0000] {processor.py:161} INFO - Started process (PID=15138) to work on /home/ubuntu/endtoend_venv/lib/python3.12/site-packages/airflow/example_dags/tutorial_taskflow_api.py
[2024-06-05T02:21:53.320+0000] {processor.py:830} INFO - Processing file /home/ubuntu/endtoend_venv/lib/python3.12/site-packages/airflow/example_dags/tutorial_taskflow_api.py for tasks to queue
[2024-06-05T02:21:53.322+0000] {logging_mixin.py:188} INFO - [2024-06-05T02:21:53.321+0000] {dagbag.py:545} INFO - Filling up the DagBag from /home/ubuntu/endtoend_venv/lib/python3.12/site-packages/airflow/example_dags/tutorial_taskflow_api.py
[2024-06-05T02:21:53.329+0000] {processor.py:840} INFO - DAG(s) 'tutorial_taskflow_api' retrieved from /home/ubuntu/endtoend_venv/lib/python3.12/site-packages/airflow/example_dags/tutorial_taskflow_api.py
[2024-06-05T02:21:53.345+0000] {logging_mixin.py:188} INFO - [2024-06-05T02:21:53.345+0000] {dag.py:3096} INFO - Sync 1 DAGs
[2024-06-05T02:21:53.358+0000] {logging_mixin.py:188} INFO - [2024-06-05T02:21:53.358+0000] {dag.py:3954} INFO - Setting next_dagrun for tutorial_taskflow_api to None, run_after=None
[2024-06-05T02:21:53.381+0000] {processor.py:183} INFO - Processing /home/ubuntu/endtoend_venv/lib/python3.12/site-packages/airflow/example_dags/tutorial_taskflow_api.py took 0.068 seconds
[2024-06-05T02:22:29.685+0000] {processor.py:161} INFO - Started process (PID=15176) to work on /home/ubuntu/endtoend_venv/lib/python3.12/site-packages/airflow/example_dags/tutorial_taskflow_api.py
[2024-06-05T02:22:29.686+0000] {processor.py:830} INFO - Processing file /home/ubuntu/endtoend_venv/lib/python3.12/site-packages/airflow/example_dags/tutorial_taskflow_api.py for tasks to queue
[2024-06-05T02:22:29.688+0000] {logging_mixin.py:188} INFO - [2024-06-05T02:22:29.688+0000] {dagbag.py:545} INFO - Filling up the DagBag from /home/ubuntu/endtoend_venv/lib/python3.12/site-packages/airflow/example_dags/tutorial_taskflow_api.py
[2024-06-05T02:22:29.695+0000] {processor.py:840} INFO - DAG(s) 'tutorial_taskflow_api' retrieved from /home/ubuntu/endtoend_venv/lib/python3.12/site-packages/airflow/example_dags/tutorial_taskflow_api.py
[2024-06-05T02:22:29.711+0000] {logging_mixin.py:188} INFO - [2024-06-05T02:22:29.711+0000] {dag.py:3096} INFO - Sync 1 DAGs
[2024-06-05T02:22:29.723+0000] {logging_mixin.py:188} INFO - [2024-06-05T02:22:29.723+0000] {dag.py:3954} INFO - Setting next_dagrun for tutorial_taskflow_api to None, run_after=None
[2024-06-05T02:22:29.746+0000] {processor.py:183} INFO - Processing /home/ubuntu/endtoend_venv/lib/python3.12/site-packages/airflow/example_dags/tutorial_taskflow_api.py took 0.067 seconds
[2024-06-05T02:23:08.051+0000] {processor.py:161} INFO - Started process (PID=15216) to work on /home/ubuntu/endtoend_venv/lib/python3.12/site-packages/airflow/example_dags/tutorial_taskflow_api.py
[2024-06-05T02:23:08.052+0000] {processor.py:830} INFO - Processing file /home/ubuntu/endtoend_venv/lib/python3.12/site-packages/airflow/example_dags/tutorial_taskflow_api.py for tasks to queue
[2024-06-05T02:23:08.054+0000] {logging_mixin.py:188} INFO - [2024-06-05T02:23:08.053+0000] {dagbag.py:545} INFO - Filling up the DagBag from /home/ubuntu/endtoend_venv/lib/python3.12/site-packages/airflow/example_dags/tutorial_taskflow_api.py
[2024-06-05T02:23:08.061+0000] {processor.py:840} INFO - DAG(s) 'tutorial_taskflow_api' retrieved from /home/ubuntu/endtoend_venv/lib/python3.12/site-packages/airflow/example_dags/tutorial_taskflow_api.py
[2024-06-05T02:23:08.077+0000] {logging_mixin.py:188} INFO - [2024-06-05T02:23:08.077+0000] {dag.py:3096} INFO - Sync 1 DAGs
[2024-06-05T02:23:08.090+0000] {logging_mixin.py:188} INFO - [2024-06-05T02:23:08.089+0000] {dag.py:3954} INFO - Setting next_dagrun for tutorial_taskflow_api to None, run_after=None
[2024-06-05T02:23:08.113+0000] {processor.py:183} INFO - Processing /home/ubuntu/endtoend_venv/lib/python3.12/site-packages/airflow/example_dags/tutorial_taskflow_api.py took 0.068 seconds
[2024-06-05T02:25:22.144+0000] {processor.py:161} INFO - Started process (PID=15327) to work on /home/ubuntu/endtoend_venv/lib/python3.12/site-packages/airflow/example_dags/tutorial_taskflow_api.py
[2024-06-05T02:25:22.145+0000] {processor.py:830} INFO - Processing file /home/ubuntu/endtoend_venv/lib/python3.12/site-packages/airflow/example_dags/tutorial_taskflow_api.py for tasks to queue
[2024-06-05T02:25:22.147+0000] {logging_mixin.py:188} INFO - [2024-06-05T02:25:22.147+0000] {dagbag.py:545} INFO - Filling up the DagBag from /home/ubuntu/endtoend_venv/lib/python3.12/site-packages/airflow/example_dags/tutorial_taskflow_api.py
[2024-06-05T02:25:22.156+0000] {processor.py:840} INFO - DAG(s) 'tutorial_taskflow_api' retrieved from /home/ubuntu/endtoend_venv/lib/python3.12/site-packages/airflow/example_dags/tutorial_taskflow_api.py
[2024-06-05T02:25:22.164+0000] {logging_mixin.py:188} INFO - [2024-06-05T02:25:22.164+0000] {dag.py:3096} INFO - Sync 1 DAGs
[2024-06-05T02:25:22.177+0000] {logging_mixin.py:188} INFO - [2024-06-05T02:25:22.177+0000] {dag.py:3954} INFO - Setting next_dagrun for tutorial_taskflow_api to None, run_after=None
[2024-06-05T02:25:22.200+0000] {processor.py:183} INFO - Processing /home/ubuntu/endtoend_venv/lib/python3.12/site-packages/airflow/example_dags/tutorial_taskflow_api.py took 0.062 seconds
[2024-06-05T02:26:12.685+0000] {processor.py:161} INFO - Started process (PID=15379) to work on /home/ubuntu/endtoend_venv/lib/python3.12/site-packages/airflow/example_dags/tutorial_taskflow_api.py
[2024-06-05T02:26:12.686+0000] {processor.py:830} INFO - Processing file /home/ubuntu/endtoend_venv/lib/python3.12/site-packages/airflow/example_dags/tutorial_taskflow_api.py for tasks to queue
[2024-06-05T02:26:12.688+0000] {logging_mixin.py:188} INFO - [2024-06-05T02:26:12.688+0000] {dagbag.py:545} INFO - Filling up the DagBag from /home/ubuntu/endtoend_venv/lib/python3.12/site-packages/airflow/example_dags/tutorial_taskflow_api.py
[2024-06-05T02:26:12.695+0000] {processor.py:840} INFO - DAG(s) 'tutorial_taskflow_api' retrieved from /home/ubuntu/endtoend_venv/lib/python3.12/site-packages/airflow/example_dags/tutorial_taskflow_api.py
[2024-06-05T02:26:12.797+0000] {logging_mixin.py:188} INFO - [2024-06-05T02:26:12.797+0000] {dag.py:3096} INFO - Sync 1 DAGs
[2024-06-05T02:26:12.807+0000] {logging_mixin.py:188} INFO - [2024-06-05T02:26:12.807+0000] {dag.py:3954} INFO - Setting next_dagrun for tutorial_taskflow_api to None, run_after=None
[2024-06-05T02:26:12.829+0000] {processor.py:183} INFO - Processing /home/ubuntu/endtoend_venv/lib/python3.12/site-packages/airflow/example_dags/tutorial_taskflow_api.py took 0.149 seconds
[2024-06-05T02:27:00.784+0000] {processor.py:161} INFO - Started process (PID=15425) to work on /home/ubuntu/endtoend_venv/lib/python3.12/site-packages/airflow/example_dags/tutorial_taskflow_api.py
[2024-06-05T02:27:00.786+0000] {processor.py:830} INFO - Processing file /home/ubuntu/endtoend_venv/lib/python3.12/site-packages/airflow/example_dags/tutorial_taskflow_api.py for tasks to queue
[2024-06-05T02:27:00.787+0000] {logging_mixin.py:188} INFO - [2024-06-05T02:27:00.787+0000] {dagbag.py:545} INFO - Filling up the DagBag from /home/ubuntu/endtoend_venv/lib/python3.12/site-packages/airflow/example_dags/tutorial_taskflow_api.py
[2024-06-05T02:27:00.795+0000] {processor.py:840} INFO - DAG(s) 'tutorial_taskflow_api' retrieved from /home/ubuntu/endtoend_venv/lib/python3.12/site-packages/airflow/example_dags/tutorial_taskflow_api.py
[2024-06-05T02:27:00.811+0000] {logging_mixin.py:188} INFO - [2024-06-05T02:27:00.810+0000] {dag.py:3096} INFO - Sync 1 DAGs
[2024-06-05T02:27:00.823+0000] {logging_mixin.py:188} INFO - [2024-06-05T02:27:00.822+0000] {dag.py:3954} INFO - Setting next_dagrun for tutorial_taskflow_api to None, run_after=None
[2024-06-05T02:27:00.845+0000] {processor.py:183} INFO - Processing /home/ubuntu/endtoend_venv/lib/python3.12/site-packages/airflow/example_dags/tutorial_taskflow_api.py took 0.067 seconds
[2024-06-05T02:27:40.070+0000] {processor.py:161} INFO - Started process (PID=15467) to work on /home/ubuntu/endtoend_venv/lib/python3.12/site-packages/airflow/example_dags/tutorial_taskflow_api.py
[2024-06-05T02:27:40.072+0000] {processor.py:830} INFO - Processing file /home/ubuntu/endtoend_venv/lib/python3.12/site-packages/airflow/example_dags/tutorial_taskflow_api.py for tasks to queue
[2024-06-05T02:27:40.073+0000] {logging_mixin.py:188} INFO - [2024-06-05T02:27:40.073+0000] {dagbag.py:545} INFO - Filling up the DagBag from /home/ubuntu/endtoend_venv/lib/python3.12/site-packages/airflow/example_dags/tutorial_taskflow_api.py
[2024-06-05T02:27:40.080+0000] {processor.py:840} INFO - DAG(s) 'tutorial_taskflow_api' retrieved from /home/ubuntu/endtoend_venv/lib/python3.12/site-packages/airflow/example_dags/tutorial_taskflow_api.py
[2024-06-05T02:27:40.097+0000] {logging_mixin.py:188} INFO - [2024-06-05T02:27:40.096+0000] {dag.py:3096} INFO - Sync 1 DAGs
[2024-06-05T02:27:40.109+0000] {logging_mixin.py:188} INFO - [2024-06-05T02:27:40.109+0000] {dag.py:3954} INFO - Setting next_dagrun for tutorial_taskflow_api to None, run_after=None
[2024-06-05T02:27:40.132+0000] {processor.py:183} INFO - Processing /home/ubuntu/endtoend_venv/lib/python3.12/site-packages/airflow/example_dags/tutorial_taskflow_api.py took 0.068 seconds
[2024-06-05T02:28:20.422+0000] {processor.py:161} INFO - Started process (PID=15508) to work on /home/ubuntu/endtoend_venv/lib/python3.12/site-packages/airflow/example_dags/tutorial_taskflow_api.py
[2024-06-05T02:28:20.423+0000] {processor.py:830} INFO - Processing file /home/ubuntu/endtoend_venv/lib/python3.12/site-packages/airflow/example_dags/tutorial_taskflow_api.py for tasks to queue
[2024-06-05T02:28:20.425+0000] {logging_mixin.py:188} INFO - [2024-06-05T02:28:20.425+0000] {dagbag.py:545} INFO - Filling up the DagBag from /home/ubuntu/endtoend_venv/lib/python3.12/site-packages/airflow/example_dags/tutorial_taskflow_api.py
[2024-06-05T02:28:20.432+0000] {processor.py:840} INFO - DAG(s) 'tutorial_taskflow_api' retrieved from /home/ubuntu/endtoend_venv/lib/python3.12/site-packages/airflow/example_dags/tutorial_taskflow_api.py
[2024-06-05T02:28:20.448+0000] {logging_mixin.py:188} INFO - [2024-06-05T02:28:20.448+0000] {dag.py:3096} INFO - Sync 1 DAGs
[2024-06-05T02:28:20.460+0000] {logging_mixin.py:188} INFO - [2024-06-05T02:28:20.460+0000] {dag.py:3954} INFO - Setting next_dagrun for tutorial_taskflow_api to None, run_after=None
[2024-06-05T02:28:20.483+0000] {processor.py:183} INFO - Processing /home/ubuntu/endtoend_venv/lib/python3.12/site-packages/airflow/example_dags/tutorial_taskflow_api.py took 0.067 seconds
[2024-06-05T02:29:03.020+0000] {processor.py:161} INFO - Started process (PID=15551) to work on /home/ubuntu/endtoend_venv/lib/python3.12/site-packages/airflow/example_dags/tutorial_taskflow_api.py
[2024-06-05T02:29:03.021+0000] {processor.py:830} INFO - Processing file /home/ubuntu/endtoend_venv/lib/python3.12/site-packages/airflow/example_dags/tutorial_taskflow_api.py for tasks to queue
[2024-06-05T02:29:03.023+0000] {logging_mixin.py:188} INFO - [2024-06-05T02:29:03.022+0000] {dagbag.py:545} INFO - Filling up the DagBag from /home/ubuntu/endtoend_venv/lib/python3.12/site-packages/airflow/example_dags/tutorial_taskflow_api.py
[2024-06-05T02:29:03.030+0000] {processor.py:840} INFO - DAG(s) 'tutorial_taskflow_api' retrieved from /home/ubuntu/endtoend_venv/lib/python3.12/site-packages/airflow/example_dags/tutorial_taskflow_api.py
[2024-06-05T02:29:03.046+0000] {logging_mixin.py:188} INFO - [2024-06-05T02:29:03.046+0000] {dag.py:3096} INFO - Sync 1 DAGs
[2024-06-05T02:29:03.058+0000] {logging_mixin.py:188} INFO - [2024-06-05T02:29:03.058+0000] {dag.py:3954} INFO - Setting next_dagrun for tutorial_taskflow_api to None, run_after=None
[2024-06-05T02:29:03.081+0000] {processor.py:183} INFO - Processing /home/ubuntu/endtoend_venv/lib/python3.12/site-packages/airflow/example_dags/tutorial_taskflow_api.py took 0.067 seconds
[2024-06-05T02:29:45.148+0000] {processor.py:161} INFO - Started process (PID=15599) to work on /home/ubuntu/endtoend_venv/lib/python3.12/site-packages/airflow/example_dags/tutorial_taskflow_api.py
[2024-06-05T02:29:45.150+0000] {processor.py:830} INFO - Processing file /home/ubuntu/endtoend_venv/lib/python3.12/site-packages/airflow/example_dags/tutorial_taskflow_api.py for tasks to queue
[2024-06-05T02:29:45.152+0000] {logging_mixin.py:188} INFO - [2024-06-05T02:29:45.151+0000] {dagbag.py:545} INFO - Filling up the DagBag from /home/ubuntu/endtoend_venv/lib/python3.12/site-packages/airflow/example_dags/tutorial_taskflow_api.py
[2024-06-05T02:29:45.159+0000] {processor.py:840} INFO - DAG(s) 'tutorial_taskflow_api' retrieved from /home/ubuntu/endtoend_venv/lib/python3.12/site-packages/airflow/example_dags/tutorial_taskflow_api.py
[2024-06-05T02:29:45.175+0000] {logging_mixin.py:188} INFO - [2024-06-05T02:29:45.174+0000] {dag.py:3096} INFO - Sync 1 DAGs
[2024-06-05T02:29:45.187+0000] {logging_mixin.py:188} INFO - [2024-06-05T02:29:45.187+0000] {dag.py:3954} INFO - Setting next_dagrun for tutorial_taskflow_api to None, run_after=None
[2024-06-05T02:29:45.210+0000] {processor.py:183} INFO - Processing /home/ubuntu/endtoend_venv/lib/python3.12/site-packages/airflow/example_dags/tutorial_taskflow_api.py took 0.067 seconds
[2024-06-05T02:30:26.524+0000] {processor.py:161} INFO - Started process (PID=15646) to work on /home/ubuntu/endtoend_venv/lib/python3.12/site-packages/airflow/example_dags/tutorial_taskflow_api.py
[2024-06-05T02:30:26.526+0000] {processor.py:830} INFO - Processing file /home/ubuntu/endtoend_venv/lib/python3.12/site-packages/airflow/example_dags/tutorial_taskflow_api.py for tasks to queue
[2024-06-05T02:30:26.527+0000] {logging_mixin.py:188} INFO - [2024-06-05T02:30:26.527+0000] {dagbag.py:545} INFO - Filling up the DagBag from /home/ubuntu/endtoend_venv/lib/python3.12/site-packages/airflow/example_dags/tutorial_taskflow_api.py
[2024-06-05T02:30:26.535+0000] {processor.py:840} INFO - DAG(s) 'tutorial_taskflow_api' retrieved from /home/ubuntu/endtoend_venv/lib/python3.12/site-packages/airflow/example_dags/tutorial_taskflow_api.py
[2024-06-05T02:30:26.551+0000] {logging_mixin.py:188} INFO - [2024-06-05T02:30:26.551+0000] {dag.py:3096} INFO - Sync 1 DAGs
[2024-06-05T02:30:26.563+0000] {logging_mixin.py:188} INFO - [2024-06-05T02:30:26.563+0000] {dag.py:3954} INFO - Setting next_dagrun for tutorial_taskflow_api to None, run_after=None
[2024-06-05T02:30:26.587+0000] {processor.py:183} INFO - Processing /home/ubuntu/endtoend_venv/lib/python3.12/site-packages/airflow/example_dags/tutorial_taskflow_api.py took 0.068 seconds
[2024-06-05T02:31:08.820+0000] {processor.py:161} INFO - Started process (PID=15689) to work on /home/ubuntu/endtoend_venv/lib/python3.12/site-packages/airflow/example_dags/tutorial_taskflow_api.py
[2024-06-05T02:31:08.821+0000] {processor.py:830} INFO - Processing file /home/ubuntu/endtoend_venv/lib/python3.12/site-packages/airflow/example_dags/tutorial_taskflow_api.py for tasks to queue
[2024-06-05T02:31:08.823+0000] {logging_mixin.py:188} INFO - [2024-06-05T02:31:08.822+0000] {dagbag.py:545} INFO - Filling up the DagBag from /home/ubuntu/endtoend_venv/lib/python3.12/site-packages/airflow/example_dags/tutorial_taskflow_api.py
[2024-06-05T02:31:08.830+0000] {processor.py:840} INFO - DAG(s) 'tutorial_taskflow_api' retrieved from /home/ubuntu/endtoend_venv/lib/python3.12/site-packages/airflow/example_dags/tutorial_taskflow_api.py
[2024-06-05T02:31:08.847+0000] {logging_mixin.py:188} INFO - [2024-06-05T02:31:08.847+0000] {dag.py:3096} INFO - Sync 1 DAGs
[2024-06-05T02:31:08.859+0000] {logging_mixin.py:188} INFO - [2024-06-05T02:31:08.859+0000] {dag.py:3954} INFO - Setting next_dagrun for tutorial_taskflow_api to None, run_after=None
[2024-06-05T02:31:08.883+0000] {processor.py:183} INFO - Processing /home/ubuntu/endtoend_venv/lib/python3.12/site-packages/airflow/example_dags/tutorial_taskflow_api.py took 0.069 seconds
[2024-06-05T02:31:51.495+0000] {processor.py:161} INFO - Started process (PID=15732) to work on /home/ubuntu/endtoend_venv/lib/python3.12/site-packages/airflow/example_dags/tutorial_taskflow_api.py
[2024-06-05T02:31:51.497+0000] {processor.py:830} INFO - Processing file /home/ubuntu/endtoend_venv/lib/python3.12/site-packages/airflow/example_dags/tutorial_taskflow_api.py for tasks to queue
[2024-06-05T02:31:51.498+0000] {logging_mixin.py:188} INFO - [2024-06-05T02:31:51.498+0000] {dagbag.py:545} INFO - Filling up the DagBag from /home/ubuntu/endtoend_venv/lib/python3.12/site-packages/airflow/example_dags/tutorial_taskflow_api.py
[2024-06-05T02:31:51.505+0000] {processor.py:840} INFO - DAG(s) 'tutorial_taskflow_api' retrieved from /home/ubuntu/endtoend_venv/lib/python3.12/site-packages/airflow/example_dags/tutorial_taskflow_api.py
[2024-06-05T02:31:51.522+0000] {logging_mixin.py:188} INFO - [2024-06-05T02:31:51.521+0000] {dag.py:3096} INFO - Sync 1 DAGs
[2024-06-05T02:31:51.534+0000] {logging_mixin.py:188} INFO - [2024-06-05T02:31:51.533+0000] {dag.py:3954} INFO - Setting next_dagrun for tutorial_taskflow_api to None, run_after=None
[2024-06-05T02:31:51.557+0000] {processor.py:183} INFO - Processing /home/ubuntu/endtoend_venv/lib/python3.12/site-packages/airflow/example_dags/tutorial_taskflow_api.py took 0.067 seconds
[2024-06-05T02:32:34.058+0000] {processor.py:161} INFO - Started process (PID=15775) to work on /home/ubuntu/endtoend_venv/lib/python3.12/site-packages/airflow/example_dags/tutorial_taskflow_api.py
[2024-06-05T02:32:34.059+0000] {processor.py:830} INFO - Processing file /home/ubuntu/endtoend_venv/lib/python3.12/site-packages/airflow/example_dags/tutorial_taskflow_api.py for tasks to queue
[2024-06-05T02:32:34.061+0000] {logging_mixin.py:188} INFO - [2024-06-05T02:32:34.060+0000] {dagbag.py:545} INFO - Filling up the DagBag from /home/ubuntu/endtoend_venv/lib/python3.12/site-packages/airflow/example_dags/tutorial_taskflow_api.py
[2024-06-05T02:32:34.068+0000] {processor.py:840} INFO - DAG(s) 'tutorial_taskflow_api' retrieved from /home/ubuntu/endtoend_venv/lib/python3.12/site-packages/airflow/example_dags/tutorial_taskflow_api.py
[2024-06-05T02:32:34.084+0000] {logging_mixin.py:188} INFO - [2024-06-05T02:32:34.083+0000] {dag.py:3096} INFO - Sync 1 DAGs
[2024-06-05T02:32:34.096+0000] {logging_mixin.py:188} INFO - [2024-06-05T02:32:34.096+0000] {dag.py:3954} INFO - Setting next_dagrun for tutorial_taskflow_api to None, run_after=None
[2024-06-05T02:32:34.124+0000] {processor.py:183} INFO - Processing /home/ubuntu/endtoend_venv/lib/python3.12/site-packages/airflow/example_dags/tutorial_taskflow_api.py took 0.072 seconds
[2024-06-05T02:33:16.511+0000] {processor.py:161} INFO - Started process (PID=15817) to work on /home/ubuntu/endtoend_venv/lib/python3.12/site-packages/airflow/example_dags/tutorial_taskflow_api.py
[2024-06-05T02:33:16.513+0000] {processor.py:830} INFO - Processing file /home/ubuntu/endtoend_venv/lib/python3.12/site-packages/airflow/example_dags/tutorial_taskflow_api.py for tasks to queue
[2024-06-05T02:33:16.515+0000] {logging_mixin.py:188} INFO - [2024-06-05T02:33:16.514+0000] {dagbag.py:545} INFO - Filling up the DagBag from /home/ubuntu/endtoend_venv/lib/python3.12/site-packages/airflow/example_dags/tutorial_taskflow_api.py
[2024-06-05T02:33:16.522+0000] {processor.py:840} INFO - DAG(s) 'tutorial_taskflow_api' retrieved from /home/ubuntu/endtoend_venv/lib/python3.12/site-packages/airflow/example_dags/tutorial_taskflow_api.py
[2024-06-05T02:33:16.538+0000] {logging_mixin.py:188} INFO - [2024-06-05T02:33:16.537+0000] {dag.py:3096} INFO - Sync 1 DAGs
[2024-06-05T02:33:16.550+0000] {logging_mixin.py:188} INFO - [2024-06-05T02:33:16.549+0000] {dag.py:3954} INFO - Setting next_dagrun for tutorial_taskflow_api to None, run_after=None
[2024-06-05T02:33:16.573+0000] {processor.py:183} INFO - Processing /home/ubuntu/endtoend_venv/lib/python3.12/site-packages/airflow/example_dags/tutorial_taskflow_api.py took 0.067 seconds
[2024-06-05T02:33:59.947+0000] {processor.py:161} INFO - Started process (PID=15861) to work on /home/ubuntu/endtoend_venv/lib/python3.12/site-packages/airflow/example_dags/tutorial_taskflow_api.py
[2024-06-05T02:33:59.949+0000] {processor.py:830} INFO - Processing file /home/ubuntu/endtoend_venv/lib/python3.12/site-packages/airflow/example_dags/tutorial_taskflow_api.py for tasks to queue
[2024-06-05T02:33:59.951+0000] {logging_mixin.py:188} INFO - [2024-06-05T02:33:59.950+0000] {dagbag.py:545} INFO - Filling up the DagBag from /home/ubuntu/endtoend_venv/lib/python3.12/site-packages/airflow/example_dags/tutorial_taskflow_api.py
[2024-06-05T02:33:59.958+0000] {processor.py:840} INFO - DAG(s) 'tutorial_taskflow_api' retrieved from /home/ubuntu/endtoend_venv/lib/python3.12/site-packages/airflow/example_dags/tutorial_taskflow_api.py
[2024-06-05T02:33:59.974+0000] {logging_mixin.py:188} INFO - [2024-06-05T02:33:59.974+0000] {dag.py:3096} INFO - Sync 1 DAGs
[2024-06-05T02:33:59.986+0000] {logging_mixin.py:188} INFO - [2024-06-05T02:33:59.985+0000] {dag.py:3954} INFO - Setting next_dagrun for tutorial_taskflow_api to None, run_after=None
[2024-06-05T02:34:00.010+0000] {processor.py:183} INFO - Processing /home/ubuntu/endtoend_venv/lib/python3.12/site-packages/airflow/example_dags/tutorial_taskflow_api.py took 0.068 seconds
[2024-06-05T02:34:38.818+0000] {processor.py:161} INFO - Started process (PID=15903) to work on /home/ubuntu/endtoend_venv/lib/python3.12/site-packages/airflow/example_dags/tutorial_taskflow_api.py
[2024-06-05T02:34:38.820+0000] {processor.py:830} INFO - Processing file /home/ubuntu/endtoend_venv/lib/python3.12/site-packages/airflow/example_dags/tutorial_taskflow_api.py for tasks to queue
[2024-06-05T02:34:38.822+0000] {logging_mixin.py:188} INFO - [2024-06-05T02:34:38.821+0000] {dagbag.py:545} INFO - Filling up the DagBag from /home/ubuntu/endtoend_venv/lib/python3.12/site-packages/airflow/example_dags/tutorial_taskflow_api.py
[2024-06-05T02:34:38.829+0000] {processor.py:840} INFO - DAG(s) 'tutorial_taskflow_api' retrieved from /home/ubuntu/endtoend_venv/lib/python3.12/site-packages/airflow/example_dags/tutorial_taskflow_api.py
[2024-06-05T02:34:38.845+0000] {logging_mixin.py:188} INFO - [2024-06-05T02:34:38.845+0000] {dag.py:3096} INFO - Sync 1 DAGs
[2024-06-05T02:34:38.857+0000] {logging_mixin.py:188} INFO - [2024-06-05T02:34:38.857+0000] {dag.py:3954} INFO - Setting next_dagrun for tutorial_taskflow_api to None, run_after=None
[2024-06-05T02:34:38.884+0000] {processor.py:183} INFO - Processing /home/ubuntu/endtoend_venv/lib/python3.12/site-packages/airflow/example_dags/tutorial_taskflow_api.py took 0.072 seconds
