[2024-06-13T01:05:50.374+0000] {local_task_job_runner.py:120} INFO - ::group::Pre task execution logs
[2024-06-13T01:05:50.385+0000] {taskinstance.py:2076} INFO - Dependencies all met for dep_context=non-requeueable deps ti=<TaskInstance: zillow_analytics_dag.tsk_load_to_s3 scheduled__2024-06-12T00:00:00+00:00 [queued]>
[2024-06-13T01:05:50.405+0000] {taskinstance.py:2076} INFO - Dependencies all met for dep_context=requeueable deps ti=<TaskInstance: zillow_analytics_dag.tsk_load_to_s3 scheduled__2024-06-12T00:00:00+00:00 [queued]>
[2024-06-13T01:05:50.405+0000] {taskinstance.py:2306} INFO - Starting attempt 1 of 3
[2024-06-13T01:05:50.420+0000] {taskinstance.py:2330} INFO - Executing <Task(BashOperator): tsk_load_to_s3> on 2024-06-12 00:00:00+00:00
[2024-06-13T01:05:50.425+0000] {standard_task_runner.py:63} INFO - Started process 122739 to run task
[2024-06-13T01:05:50.427+0000] {standard_task_runner.py:90} INFO - Running: ['airflow', 'tasks', 'run', 'zillow_analytics_dag', 'tsk_load_to_s3', 'scheduled__2024-06-12T00:00:00+00:00', '--job-id', '69', '--raw', '--subdir', 'DAGS_FOLDER/zillowanalytics.py', '--cfg-path', '/tmp/tmp1opsnzwk']
[2024-06-13T01:05:50.429+0000] {standard_task_runner.py:91} INFO - Job 69: Subtask tsk_load_to_s3
[2024-06-13T01:05:50.486+0000] {task_command.py:426} INFO - Running <TaskInstance: zillow_analytics_dag.tsk_load_to_s3 scheduled__2024-06-12T00:00:00+00:00 [running]> on host ip-172-31-25-20.us-east-2.compute.internal
[2024-06-13T01:05:50.593+0000] {taskinstance.py:2648} INFO - Exporting env vars: AIRFLOW_CTX_DAG_EMAIL='myemail@domain.com' AIRFLOW_CTX_DAG_OWNER='airflow' AIRFLOW_CTX_DAG_ID='zillow_analytics_dag' AIRFLOW_CTX_TASK_ID='tsk_load_to_s3' AIRFLOW_CTX_EXECUTION_DATE='2024-06-12T00:00:00+00:00' AIRFLOW_CTX_TRY_NUMBER='1' AIRFLOW_CTX_DAG_RUN_ID='scheduled__2024-06-12T00:00:00+00:00'
[2024-06-13T01:05:50.593+0000] {taskinstance.py:430} INFO - ::endgroup::
[2024-06-13T01:05:50.606+0000] {subprocess.py:63} INFO - Tmp dir root location: /tmp
[2024-06-13T01:05:50.607+0000] {subprocess.py:75} INFO - Running command: ['/usr/bin/bash', '-c', 'aws s3 mv /home/ubuntu/response_data_13062024010546.json s3://endtoend-zillow/']
[2024-06-13T01:05:50.614+0000] {subprocess.py:86} INFO - Output:
[2024-06-13T01:05:51.319+0000] {subprocess.py:93} INFO - Completed 68.6 KiB/68.6 KiB (396.0 KiB/s) with 1 file(s) remainingmove: ../../home/ubuntu/response_data_13062024010546.json to s3://endtoend-zillow/response_data_13062024010546.json
[2024-06-13T01:05:51.395+0000] {subprocess.py:97} INFO - Command exited with return code 0
[2024-06-13T01:05:51.396+0000] {taskinstance.py:441} INFO - ::group::Post task execution logs
[2024-06-13T01:05:51.416+0000] {taskinstance.py:1206} INFO - Marking task as SUCCESS. dag_id=zillow_analytics_dag, task_id=tsk_load_to_s3, run_id=scheduled__2024-06-12T00:00:00+00:00, execution_date=20240612T000000, start_date=20240613T010550, end_date=20240613T010551
[2024-06-13T01:05:51.447+0000] {local_task_job_runner.py:240} INFO - Task exited with return code 0
[2024-06-13T01:05:51.466+0000] {taskinstance.py:3498} INFO - 1 downstream tasks scheduled from follow-on schedule check
[2024-06-13T01:05:51.472+0000] {local_task_job_runner.py:222} INFO - ::endgroup::
