[2024-06-06T01:16:14.620+0000] {processor.py:161} INFO - Started process (PID=21072) to work on /home/ubuntu/endtoend_venv/lib/python3.12/site-packages/airflow/example_dags/example_params_trigger_ui.py
[2024-06-06T01:16:14.621+0000] {processor.py:830} INFO - Processing file /home/ubuntu/endtoend_venv/lib/python3.12/site-packages/airflow/example_dags/example_params_trigger_ui.py for tasks to queue
[2024-06-06T01:16:14.623+0000] {logging_mixin.py:188} INFO - [2024-06-06T01:16:14.622+0000] {dagbag.py:545} INFO - Filling up the DagBag from /home/ubuntu/endtoend_venv/lib/python3.12/site-packages/airflow/example_dags/example_params_trigger_ui.py
[2024-06-06T01:16:14.639+0000] {processor.py:840} INFO - DAG(s) 'example_params_trigger_ui' retrieved from /home/ubuntu/endtoend_venv/lib/python3.12/site-packages/airflow/example_dags/example_params_trigger_ui.py
[2024-06-06T01:16:14.788+0000] {logging_mixin.py:188} INFO - [2024-06-06T01:16:14.787+0000] {dag.py:3096} INFO - Sync 1 DAGs
[2024-06-06T01:16:14.798+0000] {logging_mixin.py:188} INFO - [2024-06-06T01:16:14.798+0000] {dag.py:3954} INFO - Setting next_dagrun for example_params_trigger_ui to None, run_after=None
[2024-06-06T01:16:14.834+0000] {processor.py:183} INFO - Processing /home/ubuntu/endtoend_venv/lib/python3.12/site-packages/airflow/example_dags/example_params_trigger_ui.py took 0.220 seconds
[2024-06-06T01:17:06.857+0000] {processor.py:161} INFO - Started process (PID=21126) to work on /home/ubuntu/endtoend_venv/lib/python3.12/site-packages/airflow/example_dags/example_params_trigger_ui.py
[2024-06-06T01:17:06.859+0000] {processor.py:830} INFO - Processing file /home/ubuntu/endtoend_venv/lib/python3.12/site-packages/airflow/example_dags/example_params_trigger_ui.py for tasks to queue
[2024-06-06T01:17:06.861+0000] {logging_mixin.py:188} INFO - [2024-06-06T01:17:06.860+0000] {dagbag.py:545} INFO - Filling up the DagBag from /home/ubuntu/endtoend_venv/lib/python3.12/site-packages/airflow/example_dags/example_params_trigger_ui.py
[2024-06-06T01:17:06.877+0000] {processor.py:840} INFO - DAG(s) 'example_params_trigger_ui' retrieved from /home/ubuntu/endtoend_venv/lib/python3.12/site-packages/airflow/example_dags/example_params_trigger_ui.py
[2024-06-06T01:17:06.923+0000] {logging_mixin.py:188} INFO - [2024-06-06T01:17:06.922+0000] {dag.py:3096} INFO - Sync 1 DAGs
[2024-06-06T01:17:06.936+0000] {logging_mixin.py:188} INFO - [2024-06-06T01:17:06.935+0000] {dag.py:3954} INFO - Setting next_dagrun for example_params_trigger_ui to None, run_after=None
[2024-06-06T01:17:06.960+0000] {processor.py:183} INFO - Processing /home/ubuntu/endtoend_venv/lib/python3.12/site-packages/airflow/example_dags/example_params_trigger_ui.py took 0.109 seconds
[2024-06-06T01:17:57.050+0000] {processor.py:161} INFO - Started process (PID=21178) to work on /home/ubuntu/endtoend_venv/lib/python3.12/site-packages/airflow/example_dags/example_params_trigger_ui.py
[2024-06-06T01:17:57.052+0000] {processor.py:830} INFO - Processing file /home/ubuntu/endtoend_venv/lib/python3.12/site-packages/airflow/example_dags/example_params_trigger_ui.py for tasks to queue
[2024-06-06T01:17:57.054+0000] {logging_mixin.py:188} INFO - [2024-06-06T01:17:57.053+0000] {dagbag.py:545} INFO - Filling up the DagBag from /home/ubuntu/endtoend_venv/lib/python3.12/site-packages/airflow/example_dags/example_params_trigger_ui.py
[2024-06-06T01:17:57.069+0000] {processor.py:840} INFO - DAG(s) 'example_params_trigger_ui' retrieved from /home/ubuntu/endtoend_venv/lib/python3.12/site-packages/airflow/example_dags/example_params_trigger_ui.py
[2024-06-06T01:17:57.113+0000] {logging_mixin.py:188} INFO - [2024-06-06T01:17:57.113+0000] {dag.py:3096} INFO - Sync 1 DAGs
[2024-06-06T01:17:57.126+0000] {logging_mixin.py:188} INFO - [2024-06-06T01:17:57.126+0000] {dag.py:3954} INFO - Setting next_dagrun for example_params_trigger_ui to None, run_after=None
[2024-06-06T01:17:57.149+0000] {processor.py:183} INFO - Processing /home/ubuntu/endtoend_venv/lib/python3.12/site-packages/airflow/example_dags/example_params_trigger_ui.py took 0.104 seconds
[2024-06-06T01:19:00.887+0000] {processor.py:161} INFO - Started process (PID=21270) to work on /home/ubuntu/endtoend_venv/lib/python3.12/site-packages/airflow/example_dags/example_params_trigger_ui.py
[2024-06-06T01:19:00.888+0000] {processor.py:830} INFO - Processing file /home/ubuntu/endtoend_venv/lib/python3.12/site-packages/airflow/example_dags/example_params_trigger_ui.py for tasks to queue
[2024-06-06T01:19:00.890+0000] {logging_mixin.py:188} INFO - [2024-06-06T01:19:00.890+0000] {dagbag.py:545} INFO - Filling up the DagBag from /home/ubuntu/endtoend_venv/lib/python3.12/site-packages/airflow/example_dags/example_params_trigger_ui.py
[2024-06-06T01:19:00.906+0000] {processor.py:840} INFO - DAG(s) 'example_params_trigger_ui' retrieved from /home/ubuntu/endtoend_venv/lib/python3.12/site-packages/airflow/example_dags/example_params_trigger_ui.py
[2024-06-06T01:19:00.950+0000] {logging_mixin.py:188} INFO - [2024-06-06T01:19:00.950+0000] {dag.py:3096} INFO - Sync 1 DAGs
[2024-06-06T01:19:00.964+0000] {logging_mixin.py:188} INFO - [2024-06-06T01:19:00.963+0000] {dag.py:3954} INFO - Setting next_dagrun for example_params_trigger_ui to None, run_after=None
[2024-06-06T01:19:00.989+0000] {processor.py:183} INFO - Processing /home/ubuntu/endtoend_venv/lib/python3.12/site-packages/airflow/example_dags/example_params_trigger_ui.py took 0.108 seconds
[2024-06-06T01:20:04.226+0000] {processor.py:161} INFO - Started process (PID=21382) to work on /home/ubuntu/endtoend_venv/lib/python3.12/site-packages/airflow/example_dags/example_params_trigger_ui.py
[2024-06-06T01:20:04.228+0000] {processor.py:830} INFO - Processing file /home/ubuntu/endtoend_venv/lib/python3.12/site-packages/airflow/example_dags/example_params_trigger_ui.py for tasks to queue
[2024-06-06T01:20:04.230+0000] {logging_mixin.py:188} INFO - [2024-06-06T01:20:04.229+0000] {dagbag.py:545} INFO - Filling up the DagBag from /home/ubuntu/endtoend_venv/lib/python3.12/site-packages/airflow/example_dags/example_params_trigger_ui.py
[2024-06-06T01:20:04.245+0000] {processor.py:840} INFO - DAG(s) 'example_params_trigger_ui' retrieved from /home/ubuntu/endtoend_venv/lib/python3.12/site-packages/airflow/example_dags/example_params_trigger_ui.py
[2024-06-06T01:20:04.291+0000] {logging_mixin.py:188} INFO - [2024-06-06T01:20:04.290+0000] {dag.py:3096} INFO - Sync 1 DAGs
[2024-06-06T01:20:04.304+0000] {logging_mixin.py:188} INFO - [2024-06-06T01:20:04.303+0000] {dag.py:3954} INFO - Setting next_dagrun for example_params_trigger_ui to None, run_after=None
[2024-06-06T01:20:04.330+0000] {processor.py:183} INFO - Processing /home/ubuntu/endtoend_venv/lib/python3.12/site-packages/airflow/example_dags/example_params_trigger_ui.py took 0.110 seconds
