[2024-06-06T01:16:00.217+0000] {processor.py:161} INFO - Started process (PID=21056) to work on /home/ubuntu/endtoend_venv/lib/python3.12/site-packages/airflow/example_dags/example_sla_dag.py
[2024-06-06T01:16:00.218+0000] {processor.py:830} INFO - Processing file /home/ubuntu/endtoend_venv/lib/python3.12/site-packages/airflow/example_dags/example_sla_dag.py for tasks to queue
[2024-06-06T01:16:00.220+0000] {logging_mixin.py:188} INFO - [2024-06-06T01:16:00.219+0000] {dagbag.py:545} INFO - Filling up the DagBag from /home/ubuntu/endtoend_venv/lib/python3.12/site-packages/airflow/example_dags/example_sla_dag.py
[2024-06-06T01:16:00.232+0000] {processor.py:840} INFO - DAG(s) 'example_sla_dag' retrieved from /home/ubuntu/endtoend_venv/lib/python3.12/site-packages/airflow/example_dags/example_sla_dag.py
[2024-06-06T01:16:00.241+0000] {logging_mixin.py:188} INFO - [2024-06-06T01:16:00.240+0000] {dag.py:3096} INFO - Sync 1 DAGs
[2024-06-06T01:16:00.265+0000] {logging_mixin.py:188} INFO - [2024-06-06T01:16:00.265+0000] {dag.py:3954} INFO - Setting next_dagrun for example_sla_dag to 2024-06-06 01:14:00+00:00, run_after=2024-06-06 01:16:00+00:00
[2024-06-06T01:16:00.291+0000] {processor.py:183} INFO - Processing /home/ubuntu/endtoend_venv/lib/python3.12/site-packages/airflow/example_dags/example_sla_dag.py took 0.080 seconds
[2024-06-06T01:16:51.344+0000] {processor.py:161} INFO - Started process (PID=21108) to work on /home/ubuntu/endtoend_venv/lib/python3.12/site-packages/airflow/example_dags/example_sla_dag.py
[2024-06-06T01:16:51.345+0000] {processor.py:830} INFO - Processing file /home/ubuntu/endtoend_venv/lib/python3.12/site-packages/airflow/example_dags/example_sla_dag.py for tasks to queue
[2024-06-06T01:16:51.347+0000] {logging_mixin.py:188} INFO - [2024-06-06T01:16:51.347+0000] {dagbag.py:545} INFO - Filling up the DagBag from /home/ubuntu/endtoend_venv/lib/python3.12/site-packages/airflow/example_dags/example_sla_dag.py
[2024-06-06T01:16:51.356+0000] {processor.py:840} INFO - DAG(s) 'example_sla_dag' retrieved from /home/ubuntu/endtoend_venv/lib/python3.12/site-packages/airflow/example_dags/example_sla_dag.py
[2024-06-06T01:16:51.460+0000] {logging_mixin.py:188} INFO - [2024-06-06T01:16:51.459+0000] {dag.py:3096} INFO - Sync 1 DAGs
[2024-06-06T01:16:51.479+0000] {logging_mixin.py:188} INFO - [2024-06-06T01:16:51.479+0000] {dag.py:3954} INFO - Setting next_dagrun for example_sla_dag to 2024-06-06 01:14:00+00:00, run_after=2024-06-06 01:16:00+00:00
[2024-06-06T01:16:51.501+0000] {processor.py:183} INFO - Processing /home/ubuntu/endtoend_venv/lib/python3.12/site-packages/airflow/example_dags/example_sla_dag.py took 0.164 seconds
[2024-06-06T01:17:41.883+0000] {processor.py:161} INFO - Started process (PID=21163) to work on /home/ubuntu/endtoend_venv/lib/python3.12/site-packages/airflow/example_dags/example_sla_dag.py
[2024-06-06T01:17:41.884+0000] {processor.py:830} INFO - Processing file /home/ubuntu/endtoend_venv/lib/python3.12/site-packages/airflow/example_dags/example_sla_dag.py for tasks to queue
[2024-06-06T01:17:41.886+0000] {logging_mixin.py:188} INFO - [2024-06-06T01:17:41.885+0000] {dagbag.py:545} INFO - Filling up the DagBag from /home/ubuntu/endtoend_venv/lib/python3.12/site-packages/airflow/example_dags/example_sla_dag.py
[2024-06-06T01:17:41.895+0000] {processor.py:840} INFO - DAG(s) 'example_sla_dag' retrieved from /home/ubuntu/endtoend_venv/lib/python3.12/site-packages/airflow/example_dags/example_sla_dag.py
[2024-06-06T01:17:41.912+0000] {logging_mixin.py:188} INFO - [2024-06-06T01:17:41.912+0000] {dag.py:3096} INFO - Sync 1 DAGs
[2024-06-06T01:17:41.936+0000] {logging_mixin.py:188} INFO - [2024-06-06T01:17:41.935+0000] {dag.py:3954} INFO - Setting next_dagrun for example_sla_dag to 2024-06-06 01:14:00+00:00, run_after=2024-06-06 01:16:00+00:00
[2024-06-06T01:17:41.960+0000] {processor.py:183} INFO - Processing /home/ubuntu/endtoend_venv/lib/python3.12/site-packages/airflow/example_dags/example_sla_dag.py took 0.083 seconds
[2024-06-06T01:18:26.634+0000] {processor.py:161} INFO - Started process (PID=21220) to work on /home/ubuntu/endtoend_venv/lib/python3.12/site-packages/airflow/example_dags/example_sla_dag.py
[2024-06-06T01:18:26.635+0000] {processor.py:830} INFO - Processing file /home/ubuntu/endtoend_venv/lib/python3.12/site-packages/airflow/example_dags/example_sla_dag.py for tasks to queue
[2024-06-06T01:18:26.637+0000] {logging_mixin.py:188} INFO - [2024-06-06T01:18:26.637+0000] {dagbag.py:545} INFO - Filling up the DagBag from /home/ubuntu/endtoend_venv/lib/python3.12/site-packages/airflow/example_dags/example_sla_dag.py
[2024-06-06T01:18:26.646+0000] {processor.py:840} INFO - DAG(s) 'example_sla_dag' retrieved from /home/ubuntu/endtoend_venv/lib/python3.12/site-packages/airflow/example_dags/example_sla_dag.py
[2024-06-06T01:18:26.662+0000] {logging_mixin.py:188} INFO - [2024-06-06T01:18:26.662+0000] {dag.py:3096} INFO - Sync 1 DAGs
[2024-06-06T01:18:26.685+0000] {logging_mixin.py:188} INFO - [2024-06-06T01:18:26.685+0000] {dag.py:3954} INFO - Setting next_dagrun for example_sla_dag to 2024-06-06 01:16:00+00:00, run_after=2024-06-06 01:18:00+00:00
[2024-06-06T01:18:26.708+0000] {processor.py:183} INFO - Processing /home/ubuntu/endtoend_venv/lib/python3.12/site-packages/airflow/example_dags/example_sla_dag.py took 0.080 seconds
[2024-06-06T01:19:09.007+0000] {processor.py:161} INFO - Started process (PID=21278) to work on /home/ubuntu/endtoend_venv/lib/python3.12/site-packages/airflow/example_dags/example_sla_dag.py
[2024-06-06T01:19:09.009+0000] {processor.py:830} INFO - Processing file /home/ubuntu/endtoend_venv/lib/python3.12/site-packages/airflow/example_dags/example_sla_dag.py for tasks to queue
[2024-06-06T01:19:09.011+0000] {logging_mixin.py:188} INFO - [2024-06-06T01:19:09.010+0000] {dagbag.py:545} INFO - Filling up the DagBag from /home/ubuntu/endtoend_venv/lib/python3.12/site-packages/airflow/example_dags/example_sla_dag.py
[2024-06-06T01:19:09.020+0000] {processor.py:840} INFO - DAG(s) 'example_sla_dag' retrieved from /home/ubuntu/endtoend_venv/lib/python3.12/site-packages/airflow/example_dags/example_sla_dag.py
[2024-06-06T01:19:09.037+0000] {logging_mixin.py:188} INFO - [2024-06-06T01:19:09.036+0000] {dag.py:3096} INFO - Sync 1 DAGs
[2024-06-06T01:19:09.060+0000] {logging_mixin.py:188} INFO - [2024-06-06T01:19:09.060+0000] {dag.py:3954} INFO - Setting next_dagrun for example_sla_dag to 2024-06-06 01:16:00+00:00, run_after=2024-06-06 01:18:00+00:00
[2024-06-06T01:19:09.084+0000] {processor.py:183} INFO - Processing /home/ubuntu/endtoend_venv/lib/python3.12/site-packages/airflow/example_dags/example_sla_dag.py took 0.083 seconds
[2024-06-06T01:19:51.431+0000] {processor.py:161} INFO - Started process (PID=21350) to work on /home/ubuntu/endtoend_venv/lib/python3.12/site-packages/airflow/example_dags/example_sla_dag.py
[2024-06-06T01:19:51.433+0000] {processor.py:830} INFO - Processing file /home/ubuntu/endtoend_venv/lib/python3.12/site-packages/airflow/example_dags/example_sla_dag.py for tasks to queue
[2024-06-06T01:19:51.435+0000] {logging_mixin.py:188} INFO - [2024-06-06T01:19:51.434+0000] {dagbag.py:545} INFO - Filling up the DagBag from /home/ubuntu/endtoend_venv/lib/python3.12/site-packages/airflow/example_dags/example_sla_dag.py
[2024-06-06T01:19:51.446+0000] {processor.py:840} INFO - DAG(s) 'example_sla_dag' retrieved from /home/ubuntu/endtoend_venv/lib/python3.12/site-packages/airflow/example_dags/example_sla_dag.py
[2024-06-06T01:19:51.470+0000] {logging_mixin.py:188} INFO - [2024-06-06T01:19:51.469+0000] {dag.py:3096} INFO - Sync 1 DAGs
[2024-06-06T01:19:51.497+0000] {logging_mixin.py:188} INFO - [2024-06-06T01:19:51.496+0000] {dag.py:3954} INFO - Setting next_dagrun for example_sla_dag to 2024-06-06 01:16:00+00:00, run_after=2024-06-06 01:18:00+00:00
[2024-06-06T01:19:51.531+0000] {processor.py:183} INFO - Processing /home/ubuntu/endtoend_venv/lib/python3.12/site-packages/airflow/example_dags/example_sla_dag.py took 0.109 seconds
[2024-06-06T01:20:34.032+0000] {processor.py:161} INFO - Started process (PID=21415) to work on /home/ubuntu/endtoend_venv/lib/python3.12/site-packages/airflow/example_dags/example_sla_dag.py
[2024-06-06T01:20:34.033+0000] {processor.py:830} INFO - Processing file /home/ubuntu/endtoend_venv/lib/python3.12/site-packages/airflow/example_dags/example_sla_dag.py for tasks to queue
[2024-06-06T01:20:34.035+0000] {logging_mixin.py:188} INFO - [2024-06-06T01:20:34.034+0000] {dagbag.py:545} INFO - Filling up the DagBag from /home/ubuntu/endtoend_venv/lib/python3.12/site-packages/airflow/example_dags/example_sla_dag.py
[2024-06-06T01:20:34.044+0000] {processor.py:840} INFO - DAG(s) 'example_sla_dag' retrieved from /home/ubuntu/endtoend_venv/lib/python3.12/site-packages/airflow/example_dags/example_sla_dag.py
[2024-06-06T01:20:34.060+0000] {logging_mixin.py:188} INFO - [2024-06-06T01:20:34.060+0000] {dag.py:3096} INFO - Sync 1 DAGs
[2024-06-06T01:20:34.084+0000] {logging_mixin.py:188} INFO - [2024-06-06T01:20:34.084+0000] {dag.py:3954} INFO - Setting next_dagrun for example_sla_dag to 2024-06-06 01:18:00+00:00, run_after=2024-06-06 01:20:00+00:00
[2024-06-06T01:20:34.107+0000] {processor.py:183} INFO - Processing /home/ubuntu/endtoend_venv/lib/python3.12/site-packages/airflow/example_dags/example_sla_dag.py took 0.082 seconds
