[2024-06-06T01:16:17.194+0000] {processor.py:161} INFO - Started process (PID=21074) to work on /home/ubuntu/endtoend_venv/lib/python3.12/site-packages/airflow/example_dags/example_external_task_marker_dag.py
[2024-06-06T01:16:17.195+0000] {processor.py:830} INFO - Processing file /home/ubuntu/endtoend_venv/lib/python3.12/site-packages/airflow/example_dags/example_external_task_marker_dag.py for tasks to queue
[2024-06-06T01:16:17.197+0000] {logging_mixin.py:188} INFO - [2024-06-06T01:16:17.196+0000] {dagbag.py:545} INFO - Filling up the DagBag from /home/ubuntu/endtoend_venv/lib/python3.12/site-packages/airflow/example_dags/example_external_task_marker_dag.py
[2024-06-06T01:16:17.204+0000] {processor.py:840} INFO - DAG(s) 'example_external_task_marker_parent', 'example_external_task_marker_child' retrieved from /home/ubuntu/endtoend_venv/lib/python3.12/site-packages/airflow/example_dags/example_external_task_marker_dag.py
[2024-06-06T01:16:17.319+0000] {logging_mixin.py:188} INFO - [2024-06-06T01:16:17.319+0000] {dag.py:3096} INFO - Sync 2 DAGs
[2024-06-06T01:16:17.329+0000] {logging_mixin.py:188} INFO - [2024-06-06T01:16:17.329+0000] {dag.py:3954} INFO - Setting next_dagrun for example_external_task_marker_child to None, run_after=None
[2024-06-06T01:16:17.332+0000] {logging_mixin.py:188} INFO - [2024-06-06T01:16:17.332+0000] {dag.py:3954} INFO - Setting next_dagrun for example_external_task_marker_parent to None, run_after=None
[2024-06-06T01:16:17.355+0000] {processor.py:183} INFO - Processing /home/ubuntu/endtoend_venv/lib/python3.12/site-packages/airflow/example_dags/example_external_task_marker_dag.py took 0.167 seconds
[2024-06-06T01:17:09.230+0000] {processor.py:161} INFO - Started process (PID=21129) to work on /home/ubuntu/endtoend_venv/lib/python3.12/site-packages/airflow/example_dags/example_external_task_marker_dag.py
[2024-06-06T01:17:09.231+0000] {processor.py:830} INFO - Processing file /home/ubuntu/endtoend_venv/lib/python3.12/site-packages/airflow/example_dags/example_external_task_marker_dag.py for tasks to queue
[2024-06-06T01:17:09.233+0000] {logging_mixin.py:188} INFO - [2024-06-06T01:17:09.232+0000] {dagbag.py:545} INFO - Filling up the DagBag from /home/ubuntu/endtoend_venv/lib/python3.12/site-packages/airflow/example_dags/example_external_task_marker_dag.py
[2024-06-06T01:17:09.240+0000] {processor.py:840} INFO - DAG(s) 'example_external_task_marker_child', 'example_external_task_marker_parent' retrieved from /home/ubuntu/endtoend_venv/lib/python3.12/site-packages/airflow/example_dags/example_external_task_marker_dag.py
[2024-06-06T01:17:09.259+0000] {logging_mixin.py:188} INFO - [2024-06-06T01:17:09.259+0000] {dag.py:3096} INFO - Sync 2 DAGs
[2024-06-06T01:17:09.272+0000] {logging_mixin.py:188} INFO - [2024-06-06T01:17:09.272+0000] {dag.py:3954} INFO - Setting next_dagrun for example_external_task_marker_child to None, run_after=None
[2024-06-06T01:17:09.276+0000] {logging_mixin.py:188} INFO - [2024-06-06T01:17:09.275+0000] {dag.py:3954} INFO - Setting next_dagrun for example_external_task_marker_parent to None, run_after=None
[2024-06-06T01:17:09.297+0000] {processor.py:183} INFO - Processing /home/ubuntu/endtoend_venv/lib/python3.12/site-packages/airflow/example_dags/example_external_task_marker_dag.py took 0.073 seconds
[2024-06-06T01:18:12.490+0000] {processor.py:161} INFO - Started process (PID=21193) to work on /home/ubuntu/endtoend_venv/lib/python3.12/site-packages/airflow/example_dags/example_external_task_marker_dag.py
[2024-06-06T01:18:12.491+0000] {processor.py:830} INFO - Processing file /home/ubuntu/endtoend_venv/lib/python3.12/site-packages/airflow/example_dags/example_external_task_marker_dag.py for tasks to queue
[2024-06-06T01:18:12.493+0000] {logging_mixin.py:188} INFO - [2024-06-06T01:18:12.493+0000] {dagbag.py:545} INFO - Filling up the DagBag from /home/ubuntu/endtoend_venv/lib/python3.12/site-packages/airflow/example_dags/example_external_task_marker_dag.py
[2024-06-06T01:18:12.500+0000] {processor.py:840} INFO - DAG(s) 'example_external_task_marker_child', 'example_external_task_marker_parent' retrieved from /home/ubuntu/endtoend_venv/lib/python3.12/site-packages/airflow/example_dags/example_external_task_marker_dag.py
[2024-06-06T01:18:12.520+0000] {logging_mixin.py:188} INFO - [2024-06-06T01:18:12.520+0000] {dag.py:3096} INFO - Sync 2 DAGs
[2024-06-06T01:18:12.533+0000] {logging_mixin.py:188} INFO - [2024-06-06T01:18:12.532+0000] {dag.py:3954} INFO - Setting next_dagrun for example_external_task_marker_child to None, run_after=None
[2024-06-06T01:18:12.536+0000] {logging_mixin.py:188} INFO - [2024-06-06T01:18:12.536+0000] {dag.py:3954} INFO - Setting next_dagrun for example_external_task_marker_parent to None, run_after=None
[2024-06-06T01:18:12.557+0000] {processor.py:183} INFO - Processing /home/ubuntu/endtoend_venv/lib/python3.12/site-packages/airflow/example_dags/example_external_task_marker_dag.py took 0.073 seconds
[2024-06-06T01:19:02.613+0000] {processor.py:161} INFO - Started process (PID=21272) to work on /home/ubuntu/endtoend_venv/lib/python3.12/site-packages/airflow/example_dags/example_external_task_marker_dag.py
[2024-06-06T01:19:02.614+0000] {processor.py:830} INFO - Processing file /home/ubuntu/endtoend_venv/lib/python3.12/site-packages/airflow/example_dags/example_external_task_marker_dag.py for tasks to queue
[2024-06-06T01:19:02.616+0000] {logging_mixin.py:188} INFO - [2024-06-06T01:19:02.616+0000] {dagbag.py:545} INFO - Filling up the DagBag from /home/ubuntu/endtoend_venv/lib/python3.12/site-packages/airflow/example_dags/example_external_task_marker_dag.py
[2024-06-06T01:19:02.623+0000] {processor.py:840} INFO - DAG(s) 'example_external_task_marker_child', 'example_external_task_marker_parent' retrieved from /home/ubuntu/endtoend_venv/lib/python3.12/site-packages/airflow/example_dags/example_external_task_marker_dag.py
[2024-06-06T01:19:02.643+0000] {logging_mixin.py:188} INFO - [2024-06-06T01:19:02.642+0000] {dag.py:3096} INFO - Sync 2 DAGs
[2024-06-06T01:19:02.655+0000] {logging_mixin.py:188} INFO - [2024-06-06T01:19:02.655+0000] {dag.py:3954} INFO - Setting next_dagrun for example_external_task_marker_child to None, run_after=None
[2024-06-06T01:19:02.659+0000] {logging_mixin.py:188} INFO - [2024-06-06T01:19:02.659+0000] {dag.py:3954} INFO - Setting next_dagrun for example_external_task_marker_parent to None, run_after=None
[2024-06-06T01:19:02.680+0000] {processor.py:183} INFO - Processing /home/ubuntu/endtoend_venv/lib/python3.12/site-packages/airflow/example_dags/example_external_task_marker_dag.py took 0.073 seconds
[2024-06-06T01:20:05.464+0000] {processor.py:161} INFO - Started process (PID=21387) to work on /home/ubuntu/endtoend_venv/lib/python3.12/site-packages/airflow/example_dags/example_external_task_marker_dag.py
[2024-06-06T01:20:05.465+0000] {processor.py:830} INFO - Processing file /home/ubuntu/endtoend_venv/lib/python3.12/site-packages/airflow/example_dags/example_external_task_marker_dag.py for tasks to queue
[2024-06-06T01:20:05.467+0000] {logging_mixin.py:188} INFO - [2024-06-06T01:20:05.467+0000] {dagbag.py:545} INFO - Filling up the DagBag from /home/ubuntu/endtoend_venv/lib/python3.12/site-packages/airflow/example_dags/example_external_task_marker_dag.py
[2024-06-06T01:20:05.474+0000] {processor.py:840} INFO - DAG(s) 'example_external_task_marker_parent', 'example_external_task_marker_child' retrieved from /home/ubuntu/endtoend_venv/lib/python3.12/site-packages/airflow/example_dags/example_external_task_marker_dag.py
[2024-06-06T01:20:05.494+0000] {logging_mixin.py:188} INFO - [2024-06-06T01:20:05.494+0000] {dag.py:3096} INFO - Sync 2 DAGs
[2024-06-06T01:20:05.507+0000] {logging_mixin.py:188} INFO - [2024-06-06T01:20:05.507+0000] {dag.py:3954} INFO - Setting next_dagrun for example_external_task_marker_child to None, run_after=None
[2024-06-06T01:20:05.511+0000] {logging_mixin.py:188} INFO - [2024-06-06T01:20:05.510+0000] {dag.py:3954} INFO - Setting next_dagrun for example_external_task_marker_parent to None, run_after=None
[2024-06-06T01:20:05.531+0000] {processor.py:183} INFO - Processing /home/ubuntu/endtoend_venv/lib/python3.12/site-packages/airflow/example_dags/example_external_task_marker_dag.py took 0.074 seconds
