[2024-06-06T01:15:57.944+0000] {processor.py:161} INFO - Started process (PID=21054) to work on /home/ubuntu/endtoend_venv/lib/python3.12/site-packages/airflow/example_dags/example_short_circuit_operator.py
[2024-06-06T01:15:57.945+0000] {processor.py:830} INFO - Processing file /home/ubuntu/endtoend_venv/lib/python3.12/site-packages/airflow/example_dags/example_short_circuit_operator.py for tasks to queue
[2024-06-06T01:15:57.946+0000] {logging_mixin.py:188} INFO - [2024-06-06T01:15:57.946+0000] {dagbag.py:545} INFO - Filling up the DagBag from /home/ubuntu/endtoend_venv/lib/python3.12/site-packages/airflow/example_dags/example_short_circuit_operator.py
[2024-06-06T01:15:57.958+0000] {processor.py:840} INFO - DAG(s) 'example_short_circuit_operator' retrieved from /home/ubuntu/endtoend_venv/lib/python3.12/site-packages/airflow/example_dags/example_short_circuit_operator.py
[2024-06-06T01:15:57.967+0000] {logging_mixin.py:188} INFO - [2024-06-06T01:15:57.967+0000] {dag.py:3096} INFO - Sync 1 DAGs
[2024-06-06T01:15:57.988+0000] {logging_mixin.py:188} INFO - [2024-06-06T01:15:57.987+0000] {dag.py:3954} INFO - Setting next_dagrun for example_short_circuit_operator to 2024-06-05 00:00:00+00:00, run_after=2024-06-06 00:00:00+00:00
[2024-06-06T01:15:58.010+0000] {processor.py:183} INFO - Processing /home/ubuntu/endtoend_venv/lib/python3.12/site-packages/airflow/example_dags/example_short_circuit_operator.py took 0.072 seconds
[2024-06-06T01:16:48.862+0000] {processor.py:161} INFO - Started process (PID=21106) to work on /home/ubuntu/endtoend_venv/lib/python3.12/site-packages/airflow/example_dags/example_short_circuit_operator.py
[2024-06-06T01:16:48.864+0000] {processor.py:830} INFO - Processing file /home/ubuntu/endtoend_venv/lib/python3.12/site-packages/airflow/example_dags/example_short_circuit_operator.py for tasks to queue
[2024-06-06T01:16:48.865+0000] {logging_mixin.py:188} INFO - [2024-06-06T01:16:48.865+0000] {dagbag.py:545} INFO - Filling up the DagBag from /home/ubuntu/endtoend_venv/lib/python3.12/site-packages/airflow/example_dags/example_short_circuit_operator.py
[2024-06-06T01:16:48.874+0000] {processor.py:840} INFO - DAG(s) 'example_short_circuit_operator' retrieved from /home/ubuntu/endtoend_venv/lib/python3.12/site-packages/airflow/example_dags/example_short_circuit_operator.py
[2024-06-06T01:16:48.987+0000] {logging_mixin.py:188} INFO - [2024-06-06T01:16:48.986+0000] {dag.py:3096} INFO - Sync 1 DAGs
[2024-06-06T01:16:49.005+0000] {logging_mixin.py:188} INFO - [2024-06-06T01:16:49.005+0000] {dag.py:3954} INFO - Setting next_dagrun for example_short_circuit_operator to 2024-06-05 00:00:00+00:00, run_after=2024-06-06 00:00:00+00:00
[2024-06-06T01:16:49.029+0000] {processor.py:183} INFO - Processing /home/ubuntu/endtoend_venv/lib/python3.12/site-packages/airflow/example_dags/example_short_circuit_operator.py took 0.173 seconds
[2024-06-06T01:17:40.462+0000] {processor.py:161} INFO - Started process (PID=21161) to work on /home/ubuntu/endtoend_venv/lib/python3.12/site-packages/airflow/example_dags/example_short_circuit_operator.py
[2024-06-06T01:17:40.464+0000] {processor.py:830} INFO - Processing file /home/ubuntu/endtoend_venv/lib/python3.12/site-packages/airflow/example_dags/example_short_circuit_operator.py for tasks to queue
[2024-06-06T01:17:40.465+0000] {logging_mixin.py:188} INFO - [2024-06-06T01:17:40.465+0000] {dagbag.py:545} INFO - Filling up the DagBag from /home/ubuntu/endtoend_venv/lib/python3.12/site-packages/airflow/example_dags/example_short_circuit_operator.py
[2024-06-06T01:17:40.473+0000] {processor.py:840} INFO - DAG(s) 'example_short_circuit_operator' retrieved from /home/ubuntu/endtoend_venv/lib/python3.12/site-packages/airflow/example_dags/example_short_circuit_operator.py
[2024-06-06T01:17:40.494+0000] {logging_mixin.py:188} INFO - [2024-06-06T01:17:40.494+0000] {dag.py:3096} INFO - Sync 1 DAGs
[2024-06-06T01:17:40.515+0000] {logging_mixin.py:188} INFO - [2024-06-06T01:17:40.515+0000] {dag.py:3954} INFO - Setting next_dagrun for example_short_circuit_operator to 2024-06-05 00:00:00+00:00, run_after=2024-06-06 00:00:00+00:00
[2024-06-06T01:17:40.539+0000] {processor.py:183} INFO - Processing /home/ubuntu/endtoend_venv/lib/python3.12/site-packages/airflow/example_dags/example_short_circuit_operator.py took 0.082 seconds
[2024-06-06T01:18:24.260+0000] {processor.py:161} INFO - Started process (PID=21218) to work on /home/ubuntu/endtoend_venv/lib/python3.12/site-packages/airflow/example_dags/example_short_circuit_operator.py
[2024-06-06T01:18:24.262+0000] {processor.py:830} INFO - Processing file /home/ubuntu/endtoend_venv/lib/python3.12/site-packages/airflow/example_dags/example_short_circuit_operator.py for tasks to queue
[2024-06-06T01:18:24.263+0000] {logging_mixin.py:188} INFO - [2024-06-06T01:18:24.263+0000] {dagbag.py:545} INFO - Filling up the DagBag from /home/ubuntu/endtoend_venv/lib/python3.12/site-packages/airflow/example_dags/example_short_circuit_operator.py
[2024-06-06T01:18:24.272+0000] {processor.py:840} INFO - DAG(s) 'example_short_circuit_operator' retrieved from /home/ubuntu/endtoend_venv/lib/python3.12/site-packages/airflow/example_dags/example_short_circuit_operator.py
[2024-06-06T01:18:24.292+0000] {logging_mixin.py:188} INFO - [2024-06-06T01:18:24.291+0000] {dag.py:3096} INFO - Sync 1 DAGs
[2024-06-06T01:18:24.312+0000] {logging_mixin.py:188} INFO - [2024-06-06T01:18:24.312+0000] {dag.py:3954} INFO - Setting next_dagrun for example_short_circuit_operator to 2024-06-05 00:00:00+00:00, run_after=2024-06-06 00:00:00+00:00
[2024-06-06T01:18:24.335+0000] {processor.py:183} INFO - Processing /home/ubuntu/endtoend_venv/lib/python3.12/site-packages/airflow/example_dags/example_short_circuit_operator.py took 0.080 seconds
[2024-06-06T01:19:07.016+0000] {processor.py:161} INFO - Started process (PID=21276) to work on /home/ubuntu/endtoend_venv/lib/python3.12/site-packages/airflow/example_dags/example_short_circuit_operator.py
[2024-06-06T01:19:07.017+0000] {processor.py:830} INFO - Processing file /home/ubuntu/endtoend_venv/lib/python3.12/site-packages/airflow/example_dags/example_short_circuit_operator.py for tasks to queue
[2024-06-06T01:19:07.019+0000] {logging_mixin.py:188} INFO - [2024-06-06T01:19:07.019+0000] {dagbag.py:545} INFO - Filling up the DagBag from /home/ubuntu/endtoend_venv/lib/python3.12/site-packages/airflow/example_dags/example_short_circuit_operator.py
[2024-06-06T01:19:07.027+0000] {processor.py:840} INFO - DAG(s) 'example_short_circuit_operator' retrieved from /home/ubuntu/endtoend_venv/lib/python3.12/site-packages/airflow/example_dags/example_short_circuit_operator.py
[2024-06-06T01:19:07.048+0000] {logging_mixin.py:188} INFO - [2024-06-06T01:19:07.047+0000] {dag.py:3096} INFO - Sync 1 DAGs
[2024-06-06T01:19:07.069+0000] {logging_mixin.py:188} INFO - [2024-06-06T01:19:07.068+0000] {dag.py:3954} INFO - Setting next_dagrun for example_short_circuit_operator to 2024-06-05 00:00:00+00:00, run_after=2024-06-06 00:00:00+00:00
[2024-06-06T01:19:07.093+0000] {processor.py:183} INFO - Processing /home/ubuntu/endtoend_venv/lib/python3.12/site-packages/airflow/example_dags/example_short_circuit_operator.py took 0.084 seconds
[2024-06-06T01:19:48.893+0000] {processor.py:161} INFO - Started process (PID=21348) to work on /home/ubuntu/endtoend_venv/lib/python3.12/site-packages/airflow/example_dags/example_short_circuit_operator.py
[2024-06-06T01:19:48.897+0000] {processor.py:830} INFO - Processing file /home/ubuntu/endtoend_venv/lib/python3.12/site-packages/airflow/example_dags/example_short_circuit_operator.py for tasks to queue
[2024-06-06T01:19:48.898+0000] {logging_mixin.py:188} INFO - [2024-06-06T01:19:48.898+0000] {dagbag.py:545} INFO - Filling up the DagBag from /home/ubuntu/endtoend_venv/lib/python3.12/site-packages/airflow/example_dags/example_short_circuit_operator.py
[2024-06-06T01:19:48.911+0000] {processor.py:840} INFO - DAG(s) 'example_short_circuit_operator' retrieved from /home/ubuntu/endtoend_venv/lib/python3.12/site-packages/airflow/example_dags/example_short_circuit_operator.py
[2024-06-06T01:19:48.933+0000] {logging_mixin.py:188} INFO - [2024-06-06T01:19:48.933+0000] {dag.py:3096} INFO - Sync 1 DAGs
[2024-06-06T01:19:48.955+0000] {logging_mixin.py:188} INFO - [2024-06-06T01:19:48.954+0000] {dag.py:3954} INFO - Setting next_dagrun for example_short_circuit_operator to 2024-06-05 00:00:00+00:00, run_after=2024-06-06 00:00:00+00:00
[2024-06-06T01:19:48.990+0000] {processor.py:183} INFO - Processing /home/ubuntu/endtoend_venv/lib/python3.12/site-packages/airflow/example_dags/example_short_circuit_operator.py took 0.105 seconds
[2024-06-06T01:20:31.658+0000] {processor.py:161} INFO - Started process (PID=21413) to work on /home/ubuntu/endtoend_venv/lib/python3.12/site-packages/airflow/example_dags/example_short_circuit_operator.py
[2024-06-06T01:20:31.660+0000] {processor.py:830} INFO - Processing file /home/ubuntu/endtoend_venv/lib/python3.12/site-packages/airflow/example_dags/example_short_circuit_operator.py for tasks to queue
[2024-06-06T01:20:31.662+0000] {logging_mixin.py:188} INFO - [2024-06-06T01:20:31.661+0000] {dagbag.py:545} INFO - Filling up the DagBag from /home/ubuntu/endtoend_venv/lib/python3.12/site-packages/airflow/example_dags/example_short_circuit_operator.py
[2024-06-06T01:20:31.670+0000] {processor.py:840} INFO - DAG(s) 'example_short_circuit_operator' retrieved from /home/ubuntu/endtoend_venv/lib/python3.12/site-packages/airflow/example_dags/example_short_circuit_operator.py
[2024-06-06T01:20:31.694+0000] {logging_mixin.py:188} INFO - [2024-06-06T01:20:31.694+0000] {dag.py:3096} INFO - Sync 1 DAGs
[2024-06-06T01:20:31.717+0000] {logging_mixin.py:188} INFO - [2024-06-06T01:20:31.716+0000] {dag.py:3954} INFO - Setting next_dagrun for example_short_circuit_operator to 2024-06-05 00:00:00+00:00, run_after=2024-06-06 00:00:00+00:00
[2024-06-06T01:20:31.742+0000] {processor.py:183} INFO - Processing /home/ubuntu/endtoend_venv/lib/python3.12/site-packages/airflow/example_dags/example_short_circuit_operator.py took 0.090 seconds
