[2024-06-06T01:16:15.956+0000] {processor.py:161} INFO - Started process (PID=21073) to work on /home/ubuntu/endtoend_venv/lib/python3.12/site-packages/airflow/example_dags/example_latest_only_with_trigger.py
[2024-06-06T01:16:15.957+0000] {processor.py:830} INFO - Processing file /home/ubuntu/endtoend_venv/lib/python3.12/site-packages/airflow/example_dags/example_latest_only_with_trigger.py for tasks to queue
[2024-06-06T01:16:15.959+0000] {logging_mixin.py:188} INFO - [2024-06-06T01:16:15.958+0000] {dagbag.py:545} INFO - Filling up the DagBag from /home/ubuntu/endtoend_venv/lib/python3.12/site-packages/airflow/example_dags/example_latest_only_with_trigger.py
[2024-06-06T01:16:15.964+0000] {processor.py:840} INFO - DAG(s) 'latest_only_with_trigger' retrieved from /home/ubuntu/endtoend_venv/lib/python3.12/site-packages/airflow/example_dags/example_latest_only_with_trigger.py
[2024-06-06T01:16:16.070+0000] {logging_mixin.py:188} INFO - [2024-06-06T01:16:16.070+0000] {dag.py:3096} INFO - Sync 1 DAGs
[2024-06-06T01:16:16.088+0000] {logging_mixin.py:188} INFO - [2024-06-06T01:16:16.087+0000] {dag.py:3954} INFO - Setting next_dagrun for latest_only_with_trigger to 2024-06-05 20:00:00+00:00, run_after=2024-06-06 00:00:00+00:00
[2024-06-06T01:16:16.111+0000] {processor.py:183} INFO - Processing /home/ubuntu/endtoend_venv/lib/python3.12/site-packages/airflow/example_dags/example_latest_only_with_trigger.py took 0.161 seconds
[2024-06-06T01:17:08.094+0000] {processor.py:161} INFO - Started process (PID=21128) to work on /home/ubuntu/endtoend_venv/lib/python3.12/site-packages/airflow/example_dags/example_latest_only_with_trigger.py
[2024-06-06T01:17:08.095+0000] {processor.py:830} INFO - Processing file /home/ubuntu/endtoend_venv/lib/python3.12/site-packages/airflow/example_dags/example_latest_only_with_trigger.py for tasks to queue
[2024-06-06T01:17:08.097+0000] {logging_mixin.py:188} INFO - [2024-06-06T01:17:08.096+0000] {dagbag.py:545} INFO - Filling up the DagBag from /home/ubuntu/endtoend_venv/lib/python3.12/site-packages/airflow/example_dags/example_latest_only_with_trigger.py
[2024-06-06T01:17:08.103+0000] {processor.py:840} INFO - DAG(s) 'latest_only_with_trigger' retrieved from /home/ubuntu/endtoend_venv/lib/python3.12/site-packages/airflow/example_dags/example_latest_only_with_trigger.py
[2024-06-06T01:17:08.120+0000] {logging_mixin.py:188} INFO - [2024-06-06T01:17:08.120+0000] {dag.py:3096} INFO - Sync 1 DAGs
[2024-06-06T01:17:08.141+0000] {logging_mixin.py:188} INFO - [2024-06-06T01:17:08.141+0000] {dag.py:3954} INFO - Setting next_dagrun for latest_only_with_trigger to 2024-06-05 20:00:00+00:00, run_after=2024-06-06 00:00:00+00:00
[2024-06-06T01:17:08.163+0000] {processor.py:183} INFO - Processing /home/ubuntu/endtoend_venv/lib/python3.12/site-packages/airflow/example_dags/example_latest_only_with_trigger.py took 0.075 seconds
[2024-06-06T01:17:58.169+0000] {processor.py:161} INFO - Started process (PID=21179) to work on /home/ubuntu/endtoend_venv/lib/python3.12/site-packages/airflow/example_dags/example_latest_only_with_trigger.py
[2024-06-06T01:17:58.171+0000] {processor.py:830} INFO - Processing file /home/ubuntu/endtoend_venv/lib/python3.12/site-packages/airflow/example_dags/example_latest_only_with_trigger.py for tasks to queue
[2024-06-06T01:17:58.173+0000] {logging_mixin.py:188} INFO - [2024-06-06T01:17:58.172+0000] {dagbag.py:545} INFO - Filling up the DagBag from /home/ubuntu/endtoend_venv/lib/python3.12/site-packages/airflow/example_dags/example_latest_only_with_trigger.py
[2024-06-06T01:17:58.179+0000] {processor.py:840} INFO - DAG(s) 'latest_only_with_trigger' retrieved from /home/ubuntu/endtoend_venv/lib/python3.12/site-packages/airflow/example_dags/example_latest_only_with_trigger.py
[2024-06-06T01:17:58.197+0000] {logging_mixin.py:188} INFO - [2024-06-06T01:17:58.196+0000] {dag.py:3096} INFO - Sync 1 DAGs
[2024-06-06T01:17:58.218+0000] {logging_mixin.py:188} INFO - [2024-06-06T01:17:58.218+0000] {dag.py:3954} INFO - Setting next_dagrun for latest_only_with_trigger to 2024-06-05 20:00:00+00:00, run_after=2024-06-06 00:00:00+00:00
[2024-06-06T01:17:58.242+0000] {processor.py:183} INFO - Processing /home/ubuntu/endtoend_venv/lib/python3.12/site-packages/airflow/example_dags/example_latest_only_with_trigger.py took 0.079 seconds
[2024-06-06T01:19:02.123+0000] {processor.py:161} INFO - Started process (PID=21271) to work on /home/ubuntu/endtoend_venv/lib/python3.12/site-packages/airflow/example_dags/example_latest_only_with_trigger.py
[2024-06-06T01:19:02.124+0000] {processor.py:830} INFO - Processing file /home/ubuntu/endtoend_venv/lib/python3.12/site-packages/airflow/example_dags/example_latest_only_with_trigger.py for tasks to queue
[2024-06-06T01:19:02.126+0000] {logging_mixin.py:188} INFO - [2024-06-06T01:19:02.126+0000] {dagbag.py:545} INFO - Filling up the DagBag from /home/ubuntu/endtoend_venv/lib/python3.12/site-packages/airflow/example_dags/example_latest_only_with_trigger.py
[2024-06-06T01:19:02.132+0000] {processor.py:840} INFO - DAG(s) 'latest_only_with_trigger' retrieved from /home/ubuntu/endtoend_venv/lib/python3.12/site-packages/airflow/example_dags/example_latest_only_with_trigger.py
[2024-06-06T01:19:02.150+0000] {logging_mixin.py:188} INFO - [2024-06-06T01:19:02.149+0000] {dag.py:3096} INFO - Sync 1 DAGs
[2024-06-06T01:19:02.170+0000] {logging_mixin.py:188} INFO - [2024-06-06T01:19:02.170+0000] {dag.py:3954} INFO - Setting next_dagrun for latest_only_with_trigger to 2024-06-05 20:00:00+00:00, run_after=2024-06-06 00:00:00+00:00
[2024-06-06T01:19:02.194+0000] {processor.py:183} INFO - Processing /home/ubuntu/endtoend_venv/lib/python3.12/site-packages/airflow/example_dags/example_latest_only_with_trigger.py took 0.078 seconds
[2024-06-06T01:20:04.590+0000] {processor.py:161} INFO - Started process (PID=21383) to work on /home/ubuntu/endtoend_venv/lib/python3.12/site-packages/airflow/example_dags/example_latest_only_with_trigger.py
[2024-06-06T01:20:04.591+0000] {processor.py:830} INFO - Processing file /home/ubuntu/endtoend_venv/lib/python3.12/site-packages/airflow/example_dags/example_latest_only_with_trigger.py for tasks to queue
[2024-06-06T01:20:04.593+0000] {logging_mixin.py:188} INFO - [2024-06-06T01:20:04.592+0000] {dagbag.py:545} INFO - Filling up the DagBag from /home/ubuntu/endtoend_venv/lib/python3.12/site-packages/airflow/example_dags/example_latest_only_with_trigger.py
[2024-06-06T01:20:04.599+0000] {processor.py:840} INFO - DAG(s) 'latest_only_with_trigger' retrieved from /home/ubuntu/endtoend_venv/lib/python3.12/site-packages/airflow/example_dags/example_latest_only_with_trigger.py
[2024-06-06T01:20:04.616+0000] {logging_mixin.py:188} INFO - [2024-06-06T01:20:04.616+0000] {dag.py:3096} INFO - Sync 1 DAGs
[2024-06-06T01:20:04.637+0000] {logging_mixin.py:188} INFO - [2024-06-06T01:20:04.637+0000] {dag.py:3954} INFO - Setting next_dagrun for latest_only_with_trigger to 2024-06-05 20:00:00+00:00, run_after=2024-06-06 00:00:00+00:00
[2024-06-06T01:20:04.663+0000] {processor.py:183} INFO - Processing /home/ubuntu/endtoend_venv/lib/python3.12/site-packages/airflow/example_dags/example_latest_only_with_trigger.py took 0.079 seconds
