[2024-06-06T01:15:56.798+0000] {processor.py:161} INFO - Started process (PID=21053) to work on /home/ubuntu/endtoend_venv/lib/python3.12/site-packages/airflow/example_dags/example_trigger_controller_dag.py
[2024-06-06T01:15:56.799+0000] {processor.py:830} INFO - Processing file /home/ubuntu/endtoend_venv/lib/python3.12/site-packages/airflow/example_dags/example_trigger_controller_dag.py for tasks to queue
[2024-06-06T01:15:56.801+0000] {logging_mixin.py:188} INFO - [2024-06-06T01:15:56.801+0000] {dagbag.py:545} INFO - Filling up the DagBag from /home/ubuntu/endtoend_venv/lib/python3.12/site-packages/airflow/example_dags/example_trigger_controller_dag.py
[2024-06-06T01:15:56.808+0000] {processor.py:840} INFO - DAG(s) 'example_trigger_controller_dag' retrieved from /home/ubuntu/endtoend_venv/lib/python3.12/site-packages/airflow/example_dags/example_trigger_controller_dag.py
[2024-06-06T01:15:56.819+0000] {logging_mixin.py:188} INFO - [2024-06-06T01:15:56.818+0000] {dag.py:3096} INFO - Sync 1 DAGs
[2024-06-06T01:15:56.839+0000] {logging_mixin.py:188} INFO - [2024-06-06T01:15:56.839+0000] {dag.py:3954} INFO - Setting next_dagrun for example_trigger_controller_dag to 2021-01-01 00:00:00+00:00, run_after=2021-01-01 00:00:00+00:00
[2024-06-06T01:15:56.861+0000] {processor.py:183} INFO - Processing /home/ubuntu/endtoend_venv/lib/python3.12/site-packages/airflow/example_dags/example_trigger_controller_dag.py took 0.069 seconds
[2024-06-06T01:16:48.569+0000] {processor.py:161} INFO - Started process (PID=21105) to work on /home/ubuntu/endtoend_venv/lib/python3.12/site-packages/airflow/example_dags/example_trigger_controller_dag.py
[2024-06-06T01:16:48.570+0000] {processor.py:830} INFO - Processing file /home/ubuntu/endtoend_venv/lib/python3.12/site-packages/airflow/example_dags/example_trigger_controller_dag.py for tasks to queue
[2024-06-06T01:16:48.572+0000] {logging_mixin.py:188} INFO - [2024-06-06T01:16:48.572+0000] {dagbag.py:545} INFO - Filling up the DagBag from /home/ubuntu/endtoend_venv/lib/python3.12/site-packages/airflow/example_dags/example_trigger_controller_dag.py
[2024-06-06T01:16:48.577+0000] {processor.py:840} INFO - DAG(s) 'example_trigger_controller_dag' retrieved from /home/ubuntu/endtoend_venv/lib/python3.12/site-packages/airflow/example_dags/example_trigger_controller_dag.py
[2024-06-06T01:16:48.682+0000] {logging_mixin.py:188} INFO - [2024-06-06T01:16:48.681+0000] {dag.py:3096} INFO - Sync 1 DAGs
[2024-06-06T01:16:48.699+0000] {logging_mixin.py:188} INFO - [2024-06-06T01:16:48.698+0000] {dag.py:3954} INFO - Setting next_dagrun for example_trigger_controller_dag to 2021-01-01 00:00:00+00:00, run_after=2021-01-01 00:00:00+00:00
[2024-06-06T01:16:48.721+0000] {processor.py:183} INFO - Processing /home/ubuntu/endtoend_venv/lib/python3.12/site-packages/airflow/example_dags/example_trigger_controller_dag.py took 0.158 seconds
[2024-06-06T01:17:39.869+0000] {processor.py:161} INFO - Started process (PID=21160) to work on /home/ubuntu/endtoend_venv/lib/python3.12/site-packages/airflow/example_dags/example_trigger_controller_dag.py
[2024-06-06T01:17:39.871+0000] {processor.py:830} INFO - Processing file /home/ubuntu/endtoend_venv/lib/python3.12/site-packages/airflow/example_dags/example_trigger_controller_dag.py for tasks to queue
[2024-06-06T01:17:39.873+0000] {logging_mixin.py:188} INFO - [2024-06-06T01:17:39.872+0000] {dagbag.py:545} INFO - Filling up the DagBag from /home/ubuntu/endtoend_venv/lib/python3.12/site-packages/airflow/example_dags/example_trigger_controller_dag.py
[2024-06-06T01:17:39.878+0000] {processor.py:840} INFO - DAG(s) 'example_trigger_controller_dag' retrieved from /home/ubuntu/endtoend_venv/lib/python3.12/site-packages/airflow/example_dags/example_trigger_controller_dag.py
[2024-06-06T01:17:39.895+0000] {logging_mixin.py:188} INFO - [2024-06-06T01:17:39.894+0000] {dag.py:3096} INFO - Sync 1 DAGs
[2024-06-06T01:17:39.915+0000] {logging_mixin.py:188} INFO - [2024-06-06T01:17:39.915+0000] {dag.py:3954} INFO - Setting next_dagrun for example_trigger_controller_dag to 2021-01-01 00:00:00+00:00, run_after=2021-01-01 00:00:00+00:00
[2024-06-06T01:17:39.939+0000] {processor.py:183} INFO - Processing /home/ubuntu/endtoend_venv/lib/python3.12/site-packages/airflow/example_dags/example_trigger_controller_dag.py took 0.075 seconds
[2024-06-06T01:18:23.828+0000] {processor.py:161} INFO - Started process (PID=21217) to work on /home/ubuntu/endtoend_venv/lib/python3.12/site-packages/airflow/example_dags/example_trigger_controller_dag.py
[2024-06-06T01:18:23.830+0000] {processor.py:830} INFO - Processing file /home/ubuntu/endtoend_venv/lib/python3.12/site-packages/airflow/example_dags/example_trigger_controller_dag.py for tasks to queue
[2024-06-06T01:18:23.831+0000] {logging_mixin.py:188} INFO - [2024-06-06T01:18:23.831+0000] {dagbag.py:545} INFO - Filling up the DagBag from /home/ubuntu/endtoend_venv/lib/python3.12/site-packages/airflow/example_dags/example_trigger_controller_dag.py
[2024-06-06T01:18:23.837+0000] {processor.py:840} INFO - DAG(s) 'example_trigger_controller_dag' retrieved from /home/ubuntu/endtoend_venv/lib/python3.12/site-packages/airflow/example_dags/example_trigger_controller_dag.py
[2024-06-06T01:18:23.854+0000] {logging_mixin.py:188} INFO - [2024-06-06T01:18:23.853+0000] {dag.py:3096} INFO - Sync 1 DAGs
[2024-06-06T01:18:23.874+0000] {logging_mixin.py:188} INFO - [2024-06-06T01:18:23.874+0000] {dag.py:3954} INFO - Setting next_dagrun for example_trigger_controller_dag to 2021-01-01 00:00:00+00:00, run_after=2021-01-01 00:00:00+00:00
[2024-06-06T01:18:23.898+0000] {processor.py:183} INFO - Processing /home/ubuntu/endtoend_venv/lib/python3.12/site-packages/airflow/example_dags/example_trigger_controller_dag.py took 0.076 seconds
[2024-06-06T01:19:05.879+0000] {processor.py:161} INFO - Started process (PID=21275) to work on /home/ubuntu/endtoend_venv/lib/python3.12/site-packages/airflow/example_dags/example_trigger_controller_dag.py
[2024-06-06T01:19:05.881+0000] {processor.py:830} INFO - Processing file /home/ubuntu/endtoend_venv/lib/python3.12/site-packages/airflow/example_dags/example_trigger_controller_dag.py for tasks to queue
[2024-06-06T01:19:05.883+0000] {logging_mixin.py:188} INFO - [2024-06-06T01:19:05.882+0000] {dagbag.py:545} INFO - Filling up the DagBag from /home/ubuntu/endtoend_venv/lib/python3.12/site-packages/airflow/example_dags/example_trigger_controller_dag.py
[2024-06-06T01:19:05.888+0000] {processor.py:840} INFO - DAG(s) 'example_trigger_controller_dag' retrieved from /home/ubuntu/endtoend_venv/lib/python3.12/site-packages/airflow/example_dags/example_trigger_controller_dag.py
[2024-06-06T01:19:05.905+0000] {logging_mixin.py:188} INFO - [2024-06-06T01:19:05.904+0000] {dag.py:3096} INFO - Sync 1 DAGs
[2024-06-06T01:19:05.925+0000] {logging_mixin.py:188} INFO - [2024-06-06T01:19:05.925+0000] {dag.py:3954} INFO - Setting next_dagrun for example_trigger_controller_dag to 2021-01-01 00:00:00+00:00, run_after=2021-01-01 00:00:00+00:00
[2024-06-06T01:19:05.949+0000] {processor.py:183} INFO - Processing /home/ubuntu/endtoend_venv/lib/python3.12/site-packages/airflow/example_dags/example_trigger_controller_dag.py took 0.076 seconds
[2024-06-06T01:19:48.723+0000] {processor.py:161} INFO - Started process (PID=21347) to work on /home/ubuntu/endtoend_venv/lib/python3.12/site-packages/airflow/example_dags/example_trigger_controller_dag.py
[2024-06-06T01:19:48.725+0000] {processor.py:830} INFO - Processing file /home/ubuntu/endtoend_venv/lib/python3.12/site-packages/airflow/example_dags/example_trigger_controller_dag.py for tasks to queue
[2024-06-06T01:19:48.727+0000] {logging_mixin.py:188} INFO - [2024-06-06T01:19:48.726+0000] {dagbag.py:545} INFO - Filling up the DagBag from /home/ubuntu/endtoend_venv/lib/python3.12/site-packages/airflow/example_dags/example_trigger_controller_dag.py
[2024-06-06T01:19:48.733+0000] {processor.py:840} INFO - DAG(s) 'example_trigger_controller_dag' retrieved from /home/ubuntu/endtoend_venv/lib/python3.12/site-packages/airflow/example_dags/example_trigger_controller_dag.py
[2024-06-06T01:19:48.751+0000] {logging_mixin.py:188} INFO - [2024-06-06T01:19:48.751+0000] {dag.py:3096} INFO - Sync 1 DAGs
[2024-06-06T01:19:48.774+0000] {logging_mixin.py:188} INFO - [2024-06-06T01:19:48.773+0000] {dag.py:3954} INFO - Setting next_dagrun for example_trigger_controller_dag to 2021-01-01 00:00:00+00:00, run_after=2021-01-01 00:00:00+00:00
[2024-06-06T01:19:48.802+0000] {processor.py:183} INFO - Processing /home/ubuntu/endtoend_venv/lib/python3.12/site-packages/airflow/example_dags/example_trigger_controller_dag.py took 0.088 seconds
[2024-06-06T01:20:30.507+0000] {processor.py:161} INFO - Started process (PID=21412) to work on /home/ubuntu/endtoend_venv/lib/python3.12/site-packages/airflow/example_dags/example_trigger_controller_dag.py
[2024-06-06T01:20:30.509+0000] {processor.py:830} INFO - Processing file /home/ubuntu/endtoend_venv/lib/python3.12/site-packages/airflow/example_dags/example_trigger_controller_dag.py for tasks to queue
[2024-06-06T01:20:30.511+0000] {logging_mixin.py:188} INFO - [2024-06-06T01:20:30.510+0000] {dagbag.py:545} INFO - Filling up the DagBag from /home/ubuntu/endtoend_venv/lib/python3.12/site-packages/airflow/example_dags/example_trigger_controller_dag.py
[2024-06-06T01:20:30.516+0000] {processor.py:840} INFO - DAG(s) 'example_trigger_controller_dag' retrieved from /home/ubuntu/endtoend_venv/lib/python3.12/site-packages/airflow/example_dags/example_trigger_controller_dag.py
[2024-06-06T01:20:30.533+0000] {logging_mixin.py:188} INFO - [2024-06-06T01:20:30.532+0000] {dag.py:3096} INFO - Sync 1 DAGs
[2024-06-06T01:20:30.554+0000] {logging_mixin.py:188} INFO - [2024-06-06T01:20:30.553+0000] {dag.py:3954} INFO - Setting next_dagrun for example_trigger_controller_dag to 2021-01-01 00:00:00+00:00, run_after=2021-01-01 00:00:00+00:00
[2024-06-06T01:20:30.578+0000] {processor.py:183} INFO - Processing /home/ubuntu/endtoend_venv/lib/python3.12/site-packages/airflow/example_dags/example_trigger_controller_dag.py took 0.077 seconds
