[2024-06-06T01:16:04.232+0000] {processor.py:161} INFO - Started process (PID=21062) to work on /home/ubuntu/endtoend_venv/lib/python3.12/site-packages/airflow/example_dags/example_short_circuit_decorator.py
[2024-06-06T01:16:04.233+0000] {processor.py:830} INFO - Processing file /home/ubuntu/endtoend_venv/lib/python3.12/site-packages/airflow/example_dags/example_short_circuit_decorator.py for tasks to queue
[2024-06-06T01:16:04.235+0000] {logging_mixin.py:188} INFO - [2024-06-06T01:16:04.235+0000] {dagbag.py:545} INFO - Filling up the DagBag from /home/ubuntu/endtoend_venv/lib/python3.12/site-packages/airflow/example_dags/example_short_circuit_decorator.py
[2024-06-06T01:16:04.245+0000] {processor.py:840} INFO - DAG(s) 'example_short_circuit_decorator' retrieved from /home/ubuntu/endtoend_venv/lib/python3.12/site-packages/airflow/example_dags/example_short_circuit_decorator.py
[2024-06-06T01:16:04.254+0000] {logging_mixin.py:188} INFO - [2024-06-06T01:16:04.253+0000] {dag.py:3096} INFO - Sync 1 DAGs
[2024-06-06T01:16:04.275+0000] {logging_mixin.py:188} INFO - [2024-06-06T01:16:04.275+0000] {dag.py:3954} INFO - Setting next_dagrun for example_short_circuit_decorator to 2024-06-05 00:00:00+00:00, run_after=2024-06-06 00:00:00+00:00
[2024-06-06T01:16:04.297+0000] {processor.py:183} INFO - Processing /home/ubuntu/endtoend_venv/lib/python3.12/site-packages/airflow/example_dags/example_short_circuit_decorator.py took 0.071 seconds
[2024-06-06T01:16:56.567+0000] {processor.py:161} INFO - Started process (PID=21113) to work on /home/ubuntu/endtoend_venv/lib/python3.12/site-packages/airflow/example_dags/example_short_circuit_decorator.py
[2024-06-06T01:16:56.568+0000] {processor.py:830} INFO - Processing file /home/ubuntu/endtoend_venv/lib/python3.12/site-packages/airflow/example_dags/example_short_circuit_decorator.py for tasks to queue
[2024-06-06T01:16:56.570+0000] {logging_mixin.py:188} INFO - [2024-06-06T01:16:56.570+0000] {dagbag.py:545} INFO - Filling up the DagBag from /home/ubuntu/endtoend_venv/lib/python3.12/site-packages/airflow/example_dags/example_short_circuit_decorator.py
[2024-06-06T01:16:56.580+0000] {processor.py:840} INFO - DAG(s) 'example_short_circuit_decorator' retrieved from /home/ubuntu/endtoend_venv/lib/python3.12/site-packages/airflow/example_dags/example_short_circuit_decorator.py
[2024-06-06T01:16:56.688+0000] {logging_mixin.py:188} INFO - [2024-06-06T01:16:56.687+0000] {dag.py:3096} INFO - Sync 1 DAGs
[2024-06-06T01:16:56.705+0000] {logging_mixin.py:188} INFO - [2024-06-06T01:16:56.705+0000] {dag.py:3954} INFO - Setting next_dagrun for example_short_circuit_decorator to 2024-06-05 00:00:00+00:00, run_after=2024-06-06 00:00:00+00:00
[2024-06-06T01:16:56.728+0000] {processor.py:183} INFO - Processing /home/ubuntu/endtoend_venv/lib/python3.12/site-packages/airflow/example_dags/example_short_circuit_decorator.py took 0.167 seconds
[2024-06-06T01:17:46.757+0000] {processor.py:161} INFO - Started process (PID=21168) to work on /home/ubuntu/endtoend_venv/lib/python3.12/site-packages/airflow/example_dags/example_short_circuit_decorator.py
[2024-06-06T01:17:46.759+0000] {processor.py:830} INFO - Processing file /home/ubuntu/endtoend_venv/lib/python3.12/site-packages/airflow/example_dags/example_short_circuit_decorator.py for tasks to queue
[2024-06-06T01:17:46.760+0000] {logging_mixin.py:188} INFO - [2024-06-06T01:17:46.760+0000] {dagbag.py:545} INFO - Filling up the DagBag from /home/ubuntu/endtoend_venv/lib/python3.12/site-packages/airflow/example_dags/example_short_circuit_decorator.py
[2024-06-06T01:17:46.771+0000] {processor.py:840} INFO - DAG(s) 'example_short_circuit_decorator' retrieved from /home/ubuntu/endtoend_venv/lib/python3.12/site-packages/airflow/example_dags/example_short_circuit_decorator.py
[2024-06-06T01:17:46.791+0000] {logging_mixin.py:188} INFO - [2024-06-06T01:17:46.790+0000] {dag.py:3096} INFO - Sync 1 DAGs
[2024-06-06T01:17:46.813+0000] {logging_mixin.py:188} INFO - [2024-06-06T01:17:46.812+0000] {dag.py:3954} INFO - Setting next_dagrun for example_short_circuit_decorator to 2024-06-05 00:00:00+00:00, run_after=2024-06-06 00:00:00+00:00
[2024-06-06T01:17:46.841+0000] {processor.py:183} INFO - Processing /home/ubuntu/endtoend_venv/lib/python3.12/site-packages/airflow/example_dags/example_short_circuit_decorator.py took 0.090 seconds
[2024-06-06T01:18:31.780+0000] {processor.py:161} INFO - Started process (PID=21225) to work on /home/ubuntu/endtoend_venv/lib/python3.12/site-packages/airflow/example_dags/example_short_circuit_decorator.py
[2024-06-06T01:18:31.782+0000] {processor.py:830} INFO - Processing file /home/ubuntu/endtoend_venv/lib/python3.12/site-packages/airflow/example_dags/example_short_circuit_decorator.py for tasks to queue
[2024-06-06T01:18:31.784+0000] {logging_mixin.py:188} INFO - [2024-06-06T01:18:31.783+0000] {dagbag.py:545} INFO - Filling up the DagBag from /home/ubuntu/endtoend_venv/lib/python3.12/site-packages/airflow/example_dags/example_short_circuit_decorator.py
[2024-06-06T01:18:31.793+0000] {processor.py:840} INFO - DAG(s) 'example_short_circuit_decorator' retrieved from /home/ubuntu/endtoend_venv/lib/python3.12/site-packages/airflow/example_dags/example_short_circuit_decorator.py
[2024-06-06T01:18:31.814+0000] {logging_mixin.py:188} INFO - [2024-06-06T01:18:31.813+0000] {dag.py:3096} INFO - Sync 1 DAGs
[2024-06-06T01:18:31.834+0000] {logging_mixin.py:188} INFO - [2024-06-06T01:18:31.834+0000] {dag.py:3954} INFO - Setting next_dagrun for example_short_circuit_decorator to 2024-06-05 00:00:00+00:00, run_after=2024-06-06 00:00:00+00:00
[2024-06-06T01:18:31.859+0000] {processor.py:183} INFO - Processing /home/ubuntu/endtoend_venv/lib/python3.12/site-packages/airflow/example_dags/example_short_circuit_decorator.py took 0.084 seconds
[2024-06-06T01:19:13.750+0000] {processor.py:161} INFO - Started process (PID=21283) to work on /home/ubuntu/endtoend_venv/lib/python3.12/site-packages/airflow/example_dags/example_short_circuit_decorator.py
[2024-06-06T01:19:13.752+0000] {processor.py:830} INFO - Processing file /home/ubuntu/endtoend_venv/lib/python3.12/site-packages/airflow/example_dags/example_short_circuit_decorator.py for tasks to queue
[2024-06-06T01:19:13.753+0000] {logging_mixin.py:188} INFO - [2024-06-06T01:19:13.753+0000] {dagbag.py:545} INFO - Filling up the DagBag from /home/ubuntu/endtoend_venv/lib/python3.12/site-packages/airflow/example_dags/example_short_circuit_decorator.py
[2024-06-06T01:19:13.763+0000] {processor.py:840} INFO - DAG(s) 'example_short_circuit_decorator' retrieved from /home/ubuntu/endtoend_venv/lib/python3.12/site-packages/airflow/example_dags/example_short_circuit_decorator.py
[2024-06-06T01:19:13.783+0000] {logging_mixin.py:188} INFO - [2024-06-06T01:19:13.783+0000] {dag.py:3096} INFO - Sync 1 DAGs
[2024-06-06T01:19:13.805+0000] {logging_mixin.py:188} INFO - [2024-06-06T01:19:13.804+0000] {dag.py:3954} INFO - Setting next_dagrun for example_short_circuit_decorator to 2024-06-05 00:00:00+00:00, run_after=2024-06-06 00:00:00+00:00
[2024-06-06T01:19:13.827+0000] {processor.py:183} INFO - Processing /home/ubuntu/endtoend_venv/lib/python3.12/site-packages/airflow/example_dags/example_short_circuit_decorator.py took 0.083 seconds
[2024-06-06T01:19:56.474+0000] {processor.py:161} INFO - Started process (PID=21369) to work on /home/ubuntu/endtoend_venv/lib/python3.12/site-packages/airflow/example_dags/example_short_circuit_decorator.py
[2024-06-06T01:19:56.476+0000] {processor.py:830} INFO - Processing file /home/ubuntu/endtoend_venv/lib/python3.12/site-packages/airflow/example_dags/example_short_circuit_decorator.py for tasks to queue
[2024-06-06T01:19:56.478+0000] {logging_mixin.py:188} INFO - [2024-06-06T01:19:56.477+0000] {dagbag.py:545} INFO - Filling up the DagBag from /home/ubuntu/endtoend_venv/lib/python3.12/site-packages/airflow/example_dags/example_short_circuit_decorator.py
[2024-06-06T01:19:56.494+0000] {processor.py:840} INFO - DAG(s) 'example_short_circuit_decorator' retrieved from /home/ubuntu/endtoend_venv/lib/python3.12/site-packages/airflow/example_dags/example_short_circuit_decorator.py
[2024-06-06T01:19:56.524+0000] {logging_mixin.py:188} INFO - [2024-06-06T01:19:56.524+0000] {dag.py:3096} INFO - Sync 1 DAGs
[2024-06-06T01:19:56.555+0000] {logging_mixin.py:188} INFO - [2024-06-06T01:19:56.554+0000] {dag.py:3954} INFO - Setting next_dagrun for example_short_circuit_decorator to 2024-06-05 00:00:00+00:00, run_after=2024-06-06 00:00:00+00:00
[2024-06-06T01:19:56.593+0000] {processor.py:183} INFO - Processing /home/ubuntu/endtoend_venv/lib/python3.12/site-packages/airflow/example_dags/example_short_circuit_decorator.py took 0.129 seconds
[2024-06-06T01:20:38.159+0000] {processor.py:161} INFO - Started process (PID=21420) to work on /home/ubuntu/endtoend_venv/lib/python3.12/site-packages/airflow/example_dags/example_short_circuit_decorator.py
[2024-06-06T01:20:38.160+0000] {processor.py:830} INFO - Processing file /home/ubuntu/endtoend_venv/lib/python3.12/site-packages/airflow/example_dags/example_short_circuit_decorator.py for tasks to queue
[2024-06-06T01:20:38.162+0000] {logging_mixin.py:188} INFO - [2024-06-06T01:20:38.161+0000] {dagbag.py:545} INFO - Filling up the DagBag from /home/ubuntu/endtoend_venv/lib/python3.12/site-packages/airflow/example_dags/example_short_circuit_decorator.py
[2024-06-06T01:20:38.172+0000] {processor.py:840} INFO - DAG(s) 'example_short_circuit_decorator' retrieved from /home/ubuntu/endtoend_venv/lib/python3.12/site-packages/airflow/example_dags/example_short_circuit_decorator.py
[2024-06-06T01:20:38.193+0000] {logging_mixin.py:188} INFO - [2024-06-06T01:20:38.192+0000] {dag.py:3096} INFO - Sync 1 DAGs
[2024-06-06T01:20:38.215+0000] {logging_mixin.py:188} INFO - [2024-06-06T01:20:38.215+0000] {dag.py:3954} INFO - Setting next_dagrun for example_short_circuit_decorator to 2024-06-05 00:00:00+00:00, run_after=2024-06-06 00:00:00+00:00
[2024-06-06T01:20:38.241+0000] {processor.py:183} INFO - Processing /home/ubuntu/endtoend_venv/lib/python3.12/site-packages/airflow/example_dags/example_short_circuit_decorator.py took 0.088 seconds
