[2024-06-06T01:16:28.077+0000] {processor.py:161} INFO - Started process (PID=21085) to work on /home/ubuntu/endtoend_venv/lib/python3.12/site-packages/airflow/example_dags/example_branch_datetime_operator.py
[2024-06-06T01:16:28.077+0000] {processor.py:830} INFO - Processing file /home/ubuntu/endtoend_venv/lib/python3.12/site-packages/airflow/example_dags/example_branch_datetime_operator.py for tasks to queue
[2024-06-06T01:16:28.079+0000] {logging_mixin.py:188} INFO - [2024-06-06T01:16:28.079+0000] {dagbag.py:545} INFO - Filling up the DagBag from /home/ubuntu/endtoend_venv/lib/python3.12/site-packages/airflow/example_dags/example_branch_datetime_operator.py
[2024-06-06T01:16:28.090+0000] {processor.py:840} INFO - DAG(s) 'example_branch_datetime_operator_2', 'example_branch_datetime_operator', 'example_branch_datetime_operator_3' retrieved from /home/ubuntu/endtoend_venv/lib/python3.12/site-packages/airflow/example_dags/example_branch_datetime_operator.py
[2024-06-06T01:16:28.209+0000] {logging_mixin.py:188} INFO - [2024-06-06T01:16:28.209+0000] {dag.py:3096} INFO - Sync 3 DAGs
[2024-06-06T01:16:28.230+0000] {logging_mixin.py:188} INFO - [2024-06-06T01:16:28.230+0000] {dag.py:3954} INFO - Setting next_dagrun for example_branch_datetime_operator to 2024-06-05 00:00:00+00:00, run_after=2024-06-06 00:00:00+00:00
[2024-06-06T01:16:28.234+0000] {logging_mixin.py:188} INFO - [2024-06-06T01:16:28.234+0000] {dag.py:3954} INFO - Setting next_dagrun for example_branch_datetime_operator_2 to 2024-06-05 00:00:00+00:00, run_after=2024-06-06 00:00:00+00:00
[2024-06-06T01:16:28.236+0000] {logging_mixin.py:188} INFO - [2024-06-06T01:16:28.236+0000] {dag.py:3954} INFO - Setting next_dagrun for example_branch_datetime_operator_3 to 2024-06-05 00:00:00+00:00, run_after=2024-06-06 00:00:00+00:00
[2024-06-06T01:16:28.258+0000] {processor.py:183} INFO - Processing /home/ubuntu/endtoend_venv/lib/python3.12/site-packages/airflow/example_dags/example_branch_datetime_operator.py took 0.187 seconds
[2024-06-06T01:17:33.568+0000] {processor.py:161} INFO - Started process (PID=21154) to work on /home/ubuntu/endtoend_venv/lib/python3.12/site-packages/airflow/example_dags/example_branch_datetime_operator.py
[2024-06-06T01:17:33.570+0000] {processor.py:830} INFO - Processing file /home/ubuntu/endtoend_venv/lib/python3.12/site-packages/airflow/example_dags/example_branch_datetime_operator.py for tasks to queue
[2024-06-06T01:17:33.572+0000] {logging_mixin.py:188} INFO - [2024-06-06T01:17:33.571+0000] {dagbag.py:545} INFO - Filling up the DagBag from /home/ubuntu/endtoend_venv/lib/python3.12/site-packages/airflow/example_dags/example_branch_datetime_operator.py
[2024-06-06T01:17:33.582+0000] {processor.py:840} INFO - DAG(s) 'example_branch_datetime_operator', 'example_branch_datetime_operator_3', 'example_branch_datetime_operator_2' retrieved from /home/ubuntu/endtoend_venv/lib/python3.12/site-packages/airflow/example_dags/example_branch_datetime_operator.py
[2024-06-06T01:17:33.605+0000] {logging_mixin.py:188} INFO - [2024-06-06T01:17:33.605+0000] {dag.py:3096} INFO - Sync 3 DAGs
[2024-06-06T01:17:33.628+0000] {logging_mixin.py:188} INFO - [2024-06-06T01:17:33.627+0000] {dag.py:3954} INFO - Setting next_dagrun for example_branch_datetime_operator to 2024-06-05 00:00:00+00:00, run_after=2024-06-06 00:00:00+00:00
[2024-06-06T01:17:33.632+0000] {logging_mixin.py:188} INFO - [2024-06-06T01:17:33.632+0000] {dag.py:3954} INFO - Setting next_dagrun for example_branch_datetime_operator_2 to 2024-06-05 00:00:00+00:00, run_after=2024-06-06 00:00:00+00:00
[2024-06-06T01:17:33.635+0000] {logging_mixin.py:188} INFO - [2024-06-06T01:17:33.634+0000] {dag.py:3954} INFO - Setting next_dagrun for example_branch_datetime_operator_3 to 2024-06-05 00:00:00+00:00, run_after=2024-06-06 00:00:00+00:00
[2024-06-06T01:17:33.656+0000] {processor.py:183} INFO - Processing /home/ubuntu/endtoend_venv/lib/python3.12/site-packages/airflow/example_dags/example_branch_datetime_operator.py took 0.094 seconds
[2024-06-06T01:18:38.072+0000] {processor.py:161} INFO - Started process (PID=21246) to work on /home/ubuntu/endtoend_venv/lib/python3.12/site-packages/airflow/example_dags/example_branch_datetime_operator.py
[2024-06-06T01:18:38.074+0000] {processor.py:830} INFO - Processing file /home/ubuntu/endtoend_venv/lib/python3.12/site-packages/airflow/example_dags/example_branch_datetime_operator.py for tasks to queue
[2024-06-06T01:18:38.076+0000] {logging_mixin.py:188} INFO - [2024-06-06T01:18:38.075+0000] {dagbag.py:545} INFO - Filling up the DagBag from /home/ubuntu/endtoend_venv/lib/python3.12/site-packages/airflow/example_dags/example_branch_datetime_operator.py
[2024-06-06T01:18:38.087+0000] {processor.py:840} INFO - DAG(s) 'example_branch_datetime_operator_3', 'example_branch_datetime_operator', 'example_branch_datetime_operator_2' retrieved from /home/ubuntu/endtoend_venv/lib/python3.12/site-packages/airflow/example_dags/example_branch_datetime_operator.py
[2024-06-06T01:18:38.109+0000] {logging_mixin.py:188} INFO - [2024-06-06T01:18:38.109+0000] {dag.py:3096} INFO - Sync 3 DAGs
[2024-06-06T01:18:38.132+0000] {logging_mixin.py:188} INFO - [2024-06-06T01:18:38.131+0000] {dag.py:3954} INFO - Setting next_dagrun for example_branch_datetime_operator to 2024-06-05 00:00:00+00:00, run_after=2024-06-06 00:00:00+00:00
[2024-06-06T01:18:38.136+0000] {logging_mixin.py:188} INFO - [2024-06-06T01:18:38.136+0000] {dag.py:3954} INFO - Setting next_dagrun for example_branch_datetime_operator_2 to 2024-06-05 00:00:00+00:00, run_after=2024-06-06 00:00:00+00:00
[2024-06-06T01:18:38.139+0000] {logging_mixin.py:188} INFO - [2024-06-06T01:18:38.138+0000] {dag.py:3954} INFO - Setting next_dagrun for example_branch_datetime_operator_3 to 2024-06-05 00:00:00+00:00, run_after=2024-06-06 00:00:00+00:00
[2024-06-06T01:18:38.159+0000] {processor.py:183} INFO - Processing /home/ubuntu/endtoend_venv/lib/python3.12/site-packages/airflow/example_dags/example_branch_datetime_operator.py took 0.093 seconds
[2024-06-06T01:19:41.852+0000] {processor.py:161} INFO - Started process (PID=21326) to work on /home/ubuntu/endtoend_venv/lib/python3.12/site-packages/airflow/example_dags/example_branch_datetime_operator.py
[2024-06-06T01:19:41.854+0000] {processor.py:830} INFO - Processing file /home/ubuntu/endtoend_venv/lib/python3.12/site-packages/airflow/example_dags/example_branch_datetime_operator.py for tasks to queue
[2024-06-06T01:19:41.856+0000] {logging_mixin.py:188} INFO - [2024-06-06T01:19:41.855+0000] {dagbag.py:545} INFO - Filling up the DagBag from /home/ubuntu/endtoend_venv/lib/python3.12/site-packages/airflow/example_dags/example_branch_datetime_operator.py
[2024-06-06T01:19:41.869+0000] {processor.py:840} INFO - DAG(s) 'example_branch_datetime_operator_2', 'example_branch_datetime_operator', 'example_branch_datetime_operator_3' retrieved from /home/ubuntu/endtoend_venv/lib/python3.12/site-packages/airflow/example_dags/example_branch_datetime_operator.py
[2024-06-06T01:19:41.892+0000] {logging_mixin.py:188} INFO - [2024-06-06T01:19:41.892+0000] {dag.py:3096} INFO - Sync 3 DAGs
[2024-06-06T01:19:41.914+0000] {logging_mixin.py:188} INFO - [2024-06-06T01:19:41.914+0000] {dag.py:3954} INFO - Setting next_dagrun for example_branch_datetime_operator to 2024-06-05 00:00:00+00:00, run_after=2024-06-06 00:00:00+00:00
[2024-06-06T01:19:41.919+0000] {logging_mixin.py:188} INFO - [2024-06-06T01:19:41.919+0000] {dag.py:3954} INFO - Setting next_dagrun for example_branch_datetime_operator_2 to 2024-06-05 00:00:00+00:00, run_after=2024-06-06 00:00:00+00:00
[2024-06-06T01:19:41.921+0000] {logging_mixin.py:188} INFO - [2024-06-06T01:19:41.921+0000] {dag.py:3954} INFO - Setting next_dagrun for example_branch_datetime_operator_3 to 2024-06-05 00:00:00+00:00, run_after=2024-06-06 00:00:00+00:00
[2024-06-06T01:19:41.950+0000] {processor.py:183} INFO - Processing /home/ubuntu/endtoend_venv/lib/python3.12/site-packages/airflow/example_dags/example_branch_datetime_operator.py took 0.104 seconds
[2024-06-06T01:20:43.459+0000] {processor.py:161} INFO - Started process (PID=21426) to work on /home/ubuntu/endtoend_venv/lib/python3.12/site-packages/airflow/example_dags/example_branch_datetime_operator.py
[2024-06-06T01:20:43.460+0000] {processor.py:830} INFO - Processing file /home/ubuntu/endtoend_venv/lib/python3.12/site-packages/airflow/example_dags/example_branch_datetime_operator.py for tasks to queue
[2024-06-06T01:20:43.462+0000] {logging_mixin.py:188} INFO - [2024-06-06T01:20:43.462+0000] {dagbag.py:545} INFO - Filling up the DagBag from /home/ubuntu/endtoend_venv/lib/python3.12/site-packages/airflow/example_dags/example_branch_datetime_operator.py
[2024-06-06T01:20:43.473+0000] {processor.py:840} INFO - DAG(s) 'example_branch_datetime_operator_2', 'example_branch_datetime_operator_3', 'example_branch_datetime_operator' retrieved from /home/ubuntu/endtoend_venv/lib/python3.12/site-packages/airflow/example_dags/example_branch_datetime_operator.py
[2024-06-06T01:20:43.496+0000] {logging_mixin.py:188} INFO - [2024-06-06T01:20:43.496+0000] {dag.py:3096} INFO - Sync 3 DAGs
[2024-06-06T01:20:43.519+0000] {logging_mixin.py:188} INFO - [2024-06-06T01:20:43.519+0000] {dag.py:3954} INFO - Setting next_dagrun for example_branch_datetime_operator to 2024-06-05 00:00:00+00:00, run_after=2024-06-06 00:00:00+00:00
[2024-06-06T01:20:43.524+0000] {logging_mixin.py:188} INFO - [2024-06-06T01:20:43.524+0000] {dag.py:3954} INFO - Setting next_dagrun for example_branch_datetime_operator_2 to 2024-06-05 00:00:00+00:00, run_after=2024-06-06 00:00:00+00:00
[2024-06-06T01:20:43.527+0000] {logging_mixin.py:188} INFO - [2024-06-06T01:20:43.526+0000] {dag.py:3954} INFO - Setting next_dagrun for example_branch_datetime_operator_3 to 2024-06-05 00:00:00+00:00, run_after=2024-06-06 00:00:00+00:00
[2024-06-06T01:20:43.548+0000] {processor.py:183} INFO - Processing /home/ubuntu/endtoend_venv/lib/python3.12/site-packages/airflow/example_dags/example_branch_datetime_operator.py took 0.095 seconds
