[2024-06-06T01:15:49.939+0000] {processor.py:161} INFO - Started process (PID=21045) to work on /home/ubuntu/endtoend_venv/lib/python3.12/site-packages/airflow/example_dags/example_xcomargs.py
[2024-06-06T01:15:49.940+0000] {processor.py:830} INFO - Processing file /home/ubuntu/endtoend_venv/lib/python3.12/site-packages/airflow/example_dags/example_xcomargs.py for tasks to queue
[2024-06-06T01:15:49.941+0000] {logging_mixin.py:188} INFO - [2024-06-06T01:15:49.941+0000] {dagbag.py:545} INFO - Filling up the DagBag from /home/ubuntu/endtoend_venv/lib/python3.12/site-packages/airflow/example_dags/example_xcomargs.py
[2024-06-06T01:15:49.953+0000] {processor.py:840} INFO - DAG(s) 'example_xcom_args_with_operators', 'example_xcom_args' retrieved from /home/ubuntu/endtoend_venv/lib/python3.12/site-packages/airflow/example_dags/example_xcomargs.py
[2024-06-06T01:15:49.962+0000] {logging_mixin.py:188} INFO - [2024-06-06T01:15:49.961+0000] {dag.py:3096} INFO - Sync 2 DAGs
[2024-06-06T01:15:49.975+0000] {logging_mixin.py:188} INFO - [2024-06-06T01:15:49.975+0000] {dag.py:3954} INFO - Setting next_dagrun for example_xcom_args to None, run_after=None
[2024-06-06T01:15:49.978+0000] {logging_mixin.py:188} INFO - [2024-06-06T01:15:49.978+0000] {dag.py:3954} INFO - Setting next_dagrun for example_xcom_args_with_operators to None, run_after=None
[2024-06-06T01:15:49.999+0000] {processor.py:183} INFO - Processing /home/ubuntu/endtoend_venv/lib/python3.12/site-packages/airflow/example_dags/example_xcomargs.py took 0.066 seconds
[2024-06-06T01:16:40.853+0000] {processor.py:161} INFO - Started process (PID=21097) to work on /home/ubuntu/endtoend_venv/lib/python3.12/site-packages/airflow/example_dags/example_xcomargs.py
[2024-06-06T01:16:40.854+0000] {processor.py:830} INFO - Processing file /home/ubuntu/endtoend_venv/lib/python3.12/site-packages/airflow/example_dags/example_xcomargs.py for tasks to queue
[2024-06-06T01:16:40.856+0000] {logging_mixin.py:188} INFO - [2024-06-06T01:16:40.856+0000] {dagbag.py:545} INFO - Filling up the DagBag from /home/ubuntu/endtoend_venv/lib/python3.12/site-packages/airflow/example_dags/example_xcomargs.py
[2024-06-06T01:16:40.866+0000] {processor.py:840} INFO - DAG(s) 'example_xcom_args', 'example_xcom_args_with_operators' retrieved from /home/ubuntu/endtoend_venv/lib/python3.12/site-packages/airflow/example_dags/example_xcomargs.py
[2024-06-06T01:16:40.979+0000] {logging_mixin.py:188} INFO - [2024-06-06T01:16:40.979+0000] {dag.py:3096} INFO - Sync 2 DAGs
[2024-06-06T01:16:40.990+0000] {logging_mixin.py:188} INFO - [2024-06-06T01:16:40.989+0000] {dag.py:3954} INFO - Setting next_dagrun for example_xcom_args to None, run_after=None
[2024-06-06T01:16:40.992+0000] {logging_mixin.py:188} INFO - [2024-06-06T01:16:40.992+0000] {dag.py:3954} INFO - Setting next_dagrun for example_xcom_args_with_operators to None, run_after=None
[2024-06-06T01:16:41.014+0000] {processor.py:183} INFO - Processing /home/ubuntu/endtoend_venv/lib/python3.12/site-packages/airflow/example_dags/example_xcomargs.py took 0.167 seconds
[2024-06-06T01:17:24.568+0000] {processor.py:161} INFO - Started process (PID=21145) to work on /home/ubuntu/endtoend_venv/lib/python3.12/site-packages/airflow/example_dags/example_xcomargs.py
[2024-06-06T01:17:24.570+0000] {processor.py:830} INFO - Processing file /home/ubuntu/endtoend_venv/lib/python3.12/site-packages/airflow/example_dags/example_xcomargs.py for tasks to queue
[2024-06-06T01:17:24.571+0000] {logging_mixin.py:188} INFO - [2024-06-06T01:17:24.571+0000] {dagbag.py:545} INFO - Filling up the DagBag from /home/ubuntu/endtoend_venv/lib/python3.12/site-packages/airflow/example_dags/example_xcomargs.py
[2024-06-06T01:17:24.581+0000] {processor.py:840} INFO - DAG(s) 'example_xcom_args_with_operators', 'example_xcom_args' retrieved from /home/ubuntu/endtoend_venv/lib/python3.12/site-packages/airflow/example_dags/example_xcomargs.py
[2024-06-06T01:17:24.601+0000] {logging_mixin.py:188} INFO - [2024-06-06T01:17:24.600+0000] {dag.py:3096} INFO - Sync 2 DAGs
[2024-06-06T01:17:24.613+0000] {logging_mixin.py:188} INFO - [2024-06-06T01:17:24.613+0000] {dag.py:3954} INFO - Setting next_dagrun for example_xcom_args to None, run_after=None
[2024-06-06T01:17:24.617+0000] {logging_mixin.py:188} INFO - [2024-06-06T01:17:24.617+0000] {dag.py:3954} INFO - Setting next_dagrun for example_xcom_args_with_operators to None, run_after=None
[2024-06-06T01:17:24.638+0000] {processor.py:183} INFO - Processing /home/ubuntu/endtoend_venv/lib/python3.12/site-packages/airflow/example_dags/example_xcomargs.py took 0.076 seconds
[2024-06-06T01:18:06.197+0000] {processor.py:161} INFO - Started process (PID=21187) to work on /home/ubuntu/endtoend_venv/lib/python3.12/site-packages/airflow/example_dags/example_xcomargs.py
[2024-06-06T01:18:06.199+0000] {processor.py:830} INFO - Processing file /home/ubuntu/endtoend_venv/lib/python3.12/site-packages/airflow/example_dags/example_xcomargs.py for tasks to queue
[2024-06-06T01:18:06.201+0000] {logging_mixin.py:188} INFO - [2024-06-06T01:18:06.200+0000] {dagbag.py:545} INFO - Filling up the DagBag from /home/ubuntu/endtoend_venv/lib/python3.12/site-packages/airflow/example_dags/example_xcomargs.py
[2024-06-06T01:18:06.210+0000] {processor.py:840} INFO - DAG(s) 'example_xcom_args_with_operators', 'example_xcom_args' retrieved from /home/ubuntu/endtoend_venv/lib/python3.12/site-packages/airflow/example_dags/example_xcomargs.py
[2024-06-06T01:18:06.230+0000] {logging_mixin.py:188} INFO - [2024-06-06T01:18:06.229+0000] {dag.py:3096} INFO - Sync 2 DAGs
[2024-06-06T01:18:06.242+0000] {logging_mixin.py:188} INFO - [2024-06-06T01:18:06.242+0000] {dag.py:3954} INFO - Setting next_dagrun for example_xcom_args to None, run_after=None
[2024-06-06T01:18:06.246+0000] {logging_mixin.py:188} INFO - [2024-06-06T01:18:06.246+0000] {dag.py:3954} INFO - Setting next_dagrun for example_xcom_args_with_operators to None, run_after=None
[2024-06-06T01:18:06.266+0000] {processor.py:183} INFO - Processing /home/ubuntu/endtoend_venv/lib/python3.12/site-packages/airflow/example_dags/example_xcomargs.py took 0.074 seconds
[2024-06-06T01:18:49.457+0000] {processor.py:161} INFO - Started process (PID=21259) to work on /home/ubuntu/endtoend_venv/lib/python3.12/site-packages/airflow/example_dags/example_xcomargs.py
[2024-06-06T01:18:49.458+0000] {processor.py:830} INFO - Processing file /home/ubuntu/endtoend_venv/lib/python3.12/site-packages/airflow/example_dags/example_xcomargs.py for tasks to queue
[2024-06-06T01:18:49.460+0000] {logging_mixin.py:188} INFO - [2024-06-06T01:18:49.459+0000] {dagbag.py:545} INFO - Filling up the DagBag from /home/ubuntu/endtoend_venv/lib/python3.12/site-packages/airflow/example_dags/example_xcomargs.py
[2024-06-06T01:18:49.469+0000] {processor.py:840} INFO - DAG(s) 'example_xcom_args_with_operators', 'example_xcom_args' retrieved from /home/ubuntu/endtoend_venv/lib/python3.12/site-packages/airflow/example_dags/example_xcomargs.py
[2024-06-06T01:18:49.488+0000] {logging_mixin.py:188} INFO - [2024-06-06T01:18:49.488+0000] {dag.py:3096} INFO - Sync 2 DAGs
[2024-06-06T01:18:49.501+0000] {logging_mixin.py:188} INFO - [2024-06-06T01:18:49.501+0000] {dag.py:3954} INFO - Setting next_dagrun for example_xcom_args to None, run_after=None
[2024-06-06T01:18:49.504+0000] {logging_mixin.py:188} INFO - [2024-06-06T01:18:49.504+0000] {dag.py:3954} INFO - Setting next_dagrun for example_xcom_args_with_operators to None, run_after=None
[2024-06-06T01:18:49.525+0000] {processor.py:183} INFO - Processing /home/ubuntu/endtoend_venv/lib/python3.12/site-packages/airflow/example_dags/example_xcomargs.py took 0.074 seconds
[2024-06-06T01:19:31.166+0000] {processor.py:161} INFO - Started process (PID=21301) to work on /home/ubuntu/endtoend_venv/lib/python3.12/site-packages/airflow/example_dags/example_xcomargs.py
[2024-06-06T01:19:31.167+0000] {processor.py:830} INFO - Processing file /home/ubuntu/endtoend_venv/lib/python3.12/site-packages/airflow/example_dags/example_xcomargs.py for tasks to queue
[2024-06-06T01:19:31.169+0000] {logging_mixin.py:188} INFO - [2024-06-06T01:19:31.169+0000] {dagbag.py:545} INFO - Filling up the DagBag from /home/ubuntu/endtoend_venv/lib/python3.12/site-packages/airflow/example_dags/example_xcomargs.py
[2024-06-06T01:19:31.178+0000] {processor.py:840} INFO - DAG(s) 'example_xcom_args', 'example_xcom_args_with_operators' retrieved from /home/ubuntu/endtoend_venv/lib/python3.12/site-packages/airflow/example_dags/example_xcomargs.py
[2024-06-06T01:19:31.197+0000] {logging_mixin.py:188} INFO - [2024-06-06T01:19:31.197+0000] {dag.py:3096} INFO - Sync 2 DAGs
[2024-06-06T01:19:31.210+0000] {logging_mixin.py:188} INFO - [2024-06-06T01:19:31.210+0000] {dag.py:3954} INFO - Setting next_dagrun for example_xcom_args to None, run_after=None
[2024-06-06T01:19:31.214+0000] {logging_mixin.py:188} INFO - [2024-06-06T01:19:31.213+0000] {dag.py:3954} INFO - Setting next_dagrun for example_xcom_args_with_operators to None, run_after=None
[2024-06-06T01:19:31.233+0000] {processor.py:183} INFO - Processing /home/ubuntu/endtoend_venv/lib/python3.12/site-packages/airflow/example_dags/example_xcomargs.py took 0.073 seconds
[2024-06-06T01:20:14.226+0000] {processor.py:161} INFO - Started process (PID=21395) to work on /home/ubuntu/endtoend_venv/lib/python3.12/site-packages/airflow/example_dags/example_xcomargs.py
[2024-06-06T01:20:14.227+0000] {processor.py:830} INFO - Processing file /home/ubuntu/endtoend_venv/lib/python3.12/site-packages/airflow/example_dags/example_xcomargs.py for tasks to queue
[2024-06-06T01:20:14.229+0000] {logging_mixin.py:188} INFO - [2024-06-06T01:20:14.229+0000] {dagbag.py:545} INFO - Filling up the DagBag from /home/ubuntu/endtoend_venv/lib/python3.12/site-packages/airflow/example_dags/example_xcomargs.py
[2024-06-06T01:20:14.239+0000] {processor.py:840} INFO - DAG(s) 'example_xcom_args_with_operators', 'example_xcom_args' retrieved from /home/ubuntu/endtoend_venv/lib/python3.12/site-packages/airflow/example_dags/example_xcomargs.py
[2024-06-06T01:20:14.259+0000] {logging_mixin.py:188} INFO - [2024-06-06T01:20:14.258+0000] {dag.py:3096} INFO - Sync 2 DAGs
[2024-06-06T01:20:14.272+0000] {logging_mixin.py:188} INFO - [2024-06-06T01:20:14.272+0000] {dag.py:3954} INFO - Setting next_dagrun for example_xcom_args to None, run_after=None
[2024-06-06T01:20:14.276+0000] {logging_mixin.py:188} INFO - [2024-06-06T01:20:14.275+0000] {dag.py:3954} INFO - Setting next_dagrun for example_xcom_args_with_operators to None, run_after=None
[2024-06-06T01:20:14.297+0000] {processor.py:183} INFO - Processing /home/ubuntu/endtoend_venv/lib/python3.12/site-packages/airflow/example_dags/example_xcomargs.py took 0.077 seconds
