[2024-06-06T01:16:17.483+0000] {processor.py:161} INFO - Started process (PID=21075) to work on /home/ubuntu/endtoend_venv/lib/python3.12/site-packages/airflow/example_dags/example_dynamic_task_mapping_with_no_taskflow_operators.py
[2024-06-06T01:16:17.484+0000] {processor.py:830} INFO - Processing file /home/ubuntu/endtoend_venv/lib/python3.12/site-packages/airflow/example_dags/example_dynamic_task_mapping_with_no_taskflow_operators.py for tasks to queue
[2024-06-06T01:16:17.486+0000] {logging_mixin.py:188} INFO - [2024-06-06T01:16:17.486+0000] {dagbag.py:545} INFO - Filling up the DagBag from /home/ubuntu/endtoend_venv/lib/python3.12/site-packages/airflow/example_dags/example_dynamic_task_mapping_with_no_taskflow_operators.py
[2024-06-06T01:16:17.493+0000] {processor.py:840} INFO - DAG(s) 'example_dynamic_task_mapping_with_no_taskflow_operators' retrieved from /home/ubuntu/endtoend_venv/lib/python3.12/site-packages/airflow/example_dags/example_dynamic_task_mapping_with_no_taskflow_operators.py
[2024-06-06T01:16:17.596+0000] {logging_mixin.py:188} INFO - [2024-06-06T01:16:17.596+0000] {dag.py:3096} INFO - Sync 1 DAGs
[2024-06-06T01:16:17.614+0000] {logging_mixin.py:188} INFO - [2024-06-06T01:16:17.614+0000] {dag.py:3954} INFO - Setting next_dagrun for example_dynamic_task_mapping_with_no_taskflow_operators to 2024-06-05 00:00:00+00:00, run_after=2024-06-06 00:00:00+00:00
[2024-06-06T01:16:17.637+0000] {processor.py:183} INFO - Processing /home/ubuntu/endtoend_venv/lib/python3.12/site-packages/airflow/example_dags/example_dynamic_task_mapping_with_no_taskflow_operators.py took 0.160 seconds
[2024-06-06T01:17:09.720+0000] {processor.py:161} INFO - Started process (PID=21130) to work on /home/ubuntu/endtoend_venv/lib/python3.12/site-packages/airflow/example_dags/example_dynamic_task_mapping_with_no_taskflow_operators.py
[2024-06-06T01:17:09.722+0000] {processor.py:830} INFO - Processing file /home/ubuntu/endtoend_venv/lib/python3.12/site-packages/airflow/example_dags/example_dynamic_task_mapping_with_no_taskflow_operators.py for tasks to queue
[2024-06-06T01:17:09.724+0000] {logging_mixin.py:188} INFO - [2024-06-06T01:17:09.723+0000] {dagbag.py:545} INFO - Filling up the DagBag from /home/ubuntu/endtoend_venv/lib/python3.12/site-packages/airflow/example_dags/example_dynamic_task_mapping_with_no_taskflow_operators.py
[2024-06-06T01:17:09.731+0000] {processor.py:840} INFO - DAG(s) 'example_dynamic_task_mapping_with_no_taskflow_operators' retrieved from /home/ubuntu/endtoend_venv/lib/python3.12/site-packages/airflow/example_dags/example_dynamic_task_mapping_with_no_taskflow_operators.py
[2024-06-06T01:17:09.747+0000] {logging_mixin.py:188} INFO - [2024-06-06T01:17:09.747+0000] {dag.py:3096} INFO - Sync 1 DAGs
[2024-06-06T01:17:09.767+0000] {logging_mixin.py:188} INFO - [2024-06-06T01:17:09.767+0000] {dag.py:3954} INFO - Setting next_dagrun for example_dynamic_task_mapping_with_no_taskflow_operators to 2024-06-05 00:00:00+00:00, run_after=2024-06-06 00:00:00+00:00
[2024-06-06T01:17:09.789+0000] {processor.py:183} INFO - Processing /home/ubuntu/endtoend_venv/lib/python3.12/site-packages/airflow/example_dags/example_dynamic_task_mapping_with_no_taskflow_operators.py took 0.075 seconds
[2024-06-06T01:18:13.307+0000] {processor.py:161} INFO - Started process (PID=21194) to work on /home/ubuntu/endtoend_venv/lib/python3.12/site-packages/airflow/example_dags/example_dynamic_task_mapping_with_no_taskflow_operators.py
[2024-06-06T01:18:13.308+0000] {processor.py:830} INFO - Processing file /home/ubuntu/endtoend_venv/lib/python3.12/site-packages/airflow/example_dags/example_dynamic_task_mapping_with_no_taskflow_operators.py for tasks to queue
[2024-06-06T01:18:13.310+0000] {logging_mixin.py:188} INFO - [2024-06-06T01:18:13.310+0000] {dagbag.py:545} INFO - Filling up the DagBag from /home/ubuntu/endtoend_venv/lib/python3.12/site-packages/airflow/example_dags/example_dynamic_task_mapping_with_no_taskflow_operators.py
[2024-06-06T01:18:13.318+0000] {processor.py:840} INFO - DAG(s) 'example_dynamic_task_mapping_with_no_taskflow_operators' retrieved from /home/ubuntu/endtoend_venv/lib/python3.12/site-packages/airflow/example_dags/example_dynamic_task_mapping_with_no_taskflow_operators.py
[2024-06-06T01:18:13.334+0000] {logging_mixin.py:188} INFO - [2024-06-06T01:18:13.334+0000] {dag.py:3096} INFO - Sync 1 DAGs
[2024-06-06T01:18:13.355+0000] {logging_mixin.py:188} INFO - [2024-06-06T01:18:13.355+0000] {dag.py:3954} INFO - Setting next_dagrun for example_dynamic_task_mapping_with_no_taskflow_operators to 2024-06-05 00:00:00+00:00, run_after=2024-06-06 00:00:00+00:00
[2024-06-06T01:18:13.377+0000] {processor.py:183} INFO - Processing /home/ubuntu/endtoend_venv/lib/python3.12/site-packages/airflow/example_dags/example_dynamic_task_mapping_with_no_taskflow_operators.py took 0.076 seconds
[2024-06-06T01:19:16.019+0000] {processor.py:161} INFO - Started process (PID=21285) to work on /home/ubuntu/endtoend_venv/lib/python3.12/site-packages/airflow/example_dags/example_dynamic_task_mapping_with_no_taskflow_operators.py
[2024-06-06T01:19:16.020+0000] {processor.py:830} INFO - Processing file /home/ubuntu/endtoend_venv/lib/python3.12/site-packages/airflow/example_dags/example_dynamic_task_mapping_with_no_taskflow_operators.py for tasks to queue
[2024-06-06T01:19:16.022+0000] {logging_mixin.py:188} INFO - [2024-06-06T01:19:16.022+0000] {dagbag.py:545} INFO - Filling up the DagBag from /home/ubuntu/endtoend_venv/lib/python3.12/site-packages/airflow/example_dags/example_dynamic_task_mapping_with_no_taskflow_operators.py
[2024-06-06T01:19:16.030+0000] {processor.py:840} INFO - DAG(s) 'example_dynamic_task_mapping_with_no_taskflow_operators' retrieved from /home/ubuntu/endtoend_venv/lib/python3.12/site-packages/airflow/example_dags/example_dynamic_task_mapping_with_no_taskflow_operators.py
[2024-06-06T01:19:16.047+0000] {logging_mixin.py:188} INFO - [2024-06-06T01:19:16.047+0000] {dag.py:3096} INFO - Sync 1 DAGs
[2024-06-06T01:19:16.069+0000] {logging_mixin.py:188} INFO - [2024-06-06T01:19:16.069+0000] {dag.py:3954} INFO - Setting next_dagrun for example_dynamic_task_mapping_with_no_taskflow_operators to 2024-06-05 00:00:00+00:00, run_after=2024-06-06 00:00:00+00:00
[2024-06-06T01:19:16.093+0000] {processor.py:183} INFO - Processing /home/ubuntu/endtoend_venv/lib/python3.12/site-packages/airflow/example_dags/example_dynamic_task_mapping_with_no_taskflow_operators.py took 0.081 seconds
[2024-06-06T01:20:20.036+0000] {processor.py:161} INFO - Started process (PID=21401) to work on /home/ubuntu/endtoend_venv/lib/python3.12/site-packages/airflow/example_dags/example_dynamic_task_mapping_with_no_taskflow_operators.py
[2024-06-06T01:20:20.038+0000] {processor.py:830} INFO - Processing file /home/ubuntu/endtoend_venv/lib/python3.12/site-packages/airflow/example_dags/example_dynamic_task_mapping_with_no_taskflow_operators.py for tasks to queue
[2024-06-06T01:20:20.040+0000] {logging_mixin.py:188} INFO - [2024-06-06T01:20:20.039+0000] {dagbag.py:545} INFO - Filling up the DagBag from /home/ubuntu/endtoend_venv/lib/python3.12/site-packages/airflow/example_dags/example_dynamic_task_mapping_with_no_taskflow_operators.py
[2024-06-06T01:20:20.047+0000] {processor.py:840} INFO - DAG(s) 'example_dynamic_task_mapping_with_no_taskflow_operators' retrieved from /home/ubuntu/endtoend_venv/lib/python3.12/site-packages/airflow/example_dags/example_dynamic_task_mapping_with_no_taskflow_operators.py
[2024-06-06T01:20:20.063+0000] {logging_mixin.py:188} INFO - [2024-06-06T01:20:20.063+0000] {dag.py:3096} INFO - Sync 1 DAGs
[2024-06-06T01:20:20.084+0000] {logging_mixin.py:188} INFO - [2024-06-06T01:20:20.084+0000] {dag.py:3954} INFO - Setting next_dagrun for example_dynamic_task_mapping_with_no_taskflow_operators to 2024-06-05 00:00:00+00:00, run_after=2024-06-06 00:00:00+00:00
[2024-06-06T01:20:20.108+0000] {processor.py:183} INFO - Processing /home/ubuntu/endtoend_venv/lib/python3.12/site-packages/airflow/example_dags/example_dynamic_task_mapping_with_no_taskflow_operators.py took 0.078 seconds
