[2024-06-06T01:16:26.449+0000] {processor.py:161} INFO - Started process (PID=21083) to work on /home/ubuntu/endtoend_venv/lib/python3.12/site-packages/airflow/example_dags/example_branch_python_dop_operator_3.py
[2024-06-06T01:16:26.450+0000] {processor.py:830} INFO - Processing file /home/ubuntu/endtoend_venv/lib/python3.12/site-packages/airflow/example_dags/example_branch_python_dop_operator_3.py for tasks to queue
[2024-06-06T01:16:26.452+0000] {logging_mixin.py:188} INFO - [2024-06-06T01:16:26.452+0000] {dagbag.py:545} INFO - Filling up the DagBag from /home/ubuntu/endtoend_venv/lib/python3.12/site-packages/airflow/example_dags/example_branch_python_dop_operator_3.py
[2024-06-06T01:16:26.461+0000] {processor.py:840} INFO - DAG(s) 'example_branch_dop_operator_v3' retrieved from /home/ubuntu/endtoend_venv/lib/python3.12/site-packages/airflow/example_dags/example_branch_python_dop_operator_3.py
[2024-06-06T01:16:26.565+0000] {logging_mixin.py:188} INFO - [2024-06-06T01:16:26.565+0000] {dag.py:3096} INFO - Sync 1 DAGs
[2024-06-06T01:16:26.587+0000] {logging_mixin.py:188} INFO - [2024-06-06T01:16:26.587+0000] {dag.py:3954} INFO - Setting next_dagrun for example_branch_dop_operator_v3 to 2024-06-06 01:15:00+00:00, run_after=2024-06-06 01:16:00+00:00
[2024-06-06T01:16:26.611+0000] {processor.py:183} INFO - Processing /home/ubuntu/endtoend_venv/lib/python3.12/site-packages/airflow/example_dags/example_branch_python_dop_operator_3.py took 0.167 seconds
[2024-06-06T01:17:31.314+0000] {processor.py:161} INFO - Started process (PID=21152) to work on /home/ubuntu/endtoend_venv/lib/python3.12/site-packages/airflow/example_dags/example_branch_python_dop_operator_3.py
[2024-06-06T01:17:31.316+0000] {processor.py:830} INFO - Processing file /home/ubuntu/endtoend_venv/lib/python3.12/site-packages/airflow/example_dags/example_branch_python_dop_operator_3.py for tasks to queue
[2024-06-06T01:17:31.318+0000] {logging_mixin.py:188} INFO - [2024-06-06T01:17:31.317+0000] {dagbag.py:545} INFO - Filling up the DagBag from /home/ubuntu/endtoend_venv/lib/python3.12/site-packages/airflow/example_dags/example_branch_python_dop_operator_3.py
[2024-06-06T01:17:31.328+0000] {processor.py:840} INFO - DAG(s) 'example_branch_dop_operator_v3' retrieved from /home/ubuntu/endtoend_venv/lib/python3.12/site-packages/airflow/example_dags/example_branch_python_dop_operator_3.py
[2024-06-06T01:17:31.345+0000] {logging_mixin.py:188} INFO - [2024-06-06T01:17:31.345+0000] {dag.py:3096} INFO - Sync 1 DAGs
[2024-06-06T01:17:31.369+0000] {logging_mixin.py:188} INFO - [2024-06-06T01:17:31.369+0000] {dag.py:3954} INFO - Setting next_dagrun for example_branch_dop_operator_v3 to 2024-06-06 01:16:00+00:00, run_after=2024-06-06 01:17:00+00:00
[2024-06-06T01:17:31.394+0000] {processor.py:183} INFO - Processing /home/ubuntu/endtoend_venv/lib/python3.12/site-packages/airflow/example_dags/example_branch_python_dop_operator_3.py took 0.086 seconds
[2024-06-06T01:18:36.674+0000] {processor.py:161} INFO - Started process (PID=21236) to work on /home/ubuntu/endtoend_venv/lib/python3.12/site-packages/airflow/example_dags/example_branch_python_dop_operator_3.py
[2024-06-06T01:18:36.675+0000] {processor.py:830} INFO - Processing file /home/ubuntu/endtoend_venv/lib/python3.12/site-packages/airflow/example_dags/example_branch_python_dop_operator_3.py for tasks to queue
[2024-06-06T01:18:36.677+0000] {logging_mixin.py:188} INFO - [2024-06-06T01:18:36.677+0000] {dagbag.py:545} INFO - Filling up the DagBag from /home/ubuntu/endtoend_venv/lib/python3.12/site-packages/airflow/example_dags/example_branch_python_dop_operator_3.py
[2024-06-06T01:18:36.687+0000] {processor.py:840} INFO - DAG(s) 'example_branch_dop_operator_v3' retrieved from /home/ubuntu/endtoend_venv/lib/python3.12/site-packages/airflow/example_dags/example_branch_python_dop_operator_3.py
[2024-06-06T01:18:36.704+0000] {logging_mixin.py:188} INFO - [2024-06-06T01:18:36.703+0000] {dag.py:3096} INFO - Sync 1 DAGs
[2024-06-06T01:18:36.727+0000] {logging_mixin.py:188} INFO - [2024-06-06T01:18:36.727+0000] {dag.py:3954} INFO - Setting next_dagrun for example_branch_dop_operator_v3 to 2024-06-06 01:17:00+00:00, run_after=2024-06-06 01:18:00+00:00
[2024-06-06T01:18:36.756+0000] {processor.py:183} INFO - Processing /home/ubuntu/endtoend_venv/lib/python3.12/site-packages/airflow/example_dags/example_branch_python_dop_operator_3.py took 0.088 seconds
[2024-06-06T01:19:39.734+0000] {processor.py:161} INFO - Started process (PID=21323) to work on /home/ubuntu/endtoend_venv/lib/python3.12/site-packages/airflow/example_dags/example_branch_python_dop_operator_3.py
[2024-06-06T01:19:39.735+0000] {processor.py:830} INFO - Processing file /home/ubuntu/endtoend_venv/lib/python3.12/site-packages/airflow/example_dags/example_branch_python_dop_operator_3.py for tasks to queue
[2024-06-06T01:19:39.737+0000] {logging_mixin.py:188} INFO - [2024-06-06T01:19:39.736+0000] {dagbag.py:545} INFO - Filling up the DagBag from /home/ubuntu/endtoend_venv/lib/python3.12/site-packages/airflow/example_dags/example_branch_python_dop_operator_3.py
[2024-06-06T01:19:39.746+0000] {processor.py:840} INFO - DAG(s) 'example_branch_dop_operator_v3' retrieved from /home/ubuntu/endtoend_venv/lib/python3.12/site-packages/airflow/example_dags/example_branch_python_dop_operator_3.py
[2024-06-06T01:19:39.766+0000] {logging_mixin.py:188} INFO - [2024-06-06T01:19:39.765+0000] {dag.py:3096} INFO - Sync 1 DAGs
[2024-06-06T01:19:39.789+0000] {logging_mixin.py:188} INFO - [2024-06-06T01:19:39.789+0000] {dag.py:3954} INFO - Setting next_dagrun for example_branch_dop_operator_v3 to 2024-06-06 01:18:00+00:00, run_after=2024-06-06 01:19:00+00:00
[2024-06-06T01:19:39.819+0000] {processor.py:183} INFO - Processing /home/ubuntu/endtoend_venv/lib/python3.12/site-packages/airflow/example_dags/example_branch_python_dop_operator_3.py took 0.092 seconds
[2024-06-06T01:20:41.672+0000] {processor.py:161} INFO - Started process (PID=21424) to work on /home/ubuntu/endtoend_venv/lib/python3.12/site-packages/airflow/example_dags/example_branch_python_dop_operator_3.py
[2024-06-06T01:20:41.673+0000] {processor.py:830} INFO - Processing file /home/ubuntu/endtoend_venv/lib/python3.12/site-packages/airflow/example_dags/example_branch_python_dop_operator_3.py for tasks to queue
[2024-06-06T01:20:41.675+0000] {logging_mixin.py:188} INFO - [2024-06-06T01:20:41.674+0000] {dagbag.py:545} INFO - Filling up the DagBag from /home/ubuntu/endtoend_venv/lib/python3.12/site-packages/airflow/example_dags/example_branch_python_dop_operator_3.py
[2024-06-06T01:20:41.684+0000] {processor.py:840} INFO - DAG(s) 'example_branch_dop_operator_v3' retrieved from /home/ubuntu/endtoend_venv/lib/python3.12/site-packages/airflow/example_dags/example_branch_python_dop_operator_3.py
[2024-06-06T01:20:41.701+0000] {logging_mixin.py:188} INFO - [2024-06-06T01:20:41.701+0000] {dag.py:3096} INFO - Sync 1 DAGs
[2024-06-06T01:20:41.725+0000] {logging_mixin.py:188} INFO - [2024-06-06T01:20:41.725+0000] {dag.py:3954} INFO - Setting next_dagrun for example_branch_dop_operator_v3 to 2024-06-06 01:19:00+00:00, run_after=2024-06-06 01:20:00+00:00
[2024-06-06T01:20:41.749+0000] {processor.py:183} INFO - Processing /home/ubuntu/endtoend_venv/lib/python3.12/site-packages/airflow/example_dags/example_branch_python_dop_operator_3.py took 0.084 seconds
