[2024-06-06T01:15:55.110+0000] {processor.py:161} INFO - Started process (PID=21050) to work on /home/ubuntu/endtoend_venv/lib/python3.12/site-packages/airflow/example_dags/example_time_delta_sensor_async.py
[2024-06-06T01:15:55.111+0000] {processor.py:830} INFO - Processing file /home/ubuntu/endtoend_venv/lib/python3.12/site-packages/airflow/example_dags/example_time_delta_sensor_async.py for tasks to queue
[2024-06-06T01:15:55.113+0000] {logging_mixin.py:188} INFO - [2024-06-06T01:15:55.112+0000] {dagbag.py:545} INFO - Filling up the DagBag from /home/ubuntu/endtoend_venv/lib/python3.12/site-packages/airflow/example_dags/example_time_delta_sensor_async.py
[2024-06-06T01:15:55.121+0000] {processor.py:840} INFO - DAG(s) 'example_time_delta_sensor_async' retrieved from /home/ubuntu/endtoend_venv/lib/python3.12/site-packages/airflow/example_dags/example_time_delta_sensor_async.py
[2024-06-06T01:15:55.130+0000] {logging_mixin.py:188} INFO - [2024-06-06T01:15:55.129+0000] {dag.py:3096} INFO - Sync 1 DAGs
[2024-06-06T01:15:55.145+0000] {logging_mixin.py:188} INFO - [2024-06-06T01:15:55.145+0000] {dag.py:3954} INFO - Setting next_dagrun for example_time_delta_sensor_async to None, run_after=None
[2024-06-06T01:15:55.167+0000] {processor.py:183} INFO - Processing /home/ubuntu/endtoend_venv/lib/python3.12/site-packages/airflow/example_dags/example_time_delta_sensor_async.py took 0.063 seconds
[2024-06-06T01:16:44.861+0000] {processor.py:161} INFO - Started process (PID=21102) to work on /home/ubuntu/endtoend_venv/lib/python3.12/site-packages/airflow/example_dags/example_time_delta_sensor_async.py
[2024-06-06T01:16:44.862+0000] {processor.py:830} INFO - Processing file /home/ubuntu/endtoend_venv/lib/python3.12/site-packages/airflow/example_dags/example_time_delta_sensor_async.py for tasks to queue
[2024-06-06T01:16:44.864+0000] {logging_mixin.py:188} INFO - [2024-06-06T01:16:44.863+0000] {dagbag.py:545} INFO - Filling up the DagBag from /home/ubuntu/endtoend_venv/lib/python3.12/site-packages/airflow/example_dags/example_time_delta_sensor_async.py
[2024-06-06T01:16:44.869+0000] {processor.py:840} INFO - DAG(s) 'example_time_delta_sensor_async' retrieved from /home/ubuntu/endtoend_venv/lib/python3.12/site-packages/airflow/example_dags/example_time_delta_sensor_async.py
[2024-06-06T01:16:44.974+0000] {logging_mixin.py:188} INFO - [2024-06-06T01:16:44.974+0000] {dag.py:3096} INFO - Sync 1 DAGs
[2024-06-06T01:16:44.984+0000] {logging_mixin.py:188} INFO - [2024-06-06T01:16:44.984+0000] {dag.py:3954} INFO - Setting next_dagrun for example_time_delta_sensor_async to None, run_after=None
[2024-06-06T01:16:45.006+0000] {processor.py:183} INFO - Processing /home/ubuntu/endtoend_venv/lib/python3.12/site-packages/airflow/example_dags/example_time_delta_sensor_async.py took 0.151 seconds
[2024-06-06T01:17:29.027+0000] {processor.py:161} INFO - Started process (PID=21150) to work on /home/ubuntu/endtoend_venv/lib/python3.12/site-packages/airflow/example_dags/example_time_delta_sensor_async.py
[2024-06-06T01:17:29.028+0000] {processor.py:830} INFO - Processing file /home/ubuntu/endtoend_venv/lib/python3.12/site-packages/airflow/example_dags/example_time_delta_sensor_async.py for tasks to queue
[2024-06-06T01:17:29.030+0000] {logging_mixin.py:188} INFO - [2024-06-06T01:17:29.029+0000] {dagbag.py:545} INFO - Filling up the DagBag from /home/ubuntu/endtoend_venv/lib/python3.12/site-packages/airflow/example_dags/example_time_delta_sensor_async.py
[2024-06-06T01:17:29.035+0000] {processor.py:840} INFO - DAG(s) 'example_time_delta_sensor_async' retrieved from /home/ubuntu/endtoend_venv/lib/python3.12/site-packages/airflow/example_dags/example_time_delta_sensor_async.py
[2024-06-06T01:17:29.052+0000] {logging_mixin.py:188} INFO - [2024-06-06T01:17:29.052+0000] {dag.py:3096} INFO - Sync 1 DAGs
[2024-06-06T01:17:29.065+0000] {logging_mixin.py:188} INFO - [2024-06-06T01:17:29.065+0000] {dag.py:3954} INFO - Setting next_dagrun for example_time_delta_sensor_async to None, run_after=None
[2024-06-06T01:17:29.089+0000] {processor.py:183} INFO - Processing /home/ubuntu/endtoend_venv/lib/python3.12/site-packages/airflow/example_dags/example_time_delta_sensor_async.py took 0.069 seconds
[2024-06-06T01:18:11.343+0000] {processor.py:161} INFO - Started process (PID=21192) to work on /home/ubuntu/endtoend_venv/lib/python3.12/site-packages/airflow/example_dags/example_time_delta_sensor_async.py
[2024-06-06T01:18:11.344+0000] {processor.py:830} INFO - Processing file /home/ubuntu/endtoend_venv/lib/python3.12/site-packages/airflow/example_dags/example_time_delta_sensor_async.py for tasks to queue
[2024-06-06T01:18:11.346+0000] {logging_mixin.py:188} INFO - [2024-06-06T01:18:11.346+0000] {dagbag.py:545} INFO - Filling up the DagBag from /home/ubuntu/endtoend_venv/lib/python3.12/site-packages/airflow/example_dags/example_time_delta_sensor_async.py
[2024-06-06T01:18:11.352+0000] {processor.py:840} INFO - DAG(s) 'example_time_delta_sensor_async' retrieved from /home/ubuntu/endtoend_venv/lib/python3.12/site-packages/airflow/example_dags/example_time_delta_sensor_async.py
[2024-06-06T01:18:11.369+0000] {logging_mixin.py:188} INFO - [2024-06-06T01:18:11.369+0000] {dag.py:3096} INFO - Sync 1 DAGs
[2024-06-06T01:18:11.382+0000] {logging_mixin.py:188} INFO - [2024-06-06T01:18:11.382+0000] {dag.py:3954} INFO - Setting next_dagrun for example_time_delta_sensor_async to None, run_after=None
[2024-06-06T01:18:11.406+0000] {processor.py:183} INFO - Processing /home/ubuntu/endtoend_venv/lib/python3.12/site-packages/airflow/example_dags/example_time_delta_sensor_async.py took 0.069 seconds
[2024-06-06T01:18:54.602+0000] {processor.py:161} INFO - Started process (PID=21264) to work on /home/ubuntu/endtoend_venv/lib/python3.12/site-packages/airflow/example_dags/example_time_delta_sensor_async.py
[2024-06-06T01:18:54.603+0000] {processor.py:830} INFO - Processing file /home/ubuntu/endtoend_venv/lib/python3.12/site-packages/airflow/example_dags/example_time_delta_sensor_async.py for tasks to queue
[2024-06-06T01:18:54.605+0000] {logging_mixin.py:188} INFO - [2024-06-06T01:18:54.605+0000] {dagbag.py:545} INFO - Filling up the DagBag from /home/ubuntu/endtoend_venv/lib/python3.12/site-packages/airflow/example_dags/example_time_delta_sensor_async.py
[2024-06-06T01:18:54.610+0000] {processor.py:840} INFO - DAG(s) 'example_time_delta_sensor_async' retrieved from /home/ubuntu/endtoend_venv/lib/python3.12/site-packages/airflow/example_dags/example_time_delta_sensor_async.py
[2024-06-06T01:18:54.628+0000] {logging_mixin.py:188} INFO - [2024-06-06T01:18:54.628+0000] {dag.py:3096} INFO - Sync 1 DAGs
[2024-06-06T01:18:54.641+0000] {logging_mixin.py:188} INFO - [2024-06-06T01:18:54.641+0000] {dag.py:3954} INFO - Setting next_dagrun for example_time_delta_sensor_async to None, run_after=None
[2024-06-06T01:18:54.665+0000] {processor.py:183} INFO - Processing /home/ubuntu/endtoend_venv/lib/python3.12/site-packages/airflow/example_dags/example_time_delta_sensor_async.py took 0.069 seconds
[2024-06-06T01:19:45.179+0000] {processor.py:161} INFO - Started process (PID=21344) to work on /home/ubuntu/endtoend_venv/lib/python3.12/site-packages/airflow/example_dags/example_time_delta_sensor_async.py
[2024-06-06T01:19:45.181+0000] {processor.py:830} INFO - Processing file /home/ubuntu/endtoend_venv/lib/python3.12/site-packages/airflow/example_dags/example_time_delta_sensor_async.py for tasks to queue
[2024-06-06T01:19:45.182+0000] {logging_mixin.py:188} INFO - [2024-06-06T01:19:45.182+0000] {dagbag.py:545} INFO - Filling up the DagBag from /home/ubuntu/endtoend_venv/lib/python3.12/site-packages/airflow/example_dags/example_time_delta_sensor_async.py
[2024-06-06T01:19:45.187+0000] {processor.py:840} INFO - DAG(s) 'example_time_delta_sensor_async' retrieved from /home/ubuntu/endtoend_venv/lib/python3.12/site-packages/airflow/example_dags/example_time_delta_sensor_async.py
[2024-06-06T01:19:45.204+0000] {logging_mixin.py:188} INFO - [2024-06-06T01:19:45.204+0000] {dag.py:3096} INFO - Sync 1 DAGs
[2024-06-06T01:19:45.217+0000] {logging_mixin.py:188} INFO - [2024-06-06T01:19:45.216+0000] {dag.py:3954} INFO - Setting next_dagrun for example_time_delta_sensor_async to None, run_after=None
[2024-06-06T01:19:45.241+0000] {processor.py:183} INFO - Processing /home/ubuntu/endtoend_venv/lib/python3.12/site-packages/airflow/example_dags/example_time_delta_sensor_async.py took 0.068 seconds
[2024-06-06T01:20:28.020+0000] {processor.py:161} INFO - Started process (PID=21409) to work on /home/ubuntu/endtoend_venv/lib/python3.12/site-packages/airflow/example_dags/example_time_delta_sensor_async.py
[2024-06-06T01:20:28.021+0000] {processor.py:830} INFO - Processing file /home/ubuntu/endtoend_venv/lib/python3.12/site-packages/airflow/example_dags/example_time_delta_sensor_async.py for tasks to queue
[2024-06-06T01:20:28.023+0000] {logging_mixin.py:188} INFO - [2024-06-06T01:20:28.023+0000] {dagbag.py:545} INFO - Filling up the DagBag from /home/ubuntu/endtoend_venv/lib/python3.12/site-packages/airflow/example_dags/example_time_delta_sensor_async.py
[2024-06-06T01:20:28.028+0000] {processor.py:840} INFO - DAG(s) 'example_time_delta_sensor_async' retrieved from /home/ubuntu/endtoend_venv/lib/python3.12/site-packages/airflow/example_dags/example_time_delta_sensor_async.py
[2024-06-06T01:20:28.045+0000] {logging_mixin.py:188} INFO - [2024-06-06T01:20:28.045+0000] {dag.py:3096} INFO - Sync 1 DAGs
[2024-06-06T01:20:28.059+0000] {logging_mixin.py:188} INFO - [2024-06-06T01:20:28.058+0000] {dag.py:3954} INFO - Setting next_dagrun for example_time_delta_sensor_async to None, run_after=None
[2024-06-06T01:20:28.083+0000] {processor.py:183} INFO - Processing /home/ubuntu/endtoend_venv/lib/python3.12/site-packages/airflow/example_dags/example_time_delta_sensor_async.py took 0.070 seconds
