[2024-06-06T01:16:22.026+0000] {processor.py:161} INFO - Started process (PID=21079) to work on /home/ubuntu/endtoend_venv/lib/python3.12/site-packages/airflow/example_dags/example_datasets.py
[2024-06-06T01:16:22.027+0000] {processor.py:830} INFO - Processing file /home/ubuntu/endtoend_venv/lib/python3.12/site-packages/airflow/example_dags/example_datasets.py for tasks to queue
[2024-06-06T01:16:22.029+0000] {logging_mixin.py:188} INFO - [2024-06-06T01:16:22.028+0000] {dagbag.py:545} INFO - Filling up the DagBag from /home/ubuntu/endtoend_venv/lib/python3.12/site-packages/airflow/example_dags/example_datasets.py
[2024-06-06T01:16:22.043+0000] {processor.py:840} INFO - DAG(s) 'dataset_produces_1', 'dataset_consumes_1', 'consume_1_and_2_with_dataset_expressions', 'consume_1_or_2_with_dataset_expressions', 'conditional_dataset_and_time_based_timetable', 'dataset_produces_2', 'dataset_consumes_unknown_never_scheduled', 'consume_1_or_both_2_and_3_with_dataset_expressions', 'dataset_consumes_1_never_scheduled', 'dataset_consumes_1_and_2' retrieved from /home/ubuntu/endtoend_venv/lib/python3.12/site-packages/airflow/example_dags/example_datasets.py
[2024-06-06T01:16:22.218+0000] {logging_mixin.py:188} INFO - [2024-06-06T01:16:22.218+0000] {dag.py:3096} INFO - Sync 10 DAGs
[2024-06-06T01:16:22.239+0000] {logging_mixin.py:188} INFO - [2024-06-06T01:16:22.239+0000] {dag.py:3954} INFO - Setting next_dagrun for conditional_dataset_and_time_based_timetable to 2024-06-05 01:00:00+00:00, run_after=2024-06-05 01:00:00+00:00
[2024-06-06T01:16:22.242+0000] {logging_mixin.py:188} INFO - [2024-06-06T01:16:22.241+0000] {dag.py:3954} INFO - Setting next_dagrun for consume_1_and_2_with_dataset_expressions to None, run_after=None
[2024-06-06T01:16:22.243+0000] {logging_mixin.py:188} INFO - [2024-06-06T01:16:22.243+0000] {dag.py:3954} INFO - Setting next_dagrun for consume_1_or_2_with_dataset_expressions to None, run_after=None
[2024-06-06T01:16:22.244+0000] {logging_mixin.py:188} INFO - [2024-06-06T01:16:22.244+0000] {dag.py:3954} INFO - Setting next_dagrun for consume_1_or_both_2_and_3_with_dataset_expressions to None, run_after=None
[2024-06-06T01:16:22.245+0000] {logging_mixin.py:188} INFO - [2024-06-06T01:16:22.244+0000] {dag.py:3954} INFO - Setting next_dagrun for dataset_consumes_1 to None, run_after=None
[2024-06-06T01:16:22.246+0000] {logging_mixin.py:188} INFO - [2024-06-06T01:16:22.245+0000] {dag.py:3954} INFO - Setting next_dagrun for dataset_consumes_1_and_2 to None, run_after=None
[2024-06-06T01:16:22.247+0000] {logging_mixin.py:188} INFO - [2024-06-06T01:16:22.246+0000] {dag.py:3954} INFO - Setting next_dagrun for dataset_consumes_1_never_scheduled to None, run_after=None
[2024-06-06T01:16:22.247+0000] {logging_mixin.py:188} INFO - [2024-06-06T01:16:22.247+0000] {dag.py:3954} INFO - Setting next_dagrun for dataset_consumes_unknown_never_scheduled to None, run_after=None
[2024-06-06T01:16:22.250+0000] {logging_mixin.py:188} INFO - [2024-06-06T01:16:22.249+0000] {dag.py:3954} INFO - Setting next_dagrun for dataset_produces_1 to 2024-06-05 00:00:00+00:00, run_after=2024-06-06 00:00:00+00:00
[2024-06-06T01:16:22.251+0000] {logging_mixin.py:188} INFO - [2024-06-06T01:16:22.250+0000] {dag.py:3954} INFO - Setting next_dagrun for dataset_produces_2 to None, run_after=None
[2024-06-06T01:16:22.287+0000] {processor.py:183} INFO - Processing /home/ubuntu/endtoend_venv/lib/python3.12/site-packages/airflow/example_dags/example_datasets.py took 0.267 seconds
[2024-06-06T01:17:13.194+0000] {processor.py:161} INFO - Started process (PID=21134) to work on /home/ubuntu/endtoend_venv/lib/python3.12/site-packages/airflow/example_dags/example_datasets.py
[2024-06-06T01:17:13.196+0000] {processor.py:830} INFO - Processing file /home/ubuntu/endtoend_venv/lib/python3.12/site-packages/airflow/example_dags/example_datasets.py for tasks to queue
[2024-06-06T01:17:13.198+0000] {logging_mixin.py:188} INFO - [2024-06-06T01:17:13.197+0000] {dagbag.py:545} INFO - Filling up the DagBag from /home/ubuntu/endtoend_venv/lib/python3.12/site-packages/airflow/example_dags/example_datasets.py
[2024-06-06T01:17:13.212+0000] {processor.py:840} INFO - DAG(s) 'consume_1_and_2_with_dataset_expressions', 'dataset_consumes_1_and_2', 'conditional_dataset_and_time_based_timetable', 'dataset_consumes_1_never_scheduled', 'dataset_consumes_1', 'dataset_consumes_unknown_never_scheduled', 'dataset_produces_2', 'consume_1_or_both_2_and_3_with_dataset_expressions', 'dataset_produces_1', 'consume_1_or_2_with_dataset_expressions' retrieved from /home/ubuntu/endtoend_venv/lib/python3.12/site-packages/airflow/example_dags/example_datasets.py
[2024-06-06T01:17:13.251+0000] {logging_mixin.py:188} INFO - [2024-06-06T01:17:13.251+0000] {dag.py:3096} INFO - Sync 10 DAGs
[2024-06-06T01:17:13.276+0000] {logging_mixin.py:188} INFO - [2024-06-06T01:17:13.275+0000] {dag.py:3954} INFO - Setting next_dagrun for conditional_dataset_and_time_based_timetable to 2024-06-05 01:00:00+00:00, run_after=2024-06-05 01:00:00+00:00
[2024-06-06T01:17:13.279+0000] {logging_mixin.py:188} INFO - [2024-06-06T01:17:13.279+0000] {dag.py:3954} INFO - Setting next_dagrun for consume_1_and_2_with_dataset_expressions to None, run_after=None
[2024-06-06T01:17:13.280+0000] {logging_mixin.py:188} INFO - [2024-06-06T01:17:13.280+0000] {dag.py:3954} INFO - Setting next_dagrun for consume_1_or_2_with_dataset_expressions to None, run_after=None
[2024-06-06T01:17:13.281+0000] {logging_mixin.py:188} INFO - [2024-06-06T01:17:13.281+0000] {dag.py:3954} INFO - Setting next_dagrun for consume_1_or_both_2_and_3_with_dataset_expressions to None, run_after=None
[2024-06-06T01:17:13.282+0000] {logging_mixin.py:188} INFO - [2024-06-06T01:17:13.282+0000] {dag.py:3954} INFO - Setting next_dagrun for dataset_consumes_1 to None, run_after=None
[2024-06-06T01:17:13.283+0000] {logging_mixin.py:188} INFO - [2024-06-06T01:17:13.283+0000] {dag.py:3954} INFO - Setting next_dagrun for dataset_consumes_1_and_2 to None, run_after=None
[2024-06-06T01:17:13.284+0000] {logging_mixin.py:188} INFO - [2024-06-06T01:17:13.284+0000] {dag.py:3954} INFO - Setting next_dagrun for dataset_consumes_1_never_scheduled to None, run_after=None
[2024-06-06T01:17:13.285+0000] {logging_mixin.py:188} INFO - [2024-06-06T01:17:13.285+0000] {dag.py:3954} INFO - Setting next_dagrun for dataset_consumes_unknown_never_scheduled to None, run_after=None
[2024-06-06T01:17:13.287+0000] {logging_mixin.py:188} INFO - [2024-06-06T01:17:13.287+0000] {dag.py:3954} INFO - Setting next_dagrun for dataset_produces_1 to 2024-06-05 00:00:00+00:00, run_after=2024-06-06 00:00:00+00:00
[2024-06-06T01:17:13.288+0000] {logging_mixin.py:188} INFO - [2024-06-06T01:17:13.288+0000] {dag.py:3954} INFO - Setting next_dagrun for dataset_produces_2 to None, run_after=None
[2024-06-06T01:17:13.322+0000] {processor.py:183} INFO - Processing /home/ubuntu/endtoend_venv/lib/python3.12/site-packages/airflow/example_dags/example_datasets.py took 0.133 seconds
[2024-06-06T01:18:17.544+0000] {processor.py:161} INFO - Started process (PID=21199) to work on /home/ubuntu/endtoend_venv/lib/python3.12/site-packages/airflow/example_dags/example_datasets.py
[2024-06-06T01:18:17.545+0000] {processor.py:830} INFO - Processing file /home/ubuntu/endtoend_venv/lib/python3.12/site-packages/airflow/example_dags/example_datasets.py for tasks to queue
[2024-06-06T01:18:17.547+0000] {logging_mixin.py:188} INFO - [2024-06-06T01:18:17.547+0000] {dagbag.py:545} INFO - Filling up the DagBag from /home/ubuntu/endtoend_venv/lib/python3.12/site-packages/airflow/example_dags/example_datasets.py
[2024-06-06T01:18:17.561+0000] {processor.py:840} INFO - DAG(s) 'consume_1_and_2_with_dataset_expressions', 'dataset_consumes_1_and_2', 'dataset_consumes_1', 'conditional_dataset_and_time_based_timetable', 'dataset_consumes_unknown_never_scheduled', 'consume_1_or_2_with_dataset_expressions', 'consume_1_or_both_2_and_3_with_dataset_expressions', 'dataset_consumes_1_never_scheduled', 'dataset_produces_2', 'dataset_produces_1' retrieved from /home/ubuntu/endtoend_venv/lib/python3.12/site-packages/airflow/example_dags/example_datasets.py
[2024-06-06T01:18:17.600+0000] {logging_mixin.py:188} INFO - [2024-06-06T01:18:17.600+0000] {dag.py:3096} INFO - Sync 10 DAGs
[2024-06-06T01:18:17.625+0000] {logging_mixin.py:188} INFO - [2024-06-06T01:18:17.624+0000] {dag.py:3954} INFO - Setting next_dagrun for conditional_dataset_and_time_based_timetable to 2024-06-05 01:00:00+00:00, run_after=2024-06-05 01:00:00+00:00
[2024-06-06T01:18:17.628+0000] {logging_mixin.py:188} INFO - [2024-06-06T01:18:17.628+0000] {dag.py:3954} INFO - Setting next_dagrun for consume_1_and_2_with_dataset_expressions to None, run_after=None
[2024-06-06T01:18:17.629+0000] {logging_mixin.py:188} INFO - [2024-06-06T01:18:17.629+0000] {dag.py:3954} INFO - Setting next_dagrun for consume_1_or_2_with_dataset_expressions to None, run_after=None
[2024-06-06T01:18:17.630+0000] {logging_mixin.py:188} INFO - [2024-06-06T01:18:17.630+0000] {dag.py:3954} INFO - Setting next_dagrun for consume_1_or_both_2_and_3_with_dataset_expressions to None, run_after=None
[2024-06-06T01:18:17.631+0000] {logging_mixin.py:188} INFO - [2024-06-06T01:18:17.631+0000] {dag.py:3954} INFO - Setting next_dagrun for dataset_consumes_1 to None, run_after=None
[2024-06-06T01:18:17.632+0000] {logging_mixin.py:188} INFO - [2024-06-06T01:18:17.632+0000] {dag.py:3954} INFO - Setting next_dagrun for dataset_consumes_1_and_2 to None, run_after=None
[2024-06-06T01:18:17.633+0000] {logging_mixin.py:188} INFO - [2024-06-06T01:18:17.633+0000] {dag.py:3954} INFO - Setting next_dagrun for dataset_consumes_1_never_scheduled to None, run_after=None
[2024-06-06T01:18:17.634+0000] {logging_mixin.py:188} INFO - [2024-06-06T01:18:17.634+0000] {dag.py:3954} INFO - Setting next_dagrun for dataset_consumes_unknown_never_scheduled to None, run_after=None
[2024-06-06T01:18:17.636+0000] {logging_mixin.py:188} INFO - [2024-06-06T01:18:17.636+0000] {dag.py:3954} INFO - Setting next_dagrun for dataset_produces_1 to 2024-06-05 00:00:00+00:00, run_after=2024-06-06 00:00:00+00:00
[2024-06-06T01:18:17.637+0000] {logging_mixin.py:188} INFO - [2024-06-06T01:18:17.637+0000] {dag.py:3954} INFO - Setting next_dagrun for dataset_produces_2 to None, run_after=None
[2024-06-06T01:18:17.669+0000] {processor.py:183} INFO - Processing /home/ubuntu/endtoend_venv/lib/python3.12/site-packages/airflow/example_dags/example_datasets.py took 0.131 seconds
[2024-06-06T01:19:20.439+0000] {processor.py:161} INFO - Started process (PID=21289) to work on /home/ubuntu/endtoend_venv/lib/python3.12/site-packages/airflow/example_dags/example_datasets.py
[2024-06-06T01:19:20.440+0000] {processor.py:830} INFO - Processing file /home/ubuntu/endtoend_venv/lib/python3.12/site-packages/airflow/example_dags/example_datasets.py for tasks to queue
[2024-06-06T01:19:20.442+0000] {logging_mixin.py:188} INFO - [2024-06-06T01:19:20.441+0000] {dagbag.py:545} INFO - Filling up the DagBag from /home/ubuntu/endtoend_venv/lib/python3.12/site-packages/airflow/example_dags/example_datasets.py
[2024-06-06T01:19:20.455+0000] {processor.py:840} INFO - DAG(s) 'dataset_consumes_1_and_2', 'consume_1_or_both_2_and_3_with_dataset_expressions', 'dataset_produces_1', 'consume_1_and_2_with_dataset_expressions', 'dataset_produces_2', 'conditional_dataset_and_time_based_timetable', 'dataset_consumes_unknown_never_scheduled', 'consume_1_or_2_with_dataset_expressions', 'dataset_consumes_1', 'dataset_consumes_1_never_scheduled' retrieved from /home/ubuntu/endtoend_venv/lib/python3.12/site-packages/airflow/example_dags/example_datasets.py
[2024-06-06T01:19:20.495+0000] {logging_mixin.py:188} INFO - [2024-06-06T01:19:20.495+0000] {dag.py:3096} INFO - Sync 10 DAGs
[2024-06-06T01:19:20.520+0000] {logging_mixin.py:188} INFO - [2024-06-06T01:19:20.519+0000] {dag.py:3954} INFO - Setting next_dagrun for conditional_dataset_and_time_based_timetable to 2024-06-05 01:00:00+00:00, run_after=2024-06-05 01:00:00+00:00
[2024-06-06T01:19:20.523+0000] {logging_mixin.py:188} INFO - [2024-06-06T01:19:20.523+0000] {dag.py:3954} INFO - Setting next_dagrun for consume_1_and_2_with_dataset_expressions to None, run_after=None
[2024-06-06T01:19:20.524+0000] {logging_mixin.py:188} INFO - [2024-06-06T01:19:20.524+0000] {dag.py:3954} INFO - Setting next_dagrun for consume_1_or_2_with_dataset_expressions to None, run_after=None
[2024-06-06T01:19:20.525+0000] {logging_mixin.py:188} INFO - [2024-06-06T01:19:20.525+0000] {dag.py:3954} INFO - Setting next_dagrun for consume_1_or_both_2_and_3_with_dataset_expressions to None, run_after=None
[2024-06-06T01:19:20.526+0000] {logging_mixin.py:188} INFO - [2024-06-06T01:19:20.526+0000] {dag.py:3954} INFO - Setting next_dagrun for dataset_consumes_1 to None, run_after=None
[2024-06-06T01:19:20.527+0000] {logging_mixin.py:188} INFO - [2024-06-06T01:19:20.527+0000] {dag.py:3954} INFO - Setting next_dagrun for dataset_consumes_1_and_2 to None, run_after=None
[2024-06-06T01:19:20.528+0000] {logging_mixin.py:188} INFO - [2024-06-06T01:19:20.528+0000] {dag.py:3954} INFO - Setting next_dagrun for dataset_consumes_1_never_scheduled to None, run_after=None
[2024-06-06T01:19:20.529+0000] {logging_mixin.py:188} INFO - [2024-06-06T01:19:20.529+0000] {dag.py:3954} INFO - Setting next_dagrun for dataset_consumes_unknown_never_scheduled to None, run_after=None
[2024-06-06T01:19:20.531+0000] {logging_mixin.py:188} INFO - [2024-06-06T01:19:20.531+0000] {dag.py:3954} INFO - Setting next_dagrun for dataset_produces_1 to 2024-06-05 00:00:00+00:00, run_after=2024-06-06 00:00:00+00:00
[2024-06-06T01:19:20.532+0000] {logging_mixin.py:188} INFO - [2024-06-06T01:19:20.532+0000] {dag.py:3954} INFO - Setting next_dagrun for dataset_produces_2 to None, run_after=None
[2024-06-06T01:19:20.565+0000] {processor.py:183} INFO - Processing /home/ubuntu/endtoend_venv/lib/python3.12/site-packages/airflow/example_dags/example_datasets.py took 0.132 seconds
[2024-06-06T01:20:24.595+0000] {processor.py:161} INFO - Started process (PID=21405) to work on /home/ubuntu/endtoend_venv/lib/python3.12/site-packages/airflow/example_dags/example_datasets.py
[2024-06-06T01:20:24.597+0000] {processor.py:830} INFO - Processing file /home/ubuntu/endtoend_venv/lib/python3.12/site-packages/airflow/example_dags/example_datasets.py for tasks to queue
[2024-06-06T01:20:24.599+0000] {logging_mixin.py:188} INFO - [2024-06-06T01:20:24.598+0000] {dagbag.py:545} INFO - Filling up the DagBag from /home/ubuntu/endtoend_venv/lib/python3.12/site-packages/airflow/example_dags/example_datasets.py
[2024-06-06T01:20:24.613+0000] {processor.py:840} INFO - DAG(s) 'consume_1_and_2_with_dataset_expressions', 'dataset_consumes_1_never_scheduled', 'conditional_dataset_and_time_based_timetable', 'dataset_consumes_1', 'consume_1_or_2_with_dataset_expressions', 'dataset_consumes_1_and_2', 'dataset_produces_2', 'dataset_produces_1', 'dataset_consumes_unknown_never_scheduled', 'consume_1_or_both_2_and_3_with_dataset_expressions' retrieved from /home/ubuntu/endtoend_venv/lib/python3.12/site-packages/airflow/example_dags/example_datasets.py
[2024-06-06T01:20:24.653+0000] {logging_mixin.py:188} INFO - [2024-06-06T01:20:24.653+0000] {dag.py:3096} INFO - Sync 10 DAGs
[2024-06-06T01:20:24.678+0000] {logging_mixin.py:188} INFO - [2024-06-06T01:20:24.678+0000] {dag.py:3954} INFO - Setting next_dagrun for conditional_dataset_and_time_based_timetable to 2024-06-05 01:00:00+00:00, run_after=2024-06-05 01:00:00+00:00
[2024-06-06T01:20:24.682+0000] {logging_mixin.py:188} INFO - [2024-06-06T01:20:24.681+0000] {dag.py:3954} INFO - Setting next_dagrun for consume_1_and_2_with_dataset_expressions to None, run_after=None
[2024-06-06T01:20:24.683+0000] {logging_mixin.py:188} INFO - [2024-06-06T01:20:24.683+0000] {dag.py:3954} INFO - Setting next_dagrun for consume_1_or_2_with_dataset_expressions to None, run_after=None
[2024-06-06T01:20:24.684+0000] {logging_mixin.py:188} INFO - [2024-06-06T01:20:24.683+0000] {dag.py:3954} INFO - Setting next_dagrun for consume_1_or_both_2_and_3_with_dataset_expressions to None, run_after=None
[2024-06-06T01:20:24.685+0000] {logging_mixin.py:188} INFO - [2024-06-06T01:20:24.685+0000] {dag.py:3954} INFO - Setting next_dagrun for dataset_consumes_1 to None, run_after=None
[2024-06-06T01:20:24.686+0000] {logging_mixin.py:188} INFO - [2024-06-06T01:20:24.686+0000] {dag.py:3954} INFO - Setting next_dagrun for dataset_consumes_1_and_2 to None, run_after=None
[2024-06-06T01:20:24.687+0000] {logging_mixin.py:188} INFO - [2024-06-06T01:20:24.687+0000] {dag.py:3954} INFO - Setting next_dagrun for dataset_consumes_1_never_scheduled to None, run_after=None
[2024-06-06T01:20:24.688+0000] {logging_mixin.py:188} INFO - [2024-06-06T01:20:24.687+0000] {dag.py:3954} INFO - Setting next_dagrun for dataset_consumes_unknown_never_scheduled to None, run_after=None
[2024-06-06T01:20:24.690+0000] {logging_mixin.py:188} INFO - [2024-06-06T01:20:24.690+0000] {dag.py:3954} INFO - Setting next_dagrun for dataset_produces_1 to 2024-06-05 00:00:00+00:00, run_after=2024-06-06 00:00:00+00:00
[2024-06-06T01:20:24.691+0000] {logging_mixin.py:188} INFO - [2024-06-06T01:20:24.691+0000] {dag.py:3954} INFO - Setting next_dagrun for dataset_produces_2 to None, run_after=None
[2024-06-06T01:20:24.724+0000] {processor.py:183} INFO - Processing /home/ubuntu/endtoend_venv/lib/python3.12/site-packages/airflow/example_dags/example_datasets.py took 0.135 seconds
