[2024-06-06T01:16:01.791+0000] {processor.py:161} INFO - Started process (PID=21059) to work on /home/ubuntu/endtoend_venv/lib/python3.12/site-packages/airflow/example_dags/example_task_group.py
[2024-06-06T01:16:01.792+0000] {processor.py:830} INFO - Processing file /home/ubuntu/endtoend_venv/lib/python3.12/site-packages/airflow/example_dags/example_task_group.py for tasks to queue
[2024-06-06T01:16:01.794+0000] {logging_mixin.py:188} INFO - [2024-06-06T01:16:01.793+0000] {dagbag.py:545} INFO - Filling up the DagBag from /home/ubuntu/endtoend_venv/lib/python3.12/site-packages/airflow/example_dags/example_task_group.py
[2024-06-06T01:16:01.804+0000] {processor.py:840} INFO - DAG(s) 'example_task_group' retrieved from /home/ubuntu/endtoend_venv/lib/python3.12/site-packages/airflow/example_dags/example_task_group.py
[2024-06-06T01:16:01.813+0000] {logging_mixin.py:188} INFO - [2024-06-06T01:16:01.812+0000] {dag.py:3096} INFO - Sync 1 DAGs
[2024-06-06T01:16:01.834+0000] {logging_mixin.py:188} INFO - [2024-06-06T01:16:01.834+0000] {dag.py:3954} INFO - Setting next_dagrun for example_task_group to 2024-06-05 00:00:00+00:00, run_after=2024-06-06 00:00:00+00:00
[2024-06-06T01:16:01.858+0000] {processor.py:183} INFO - Processing /home/ubuntu/endtoend_venv/lib/python3.12/site-packages/airflow/example_dags/example_task_group.py took 0.073 seconds
[2024-06-06T01:16:52.842+0000] {processor.py:161} INFO - Started process (PID=21110) to work on /home/ubuntu/endtoend_venv/lib/python3.12/site-packages/airflow/example_dags/example_task_group.py
[2024-06-06T01:16:52.844+0000] {processor.py:830} INFO - Processing file /home/ubuntu/endtoend_venv/lib/python3.12/site-packages/airflow/example_dags/example_task_group.py for tasks to queue
[2024-06-06T01:16:52.846+0000] {logging_mixin.py:188} INFO - [2024-06-06T01:16:52.845+0000] {dagbag.py:545} INFO - Filling up the DagBag from /home/ubuntu/endtoend_venv/lib/python3.12/site-packages/airflow/example_dags/example_task_group.py
[2024-06-06T01:16:52.854+0000] {processor.py:840} INFO - DAG(s) 'example_task_group' retrieved from /home/ubuntu/endtoend_venv/lib/python3.12/site-packages/airflow/example_dags/example_task_group.py
[2024-06-06T01:16:52.961+0000] {logging_mixin.py:188} INFO - [2024-06-06T01:16:52.960+0000] {dag.py:3096} INFO - Sync 1 DAGs
[2024-06-06T01:16:52.978+0000] {logging_mixin.py:188} INFO - [2024-06-06T01:16:52.978+0000] {dag.py:3954} INFO - Setting next_dagrun for example_task_group to 2024-06-05 00:00:00+00:00, run_after=2024-06-06 00:00:00+00:00
[2024-06-06T01:16:53.000+0000] {processor.py:183} INFO - Processing /home/ubuntu/endtoend_venv/lib/python3.12/site-packages/airflow/example_dags/example_task_group.py took 0.164 seconds
[2024-06-06T01:17:43.708+0000] {processor.py:161} INFO - Started process (PID=21165) to work on /home/ubuntu/endtoend_venv/lib/python3.12/site-packages/airflow/example_dags/example_task_group.py
[2024-06-06T01:17:43.709+0000] {processor.py:830} INFO - Processing file /home/ubuntu/endtoend_venv/lib/python3.12/site-packages/airflow/example_dags/example_task_group.py for tasks to queue
[2024-06-06T01:17:43.711+0000] {logging_mixin.py:188} INFO - [2024-06-06T01:17:43.711+0000] {dagbag.py:545} INFO - Filling up the DagBag from /home/ubuntu/endtoend_venv/lib/python3.12/site-packages/airflow/example_dags/example_task_group.py
[2024-06-06T01:17:43.719+0000] {processor.py:840} INFO - DAG(s) 'example_task_group' retrieved from /home/ubuntu/endtoend_venv/lib/python3.12/site-packages/airflow/example_dags/example_task_group.py
[2024-06-06T01:17:43.737+0000] {logging_mixin.py:188} INFO - [2024-06-06T01:17:43.737+0000] {dag.py:3096} INFO - Sync 1 DAGs
[2024-06-06T01:17:43.758+0000] {logging_mixin.py:188} INFO - [2024-06-06T01:17:43.757+0000] {dag.py:3954} INFO - Setting next_dagrun for example_task_group to 2024-06-05 00:00:00+00:00, run_after=2024-06-06 00:00:00+00:00
[2024-06-06T01:17:43.782+0000] {processor.py:183} INFO - Processing /home/ubuntu/endtoend_venv/lib/python3.12/site-packages/airflow/example_dags/example_task_group.py took 0.080 seconds
[2024-06-06T01:18:28.448+0000] {processor.py:161} INFO - Started process (PID=21222) to work on /home/ubuntu/endtoend_venv/lib/python3.12/site-packages/airflow/example_dags/example_task_group.py
[2024-06-06T01:18:28.450+0000] {processor.py:830} INFO - Processing file /home/ubuntu/endtoend_venv/lib/python3.12/site-packages/airflow/example_dags/example_task_group.py for tasks to queue
[2024-06-06T01:18:28.452+0000] {logging_mixin.py:188} INFO - [2024-06-06T01:18:28.451+0000] {dagbag.py:545} INFO - Filling up the DagBag from /home/ubuntu/endtoend_venv/lib/python3.12/site-packages/airflow/example_dags/example_task_group.py
[2024-06-06T01:18:28.460+0000] {processor.py:840} INFO - DAG(s) 'example_task_group' retrieved from /home/ubuntu/endtoend_venv/lib/python3.12/site-packages/airflow/example_dags/example_task_group.py
[2024-06-06T01:18:28.478+0000] {logging_mixin.py:188} INFO - [2024-06-06T01:18:28.477+0000] {dag.py:3096} INFO - Sync 1 DAGs
[2024-06-06T01:18:28.498+0000] {logging_mixin.py:188} INFO - [2024-06-06T01:18:28.498+0000] {dag.py:3954} INFO - Setting next_dagrun for example_task_group to 2024-06-05 00:00:00+00:00, run_after=2024-06-06 00:00:00+00:00
[2024-06-06T01:18:28.521+0000] {processor.py:183} INFO - Processing /home/ubuntu/endtoend_venv/lib/python3.12/site-packages/airflow/example_dags/example_task_group.py took 0.079 seconds
[2024-06-06T01:19:11.279+0000] {processor.py:161} INFO - Started process (PID=21280) to work on /home/ubuntu/endtoend_venv/lib/python3.12/site-packages/airflow/example_dags/example_task_group.py
[2024-06-06T01:19:11.281+0000] {processor.py:830} INFO - Processing file /home/ubuntu/endtoend_venv/lib/python3.12/site-packages/airflow/example_dags/example_task_group.py for tasks to queue
[2024-06-06T01:19:11.283+0000] {logging_mixin.py:188} INFO - [2024-06-06T01:19:11.282+0000] {dagbag.py:545} INFO - Filling up the DagBag from /home/ubuntu/endtoend_venv/lib/python3.12/site-packages/airflow/example_dags/example_task_group.py
[2024-06-06T01:19:11.291+0000] {processor.py:840} INFO - DAG(s) 'example_task_group' retrieved from /home/ubuntu/endtoend_venv/lib/python3.12/site-packages/airflow/example_dags/example_task_group.py
[2024-06-06T01:19:11.310+0000] {logging_mixin.py:188} INFO - [2024-06-06T01:19:11.309+0000] {dag.py:3096} INFO - Sync 1 DAGs
[2024-06-06T01:19:11.330+0000] {logging_mixin.py:188} INFO - [2024-06-06T01:19:11.330+0000] {dag.py:3954} INFO - Setting next_dagrun for example_task_group to 2024-06-05 00:00:00+00:00, run_after=2024-06-06 00:00:00+00:00
[2024-06-06T01:19:11.358+0000] {processor.py:183} INFO - Processing /home/ubuntu/endtoend_venv/lib/python3.12/site-packages/airflow/example_dags/example_task_group.py took 0.085 seconds
[2024-06-06T01:19:53.803+0000] {processor.py:161} INFO - Started process (PID=21354) to work on /home/ubuntu/endtoend_venv/lib/python3.12/site-packages/airflow/example_dags/example_task_group.py
[2024-06-06T01:19:53.805+0000] {processor.py:830} INFO - Processing file /home/ubuntu/endtoend_venv/lib/python3.12/site-packages/airflow/example_dags/example_task_group.py for tasks to queue
[2024-06-06T01:19:53.806+0000] {logging_mixin.py:188} INFO - [2024-06-06T01:19:53.806+0000] {dagbag.py:545} INFO - Filling up the DagBag from /home/ubuntu/endtoend_venv/lib/python3.12/site-packages/airflow/example_dags/example_task_group.py
[2024-06-06T01:19:53.814+0000] {processor.py:840} INFO - DAG(s) 'example_task_group' retrieved from /home/ubuntu/endtoend_venv/lib/python3.12/site-packages/airflow/example_dags/example_task_group.py
[2024-06-06T01:19:53.833+0000] {logging_mixin.py:188} INFO - [2024-06-06T01:19:53.833+0000] {dag.py:3096} INFO - Sync 1 DAGs
[2024-06-06T01:19:53.854+0000] {logging_mixin.py:188} INFO - [2024-06-06T01:19:53.853+0000] {dag.py:3954} INFO - Setting next_dagrun for example_task_group to 2024-06-05 00:00:00+00:00, run_after=2024-06-06 00:00:00+00:00
[2024-06-06T01:19:53.876+0000] {processor.py:183} INFO - Processing /home/ubuntu/endtoend_venv/lib/python3.12/site-packages/airflow/example_dags/example_task_group.py took 0.079 seconds
[2024-06-06T01:20:35.657+0000] {processor.py:161} INFO - Started process (PID=21417) to work on /home/ubuntu/endtoend_venv/lib/python3.12/site-packages/airflow/example_dags/example_task_group.py
[2024-06-06T01:20:35.659+0000] {processor.py:830} INFO - Processing file /home/ubuntu/endtoend_venv/lib/python3.12/site-packages/airflow/example_dags/example_task_group.py for tasks to queue
[2024-06-06T01:20:35.661+0000] {logging_mixin.py:188} INFO - [2024-06-06T01:20:35.660+0000] {dagbag.py:545} INFO - Filling up the DagBag from /home/ubuntu/endtoend_venv/lib/python3.12/site-packages/airflow/example_dags/example_task_group.py
[2024-06-06T01:20:35.669+0000] {processor.py:840} INFO - DAG(s) 'example_task_group' retrieved from /home/ubuntu/endtoend_venv/lib/python3.12/site-packages/airflow/example_dags/example_task_group.py
[2024-06-06T01:20:35.687+0000] {logging_mixin.py:188} INFO - [2024-06-06T01:20:35.687+0000] {dag.py:3096} INFO - Sync 1 DAGs
[2024-06-06T01:20:35.709+0000] {logging_mixin.py:188} INFO - [2024-06-06T01:20:35.709+0000] {dag.py:3954} INFO - Setting next_dagrun for example_task_group to 2024-06-05 00:00:00+00:00, run_after=2024-06-06 00:00:00+00:00
[2024-06-06T01:20:35.733+0000] {processor.py:183} INFO - Processing /home/ubuntu/endtoend_venv/lib/python3.12/site-packages/airflow/example_dags/example_task_group.py took 0.082 seconds
