[2024-06-06T01:16:12.237+0000] {processor.py:161} INFO - Started process (PID=21070) to work on /home/ubuntu/endtoend_venv/lib/python3.12/site-packages/airflow/example_dags/example_nested_branch_dag.py
[2024-06-06T01:16:12.238+0000] {processor.py:830} INFO - Processing file /home/ubuntu/endtoend_venv/lib/python3.12/site-packages/airflow/example_dags/example_nested_branch_dag.py for tasks to queue
[2024-06-06T01:16:12.239+0000] {logging_mixin.py:188} INFO - [2024-06-06T01:16:12.239+0000] {dagbag.py:545} INFO - Filling up the DagBag from /home/ubuntu/endtoend_venv/lib/python3.12/site-packages/airflow/example_dags/example_nested_branch_dag.py
[2024-06-06T01:16:12.251+0000] {processor.py:840} INFO - DAG(s) 'example_nested_branch_dag' retrieved from /home/ubuntu/endtoend_venv/lib/python3.12/site-packages/airflow/example_dags/example_nested_branch_dag.py
[2024-06-06T01:16:12.357+0000] {logging_mixin.py:188} INFO - [2024-06-06T01:16:12.357+0000] {dag.py:3096} INFO - Sync 1 DAGs
[2024-06-06T01:16:12.376+0000] {logging_mixin.py:188} INFO - [2024-06-06T01:16:12.375+0000] {dag.py:3954} INFO - Setting next_dagrun for example_nested_branch_dag to 2024-06-05 00:00:00+00:00, run_after=2024-06-06 00:00:00+00:00
[2024-06-06T01:16:12.399+0000] {processor.py:183} INFO - Processing /home/ubuntu/endtoend_venv/lib/python3.12/site-packages/airflow/example_dags/example_nested_branch_dag.py took 0.168 seconds
[2024-06-06T01:17:04.575+0000] {processor.py:161} INFO - Started process (PID=21124) to work on /home/ubuntu/endtoend_venv/lib/python3.12/site-packages/airflow/example_dags/example_nested_branch_dag.py
[2024-06-06T01:17:04.576+0000] {processor.py:830} INFO - Processing file /home/ubuntu/endtoend_venv/lib/python3.12/site-packages/airflow/example_dags/example_nested_branch_dag.py for tasks to queue
[2024-06-06T01:17:04.578+0000] {logging_mixin.py:188} INFO - [2024-06-06T01:17:04.577+0000] {dagbag.py:545} INFO - Filling up the DagBag from /home/ubuntu/endtoend_venv/lib/python3.12/site-packages/airflow/example_dags/example_nested_branch_dag.py
[2024-06-06T01:17:04.590+0000] {processor.py:840} INFO - DAG(s) 'example_nested_branch_dag' retrieved from /home/ubuntu/endtoend_venv/lib/python3.12/site-packages/airflow/example_dags/example_nested_branch_dag.py
[2024-06-06T01:17:04.608+0000] {logging_mixin.py:188} INFO - [2024-06-06T01:17:04.608+0000] {dag.py:3096} INFO - Sync 1 DAGs
[2024-06-06T01:17:04.630+0000] {logging_mixin.py:188} INFO - [2024-06-06T01:17:04.630+0000] {dag.py:3954} INFO - Setting next_dagrun for example_nested_branch_dag to 2024-06-05 00:00:00+00:00, run_after=2024-06-06 00:00:00+00:00
[2024-06-06T01:17:04.654+0000] {processor.py:183} INFO - Processing /home/ubuntu/endtoend_venv/lib/python3.12/site-packages/airflow/example_dags/example_nested_branch_dag.py took 0.085 seconds
[2024-06-06T01:17:54.984+0000] {processor.py:161} INFO - Started process (PID=21176) to work on /home/ubuntu/endtoend_venv/lib/python3.12/site-packages/airflow/example_dags/example_nested_branch_dag.py
[2024-06-06T01:17:54.986+0000] {processor.py:830} INFO - Processing file /home/ubuntu/endtoend_venv/lib/python3.12/site-packages/airflow/example_dags/example_nested_branch_dag.py for tasks to queue
[2024-06-06T01:17:54.988+0000] {logging_mixin.py:188} INFO - [2024-06-06T01:17:54.987+0000] {dagbag.py:545} INFO - Filling up the DagBag from /home/ubuntu/endtoend_venv/lib/python3.12/site-packages/airflow/example_dags/example_nested_branch_dag.py
[2024-06-06T01:17:54.999+0000] {processor.py:840} INFO - DAG(s) 'example_nested_branch_dag' retrieved from /home/ubuntu/endtoend_venv/lib/python3.12/site-packages/airflow/example_dags/example_nested_branch_dag.py
[2024-06-06T01:17:55.017+0000] {logging_mixin.py:188} INFO - [2024-06-06T01:17:55.017+0000] {dag.py:3096} INFO - Sync 1 DAGs
[2024-06-06T01:17:55.039+0000] {logging_mixin.py:188} INFO - [2024-06-06T01:17:55.039+0000] {dag.py:3954} INFO - Setting next_dagrun for example_nested_branch_dag to 2024-06-05 00:00:00+00:00, run_after=2024-06-06 00:00:00+00:00
[2024-06-06T01:17:55.062+0000] {processor.py:183} INFO - Processing /home/ubuntu/endtoend_venv/lib/python3.12/site-packages/airflow/example_dags/example_nested_branch_dag.py took 0.083 seconds
[2024-06-06T01:18:58.612+0000] {processor.py:161} INFO - Started process (PID=21268) to work on /home/ubuntu/endtoend_venv/lib/python3.12/site-packages/airflow/example_dags/example_nested_branch_dag.py
[2024-06-06T01:18:58.614+0000] {processor.py:830} INFO - Processing file /home/ubuntu/endtoend_venv/lib/python3.12/site-packages/airflow/example_dags/example_nested_branch_dag.py for tasks to queue
[2024-06-06T01:18:58.616+0000] {logging_mixin.py:188} INFO - [2024-06-06T01:18:58.615+0000] {dagbag.py:545} INFO - Filling up the DagBag from /home/ubuntu/endtoend_venv/lib/python3.12/site-packages/airflow/example_dags/example_nested_branch_dag.py
[2024-06-06T01:18:58.627+0000] {processor.py:840} INFO - DAG(s) 'example_nested_branch_dag' retrieved from /home/ubuntu/endtoend_venv/lib/python3.12/site-packages/airflow/example_dags/example_nested_branch_dag.py
[2024-06-06T01:18:58.645+0000] {logging_mixin.py:188} INFO - [2024-06-06T01:18:58.645+0000] {dag.py:3096} INFO - Sync 1 DAGs
[2024-06-06T01:18:58.666+0000] {logging_mixin.py:188} INFO - [2024-06-06T01:18:58.666+0000] {dag.py:3954} INFO - Setting next_dagrun for example_nested_branch_dag to 2024-06-05 00:00:00+00:00, run_after=2024-06-06 00:00:00+00:00
[2024-06-06T01:18:58.691+0000] {processor.py:183} INFO - Processing /home/ubuntu/endtoend_venv/lib/python3.12/site-packages/airflow/example_dags/example_nested_branch_dag.py took 0.085 seconds
[2024-06-06T01:20:01.852+0000] {processor.py:161} INFO - Started process (PID=21380) to work on /home/ubuntu/endtoend_venv/lib/python3.12/site-packages/airflow/example_dags/example_nested_branch_dag.py
[2024-06-06T01:20:01.854+0000] {processor.py:830} INFO - Processing file /home/ubuntu/endtoend_venv/lib/python3.12/site-packages/airflow/example_dags/example_nested_branch_dag.py for tasks to queue
[2024-06-06T01:20:01.856+0000] {logging_mixin.py:188} INFO - [2024-06-06T01:20:01.855+0000] {dagbag.py:545} INFO - Filling up the DagBag from /home/ubuntu/endtoend_venv/lib/python3.12/site-packages/airflow/example_dags/example_nested_branch_dag.py
[2024-06-06T01:20:01.868+0000] {processor.py:840} INFO - DAG(s) 'example_nested_branch_dag' retrieved from /home/ubuntu/endtoend_venv/lib/python3.12/site-packages/airflow/example_dags/example_nested_branch_dag.py
[2024-06-06T01:20:01.894+0000] {logging_mixin.py:188} INFO - [2024-06-06T01:20:01.894+0000] {dag.py:3096} INFO - Sync 1 DAGs
[2024-06-06T01:20:01.919+0000] {logging_mixin.py:188} INFO - [2024-06-06T01:20:01.919+0000] {dag.py:3954} INFO - Setting next_dagrun for example_nested_branch_dag to 2024-06-05 00:00:00+00:00, run_after=2024-06-06 00:00:00+00:00
[2024-06-06T01:20:01.947+0000] {processor.py:183} INFO - Processing /home/ubuntu/endtoend_venv/lib/python3.12/site-packages/airflow/example_dags/example_nested_branch_dag.py took 0.105 seconds
