[2024-06-06T01:16:32.365+0000] {processor.py:161} INFO - Started process (PID=21089) to work on /home/ubuntu/endtoend_venv/lib/python3.12/site-packages/airflow/example_dags/example_bash_operator.py
[2024-06-06T01:16:32.366+0000] {processor.py:830} INFO - Processing file /home/ubuntu/endtoend_venv/lib/python3.12/site-packages/airflow/example_dags/example_bash_operator.py for tasks to queue
[2024-06-06T01:16:32.368+0000] {logging_mixin.py:188} INFO - [2024-06-06T01:16:32.367+0000] {dagbag.py:545} INFO - Filling up the DagBag from /home/ubuntu/endtoend_venv/lib/python3.12/site-packages/airflow/example_dags/example_bash_operator.py
[2024-06-06T01:16:32.380+0000] {processor.py:840} INFO - DAG(s) 'example_bash_operator' retrieved from /home/ubuntu/endtoend_venv/lib/python3.12/site-packages/airflow/example_dags/example_bash_operator.py
[2024-06-06T01:16:32.491+0000] {logging_mixin.py:188} INFO - [2024-06-06T01:16:32.491+0000] {dag.py:3096} INFO - Sync 1 DAGs
[2024-06-06T01:16:32.511+0000] {logging_mixin.py:188} INFO - [2024-06-06T01:16:32.511+0000] {dag.py:3954} INFO - Setting next_dagrun for example_bash_operator to 2024-06-05 00:00:00+00:00, run_after=2024-06-06 00:00:00+00:00
[2024-06-06T01:16:32.534+0000] {processor.py:183} INFO - Processing /home/ubuntu/endtoend_venv/lib/python3.12/site-packages/airflow/example_dags/example_bash_operator.py took 0.175 seconds
[2024-06-06T01:17:37.598+0000] {processor.py:161} INFO - Started process (PID=21158) to work on /home/ubuntu/endtoend_venv/lib/python3.12/site-packages/airflow/example_dags/example_bash_operator.py
[2024-06-06T01:17:37.600+0000] {processor.py:830} INFO - Processing file /home/ubuntu/endtoend_venv/lib/python3.12/site-packages/airflow/example_dags/example_bash_operator.py for tasks to queue
[2024-06-06T01:17:37.602+0000] {logging_mixin.py:188} INFO - [2024-06-06T01:17:37.601+0000] {dagbag.py:545} INFO - Filling up the DagBag from /home/ubuntu/endtoend_venv/lib/python3.12/site-packages/airflow/example_dags/example_bash_operator.py
[2024-06-06T01:17:37.614+0000] {processor.py:840} INFO - DAG(s) 'example_bash_operator' retrieved from /home/ubuntu/endtoend_venv/lib/python3.12/site-packages/airflow/example_dags/example_bash_operator.py
[2024-06-06T01:17:37.638+0000] {logging_mixin.py:188} INFO - [2024-06-06T01:17:37.638+0000] {dag.py:3096} INFO - Sync 1 DAGs
[2024-06-06T01:17:37.660+0000] {logging_mixin.py:188} INFO - [2024-06-06T01:17:37.660+0000] {dag.py:3954} INFO - Setting next_dagrun for example_bash_operator to 2024-06-05 00:00:00+00:00, run_after=2024-06-06 00:00:00+00:00
[2024-06-06T01:17:37.684+0000] {processor.py:183} INFO - Processing /home/ubuntu/endtoend_venv/lib/python3.12/site-packages/airflow/example_dags/example_bash_operator.py took 0.092 seconds
[2024-06-06T01:18:42.021+0000] {processor.py:161} INFO - Started process (PID=21250) to work on /home/ubuntu/endtoend_venv/lib/python3.12/site-packages/airflow/example_dags/example_bash_operator.py
[2024-06-06T01:18:42.023+0000] {processor.py:830} INFO - Processing file /home/ubuntu/endtoend_venv/lib/python3.12/site-packages/airflow/example_dags/example_bash_operator.py for tasks to queue
[2024-06-06T01:18:42.025+0000] {logging_mixin.py:188} INFO - [2024-06-06T01:18:42.024+0000] {dagbag.py:545} INFO - Filling up the DagBag from /home/ubuntu/endtoend_venv/lib/python3.12/site-packages/airflow/example_dags/example_bash_operator.py
[2024-06-06T01:18:42.038+0000] {processor.py:840} INFO - DAG(s) 'example_bash_operator' retrieved from /home/ubuntu/endtoend_venv/lib/python3.12/site-packages/airflow/example_dags/example_bash_operator.py
[2024-06-06T01:18:42.063+0000] {logging_mixin.py:188} INFO - [2024-06-06T01:18:42.063+0000] {dag.py:3096} INFO - Sync 1 DAGs
[2024-06-06T01:18:42.086+0000] {logging_mixin.py:188} INFO - [2024-06-06T01:18:42.085+0000] {dag.py:3954} INFO - Setting next_dagrun for example_bash_operator to 2024-06-05 00:00:00+00:00, run_after=2024-06-06 00:00:00+00:00
[2024-06-06T01:18:42.110+0000] {processor.py:183} INFO - Processing /home/ubuntu/endtoend_venv/lib/python3.12/site-packages/airflow/example_dags/example_bash_operator.py took 0.095 seconds
[2024-06-06T01:19:44.031+0000] {processor.py:161} INFO - Started process (PID=21342) to work on /home/ubuntu/endtoend_venv/lib/python3.12/site-packages/airflow/example_dags/example_bash_operator.py
[2024-06-06T01:19:44.033+0000] {processor.py:830} INFO - Processing file /home/ubuntu/endtoend_venv/lib/python3.12/site-packages/airflow/example_dags/example_bash_operator.py for tasks to queue
[2024-06-06T01:19:44.034+0000] {logging_mixin.py:188} INFO - [2024-06-06T01:19:44.034+0000] {dagbag.py:545} INFO - Filling up the DagBag from /home/ubuntu/endtoend_venv/lib/python3.12/site-packages/airflow/example_dags/example_bash_operator.py
[2024-06-06T01:19:44.047+0000] {processor.py:840} INFO - DAG(s) 'example_bash_operator' retrieved from /home/ubuntu/endtoend_venv/lib/python3.12/site-packages/airflow/example_dags/example_bash_operator.py
[2024-06-06T01:19:44.072+0000] {logging_mixin.py:188} INFO - [2024-06-06T01:19:44.071+0000] {dag.py:3096} INFO - Sync 1 DAGs
[2024-06-06T01:19:44.093+0000] {logging_mixin.py:188} INFO - [2024-06-06T01:19:44.093+0000] {dag.py:3954} INFO - Setting next_dagrun for example_bash_operator to 2024-06-05 00:00:00+00:00, run_after=2024-06-06 00:00:00+00:00
[2024-06-06T01:19:44.116+0000] {processor.py:183} INFO - Processing /home/ubuntu/endtoend_venv/lib/python3.12/site-packages/airflow/example_dags/example_bash_operator.py took 0.091 seconds
[2024-06-06T01:20:47.102+0000] {processor.py:161} INFO - Started process (PID=21430) to work on /home/ubuntu/endtoend_venv/lib/python3.12/site-packages/airflow/example_dags/example_bash_operator.py
[2024-06-06T01:20:47.104+0000] {processor.py:830} INFO - Processing file /home/ubuntu/endtoend_venv/lib/python3.12/site-packages/airflow/example_dags/example_bash_operator.py for tasks to queue
[2024-06-06T01:20:47.106+0000] {logging_mixin.py:188} INFO - [2024-06-06T01:20:47.105+0000] {dagbag.py:545} INFO - Filling up the DagBag from /home/ubuntu/endtoend_venv/lib/python3.12/site-packages/airflow/example_dags/example_bash_operator.py
[2024-06-06T01:20:47.118+0000] {processor.py:840} INFO - DAG(s) 'example_bash_operator' retrieved from /home/ubuntu/endtoend_venv/lib/python3.12/site-packages/airflow/example_dags/example_bash_operator.py
[2024-06-06T01:20:47.144+0000] {logging_mixin.py:188} INFO - [2024-06-06T01:20:47.143+0000] {dag.py:3096} INFO - Sync 1 DAGs
[2024-06-06T01:20:47.166+0000] {logging_mixin.py:188} INFO - [2024-06-06T01:20:47.165+0000] {dag.py:3954} INFO - Setting next_dagrun for example_bash_operator to 2024-06-05 00:00:00+00:00, run_after=2024-06-06 00:00:00+00:00
[2024-06-06T01:20:47.189+0000] {processor.py:183} INFO - Processing /home/ubuntu/endtoend_venv/lib/python3.12/site-packages/airflow/example_dags/example_bash_operator.py took 0.093 seconds
