[2024-06-06T01:16:19.965+0000] {processor.py:161} INFO - Started process (PID=21077) to work on /home/ubuntu/endtoend_venv/lib/python3.12/site-packages/airflow/example_dags/example_dynamic_task_mapping.py
[2024-06-06T01:16:19.966+0000] {processor.py:830} INFO - Processing file /home/ubuntu/endtoend_venv/lib/python3.12/site-packages/airflow/example_dags/example_dynamic_task_mapping.py for tasks to queue
[2024-06-06T01:16:19.967+0000] {logging_mixin.py:188} INFO - [2024-06-06T01:16:19.967+0000] {dagbag.py:545} INFO - Filling up the DagBag from /home/ubuntu/endtoend_venv/lib/python3.12/site-packages/airflow/example_dags/example_dynamic_task_mapping.py
[2024-06-06T01:16:19.975+0000] {processor.py:840} INFO - DAG(s) 'example_dynamic_task_mapping' retrieved from /home/ubuntu/endtoend_venv/lib/python3.12/site-packages/airflow/example_dags/example_dynamic_task_mapping.py
[2024-06-06T01:16:20.077+0000] {logging_mixin.py:188} INFO - [2024-06-06T01:16:20.077+0000] {dag.py:3096} INFO - Sync 1 DAGs
[2024-06-06T01:16:20.095+0000] {logging_mixin.py:188} INFO - [2024-06-06T01:16:20.094+0000] {dag.py:3954} INFO - Setting next_dagrun for example_dynamic_task_mapping to 2022-03-04 00:00:00+00:00, run_after=2022-03-05 00:00:00+00:00
[2024-06-06T01:16:20.119+0000] {processor.py:183} INFO - Processing /home/ubuntu/endtoend_venv/lib/python3.12/site-packages/airflow/example_dags/example_dynamic_task_mapping.py took 0.160 seconds
[2024-06-06T01:17:12.003+0000] {processor.py:161} INFO - Started process (PID=21132) to work on /home/ubuntu/endtoend_venv/lib/python3.12/site-packages/airflow/example_dags/example_dynamic_task_mapping.py
[2024-06-06T01:17:12.004+0000] {processor.py:830} INFO - Processing file /home/ubuntu/endtoend_venv/lib/python3.12/site-packages/airflow/example_dags/example_dynamic_task_mapping.py for tasks to queue
[2024-06-06T01:17:12.006+0000] {logging_mixin.py:188} INFO - [2024-06-06T01:17:12.006+0000] {dagbag.py:545} INFO - Filling up the DagBag from /home/ubuntu/endtoend_venv/lib/python3.12/site-packages/airflow/example_dags/example_dynamic_task_mapping.py
[2024-06-06T01:17:12.014+0000] {processor.py:840} INFO - DAG(s) 'example_dynamic_task_mapping' retrieved from /home/ubuntu/endtoend_venv/lib/python3.12/site-packages/airflow/example_dags/example_dynamic_task_mapping.py
[2024-06-06T01:17:12.030+0000] {logging_mixin.py:188} INFO - [2024-06-06T01:17:12.030+0000] {dag.py:3096} INFO - Sync 1 DAGs
[2024-06-06T01:17:12.050+0000] {logging_mixin.py:188} INFO - [2024-06-06T01:17:12.050+0000] {dag.py:3954} INFO - Setting next_dagrun for example_dynamic_task_mapping to 2022-03-04 00:00:00+00:00, run_after=2022-03-05 00:00:00+00:00
[2024-06-06T01:17:12.073+0000] {processor.py:183} INFO - Processing /home/ubuntu/endtoend_venv/lib/python3.12/site-packages/airflow/example_dags/example_dynamic_task_mapping.py took 0.076 seconds
[2024-06-06T01:18:15.260+0000] {processor.py:161} INFO - Started process (PID=21197) to work on /home/ubuntu/endtoend_venv/lib/python3.12/site-packages/airflow/example_dags/example_dynamic_task_mapping.py
[2024-06-06T01:18:15.262+0000] {processor.py:830} INFO - Processing file /home/ubuntu/endtoend_venv/lib/python3.12/site-packages/airflow/example_dags/example_dynamic_task_mapping.py for tasks to queue
[2024-06-06T01:18:15.264+0000] {logging_mixin.py:188} INFO - [2024-06-06T01:18:15.263+0000] {dagbag.py:545} INFO - Filling up the DagBag from /home/ubuntu/endtoend_venv/lib/python3.12/site-packages/airflow/example_dags/example_dynamic_task_mapping.py
[2024-06-06T01:18:15.271+0000] {processor.py:840} INFO - DAG(s) 'example_dynamic_task_mapping' retrieved from /home/ubuntu/endtoend_venv/lib/python3.12/site-packages/airflow/example_dags/example_dynamic_task_mapping.py
[2024-06-06T01:18:15.288+0000] {logging_mixin.py:188} INFO - [2024-06-06T01:18:15.288+0000] {dag.py:3096} INFO - Sync 1 DAGs
[2024-06-06T01:18:15.308+0000] {logging_mixin.py:188} INFO - [2024-06-06T01:18:15.308+0000] {dag.py:3954} INFO - Setting next_dagrun for example_dynamic_task_mapping to 2022-03-04 00:00:00+00:00, run_after=2022-03-05 00:00:00+00:00
[2024-06-06T01:18:15.330+0000] {processor.py:183} INFO - Processing /home/ubuntu/endtoend_venv/lib/python3.12/site-packages/airflow/example_dags/example_dynamic_task_mapping.py took 0.076 seconds
[2024-06-06T01:19:18.153+0000] {processor.py:161} INFO - Started process (PID=21287) to work on /home/ubuntu/endtoend_venv/lib/python3.12/site-packages/airflow/example_dags/example_dynamic_task_mapping.py
[2024-06-06T01:19:18.155+0000] {processor.py:830} INFO - Processing file /home/ubuntu/endtoend_venv/lib/python3.12/site-packages/airflow/example_dags/example_dynamic_task_mapping.py for tasks to queue
[2024-06-06T01:19:18.157+0000] {logging_mixin.py:188} INFO - [2024-06-06T01:19:18.156+0000] {dagbag.py:545} INFO - Filling up the DagBag from /home/ubuntu/endtoend_venv/lib/python3.12/site-packages/airflow/example_dags/example_dynamic_task_mapping.py
[2024-06-06T01:19:18.164+0000] {processor.py:840} INFO - DAG(s) 'example_dynamic_task_mapping' retrieved from /home/ubuntu/endtoend_venv/lib/python3.12/site-packages/airflow/example_dags/example_dynamic_task_mapping.py
[2024-06-06T01:19:18.181+0000] {logging_mixin.py:188} INFO - [2024-06-06T01:19:18.180+0000] {dag.py:3096} INFO - Sync 1 DAGs
[2024-06-06T01:19:18.202+0000] {logging_mixin.py:188} INFO - [2024-06-06T01:19:18.202+0000] {dag.py:3954} INFO - Setting next_dagrun for example_dynamic_task_mapping to 2022-03-04 00:00:00+00:00, run_after=2022-03-05 00:00:00+00:00
[2024-06-06T01:19:18.225+0000] {processor.py:183} INFO - Processing /home/ubuntu/endtoend_venv/lib/python3.12/site-packages/airflow/example_dags/example_dynamic_task_mapping.py took 0.077 seconds
[2024-06-06T01:20:22.319+0000] {processor.py:161} INFO - Started process (PID=21403) to work on /home/ubuntu/endtoend_venv/lib/python3.12/site-packages/airflow/example_dags/example_dynamic_task_mapping.py
[2024-06-06T01:20:22.321+0000] {processor.py:830} INFO - Processing file /home/ubuntu/endtoend_venv/lib/python3.12/site-packages/airflow/example_dags/example_dynamic_task_mapping.py for tasks to queue
[2024-06-06T01:20:22.323+0000] {logging_mixin.py:188} INFO - [2024-06-06T01:20:22.322+0000] {dagbag.py:545} INFO - Filling up the DagBag from /home/ubuntu/endtoend_venv/lib/python3.12/site-packages/airflow/example_dags/example_dynamic_task_mapping.py
[2024-06-06T01:20:22.330+0000] {processor.py:840} INFO - DAG(s) 'example_dynamic_task_mapping' retrieved from /home/ubuntu/endtoend_venv/lib/python3.12/site-packages/airflow/example_dags/example_dynamic_task_mapping.py
[2024-06-06T01:20:22.347+0000] {logging_mixin.py:188} INFO - [2024-06-06T01:20:22.347+0000] {dag.py:3096} INFO - Sync 1 DAGs
[2024-06-06T01:20:22.368+0000] {logging_mixin.py:188} INFO - [2024-06-06T01:20:22.367+0000] {dag.py:3954} INFO - Setting next_dagrun for example_dynamic_task_mapping to 2022-03-04 00:00:00+00:00, run_after=2022-03-05 00:00:00+00:00
[2024-06-06T01:20:22.392+0000] {processor.py:183} INFO - Processing /home/ubuntu/endtoend_venv/lib/python3.12/site-packages/airflow/example_dags/example_dynamic_task_mapping.py took 0.079 seconds
