[2024-06-06T01:15:56.247+0000] {processor.py:161} INFO - Started process (PID=21051) to work on /home/ubuntu/endtoend_venv/lib/python3.12/site-packages/airflow/example_dags/example_task_group_decorator.py
[2024-06-06T01:15:56.248+0000] {processor.py:830} INFO - Processing file /home/ubuntu/endtoend_venv/lib/python3.12/site-packages/airflow/example_dags/example_task_group_decorator.py for tasks to queue
[2024-06-06T01:15:56.251+0000] {logging_mixin.py:188} INFO - [2024-06-06T01:15:56.250+0000] {dagbag.py:545} INFO - Filling up the DagBag from /home/ubuntu/endtoend_venv/lib/python3.12/site-packages/airflow/example_dags/example_task_group_decorator.py
[2024-06-06T01:15:56.269+0000] {processor.py:840} INFO - DAG(s) 'example_task_group_decorator' retrieved from /home/ubuntu/endtoend_venv/lib/python3.12/site-packages/airflow/example_dags/example_task_group_decorator.py
[2024-06-06T01:15:56.279+0000] {logging_mixin.py:188} INFO - [2024-06-06T01:15:56.279+0000] {dag.py:3096} INFO - Sync 1 DAGs
[2024-06-06T01:15:56.300+0000] {logging_mixin.py:188} INFO - [2024-06-06T01:15:56.300+0000] {dag.py:3954} INFO - Setting next_dagrun for example_task_group_decorator to 2024-06-05 00:00:00+00:00, run_after=2024-06-06 00:00:00+00:00
[2024-06-06T01:15:56.323+0000] {processor.py:183} INFO - Processing /home/ubuntu/endtoend_venv/lib/python3.12/site-packages/airflow/example_dags/example_task_group_decorator.py took 0.081 seconds
[2024-06-06T01:16:46.096+0000] {processor.py:161} INFO - Started process (PID=21103) to work on /home/ubuntu/endtoend_venv/lib/python3.12/site-packages/airflow/example_dags/example_task_group_decorator.py
[2024-06-06T01:16:46.098+0000] {processor.py:830} INFO - Processing file /home/ubuntu/endtoend_venv/lib/python3.12/site-packages/airflow/example_dags/example_task_group_decorator.py for tasks to queue
[2024-06-06T01:16:46.100+0000] {logging_mixin.py:188} INFO - [2024-06-06T01:16:46.099+0000] {dagbag.py:545} INFO - Filling up the DagBag from /home/ubuntu/endtoend_venv/lib/python3.12/site-packages/airflow/example_dags/example_task_group_decorator.py
[2024-06-06T01:16:46.116+0000] {processor.py:840} INFO - DAG(s) 'example_task_group_decorator' retrieved from /home/ubuntu/endtoend_venv/lib/python3.12/site-packages/airflow/example_dags/example_task_group_decorator.py
[2024-06-06T01:16:46.226+0000] {logging_mixin.py:188} INFO - [2024-06-06T01:16:46.226+0000] {dag.py:3096} INFO - Sync 1 DAGs
[2024-06-06T01:16:46.243+0000] {logging_mixin.py:188} INFO - [2024-06-06T01:16:46.243+0000] {dag.py:3954} INFO - Setting next_dagrun for example_task_group_decorator to 2024-06-05 00:00:00+00:00, run_after=2024-06-06 00:00:00+00:00
[2024-06-06T01:16:46.267+0000] {processor.py:183} INFO - Processing /home/ubuntu/endtoend_venv/lib/python3.12/site-packages/airflow/example_dags/example_task_group_decorator.py took 0.176 seconds
[2024-06-06T01:17:30.163+0000] {processor.py:161} INFO - Started process (PID=21151) to work on /home/ubuntu/endtoend_venv/lib/python3.12/site-packages/airflow/example_dags/example_task_group_decorator.py
[2024-06-06T01:17:30.165+0000] {processor.py:830} INFO - Processing file /home/ubuntu/endtoend_venv/lib/python3.12/site-packages/airflow/example_dags/example_task_group_decorator.py for tasks to queue
[2024-06-06T01:17:30.167+0000] {logging_mixin.py:188} INFO - [2024-06-06T01:17:30.166+0000] {dagbag.py:545} INFO - Filling up the DagBag from /home/ubuntu/endtoend_venv/lib/python3.12/site-packages/airflow/example_dags/example_task_group_decorator.py
[2024-06-06T01:17:30.184+0000] {processor.py:840} INFO - DAG(s) 'example_task_group_decorator' retrieved from /home/ubuntu/endtoend_venv/lib/python3.12/site-packages/airflow/example_dags/example_task_group_decorator.py
[2024-06-06T01:17:30.207+0000] {logging_mixin.py:188} INFO - [2024-06-06T01:17:30.207+0000] {dag.py:3096} INFO - Sync 1 DAGs
[2024-06-06T01:17:30.229+0000] {logging_mixin.py:188} INFO - [2024-06-06T01:17:30.228+0000] {dag.py:3954} INFO - Setting next_dagrun for example_task_group_decorator to 2024-06-05 00:00:00+00:00, run_after=2024-06-06 00:00:00+00:00
[2024-06-06T01:17:30.253+0000] {processor.py:183} INFO - Processing /home/ubuntu/endtoend_venv/lib/python3.12/site-packages/airflow/example_dags/example_task_group_decorator.py took 0.096 seconds
[2024-06-06T01:18:21.543+0000] {processor.py:161} INFO - Started process (PID=21215) to work on /home/ubuntu/endtoend_venv/lib/python3.12/site-packages/airflow/example_dags/example_task_group_decorator.py
[2024-06-06T01:18:21.545+0000] {processor.py:830} INFO - Processing file /home/ubuntu/endtoend_venv/lib/python3.12/site-packages/airflow/example_dags/example_task_group_decorator.py for tasks to queue
[2024-06-06T01:18:21.547+0000] {logging_mixin.py:188} INFO - [2024-06-06T01:18:21.547+0000] {dagbag.py:545} INFO - Filling up the DagBag from /home/ubuntu/endtoend_venv/lib/python3.12/site-packages/airflow/example_dags/example_task_group_decorator.py
[2024-06-06T01:18:21.564+0000] {processor.py:840} INFO - DAG(s) 'example_task_group_decorator' retrieved from /home/ubuntu/endtoend_venv/lib/python3.12/site-packages/airflow/example_dags/example_task_group_decorator.py
[2024-06-06T01:18:21.586+0000] {logging_mixin.py:188} INFO - [2024-06-06T01:18:21.586+0000] {dag.py:3096} INFO - Sync 1 DAGs
[2024-06-06T01:18:21.608+0000] {logging_mixin.py:188} INFO - [2024-06-06T01:18:21.607+0000] {dag.py:3954} INFO - Setting next_dagrun for example_task_group_decorator to 2024-06-05 00:00:00+00:00, run_after=2024-06-06 00:00:00+00:00
[2024-06-06T01:18:21.632+0000] {processor.py:183} INFO - Processing /home/ubuntu/endtoend_venv/lib/python3.12/site-packages/airflow/example_dags/example_task_group_decorator.py took 0.094 seconds
[2024-06-06T01:19:03.760+0000] {processor.py:161} INFO - Started process (PID=21273) to work on /home/ubuntu/endtoend_venv/lib/python3.12/site-packages/airflow/example_dags/example_task_group_decorator.py
[2024-06-06T01:19:03.761+0000] {processor.py:830} INFO - Processing file /home/ubuntu/endtoend_venv/lib/python3.12/site-packages/airflow/example_dags/example_task_group_decorator.py for tasks to queue
[2024-06-06T01:19:03.763+0000] {logging_mixin.py:188} INFO - [2024-06-06T01:19:03.763+0000] {dagbag.py:545} INFO - Filling up the DagBag from /home/ubuntu/endtoend_venv/lib/python3.12/site-packages/airflow/example_dags/example_task_group_decorator.py
[2024-06-06T01:19:03.779+0000] {processor.py:840} INFO - DAG(s) 'example_task_group_decorator' retrieved from /home/ubuntu/endtoend_venv/lib/python3.12/site-packages/airflow/example_dags/example_task_group_decorator.py
[2024-06-06T01:19:03.802+0000] {logging_mixin.py:188} INFO - [2024-06-06T01:19:03.801+0000] {dag.py:3096} INFO - Sync 1 DAGs
[2024-06-06T01:19:03.822+0000] {logging_mixin.py:188} INFO - [2024-06-06T01:19:03.822+0000] {dag.py:3954} INFO - Setting next_dagrun for example_task_group_decorator to 2024-06-05 00:00:00+00:00, run_after=2024-06-06 00:00:00+00:00
[2024-06-06T01:19:03.847+0000] {processor.py:183} INFO - Processing /home/ubuntu/endtoend_venv/lib/python3.12/site-packages/airflow/example_dags/example_task_group_decorator.py took 0.093 seconds
[2024-06-06T01:19:46.331+0000] {processor.py:161} INFO - Started process (PID=21345) to work on /home/ubuntu/endtoend_venv/lib/python3.12/site-packages/airflow/example_dags/example_task_group_decorator.py
[2024-06-06T01:19:46.333+0000] {processor.py:830} INFO - Processing file /home/ubuntu/endtoend_venv/lib/python3.12/site-packages/airflow/example_dags/example_task_group_decorator.py for tasks to queue
[2024-06-06T01:19:46.335+0000] {logging_mixin.py:188} INFO - [2024-06-06T01:19:46.335+0000] {dagbag.py:545} INFO - Filling up the DagBag from /home/ubuntu/endtoend_venv/lib/python3.12/site-packages/airflow/example_dags/example_task_group_decorator.py
[2024-06-06T01:19:46.360+0000] {processor.py:840} INFO - DAG(s) 'example_task_group_decorator' retrieved from /home/ubuntu/endtoend_venv/lib/python3.12/site-packages/airflow/example_dags/example_task_group_decorator.py
[2024-06-06T01:19:46.390+0000] {logging_mixin.py:188} INFO - [2024-06-06T01:19:46.389+0000] {dag.py:3096} INFO - Sync 1 DAGs
[2024-06-06T01:19:46.412+0000] {logging_mixin.py:188} INFO - [2024-06-06T01:19:46.412+0000] {dag.py:3954} INFO - Setting next_dagrun for example_task_group_decorator to 2024-06-05 00:00:00+00:00, run_after=2024-06-06 00:00:00+00:00
[2024-06-06T01:19:46.445+0000] {processor.py:183} INFO - Processing /home/ubuntu/endtoend_venv/lib/python3.12/site-packages/airflow/example_dags/example_task_group_decorator.py took 0.121 seconds
[2024-06-06T01:20:29.155+0000] {processor.py:161} INFO - Started process (PID=21410) to work on /home/ubuntu/endtoend_venv/lib/python3.12/site-packages/airflow/example_dags/example_task_group_decorator.py
[2024-06-06T01:20:29.157+0000] {processor.py:830} INFO - Processing file /home/ubuntu/endtoend_venv/lib/python3.12/site-packages/airflow/example_dags/example_task_group_decorator.py for tasks to queue
[2024-06-06T01:20:29.159+0000] {logging_mixin.py:188} INFO - [2024-06-06T01:20:29.158+0000] {dagbag.py:545} INFO - Filling up the DagBag from /home/ubuntu/endtoend_venv/lib/python3.12/site-packages/airflow/example_dags/example_task_group_decorator.py
[2024-06-06T01:20:29.175+0000] {processor.py:840} INFO - DAG(s) 'example_task_group_decorator' retrieved from /home/ubuntu/endtoend_venv/lib/python3.12/site-packages/airflow/example_dags/example_task_group_decorator.py
[2024-06-06T01:20:29.197+0000] {logging_mixin.py:188} INFO - [2024-06-06T01:20:29.197+0000] {dag.py:3096} INFO - Sync 1 DAGs
[2024-06-06T01:20:29.218+0000] {logging_mixin.py:188} INFO - [2024-06-06T01:20:29.218+0000] {dag.py:3954} INFO - Setting next_dagrun for example_task_group_decorator to 2024-06-05 00:00:00+00:00, run_after=2024-06-06 00:00:00+00:00
[2024-06-06T01:20:29.241+0000] {processor.py:183} INFO - Processing /home/ubuntu/endtoend_venv/lib/python3.12/site-packages/airflow/example_dags/example_task_group_decorator.py took 0.092 seconds
