[2024-06-06T01:16:31.696+0000] {processor.py:161} INFO - Started process (PID=21088) to work on /home/ubuntu/endtoend_venv/lib/python3.12/site-packages/airflow/example_dags/example_bash_decorator.py
[2024-06-06T01:16:31.697+0000] {processor.py:830} INFO - Processing file /home/ubuntu/endtoend_venv/lib/python3.12/site-packages/airflow/example_dags/example_bash_decorator.py for tasks to queue
[2024-06-06T01:16:31.699+0000] {logging_mixin.py:188} INFO - [2024-06-06T01:16:31.698+0000] {dagbag.py:545} INFO - Filling up the DagBag from /home/ubuntu/endtoend_venv/lib/python3.12/site-packages/airflow/example_dags/example_bash_decorator.py
[2024-06-06T01:16:31.713+0000] {processor.py:840} INFO - DAG(s) 'example_bash_decorator' retrieved from /home/ubuntu/endtoend_venv/lib/python3.12/site-packages/airflow/example_dags/example_bash_decorator.py
[2024-06-06T01:16:31.821+0000] {logging_mixin.py:188} INFO - [2024-06-06T01:16:31.821+0000] {dag.py:3096} INFO - Sync 1 DAGs
[2024-06-06T01:16:31.831+0000] {logging_mixin.py:188} INFO - [2024-06-06T01:16:31.830+0000] {dag.py:3954} INFO - Setting next_dagrun for example_bash_decorator to None, run_after=None
[2024-06-06T01:16:31.855+0000] {processor.py:183} INFO - Processing /home/ubuntu/endtoend_venv/lib/python3.12/site-packages/airflow/example_dags/example_bash_decorator.py took 0.165 seconds
[2024-06-06T01:17:36.463+0000] {processor.py:161} INFO - Started process (PID=21157) to work on /home/ubuntu/endtoend_venv/lib/python3.12/site-packages/airflow/example_dags/example_bash_decorator.py
[2024-06-06T01:17:36.464+0000] {processor.py:830} INFO - Processing file /home/ubuntu/endtoend_venv/lib/python3.12/site-packages/airflow/example_dags/example_bash_decorator.py for tasks to queue
[2024-06-06T01:17:36.466+0000] {logging_mixin.py:188} INFO - [2024-06-06T01:17:36.466+0000] {dagbag.py:545} INFO - Filling up the DagBag from /home/ubuntu/endtoend_venv/lib/python3.12/site-packages/airflow/example_dags/example_bash_decorator.py
[2024-06-06T01:17:36.482+0000] {processor.py:840} INFO - DAG(s) 'example_bash_decorator' retrieved from /home/ubuntu/endtoend_venv/lib/python3.12/site-packages/airflow/example_dags/example_bash_decorator.py
[2024-06-06T01:17:36.503+0000] {logging_mixin.py:188} INFO - [2024-06-06T01:17:36.503+0000] {dag.py:3096} INFO - Sync 1 DAGs
[2024-06-06T01:17:36.516+0000] {logging_mixin.py:188} INFO - [2024-06-06T01:17:36.516+0000] {dag.py:3954} INFO - Setting next_dagrun for example_bash_decorator to None, run_after=None
[2024-06-06T01:17:36.540+0000] {processor.py:183} INFO - Processing /home/ubuntu/endtoend_venv/lib/python3.12/site-packages/airflow/example_dags/example_bash_decorator.py took 0.083 seconds
[2024-06-06T01:18:41.482+0000] {processor.py:161} INFO - Started process (PID=21249) to work on /home/ubuntu/endtoend_venv/lib/python3.12/site-packages/airflow/example_dags/example_bash_decorator.py
[2024-06-06T01:18:41.484+0000] {processor.py:830} INFO - Processing file /home/ubuntu/endtoend_venv/lib/python3.12/site-packages/airflow/example_dags/example_bash_decorator.py for tasks to queue
[2024-06-06T01:18:41.486+0000] {logging_mixin.py:188} INFO - [2024-06-06T01:18:41.485+0000] {dagbag.py:545} INFO - Filling up the DagBag from /home/ubuntu/endtoend_venv/lib/python3.12/site-packages/airflow/example_dags/example_bash_decorator.py
[2024-06-06T01:18:41.501+0000] {processor.py:840} INFO - DAG(s) 'example_bash_decorator' retrieved from /home/ubuntu/endtoend_venv/lib/python3.12/site-packages/airflow/example_dags/example_bash_decorator.py
[2024-06-06T01:18:41.523+0000] {logging_mixin.py:188} INFO - [2024-06-06T01:18:41.522+0000] {dag.py:3096} INFO - Sync 1 DAGs
[2024-06-06T01:18:41.535+0000] {logging_mixin.py:188} INFO - [2024-06-06T01:18:41.535+0000] {dag.py:3954} INFO - Setting next_dagrun for example_bash_decorator to None, run_after=None
[2024-06-06T01:18:41.559+0000] {processor.py:183} INFO - Processing /home/ubuntu/endtoend_venv/lib/python3.12/site-packages/airflow/example_dags/example_bash_decorator.py took 0.083 seconds
[2024-06-06T01:19:43.737+0000] {processor.py:161} INFO - Started process (PID=21340) to work on /home/ubuntu/endtoend_venv/lib/python3.12/site-packages/airflow/example_dags/example_bash_decorator.py
[2024-06-06T01:19:43.739+0000] {processor.py:830} INFO - Processing file /home/ubuntu/endtoend_venv/lib/python3.12/site-packages/airflow/example_dags/example_bash_decorator.py for tasks to queue
[2024-06-06T01:19:43.741+0000] {logging_mixin.py:188} INFO - [2024-06-06T01:19:43.741+0000] {dagbag.py:545} INFO - Filling up the DagBag from /home/ubuntu/endtoend_venv/lib/python3.12/site-packages/airflow/example_dags/example_bash_decorator.py
[2024-06-06T01:19:43.755+0000] {processor.py:840} INFO - DAG(s) 'example_bash_decorator' retrieved from /home/ubuntu/endtoend_venv/lib/python3.12/site-packages/airflow/example_dags/example_bash_decorator.py
[2024-06-06T01:19:43.776+0000] {logging_mixin.py:188} INFO - [2024-06-06T01:19:43.776+0000] {dag.py:3096} INFO - Sync 1 DAGs
[2024-06-06T01:19:43.788+0000] {logging_mixin.py:188} INFO - [2024-06-06T01:19:43.788+0000] {dag.py:3954} INFO - Setting next_dagrun for example_bash_decorator to None, run_after=None
[2024-06-06T01:19:43.816+0000] {processor.py:183} INFO - Processing /home/ubuntu/endtoend_venv/lib/python3.12/site-packages/airflow/example_dags/example_bash_decorator.py took 0.085 seconds
[2024-06-06T01:20:45.952+0000] {processor.py:161} INFO - Started process (PID=21429) to work on /home/ubuntu/endtoend_venv/lib/python3.12/site-packages/airflow/example_dags/example_bash_decorator.py
[2024-06-06T01:20:45.954+0000] {processor.py:830} INFO - Processing file /home/ubuntu/endtoend_venv/lib/python3.12/site-packages/airflow/example_dags/example_bash_decorator.py for tasks to queue
[2024-06-06T01:20:45.955+0000] {logging_mixin.py:188} INFO - [2024-06-06T01:20:45.955+0000] {dagbag.py:545} INFO - Filling up the DagBag from /home/ubuntu/endtoend_venv/lib/python3.12/site-packages/airflow/example_dags/example_bash_decorator.py
[2024-06-06T01:20:45.970+0000] {processor.py:840} INFO - DAG(s) 'example_bash_decorator' retrieved from /home/ubuntu/endtoend_venv/lib/python3.12/site-packages/airflow/example_dags/example_bash_decorator.py
[2024-06-06T01:20:45.991+0000] {logging_mixin.py:188} INFO - [2024-06-06T01:20:45.991+0000] {dag.py:3096} INFO - Sync 1 DAGs
[2024-06-06T01:20:46.004+0000] {logging_mixin.py:188} INFO - [2024-06-06T01:20:46.003+0000] {dag.py:3954} INFO - Setting next_dagrun for example_bash_decorator to None, run_after=None
[2024-06-06T01:20:46.027+0000] {processor.py:183} INFO - Processing /home/ubuntu/endtoend_venv/lib/python3.12/site-packages/airflow/example_dags/example_bash_decorator.py took 0.081 seconds
