[2024-06-06T01:15:59.082+0000] {processor.py:161} INFO - Started process (PID=21055) to work on /home/ubuntu/endtoend_venv/lib/python3.12/site-packages/airflow/example_dags/example_subdag_operator.py
[2024-06-06T01:15:59.082+0000] {processor.py:830} INFO - Processing file /home/ubuntu/endtoend_venv/lib/python3.12/site-packages/airflow/example_dags/example_subdag_operator.py for tasks to queue
[2024-06-06T01:15:59.084+0000] {logging_mixin.py:188} INFO - [2024-06-06T01:15:59.084+0000] {dagbag.py:545} INFO - Filling up the DagBag from /home/ubuntu/endtoend_venv/lib/python3.12/site-packages/airflow/example_dags/example_subdag_operator.py
[2024-06-06T01:15:59.108+0000] {processor.py:840} INFO - DAG(s) 'example_subdag_operator.section-1', 'example_subdag_operator.section-2', 'example_subdag_operator' retrieved from /home/ubuntu/endtoend_venv/lib/python3.12/site-packages/airflow/example_dags/example_subdag_operator.py
[2024-06-06T01:15:59.111+0000] {logging_mixin.py:188} INFO - [2024-06-06T01:15:59.111+0000] {dag.py:3096} INFO - Sync 3 DAGs
[2024-06-06T01:15:59.132+0000] {logging_mixin.py:188} INFO - [2024-06-06T01:15:59.131+0000] {dag.py:3954} INFO - Setting next_dagrun for example_subdag_operator to 2022-01-01 00:00:00+00:00, run_after=2022-01-01 00:00:00+00:00
[2024-06-06T01:15:59.135+0000] {logging_mixin.py:188} INFO - [2024-06-06T01:15:59.135+0000] {dag.py:3954} INFO - Setting next_dagrun for example_subdag_operator.section-1 to None, run_after=None
[2024-06-06T01:15:59.136+0000] {logging_mixin.py:188} INFO - [2024-06-06T01:15:59.136+0000] {dag.py:3954} INFO - Setting next_dagrun for example_subdag_operator.section-2 to None, run_after=None
[2024-06-06T01:15:59.142+0000] {logging_mixin.py:188} INFO - [2024-06-06T01:15:59.142+0000] {dag.py:3096} INFO - Sync 2 DAGs
[2024-06-06T01:15:59.146+0000] {logging_mixin.py:188} INFO - [2024-06-06T01:15:59.146+0000] {dag.py:3954} INFO - Setting next_dagrun for example_subdag_operator.section-1 to None, run_after=None
[2024-06-06T01:15:59.146+0000] {logging_mixin.py:188} INFO - [2024-06-06T01:15:59.146+0000] {dag.py:3954} INFO - Setting next_dagrun for example_subdag_operator.section-2 to None, run_after=None
[2024-06-06T01:15:59.162+0000] {processor.py:183} INFO - Processing /home/ubuntu/endtoend_venv/lib/python3.12/site-packages/airflow/example_dags/example_subdag_operator.py took 0.087 seconds
[2024-06-06T01:16:50.108+0000] {processor.py:161} INFO - Started process (PID=21107) to work on /home/ubuntu/endtoend_venv/lib/python3.12/site-packages/airflow/example_dags/example_subdag_operator.py
[2024-06-06T01:16:50.110+0000] {processor.py:830} INFO - Processing file /home/ubuntu/endtoend_venv/lib/python3.12/site-packages/airflow/example_dags/example_subdag_operator.py for tasks to queue
[2024-06-06T01:16:50.111+0000] {logging_mixin.py:188} INFO - [2024-06-06T01:16:50.111+0000] {dagbag.py:545} INFO - Filling up the DagBag from /home/ubuntu/endtoend_venv/lib/python3.12/site-packages/airflow/example_dags/example_subdag_operator.py
[2024-06-06T01:16:50.133+0000] {processor.py:840} INFO - DAG(s) 'example_subdag_operator.section-1', 'example_subdag_operator.section-2', 'example_subdag_operator' retrieved from /home/ubuntu/endtoend_venv/lib/python3.12/site-packages/airflow/example_dags/example_subdag_operator.py
[2024-06-06T01:16:50.236+0000] {logging_mixin.py:188} INFO - [2024-06-06T01:16:50.236+0000] {dag.py:3096} INFO - Sync 3 DAGs
[2024-06-06T01:16:50.254+0000] {logging_mixin.py:188} INFO - [2024-06-06T01:16:50.253+0000] {dag.py:3954} INFO - Setting next_dagrun for example_subdag_operator to 2022-01-01 00:00:00+00:00, run_after=2022-01-01 00:00:00+00:00
[2024-06-06T01:16:50.257+0000] {logging_mixin.py:188} INFO - [2024-06-06T01:16:50.256+0000] {dag.py:3954} INFO - Setting next_dagrun for example_subdag_operator.section-1 to None, run_after=None
[2024-06-06T01:16:50.257+0000] {logging_mixin.py:188} INFO - [2024-06-06T01:16:50.257+0000] {dag.py:3954} INFO - Setting next_dagrun for example_subdag_operator.section-2 to None, run_after=None
[2024-06-06T01:16:50.265+0000] {logging_mixin.py:188} INFO - [2024-06-06T01:16:50.264+0000] {dag.py:3096} INFO - Sync 2 DAGs
[2024-06-06T01:16:50.269+0000] {logging_mixin.py:188} INFO - [2024-06-06T01:16:50.268+0000] {dag.py:3954} INFO - Setting next_dagrun for example_subdag_operator.section-1 to None, run_after=None
[2024-06-06T01:16:50.269+0000] {logging_mixin.py:188} INFO - [2024-06-06T01:16:50.269+0000] {dag.py:3954} INFO - Setting next_dagrun for example_subdag_operator.section-2 to None, run_after=None
[2024-06-06T01:16:50.284+0000] {processor.py:183} INFO - Processing /home/ubuntu/endtoend_venv/lib/python3.12/site-packages/airflow/example_dags/example_subdag_operator.py took 0.182 seconds
[2024-06-06T01:17:41.609+0000] {processor.py:161} INFO - Started process (PID=21162) to work on /home/ubuntu/endtoend_venv/lib/python3.12/site-packages/airflow/example_dags/example_subdag_operator.py
[2024-06-06T01:17:41.610+0000] {processor.py:830} INFO - Processing file /home/ubuntu/endtoend_venv/lib/python3.12/site-packages/airflow/example_dags/example_subdag_operator.py for tasks to queue
[2024-06-06T01:17:41.612+0000] {logging_mixin.py:188} INFO - [2024-06-06T01:17:41.612+0000] {dagbag.py:545} INFO - Filling up the DagBag from /home/ubuntu/endtoend_venv/lib/python3.12/site-packages/airflow/example_dags/example_subdag_operator.py
[2024-06-06T01:17:41.634+0000] {processor.py:840} INFO - DAG(s) 'example_subdag_operator.section-1', 'example_subdag_operator.section-2', 'example_subdag_operator' retrieved from /home/ubuntu/endtoend_venv/lib/python3.12/site-packages/airflow/example_dags/example_subdag_operator.py
[2024-06-06T01:17:41.649+0000] {logging_mixin.py:188} INFO - [2024-06-06T01:17:41.649+0000] {dag.py:3096} INFO - Sync 3 DAGs
[2024-06-06T01:17:41.669+0000] {logging_mixin.py:188} INFO - [2024-06-06T01:17:41.669+0000] {dag.py:3954} INFO - Setting next_dagrun for example_subdag_operator to 2022-01-01 00:00:00+00:00, run_after=2022-01-01 00:00:00+00:00
[2024-06-06T01:17:41.673+0000] {logging_mixin.py:188} INFO - [2024-06-06T01:17:41.673+0000] {dag.py:3954} INFO - Setting next_dagrun for example_subdag_operator.section-1 to None, run_after=None
[2024-06-06T01:17:41.675+0000] {logging_mixin.py:188} INFO - [2024-06-06T01:17:41.675+0000] {dag.py:3954} INFO - Setting next_dagrun for example_subdag_operator.section-2 to None, run_after=None
[2024-06-06T01:17:41.681+0000] {logging_mixin.py:188} INFO - [2024-06-06T01:17:41.681+0000] {dag.py:3096} INFO - Sync 2 DAGs
[2024-06-06T01:17:41.685+0000] {logging_mixin.py:188} INFO - [2024-06-06T01:17:41.685+0000] {dag.py:3954} INFO - Setting next_dagrun for example_subdag_operator.section-1 to None, run_after=None
[2024-06-06T01:17:41.685+0000] {logging_mixin.py:188} INFO - [2024-06-06T01:17:41.685+0000] {dag.py:3954} INFO - Setting next_dagrun for example_subdag_operator.section-2 to None, run_after=None
[2024-06-06T01:17:41.700+0000] {processor.py:183} INFO - Processing /home/ubuntu/endtoend_venv/lib/python3.12/site-packages/airflow/example_dags/example_subdag_operator.py took 0.098 seconds
[2024-06-06T01:18:25.398+0000] {processor.py:161} INFO - Started process (PID=21219) to work on /home/ubuntu/endtoend_venv/lib/python3.12/site-packages/airflow/example_dags/example_subdag_operator.py
[2024-06-06T01:18:25.400+0000] {processor.py:830} INFO - Processing file /home/ubuntu/endtoend_venv/lib/python3.12/site-packages/airflow/example_dags/example_subdag_operator.py for tasks to queue
[2024-06-06T01:18:25.402+0000] {logging_mixin.py:188} INFO - [2024-06-06T01:18:25.401+0000] {dagbag.py:545} INFO - Filling up the DagBag from /home/ubuntu/endtoend_venv/lib/python3.12/site-packages/airflow/example_dags/example_subdag_operator.py
[2024-06-06T01:18:25.424+0000] {processor.py:840} INFO - DAG(s) 'example_subdag_operator.section-1', 'example_subdag_operator.section-2', 'example_subdag_operator' retrieved from /home/ubuntu/endtoend_venv/lib/python3.12/site-packages/airflow/example_dags/example_subdag_operator.py
[2024-06-06T01:18:25.440+0000] {logging_mixin.py:188} INFO - [2024-06-06T01:18:25.439+0000] {dag.py:3096} INFO - Sync 3 DAGs
[2024-06-06T01:18:25.461+0000] {logging_mixin.py:188} INFO - [2024-06-06T01:18:25.460+0000] {dag.py:3954} INFO - Setting next_dagrun for example_subdag_operator to 2022-01-01 00:00:00+00:00, run_after=2022-01-01 00:00:00+00:00
[2024-06-06T01:18:25.464+0000] {logging_mixin.py:188} INFO - [2024-06-06T01:18:25.464+0000] {dag.py:3954} INFO - Setting next_dagrun for example_subdag_operator.section-1 to None, run_after=None
[2024-06-06T01:18:25.465+0000] {logging_mixin.py:188} INFO - [2024-06-06T01:18:25.465+0000] {dag.py:3954} INFO - Setting next_dagrun for example_subdag_operator.section-2 to None, run_after=None
[2024-06-06T01:18:25.471+0000] {logging_mixin.py:188} INFO - [2024-06-06T01:18:25.471+0000] {dag.py:3096} INFO - Sync 2 DAGs
[2024-06-06T01:18:25.476+0000] {logging_mixin.py:188} INFO - [2024-06-06T01:18:25.475+0000] {dag.py:3954} INFO - Setting next_dagrun for example_subdag_operator.section-1 to None, run_after=None
[2024-06-06T01:18:25.476+0000] {logging_mixin.py:188} INFO - [2024-06-06T01:18:25.476+0000] {dag.py:3954} INFO - Setting next_dagrun for example_subdag_operator.section-2 to None, run_after=None
[2024-06-06T01:18:25.491+0000] {processor.py:183} INFO - Processing /home/ubuntu/endtoend_venv/lib/python3.12/site-packages/airflow/example_dags/example_subdag_operator.py took 0.099 seconds
[2024-06-06T01:19:07.759+0000] {processor.py:161} INFO - Started process (PID=21277) to work on /home/ubuntu/endtoend_venv/lib/python3.12/site-packages/airflow/example_dags/example_subdag_operator.py
[2024-06-06T01:19:07.761+0000] {processor.py:830} INFO - Processing file /home/ubuntu/endtoend_venv/lib/python3.12/site-packages/airflow/example_dags/example_subdag_operator.py for tasks to queue
[2024-06-06T01:19:07.763+0000] {logging_mixin.py:188} INFO - [2024-06-06T01:19:07.762+0000] {dagbag.py:545} INFO - Filling up the DagBag from /home/ubuntu/endtoend_venv/lib/python3.12/site-packages/airflow/example_dags/example_subdag_operator.py
[2024-06-06T01:19:07.785+0000] {processor.py:840} INFO - DAG(s) 'example_subdag_operator.section-1', 'example_subdag_operator.section-2', 'example_subdag_operator' retrieved from /home/ubuntu/endtoend_venv/lib/python3.12/site-packages/airflow/example_dags/example_subdag_operator.py
[2024-06-06T01:19:07.800+0000] {logging_mixin.py:188} INFO - [2024-06-06T01:19:07.800+0000] {dag.py:3096} INFO - Sync 3 DAGs
[2024-06-06T01:19:07.821+0000] {logging_mixin.py:188} INFO - [2024-06-06T01:19:07.820+0000] {dag.py:3954} INFO - Setting next_dagrun for example_subdag_operator to 2022-01-01 00:00:00+00:00, run_after=2022-01-01 00:00:00+00:00
[2024-06-06T01:19:07.824+0000] {logging_mixin.py:188} INFO - [2024-06-06T01:19:07.824+0000] {dag.py:3954} INFO - Setting next_dagrun for example_subdag_operator.section-1 to None, run_after=None
[2024-06-06T01:19:07.826+0000] {logging_mixin.py:188} INFO - [2024-06-06T01:19:07.826+0000] {dag.py:3954} INFO - Setting next_dagrun for example_subdag_operator.section-2 to None, run_after=None
[2024-06-06T01:19:07.833+0000] {logging_mixin.py:188} INFO - [2024-06-06T01:19:07.832+0000] {dag.py:3096} INFO - Sync 2 DAGs
[2024-06-06T01:19:07.837+0000] {logging_mixin.py:188} INFO - [2024-06-06T01:19:07.837+0000] {dag.py:3954} INFO - Setting next_dagrun for example_subdag_operator.section-1 to None, run_after=None
[2024-06-06T01:19:07.837+0000] {logging_mixin.py:188} INFO - [2024-06-06T01:19:07.837+0000] {dag.py:3954} INFO - Setting next_dagrun for example_subdag_operator.section-2 to None, run_after=None
[2024-06-06T01:19:07.853+0000] {processor.py:183} INFO - Processing /home/ubuntu/endtoend_venv/lib/python3.12/site-packages/airflow/example_dags/example_subdag_operator.py took 0.100 seconds
[2024-06-06T01:19:50.187+0000] {processor.py:161} INFO - Started process (PID=21349) to work on /home/ubuntu/endtoend_venv/lib/python3.12/site-packages/airflow/example_dags/example_subdag_operator.py
[2024-06-06T01:19:50.189+0000] {processor.py:830} INFO - Processing file /home/ubuntu/endtoend_venv/lib/python3.12/site-packages/airflow/example_dags/example_subdag_operator.py for tasks to queue
[2024-06-06T01:19:50.191+0000] {logging_mixin.py:188} INFO - [2024-06-06T01:19:50.190+0000] {dagbag.py:545} INFO - Filling up the DagBag from /home/ubuntu/endtoend_venv/lib/python3.12/site-packages/airflow/example_dags/example_subdag_operator.py
[2024-06-06T01:19:50.216+0000] {processor.py:840} INFO - DAG(s) 'example_subdag_operator.section-1', 'example_subdag_operator.section-2', 'example_subdag_operator' retrieved from /home/ubuntu/endtoend_venv/lib/python3.12/site-packages/airflow/example_dags/example_subdag_operator.py
[2024-06-06T01:19:50.235+0000] {logging_mixin.py:188} INFO - [2024-06-06T01:19:50.235+0000] {dag.py:3096} INFO - Sync 3 DAGs
[2024-06-06T01:19:50.261+0000] {logging_mixin.py:188} INFO - [2024-06-06T01:19:50.260+0000] {dag.py:3954} INFO - Setting next_dagrun for example_subdag_operator to 2022-01-01 00:00:00+00:00, run_after=2022-01-01 00:00:00+00:00
[2024-06-06T01:19:50.268+0000] {logging_mixin.py:188} INFO - [2024-06-06T01:19:50.267+0000] {dag.py:3954} INFO - Setting next_dagrun for example_subdag_operator.section-1 to None, run_after=None
[2024-06-06T01:19:50.269+0000] {logging_mixin.py:188} INFO - [2024-06-06T01:19:50.269+0000] {dag.py:3954} INFO - Setting next_dagrun for example_subdag_operator.section-2 to None, run_after=None
[2024-06-06T01:19:50.278+0000] {logging_mixin.py:188} INFO - [2024-06-06T01:19:50.278+0000] {dag.py:3096} INFO - Sync 2 DAGs
[2024-06-06T01:19:50.282+0000] {logging_mixin.py:188} INFO - [2024-06-06T01:19:50.282+0000] {dag.py:3954} INFO - Setting next_dagrun for example_subdag_operator.section-1 to None, run_after=None
[2024-06-06T01:19:50.283+0000] {logging_mixin.py:188} INFO - [2024-06-06T01:19:50.283+0000] {dag.py:3954} INFO - Setting next_dagrun for example_subdag_operator.section-2 to None, run_after=None
[2024-06-06T01:19:50.303+0000] {processor.py:183} INFO - Processing /home/ubuntu/endtoend_venv/lib/python3.12/site-packages/airflow/example_dags/example_subdag_operator.py took 0.123 seconds
[2024-06-06T01:20:32.794+0000] {processor.py:161} INFO - Started process (PID=21414) to work on /home/ubuntu/endtoend_venv/lib/python3.12/site-packages/airflow/example_dags/example_subdag_operator.py
[2024-06-06T01:20:32.796+0000] {processor.py:830} INFO - Processing file /home/ubuntu/endtoend_venv/lib/python3.12/site-packages/airflow/example_dags/example_subdag_operator.py for tasks to queue
[2024-06-06T01:20:32.797+0000] {logging_mixin.py:188} INFO - [2024-06-06T01:20:32.797+0000] {dagbag.py:545} INFO - Filling up the DagBag from /home/ubuntu/endtoend_venv/lib/python3.12/site-packages/airflow/example_dags/example_subdag_operator.py
[2024-06-06T01:20:32.819+0000] {processor.py:840} INFO - DAG(s) 'example_subdag_operator.section-1', 'example_subdag_operator.section-2', 'example_subdag_operator' retrieved from /home/ubuntu/endtoend_venv/lib/python3.12/site-packages/airflow/example_dags/example_subdag_operator.py
[2024-06-06T01:20:32.835+0000] {logging_mixin.py:188} INFO - [2024-06-06T01:20:32.835+0000] {dag.py:3096} INFO - Sync 3 DAGs
[2024-06-06T01:20:32.856+0000] {logging_mixin.py:188} INFO - [2024-06-06T01:20:32.856+0000] {dag.py:3954} INFO - Setting next_dagrun for example_subdag_operator to 2022-01-01 00:00:00+00:00, run_after=2022-01-01 00:00:00+00:00
[2024-06-06T01:20:32.860+0000] {logging_mixin.py:188} INFO - [2024-06-06T01:20:32.859+0000] {dag.py:3954} INFO - Setting next_dagrun for example_subdag_operator.section-1 to None, run_after=None
[2024-06-06T01:20:32.861+0000] {logging_mixin.py:188} INFO - [2024-06-06T01:20:32.860+0000] {dag.py:3954} INFO - Setting next_dagrun for example_subdag_operator.section-2 to None, run_after=None
[2024-06-06T01:20:32.867+0000] {logging_mixin.py:188} INFO - [2024-06-06T01:20:32.867+0000] {dag.py:3096} INFO - Sync 2 DAGs
[2024-06-06T01:20:32.871+0000] {logging_mixin.py:188} INFO - [2024-06-06T01:20:32.871+0000] {dag.py:3954} INFO - Setting next_dagrun for example_subdag_operator.section-1 to None, run_after=None
[2024-06-06T01:20:32.871+0000] {logging_mixin.py:188} INFO - [2024-06-06T01:20:32.871+0000] {dag.py:3954} INFO - Setting next_dagrun for example_subdag_operator.section-2 to None, run_after=None
[2024-06-06T01:20:32.888+0000] {processor.py:183} INFO - Processing /home/ubuntu/endtoend_venv/lib/python3.12/site-packages/airflow/example_dags/example_subdag_operator.py took 0.099 seconds
