[2024-06-06T01:16:21.203+0000] {processor.py:161} INFO - Started process (PID=21078) to work on /home/ubuntu/endtoend_venv/lib/python3.12/site-packages/airflow/example_dags/example_kubernetes_executor.py
[2024-06-06T01:16:21.204+0000] {processor.py:830} INFO - Processing file /home/ubuntu/endtoend_venv/lib/python3.12/site-packages/airflow/example_dags/example_kubernetes_executor.py for tasks to queue
[2024-06-06T01:16:21.206+0000] {logging_mixin.py:188} INFO - [2024-06-06T01:16:21.205+0000] {dagbag.py:545} INFO - Filling up the DagBag from /home/ubuntu/endtoend_venv/lib/python3.12/site-packages/airflow/example_dags/example_kubernetes_executor.py
[2024-06-06T01:16:21.208+0000] {logging_mixin.py:188} INFO - [2024-06-06T01:16:21.208+0000] {example_kubernetes_executor.py:39} WARNING - The example_kubernetes_executor example DAG requires the kubernetes provider. Please install it with: pip install apache-airflow[cncf.kubernetes]
[2024-06-06T01:16:21.209+0000] {processor.py:842} WARNING - No viable dags retrieved from /home/ubuntu/endtoend_venv/lib/python3.12/site-packages/airflow/example_dags/example_kubernetes_executor.py
[2024-06-06T01:16:21.220+0000] {processor.py:183} INFO - Processing /home/ubuntu/endtoend_venv/lib/python3.12/site-packages/airflow/example_dags/example_kubernetes_executor.py took 0.023 seconds
[2024-06-06T01:17:12.745+0000] {processor.py:161} INFO - Started process (PID=21133) to work on /home/ubuntu/endtoend_venv/lib/python3.12/site-packages/airflow/example_dags/example_kubernetes_executor.py
[2024-06-06T01:17:12.746+0000] {processor.py:830} INFO - Processing file /home/ubuntu/endtoend_venv/lib/python3.12/site-packages/airflow/example_dags/example_kubernetes_executor.py for tasks to queue
[2024-06-06T01:17:12.748+0000] {logging_mixin.py:188} INFO - [2024-06-06T01:17:12.748+0000] {dagbag.py:545} INFO - Filling up the DagBag from /home/ubuntu/endtoend_venv/lib/python3.12/site-packages/airflow/example_dags/example_kubernetes_executor.py
[2024-06-06T01:17:12.751+0000] {logging_mixin.py:188} INFO - [2024-06-06T01:17:12.751+0000] {example_kubernetes_executor.py:39} WARNING - The example_kubernetes_executor example DAG requires the kubernetes provider. Please install it with: pip install apache-airflow[cncf.kubernetes]
[2024-06-06T01:17:12.751+0000] {processor.py:842} WARNING - No viable dags retrieved from /home/ubuntu/endtoend_venv/lib/python3.12/site-packages/airflow/example_dags/example_kubernetes_executor.py
[2024-06-06T01:17:12.763+0000] {processor.py:183} INFO - Processing /home/ubuntu/endtoend_venv/lib/python3.12/site-packages/airflow/example_dags/example_kubernetes_executor.py took 0.024 seconds
[2024-06-06T01:18:16.397+0000] {processor.py:161} INFO - Started process (PID=21198) to work on /home/ubuntu/endtoend_venv/lib/python3.12/site-packages/airflow/example_dags/example_kubernetes_executor.py
[2024-06-06T01:18:16.398+0000] {processor.py:830} INFO - Processing file /home/ubuntu/endtoend_venv/lib/python3.12/site-packages/airflow/example_dags/example_kubernetes_executor.py for tasks to queue
[2024-06-06T01:18:16.400+0000] {logging_mixin.py:188} INFO - [2024-06-06T01:18:16.400+0000] {dagbag.py:545} INFO - Filling up the DagBag from /home/ubuntu/endtoend_venv/lib/python3.12/site-packages/airflow/example_dags/example_kubernetes_executor.py
[2024-06-06T01:18:16.403+0000] {logging_mixin.py:188} INFO - [2024-06-06T01:18:16.403+0000] {example_kubernetes_executor.py:39} WARNING - The example_kubernetes_executor example DAG requires the kubernetes provider. Please install it with: pip install apache-airflow[cncf.kubernetes]
[2024-06-06T01:18:16.403+0000] {processor.py:842} WARNING - No viable dags retrieved from /home/ubuntu/endtoend_venv/lib/python3.12/site-packages/airflow/example_dags/example_kubernetes_executor.py
[2024-06-06T01:18:16.414+0000] {processor.py:183} INFO - Processing /home/ubuntu/endtoend_venv/lib/python3.12/site-packages/airflow/example_dags/example_kubernetes_executor.py took 0.023 seconds
[2024-06-06T01:19:19.302+0000] {processor.py:161} INFO - Started process (PID=21288) to work on /home/ubuntu/endtoend_venv/lib/python3.12/site-packages/airflow/example_dags/example_kubernetes_executor.py
[2024-06-06T01:19:19.304+0000] {processor.py:830} INFO - Processing file /home/ubuntu/endtoend_venv/lib/python3.12/site-packages/airflow/example_dags/example_kubernetes_executor.py for tasks to queue
[2024-06-06T01:19:19.305+0000] {logging_mixin.py:188} INFO - [2024-06-06T01:19:19.305+0000] {dagbag.py:545} INFO - Filling up the DagBag from /home/ubuntu/endtoend_venv/lib/python3.12/site-packages/airflow/example_dags/example_kubernetes_executor.py
[2024-06-06T01:19:19.308+0000] {logging_mixin.py:188} INFO - [2024-06-06T01:19:19.308+0000] {example_kubernetes_executor.py:39} WARNING - The example_kubernetes_executor example DAG requires the kubernetes provider. Please install it with: pip install apache-airflow[cncf.kubernetes]
[2024-06-06T01:19:19.309+0000] {processor.py:842} WARNING - No viable dags retrieved from /home/ubuntu/endtoend_venv/lib/python3.12/site-packages/airflow/example_dags/example_kubernetes_executor.py
[2024-06-06T01:19:19.320+0000] {processor.py:183} INFO - Processing /home/ubuntu/endtoend_venv/lib/python3.12/site-packages/airflow/example_dags/example_kubernetes_executor.py took 0.025 seconds
[2024-06-06T01:20:23.458+0000] {processor.py:161} INFO - Started process (PID=21404) to work on /home/ubuntu/endtoend_venv/lib/python3.12/site-packages/airflow/example_dags/example_kubernetes_executor.py
[2024-06-06T01:20:23.460+0000] {processor.py:830} INFO - Processing file /home/ubuntu/endtoend_venv/lib/python3.12/site-packages/airflow/example_dags/example_kubernetes_executor.py for tasks to queue
[2024-06-06T01:20:23.461+0000] {logging_mixin.py:188} INFO - [2024-06-06T01:20:23.461+0000] {dagbag.py:545} INFO - Filling up the DagBag from /home/ubuntu/endtoend_venv/lib/python3.12/site-packages/airflow/example_dags/example_kubernetes_executor.py
[2024-06-06T01:20:23.464+0000] {logging_mixin.py:188} INFO - [2024-06-06T01:20:23.464+0000] {example_kubernetes_executor.py:39} WARNING - The example_kubernetes_executor example DAG requires the kubernetes provider. Please install it with: pip install apache-airflow[cncf.kubernetes]
[2024-06-06T01:20:23.464+0000] {processor.py:842} WARNING - No viable dags retrieved from /home/ubuntu/endtoend_venv/lib/python3.12/site-packages/airflow/example_dags/example_kubernetes_executor.py
[2024-06-06T01:20:23.476+0000] {processor.py:183} INFO - Processing /home/ubuntu/endtoend_venv/lib/python3.12/site-packages/airflow/example_dags/example_kubernetes_executor.py took 0.024 seconds
