[2024-06-06T01:15:52.837+0000] {processor.py:161} INFO - Started process (PID=21048) to work on /home/ubuntu/endtoend_venv/lib/python3.12/site-packages/airflow/example_dags/tutorial_objectstorage.py
[2024-06-06T01:15:52.838+0000] {processor.py:830} INFO - Processing file /home/ubuntu/endtoend_venv/lib/python3.12/site-packages/airflow/example_dags/tutorial_objectstorage.py for tasks to queue
[2024-06-06T01:15:52.840+0000] {logging_mixin.py:188} INFO - [2024-06-06T01:15:52.840+0000] {dagbag.py:545} INFO - Filling up the DagBag from /home/ubuntu/endtoend_venv/lib/python3.12/site-packages/airflow/example_dags/tutorial_objectstorage.py
[2024-06-06T01:15:52.850+0000] {processor.py:840} INFO - DAG(s) 'tutorial_objectstorage' retrieved from /home/ubuntu/endtoend_venv/lib/python3.12/site-packages/airflow/example_dags/tutorial_objectstorage.py
[2024-06-06T01:15:52.859+0000] {logging_mixin.py:188} INFO - [2024-06-06T01:15:52.859+0000] {dag.py:3096} INFO - Sync 1 DAGs
[2024-06-06T01:15:52.874+0000] {logging_mixin.py:188} INFO - [2024-06-06T01:15:52.874+0000] {dag.py:3954} INFO - Setting next_dagrun for tutorial_objectstorage to None, run_after=None
[2024-06-06T01:15:52.897+0000] {processor.py:183} INFO - Processing /home/ubuntu/endtoend_venv/lib/python3.12/site-packages/airflow/example_dags/tutorial_objectstorage.py took 0.065 seconds
[2024-06-06T01:16:42.604+0000] {processor.py:161} INFO - Started process (PID=21100) to work on /home/ubuntu/endtoend_venv/lib/python3.12/site-packages/airflow/example_dags/tutorial_objectstorage.py
[2024-06-06T01:16:42.606+0000] {processor.py:830} INFO - Processing file /home/ubuntu/endtoend_venv/lib/python3.12/site-packages/airflow/example_dags/tutorial_objectstorage.py for tasks to queue
[2024-06-06T01:16:42.607+0000] {logging_mixin.py:188} INFO - [2024-06-06T01:16:42.607+0000] {dagbag.py:545} INFO - Filling up the DagBag from /home/ubuntu/endtoend_venv/lib/python3.12/site-packages/airflow/example_dags/tutorial_objectstorage.py
[2024-06-06T01:16:42.616+0000] {processor.py:840} INFO - DAG(s) 'tutorial_objectstorage' retrieved from /home/ubuntu/endtoend_venv/lib/python3.12/site-packages/airflow/example_dags/tutorial_objectstorage.py
[2024-06-06T01:16:42.719+0000] {logging_mixin.py:188} INFO - [2024-06-06T01:16:42.719+0000] {dag.py:3096} INFO - Sync 1 DAGs
[2024-06-06T01:16:42.729+0000] {logging_mixin.py:188} INFO - [2024-06-06T01:16:42.729+0000] {dag.py:3954} INFO - Setting next_dagrun for tutorial_objectstorage to None, run_after=None
[2024-06-06T01:16:42.752+0000] {processor.py:183} INFO - Processing /home/ubuntu/endtoend_venv/lib/python3.12/site-packages/airflow/example_dags/tutorial_objectstorage.py took 0.154 seconds
[2024-06-06T01:17:27.442+0000] {processor.py:161} INFO - Started process (PID=21148) to work on /home/ubuntu/endtoend_venv/lib/python3.12/site-packages/airflow/example_dags/tutorial_objectstorage.py
[2024-06-06T01:17:27.443+0000] {processor.py:830} INFO - Processing file /home/ubuntu/endtoend_venv/lib/python3.12/site-packages/airflow/example_dags/tutorial_objectstorage.py for tasks to queue
[2024-06-06T01:17:27.445+0000] {logging_mixin.py:188} INFO - [2024-06-06T01:17:27.445+0000] {dagbag.py:545} INFO - Filling up the DagBag from /home/ubuntu/endtoend_venv/lib/python3.12/site-packages/airflow/example_dags/tutorial_objectstorage.py
[2024-06-06T01:17:27.453+0000] {processor.py:840} INFO - DAG(s) 'tutorial_objectstorage' retrieved from /home/ubuntu/endtoend_venv/lib/python3.12/site-packages/airflow/example_dags/tutorial_objectstorage.py
[2024-06-06T01:17:27.470+0000] {logging_mixin.py:188} INFO - [2024-06-06T01:17:27.470+0000] {dag.py:3096} INFO - Sync 1 DAGs
[2024-06-06T01:17:27.483+0000] {logging_mixin.py:188} INFO - [2024-06-06T01:17:27.482+0000] {dag.py:3954} INFO - Setting next_dagrun for tutorial_objectstorage to None, run_after=None
[2024-06-06T01:17:27.505+0000] {processor.py:183} INFO - Processing /home/ubuntu/endtoend_venv/lib/python3.12/site-packages/airflow/example_dags/tutorial_objectstorage.py took 0.069 seconds
[2024-06-06T01:18:09.615+0000] {processor.py:161} INFO - Started process (PID=21190) to work on /home/ubuntu/endtoend_venv/lib/python3.12/site-packages/airflow/example_dags/tutorial_objectstorage.py
[2024-06-06T01:18:09.617+0000] {processor.py:830} INFO - Processing file /home/ubuntu/endtoend_venv/lib/python3.12/site-packages/airflow/example_dags/tutorial_objectstorage.py for tasks to queue
[2024-06-06T01:18:09.619+0000] {logging_mixin.py:188} INFO - [2024-06-06T01:18:09.618+0000] {dagbag.py:545} INFO - Filling up the DagBag from /home/ubuntu/endtoend_venv/lib/python3.12/site-packages/airflow/example_dags/tutorial_objectstorage.py
[2024-06-06T01:18:09.627+0000] {processor.py:840} INFO - DAG(s) 'tutorial_objectstorage' retrieved from /home/ubuntu/endtoend_venv/lib/python3.12/site-packages/airflow/example_dags/tutorial_objectstorage.py
[2024-06-06T01:18:09.644+0000] {logging_mixin.py:188} INFO - [2024-06-06T01:18:09.644+0000] {dag.py:3096} INFO - Sync 1 DAGs
[2024-06-06T01:18:09.657+0000] {logging_mixin.py:188} INFO - [2024-06-06T01:18:09.657+0000] {dag.py:3954} INFO - Setting next_dagrun for tutorial_objectstorage to None, run_after=None
[2024-06-06T01:18:09.680+0000] {processor.py:183} INFO - Processing /home/ubuntu/endtoend_venv/lib/python3.12/site-packages/airflow/example_dags/tutorial_objectstorage.py took 0.071 seconds
[2024-06-06T01:18:52.321+0000] {processor.py:161} INFO - Started process (PID=21262) to work on /home/ubuntu/endtoend_venv/lib/python3.12/site-packages/airflow/example_dags/tutorial_objectstorage.py
[2024-06-06T01:18:52.323+0000] {processor.py:830} INFO - Processing file /home/ubuntu/endtoend_venv/lib/python3.12/site-packages/airflow/example_dags/tutorial_objectstorage.py for tasks to queue
[2024-06-06T01:18:52.324+0000] {logging_mixin.py:188} INFO - [2024-06-06T01:18:52.324+0000] {dagbag.py:545} INFO - Filling up the DagBag from /home/ubuntu/endtoend_venv/lib/python3.12/site-packages/airflow/example_dags/tutorial_objectstorage.py
[2024-06-06T01:18:52.333+0000] {processor.py:840} INFO - DAG(s) 'tutorial_objectstorage' retrieved from /home/ubuntu/endtoend_venv/lib/python3.12/site-packages/airflow/example_dags/tutorial_objectstorage.py
[2024-06-06T01:18:52.349+0000] {logging_mixin.py:188} INFO - [2024-06-06T01:18:52.349+0000] {dag.py:3096} INFO - Sync 1 DAGs
[2024-06-06T01:18:52.361+0000] {logging_mixin.py:188} INFO - [2024-06-06T01:18:52.361+0000] {dag.py:3954} INFO - Setting next_dagrun for tutorial_objectstorage to None, run_after=None
[2024-06-06T01:18:52.385+0000] {processor.py:183} INFO - Processing /home/ubuntu/endtoend_venv/lib/python3.12/site-packages/airflow/example_dags/tutorial_objectstorage.py took 0.070 seconds
[2024-06-06T01:19:34.584+0000] {processor.py:161} INFO - Started process (PID=21304) to work on /home/ubuntu/endtoend_venv/lib/python3.12/site-packages/airflow/example_dags/tutorial_objectstorage.py
[2024-06-06T01:19:34.585+0000] {processor.py:830} INFO - Processing file /home/ubuntu/endtoend_venv/lib/python3.12/site-packages/airflow/example_dags/tutorial_objectstorage.py for tasks to queue
[2024-06-06T01:19:34.587+0000] {logging_mixin.py:188} INFO - [2024-06-06T01:19:34.586+0000] {dagbag.py:545} INFO - Filling up the DagBag from /home/ubuntu/endtoend_venv/lib/python3.12/site-packages/airflow/example_dags/tutorial_objectstorage.py
[2024-06-06T01:19:34.595+0000] {processor.py:840} INFO - DAG(s) 'tutorial_objectstorage' retrieved from /home/ubuntu/endtoend_venv/lib/python3.12/site-packages/airflow/example_dags/tutorial_objectstorage.py
[2024-06-06T01:19:34.611+0000] {logging_mixin.py:188} INFO - [2024-06-06T01:19:34.611+0000] {dag.py:3096} INFO - Sync 1 DAGs
[2024-06-06T01:19:34.623+0000] {logging_mixin.py:188} INFO - [2024-06-06T01:19:34.623+0000] {dag.py:3954} INFO - Setting next_dagrun for tutorial_objectstorage to None, run_after=None
[2024-06-06T01:19:34.646+0000] {processor.py:183} INFO - Processing /home/ubuntu/endtoend_venv/lib/python3.12/site-packages/airflow/example_dags/tutorial_objectstorage.py took 0.068 seconds
[2024-06-06T01:20:16.742+0000] {processor.py:161} INFO - Started process (PID=21398) to work on /home/ubuntu/endtoend_venv/lib/python3.12/site-packages/airflow/example_dags/tutorial_objectstorage.py
[2024-06-06T01:20:16.743+0000] {processor.py:830} INFO - Processing file /home/ubuntu/endtoend_venv/lib/python3.12/site-packages/airflow/example_dags/tutorial_objectstorage.py for tasks to queue
[2024-06-06T01:20:16.745+0000] {logging_mixin.py:188} INFO - [2024-06-06T01:20:16.744+0000] {dagbag.py:545} INFO - Filling up the DagBag from /home/ubuntu/endtoend_venv/lib/python3.12/site-packages/airflow/example_dags/tutorial_objectstorage.py
[2024-06-06T01:20:16.753+0000] {processor.py:840} INFO - DAG(s) 'tutorial_objectstorage' retrieved from /home/ubuntu/endtoend_venv/lib/python3.12/site-packages/airflow/example_dags/tutorial_objectstorage.py
[2024-06-06T01:20:16.770+0000] {logging_mixin.py:188} INFO - [2024-06-06T01:20:16.769+0000] {dag.py:3096} INFO - Sync 1 DAGs
[2024-06-06T01:20:16.782+0000] {logging_mixin.py:188} INFO - [2024-06-06T01:20:16.782+0000] {dag.py:3954} INFO - Setting next_dagrun for tutorial_objectstorage to None, run_after=None
[2024-06-06T01:20:16.807+0000] {processor.py:183} INFO - Processing /home/ubuntu/endtoend_venv/lib/python3.12/site-packages/airflow/example_dags/tutorial_objectstorage.py took 0.071 seconds
