[2024-06-06T01:15:48.803+0000] {processor.py:161} INFO - Started process (PID=21044) to work on /home/ubuntu/endtoend_venv/lib/python3.12/site-packages/airflow/example_dags/tutorial_taskflow_api.py
[2024-06-06T01:15:48.804+0000] {processor.py:830} INFO - Processing file /home/ubuntu/endtoend_venv/lib/python3.12/site-packages/airflow/example_dags/tutorial_taskflow_api.py for tasks to queue
[2024-06-06T01:15:48.806+0000] {logging_mixin.py:188} INFO - [2024-06-06T01:15:48.806+0000] {dagbag.py:545} INFO - Filling up the DagBag from /home/ubuntu/endtoend_venv/lib/python3.12/site-packages/airflow/example_dags/tutorial_taskflow_api.py
[2024-06-06T01:15:48.816+0000] {processor.py:840} INFO - DAG(s) 'tutorial_taskflow_api' retrieved from /home/ubuntu/endtoend_venv/lib/python3.12/site-packages/airflow/example_dags/tutorial_taskflow_api.py
[2024-06-06T01:15:48.824+0000] {logging_mixin.py:188} INFO - [2024-06-06T01:15:48.824+0000] {dag.py:3096} INFO - Sync 1 DAGs
[2024-06-06T01:15:48.837+0000] {logging_mixin.py:188} INFO - [2024-06-06T01:15:48.837+0000] {dag.py:3954} INFO - Setting next_dagrun for tutorial_taskflow_api to None, run_after=None
[2024-06-06T01:15:48.860+0000] {processor.py:183} INFO - Processing /home/ubuntu/endtoend_venv/lib/python3.12/site-packages/airflow/example_dags/tutorial_taskflow_api.py took 0.062 seconds
[2024-06-06T01:16:39.616+0000] {processor.py:161} INFO - Started process (PID=21096) to work on /home/ubuntu/endtoend_venv/lib/python3.12/site-packages/airflow/example_dags/tutorial_taskflow_api.py
[2024-06-06T01:16:39.617+0000] {processor.py:830} INFO - Processing file /home/ubuntu/endtoend_venv/lib/python3.12/site-packages/airflow/example_dags/tutorial_taskflow_api.py for tasks to queue
[2024-06-06T01:16:39.619+0000] {logging_mixin.py:188} INFO - [2024-06-06T01:16:39.618+0000] {dagbag.py:545} INFO - Filling up the DagBag from /home/ubuntu/endtoend_venv/lib/python3.12/site-packages/airflow/example_dags/tutorial_taskflow_api.py
[2024-06-06T01:16:39.626+0000] {processor.py:840} INFO - DAG(s) 'tutorial_taskflow_api' retrieved from /home/ubuntu/endtoend_venv/lib/python3.12/site-packages/airflow/example_dags/tutorial_taskflow_api.py
[2024-06-06T01:16:39.731+0000] {logging_mixin.py:188} INFO - [2024-06-06T01:16:39.731+0000] {dag.py:3096} INFO - Sync 1 DAGs
[2024-06-06T01:16:39.741+0000] {logging_mixin.py:188} INFO - [2024-06-06T01:16:39.741+0000] {dag.py:3954} INFO - Setting next_dagrun for tutorial_taskflow_api to None, run_after=None
[2024-06-06T01:16:39.764+0000] {processor.py:183} INFO - Processing /home/ubuntu/endtoend_venv/lib/python3.12/site-packages/airflow/example_dags/tutorial_taskflow_api.py took 0.154 seconds
[2024-06-06T01:17:23.430+0000] {processor.py:161} INFO - Started process (PID=21144) to work on /home/ubuntu/endtoend_venv/lib/python3.12/site-packages/airflow/example_dags/tutorial_taskflow_api.py
[2024-06-06T01:17:23.432+0000] {processor.py:830} INFO - Processing file /home/ubuntu/endtoend_venv/lib/python3.12/site-packages/airflow/example_dags/tutorial_taskflow_api.py for tasks to queue
[2024-06-06T01:17:23.433+0000] {logging_mixin.py:188} INFO - [2024-06-06T01:17:23.433+0000] {dagbag.py:545} INFO - Filling up the DagBag from /home/ubuntu/endtoend_venv/lib/python3.12/site-packages/airflow/example_dags/tutorial_taskflow_api.py
[2024-06-06T01:17:23.441+0000] {processor.py:840} INFO - DAG(s) 'tutorial_taskflow_api' retrieved from /home/ubuntu/endtoend_venv/lib/python3.12/site-packages/airflow/example_dags/tutorial_taskflow_api.py
[2024-06-06T01:17:23.457+0000] {logging_mixin.py:188} INFO - [2024-06-06T01:17:23.457+0000] {dag.py:3096} INFO - Sync 1 DAGs
[2024-06-06T01:17:23.470+0000] {logging_mixin.py:188} INFO - [2024-06-06T01:17:23.470+0000] {dag.py:3954} INFO - Setting next_dagrun for tutorial_taskflow_api to None, run_after=None
[2024-06-06T01:17:23.493+0000] {processor.py:183} INFO - Processing /home/ubuntu/endtoend_venv/lib/python3.12/site-packages/airflow/example_dags/tutorial_taskflow_api.py took 0.069 seconds
[2024-06-06T01:18:05.122+0000] {processor.py:161} INFO - Started process (PID=21186) to work on /home/ubuntu/endtoend_venv/lib/python3.12/site-packages/airflow/example_dags/tutorial_taskflow_api.py
[2024-06-06T01:18:05.124+0000] {processor.py:830} INFO - Processing file /home/ubuntu/endtoend_venv/lib/python3.12/site-packages/airflow/example_dags/tutorial_taskflow_api.py for tasks to queue
[2024-06-06T01:18:05.126+0000] {logging_mixin.py:188} INFO - [2024-06-06T01:18:05.125+0000] {dagbag.py:545} INFO - Filling up the DagBag from /home/ubuntu/endtoend_venv/lib/python3.12/site-packages/airflow/example_dags/tutorial_taskflow_api.py
[2024-06-06T01:18:05.133+0000] {processor.py:840} INFO - DAG(s) 'tutorial_taskflow_api' retrieved from /home/ubuntu/endtoend_venv/lib/python3.12/site-packages/airflow/example_dags/tutorial_taskflow_api.py
[2024-06-06T01:18:05.150+0000] {logging_mixin.py:188} INFO - [2024-06-06T01:18:05.150+0000] {dag.py:3096} INFO - Sync 1 DAGs
[2024-06-06T01:18:05.163+0000] {logging_mixin.py:188} INFO - [2024-06-06T01:18:05.163+0000] {dag.py:3954} INFO - Setting next_dagrun for tutorial_taskflow_api to None, run_after=None
[2024-06-06T01:18:05.187+0000] {processor.py:183} INFO - Processing /home/ubuntu/endtoend_venv/lib/python3.12/site-packages/airflow/example_dags/tutorial_taskflow_api.py took 0.071 seconds
[2024-06-06T01:18:48.321+0000] {processor.py:161} INFO - Started process (PID=21257) to work on /home/ubuntu/endtoend_venv/lib/python3.12/site-packages/airflow/example_dags/tutorial_taskflow_api.py
[2024-06-06T01:18:48.323+0000] {processor.py:830} INFO - Processing file /home/ubuntu/endtoend_venv/lib/python3.12/site-packages/airflow/example_dags/tutorial_taskflow_api.py for tasks to queue
[2024-06-06T01:18:48.325+0000] {logging_mixin.py:188} INFO - [2024-06-06T01:18:48.324+0000] {dagbag.py:545} INFO - Filling up the DagBag from /home/ubuntu/endtoend_venv/lib/python3.12/site-packages/airflow/example_dags/tutorial_taskflow_api.py
[2024-06-06T01:18:48.332+0000] {processor.py:840} INFO - DAG(s) 'tutorial_taskflow_api' retrieved from /home/ubuntu/endtoend_venv/lib/python3.12/site-packages/airflow/example_dags/tutorial_taskflow_api.py
[2024-06-06T01:18:48.349+0000] {logging_mixin.py:188} INFO - [2024-06-06T01:18:48.349+0000] {dag.py:3096} INFO - Sync 1 DAGs
[2024-06-06T01:18:48.362+0000] {logging_mixin.py:188} INFO - [2024-06-06T01:18:48.362+0000] {dag.py:3954} INFO - Setting next_dagrun for tutorial_taskflow_api to None, run_after=None
[2024-06-06T01:18:48.391+0000] {processor.py:183} INFO - Processing /home/ubuntu/endtoend_venv/lib/python3.12/site-packages/airflow/example_dags/tutorial_taskflow_api.py took 0.076 seconds
[2024-06-06T01:19:30.030+0000] {processor.py:161} INFO - Started process (PID=21300) to work on /home/ubuntu/endtoend_venv/lib/python3.12/site-packages/airflow/example_dags/tutorial_taskflow_api.py
[2024-06-06T01:19:30.032+0000] {processor.py:830} INFO - Processing file /home/ubuntu/endtoend_venv/lib/python3.12/site-packages/airflow/example_dags/tutorial_taskflow_api.py for tasks to queue
[2024-06-06T01:19:30.033+0000] {logging_mixin.py:188} INFO - [2024-06-06T01:19:30.033+0000] {dagbag.py:545} INFO - Filling up the DagBag from /home/ubuntu/endtoend_venv/lib/python3.12/site-packages/airflow/example_dags/tutorial_taskflow_api.py
[2024-06-06T01:19:30.041+0000] {processor.py:840} INFO - DAG(s) 'tutorial_taskflow_api' retrieved from /home/ubuntu/endtoend_venv/lib/python3.12/site-packages/airflow/example_dags/tutorial_taskflow_api.py
[2024-06-06T01:19:30.057+0000] {logging_mixin.py:188} INFO - [2024-06-06T01:19:30.057+0000] {dag.py:3096} INFO - Sync 1 DAGs
[2024-06-06T01:19:30.070+0000] {logging_mixin.py:188} INFO - [2024-06-06T01:19:30.070+0000] {dag.py:3954} INFO - Setting next_dagrun for tutorial_taskflow_api to None, run_after=None
[2024-06-06T01:19:30.093+0000] {processor.py:183} INFO - Processing /home/ubuntu/endtoend_venv/lib/python3.12/site-packages/airflow/example_dags/tutorial_taskflow_api.py took 0.069 seconds
[2024-06-06T01:20:13.159+0000] {processor.py:161} INFO - Started process (PID=21394) to work on /home/ubuntu/endtoend_venv/lib/python3.12/site-packages/airflow/example_dags/tutorial_taskflow_api.py
[2024-06-06T01:20:13.161+0000] {processor.py:830} INFO - Processing file /home/ubuntu/endtoend_venv/lib/python3.12/site-packages/airflow/example_dags/tutorial_taskflow_api.py for tasks to queue
[2024-06-06T01:20:13.162+0000] {logging_mixin.py:188} INFO - [2024-06-06T01:20:13.162+0000] {dagbag.py:545} INFO - Filling up the DagBag from /home/ubuntu/endtoend_venv/lib/python3.12/site-packages/airflow/example_dags/tutorial_taskflow_api.py
[2024-06-06T01:20:13.170+0000] {processor.py:840} INFO - DAG(s) 'tutorial_taskflow_api' retrieved from /home/ubuntu/endtoend_venv/lib/python3.12/site-packages/airflow/example_dags/tutorial_taskflow_api.py
[2024-06-06T01:20:13.186+0000] {logging_mixin.py:188} INFO - [2024-06-06T01:20:13.186+0000] {dag.py:3096} INFO - Sync 1 DAGs
[2024-06-06T01:20:13.199+0000] {logging_mixin.py:188} INFO - [2024-06-06T01:20:13.199+0000] {dag.py:3954} INFO - Setting next_dagrun for tutorial_taskflow_api to None, run_after=None
[2024-06-06T01:20:13.229+0000] {processor.py:183} INFO - Processing /home/ubuntu/endtoend_venv/lib/python3.12/site-packages/airflow/example_dags/tutorial_taskflow_api.py took 0.076 seconds
[2024-06-06T01:20:54.522+0000] {processor.py:161} INFO - Started process (PID=21437) to work on /home/ubuntu/endtoend_venv/lib/python3.12/site-packages/airflow/example_dags/tutorial_taskflow_api.py
[2024-06-06T01:20:54.523+0000] {processor.py:830} INFO - Processing file /home/ubuntu/endtoend_venv/lib/python3.12/site-packages/airflow/example_dags/tutorial_taskflow_api.py for tasks to queue
[2024-06-06T01:20:54.525+0000] {logging_mixin.py:188} INFO - [2024-06-06T01:20:54.525+0000] {dagbag.py:545} INFO - Filling up the DagBag from /home/ubuntu/endtoend_venv/lib/python3.12/site-packages/airflow/example_dags/tutorial_taskflow_api.py
[2024-06-06T01:20:54.533+0000] {processor.py:840} INFO - DAG(s) 'tutorial_taskflow_api' retrieved from /home/ubuntu/endtoend_venv/lib/python3.12/site-packages/airflow/example_dags/tutorial_taskflow_api.py
[2024-06-06T01:20:54.550+0000] {logging_mixin.py:188} INFO - [2024-06-06T01:20:54.550+0000] {dag.py:3096} INFO - Sync 1 DAGs
[2024-06-06T01:20:54.564+0000] {logging_mixin.py:188} INFO - [2024-06-06T01:20:54.563+0000] {dag.py:3954} INFO - Setting next_dagrun for tutorial_taskflow_api to None, run_after=None
[2024-06-06T01:20:54.589+0000] {processor.py:183} INFO - Processing /home/ubuntu/endtoend_venv/lib/python3.12/site-packages/airflow/example_dags/tutorial_taskflow_api.py took 0.074 seconds
