[2024-06-06T01:15:51.075+0000] {processor.py:161} INFO - Started process (PID=21046) to work on /home/ubuntu/endtoend_venv/lib/python3.12/site-packages/airflow/example_dags/tutorial.py
[2024-06-06T01:15:51.076+0000] {processor.py:830} INFO - Processing file /home/ubuntu/endtoend_venv/lib/python3.12/site-packages/airflow/example_dags/tutorial.py for tasks to queue
[2024-06-06T01:15:51.077+0000] {logging_mixin.py:188} INFO - [2024-06-06T01:15:51.077+0000] {dagbag.py:545} INFO - Filling up the DagBag from /home/ubuntu/endtoend_venv/lib/python3.12/site-packages/airflow/example_dags/tutorial.py
[2024-06-06T01:15:51.087+0000] {processor.py:840} INFO - DAG(s) 'tutorial' retrieved from /home/ubuntu/endtoend_venv/lib/python3.12/site-packages/airflow/example_dags/tutorial.py
[2024-06-06T01:15:51.096+0000] {logging_mixin.py:188} INFO - [2024-06-06T01:15:51.096+0000] {dag.py:3096} INFO - Sync 1 DAGs
[2024-06-06T01:15:51.118+0000] {logging_mixin.py:188} INFO - [2024-06-06T01:15:51.118+0000] {dag.py:3954} INFO - Setting next_dagrun for tutorial to 2024-06-05 00:00:00+00:00, run_after=2024-06-06 00:00:00+00:00
[2024-06-06T01:15:51.141+0000] {processor.py:183} INFO - Processing /home/ubuntu/endtoend_venv/lib/python3.12/site-packages/airflow/example_dags/tutorial.py took 0.073 seconds
[2024-06-06T01:16:41.641+0000] {processor.py:161} INFO - Started process (PID=21098) to work on /home/ubuntu/endtoend_venv/lib/python3.12/site-packages/airflow/example_dags/tutorial.py
[2024-06-06T01:16:41.643+0000] {processor.py:830} INFO - Processing file /home/ubuntu/endtoend_venv/lib/python3.12/site-packages/airflow/example_dags/tutorial.py for tasks to queue
[2024-06-06T01:16:41.644+0000] {logging_mixin.py:188} INFO - [2024-06-06T01:16:41.644+0000] {dagbag.py:545} INFO - Filling up the DagBag from /home/ubuntu/endtoend_venv/lib/python3.12/site-packages/airflow/example_dags/tutorial.py
[2024-06-06T01:16:41.651+0000] {processor.py:840} INFO - DAG(s) 'tutorial' retrieved from /home/ubuntu/endtoend_venv/lib/python3.12/site-packages/airflow/example_dags/tutorial.py
[2024-06-06T01:16:41.756+0000] {logging_mixin.py:188} INFO - [2024-06-06T01:16:41.755+0000] {dag.py:3096} INFO - Sync 1 DAGs
[2024-06-06T01:16:41.778+0000] {logging_mixin.py:188} INFO - [2024-06-06T01:16:41.777+0000] {dag.py:3954} INFO - Setting next_dagrun for tutorial to 2024-06-05 00:00:00+00:00, run_after=2024-06-06 00:00:00+00:00
[2024-06-06T01:16:41.801+0000] {processor.py:183} INFO - Processing /home/ubuntu/endtoend_venv/lib/python3.12/site-packages/airflow/example_dags/tutorial.py took 0.165 seconds
[2024-06-06T01:17:25.158+0000] {processor.py:161} INFO - Started process (PID=21146) to work on /home/ubuntu/endtoend_venv/lib/python3.12/site-packages/airflow/example_dags/tutorial.py
[2024-06-06T01:17:25.160+0000] {processor.py:830} INFO - Processing file /home/ubuntu/endtoend_venv/lib/python3.12/site-packages/airflow/example_dags/tutorial.py for tasks to queue
[2024-06-06T01:17:25.161+0000] {logging_mixin.py:188} INFO - [2024-06-06T01:17:25.161+0000] {dagbag.py:545} INFO - Filling up the DagBag from /home/ubuntu/endtoend_venv/lib/python3.12/site-packages/airflow/example_dags/tutorial.py
[2024-06-06T01:17:25.168+0000] {processor.py:840} INFO - DAG(s) 'tutorial' retrieved from /home/ubuntu/endtoend_venv/lib/python3.12/site-packages/airflow/example_dags/tutorial.py
[2024-06-06T01:17:25.184+0000] {logging_mixin.py:188} INFO - [2024-06-06T01:17:25.184+0000] {dag.py:3096} INFO - Sync 1 DAGs
[2024-06-06T01:17:25.205+0000] {logging_mixin.py:188} INFO - [2024-06-06T01:17:25.205+0000] {dag.py:3954} INFO - Setting next_dagrun for tutorial to 2024-06-05 00:00:00+00:00, run_after=2024-06-06 00:00:00+00:00
[2024-06-06T01:17:25.229+0000] {processor.py:183} INFO - Processing /home/ubuntu/endtoend_venv/lib/python3.12/site-packages/airflow/example_dags/tutorial.py took 0.078 seconds
[2024-06-06T01:18:07.343+0000] {processor.py:161} INFO - Started process (PID=21188) to work on /home/ubuntu/endtoend_venv/lib/python3.12/site-packages/airflow/example_dags/tutorial.py
[2024-06-06T01:18:07.345+0000] {processor.py:830} INFO - Processing file /home/ubuntu/endtoend_venv/lib/python3.12/site-packages/airflow/example_dags/tutorial.py for tasks to queue
[2024-06-06T01:18:07.346+0000] {logging_mixin.py:188} INFO - [2024-06-06T01:18:07.346+0000] {dagbag.py:545} INFO - Filling up the DagBag from /home/ubuntu/endtoend_venv/lib/python3.12/site-packages/airflow/example_dags/tutorial.py
[2024-06-06T01:18:07.353+0000] {processor.py:840} INFO - DAG(s) 'tutorial' retrieved from /home/ubuntu/endtoend_venv/lib/python3.12/site-packages/airflow/example_dags/tutorial.py
[2024-06-06T01:18:07.370+0000] {logging_mixin.py:188} INFO - [2024-06-06T01:18:07.370+0000] {dag.py:3096} INFO - Sync 1 DAGs
[2024-06-06T01:18:07.391+0000] {logging_mixin.py:188} INFO - [2024-06-06T01:18:07.390+0000] {dag.py:3954} INFO - Setting next_dagrun for tutorial to 2024-06-05 00:00:00+00:00, run_after=2024-06-06 00:00:00+00:00
[2024-06-06T01:18:07.413+0000] {processor.py:183} INFO - Processing /home/ubuntu/endtoend_venv/lib/python3.12/site-packages/airflow/example_dags/tutorial.py took 0.076 seconds
[2024-06-06T01:18:50.592+0000] {processor.py:161} INFO - Started process (PID=21260) to work on /home/ubuntu/endtoend_venv/lib/python3.12/site-packages/airflow/example_dags/tutorial.py
[2024-06-06T01:18:50.594+0000] {processor.py:830} INFO - Processing file /home/ubuntu/endtoend_venv/lib/python3.12/site-packages/airflow/example_dags/tutorial.py for tasks to queue
[2024-06-06T01:18:50.596+0000] {logging_mixin.py:188} INFO - [2024-06-06T01:18:50.595+0000] {dagbag.py:545} INFO - Filling up the DagBag from /home/ubuntu/endtoend_venv/lib/python3.12/site-packages/airflow/example_dags/tutorial.py
[2024-06-06T01:18:50.602+0000] {processor.py:840} INFO - DAG(s) 'tutorial' retrieved from /home/ubuntu/endtoend_venv/lib/python3.12/site-packages/airflow/example_dags/tutorial.py
[2024-06-06T01:18:50.619+0000] {logging_mixin.py:188} INFO - [2024-06-06T01:18:50.618+0000] {dag.py:3096} INFO - Sync 1 DAGs
[2024-06-06T01:18:50.639+0000] {logging_mixin.py:188} INFO - [2024-06-06T01:18:50.639+0000] {dag.py:3954} INFO - Setting next_dagrun for tutorial to 2024-06-05 00:00:00+00:00, run_after=2024-06-06 00:00:00+00:00
[2024-06-06T01:18:50.662+0000] {processor.py:183} INFO - Processing /home/ubuntu/endtoend_venv/lib/python3.12/site-packages/airflow/example_dags/tutorial.py took 0.076 seconds
[2024-06-06T01:19:32.301+0000] {processor.py:161} INFO - Started process (PID=21302) to work on /home/ubuntu/endtoend_venv/lib/python3.12/site-packages/airflow/example_dags/tutorial.py
[2024-06-06T01:19:32.303+0000] {processor.py:830} INFO - Processing file /home/ubuntu/endtoend_venv/lib/python3.12/site-packages/airflow/example_dags/tutorial.py for tasks to queue
[2024-06-06T01:19:32.304+0000] {logging_mixin.py:188} INFO - [2024-06-06T01:19:32.304+0000] {dagbag.py:545} INFO - Filling up the DagBag from /home/ubuntu/endtoend_venv/lib/python3.12/site-packages/airflow/example_dags/tutorial.py
[2024-06-06T01:19:32.311+0000] {processor.py:840} INFO - DAG(s) 'tutorial' retrieved from /home/ubuntu/endtoend_venv/lib/python3.12/site-packages/airflow/example_dags/tutorial.py
[2024-06-06T01:19:32.327+0000] {logging_mixin.py:188} INFO - [2024-06-06T01:19:32.327+0000] {dag.py:3096} INFO - Sync 1 DAGs
[2024-06-06T01:19:32.347+0000] {logging_mixin.py:188} INFO - [2024-06-06T01:19:32.347+0000] {dag.py:3954} INFO - Setting next_dagrun for tutorial to 2024-06-05 00:00:00+00:00, run_after=2024-06-06 00:00:00+00:00
[2024-06-06T01:19:32.370+0000] {processor.py:183} INFO - Processing /home/ubuntu/endtoend_venv/lib/python3.12/site-packages/airflow/example_dags/tutorial.py took 0.074 seconds
[2024-06-06T01:20:14.886+0000] {processor.py:161} INFO - Started process (PID=21396) to work on /home/ubuntu/endtoend_venv/lib/python3.12/site-packages/airflow/example_dags/tutorial.py
[2024-06-06T01:20:14.900+0000] {processor.py:830} INFO - Processing file /home/ubuntu/endtoend_venv/lib/python3.12/site-packages/airflow/example_dags/tutorial.py for tasks to queue
[2024-06-06T01:20:14.902+0000] {logging_mixin.py:188} INFO - [2024-06-06T01:20:14.901+0000] {dagbag.py:545} INFO - Filling up the DagBag from /home/ubuntu/endtoend_venv/lib/python3.12/site-packages/airflow/example_dags/tutorial.py
[2024-06-06T01:20:14.909+0000] {processor.py:840} INFO - DAG(s) 'tutorial' retrieved from /home/ubuntu/endtoend_venv/lib/python3.12/site-packages/airflow/example_dags/tutorial.py
[2024-06-06T01:20:14.927+0000] {logging_mixin.py:188} INFO - [2024-06-06T01:20:14.926+0000] {dag.py:3096} INFO - Sync 1 DAGs
[2024-06-06T01:20:14.949+0000] {logging_mixin.py:188} INFO - [2024-06-06T01:20:14.948+0000] {dag.py:3954} INFO - Setting next_dagrun for tutorial to 2024-06-05 00:00:00+00:00, run_after=2024-06-06 00:00:00+00:00
[2024-06-06T01:20:14.974+0000] {processor.py:183} INFO - Processing /home/ubuntu/endtoend_venv/lib/python3.12/site-packages/airflow/example_dags/tutorial.py took 0.095 seconds
