[2024-06-10T01:49:54.866+0000] {local_task_job_runner.py:120} INFO - ::group::Pre task execution logs
[2024-06-10T01:49:54.882+0000] {taskinstance.py:2076} INFO - Dependencies all met for dep_context=non-requeueable deps ti=<TaskInstance: zillow_analytics_dag.tsk_load_to_s3 scheduled__2024-06-09T00:00:00+00:00 [queued]>
[2024-06-10T01:49:54.888+0000] {taskinstance.py:2076} INFO - Dependencies all met for dep_context=requeueable deps ti=<TaskInstance: zillow_analytics_dag.tsk_load_to_s3 scheduled__2024-06-09T00:00:00+00:00 [queued]>
[2024-06-10T01:49:54.888+0000] {taskinstance.py:2306} INFO - Starting attempt 1 of 3
[2024-06-10T01:49:54.903+0000] {taskinstance.py:2330} INFO - Executing <Task(BashOperator): tsk_load_to_s3> on 2024-06-09 00:00:00+00:00
[2024-06-10T01:49:54.906+0000] {standard_task_runner.py:63} INFO - Started process 78831 to run task
[2024-06-10T01:49:54.909+0000] {standard_task_runner.py:90} INFO - Running: ['airflow', 'tasks', 'run', 'zillow_analytics_dag', 'tsk_load_to_s3', 'scheduled__2024-06-09T00:00:00+00:00', '--job-id', '51', '--raw', '--subdir', 'DAGS_FOLDER/zillowanalytics.py', '--cfg-path', '/tmp/tmp3o_t89r6']
[2024-06-10T01:49:54.910+0000] {standard_task_runner.py:91} INFO - Job 51: Subtask tsk_load_to_s3
[2024-06-10T01:49:54.951+0000] {task_command.py:426} INFO - Running <TaskInstance: zillow_analytics_dag.tsk_load_to_s3 scheduled__2024-06-09T00:00:00+00:00 [running]> on host ip-172-31-25-20.us-east-2.compute.internal
[2024-06-10T01:49:55.023+0000] {taskinstance.py:2648} INFO - Exporting env vars: AIRFLOW_CTX_DAG_EMAIL='myemail@domain.com' AIRFLOW_CTX_DAG_OWNER='airflow' AIRFLOW_CTX_DAG_ID='zillow_analytics_dag' AIRFLOW_CTX_TASK_ID='tsk_load_to_s3' AIRFLOW_CTX_EXECUTION_DATE='2024-06-09T00:00:00+00:00' AIRFLOW_CTX_TRY_NUMBER='1' AIRFLOW_CTX_DAG_RUN_ID='scheduled__2024-06-09T00:00:00+00:00'
[2024-06-10T01:49:55.023+0000] {taskinstance.py:430} INFO - ::endgroup::
[2024-06-10T01:49:55.036+0000] {subprocess.py:63} INFO - Tmp dir root location: /tmp
[2024-06-10T01:49:55.037+0000] {subprocess.py:75} INFO - Running command: ['/usr/bin/bash', '-c', 'aws s3 mv /home/ubuntu/response_data_10062024014951.json s3://endtoend-zillow/']
[2024-06-10T01:49:55.045+0000] {subprocess.py:86} INFO - Output:
[2024-06-10T01:49:55.999+0000] {subprocess.py:93} INFO - Completed 53.5 KiB/53.5 KiB (331.8 KiB/s) with 1 file(s) remainingmove: ../../home/ubuntu/response_data_10062024014951.json to s3://endtoend-zillow/response_data_10062024014951.json
[2024-06-10T01:49:56.068+0000] {subprocess.py:97} INFO - Command exited with return code 0
[2024-06-10T01:49:56.068+0000] {taskinstance.py:441} INFO - ::group::Post task execution logs
[2024-06-10T01:49:56.089+0000] {taskinstance.py:1206} INFO - Marking task as SUCCESS. dag_id=zillow_analytics_dag, task_id=tsk_load_to_s3, run_id=scheduled__2024-06-09T00:00:00+00:00, execution_date=20240609T000000, start_date=20240610T014954, end_date=20240610T014956
[2024-06-10T01:49:56.206+0000] {local_task_job_runner.py:240} INFO - Task exited with return code 0
[2024-06-10T01:49:56.217+0000] {taskinstance.py:3498} INFO - 0 downstream tasks scheduled from follow-on schedule check
[2024-06-10T01:49:56.218+0000] {local_task_job_runner.py:222} INFO - ::endgroup::
