[2024-06-14T02:59:04.531+0000] {local_task_job_runner.py:120} INFO - ::group::Pre task execution logs
[2024-06-14T02:59:04.541+0000] {taskinstance.py:2076} INFO - Dependencies all met for dep_context=non-requeueable deps ti=<TaskInstance: zillow_analytics_dag.tsk_load_to_s3 manual__2024-06-14T02:58:15.950792+00:00 [queued]>
[2024-06-14T02:59:04.547+0000] {taskinstance.py:2076} INFO - Dependencies all met for dep_context=requeueable deps ti=<TaskInstance: zillow_analytics_dag.tsk_load_to_s3 manual__2024-06-14T02:58:15.950792+00:00 [queued]>
[2024-06-14T02:59:04.547+0000] {taskinstance.py:2306} INFO - Starting attempt 1 of 3
[2024-06-14T02:59:04.562+0000] {taskinstance.py:2330} INFO - Executing <Task(BashOperator): tsk_load_to_s3> on 2024-06-14 02:58:15.950792+00:00
[2024-06-14T02:59:04.567+0000] {standard_task_runner.py:63} INFO - Started process 158920 to run task
[2024-06-14T02:59:04.570+0000] {standard_task_runner.py:90} INFO - Running: ['airflow', 'tasks', 'run', 'zillow_analytics_dag', 'tsk_load_to_s3', 'manual__2024-06-14T02:58:15.950792+00:00', '--job-id', '176', '--raw', '--subdir', 'DAGS_FOLDER/zillowanalytics.py', '--cfg-path', '/tmp/tmpukrawasu']
[2024-06-14T02:59:04.572+0000] {standard_task_runner.py:91} INFO - Job 176: Subtask tsk_load_to_s3
[2024-06-14T02:59:04.607+0000] {task_command.py:426} INFO - Running <TaskInstance: zillow_analytics_dag.tsk_load_to_s3 manual__2024-06-14T02:58:15.950792+00:00 [running]> on host ip-172-31-25-20.us-east-2.compute.internal
[2024-06-14T02:59:04.687+0000] {taskinstance.py:2648} INFO - Exporting env vars: AIRFLOW_CTX_DAG_EMAIL='myemail@domain.com' AIRFLOW_CTX_DAG_OWNER='airflow' AIRFLOW_CTX_DAG_ID='zillow_analytics_dag' AIRFLOW_CTX_TASK_ID='tsk_load_to_s3' AIRFLOW_CTX_EXECUTION_DATE='2024-06-14T02:58:15.950792+00:00' AIRFLOW_CTX_TRY_NUMBER='1' AIRFLOW_CTX_DAG_RUN_ID='manual__2024-06-14T02:58:15.950792+00:00'
[2024-06-14T02:59:04.688+0000] {taskinstance.py:430} INFO - ::endgroup::
[2024-06-14T02:59:04.701+0000] {subprocess.py:63} INFO - Tmp dir root location: /tmp
[2024-06-14T02:59:04.701+0000] {subprocess.py:75} INFO - Running command: ['/usr/bin/bash', '-c', 'aws s3 mv /home/ubuntu/response_data_14062024025858.json s3://endtoend-zillow/']
[2024-06-14T02:59:04.709+0000] {subprocess.py:86} INFO - Output:
[2024-06-14T02:59:05.439+0000] {subprocess.py:93} INFO - Completed 66.4 KiB/66.4 KiB (352.0 KiB/s) with 1 file(s) remainingmove: ../../home/ubuntu/response_data_14062024025858.json to s3://endtoend-zillow/response_data_14062024025858.json
[2024-06-14T02:59:05.515+0000] {subprocess.py:97} INFO - Command exited with return code 0
[2024-06-14T02:59:05.516+0000] {taskinstance.py:441} INFO - ::group::Post task execution logs
[2024-06-14T02:59:05.537+0000] {taskinstance.py:1206} INFO - Marking task as SUCCESS. dag_id=zillow_analytics_dag, task_id=tsk_load_to_s3, run_id=manual__2024-06-14T02:58:15.950792+00:00, execution_date=20240614T025815, start_date=20240614T025904, end_date=20240614T025905
[2024-06-14T02:59:05.587+0000] {local_task_job_runner.py:240} INFO - Task exited with return code 0
[2024-06-14T02:59:05.603+0000] {taskinstance.py:3498} INFO - 1 downstream tasks scheduled from follow-on schedule check
[2024-06-14T02:59:05.608+0000] {local_task_job_runner.py:222} INFO - ::endgroup::
