[2024-06-06T01:15:41.856+0000] {processor.py:161} INFO - Started process (PID=21033) to work on /home/ubuntu/endtoend_venv/lib/python3.12/site-packages/airflow/example_dags/subdags/subdag.py
[2024-06-06T01:15:41.857+0000] {processor.py:830} INFO - Processing file /home/ubuntu/endtoend_venv/lib/python3.12/site-packages/airflow/example_dags/subdags/subdag.py for tasks to queue
[2024-06-06T01:15:41.865+0000] {logging_mixin.py:188} INFO - [2024-06-06T01:15:41.864+0000] {dagbag.py:545} INFO - Filling up the DagBag from /home/ubuntu/endtoend_venv/lib/python3.12/site-packages/airflow/example_dags/subdags/subdag.py
[2024-06-06T01:15:41.873+0000] {processor.py:842} WARNING - No viable dags retrieved from /home/ubuntu/endtoend_venv/lib/python3.12/site-packages/airflow/example_dags/subdags/subdag.py
[2024-06-06T01:15:41.905+0000] {processor.py:183} INFO - Processing /home/ubuntu/endtoend_venv/lib/python3.12/site-packages/airflow/example_dags/subdags/subdag.py took 0.071 seconds
[2024-06-06T01:16:33.323+0000] {processor.py:161} INFO - Started process (PID=21090) to work on /home/ubuntu/endtoend_venv/lib/python3.12/site-packages/airflow/example_dags/subdags/subdag.py
[2024-06-06T01:16:33.325+0000] {processor.py:830} INFO - Processing file /home/ubuntu/endtoend_venv/lib/python3.12/site-packages/airflow/example_dags/subdags/subdag.py for tasks to queue
[2024-06-06T01:16:33.327+0000] {logging_mixin.py:188} INFO - [2024-06-06T01:16:33.326+0000] {dagbag.py:545} INFO - Filling up the DagBag from /home/ubuntu/endtoend_venv/lib/python3.12/site-packages/airflow/example_dags/subdags/subdag.py
[2024-06-06T01:16:33.329+0000] {processor.py:842} WARNING - No viable dags retrieved from /home/ubuntu/endtoend_venv/lib/python3.12/site-packages/airflow/example_dags/subdags/subdag.py
[2024-06-06T01:16:33.340+0000] {processor.py:183} INFO - Processing /home/ubuntu/endtoend_venv/lib/python3.12/site-packages/airflow/example_dags/subdags/subdag.py took 0.022 seconds
[2024-06-06T01:17:17.150+0000] {processor.py:161} INFO - Started process (PID=21138) to work on /home/ubuntu/endtoend_venv/lib/python3.12/site-packages/airflow/example_dags/subdags/subdag.py
[2024-06-06T01:17:17.152+0000] {processor.py:830} INFO - Processing file /home/ubuntu/endtoend_venv/lib/python3.12/site-packages/airflow/example_dags/subdags/subdag.py for tasks to queue
[2024-06-06T01:17:17.153+0000] {logging_mixin.py:188} INFO - [2024-06-06T01:17:17.153+0000] {dagbag.py:545} INFO - Filling up the DagBag from /home/ubuntu/endtoend_venv/lib/python3.12/site-packages/airflow/example_dags/subdags/subdag.py
[2024-06-06T01:17:17.156+0000] {processor.py:842} WARNING - No viable dags retrieved from /home/ubuntu/endtoend_venv/lib/python3.12/site-packages/airflow/example_dags/subdags/subdag.py
[2024-06-06T01:17:17.167+0000] {processor.py:183} INFO - Processing /home/ubuntu/endtoend_venv/lib/python3.12/site-packages/airflow/example_dags/subdags/subdag.py took 0.023 seconds
[2024-06-06T01:17:59.308+0000] {processor.py:161} INFO - Started process (PID=21180) to work on /home/ubuntu/endtoend_venv/lib/python3.12/site-packages/airflow/example_dags/subdags/subdag.py
[2024-06-06T01:17:59.309+0000] {processor.py:830} INFO - Processing file /home/ubuntu/endtoend_venv/lib/python3.12/site-packages/airflow/example_dags/subdags/subdag.py for tasks to queue
[2024-06-06T01:17:59.311+0000] {logging_mixin.py:188} INFO - [2024-06-06T01:17:59.310+0000] {dagbag.py:545} INFO - Filling up the DagBag from /home/ubuntu/endtoend_venv/lib/python3.12/site-packages/airflow/example_dags/subdags/subdag.py
[2024-06-06T01:17:59.313+0000] {processor.py:842} WARNING - No viable dags retrieved from /home/ubuntu/endtoend_venv/lib/python3.12/site-packages/airflow/example_dags/subdags/subdag.py
[2024-06-06T01:17:59.324+0000] {processor.py:183} INFO - Processing /home/ubuntu/endtoend_venv/lib/python3.12/site-packages/airflow/example_dags/subdags/subdag.py took 0.022 seconds
[2024-06-06T01:18:43.176+0000] {processor.py:161} INFO - Started process (PID=21251) to work on /home/ubuntu/endtoend_venv/lib/python3.12/site-packages/airflow/example_dags/subdags/subdag.py
[2024-06-06T01:18:43.178+0000] {processor.py:830} INFO - Processing file /home/ubuntu/endtoend_venv/lib/python3.12/site-packages/airflow/example_dags/subdags/subdag.py for tasks to queue
[2024-06-06T01:18:43.179+0000] {logging_mixin.py:188} INFO - [2024-06-06T01:18:43.179+0000] {dagbag.py:545} INFO - Filling up the DagBag from /home/ubuntu/endtoend_venv/lib/python3.12/site-packages/airflow/example_dags/subdags/subdag.py
[2024-06-06T01:18:43.182+0000] {processor.py:842} WARNING - No viable dags retrieved from /home/ubuntu/endtoend_venv/lib/python3.12/site-packages/airflow/example_dags/subdags/subdag.py
[2024-06-06T01:18:43.193+0000] {processor.py:183} INFO - Processing /home/ubuntu/endtoend_venv/lib/python3.12/site-packages/airflow/example_dags/subdags/subdag.py took 0.023 seconds
[2024-06-06T01:19:24.447+0000] {processor.py:161} INFO - Started process (PID=21293) to work on /home/ubuntu/endtoend_venv/lib/python3.12/site-packages/airflow/example_dags/subdags/subdag.py
[2024-06-06T01:19:24.448+0000] {processor.py:830} INFO - Processing file /home/ubuntu/endtoend_venv/lib/python3.12/site-packages/airflow/example_dags/subdags/subdag.py for tasks to queue
[2024-06-06T01:19:24.450+0000] {logging_mixin.py:188} INFO - [2024-06-06T01:19:24.450+0000] {dagbag.py:545} INFO - Filling up the DagBag from /home/ubuntu/endtoend_venv/lib/python3.12/site-packages/airflow/example_dags/subdags/subdag.py
[2024-06-06T01:19:24.452+0000] {processor.py:842} WARNING - No viable dags retrieved from /home/ubuntu/endtoend_venv/lib/python3.12/site-packages/airflow/example_dags/subdags/subdag.py
[2024-06-06T01:19:24.463+0000] {processor.py:183} INFO - Processing /home/ubuntu/endtoend_venv/lib/python3.12/site-packages/airflow/example_dags/subdags/subdag.py took 0.022 seconds
[2024-06-06T01:20:06.602+0000] {processor.py:161} INFO - Started process (PID=21388) to work on /home/ubuntu/endtoend_venv/lib/python3.12/site-packages/airflow/example_dags/subdags/subdag.py
[2024-06-06T01:20:06.604+0000] {processor.py:830} INFO - Processing file /home/ubuntu/endtoend_venv/lib/python3.12/site-packages/airflow/example_dags/subdags/subdag.py for tasks to queue
[2024-06-06T01:20:06.606+0000] {logging_mixin.py:188} INFO - [2024-06-06T01:20:06.605+0000] {dagbag.py:545} INFO - Filling up the DagBag from /home/ubuntu/endtoend_venv/lib/python3.12/site-packages/airflow/example_dags/subdags/subdag.py
[2024-06-06T01:20:06.608+0000] {processor.py:842} WARNING - No viable dags retrieved from /home/ubuntu/endtoend_venv/lib/python3.12/site-packages/airflow/example_dags/subdags/subdag.py
[2024-06-06T01:20:06.619+0000] {processor.py:183} INFO - Processing /home/ubuntu/endtoend_venv/lib/python3.12/site-packages/airflow/example_dags/subdags/subdag.py took 0.023 seconds
[2024-06-06T01:20:48.240+0000] {processor.py:161} INFO - Started process (PID=21431) to work on /home/ubuntu/endtoend_venv/lib/python3.12/site-packages/airflow/example_dags/subdags/subdag.py
[2024-06-06T01:20:48.241+0000] {processor.py:830} INFO - Processing file /home/ubuntu/endtoend_venv/lib/python3.12/site-packages/airflow/example_dags/subdags/subdag.py for tasks to queue
[2024-06-06T01:20:48.243+0000] {logging_mixin.py:188} INFO - [2024-06-06T01:20:48.242+0000] {dagbag.py:545} INFO - Filling up the DagBag from /home/ubuntu/endtoend_venv/lib/python3.12/site-packages/airflow/example_dags/subdags/subdag.py
[2024-06-06T01:20:48.245+0000] {processor.py:842} WARNING - No viable dags retrieved from /home/ubuntu/endtoend_venv/lib/python3.12/site-packages/airflow/example_dags/subdags/subdag.py
[2024-06-06T01:20:48.256+0000] {processor.py:183} INFO - Processing /home/ubuntu/endtoend_venv/lib/python3.12/site-packages/airflow/example_dags/subdags/subdag.py took 0.023 seconds
