[2024-06-14T01:20:04.294+0000] {local_task_job_runner.py:120} INFO - ::group::Pre task execution logs
[2024-06-14T01:20:04.304+0000] {taskinstance.py:2076} INFO - Dependencies all met for dep_context=non-requeueable deps ti=<TaskInstance: zillow_analytics_dag.tsk_load_to_s3 manual__2024-06-14T01:19:58.660581+00:00 [queued]>
[2024-06-14T01:20:04.310+0000] {taskinstance.py:2076} INFO - Dependencies all met for dep_context=requeueable deps ti=<TaskInstance: zillow_analytics_dag.tsk_load_to_s3 manual__2024-06-14T01:19:58.660581+00:00 [queued]>
[2024-06-14T01:20:04.310+0000] {taskinstance.py:2306} INFO - Starting attempt 1 of 3
[2024-06-14T01:20:04.325+0000] {taskinstance.py:2330} INFO - Executing <Task(BashOperator): tsk_load_to_s3> on 2024-06-14 01:19:58.660581+00:00
[2024-06-14T01:20:04.329+0000] {standard_task_runner.py:63} INFO - Started process 151829 to run task
[2024-06-14T01:20:04.332+0000] {standard_task_runner.py:90} INFO - Running: ['airflow', 'tasks', 'run', 'zillow_analytics_dag', 'tsk_load_to_s3', 'manual__2024-06-14T01:19:58.660581+00:00', '--job-id', '115', '--raw', '--subdir', 'DAGS_FOLDER/zillowanalytics.py', '--cfg-path', '/tmp/tmpa3n1656m']
[2024-06-14T01:20:04.334+0000] {standard_task_runner.py:91} INFO - Job 115: Subtask tsk_load_to_s3
[2024-06-14T01:20:04.370+0000] {task_command.py:426} INFO - Running <TaskInstance: zillow_analytics_dag.tsk_load_to_s3 manual__2024-06-14T01:19:58.660581+00:00 [running]> on host ip-172-31-25-20.us-east-2.compute.internal
[2024-06-14T01:20:04.448+0000] {taskinstance.py:2648} INFO - Exporting env vars: AIRFLOW_CTX_DAG_EMAIL='myemail@domain.com' AIRFLOW_CTX_DAG_OWNER='airflow' AIRFLOW_CTX_DAG_ID='zillow_analytics_dag' AIRFLOW_CTX_TASK_ID='tsk_load_to_s3' AIRFLOW_CTX_EXECUTION_DATE='2024-06-14T01:19:58.660581+00:00' AIRFLOW_CTX_TRY_NUMBER='1' AIRFLOW_CTX_DAG_RUN_ID='manual__2024-06-14T01:19:58.660581+00:00'
[2024-06-14T01:20:04.448+0000] {taskinstance.py:430} INFO - ::endgroup::
[2024-06-14T01:20:04.461+0000] {subprocess.py:63} INFO - Tmp dir root location: /tmp
[2024-06-14T01:20:04.462+0000] {subprocess.py:75} INFO - Running command: ['/usr/bin/bash', '-c', 'aws s3 mv /home/ubuntu/response_data_14062024012000.json s3://endtoend-zillow/']
[2024-06-14T01:20:04.469+0000] {subprocess.py:86} INFO - Output:
[2024-06-14T01:20:05.181+0000] {subprocess.py:93} INFO - Completed 64.9 KiB/64.9 KiB (381.7 KiB/s) with 1 file(s) remainingmove: ../../home/ubuntu/response_data_14062024012000.json to s3://endtoend-zillow/response_data_14062024012000.json
[2024-06-14T01:20:05.272+0000] {subprocess.py:97} INFO - Command exited with return code 0
[2024-06-14T01:20:05.273+0000] {taskinstance.py:441} INFO - ::group::Post task execution logs
[2024-06-14T01:20:05.294+0000] {taskinstance.py:1206} INFO - Marking task as SUCCESS. dag_id=zillow_analytics_dag, task_id=tsk_load_to_s3, run_id=manual__2024-06-14T01:19:58.660581+00:00, execution_date=20240614T011958, start_date=20240614T012004, end_date=20240614T012005
[2024-06-14T01:20:05.347+0000] {local_task_job_runner.py:240} INFO - Task exited with return code 0
[2024-06-14T01:20:05.363+0000] {taskinstance.py:3498} INFO - 1 downstream tasks scheduled from follow-on schedule check
[2024-06-14T01:20:05.369+0000] {local_task_job_runner.py:222} INFO - ::endgroup::
