[2024-06-14T01:59:23.430+0000] {local_task_job_runner.py:120} INFO - ::group::Pre task execution logs
[2024-06-14T01:59:23.440+0000] {taskinstance.py:2076} INFO - Dependencies all met for dep_context=non-requeueable deps ti=<TaskInstance: zillow_analytics_dag.tsk_load_to_s3 manual__2024-06-14T01:59:17.334325+00:00 [queued]>
[2024-06-14T01:59:23.446+0000] {taskinstance.py:2076} INFO - Dependencies all met for dep_context=requeueable deps ti=<TaskInstance: zillow_analytics_dag.tsk_load_to_s3 manual__2024-06-14T01:59:17.334325+00:00 [queued]>
[2024-06-14T01:59:23.446+0000] {taskinstance.py:2306} INFO - Starting attempt 1 of 3
[2024-06-14T01:59:23.461+0000] {taskinstance.py:2330} INFO - Executing <Task(BashOperator): tsk_load_to_s3> on 2024-06-14 01:59:17.334325+00:00
[2024-06-14T01:59:23.466+0000] {standard_task_runner.py:63} INFO - Started process 154052 to run task
[2024-06-14T01:59:23.469+0000] {standard_task_runner.py:90} INFO - Running: ['airflow', 'tasks', 'run', 'zillow_analytics_dag', 'tsk_load_to_s3', 'manual__2024-06-14T01:59:17.334325+00:00', '--job-id', '130', '--raw', '--subdir', 'DAGS_FOLDER/zillowanalytics.py', '--cfg-path', '/tmp/tmpyl5zxlmk']
[2024-06-14T01:59:23.470+0000] {standard_task_runner.py:91} INFO - Job 130: Subtask tsk_load_to_s3
[2024-06-14T01:59:23.505+0000] {task_command.py:426} INFO - Running <TaskInstance: zillow_analytics_dag.tsk_load_to_s3 manual__2024-06-14T01:59:17.334325+00:00 [running]> on host ip-172-31-25-20.us-east-2.compute.internal
[2024-06-14T01:59:23.578+0000] {taskinstance.py:2648} INFO - Exporting env vars: AIRFLOW_CTX_DAG_EMAIL='myemail@domain.com' AIRFLOW_CTX_DAG_OWNER='airflow' AIRFLOW_CTX_DAG_ID='zillow_analytics_dag' AIRFLOW_CTX_TASK_ID='tsk_load_to_s3' AIRFLOW_CTX_EXECUTION_DATE='2024-06-14T01:59:17.334325+00:00' AIRFLOW_CTX_TRY_NUMBER='1' AIRFLOW_CTX_DAG_RUN_ID='manual__2024-06-14T01:59:17.334325+00:00'
[2024-06-14T01:59:23.579+0000] {taskinstance.py:430} INFO - ::endgroup::
[2024-06-14T01:59:23.591+0000] {subprocess.py:63} INFO - Tmp dir root location: /tmp
[2024-06-14T01:59:23.592+0000] {subprocess.py:75} INFO - Running command: ['/usr/bin/bash', '-c', 'aws s3 mv /home/ubuntu/response_data_14062024015920.json s3://endtoend-zillow/']
[2024-06-14T01:59:23.599+0000] {subprocess.py:86} INFO - Output:
[2024-06-14T01:59:24.280+0000] {subprocess.py:93} INFO - Completed 65.4 KiB/65.4 KiB (405.9 KiB/s) with 1 file(s) remainingmove: ../../home/ubuntu/response_data_14062024015920.json to s3://endtoend-zillow/response_data_14062024015920.json
[2024-06-14T01:59:24.358+0000] {subprocess.py:97} INFO - Command exited with return code 0
[2024-06-14T01:59:24.359+0000] {taskinstance.py:441} INFO - ::group::Post task execution logs
[2024-06-14T01:59:24.378+0000] {taskinstance.py:1206} INFO - Marking task as SUCCESS. dag_id=zillow_analytics_dag, task_id=tsk_load_to_s3, run_id=manual__2024-06-14T01:59:17.334325+00:00, execution_date=20240614T015917, start_date=20240614T015923, end_date=20240614T015924
[2024-06-14T01:59:24.404+0000] {local_task_job_runner.py:240} INFO - Task exited with return code 0
[2024-06-14T01:59:24.420+0000] {taskinstance.py:3498} INFO - 1 downstream tasks scheduled from follow-on schedule check
[2024-06-14T01:59:24.426+0000] {local_task_job_runner.py:222} INFO - ::endgroup::
