[2024-06-05T02:18:06.574+0000] {processor.py:161} INFO - Started process (PID=14902) to work on /home/ubuntu/endtoend_venv/lib/python3.12/site-packages/airflow/example_dags/plugins/event_listener.py
[2024-06-05T02:18:06.575+0000] {processor.py:830} INFO - Processing file /home/ubuntu/endtoend_venv/lib/python3.12/site-packages/airflow/example_dags/plugins/event_listener.py for tasks to queue
[2024-06-05T02:18:06.576+0000] {logging_mixin.py:188} INFO - [2024-06-05T02:18:06.576+0000] {dagbag.py:545} INFO - Filling up the DagBag from /home/ubuntu/endtoend_venv/lib/python3.12/site-packages/airflow/example_dags/plugins/event_listener.py
[2024-06-05T02:18:06.579+0000] {processor.py:842} WARNING - No viable dags retrieved from /home/ubuntu/endtoend_venv/lib/python3.12/site-packages/airflow/example_dags/plugins/event_listener.py
[2024-06-05T02:18:06.601+0000] {processor.py:183} INFO - Processing /home/ubuntu/endtoend_venv/lib/python3.12/site-packages/airflow/example_dags/plugins/event_listener.py took 0.032 seconds
[2024-06-05T02:19:04.642+0000] {processor.py:161} INFO - Started process (PID=14957) to work on /home/ubuntu/endtoend_venv/lib/python3.12/site-packages/airflow/example_dags/plugins/event_listener.py
[2024-06-05T02:19:04.643+0000] {processor.py:830} INFO - Processing file /home/ubuntu/endtoend_venv/lib/python3.12/site-packages/airflow/example_dags/plugins/event_listener.py for tasks to queue
[2024-06-05T02:19:04.645+0000] {logging_mixin.py:188} INFO - [2024-06-05T02:19:04.645+0000] {dagbag.py:545} INFO - Filling up the DagBag from /home/ubuntu/endtoend_venv/lib/python3.12/site-packages/airflow/example_dags/plugins/event_listener.py
[2024-06-05T02:19:04.647+0000] {processor.py:842} WARNING - No viable dags retrieved from /home/ubuntu/endtoend_venv/lib/python3.12/site-packages/airflow/example_dags/plugins/event_listener.py
[2024-06-05T02:19:04.658+0000] {processor.py:183} INFO - Processing /home/ubuntu/endtoend_venv/lib/python3.12/site-packages/airflow/example_dags/plugins/event_listener.py took 0.022 seconds
[2024-06-05T02:19:50.165+0000] {processor.py:161} INFO - Started process (PID=15003) to work on /home/ubuntu/endtoend_venv/lib/python3.12/site-packages/airflow/example_dags/plugins/event_listener.py
[2024-06-05T02:19:50.166+0000] {processor.py:830} INFO - Processing file /home/ubuntu/endtoend_venv/lib/python3.12/site-packages/airflow/example_dags/plugins/event_listener.py for tasks to queue
[2024-06-05T02:19:50.168+0000] {logging_mixin.py:188} INFO - [2024-06-05T02:19:50.167+0000] {dagbag.py:545} INFO - Filling up the DagBag from /home/ubuntu/endtoend_venv/lib/python3.12/site-packages/airflow/example_dags/plugins/event_listener.py
[2024-06-05T02:19:50.170+0000] {processor.py:842} WARNING - No viable dags retrieved from /home/ubuntu/endtoend_venv/lib/python3.12/site-packages/airflow/example_dags/plugins/event_listener.py
[2024-06-05T02:19:50.181+0000] {processor.py:183} INFO - Processing /home/ubuntu/endtoend_venv/lib/python3.12/site-packages/airflow/example_dags/plugins/event_listener.py took 0.022 seconds
[2024-06-05T02:20:30.929+0000] {processor.py:161} INFO - Started process (PID=15051) to work on /home/ubuntu/endtoend_venv/lib/python3.12/site-packages/airflow/example_dags/plugins/event_listener.py
[2024-06-05T02:20:30.930+0000] {processor.py:830} INFO - Processing file /home/ubuntu/endtoend_venv/lib/python3.12/site-packages/airflow/example_dags/plugins/event_listener.py for tasks to queue
[2024-06-05T02:20:30.932+0000] {logging_mixin.py:188} INFO - [2024-06-05T02:20:30.932+0000] {dagbag.py:545} INFO - Filling up the DagBag from /home/ubuntu/endtoend_venv/lib/python3.12/site-packages/airflow/example_dags/plugins/event_listener.py
[2024-06-05T02:20:30.935+0000] {processor.py:842} WARNING - No viable dags retrieved from /home/ubuntu/endtoend_venv/lib/python3.12/site-packages/airflow/example_dags/plugins/event_listener.py
[2024-06-05T02:20:30.946+0000] {processor.py:183} INFO - Processing /home/ubuntu/endtoend_venv/lib/python3.12/site-packages/airflow/example_dags/plugins/event_listener.py took 0.023 seconds
[2024-06-05T02:21:10.816+0000] {processor.py:161} INFO - Started process (PID=15094) to work on /home/ubuntu/endtoend_venv/lib/python3.12/site-packages/airflow/example_dags/plugins/event_listener.py
[2024-06-05T02:21:10.818+0000] {processor.py:830} INFO - Processing file /home/ubuntu/endtoend_venv/lib/python3.12/site-packages/airflow/example_dags/plugins/event_listener.py for tasks to queue
[2024-06-05T02:21:10.820+0000] {logging_mixin.py:188} INFO - [2024-06-05T02:21:10.819+0000] {dagbag.py:545} INFO - Filling up the DagBag from /home/ubuntu/endtoend_venv/lib/python3.12/site-packages/airflow/example_dags/plugins/event_listener.py
[2024-06-05T02:21:10.822+0000] {processor.py:842} WARNING - No viable dags retrieved from /home/ubuntu/endtoend_venv/lib/python3.12/site-packages/airflow/example_dags/plugins/event_listener.py
[2024-06-05T02:21:10.833+0000] {processor.py:183} INFO - Processing /home/ubuntu/endtoend_venv/lib/python3.12/site-packages/airflow/example_dags/plugins/event_listener.py took 0.022 seconds
[2024-06-05T02:21:49.133+0000] {processor.py:161} INFO - Started process (PID=15134) to work on /home/ubuntu/endtoend_venv/lib/python3.12/site-packages/airflow/example_dags/plugins/event_listener.py
[2024-06-05T02:21:49.134+0000] {processor.py:830} INFO - Processing file /home/ubuntu/endtoend_venv/lib/python3.12/site-packages/airflow/example_dags/plugins/event_listener.py for tasks to queue
[2024-06-05T02:21:49.136+0000] {logging_mixin.py:188} INFO - [2024-06-05T02:21:49.135+0000] {dagbag.py:545} INFO - Filling up the DagBag from /home/ubuntu/endtoend_venv/lib/python3.12/site-packages/airflow/example_dags/plugins/event_listener.py
[2024-06-05T02:21:49.138+0000] {processor.py:842} WARNING - No viable dags retrieved from /home/ubuntu/endtoend_venv/lib/python3.12/site-packages/airflow/example_dags/plugins/event_listener.py
[2024-06-05T02:21:49.149+0000] {processor.py:183} INFO - Processing /home/ubuntu/endtoend_venv/lib/python3.12/site-packages/airflow/example_dags/plugins/event_listener.py took 0.022 seconds
[2024-06-05T02:22:26.469+0000] {processor.py:161} INFO - Started process (PID=15172) to work on /home/ubuntu/endtoend_venv/lib/python3.12/site-packages/airflow/example_dags/plugins/event_listener.py
[2024-06-05T02:22:26.470+0000] {processor.py:830} INFO - Processing file /home/ubuntu/endtoend_venv/lib/python3.12/site-packages/airflow/example_dags/plugins/event_listener.py for tasks to queue
[2024-06-05T02:22:26.472+0000] {logging_mixin.py:188} INFO - [2024-06-05T02:22:26.472+0000] {dagbag.py:545} INFO - Filling up the DagBag from /home/ubuntu/endtoend_venv/lib/python3.12/site-packages/airflow/example_dags/plugins/event_listener.py
[2024-06-05T02:22:26.474+0000] {processor.py:842} WARNING - No viable dags retrieved from /home/ubuntu/endtoend_venv/lib/python3.12/site-packages/airflow/example_dags/plugins/event_listener.py
[2024-06-05T02:22:26.485+0000] {processor.py:183} INFO - Processing /home/ubuntu/endtoend_venv/lib/python3.12/site-packages/airflow/example_dags/plugins/event_listener.py took 0.022 seconds
[2024-06-05T02:23:04.180+0000] {processor.py:161} INFO - Started process (PID=15212) to work on /home/ubuntu/endtoend_venv/lib/python3.12/site-packages/airflow/example_dags/plugins/event_listener.py
[2024-06-05T02:23:04.182+0000] {processor.py:830} INFO - Processing file /home/ubuntu/endtoend_venv/lib/python3.12/site-packages/airflow/example_dags/plugins/event_listener.py for tasks to queue
[2024-06-05T02:23:04.184+0000] {logging_mixin.py:188} INFO - [2024-06-05T02:23:04.183+0000] {dagbag.py:545} INFO - Filling up the DagBag from /home/ubuntu/endtoend_venv/lib/python3.12/site-packages/airflow/example_dags/plugins/event_listener.py
[2024-06-05T02:23:04.186+0000] {processor.py:842} WARNING - No viable dags retrieved from /home/ubuntu/endtoend_venv/lib/python3.12/site-packages/airflow/example_dags/plugins/event_listener.py
[2024-06-05T02:23:04.197+0000] {processor.py:183} INFO - Processing /home/ubuntu/endtoend_venv/lib/python3.12/site-packages/airflow/example_dags/plugins/event_listener.py took 0.023 seconds
[2024-06-05T02:25:18.366+0000] {processor.py:161} INFO - Started process (PID=15319) to work on /home/ubuntu/endtoend_venv/lib/python3.12/site-packages/airflow/example_dags/plugins/event_listener.py
[2024-06-05T02:25:18.367+0000] {processor.py:830} INFO - Processing file /home/ubuntu/endtoend_venv/lib/python3.12/site-packages/airflow/example_dags/plugins/event_listener.py for tasks to queue
[2024-06-05T02:25:18.369+0000] {logging_mixin.py:188} INFO - [2024-06-05T02:25:18.368+0000] {dagbag.py:545} INFO - Filling up the DagBag from /home/ubuntu/endtoend_venv/lib/python3.12/site-packages/airflow/example_dags/plugins/event_listener.py
[2024-06-05T02:25:18.371+0000] {processor.py:842} WARNING - No viable dags retrieved from /home/ubuntu/endtoend_venv/lib/python3.12/site-packages/airflow/example_dags/plugins/event_listener.py
[2024-06-05T02:25:18.382+0000] {processor.py:183} INFO - Processing /home/ubuntu/endtoend_venv/lib/python3.12/site-packages/airflow/example_dags/plugins/event_listener.py took 0.022 seconds
[2024-06-05T02:26:08.686+0000] {processor.py:161} INFO - Started process (PID=15375) to work on /home/ubuntu/endtoend_venv/lib/python3.12/site-packages/airflow/example_dags/plugins/event_listener.py
[2024-06-05T02:26:08.687+0000] {processor.py:830} INFO - Processing file /home/ubuntu/endtoend_venv/lib/python3.12/site-packages/airflow/example_dags/plugins/event_listener.py for tasks to queue
[2024-06-05T02:26:08.689+0000] {logging_mixin.py:188} INFO - [2024-06-05T02:26:08.689+0000] {dagbag.py:545} INFO - Filling up the DagBag from /home/ubuntu/endtoend_venv/lib/python3.12/site-packages/airflow/example_dags/plugins/event_listener.py
[2024-06-05T02:26:08.691+0000] {processor.py:842} WARNING - No viable dags retrieved from /home/ubuntu/endtoend_venv/lib/python3.12/site-packages/airflow/example_dags/plugins/event_listener.py
[2024-06-05T02:26:08.703+0000] {processor.py:183} INFO - Processing /home/ubuntu/endtoend_venv/lib/python3.12/site-packages/airflow/example_dags/plugins/event_listener.py took 0.022 seconds
[2024-06-05T02:26:56.846+0000] {processor.py:161} INFO - Started process (PID=15421) to work on /home/ubuntu/endtoend_venv/lib/python3.12/site-packages/airflow/example_dags/plugins/event_listener.py
[2024-06-05T02:26:56.848+0000] {processor.py:830} INFO - Processing file /home/ubuntu/endtoend_venv/lib/python3.12/site-packages/airflow/example_dags/plugins/event_listener.py for tasks to queue
[2024-06-05T02:26:56.850+0000] {logging_mixin.py:188} INFO - [2024-06-05T02:26:56.849+0000] {dagbag.py:545} INFO - Filling up the DagBag from /home/ubuntu/endtoend_venv/lib/python3.12/site-packages/airflow/example_dags/plugins/event_listener.py
[2024-06-05T02:26:56.852+0000] {processor.py:842} WARNING - No viable dags retrieved from /home/ubuntu/endtoend_venv/lib/python3.12/site-packages/airflow/example_dags/plugins/event_listener.py
[2024-06-05T02:26:56.863+0000] {processor.py:183} INFO - Processing /home/ubuntu/endtoend_venv/lib/python3.12/site-packages/airflow/example_dags/plugins/event_listener.py took 0.022 seconds
[2024-06-05T02:27:35.669+0000] {processor.py:161} INFO - Started process (PID=15463) to work on /home/ubuntu/endtoend_venv/lib/python3.12/site-packages/airflow/example_dags/plugins/event_listener.py
[2024-06-05T02:27:35.671+0000] {processor.py:830} INFO - Processing file /home/ubuntu/endtoend_venv/lib/python3.12/site-packages/airflow/example_dags/plugins/event_listener.py for tasks to queue
[2024-06-05T02:27:35.672+0000] {logging_mixin.py:188} INFO - [2024-06-05T02:27:35.672+0000] {dagbag.py:545} INFO - Filling up the DagBag from /home/ubuntu/endtoend_venv/lib/python3.12/site-packages/airflow/example_dags/plugins/event_listener.py
[2024-06-05T02:27:35.675+0000] {processor.py:842} WARNING - No viable dags retrieved from /home/ubuntu/endtoend_venv/lib/python3.12/site-packages/airflow/example_dags/plugins/event_listener.py
[2024-06-05T02:27:35.685+0000] {processor.py:183} INFO - Processing /home/ubuntu/endtoend_venv/lib/python3.12/site-packages/airflow/example_dags/plugins/event_listener.py took 0.022 seconds
[2024-06-05T02:28:16.702+0000] {processor.py:161} INFO - Started process (PID=15504) to work on /home/ubuntu/endtoend_venv/lib/python3.12/site-packages/airflow/example_dags/plugins/event_listener.py
[2024-06-05T02:28:16.704+0000] {processor.py:830} INFO - Processing file /home/ubuntu/endtoend_venv/lib/python3.12/site-packages/airflow/example_dags/plugins/event_listener.py for tasks to queue
[2024-06-05T02:28:16.706+0000] {logging_mixin.py:188} INFO - [2024-06-05T02:28:16.705+0000] {dagbag.py:545} INFO - Filling up the DagBag from /home/ubuntu/endtoend_venv/lib/python3.12/site-packages/airflow/example_dags/plugins/event_listener.py
[2024-06-05T02:28:16.708+0000] {processor.py:842} WARNING - No viable dags retrieved from /home/ubuntu/endtoend_venv/lib/python3.12/site-packages/airflow/example_dags/plugins/event_listener.py
[2024-06-05T02:28:16.719+0000] {processor.py:183} INFO - Processing /home/ubuntu/endtoend_venv/lib/python3.12/site-packages/airflow/example_dags/plugins/event_listener.py took 0.022 seconds
[2024-06-05T02:28:58.568+0000] {processor.py:161} INFO - Started process (PID=15547) to work on /home/ubuntu/endtoend_venv/lib/python3.12/site-packages/airflow/example_dags/plugins/event_listener.py
[2024-06-05T02:28:58.570+0000] {processor.py:830} INFO - Processing file /home/ubuntu/endtoend_venv/lib/python3.12/site-packages/airflow/example_dags/plugins/event_listener.py for tasks to queue
[2024-06-05T02:28:58.571+0000] {logging_mixin.py:188} INFO - [2024-06-05T02:28:58.571+0000] {dagbag.py:545} INFO - Filling up the DagBag from /home/ubuntu/endtoend_venv/lib/python3.12/site-packages/airflow/example_dags/plugins/event_listener.py
[2024-06-05T02:28:58.573+0000] {processor.py:842} WARNING - No viable dags retrieved from /home/ubuntu/endtoend_venv/lib/python3.12/site-packages/airflow/example_dags/plugins/event_listener.py
[2024-06-05T02:28:58.584+0000] {processor.py:183} INFO - Processing /home/ubuntu/endtoend_venv/lib/python3.12/site-packages/airflow/example_dags/plugins/event_listener.py took 0.022 seconds
[2024-06-05T02:29:41.139+0000] {processor.py:161} INFO - Started process (PID=15595) to work on /home/ubuntu/endtoend_venv/lib/python3.12/site-packages/airflow/example_dags/plugins/event_listener.py
[2024-06-05T02:29:41.140+0000] {processor.py:830} INFO - Processing file /home/ubuntu/endtoend_venv/lib/python3.12/site-packages/airflow/example_dags/plugins/event_listener.py for tasks to queue
[2024-06-05T02:29:41.142+0000] {logging_mixin.py:188} INFO - [2024-06-05T02:29:41.142+0000] {dagbag.py:545} INFO - Filling up the DagBag from /home/ubuntu/endtoend_venv/lib/python3.12/site-packages/airflow/example_dags/plugins/event_listener.py
[2024-06-05T02:29:41.144+0000] {processor.py:842} WARNING - No viable dags retrieved from /home/ubuntu/endtoend_venv/lib/python3.12/site-packages/airflow/example_dags/plugins/event_listener.py
[2024-06-05T02:29:41.155+0000] {processor.py:183} INFO - Processing /home/ubuntu/endtoend_venv/lib/python3.12/site-packages/airflow/example_dags/plugins/event_listener.py took 0.022 seconds
[2024-06-05T02:30:22.515+0000] {processor.py:161} INFO - Started process (PID=15642) to work on /home/ubuntu/endtoend_venv/lib/python3.12/site-packages/airflow/example_dags/plugins/event_listener.py
[2024-06-05T02:30:22.517+0000] {processor.py:830} INFO - Processing file /home/ubuntu/endtoend_venv/lib/python3.12/site-packages/airflow/example_dags/plugins/event_listener.py for tasks to queue
[2024-06-05T02:30:22.519+0000] {logging_mixin.py:188} INFO - [2024-06-05T02:30:22.518+0000] {dagbag.py:545} INFO - Filling up the DagBag from /home/ubuntu/endtoend_venv/lib/python3.12/site-packages/airflow/example_dags/plugins/event_listener.py
[2024-06-05T02:30:22.521+0000] {processor.py:842} WARNING - No viable dags retrieved from /home/ubuntu/endtoend_venv/lib/python3.12/site-packages/airflow/example_dags/plugins/event_listener.py
[2024-06-05T02:30:22.532+0000] {processor.py:183} INFO - Processing /home/ubuntu/endtoend_venv/lib/python3.12/site-packages/airflow/example_dags/plugins/event_listener.py took 0.023 seconds
[2024-06-05T02:31:04.795+0000] {processor.py:161} INFO - Started process (PID=15685) to work on /home/ubuntu/endtoend_venv/lib/python3.12/site-packages/airflow/example_dags/plugins/event_listener.py
[2024-06-05T02:31:04.796+0000] {processor.py:830} INFO - Processing file /home/ubuntu/endtoend_venv/lib/python3.12/site-packages/airflow/example_dags/plugins/event_listener.py for tasks to queue
[2024-06-05T02:31:04.798+0000] {logging_mixin.py:188} INFO - [2024-06-05T02:31:04.798+0000] {dagbag.py:545} INFO - Filling up the DagBag from /home/ubuntu/endtoend_venv/lib/python3.12/site-packages/airflow/example_dags/plugins/event_listener.py
[2024-06-05T02:31:04.800+0000] {processor.py:842} WARNING - No viable dags retrieved from /home/ubuntu/endtoend_venv/lib/python3.12/site-packages/airflow/example_dags/plugins/event_listener.py
[2024-06-05T02:31:04.812+0000] {processor.py:183} INFO - Processing /home/ubuntu/endtoend_venv/lib/python3.12/site-packages/airflow/example_dags/plugins/event_listener.py took 0.023 seconds
[2024-06-05T02:31:48.786+0000] {processor.py:161} INFO - Started process (PID=15728) to work on /home/ubuntu/endtoend_venv/lib/python3.12/site-packages/airflow/example_dags/plugins/event_listener.py
[2024-06-05T02:31:48.788+0000] {processor.py:830} INFO - Processing file /home/ubuntu/endtoend_venv/lib/python3.12/site-packages/airflow/example_dags/plugins/event_listener.py for tasks to queue
[2024-06-05T02:31:48.790+0000] {logging_mixin.py:188} INFO - [2024-06-05T02:31:48.789+0000] {dagbag.py:545} INFO - Filling up the DagBag from /home/ubuntu/endtoend_venv/lib/python3.12/site-packages/airflow/example_dags/plugins/event_listener.py
[2024-06-05T02:31:48.792+0000] {processor.py:842} WARNING - No viable dags retrieved from /home/ubuntu/endtoend_venv/lib/python3.12/site-packages/airflow/example_dags/plugins/event_listener.py
[2024-06-05T02:31:48.803+0000] {processor.py:183} INFO - Processing /home/ubuntu/endtoend_venv/lib/python3.12/site-packages/airflow/example_dags/plugins/event_listener.py took 0.022 seconds
[2024-06-05T02:32:30.059+0000] {processor.py:161} INFO - Started process (PID=15771) to work on /home/ubuntu/endtoend_venv/lib/python3.12/site-packages/airflow/example_dags/plugins/event_listener.py
[2024-06-05T02:32:30.060+0000] {processor.py:830} INFO - Processing file /home/ubuntu/endtoend_venv/lib/python3.12/site-packages/airflow/example_dags/plugins/event_listener.py for tasks to queue
[2024-06-05T02:32:30.062+0000] {logging_mixin.py:188} INFO - [2024-06-05T02:32:30.062+0000] {dagbag.py:545} INFO - Filling up the DagBag from /home/ubuntu/endtoend_venv/lib/python3.12/site-packages/airflow/example_dags/plugins/event_listener.py
[2024-06-05T02:32:30.064+0000] {processor.py:842} WARNING - No viable dags retrieved from /home/ubuntu/endtoend_venv/lib/python3.12/site-packages/airflow/example_dags/plugins/event_listener.py
[2024-06-05T02:32:30.075+0000] {processor.py:183} INFO - Processing /home/ubuntu/endtoend_venv/lib/python3.12/site-packages/airflow/example_dags/plugins/event_listener.py took 0.023 seconds
[2024-06-05T02:33:12.605+0000] {processor.py:161} INFO - Started process (PID=15813) to work on /home/ubuntu/endtoend_venv/lib/python3.12/site-packages/airflow/example_dags/plugins/event_listener.py
[2024-06-05T02:33:12.607+0000] {processor.py:830} INFO - Processing file /home/ubuntu/endtoend_venv/lib/python3.12/site-packages/airflow/example_dags/plugins/event_listener.py for tasks to queue
[2024-06-05T02:33:12.609+0000] {logging_mixin.py:188} INFO - [2024-06-05T02:33:12.608+0000] {dagbag.py:545} INFO - Filling up the DagBag from /home/ubuntu/endtoend_venv/lib/python3.12/site-packages/airflow/example_dags/plugins/event_listener.py
[2024-06-05T02:33:12.611+0000] {processor.py:842} WARNING - No viable dags retrieved from /home/ubuntu/endtoend_venv/lib/python3.12/site-packages/airflow/example_dags/plugins/event_listener.py
[2024-06-05T02:33:12.622+0000] {processor.py:183} INFO - Processing /home/ubuntu/endtoend_venv/lib/python3.12/site-packages/airflow/example_dags/plugins/event_listener.py took 0.023 seconds
[2024-06-05T02:33:55.436+0000] {processor.py:161} INFO - Started process (PID=15857) to work on /home/ubuntu/endtoend_venv/lib/python3.12/site-packages/airflow/example_dags/plugins/event_listener.py
[2024-06-05T02:33:55.437+0000] {processor.py:830} INFO - Processing file /home/ubuntu/endtoend_venv/lib/python3.12/site-packages/airflow/example_dags/plugins/event_listener.py for tasks to queue
[2024-06-05T02:33:55.439+0000] {logging_mixin.py:188} INFO - [2024-06-05T02:33:55.438+0000] {dagbag.py:545} INFO - Filling up the DagBag from /home/ubuntu/endtoend_venv/lib/python3.12/site-packages/airflow/example_dags/plugins/event_listener.py
[2024-06-05T02:33:55.441+0000] {processor.py:842} WARNING - No viable dags retrieved from /home/ubuntu/endtoend_venv/lib/python3.12/site-packages/airflow/example_dags/plugins/event_listener.py
[2024-06-05T02:33:55.452+0000] {processor.py:183} INFO - Processing /home/ubuntu/endtoend_venv/lib/python3.12/site-packages/airflow/example_dags/plugins/event_listener.py took 0.023 seconds
[2024-06-05T02:34:34.857+0000] {processor.py:161} INFO - Started process (PID=15899) to work on /home/ubuntu/endtoend_venv/lib/python3.12/site-packages/airflow/example_dags/plugins/event_listener.py
[2024-06-05T02:34:34.859+0000] {processor.py:830} INFO - Processing file /home/ubuntu/endtoend_venv/lib/python3.12/site-packages/airflow/example_dags/plugins/event_listener.py for tasks to queue
[2024-06-05T02:34:34.861+0000] {logging_mixin.py:188} INFO - [2024-06-05T02:34:34.860+0000] {dagbag.py:545} INFO - Filling up the DagBag from /home/ubuntu/endtoend_venv/lib/python3.12/site-packages/airflow/example_dags/plugins/event_listener.py
[2024-06-05T02:34:34.863+0000] {processor.py:842} WARNING - No viable dags retrieved from /home/ubuntu/endtoend_venv/lib/python3.12/site-packages/airflow/example_dags/plugins/event_listener.py
[2024-06-05T02:34:34.873+0000] {processor.py:183} INFO - Processing /home/ubuntu/endtoend_venv/lib/python3.12/site-packages/airflow/example_dags/plugins/event_listener.py took 0.022 seconds
