[2024-06-05T02:18:07.764+0000] {processor.py:161} INFO - Started process (PID=14903) to work on /home/ubuntu/endtoend_venv/lib/python3.12/site-packages/airflow/example_dags/plugins/listener_plugin.py
[2024-06-05T02:18:07.765+0000] {processor.py:830} INFO - Processing file /home/ubuntu/endtoend_venv/lib/python3.12/site-packages/airflow/example_dags/plugins/listener_plugin.py for tasks to queue
[2024-06-05T02:18:07.767+0000] {logging_mixin.py:188} INFO - [2024-06-05T02:18:07.766+0000] {dagbag.py:545} INFO - Filling up the DagBag from /home/ubuntu/endtoend_venv/lib/python3.12/site-packages/airflow/example_dags/plugins/listener_plugin.py
[2024-06-05T02:18:07.770+0000] {processor.py:842} WARNING - No viable dags retrieved from /home/ubuntu/endtoend_venv/lib/python3.12/site-packages/airflow/example_dags/plugins/listener_plugin.py
[2024-06-05T02:18:07.780+0000] {processor.py:183} INFO - Processing /home/ubuntu/endtoend_venv/lib/python3.12/site-packages/airflow/example_dags/plugins/listener_plugin.py took 0.023 seconds
[2024-06-05T02:19:05.786+0000] {processor.py:161} INFO - Started process (PID=14958) to work on /home/ubuntu/endtoend_venv/lib/python3.12/site-packages/airflow/example_dags/plugins/listener_plugin.py
[2024-06-05T02:19:05.787+0000] {processor.py:830} INFO - Processing file /home/ubuntu/endtoend_venv/lib/python3.12/site-packages/airflow/example_dags/plugins/listener_plugin.py for tasks to queue
[2024-06-05T02:19:05.789+0000] {logging_mixin.py:188} INFO - [2024-06-05T02:19:05.788+0000] {dagbag.py:545} INFO - Filling up the DagBag from /home/ubuntu/endtoend_venv/lib/python3.12/site-packages/airflow/example_dags/plugins/listener_plugin.py
[2024-06-05T02:19:05.792+0000] {processor.py:842} WARNING - No viable dags retrieved from /home/ubuntu/endtoend_venv/lib/python3.12/site-packages/airflow/example_dags/plugins/listener_plugin.py
[2024-06-05T02:19:05.803+0000] {processor.py:183} INFO - Processing /home/ubuntu/endtoend_venv/lib/python3.12/site-packages/airflow/example_dags/plugins/listener_plugin.py took 0.023 seconds
[2024-06-05T02:19:51.303+0000] {processor.py:161} INFO - Started process (PID=15004) to work on /home/ubuntu/endtoend_venv/lib/python3.12/site-packages/airflow/example_dags/plugins/listener_plugin.py
[2024-06-05T02:19:51.304+0000] {processor.py:830} INFO - Processing file /home/ubuntu/endtoend_venv/lib/python3.12/site-packages/airflow/example_dags/plugins/listener_plugin.py for tasks to queue
[2024-06-05T02:19:51.306+0000] {logging_mixin.py:188} INFO - [2024-06-05T02:19:51.306+0000] {dagbag.py:545} INFO - Filling up the DagBag from /home/ubuntu/endtoend_venv/lib/python3.12/site-packages/airflow/example_dags/plugins/listener_plugin.py
[2024-06-05T02:19:51.309+0000] {processor.py:842} WARNING - No viable dags retrieved from /home/ubuntu/endtoend_venv/lib/python3.12/site-packages/airflow/example_dags/plugins/listener_plugin.py
[2024-06-05T02:19:51.319+0000] {processor.py:183} INFO - Processing /home/ubuntu/endtoend_venv/lib/python3.12/site-packages/airflow/example_dags/plugins/listener_plugin.py took 0.022 seconds
[2024-06-05T02:20:32.065+0000] {processor.py:161} INFO - Started process (PID=15052) to work on /home/ubuntu/endtoend_venv/lib/python3.12/site-packages/airflow/example_dags/plugins/listener_plugin.py
[2024-06-05T02:20:32.066+0000] {processor.py:830} INFO - Processing file /home/ubuntu/endtoend_venv/lib/python3.12/site-packages/airflow/example_dags/plugins/listener_plugin.py for tasks to queue
[2024-06-05T02:20:32.068+0000] {logging_mixin.py:188} INFO - [2024-06-05T02:20:32.067+0000] {dagbag.py:545} INFO - Filling up the DagBag from /home/ubuntu/endtoend_venv/lib/python3.12/site-packages/airflow/example_dags/plugins/listener_plugin.py
[2024-06-05T02:20:32.071+0000] {processor.py:842} WARNING - No viable dags retrieved from /home/ubuntu/endtoend_venv/lib/python3.12/site-packages/airflow/example_dags/plugins/listener_plugin.py
[2024-06-05T02:20:32.082+0000] {processor.py:183} INFO - Processing /home/ubuntu/endtoend_venv/lib/python3.12/site-packages/airflow/example_dags/plugins/listener_plugin.py took 0.024 seconds
[2024-06-05T02:21:11.963+0000] {processor.py:161} INFO - Started process (PID=15095) to work on /home/ubuntu/endtoend_venv/lib/python3.12/site-packages/airflow/example_dags/plugins/listener_plugin.py
[2024-06-05T02:21:11.965+0000] {processor.py:830} INFO - Processing file /home/ubuntu/endtoend_venv/lib/python3.12/site-packages/airflow/example_dags/plugins/listener_plugin.py for tasks to queue
[2024-06-05T02:21:11.966+0000] {logging_mixin.py:188} INFO - [2024-06-05T02:21:11.966+0000] {dagbag.py:545} INFO - Filling up the DagBag from /home/ubuntu/endtoend_venv/lib/python3.12/site-packages/airflow/example_dags/plugins/listener_plugin.py
[2024-06-05T02:21:11.969+0000] {processor.py:842} WARNING - No viable dags retrieved from /home/ubuntu/endtoend_venv/lib/python3.12/site-packages/airflow/example_dags/plugins/listener_plugin.py
[2024-06-05T02:21:11.980+0000] {processor.py:183} INFO - Processing /home/ubuntu/endtoend_venv/lib/python3.12/site-packages/airflow/example_dags/plugins/listener_plugin.py took 0.022 seconds
[2024-06-05T02:21:50.268+0000] {processor.py:161} INFO - Started process (PID=15135) to work on /home/ubuntu/endtoend_venv/lib/python3.12/site-packages/airflow/example_dags/plugins/listener_plugin.py
[2024-06-05T02:21:50.270+0000] {processor.py:830} INFO - Processing file /home/ubuntu/endtoend_venv/lib/python3.12/site-packages/airflow/example_dags/plugins/listener_plugin.py for tasks to queue
[2024-06-05T02:21:50.272+0000] {logging_mixin.py:188} INFO - [2024-06-05T02:21:50.271+0000] {dagbag.py:545} INFO - Filling up the DagBag from /home/ubuntu/endtoend_venv/lib/python3.12/site-packages/airflow/example_dags/plugins/listener_plugin.py
[2024-06-05T02:21:50.274+0000] {processor.py:842} WARNING - No viable dags retrieved from /home/ubuntu/endtoend_venv/lib/python3.12/site-packages/airflow/example_dags/plugins/listener_plugin.py
[2024-06-05T02:21:50.285+0000] {processor.py:183} INFO - Processing /home/ubuntu/endtoend_venv/lib/python3.12/site-packages/airflow/example_dags/plugins/listener_plugin.py took 0.023 seconds
[2024-06-05T02:22:27.604+0000] {processor.py:161} INFO - Started process (PID=15173) to work on /home/ubuntu/endtoend_venv/lib/python3.12/site-packages/airflow/example_dags/plugins/listener_plugin.py
[2024-06-05T02:22:27.606+0000] {processor.py:830} INFO - Processing file /home/ubuntu/endtoend_venv/lib/python3.12/site-packages/airflow/example_dags/plugins/listener_plugin.py for tasks to queue
[2024-06-05T02:22:27.607+0000] {logging_mixin.py:188} INFO - [2024-06-05T02:22:27.607+0000] {dagbag.py:545} INFO - Filling up the DagBag from /home/ubuntu/endtoend_venv/lib/python3.12/site-packages/airflow/example_dags/plugins/listener_plugin.py
[2024-06-05T02:22:27.610+0000] {processor.py:842} WARNING - No viable dags retrieved from /home/ubuntu/endtoend_venv/lib/python3.12/site-packages/airflow/example_dags/plugins/listener_plugin.py
[2024-06-05T02:22:27.621+0000] {processor.py:183} INFO - Processing /home/ubuntu/endtoend_venv/lib/python3.12/site-packages/airflow/example_dags/plugins/listener_plugin.py took 0.023 seconds
[2024-06-05T02:23:04.631+0000] {processor.py:161} INFO - Started process (PID=15213) to work on /home/ubuntu/endtoend_venv/lib/python3.12/site-packages/airflow/example_dags/plugins/listener_plugin.py
[2024-06-05T02:23:04.633+0000] {processor.py:830} INFO - Processing file /home/ubuntu/endtoend_venv/lib/python3.12/site-packages/airflow/example_dags/plugins/listener_plugin.py for tasks to queue
[2024-06-05T02:23:04.634+0000] {logging_mixin.py:188} INFO - [2024-06-05T02:23:04.634+0000] {dagbag.py:545} INFO - Filling up the DagBag from /home/ubuntu/endtoend_venv/lib/python3.12/site-packages/airflow/example_dags/plugins/listener_plugin.py
[2024-06-05T02:23:04.637+0000] {processor.py:842} WARNING - No viable dags retrieved from /home/ubuntu/endtoend_venv/lib/python3.12/site-packages/airflow/example_dags/plugins/listener_plugin.py
[2024-06-05T02:23:04.649+0000] {processor.py:183} INFO - Processing /home/ubuntu/endtoend_venv/lib/python3.12/site-packages/airflow/example_dags/plugins/listener_plugin.py took 0.023 seconds
[2024-06-05T02:25:19.504+0000] {processor.py:161} INFO - Started process (PID=15324) to work on /home/ubuntu/endtoend_venv/lib/python3.12/site-packages/airflow/example_dags/plugins/listener_plugin.py
[2024-06-05T02:25:19.505+0000] {processor.py:830} INFO - Processing file /home/ubuntu/endtoend_venv/lib/python3.12/site-packages/airflow/example_dags/plugins/listener_plugin.py for tasks to queue
[2024-06-05T02:25:19.507+0000] {logging_mixin.py:188} INFO - [2024-06-05T02:25:19.506+0000] {dagbag.py:545} INFO - Filling up the DagBag from /home/ubuntu/endtoend_venv/lib/python3.12/site-packages/airflow/example_dags/plugins/listener_plugin.py
[2024-06-05T02:25:19.509+0000] {processor.py:842} WARNING - No viable dags retrieved from /home/ubuntu/endtoend_venv/lib/python3.12/site-packages/airflow/example_dags/plugins/listener_plugin.py
[2024-06-05T02:25:19.524+0000] {processor.py:183} INFO - Processing /home/ubuntu/endtoend_venv/lib/python3.12/site-packages/airflow/example_dags/plugins/listener_plugin.py took 0.026 seconds
[2024-06-05T02:26:09.822+0000] {processor.py:161} INFO - Started process (PID=15376) to work on /home/ubuntu/endtoend_venv/lib/python3.12/site-packages/airflow/example_dags/plugins/listener_plugin.py
[2024-06-05T02:26:09.823+0000] {processor.py:830} INFO - Processing file /home/ubuntu/endtoend_venv/lib/python3.12/site-packages/airflow/example_dags/plugins/listener_plugin.py for tasks to queue
[2024-06-05T02:26:09.825+0000] {logging_mixin.py:188} INFO - [2024-06-05T02:26:09.824+0000] {dagbag.py:545} INFO - Filling up the DagBag from /home/ubuntu/endtoend_venv/lib/python3.12/site-packages/airflow/example_dags/plugins/listener_plugin.py
[2024-06-05T02:26:09.827+0000] {processor.py:842} WARNING - No viable dags retrieved from /home/ubuntu/endtoend_venv/lib/python3.12/site-packages/airflow/example_dags/plugins/listener_plugin.py
[2024-06-05T02:26:09.838+0000] {processor.py:183} INFO - Processing /home/ubuntu/endtoend_venv/lib/python3.12/site-packages/airflow/example_dags/plugins/listener_plugin.py took 0.022 seconds
[2024-06-05T02:26:57.363+0000] {processor.py:161} INFO - Started process (PID=15422) to work on /home/ubuntu/endtoend_venv/lib/python3.12/site-packages/airflow/example_dags/plugins/listener_plugin.py
[2024-06-05T02:26:57.365+0000] {processor.py:830} INFO - Processing file /home/ubuntu/endtoend_venv/lib/python3.12/site-packages/airflow/example_dags/plugins/listener_plugin.py for tasks to queue
[2024-06-05T02:26:57.367+0000] {logging_mixin.py:188} INFO - [2024-06-05T02:26:57.366+0000] {dagbag.py:545} INFO - Filling up the DagBag from /home/ubuntu/endtoend_venv/lib/python3.12/site-packages/airflow/example_dags/plugins/listener_plugin.py
[2024-06-05T02:26:57.369+0000] {processor.py:842} WARNING - No viable dags retrieved from /home/ubuntu/endtoend_venv/lib/python3.12/site-packages/airflow/example_dags/plugins/listener_plugin.py
[2024-06-05T02:26:57.380+0000] {processor.py:183} INFO - Processing /home/ubuntu/endtoend_venv/lib/python3.12/site-packages/airflow/example_dags/plugins/listener_plugin.py took 0.022 seconds
[2024-06-05T02:27:36.816+0000] {processor.py:161} INFO - Started process (PID=15464) to work on /home/ubuntu/endtoend_venv/lib/python3.12/site-packages/airflow/example_dags/plugins/listener_plugin.py
[2024-06-05T02:27:36.818+0000] {processor.py:830} INFO - Processing file /home/ubuntu/endtoend_venv/lib/python3.12/site-packages/airflow/example_dags/plugins/listener_plugin.py for tasks to queue
[2024-06-05T02:27:36.820+0000] {logging_mixin.py:188} INFO - [2024-06-05T02:27:36.819+0000] {dagbag.py:545} INFO - Filling up the DagBag from /home/ubuntu/endtoend_venv/lib/python3.12/site-packages/airflow/example_dags/plugins/listener_plugin.py
[2024-06-05T02:27:36.823+0000] {processor.py:842} WARNING - No viable dags retrieved from /home/ubuntu/endtoend_venv/lib/python3.12/site-packages/airflow/example_dags/plugins/listener_plugin.py
[2024-06-05T02:27:36.834+0000] {processor.py:183} INFO - Processing /home/ubuntu/endtoend_venv/lib/python3.12/site-packages/airflow/example_dags/plugins/listener_plugin.py took 0.024 seconds
[2024-06-05T02:28:17.851+0000] {processor.py:161} INFO - Started process (PID=15505) to work on /home/ubuntu/endtoend_venv/lib/python3.12/site-packages/airflow/example_dags/plugins/listener_plugin.py
[2024-06-05T02:28:17.852+0000] {processor.py:830} INFO - Processing file /home/ubuntu/endtoend_venv/lib/python3.12/site-packages/airflow/example_dags/plugins/listener_plugin.py for tasks to queue
[2024-06-05T02:28:17.854+0000] {logging_mixin.py:188} INFO - [2024-06-05T02:28:17.853+0000] {dagbag.py:545} INFO - Filling up the DagBag from /home/ubuntu/endtoend_venv/lib/python3.12/site-packages/airflow/example_dags/plugins/listener_plugin.py
[2024-06-05T02:28:17.856+0000] {processor.py:842} WARNING - No viable dags retrieved from /home/ubuntu/endtoend_venv/lib/python3.12/site-packages/airflow/example_dags/plugins/listener_plugin.py
[2024-06-05T02:28:17.867+0000] {processor.py:183} INFO - Processing /home/ubuntu/endtoend_venv/lib/python3.12/site-packages/airflow/example_dags/plugins/listener_plugin.py took 0.022 seconds
[2024-06-05T02:28:59.707+0000] {processor.py:161} INFO - Started process (PID=15548) to work on /home/ubuntu/endtoend_venv/lib/python3.12/site-packages/airflow/example_dags/plugins/listener_plugin.py
[2024-06-05T02:28:59.708+0000] {processor.py:830} INFO - Processing file /home/ubuntu/endtoend_venv/lib/python3.12/site-packages/airflow/example_dags/plugins/listener_plugin.py for tasks to queue
[2024-06-05T02:28:59.710+0000] {logging_mixin.py:188} INFO - [2024-06-05T02:28:59.709+0000] {dagbag.py:545} INFO - Filling up the DagBag from /home/ubuntu/endtoend_venv/lib/python3.12/site-packages/airflow/example_dags/plugins/listener_plugin.py
[2024-06-05T02:28:59.712+0000] {processor.py:842} WARNING - No viable dags retrieved from /home/ubuntu/endtoend_venv/lib/python3.12/site-packages/airflow/example_dags/plugins/listener_plugin.py
[2024-06-05T02:28:59.723+0000] {processor.py:183} INFO - Processing /home/ubuntu/endtoend_venv/lib/python3.12/site-packages/airflow/example_dags/plugins/listener_plugin.py took 0.022 seconds
[2024-06-05T02:29:42.275+0000] {processor.py:161} INFO - Started process (PID=15596) to work on /home/ubuntu/endtoend_venv/lib/python3.12/site-packages/airflow/example_dags/plugins/listener_plugin.py
[2024-06-05T02:29:42.276+0000] {processor.py:830} INFO - Processing file /home/ubuntu/endtoend_venv/lib/python3.12/site-packages/airflow/example_dags/plugins/listener_plugin.py for tasks to queue
[2024-06-05T02:29:42.278+0000] {logging_mixin.py:188} INFO - [2024-06-05T02:29:42.278+0000] {dagbag.py:545} INFO - Filling up the DagBag from /home/ubuntu/endtoend_venv/lib/python3.12/site-packages/airflow/example_dags/plugins/listener_plugin.py
[2024-06-05T02:29:42.281+0000] {processor.py:842} WARNING - No viable dags retrieved from /home/ubuntu/endtoend_venv/lib/python3.12/site-packages/airflow/example_dags/plugins/listener_plugin.py
[2024-06-05T02:29:42.292+0000] {processor.py:183} INFO - Processing /home/ubuntu/endtoend_venv/lib/python3.12/site-packages/airflow/example_dags/plugins/listener_plugin.py took 0.023 seconds
[2024-06-05T02:30:23.651+0000] {processor.py:161} INFO - Started process (PID=15643) to work on /home/ubuntu/endtoend_venv/lib/python3.12/site-packages/airflow/example_dags/plugins/listener_plugin.py
[2024-06-05T02:30:23.653+0000] {processor.py:830} INFO - Processing file /home/ubuntu/endtoend_venv/lib/python3.12/site-packages/airflow/example_dags/plugins/listener_plugin.py for tasks to queue
[2024-06-05T02:30:23.654+0000] {logging_mixin.py:188} INFO - [2024-06-05T02:30:23.654+0000] {dagbag.py:545} INFO - Filling up the DagBag from /home/ubuntu/endtoend_venv/lib/python3.12/site-packages/airflow/example_dags/plugins/listener_plugin.py
[2024-06-05T02:30:23.657+0000] {processor.py:842} WARNING - No viable dags retrieved from /home/ubuntu/endtoend_venv/lib/python3.12/site-packages/airflow/example_dags/plugins/listener_plugin.py
[2024-06-05T02:30:23.668+0000] {processor.py:183} INFO - Processing /home/ubuntu/endtoend_venv/lib/python3.12/site-packages/airflow/example_dags/plugins/listener_plugin.py took 0.023 seconds
[2024-06-05T02:31:05.934+0000] {processor.py:161} INFO - Started process (PID=15686) to work on /home/ubuntu/endtoend_venv/lib/python3.12/site-packages/airflow/example_dags/plugins/listener_plugin.py
[2024-06-05T02:31:05.935+0000] {processor.py:830} INFO - Processing file /home/ubuntu/endtoend_venv/lib/python3.12/site-packages/airflow/example_dags/plugins/listener_plugin.py for tasks to queue
[2024-06-05T02:31:05.937+0000] {logging_mixin.py:188} INFO - [2024-06-05T02:31:05.936+0000] {dagbag.py:545} INFO - Filling up the DagBag from /home/ubuntu/endtoend_venv/lib/python3.12/site-packages/airflow/example_dags/plugins/listener_plugin.py
[2024-06-05T02:31:05.940+0000] {processor.py:842} WARNING - No viable dags retrieved from /home/ubuntu/endtoend_venv/lib/python3.12/site-packages/airflow/example_dags/plugins/listener_plugin.py
[2024-06-05T02:31:05.951+0000] {processor.py:183} INFO - Processing /home/ubuntu/endtoend_venv/lib/python3.12/site-packages/airflow/example_dags/plugins/listener_plugin.py took 0.023 seconds
[2024-06-05T02:31:49.923+0000] {processor.py:161} INFO - Started process (PID=15729) to work on /home/ubuntu/endtoend_venv/lib/python3.12/site-packages/airflow/example_dags/plugins/listener_plugin.py
[2024-06-05T02:31:49.924+0000] {processor.py:830} INFO - Processing file /home/ubuntu/endtoend_venv/lib/python3.12/site-packages/airflow/example_dags/plugins/listener_plugin.py for tasks to queue
[2024-06-05T02:31:49.926+0000] {logging_mixin.py:188} INFO - [2024-06-05T02:31:49.925+0000] {dagbag.py:545} INFO - Filling up the DagBag from /home/ubuntu/endtoend_venv/lib/python3.12/site-packages/airflow/example_dags/plugins/listener_plugin.py
[2024-06-05T02:31:49.928+0000] {processor.py:842} WARNING - No viable dags retrieved from /home/ubuntu/endtoend_venv/lib/python3.12/site-packages/airflow/example_dags/plugins/listener_plugin.py
[2024-06-05T02:31:49.939+0000] {processor.py:183} INFO - Processing /home/ubuntu/endtoend_venv/lib/python3.12/site-packages/airflow/example_dags/plugins/listener_plugin.py took 0.023 seconds
[2024-06-05T02:32:30.882+0000] {processor.py:161} INFO - Started process (PID=15772) to work on /home/ubuntu/endtoend_venv/lib/python3.12/site-packages/airflow/example_dags/plugins/listener_plugin.py
[2024-06-05T02:32:30.884+0000] {processor.py:830} INFO - Processing file /home/ubuntu/endtoend_venv/lib/python3.12/site-packages/airflow/example_dags/plugins/listener_plugin.py for tasks to queue
[2024-06-05T02:32:30.885+0000] {logging_mixin.py:188} INFO - [2024-06-05T02:32:30.885+0000] {dagbag.py:545} INFO - Filling up the DagBag from /home/ubuntu/endtoend_venv/lib/python3.12/site-packages/airflow/example_dags/plugins/listener_plugin.py
[2024-06-05T02:32:30.888+0000] {processor.py:842} WARNING - No viable dags retrieved from /home/ubuntu/endtoend_venv/lib/python3.12/site-packages/airflow/example_dags/plugins/listener_plugin.py
[2024-06-05T02:32:30.899+0000] {processor.py:183} INFO - Processing /home/ubuntu/endtoend_venv/lib/python3.12/site-packages/airflow/example_dags/plugins/listener_plugin.py took 0.023 seconds
[2024-06-05T02:33:13.744+0000] {processor.py:161} INFO - Started process (PID=15814) to work on /home/ubuntu/endtoend_venv/lib/python3.12/site-packages/airflow/example_dags/plugins/listener_plugin.py
[2024-06-05T02:33:13.745+0000] {processor.py:830} INFO - Processing file /home/ubuntu/endtoend_venv/lib/python3.12/site-packages/airflow/example_dags/plugins/listener_plugin.py for tasks to queue
[2024-06-05T02:33:13.747+0000] {logging_mixin.py:188} INFO - [2024-06-05T02:33:13.746+0000] {dagbag.py:545} INFO - Filling up the DagBag from /home/ubuntu/endtoend_venv/lib/python3.12/site-packages/airflow/example_dags/plugins/listener_plugin.py
[2024-06-05T02:33:13.750+0000] {processor.py:842} WARNING - No viable dags retrieved from /home/ubuntu/endtoend_venv/lib/python3.12/site-packages/airflow/example_dags/plugins/listener_plugin.py
[2024-06-05T02:33:13.760+0000] {processor.py:183} INFO - Processing /home/ubuntu/endtoend_venv/lib/python3.12/site-packages/airflow/example_dags/plugins/listener_plugin.py took 0.023 seconds
[2024-06-05T02:33:56.528+0000] {processor.py:161} INFO - Started process (PID=15858) to work on /home/ubuntu/endtoend_venv/lib/python3.12/site-packages/airflow/example_dags/plugins/listener_plugin.py
[2024-06-05T02:33:56.529+0000] {processor.py:830} INFO - Processing file /home/ubuntu/endtoend_venv/lib/python3.12/site-packages/airflow/example_dags/plugins/listener_plugin.py for tasks to queue
[2024-06-05T02:33:56.531+0000] {logging_mixin.py:188} INFO - [2024-06-05T02:33:56.531+0000] {dagbag.py:545} INFO - Filling up the DagBag from /home/ubuntu/endtoend_venv/lib/python3.12/site-packages/airflow/example_dags/plugins/listener_plugin.py
[2024-06-05T02:33:56.534+0000] {processor.py:842} WARNING - No viable dags retrieved from /home/ubuntu/endtoend_venv/lib/python3.12/site-packages/airflow/example_dags/plugins/listener_plugin.py
[2024-06-05T02:33:56.545+0000] {processor.py:183} INFO - Processing /home/ubuntu/endtoend_venv/lib/python3.12/site-packages/airflow/example_dags/plugins/listener_plugin.py took 0.022 seconds
[2024-06-05T02:34:35.993+0000] {processor.py:161} INFO - Started process (PID=15900) to work on /home/ubuntu/endtoend_venv/lib/python3.12/site-packages/airflow/example_dags/plugins/listener_plugin.py
[2024-06-05T02:34:35.994+0000] {processor.py:830} INFO - Processing file /home/ubuntu/endtoend_venv/lib/python3.12/site-packages/airflow/example_dags/plugins/listener_plugin.py for tasks to queue
[2024-06-05T02:34:35.996+0000] {logging_mixin.py:188} INFO - [2024-06-05T02:34:35.996+0000] {dagbag.py:545} INFO - Filling up the DagBag from /home/ubuntu/endtoend_venv/lib/python3.12/site-packages/airflow/example_dags/plugins/listener_plugin.py
[2024-06-05T02:34:35.999+0000] {processor.py:842} WARNING - No viable dags retrieved from /home/ubuntu/endtoend_venv/lib/python3.12/site-packages/airflow/example_dags/plugins/listener_plugin.py
[2024-06-05T02:34:36.010+0000] {processor.py:183} INFO - Processing /home/ubuntu/endtoend_venv/lib/python3.12/site-packages/airflow/example_dags/plugins/listener_plugin.py took 0.022 seconds
