[2024-06-05T02:18:05.437+0000] {processor.py:161} INFO - Started process (PID=14901) to work on /home/ubuntu/endtoend_venv/lib/python3.12/site-packages/airflow/example_dags/plugins/workday.py
[2024-06-05T02:18:05.438+0000] {processor.py:830} INFO - Processing file /home/ubuntu/endtoend_venv/lib/python3.12/site-packages/airflow/example_dags/plugins/workday.py for tasks to queue
[2024-06-05T02:18:05.441+0000] {logging_mixin.py:188} INFO - [2024-06-05T02:18:05.440+0000] {dagbag.py:545} INFO - Filling up the DagBag from /home/ubuntu/endtoend_venv/lib/python3.12/site-packages/airflow/example_dags/plugins/workday.py
[2024-06-05T02:18:05.445+0000] {logging_mixin.py:188} INFO - [2024-06-05T02:18:05.445+0000] {workday.py:41} WARNING - Could not import pandas. Holidays will not be considered.
[2024-06-05T02:18:05.446+0000] {processor.py:842} WARNING - No viable dags retrieved from /home/ubuntu/endtoend_venv/lib/python3.12/site-packages/airflow/example_dags/plugins/workday.py
[2024-06-05T02:18:05.465+0000] {processor.py:183} INFO - Processing /home/ubuntu/endtoend_venv/lib/python3.12/site-packages/airflow/example_dags/plugins/workday.py took 0.035 seconds
[2024-06-05T02:19:04.179+0000] {processor.py:161} INFO - Started process (PID=14956) to work on /home/ubuntu/endtoend_venv/lib/python3.12/site-packages/airflow/example_dags/plugins/workday.py
[2024-06-05T02:19:04.181+0000] {processor.py:830} INFO - Processing file /home/ubuntu/endtoend_venv/lib/python3.12/site-packages/airflow/example_dags/plugins/workday.py for tasks to queue
[2024-06-05T02:19:04.183+0000] {logging_mixin.py:188} INFO - [2024-06-05T02:19:04.182+0000] {dagbag.py:545} INFO - Filling up the DagBag from /home/ubuntu/endtoend_venv/lib/python3.12/site-packages/airflow/example_dags/plugins/workday.py
[2024-06-05T02:19:04.185+0000] {logging_mixin.py:188} INFO - [2024-06-05T02:19:04.185+0000] {workday.py:41} WARNING - Could not import pandas. Holidays will not be considered.
[2024-06-05T02:19:04.186+0000] {processor.py:842} WARNING - No viable dags retrieved from /home/ubuntu/endtoend_venv/lib/python3.12/site-packages/airflow/example_dags/plugins/workday.py
[2024-06-05T02:19:04.197+0000] {processor.py:183} INFO - Processing /home/ubuntu/endtoend_venv/lib/python3.12/site-packages/airflow/example_dags/plugins/workday.py took 0.023 seconds
[2024-06-05T02:19:49.720+0000] {processor.py:161} INFO - Started process (PID=15002) to work on /home/ubuntu/endtoend_venv/lib/python3.12/site-packages/airflow/example_dags/plugins/workday.py
[2024-06-05T02:19:49.722+0000] {processor.py:830} INFO - Processing file /home/ubuntu/endtoend_venv/lib/python3.12/site-packages/airflow/example_dags/plugins/workday.py for tasks to queue
[2024-06-05T02:19:49.724+0000] {logging_mixin.py:188} INFO - [2024-06-05T02:19:49.723+0000] {dagbag.py:545} INFO - Filling up the DagBag from /home/ubuntu/endtoend_venv/lib/python3.12/site-packages/airflow/example_dags/plugins/workday.py
[2024-06-05T02:19:49.727+0000] {logging_mixin.py:188} INFO - [2024-06-05T02:19:49.726+0000] {workday.py:41} WARNING - Could not import pandas. Holidays will not be considered.
[2024-06-05T02:19:49.727+0000] {processor.py:842} WARNING - No viable dags retrieved from /home/ubuntu/endtoend_venv/lib/python3.12/site-packages/airflow/example_dags/plugins/workday.py
[2024-06-05T02:19:49.738+0000] {processor.py:183} INFO - Processing /home/ubuntu/endtoend_venv/lib/python3.12/site-packages/airflow/example_dags/plugins/workday.py took 0.024 seconds
[2024-06-05T02:20:29.781+0000] {processor.py:161} INFO - Started process (PID=15050) to work on /home/ubuntu/endtoend_venv/lib/python3.12/site-packages/airflow/example_dags/plugins/workday.py
[2024-06-05T02:20:29.783+0000] {processor.py:830} INFO - Processing file /home/ubuntu/endtoend_venv/lib/python3.12/site-packages/airflow/example_dags/plugins/workday.py for tasks to queue
[2024-06-05T02:20:29.785+0000] {logging_mixin.py:188} INFO - [2024-06-05T02:20:29.784+0000] {dagbag.py:545} INFO - Filling up the DagBag from /home/ubuntu/endtoend_venv/lib/python3.12/site-packages/airflow/example_dags/plugins/workday.py
[2024-06-05T02:20:29.788+0000] {logging_mixin.py:188} INFO - [2024-06-05T02:20:29.787+0000] {workday.py:41} WARNING - Could not import pandas. Holidays will not be considered.
[2024-06-05T02:20:29.788+0000] {processor.py:842} WARNING - No viable dags retrieved from /home/ubuntu/endtoend_venv/lib/python3.12/site-packages/airflow/example_dags/plugins/workday.py
[2024-06-05T02:20:29.800+0000] {processor.py:183} INFO - Processing /home/ubuntu/endtoend_venv/lib/python3.12/site-packages/airflow/example_dags/plugins/workday.py took 0.024 seconds
[2024-06-05T02:21:09.717+0000] {processor.py:161} INFO - Started process (PID=15093) to work on /home/ubuntu/endtoend_venv/lib/python3.12/site-packages/airflow/example_dags/plugins/workday.py
[2024-06-05T02:21:09.718+0000] {processor.py:830} INFO - Processing file /home/ubuntu/endtoend_venv/lib/python3.12/site-packages/airflow/example_dags/plugins/workday.py for tasks to queue
[2024-06-05T02:21:09.720+0000] {logging_mixin.py:188} INFO - [2024-06-05T02:21:09.720+0000] {dagbag.py:545} INFO - Filling up the DagBag from /home/ubuntu/endtoend_venv/lib/python3.12/site-packages/airflow/example_dags/plugins/workday.py
[2024-06-05T02:21:09.723+0000] {logging_mixin.py:188} INFO - [2024-06-05T02:21:09.723+0000] {workday.py:41} WARNING - Could not import pandas. Holidays will not be considered.
[2024-06-05T02:21:09.723+0000] {processor.py:842} WARNING - No viable dags retrieved from /home/ubuntu/endtoend_venv/lib/python3.12/site-packages/airflow/example_dags/plugins/workday.py
[2024-06-05T02:21:09.734+0000] {processor.py:183} INFO - Processing /home/ubuntu/endtoend_venv/lib/python3.12/site-packages/airflow/example_dags/plugins/workday.py took 0.023 seconds
[2024-06-05T02:21:47.994+0000] {processor.py:161} INFO - Started process (PID=15133) to work on /home/ubuntu/endtoend_venv/lib/python3.12/site-packages/airflow/example_dags/plugins/workday.py
[2024-06-05T02:21:47.995+0000] {processor.py:830} INFO - Processing file /home/ubuntu/endtoend_venv/lib/python3.12/site-packages/airflow/example_dags/plugins/workday.py for tasks to queue
[2024-06-05T02:21:47.997+0000] {logging_mixin.py:188} INFO - [2024-06-05T02:21:47.997+0000] {dagbag.py:545} INFO - Filling up the DagBag from /home/ubuntu/endtoend_venv/lib/python3.12/site-packages/airflow/example_dags/plugins/workday.py
[2024-06-05T02:21:48.000+0000] {logging_mixin.py:188} INFO - [2024-06-05T02:21:48.000+0000] {workday.py:41} WARNING - Could not import pandas. Holidays will not be considered.
[2024-06-05T02:21:48.000+0000] {processor.py:842} WARNING - No viable dags retrieved from /home/ubuntu/endtoend_venv/lib/python3.12/site-packages/airflow/example_dags/plugins/workday.py
[2024-06-05T02:21:48.011+0000] {processor.py:183} INFO - Processing /home/ubuntu/endtoend_venv/lib/python3.12/site-packages/airflow/example_dags/plugins/workday.py took 0.023 seconds
[2024-06-05T02:22:25.333+0000] {processor.py:161} INFO - Started process (PID=15171) to work on /home/ubuntu/endtoend_venv/lib/python3.12/site-packages/airflow/example_dags/plugins/workday.py
[2024-06-05T02:22:25.334+0000] {processor.py:830} INFO - Processing file /home/ubuntu/endtoend_venv/lib/python3.12/site-packages/airflow/example_dags/plugins/workday.py for tasks to queue
[2024-06-05T02:22:25.336+0000] {logging_mixin.py:188} INFO - [2024-06-05T02:22:25.335+0000] {dagbag.py:545} INFO - Filling up the DagBag from /home/ubuntu/endtoend_venv/lib/python3.12/site-packages/airflow/example_dags/plugins/workday.py
[2024-06-05T02:22:25.339+0000] {logging_mixin.py:188} INFO - [2024-06-05T02:22:25.338+0000] {workday.py:41} WARNING - Could not import pandas. Holidays will not be considered.
[2024-06-05T02:22:25.339+0000] {processor.py:842} WARNING - No viable dags retrieved from /home/ubuntu/endtoend_venv/lib/python3.12/site-packages/airflow/example_dags/plugins/workday.py
[2024-06-05T02:22:25.350+0000] {processor.py:183} INFO - Processing /home/ubuntu/endtoend_venv/lib/python3.12/site-packages/airflow/example_dags/plugins/workday.py took 0.023 seconds
[2024-06-05T02:23:03.731+0000] {processor.py:161} INFO - Started process (PID=15211) to work on /home/ubuntu/endtoend_venv/lib/python3.12/site-packages/airflow/example_dags/plugins/workday.py
[2024-06-05T02:23:03.732+0000] {processor.py:830} INFO - Processing file /home/ubuntu/endtoend_venv/lib/python3.12/site-packages/airflow/example_dags/plugins/workday.py for tasks to queue
[2024-06-05T02:23:03.734+0000] {logging_mixin.py:188} INFO - [2024-06-05T02:23:03.733+0000] {dagbag.py:545} INFO - Filling up the DagBag from /home/ubuntu/endtoend_venv/lib/python3.12/site-packages/airflow/example_dags/plugins/workday.py
[2024-06-05T02:23:03.737+0000] {logging_mixin.py:188} INFO - [2024-06-05T02:23:03.736+0000] {workday.py:41} WARNING - Could not import pandas. Holidays will not be considered.
[2024-06-05T02:23:03.737+0000] {processor.py:842} WARNING - No viable dags retrieved from /home/ubuntu/endtoend_venv/lib/python3.12/site-packages/airflow/example_dags/plugins/workday.py
[2024-06-05T02:23:03.748+0000] {processor.py:183} INFO - Processing /home/ubuntu/endtoend_venv/lib/python3.12/site-packages/airflow/example_dags/plugins/workday.py took 0.024 seconds
[2024-06-05T02:25:17.228+0000] {processor.py:161} INFO - Started process (PID=15318) to work on /home/ubuntu/endtoend_venv/lib/python3.12/site-packages/airflow/example_dags/plugins/workday.py
[2024-06-05T02:25:17.229+0000] {processor.py:830} INFO - Processing file /home/ubuntu/endtoend_venv/lib/python3.12/site-packages/airflow/example_dags/plugins/workday.py for tasks to queue
[2024-06-05T02:25:17.231+0000] {logging_mixin.py:188} INFO - [2024-06-05T02:25:17.231+0000] {dagbag.py:545} INFO - Filling up the DagBag from /home/ubuntu/endtoend_venv/lib/python3.12/site-packages/airflow/example_dags/plugins/workday.py
[2024-06-05T02:25:17.234+0000] {logging_mixin.py:188} INFO - [2024-06-05T02:25:17.234+0000] {workday.py:41} WARNING - Could not import pandas. Holidays will not be considered.
[2024-06-05T02:25:17.234+0000] {processor.py:842} WARNING - No viable dags retrieved from /home/ubuntu/endtoend_venv/lib/python3.12/site-packages/airflow/example_dags/plugins/workday.py
[2024-06-05T02:25:17.245+0000] {processor.py:183} INFO - Processing /home/ubuntu/endtoend_venv/lib/python3.12/site-packages/airflow/example_dags/plugins/workday.py took 0.022 seconds
[2024-06-05T02:26:07.534+0000] {processor.py:161} INFO - Started process (PID=15374) to work on /home/ubuntu/endtoend_venv/lib/python3.12/site-packages/airflow/example_dags/plugins/workday.py
[2024-06-05T02:26:07.536+0000] {processor.py:830} INFO - Processing file /home/ubuntu/endtoend_venv/lib/python3.12/site-packages/airflow/example_dags/plugins/workday.py for tasks to queue
[2024-06-05T02:26:07.538+0000] {logging_mixin.py:188} INFO - [2024-06-05T02:26:07.537+0000] {dagbag.py:545} INFO - Filling up the DagBag from /home/ubuntu/endtoend_venv/lib/python3.12/site-packages/airflow/example_dags/plugins/workday.py
[2024-06-05T02:26:07.540+0000] {logging_mixin.py:188} INFO - [2024-06-05T02:26:07.540+0000] {workday.py:41} WARNING - Could not import pandas. Holidays will not be considered.
[2024-06-05T02:26:07.541+0000] {processor.py:842} WARNING - No viable dags retrieved from /home/ubuntu/endtoend_venv/lib/python3.12/site-packages/airflow/example_dags/plugins/workday.py
[2024-06-05T02:26:07.552+0000] {processor.py:183} INFO - Processing /home/ubuntu/endtoend_venv/lib/python3.12/site-packages/airflow/example_dags/plugins/workday.py took 0.023 seconds
[2024-06-05T02:26:55.709+0000] {processor.py:161} INFO - Started process (PID=15420) to work on /home/ubuntu/endtoend_venv/lib/python3.12/site-packages/airflow/example_dags/plugins/workday.py
[2024-06-05T02:26:55.711+0000] {processor.py:830} INFO - Processing file /home/ubuntu/endtoend_venv/lib/python3.12/site-packages/airflow/example_dags/plugins/workday.py for tasks to queue
[2024-06-05T02:26:55.713+0000] {logging_mixin.py:188} INFO - [2024-06-05T02:26:55.712+0000] {dagbag.py:545} INFO - Filling up the DagBag from /home/ubuntu/endtoend_venv/lib/python3.12/site-packages/airflow/example_dags/plugins/workday.py
[2024-06-05T02:26:55.715+0000] {logging_mixin.py:188} INFO - [2024-06-05T02:26:55.715+0000] {workday.py:41} WARNING - Could not import pandas. Holidays will not be considered.
[2024-06-05T02:26:55.716+0000] {processor.py:842} WARNING - No viable dags retrieved from /home/ubuntu/endtoend_venv/lib/python3.12/site-packages/airflow/example_dags/plugins/workday.py
[2024-06-05T02:26:55.727+0000] {processor.py:183} INFO - Processing /home/ubuntu/endtoend_venv/lib/python3.12/site-packages/airflow/example_dags/plugins/workday.py took 0.023 seconds
[2024-06-05T02:27:34.795+0000] {processor.py:161} INFO - Started process (PID=15462) to work on /home/ubuntu/endtoend_venv/lib/python3.12/site-packages/airflow/example_dags/plugins/workday.py
[2024-06-05T02:27:34.797+0000] {processor.py:830} INFO - Processing file /home/ubuntu/endtoend_venv/lib/python3.12/site-packages/airflow/example_dags/plugins/workday.py for tasks to queue
[2024-06-05T02:27:34.799+0000] {logging_mixin.py:188} INFO - [2024-06-05T02:27:34.798+0000] {dagbag.py:545} INFO - Filling up the DagBag from /home/ubuntu/endtoend_venv/lib/python3.12/site-packages/airflow/example_dags/plugins/workday.py
[2024-06-05T02:27:34.801+0000] {logging_mixin.py:188} INFO - [2024-06-05T02:27:34.801+0000] {workday.py:41} WARNING - Could not import pandas. Holidays will not be considered.
[2024-06-05T02:27:34.802+0000] {processor.py:842} WARNING - No viable dags retrieved from /home/ubuntu/endtoend_venv/lib/python3.12/site-packages/airflow/example_dags/plugins/workday.py
[2024-06-05T02:27:34.813+0000] {processor.py:183} INFO - Processing /home/ubuntu/endtoend_venv/lib/python3.12/site-packages/airflow/example_dags/plugins/workday.py took 0.024 seconds
[2024-06-05T02:28:16.374+0000] {processor.py:161} INFO - Started process (PID=15503) to work on /home/ubuntu/endtoend_venv/lib/python3.12/site-packages/airflow/example_dags/plugins/workday.py
[2024-06-05T02:28:16.375+0000] {processor.py:830} INFO - Processing file /home/ubuntu/endtoend_venv/lib/python3.12/site-packages/airflow/example_dags/plugins/workday.py for tasks to queue
[2024-06-05T02:28:16.377+0000] {logging_mixin.py:188} INFO - [2024-06-05T02:28:16.377+0000] {dagbag.py:545} INFO - Filling up the DagBag from /home/ubuntu/endtoend_venv/lib/python3.12/site-packages/airflow/example_dags/plugins/workday.py
[2024-06-05T02:28:16.380+0000] {logging_mixin.py:188} INFO - [2024-06-05T02:28:16.380+0000] {workday.py:41} WARNING - Could not import pandas. Holidays will not be considered.
[2024-06-05T02:28:16.380+0000] {processor.py:842} WARNING - No viable dags retrieved from /home/ubuntu/endtoend_venv/lib/python3.12/site-packages/airflow/example_dags/plugins/workday.py
[2024-06-05T02:28:16.391+0000] {processor.py:183} INFO - Processing /home/ubuntu/endtoend_venv/lib/python3.12/site-packages/airflow/example_dags/plugins/workday.py took 0.023 seconds
[2024-06-05T02:28:57.873+0000] {processor.py:161} INFO - Started process (PID=15546) to work on /home/ubuntu/endtoend_venv/lib/python3.12/site-packages/airflow/example_dags/plugins/workday.py
[2024-06-05T02:28:57.874+0000] {processor.py:830} INFO - Processing file /home/ubuntu/endtoend_venv/lib/python3.12/site-packages/airflow/example_dags/plugins/workday.py for tasks to queue
[2024-06-05T02:28:57.876+0000] {logging_mixin.py:188} INFO - [2024-06-05T02:28:57.876+0000] {dagbag.py:545} INFO - Filling up the DagBag from /home/ubuntu/endtoend_venv/lib/python3.12/site-packages/airflow/example_dags/plugins/workday.py
[2024-06-05T02:28:57.879+0000] {logging_mixin.py:188} INFO - [2024-06-05T02:28:57.879+0000] {workday.py:41} WARNING - Could not import pandas. Holidays will not be considered.
[2024-06-05T02:28:57.879+0000] {processor.py:842} WARNING - No viable dags retrieved from /home/ubuntu/endtoend_venv/lib/python3.12/site-packages/airflow/example_dags/plugins/workday.py
[2024-06-05T02:28:57.890+0000] {processor.py:183} INFO - Processing /home/ubuntu/endtoend_venv/lib/python3.12/site-packages/airflow/example_dags/plugins/workday.py took 0.023 seconds
[2024-06-05T02:29:40.002+0000] {processor.py:161} INFO - Started process (PID=15594) to work on /home/ubuntu/endtoend_venv/lib/python3.12/site-packages/airflow/example_dags/plugins/workday.py
[2024-06-05T02:29:40.004+0000] {processor.py:830} INFO - Processing file /home/ubuntu/endtoend_venv/lib/python3.12/site-packages/airflow/example_dags/plugins/workday.py for tasks to queue
[2024-06-05T02:29:40.005+0000] {logging_mixin.py:188} INFO - [2024-06-05T02:29:40.005+0000] {dagbag.py:545} INFO - Filling up the DagBag from /home/ubuntu/endtoend_venv/lib/python3.12/site-packages/airflow/example_dags/plugins/workday.py
[2024-06-05T02:29:40.008+0000] {logging_mixin.py:188} INFO - [2024-06-05T02:29:40.008+0000] {workday.py:41} WARNING - Could not import pandas. Holidays will not be considered.
[2024-06-05T02:29:40.009+0000] {processor.py:842} WARNING - No viable dags retrieved from /home/ubuntu/endtoend_venv/lib/python3.12/site-packages/airflow/example_dags/plugins/workday.py
[2024-06-05T02:29:40.019+0000] {processor.py:183} INFO - Processing /home/ubuntu/endtoend_venv/lib/python3.12/site-packages/airflow/example_dags/plugins/workday.py took 0.023 seconds
[2024-06-05T02:30:21.378+0000] {processor.py:161} INFO - Started process (PID=15641) to work on /home/ubuntu/endtoend_venv/lib/python3.12/site-packages/airflow/example_dags/plugins/workday.py
[2024-06-05T02:30:21.379+0000] {processor.py:830} INFO - Processing file /home/ubuntu/endtoend_venv/lib/python3.12/site-packages/airflow/example_dags/plugins/workday.py for tasks to queue
[2024-06-05T02:30:21.381+0000] {logging_mixin.py:188} INFO - [2024-06-05T02:30:21.381+0000] {dagbag.py:545} INFO - Filling up the DagBag from /home/ubuntu/endtoend_venv/lib/python3.12/site-packages/airflow/example_dags/plugins/workday.py
[2024-06-05T02:30:21.384+0000] {logging_mixin.py:188} INFO - [2024-06-05T02:30:21.383+0000] {workday.py:41} WARNING - Could not import pandas. Holidays will not be considered.
[2024-06-05T02:30:21.384+0000] {processor.py:842} WARNING - No viable dags retrieved from /home/ubuntu/endtoend_venv/lib/python3.12/site-packages/airflow/example_dags/plugins/workday.py
[2024-06-05T02:30:21.395+0000] {processor.py:183} INFO - Processing /home/ubuntu/endtoend_venv/lib/python3.12/site-packages/airflow/example_dags/plugins/workday.py took 0.023 seconds
[2024-06-05T02:31:03.673+0000] {processor.py:161} INFO - Started process (PID=15684) to work on /home/ubuntu/endtoend_venv/lib/python3.12/site-packages/airflow/example_dags/plugins/workday.py
[2024-06-05T02:31:03.675+0000] {processor.py:830} INFO - Processing file /home/ubuntu/endtoend_venv/lib/python3.12/site-packages/airflow/example_dags/plugins/workday.py for tasks to queue
[2024-06-05T02:31:03.676+0000] {logging_mixin.py:188} INFO - [2024-06-05T02:31:03.676+0000] {dagbag.py:545} INFO - Filling up the DagBag from /home/ubuntu/endtoend_venv/lib/python3.12/site-packages/airflow/example_dags/plugins/workday.py
[2024-06-05T02:31:03.679+0000] {logging_mixin.py:188} INFO - [2024-06-05T02:31:03.679+0000] {workday.py:41} WARNING - Could not import pandas. Holidays will not be considered.
[2024-06-05T02:31:03.680+0000] {processor.py:842} WARNING - No viable dags retrieved from /home/ubuntu/endtoend_venv/lib/python3.12/site-packages/airflow/example_dags/plugins/workday.py
[2024-06-05T02:31:03.691+0000] {processor.py:183} INFO - Processing /home/ubuntu/endtoend_venv/lib/python3.12/site-packages/airflow/example_dags/plugins/workday.py took 0.023 seconds
[2024-06-05T02:31:47.640+0000] {processor.py:161} INFO - Started process (PID=15727) to work on /home/ubuntu/endtoend_venv/lib/python3.12/site-packages/airflow/example_dags/plugins/workday.py
[2024-06-05T02:31:47.641+0000] {processor.py:830} INFO - Processing file /home/ubuntu/endtoend_venv/lib/python3.12/site-packages/airflow/example_dags/plugins/workday.py for tasks to queue
[2024-06-05T02:31:47.643+0000] {logging_mixin.py:188} INFO - [2024-06-05T02:31:47.643+0000] {dagbag.py:545} INFO - Filling up the DagBag from /home/ubuntu/endtoend_venv/lib/python3.12/site-packages/airflow/example_dags/plugins/workday.py
[2024-06-05T02:31:47.646+0000] {logging_mixin.py:188} INFO - [2024-06-05T02:31:47.646+0000] {workday.py:41} WARNING - Could not import pandas. Holidays will not be considered.
[2024-06-05T02:31:47.646+0000] {processor.py:842} WARNING - No viable dags retrieved from /home/ubuntu/endtoend_venv/lib/python3.12/site-packages/airflow/example_dags/plugins/workday.py
[2024-06-05T02:31:47.657+0000] {processor.py:183} INFO - Processing /home/ubuntu/endtoend_venv/lib/python3.12/site-packages/airflow/example_dags/plugins/workday.py took 0.023 seconds
[2024-06-05T02:32:28.910+0000] {processor.py:161} INFO - Started process (PID=15770) to work on /home/ubuntu/endtoend_venv/lib/python3.12/site-packages/airflow/example_dags/plugins/workday.py
[2024-06-05T02:32:28.911+0000] {processor.py:830} INFO - Processing file /home/ubuntu/endtoend_venv/lib/python3.12/site-packages/airflow/example_dags/plugins/workday.py for tasks to queue
[2024-06-05T02:32:28.913+0000] {logging_mixin.py:188} INFO - [2024-06-05T02:32:28.913+0000] {dagbag.py:545} INFO - Filling up the DagBag from /home/ubuntu/endtoend_venv/lib/python3.12/site-packages/airflow/example_dags/plugins/workday.py
[2024-06-05T02:32:28.916+0000] {logging_mixin.py:188} INFO - [2024-06-05T02:32:28.916+0000] {workday.py:41} WARNING - Could not import pandas. Holidays will not be considered.
[2024-06-05T02:32:28.916+0000] {processor.py:842} WARNING - No viable dags retrieved from /home/ubuntu/endtoend_venv/lib/python3.12/site-packages/airflow/example_dags/plugins/workday.py
[2024-06-05T02:32:28.927+0000] {processor.py:183} INFO - Processing /home/ubuntu/endtoend_venv/lib/python3.12/site-packages/airflow/example_dags/plugins/workday.py took 0.023 seconds
[2024-06-05T02:33:11.466+0000] {processor.py:161} INFO - Started process (PID=15812) to work on /home/ubuntu/endtoend_venv/lib/python3.12/site-packages/airflow/example_dags/plugins/workday.py
[2024-06-05T02:33:11.467+0000] {processor.py:830} INFO - Processing file /home/ubuntu/endtoend_venv/lib/python3.12/site-packages/airflow/example_dags/plugins/workday.py for tasks to queue
[2024-06-05T02:33:11.469+0000] {logging_mixin.py:188} INFO - [2024-06-05T02:33:11.469+0000] {dagbag.py:545} INFO - Filling up the DagBag from /home/ubuntu/endtoend_venv/lib/python3.12/site-packages/airflow/example_dags/plugins/workday.py
[2024-06-05T02:33:11.472+0000] {logging_mixin.py:188} INFO - [2024-06-05T02:33:11.472+0000] {workday.py:41} WARNING - Could not import pandas. Holidays will not be considered.
[2024-06-05T02:33:11.472+0000] {processor.py:842} WARNING - No viable dags retrieved from /home/ubuntu/endtoend_venv/lib/python3.12/site-packages/airflow/example_dags/plugins/workday.py
[2024-06-05T02:33:11.484+0000] {processor.py:183} INFO - Processing /home/ubuntu/endtoend_venv/lib/python3.12/site-packages/airflow/example_dags/plugins/workday.py took 0.024 seconds
[2024-06-05T02:33:54.298+0000] {processor.py:161} INFO - Started process (PID=15856) to work on /home/ubuntu/endtoend_venv/lib/python3.12/site-packages/airflow/example_dags/plugins/workday.py
[2024-06-05T02:33:54.300+0000] {processor.py:830} INFO - Processing file /home/ubuntu/endtoend_venv/lib/python3.12/site-packages/airflow/example_dags/plugins/workday.py for tasks to queue
[2024-06-05T02:33:54.302+0000] {logging_mixin.py:188} INFO - [2024-06-05T02:33:54.301+0000] {dagbag.py:545} INFO - Filling up the DagBag from /home/ubuntu/endtoend_venv/lib/python3.12/site-packages/airflow/example_dags/plugins/workday.py
[2024-06-05T02:33:54.304+0000] {logging_mixin.py:188} INFO - [2024-06-05T02:33:54.304+0000] {workday.py:41} WARNING - Could not import pandas. Holidays will not be considered.
[2024-06-05T02:33:54.305+0000] {processor.py:842} WARNING - No viable dags retrieved from /home/ubuntu/endtoend_venv/lib/python3.12/site-packages/airflow/example_dags/plugins/workday.py
[2024-06-05T02:33:54.315+0000] {processor.py:183} INFO - Processing /home/ubuntu/endtoend_venv/lib/python3.12/site-packages/airflow/example_dags/plugins/workday.py took 0.023 seconds
[2024-06-05T02:34:33.721+0000] {processor.py:161} INFO - Started process (PID=15898) to work on /home/ubuntu/endtoend_venv/lib/python3.12/site-packages/airflow/example_dags/plugins/workday.py
[2024-06-05T02:34:33.722+0000] {processor.py:830} INFO - Processing file /home/ubuntu/endtoend_venv/lib/python3.12/site-packages/airflow/example_dags/plugins/workday.py for tasks to queue
[2024-06-05T02:34:33.724+0000] {logging_mixin.py:188} INFO - [2024-06-05T02:34:33.723+0000] {dagbag.py:545} INFO - Filling up the DagBag from /home/ubuntu/endtoend_venv/lib/python3.12/site-packages/airflow/example_dags/plugins/workday.py
[2024-06-05T02:34:33.727+0000] {logging_mixin.py:188} INFO - [2024-06-05T02:34:33.726+0000] {workday.py:41} WARNING - Could not import pandas. Holidays will not be considered.
[2024-06-05T02:34:33.727+0000] {processor.py:842} WARNING - No viable dags retrieved from /home/ubuntu/endtoend_venv/lib/python3.12/site-packages/airflow/example_dags/plugins/workday.py
[2024-06-05T02:34:33.738+0000] {processor.py:183} INFO - Processing /home/ubuntu/endtoend_venv/lib/python3.12/site-packages/airflow/example_dags/plugins/workday.py took 0.023 seconds
