[2024-06-15T02:52:52.132+0000] {local_task_job_runner.py:120} INFO - ::group::Pre task execution logs
[2024-06-15T02:52:52.145+0000] {taskinstance.py:2076} INFO - Dependencies all met for dep_context=non-requeueable deps ti=<TaskInstance: zillow_analytics_dag.tsk_transfer_s3_to_redshift manual__2024-06-15T02:52:29.886346+00:00 [queued]>
[2024-06-15T02:52:52.152+0000] {taskinstance.py:2076} INFO - Dependencies all met for dep_context=requeueable deps ti=<TaskInstance: zillow_analytics_dag.tsk_transfer_s3_to_redshift manual__2024-06-15T02:52:29.886346+00:00 [queued]>
[2024-06-15T02:52:52.152+0000] {taskinstance.py:2306} INFO - Starting attempt 1 of 3
[2024-06-15T02:52:52.166+0000] {taskinstance.py:2330} INFO - Executing <Task(S3ToRedshiftOperator): tsk_transfer_s3_to_redshift> on 2024-06-15 02:52:29.886346+00:00
[2024-06-15T02:52:52.172+0000] {standard_task_runner.py:63} INFO - Started process 186611 to run task
[2024-06-15T02:52:52.175+0000] {standard_task_runner.py:90} INFO - Running: ['airflow', 'tasks', 'run', 'zillow_analytics_dag', 'tsk_transfer_s3_to_redshift', 'manual__2024-06-15T02:52:29.886346+00:00', '--job-id', '217', '--raw', '--subdir', 'DAGS_FOLDER/zillowanalytics.py', '--cfg-path', '/tmp/tmplbr60al5']
[2024-06-15T02:52:52.177+0000] {standard_task_runner.py:91} INFO - Job 217: Subtask tsk_transfer_s3_to_redshift
[2024-06-15T02:52:52.214+0000] {task_command.py:426} INFO - Running <TaskInstance: zillow_analytics_dag.tsk_transfer_s3_to_redshift manual__2024-06-15T02:52:29.886346+00:00 [running]> on host ip-172-31-25-20.us-east-2.compute.internal
[2024-06-15T02:52:52.289+0000] {taskinstance.py:2648} INFO - Exporting env vars: AIRFLOW_CTX_DAG_EMAIL='myemail@domain.com' AIRFLOW_CTX_DAG_OWNER='airflow' AIRFLOW_CTX_DAG_ID='zillow_analytics_dag' AIRFLOW_CTX_TASK_ID='tsk_transfer_s3_to_redshift' AIRFLOW_CTX_EXECUTION_DATE='2024-06-15T02:52:29.886346+00:00' AIRFLOW_CTX_TRY_NUMBER='1' AIRFLOW_CTX_DAG_RUN_ID='manual__2024-06-15T02:52:29.886346+00:00'
[2024-06-15T02:52:52.290+0000] {taskinstance.py:430} INFO - ::endgroup::
[2024-06-15T02:52:52.307+0000] {base.py:84} INFO - Using connection ID 'aws_s3_conn' for task execution.
[2024-06-15T02:52:52.310+0000] {base.py:84} INFO - Using connection ID 'aws_s3_conn' for task execution.
[2024-06-15T02:52:52.310+0000] {connection_wrapper.py:384} INFO - AWS Connection (conn_id='aws_s3_conn', conn_type='aws') credentials retrieved from login and password.
[2024-06-15T02:52:52.323+0000] {s3_to_redshift.py:193} INFO - Executing COPY command...
[2024-06-15T02:52:52.326+0000] {base.py:84} INFO - Using connection ID 'conn_id_redshift' for task execution.
[2024-06-15T02:52:53.056+0000] {sql.py:487} INFO - Running statement: 
                    COPY PUBLIC.zillowdata 
                    FROM 's3://cleaned-data-zone-csv-bucket-ng/response_data_15062024025231.csv'
                    credentials
                    'aws_access_key_id=AKIAXYKJTYZ7OITTWZTT;aws_secret_access_key=***'
                    
                    csv IGNOREHEADER 1;
        , parameters: None
[2024-06-15T02:52:53.620+0000] {s3_to_redshift.py:198} INFO - COPY command complete...
[2024-06-15T02:52:53.620+0000] {taskinstance.py:441} INFO - ::group::Post task execution logs
[2024-06-15T02:52:53.627+0000] {taskinstance.py:1206} INFO - Marking task as SUCCESS. dag_id=zillow_analytics_dag, task_id=tsk_transfer_s3_to_redshift, run_id=manual__2024-06-15T02:52:29.886346+00:00, execution_date=20240615T025229, start_date=20240615T025252, end_date=20240615T025253
[2024-06-15T02:52:53.672+0000] {local_task_job_runner.py:240} INFO - Task exited with return code 0
[2024-06-15T02:52:53.684+0000] {taskinstance.py:3498} INFO - 0 downstream tasks scheduled from follow-on schedule check
[2024-06-15T02:52:53.684+0000] {local_task_job_runner.py:222} INFO - ::endgroup::
