[2024-06-14T20:05:01.056+0000] {local_task_job_runner.py:120} INFO - ::group::Pre task execution logs
[2024-06-14T20:05:01.071+0000] {taskinstance.py:2076} INFO - Dependencies all met for dep_context=non-requeueable deps ti=<TaskInstance: zillow_analytics_dag.tsk_transfer_s3_to_redshift manual__2024-06-14T20:04:12.451099+00:00 [queued]>
[2024-06-14T20:05:01.079+0000] {taskinstance.py:2076} INFO - Dependencies all met for dep_context=requeueable deps ti=<TaskInstance: zillow_analytics_dag.tsk_transfer_s3_to_redshift manual__2024-06-14T20:04:12.451099+00:00 [queued]>
[2024-06-14T20:05:01.079+0000] {taskinstance.py:2306} INFO - Starting attempt 3 of 3
[2024-06-14T20:05:01.095+0000] {taskinstance.py:2330} INFO - Executing <Task(S3ToRedshiftOperator): tsk_transfer_s3_to_redshift> on 2024-06-14 20:04:12.451099+00:00
[2024-06-14T20:05:01.100+0000] {standard_task_runner.py:63} INFO - Started process 171276 to run task
[2024-06-14T20:05:01.106+0000] {standard_task_runner.py:90} INFO - Running: ['airflow', 'tasks', 'run', 'zillow_analytics_dag', 'tsk_transfer_s3_to_redshift', 'manual__2024-06-14T20:04:12.451099+00:00', '--job-id', '192', '--raw', '--subdir', 'DAGS_FOLDER/zillowanalytics.py', '--cfg-path', '/tmp/tmp0d3m1kyk']
[2024-06-14T20:05:01.107+0000] {standard_task_runner.py:91} INFO - Job 192: Subtask tsk_transfer_s3_to_redshift
[2024-06-14T20:05:01.148+0000] {task_command.py:426} INFO - Running <TaskInstance: zillow_analytics_dag.tsk_transfer_s3_to_redshift manual__2024-06-14T20:04:12.451099+00:00 [running]> on host ip-172-31-25-20.us-east-2.compute.internal
[2024-06-14T20:05:01.223+0000] {taskinstance.py:2648} INFO - Exporting env vars: AIRFLOW_CTX_DAG_EMAIL='myemail@domain.com' AIRFLOW_CTX_DAG_OWNER='airflow' AIRFLOW_CTX_DAG_ID='zillow_analytics_dag' AIRFLOW_CTX_TASK_ID='tsk_transfer_s3_to_redshift' AIRFLOW_CTX_EXECUTION_DATE='2024-06-14T20:04:12.451099+00:00' AIRFLOW_CTX_TRY_NUMBER='3' AIRFLOW_CTX_DAG_RUN_ID='manual__2024-06-14T20:04:12.451099+00:00'
[2024-06-14T20:05:01.224+0000] {taskinstance.py:430} INFO - ::endgroup::
[2024-06-14T20:05:01.242+0000] {taskinstance.py:441} INFO - ::group::Post task execution logs
[2024-06-14T20:05:01.248+0000] {taskinstance.py:2905} ERROR - Task failed with exception
Traceback (most recent call last):
  File "/home/ubuntu/endtoend_venv/lib/python3.12/site-packages/airflow/models/taskinstance.py", line 465, in _execute_task
    result = _execute_callable(context=context, **execute_callable_kwargs)
             ^^^^^^^^^^^^^^^^^^^^^^^^^^^^^^^^^^^^^^^^^^^^^^^^^^^^^^^^^^^^^
  File "/home/ubuntu/endtoend_venv/lib/python3.12/site-packages/airflow/models/taskinstance.py", line 432, in _execute_callable
    return execute_callable(context=context, **execute_callable_kwargs)
           ^^^^^^^^^^^^^^^^^^^^^^^^^^^^^^^^^^^^^^^^^^^^^^^^^^^^^^^^^^^^
  File "/home/ubuntu/endtoend_venv/lib/python3.12/site-packages/airflow/models/baseoperator.py", line 400, in wrapper
    return func(self, *args, **kwargs)
           ^^^^^^^^^^^^^^^^^^^^^^^^^^^
  File "/home/ubuntu/endtoend_venv/lib/python3.12/site-packages/airflow/providers/amazon/aws/transfers/s3_to_redshift.py", line 145, in execute
    conn = S3Hook.get_connection(conn_id=self.aws_conn_id) if self.aws_conn_id else None
           ^^^^^^^^^^^^^^^^^^^^^^^^^^^^^^^^^^^^^^^^^^^^^^^
  File "/home/ubuntu/endtoend_venv/lib/python3.12/site-packages/airflow/hooks/base.py", line 83, in get_connection
    conn = Connection.get_connection_from_secrets(conn_id)
           ^^^^^^^^^^^^^^^^^^^^^^^^^^^^^^^^^^^^^^^^^^^^^^^
  File "/home/ubuntu/endtoend_venv/lib/python3.12/site-packages/airflow/models/connection.py", line 519, in get_connection_from_secrets
    raise AirflowNotFoundException(f"The conn_id `{conn_id}` isn't defined")
airflow.exceptions.AirflowNotFoundException: The conn_id `aws+s3_conn` isn't defined
[2024-06-14T20:05:01.252+0000] {taskinstance.py:1206} INFO - Marking task as FAILED. dag_id=zillow_analytics_dag, task_id=tsk_transfer_s3_to_redshift, run_id=manual__2024-06-14T20:04:12.451099+00:00, execution_date=20240614T200412, start_date=20240614T200501, end_date=20240614T200501
[2024-06-14T20:05:01.264+0000] {standard_task_runner.py:110} ERROR - Failed to execute job 192 for task tsk_transfer_s3_to_redshift (The conn_id `aws+s3_conn` isn't defined; 171276)
[2024-06-14T20:05:01.277+0000] {local_task_job_runner.py:240} INFO - Task exited with return code 1
[2024-06-14T20:05:01.289+0000] {taskinstance.py:3498} INFO - 0 downstream tasks scheduled from follow-on schedule check
[2024-06-14T20:05:01.290+0000] {local_task_job_runner.py:222} INFO - ::endgroup::
